seed AstorRun 2 
export PATH="/home/mmartinez/defects4j/framework/bin:$PATH";export JAVA_TOOL_OPTIONS=-Dfile.encoding=UTF8;export PATH="/usr/lib/jvm/java-1.7.0-openjdk-amd64/bin/:$PATH";cd /home/mmartinez/projects/math/math_95;defects4j compile;cp -r /home/mmartinez/projects/math/math_95 /tmp/math_95_Genprog_local_s1;cd /tmp/math_95_Genprog_local_s1;mkdir lib/;cp -r /home/mmartinez/defects4j/framework/projects/lib/* lib/;cp -r /home/mmartinez/defects4j/framework/projects/Math/lib/* lib/;find . -type f -name "package-info.java" -delete;
/home/mmartinez/defects4j-repair/src/python/core/../../../results/2016-june/Math/seed/2/package/95/Genprog/result
cd /tmp/math_95_Genprog_local_s1;export JAVA_TOOL_OPTIONS=-Dfile.encoding=UTF8;TZ="America/New_York"; export TZexport PATH="/usr/lib/jvm/java-1.7.0-openjdk-amd64/bin/:$PATH";time /home/mmartinez/jdk1.8.0_45/bin//java -Xmx4096m -cp /home/mmartinez/defects4j-repair/src/python/core/../../..//libs/astor.jar fr.inria.main.evolution.MainjGenProg -mode statement -location . -id Math -dependencies lib/ -failing org.apache.commons.math.distribution.FDistributionTest: -package org.apache.commons -jvm4testexecution /usr/lib/jvm/java-1.7.0-openjdk-amd64/bin/ -jvm4evosuitetestexecution /home/mmartinez/jdk1.8.0_45/bin/ -javacompliancelevel 6 -maxgen 1000000 -seed 2 -scope package -maxtime 120  -stopfirst false -population 1 -srcjavafolder src/java/ -srctestfolder src/test/ -binjavafolder target/classes/ -bintestfolder target/test-classes/ -flthreshold 0.1  -validation  fr.inria.astor.core.validation.validators.RegressionValidation  -ESParameters -Dassertion_timeout=1800:-Dminimization_timeout=1800:-Djunit_check_timeout=1800:-Dwrite_junit_timeout=300:-Dinitialization_timeout=300:-Dglobal_timeout=18000:-Dsearch_budget=100000:-Dstopping_condition=MaxStatements:-Dno_runtime_dependency=true:-Dsandbox=false:-Dp_reflection_on_private=0.0:-Dreflection_start_percent=1.0:-Dp_functional_mocking=0.0:-Dfunctional_mocking_percent=1.0:-mem=2000 -ignoredtestcases org.apache.commons.lang.LocaleUtilsTest  -excludeRegression  -maxgen 100000000 ;echo "

Node: `hostname`
";echo "
Date: `date`
"; find /tmp/math_95_Genprog_local_s1/outputMutation -name "*.class" -type f -delete;echo "removed classes 
"; find . -name bin  -type d -print0|xargs -0 rm -r --; zip -r -q out.zip /tmp/math_95_Genprog_local_s1/outputMutation; echo "zipped 
";cp out.zip /home/mmartinez/defects4j-repair/src/python/core/../../../results/2016-june/Math/seed/2/package/95/Genprog; echo "copied zip 
";rm -rf /tmp/math_95_Genprog_local_s1;

[DEBUG] fr.inria.astor.core.loop.AstorCoreEngine.showResults(AstorCoreEngine.java:136) - End Repair Loops: Found solution
[DEBUG] fr.inria.astor.core.loop.AstorCoreEngine.showResults(AstorCoreEngine.java:137) - Solution stored at: /tmp/math_95_Genprog_local_s1/./outputMutation/AstorMain-Math//src/
[DEBUG] fr.inria.astor.core.loop.AstorCoreEngine.showResults(AstorCoreEngine.java:142) - 
Number solutions:11
[DEBUG] fr.inria.astor.core.loop.AstorCoreEngine.showResults(AstorCoreEngine.java:144) - f (sol): 2.0, [Variant id: 22 (SOL) , #gens: 31, #ops: 1, parent:21]
[DEBUG] fr.inria.astor.core.loop.AstorCoreEngine.showResults(AstorCoreEngine.java:144) - f (sol): 2.0, [Variant id: 264 (SOL) , #gens: 30, #ops: 1, parent:263]
[DEBUG] fr.inria.astor.core.loop.AstorCoreEngine.showResults(AstorCoreEngine.java:144) - f (sol): 3.0, [Variant id: 364 (SOL) , #gens: 30, #ops: 1, parent:363]
[DEBUG] fr.inria.astor.core.loop.AstorCoreEngine.showResults(AstorCoreEngine.java:144) - f (sol): 2.0, [Variant id: 838 (SOL) , #gens: 30, #ops: 1, parent:837]
[DEBUG] fr.inria.astor.core.loop.AstorCoreEngine.showResults(AstorCoreEngine.java:144) - f (sol): 3.0, [Variant id: 980 (SOL) , #gens: 31, #ops: 1, parent:979]
[DEBUG] fr.inria.astor.core.loop.AstorCoreEngine.showResults(AstorCoreEngine.java:144) - f (sol): 3.0, [Variant id: 1572 (SOL) , #gens: 31, #ops: 1, parent:1571]
[DEBUG] fr.inria.astor.core.loop.AstorCoreEngine.showResults(AstorCoreEngine.java:144) - f (sol): 2.0, [Variant id: 1740 (SOL) , #gens: 30, #ops: 1, parent:1739]
[DEBUG] fr.inria.astor.core.loop.AstorCoreEngine.showResults(AstorCoreEngine.java:144) - f (sol): 3.0, [Variant id: 1994 (SOL) , #gens: 30, #ops: 1, parent:1993]
[DEBUG] fr.inria.astor.core.loop.AstorCoreEngine.showResults(AstorCoreEngine.java:144) - f (sol): 2.0, [Variant id: 2062 (SOL) , #gens: 30, #ops: 1, parent:2061]
[DEBUG] fr.inria.astor.core.loop.AstorCoreEngine.showResults(AstorCoreEngine.java:144) - f (sol): 2.0, [Variant id: 2602 (SOL) , #gens: 30, #ops: 1, parent:2601]
[DEBUG] fr.inria.astor.core.loop.AstorCoreEngine.showResults(AstorCoreEngine.java:144) - f (sol): 2.0, [Variant id: 2954 (SOL) , #gens: 31, #ops: 1, parent:2953]
[DEBUG] fr.inria.astor.core.loop.AstorCoreEngine.showResults(AstorCoreEngine.java:146) - 
All variants:
[DEBUG] fr.inria.astor.core.loop.AstorCoreEngine.showResults(AstorCoreEngine.java:148) - f 1.0, [Variant id: 5019, #gens: 30, #ops: 0, parent:-]
[INFO ] fr.inria.astor.core.loop.AstorCoreEngine.showResults(AstorCoreEngine.java:152) - 
Solution details
[INFO ] fr.inria.astor.core.loop.AstorCoreEngine.showResults(AstorCoreEngine.java:153) - 
 --SOLUTIONS DESCRIPTION--

 ----
ProgramVariant 22
 
time(sec)= 146
operation: InsertBeforeOp
location= org.apache.commons.math.distribution.FDistributionImpl
line= 148
lineSuspiciousness= 0.258
original statement= return ret
fixed statement= ret = 0.0
generation= 11
ingredientScope= PACKAGE
validation=
failing: |true|0|9|[]|
manual_regression: |true|0|1298|[warning(junit.framework.TestSuite$1): Class org.apache.commons.math.ode.nonstiff.StepInterpolatorAbstractTest has no public constructor TestCase(String name) or TestCase()-]|
evo_regression: |false|2|19|[test03(org.apache.commons.math.distribution.FDistributionImpl_ESTest): Expecting exception: Exception-, test02(org.apache.commons.math.distribution.FDistributionImpl_ESTest): expected:<1.0010710452273412> but was:<0.0>-]|
 ----
ProgramVariant 264
 
time(sec)= 530
operation: ReplaceOp
location= org.apache.commons.math.distribution.FDistributionImpl
line= 147
lineSuspiciousness= 0.258
original statement= ret = d / (d - 2.0)
fixed statement= ret = 0.0
generation= 132
ingredientScope= PACKAGE
validation=
failing: |true|0|9|[]|
manual_regression: |true|0|1298|[warning(junit.framework.TestSuite$1): Class org.apache.commons.math.ode.nonstiff.StepInterpolatorAbstractTest has no public constructor TestCase(String name) or TestCase()-]|
evo_regression: |false|2|19|[test03(org.apache.commons.math.distribution.FDistributionImpl_ESTest): Expecting exception: Exception-, test02(org.apache.commons.math.distribution.FDistributionImpl_ESTest): expected:<1.0010710452273412> but was:<0.0>-]|
 ----
ProgramVariant 364
 
time(sec)= 643
operation: ReplaceOp
location= org.apache.commons.math.distribution.FDistributionImpl
line= 148
lineSuspiciousness= 0.258
original statement= return ret
fixed statement= return p
generation= 182
ingredientScope= PACKAGE
validation=
failing: |true|0|9|[]|
manual_regression: |true|0|1298|[warning(junit.framework.TestSuite$1): Class org.apache.commons.math.ode.nonstiff.StepInterpolatorAbstractTest has no public constructor TestCase(String name) or TestCase()-]|
evo_regression: |false|3|19|[test03(org.apache.commons.math.distribution.FDistributionImpl_ESTest): Expecting exception: Exception-, test02(org.apache.commons.math.distribution.FDistributionImpl_ESTest): expected:<1.0010710452273412> but was:<0.0>-, test15(org.apache.commons.math.distribution.FDistributionImpl_ESTest): expected:<-5.000000000000025E-15> but was:<1.7976931348623157E308>-]|
 ----
ProgramVariant 838
 
time(sec)= 1445
operation: ReplaceOp
location= org.apache.commons.math.distribution.FDistributionImpl
line= 148
lineSuspiciousness= 0.258
original statement= return ret
fixed statement= return numeratorDegreesOfFreedom
generation= 419
ingredientScope= LOCAL
validation=
failing: |true|0|9|[]|
manual_regression: |true|0|1298|[warning(junit.framework.TestSuite$1): Class org.apache.commons.math.ode.nonstiff.StepInterpolatorAbstractTest has no public constructor TestCase(String name) or TestCase()-]|
evo_regression: |false|2|19|[test03(org.apache.commons.math.distribution.FDistributionImpl_ESTest): Expecting exception: Exception-, test02(org.apache.commons.math.distribution.FDistributionImpl_ESTest): expected:<1.0010710452273412> but was:<1869.33477629573>-]|
 ----
ProgramVariant 980
 
time(sec)= 1783
operation: InsertBeforeOp
location= org.apache.commons.math.distribution.FDistributionImpl
line= 148
lineSuspiciousness= 0.258
original statement= return ret
fixed statement= ret = 0.5
generation= 490
ingredientScope= PACKAGE
validation=
failing: |true|0|9|[]|
manual_regression: |true|0|1298|[warning(junit.framework.TestSuite$1): Class org.apache.commons.math.ode.nonstiff.StepInterpolatorAbstractTest has no public constructor TestCase(String name) or TestCase()-]|
evo_regression: |false|3|19|[test03(org.apache.commons.math.distribution.FDistributionImpl_ESTest): Expecting exception: Exception-, test02(org.apache.commons.math.distribution.FDistributionImpl_ESTest): expected:<1.0010710452273412> but was:<0.5>-, test15(org.apache.commons.math.distribution.FDistributionImpl_ESTest): expected:<-5.000000000000025E-15> but was:<0.5>-]|
 ----
ProgramVariant 1572
 
time(sec)= 2496
operation: InsertAfterOp
location= org.apache.commons.math.distribution.FDistributionImpl
line= 147
lineSuspiciousness= 0.258
original statement= ret = d / (d - 2.0)
fixed statement= ret = 0.5
generation= 786
ingredientScope= PACKAGE
validation=
failing: |true|0|9|[]|
manual_regression: |true|0|1298|[warning(junit.framework.TestSuite$1): Class org.apache.commons.math.ode.nonstiff.StepInterpolatorAbstractTest has no public constructor TestCase(String name) or TestCase()-]|
evo_regression: |false|3|19|[test03(org.apache.commons.math.distribution.FDistributionImpl_ESTest): Expecting exception: Exception-, test02(org.apache.commons.math.distribution.FDistributionImpl_ESTest): expected:<1.0010710452273412> but was:<0.5>-, test15(org.apache.commons.math.distribution.FDistributionImpl_ESTest): expected:<-5.000000000000025E-15> but was:<0.5>-]|
 ----
ProgramVariant 1740
 
time(sec)= 2841
operation: ReplaceOp
location= org.apache.commons.math.distribution.FDistributionImpl
line= 148
lineSuspiciousness= 0.258
original statement= return ret
fixed statement= return 1
generation= 870
ingredientScope= PACKAGE
validation=
failing: |true|0|9|[]|
manual_regression: |true|0|1298|[warning(junit.framework.TestSuite$1): Class org.apache.commons.math.ode.nonstiff.StepInterpolatorAbstractTest has no public constructor TestCase(String name) or TestCase()-]|
evo_regression: |false|2|19|[test03(org.apache.commons.math.distribution.FDistributionImpl_ESTest): Expecting exception: Exception-, test15(org.apache.commons.math.distribution.FDistributionImpl_ESTest): expected:<-5.000000000000025E-15> but was:<1.0>-]|
 ----
ProgramVariant 1994
 
time(sec)= 3458
operation: ReplaceOp
location= org.apache.commons.math.distribution.FDistributionImpl
line= 147
lineSuspiciousness= 0.258
original statement= ret = d / (d - 2.0)
fixed statement= ret = 0.5
generation= 997
ingredientScope= PACKAGE
validation=
failing: |true|0|9|[]|
manual_regression: |true|0|1298|[warning(junit.framework.TestSuite$1): Class org.apache.commons.math.ode.nonstiff.StepInterpolatorAbstractTest has no public constructor TestCase(String name) or TestCase()-]|
evo_regression: |false|3|19|[test03(org.apache.commons.math.distribution.FDistributionImpl_ESTest): Expecting exception: Exception-, test02(org.apache.commons.math.distribution.FDistributionImpl_ESTest): expected:<1.0010710452273412> but was:<0.5>-, test15(org.apache.commons.math.distribution.FDistributionImpl_ESTest): expected:<-5.000000000000025E-15> but was:<0.5>-]|
 ----
ProgramVariant 2062
 
time(sec)= 3547
operation: ReplaceOp
location= org.apache.commons.math.distribution.FDistributionImpl
line= 148
lineSuspiciousness= 0.258
original statement= return ret
fixed statement= return 0
generation= 1031
ingredientScope= PACKAGE
validation=
failing: |true|0|9|[]|
manual_regression: |true|0|1298|[warning(junit.framework.TestSuite$1): Class org.apache.commons.math.ode.nonstiff.StepInterpolatorAbstractTest has no public constructor TestCase(String name) or TestCase()-]|
evo_regression: |false|2|19|[test03(org.apache.commons.math.distribution.FDistributionImpl_ESTest): Expecting exception: Exception-, test02(org.apache.commons.math.distribution.FDistributionImpl_ESTest): expected:<1.0010710452273412> but was:<0.0>-]|
 ----
ProgramVariant 2602
 
time(sec)= 4462
operation: ReplaceOp
location= org.apache.commons.math.distribution.FDistributionImpl
line= 147
lineSuspiciousness= 0.258
original statement= ret = d / (d - 2.0)
fixed statement= ret = 1.0
generation= 1301
ingredientScope= PACKAGE
validation=
failing: |true|0|9|[]|
manual_regression: |true|0|1298|[warning(junit.framework.TestSuite$1): Class org.apache.commons.math.ode.nonstiff.StepInterpolatorAbstractTest has no public constructor TestCase(String name) or TestCase()-]|
evo_regression: |false|2|19|[test03(org.apache.commons.math.distribution.FDistributionImpl_ESTest): Expecting exception: Exception-, test15(org.apache.commons.math.distribution.FDistributionImpl_ESTest): expected:<-5.000000000000025E-15> but was:<1.0>-]|
 ----
ProgramVariant 2954
 
time(sec)= 4750
operation: InsertBeforeOp
location= org.apache.commons.math.distribution.FDistributionImpl
line= 148
lineSuspiciousness= 0.258
original statement= return ret
fixed statement= ret = 1.0
generation= 1477
ingredientScope= PACKAGE
validation=
failing: |true|0|9|[]|
manual_regression: |true|0|1298|[warning(junit.framework.TestSuite$1): Class org.apache.commons.math.ode.nonstiff.StepInterpolatorAbstractTest has no public constructor TestCase(String name) or TestCase()-]|
evo_regression: |false|2|19|[test03(org.apache.commons.math.distribution.FDistributionImpl_ESTest): Expecting exception: Exception-, test15(org.apache.commons.math.distribution.FDistributionImpl_ESTest): expected:<-5.000000000000025E-15> but was:<1.0>-]|
[INFO ] fr.inria.main.evolution.AstorMain.run(AstorMain.java:397) - Time Total(s): 7328.503


Node: graphene-103.nancy.grid5000.fr


Date: Wed Jan 18 01:42:25 CET 2017

removed classes 

zipped 

copied zip 


