seed AstorRun 4 
export PATH="/home/mmartinez/defects4j/framework/bin:$PATH";export JAVA_TOOL_OPTIONS=-Dfile.encoding=UTF8;export PATH="/usr/lib/jvm/java-1.7.0-openjdk-amd64/bin/:$PATH";cd /home/mmartinez/projects/time/time_22;defects4j compile;cp -r /home/mmartinez/projects/time/time_22 /tmp/time_22_Genprog_local_s1;cd /tmp/time_22_Genprog_local_s1;mkdir lib/;cp -r /home/mmartinez/defects4j/framework/projects/lib/* lib/;cp -r /home/mmartinez/defects4j/framework/projects/Time/lib/* lib/;find . -type f -name "package-info.java" -delete;
/home/mmartinez/defects4j-repair/src/python/core/../../../results/2016-june/Time/seed/4/package/22/Genprog/result
cd /tmp/time_22_Genprog_local_s1;export JAVA_TOOL_OPTIONS=-Dfile.encoding=UTF8;TZ="America/New_York"; export TZexport PATH="/usr/lib/jvm/java-1.7.0-openjdk-amd64/bin/:$PATH";time /home/mmartinez/jdk1.8.0_45/bin//java -Xmx4096m -cp /home/mmartinez/defects4j-repair/src/python/core/../../..//libs/astor.jar fr.inria.main.evolution.MainjGenProg -mode statement -location . -id Time -dependencies lib/ -failing org.joda.time.TestDuration_Basics:org.joda.time.TestPeriod_Constructors: -package org.joda -jvm4testexecution /usr/lib/jvm/java-1.7.0-openjdk-amd64/bin/ -jvm4evosuitetestexecution /home/mmartinez/jdk1.8.0_45/bin/ -javacompliancelevel 5 -maxgen 1000000 -seed 4 -scope package -maxtime 120  -stopfirst false -population 1 -srcjavafolder src/main/java/ -srctestfolder src/test/java/ -binjavafolder build/classes/ -bintestfolder build/tests/ -flthreshold 0.1  -validation  fr.inria.astor.core.validation.validators.RegressionValidation  -ESParameters -Dassertion_timeout=1800:-Dminimization_timeout=1800:-Djunit_check_timeout=1800:-Dwrite_junit_timeout=300:-Dinitialization_timeout=300:-Dglobal_timeout=18000:-Dsearch_budget=100000:-Dstopping_condition=MaxStatements:-Dno_runtime_dependency=true:-Dsandbox=false:-Dp_reflection_on_private=0.0:-Dreflection_start_percent=1.0:-Dp_functional_mocking=0.0:-Dfunctional_mocking_percent=1.0:-mem=2000 -ignoredtestcases org.apache.commons.lang.LocaleUtilsTest  -excludeRegression  -maxgen 100000000 ;echo "

Node: `hostname`
";echo "
Date: `date`
"; find /tmp/time_22_Genprog_local_s1/outputMutation -name "*.class" -type f -delete;echo "removed classes 
"; find . -name bin  -type d -print0|xargs -0 rm -r --; zip -r -q out.zip /tmp/time_22_Genprog_local_s1/outputMutation; echo "zipped 
";cp out.zip /home/mmartinez/defects4j-repair/src/python/core/../../../results/2016-june/Time/seed/4/package/22/Genprog; echo "copied zip 
";rm -rf /tmp/time_22_Genprog_local_s1;

[DEBUG] fr.inria.astor.core.loop.AstorCoreEngine.showResults(AstorCoreEngine.java:136) - End Repair Loops: Found solution
[DEBUG] fr.inria.astor.core.loop.AstorCoreEngine.showResults(AstorCoreEngine.java:137) - Solution stored at: /tmp/time_22_Genprog_local_s1/./outputMutation/AstorMain-Time//src/
[DEBUG] fr.inria.astor.core.loop.AstorCoreEngine.showResults(AstorCoreEngine.java:142) - 
Number solutions:1
[DEBUG] fr.inria.astor.core.loop.AstorCoreEngine.showResults(AstorCoreEngine.java:144) - f (sol): 53.0, [Variant id: 2708 (SOL) , #gens: 199, #ops: 1, parent:2707]
[DEBUG] fr.inria.astor.core.loop.AstorCoreEngine.showResults(AstorCoreEngine.java:146) - 
All variants:
[DEBUG] fr.inria.astor.core.loop.AstorCoreEngine.showResults(AstorCoreEngine.java:148) - f 2.0, [Variant id: 5089, #gens: 198, #ops: 0, parent:-]
[INFO ] fr.inria.astor.core.loop.AstorCoreEngine.showResults(AstorCoreEngine.java:152) - 
Solution details
[INFO ] fr.inria.astor.core.loop.AstorCoreEngine.showResults(AstorCoreEngine.java:153) - 
 --SOLUTIONS DESCRIPTION--

 ----
ProgramVariant 2708
 
time(sec)= 3988
operation: InsertAfterOp
location= org.joda.time.DateTimeZone
line= 266
lineSuspiciousness= 0.177
original statement= minutesOffset = org.joda.time.field.FieldUtils.safeAdd(hoursInMinutes, minutesOffset)
fixed statement= return org.joda.time.DateTimeZone.getDefault()
generation= 1354
ingredientScope= PACKAGE
validation=
failing: |true|0|145|[]|
manual_regression: |false|47|11489|[testParse_noFormatter(org.joda.time.TestDateTime_Constructors): expected:<2010-06-30T01:20:00.000+01:00> but was:<2010-06-30T01:20:00.000+02:00>-, testParse_noFormatter(org.joda.time.TestMutableDateTime_Constructors): expected:<2010-06-30T01:20:00.000+01:00> but was:<2010-06-30T01:20:00.000+02:00>-, testForOffsetHours_int(org.joda.time.TestDateTimeZone): expected:<+03:00> but was:<Etc/UTC>-, testForOffsetHoursMinutes_int_int(org.joda.time.TestDateTimeZone): expected:<+03:15> but was:<Etc/UTC>-, testWithMinuteOfHourInDstChange_mockZone(org.joda.time.TestDateTimeZoneCutover): expected:<...0-10-31T01:15:00.000+00:30> but was:<...0-10-31T01:15:00.000Z>-, testParse_noFormatter(org.joda.time.TestDateTime_Constructors): expected:<2010-06-30T01:20:00.000+01:00> but was:<2010-06-30T01:20:00.000+02:00>-, testParse_noFormatter(org.joda.time.TestMutableDateTime_Constructors): expected:<2010-06-30T01:20:00.000+01:00> but was:<2010-06-30T01:20:00.000+02:00>-, testForOffsetHours_int(org.joda.time.TestDateTimeZone): expected:<+03:00> but was:<Etc/UTC>-, testForOffsetHoursMinutes_int_int(org.joda.time.TestDateTimeZone): expected:<+03:15> but was:<Etc/UTC>-, testWithMinuteOfHourInDstChange_mockZone(org.joda.time.TestDateTimeZoneCutover): expected:<...0-10-31T01:15:00.000+00:30> but was:<...0-10-31T01:15:00.000Z>-, testDurationFields(org.joda.time.chrono.TestISOChronology): expected:<true> but was:<false>-, ...and 38 failures more, testSetInto_Object(org.joda.time.convert.TestReadableDurationConverter): expected:<0> but was:<3>-, ...and 38 failures more, testGetInstantMillis_Object(org.joda.time.convert.TestStringConverter): expected:<1086783888501> but was:<1086755088501>-, ...and 38 failures more, testSetIntoInterval_Object_Chronology4(org.joda.time.convert.TestStringConverter): expected:<2004-06-09T01:00:00.000+01:00> but was:<2004-06-08T19:00:00.000+01:00>-, ...and 38 failures more, testSetIntoInterval_Object_Chronology5(org.joda.time.convert.TestStringConverter): expected:<2003-04-09T01:00:00.000+01:00> but was:<2003-04-08T19:00:00.000+01:00>-, ...and 38 failures more, testSetIntoInterval_Object_Chronology6(org.joda.time.convert.TestStringConverter): expected:<2003-08-09T01:00:00.000+01:00> but was:<2003-08-08T19:00:00.000+01:00>-, ...and 38 failures more, testSetIntoInterval_Object_Chronology8(org.joda.time.convert.TestStringConverter): expected:<2003-08-09T00:00:00.000Z> but was:<2003-08-08T18:00:00.000Z>-, ...and 38 failures more, test_Amman_2003(org.joda.time.tz.TestCompiler): expected:<1048802400000> but was:<1048809600000>-, ...and 38 failures more, test_Amman_2004(org.joda.time.tz.TestCompiler): expected:<1080252000000> but was:<1080259200000>-, ...and 38 failures more, test_Amman_2005(org.joda.time.tz.TestCompiler): expected:<1112306400000> but was:<1112313600000>-, ...and 38 failures more, test_Amman_2006(org.joda.time.tz.TestCompiler): expected:<1143756000000> but was:<1143763200000>-, ...and 38 failures more, testForOffsetHours_int(org.joda.time.TestDateTimeZone): expected:<+03:00> but was:<Etc/UTC>-, ...and 38 failures more, testForOffsetHoursMinutes_int_int(org.joda.time.TestDateTimeZone): expected:<+03:15> but was:<Etc/UTC>-, ...and 38 failures more, testWithMinuteOfHourInDstChange_mockZone(org.joda.time.TestDateTimeZoneCutover): expected:<...0-10-31T01:15:00.000+00:30> but was:<...0-10-31T01:15:00.000Z>-, ...and 38 failures more, testParse_noFormatter(org.joda.time.TestDateTime_Constructors): expected:<2010-06-30T01:20:00.000+01:00> but was:<2010-06-30T01:20:00.000+02:00>-, ...and 38 failures more, testParse_noFormatter(org.joda.time.TestMutableDateTime_Constructors): expected:<2010-06-30T01:20:00.000+01:00> but was:<2010-06-30T01:20:00.000+02:00>-, ...and 38 failures more, testDurationFields(org.joda.time.chrono.TestISOChronology): expected:<true> but was:<false>-, ...and 38 failures more, testDurationFields(org.joda.time.chrono.TestISOChronology): expected:<true> but was:<false>-, ...and 38 failures more, warning(junit.framework.TestSuite$1): Class org.joda.time.chrono.gj.MainTest has no public constructor TestCase(String name) or TestCase()-, ...and 38 failures more, testSetInto_Object(org.joda.time.convert.TestReadableDurationConverter): expected:<0> but was:<3>-, ...and 38 failures more, testGetInstantMillis_Object(org.joda.time.convert.TestStringConverter): expected:<1086783888501> but was:<1086755088501>-, ...and 38 failures more, testSetIntoInterval_Object_Chronology4(org.joda.time.convert.TestStringConverter): expected:<2004-06-09T01:00:00.000+01:00> but was:<2004-06-08T19:00:00.000+01:00>-, ...and 38 failures more, testSetIntoInterval_Object_Chronology5(org.joda.time.convert.TestStringConverter): expected:<2003-04-09T01:00:00.000+01:00> but was:<2003-04-08T19:00:00.000+01:00>-, ...and 38 failures more, testSetIntoInterval_Object_Chronology6(org.joda.time.convert.TestStringConverter): expected:<2003-08-09T01:00:00.000+01:00> but was:<2003-08-08T19:00:00.000+01:00>-, ...and 38 failures more, testSetIntoInterval_Object_Chronology8(org.joda.time.convert.TestStringConverter): expected:<2003-08-09T00:00:00.000Z> but was:<2003-08-08T18:00:00.000Z>-, ...and 38 failures more, testGetInstantMillis_Object(org.joda.time.convert.TestStringConverter): expected:<1086783888501> but was:<1086755088501>-, ...and 38 failures more, testSetIntoInterval_Object_Chronology4(org.joda.time.convert.TestStringConverter): expected:<2004-06-09T01:00:00.000+01:00> but was:<2004-06-08T19:00:00.000+01:00>-, ...and 38 failures more, testSetIntoInterval_Object_Chronology5(org.joda.time.convert.TestStringConverter): expected:<2003-04-09T01:00:00.000+01:00> but was:<2003-04-08T19:00:00.000+01:00>-, ...and 38 failures more, testSetIntoInterval_Object_Chronology6(org.joda.time.convert.TestStringConverter): expected:<2003-08-09T01:00:00.000+01:00> but was:<2003-08-08T19:00:00.000+01:00>-, ...and 38 failures more, testSetIntoInterval_Object_Chronology8(org.joda.time.convert.TestStringConverter): expected:<2003-08-09T00:00:00.000Z> but was:<2003-08-08T18:00:00.000Z>-, ...and 38 failures more, test_Amman_2003(org.joda.time.tz.TestCompiler): expected:<1048802400000> but was:<1048809600000>-, ...and 38 failures more, test_Amman_2004(org.joda.time.tz.TestCompiler): expected:<1080252000000> but was:<1080259200000>-, ...and 38 failures more, test_Amman_2005(org.joda.time.tz.TestCompiler): expected:<1112306400000> but was:<1112313600000>-, ...and 38 failures more, test_Amman_2006(org.joda.time.tz.TestCompiler): expected:<1143756000000> but was:<1143763200000>-, ...and 38 failures more, test_Amman_2003(org.joda.time.tz.TestCompiler): expected:<1048802400000> but was:<1048809600000>-, ...and 38 failures more, test_Amman_2004(org.joda.time.tz.TestCompiler): expected:<1080252000000> but was:<1080259200000>-, ...and 38 failures more, test_Amman_2005(org.joda.time.tz.TestCompiler): expected:<1112306400000> but was:<1112313600000>-, ...and 38 failures more, test_Amman_2006(org.joda.time.tz.TestCompiler): expected:<1143756000000> but was:<1143763200000>-, ...and 38 failures more]|
evo_regression: |false|6|101|[test019(org.joda.time.DateTimeZone_ESTest): expected:<+567:00> but was:<Etc/UTC>-, test014(org.joda.time.DateTimeZone_ESTest): expected:<+567:00> but was:<Etc/UTC>-, test050(org.joda.time.DateTimeZone_ESTest): expected:<+11:11> but was:<Coordinated Universal Time>-, test043(org.joda.time.DateTimeZone_ESTest): expected:<2041203047> but was:<3047>-, test008(org.joda.time.DateTimeZone_ESTest): expected:<+567:00> but was:<UTC>-, test005(org.joda.time.DateTimeZone_ESTest): expected:<+00:28> but was:<UTC>-]|
[INFO ] fr.inria.main.evolution.AstorMain.run(AstorMain.java:397) - Time Total(s): 7648.707


Node: graphene-104.nancy.grid5000.fr


Date: Wed Jan 11 01:10:03 CET 2017

removed classes 

zipped 

copied zip 


seed AstorRun 4 
export PATH="/home/mmartinez/defects4j/framework/bin:$PATH";export JAVA_TOOL_OPTIONS=-Dfile.encoding=UTF8;export PATH="/usr/lib/jvm/java-1.7.0-openjdk-amd64/bin/:$PATH";cd /home/mmartinez/projects/time/time_22;defects4j compile;cp -r /home/mmartinez/projects/time/time_22 /tmp/time_22_Genprog_local_s1;cd /tmp/time_22_Genprog_local_s1;mkdir lib/;cp -r /home/mmartinez/defects4j/framework/projects/lib/* lib/;cp -r /home/mmartinez/defects4j/framework/projects/Time/lib/* lib/;find . -type f -name "package-info.java" -delete;
/home/mmartinez/defects4j-repair/src/python/core/../../../results/2016-june/Time/seed/4/package/22/Genprog/result
cd /tmp/time_22_Genprog_local_s1;export JAVA_TOOL_OPTIONS=-Dfile.encoding=UTF8;TZ="America/New_York"; export TZexport PATH="/usr/lib/jvm/java-1.7.0-openjdk-amd64/bin/:$PATH";time /home/mmartinez/jdk1.8.0_45/bin//java -Xmx4096m -cp /home/mmartinez/defects4j-repair/src/python/core/../../..//libs/astor.jar fr.inria.main.evolution.MainjGenProg -mode statement -location . -id Time -dependencies lib/ -failing org.joda.time.TestDuration_Basics:org.joda.time.TestPeriod_Constructors: -package org.joda -jvm4testexecution /usr/lib/jvm/java-1.7.0-openjdk-amd64/bin/ -jvm4evosuitetestexecution /home/mmartinez/jdk1.8.0_45/bin/ -javacompliancelevel 5 -maxgen 1000000 -seed 4 -scope package -maxtime 120  -stopfirst false -population 1 -srcjavafolder src/main/java/ -srctestfolder src/test/java/ -binjavafolder build/classes/ -bintestfolder build/tests/ -flthreshold 0.1  -validation  fr.inria.astor.core.validation.validators.RegressionValidation  -ESParameters -Dassertion_timeout=1800:-Dminimization_timeout=1800:-Djunit_check_timeout=1800:-Dwrite_junit_timeout=300:-Dinitialization_timeout=300:-Dglobal_timeout=18000:-Dsearch_budget=100000:-Dstopping_condition=MaxStatements:-Dno_runtime_dependency=true:-Dsandbox=false:-Dp_reflection_on_private=0.0:-Dreflection_start_percent=1.0:-Dp_functional_mocking=0.0:-Dfunctional_mocking_percent=1.0:-mem=2000 -ignoredtestcases org.apache.commons.lang.LocaleUtilsTest  -excludeRegression  -maxgen 100000000 ;echo "

Node: `hostname`
";echo "
Date: `date`
"; find /tmp/time_22_Genprog_local_s1/outputMutation -name "*.class" -type f -delete;echo "removed classes 
"; find . -name bin  -type d -print0|xargs -0 rm -r --; zip -r -q out.zip /tmp/time_22_Genprog_local_s1/outputMutation; echo "zipped 
";cp out.zip /home/mmartinez/defects4j-repair/src/python/core/../../../results/2016-june/Time/seed/4/package/22/Genprog; echo "copied zip 
";rm -rf /tmp/time_22_Genprog_local_s1;

[DEBUG] fr.inria.astor.core.loop.AstorCoreEngine.showResults(AstorCoreEngine.java:136) - End Repair Loops: Found solution
[DEBUG] fr.inria.astor.core.loop.AstorCoreEngine.showResults(AstorCoreEngine.java:137) - Solution stored at: /tmp/time_22_Genprog_local_s1/./outputMutation/AstorMain-Time//src/
[DEBUG] fr.inria.astor.core.loop.AstorCoreEngine.showResults(AstorCoreEngine.java:142) - 
Number solutions:1
[DEBUG] fr.inria.astor.core.loop.AstorCoreEngine.showResults(AstorCoreEngine.java:144) - f (sol): 53.0, [Variant id: 2706 (SOL) , #gens: 199, #ops: 1, parent:2705]
[DEBUG] fr.inria.astor.core.loop.AstorCoreEngine.showResults(AstorCoreEngine.java:146) - 
All variants:
[DEBUG] fr.inria.astor.core.loop.AstorCoreEngine.showResults(AstorCoreEngine.java:148) - f 2.0, [Variant id: 5199, #gens: 198, #ops: 0, parent:-]
[INFO ] fr.inria.astor.core.loop.AstorCoreEngine.showResults(AstorCoreEngine.java:152) - 
Solution details
[INFO ] fr.inria.astor.core.loop.AstorCoreEngine.showResults(AstorCoreEngine.java:153) - 
 --SOLUTIONS DESCRIPTION--

 ----
ProgramVariant 2706
 
time(sec)= 3916
operation: InsertAfterOp
location= org.joda.time.DateTimeZone
line= 266
lineSuspiciousness= 0.177
original statement= minutesOffset = org.joda.time.field.FieldUtils.safeAdd(hoursInMinutes, minutesOffset)
fixed statement= return org.joda.time.DateTimeZone.getDefault()
generation= 1353
ingredientScope= PACKAGE
validation=
failing: |true|0|145|[]|
manual_regression: |false|48|11489|[testParse_noFormatter(org.joda.time.TestDateTime_Constructors): expected:<2010-06-30T01:20:00.000+01:00> but was:<2010-06-30T01:20:00.000+02:00>-, testParse_noFormatter(org.joda.time.TestMutableDateTime_Constructors): expected:<2010-06-30T01:20:00.000+01:00> but was:<2010-06-30T01:20:00.000+02:00>-, testForOffsetHours_int(org.joda.time.TestDateTimeZone): expected:<+03:00> but was:<Etc/UTC>-, testForOffsetHoursMinutes_int_int(org.joda.time.TestDateTimeZone): expected:<+03:15> but was:<Etc/UTC>-, testWithMinuteOfHourInDstChange_mockZone(org.joda.time.TestDateTimeZoneCutover): expected:<...0-10-31T01:15:00.000+00:30> but was:<...0-10-31T01:15:00.000Z>-, testParse_noFormatter(org.joda.time.TestDateTime_Constructors): expected:<2010-06-30T01:20:00.000+01:00> but was:<2010-06-30T01:20:00.000+02:00>-, testParse_noFormatter(org.joda.time.TestMutableDateTime_Constructors): expected:<2010-06-30T01:20:00.000+01:00> but was:<2010-06-30T01:20:00.000+02:00>-, testForOffsetHours_int(org.joda.time.TestDateTimeZone): expected:<+03:00> but was:<Etc/UTC>-, testForOffsetHoursMinutes_int_int(org.joda.time.TestDateTimeZone): expected:<+03:15> but was:<Etc/UTC>-, testWithMinuteOfHourInDstChange_mockZone(org.joda.time.TestDateTimeZoneCutover): expected:<...0-10-31T01:15:00.000+00:30> but was:<...0-10-31T01:15:00.000Z>-, testDurationFields(org.joda.time.chrono.TestISOChronology): expected:<true> but was:<false>-, ...and 39 failures more, testSetInto_Object(org.joda.time.convert.TestReadableDurationConverter): expected:<0> but was:<3>-, ...and 39 failures more, testGetInstantMillis_Object(org.joda.time.convert.TestStringConverter): expected:<1086783888501> but was:<1086755088501>-, ...and 39 failures more, testSetIntoInterval_Object_Chronology4(org.joda.time.convert.TestStringConverter): expected:<2004-06-09T01:00:00.000+01:00> but was:<2004-06-08T19:00:00.000+01:00>-, ...and 39 failures more, testSetIntoInterval_Object_Chronology5(org.joda.time.convert.TestStringConverter): expected:<2003-04-09T01:00:00.000+01:00> but was:<2003-04-08T19:00:00.000+01:00>-, ...and 39 failures more, testSetIntoInterval_Object_Chronology6(org.joda.time.convert.TestStringConverter): expected:<2003-08-09T01:00:00.000+01:00> but was:<2003-08-08T19:00:00.000+01:00>-, ...and 39 failures more, testSetIntoInterval_Object_Chronology8(org.joda.time.convert.TestStringConverter): expected:<2003-08-09T00:00:00.000Z> but was:<2003-08-08T18:00:00.000Z>-, ...and 39 failures more, test_Amman_2003(org.joda.time.tz.TestCompiler): expected:<1048802400000> but was:<1048809600000>-, ...and 39 failures more, test_Amman_2004(org.joda.time.tz.TestCompiler): expected:<1080252000000> but was:<1080259200000>-, ...and 39 failures more, test_Amman_2005(org.joda.time.tz.TestCompiler): expected:<1112306400000> but was:<1112313600000>-, ...and 39 failures more, test_Amman_2006(org.joda.time.tz.TestCompiler): expected:<1143756000000> but was:<1143763200000>-, ...and 39 failures more, testOffsetMillisToZero(org.joda.time.TestDateTimeUtils): expected:<1484093400172> but was:<1484093400173>-, ...and 39 failures more, testForOffsetHours_int(org.joda.time.TestDateTimeZone): expected:<+03:00> but was:<Etc/UTC>-, ...and 39 failures more, testForOffsetHoursMinutes_int_int(org.joda.time.TestDateTimeZone): expected:<+03:15> but was:<Etc/UTC>-, ...and 39 failures more, testWithMinuteOfHourInDstChange_mockZone(org.joda.time.TestDateTimeZoneCutover): expected:<...0-10-31T01:15:00.000+00:30> but was:<...0-10-31T01:15:00.000Z>-, ...and 39 failures more, testParse_noFormatter(org.joda.time.TestDateTime_Constructors): expected:<2010-06-30T01:20:00.000+01:00> but was:<2010-06-30T01:20:00.000+02:00>-, ...and 39 failures more, testParse_noFormatter(org.joda.time.TestMutableDateTime_Constructors): expected:<2010-06-30T01:20:00.000+01:00> but was:<2010-06-30T01:20:00.000+02:00>-, ...and 39 failures more, testDurationFields(org.joda.time.chrono.TestISOChronology): expected:<true> but was:<false>-, ...and 39 failures more, testDurationFields(org.joda.time.chrono.TestISOChronology): expected:<true> but was:<false>-, ...and 39 failures more, warning(junit.framework.TestSuite$1): Class org.joda.time.chrono.gj.MainTest has no public constructor TestCase(String name) or TestCase()-, ...and 39 failures more, testSetInto_Object(org.joda.time.convert.TestReadableDurationConverter): expected:<0> but was:<3>-, ...and 39 failures more, testGetInstantMillis_Object(org.joda.time.convert.TestStringConverter): expected:<1086783888501> but was:<1086755088501>-, ...and 39 failures more, testSetIntoInterval_Object_Chronology4(org.joda.time.convert.TestStringConverter): expected:<2004-06-09T01:00:00.000+01:00> but was:<2004-06-08T19:00:00.000+01:00>-, ...and 39 failures more, testSetIntoInterval_Object_Chronology5(org.joda.time.convert.TestStringConverter): expected:<2003-04-09T01:00:00.000+01:00> but was:<2003-04-08T19:00:00.000+01:00>-, ...and 39 failures more, testSetIntoInterval_Object_Chronology6(org.joda.time.convert.TestStringConverter): expected:<2003-08-09T01:00:00.000+01:00> but was:<2003-08-08T19:00:00.000+01:00>-, ...and 39 failures more, testSetIntoInterval_Object_Chronology8(org.joda.time.convert.TestStringConverter): expected:<2003-08-09T00:00:00.000Z> but was:<2003-08-08T18:00:00.000Z>-, ...and 39 failures more, testGetInstantMillis_Object(org.joda.time.convert.TestStringConverter): expected:<1086783888501> but was:<1086755088501>-, ...and 39 failures more, testSetIntoInterval_Object_Chronology4(org.joda.time.convert.TestStringConverter): expected:<2004-06-09T01:00:00.000+01:00> but was:<2004-06-08T19:00:00.000+01:00>-, ...and 39 failures more, testSetIntoInterval_Object_Chronology5(org.joda.time.convert.TestStringConverter): expected:<2003-04-09T01:00:00.000+01:00> but was:<2003-04-08T19:00:00.000+01:00>-, ...and 39 failures more, testSetIntoInterval_Object_Chronology6(org.joda.time.convert.TestStringConverter): expected:<2003-08-09T01:00:00.000+01:00> but was:<2003-08-08T19:00:00.000+01:00>-, ...and 39 failures more, testSetIntoInterval_Object_Chronology8(org.joda.time.convert.TestStringConverter): expected:<2003-08-09T00:00:00.000Z> but was:<2003-08-08T18:00:00.000Z>-, ...and 39 failures more, test_Amman_2003(org.joda.time.tz.TestCompiler): expected:<1048802400000> but was:<1048809600000>-, ...and 39 failures more, test_Amman_2004(org.joda.time.tz.TestCompiler): expected:<1080252000000> but was:<1080259200000>-, ...and 39 failures more, test_Amman_2005(org.joda.time.tz.TestCompiler): expected:<1112306400000> but was:<1112313600000>-, ...and 39 failures more, test_Amman_2006(org.joda.time.tz.TestCompiler): expected:<1143756000000> but was:<1143763200000>-, ...and 39 failures more, test_Amman_2003(org.joda.time.tz.TestCompiler): expected:<1048802400000> but was:<1048809600000>-, ...and 39 failures more, test_Amman_2004(org.joda.time.tz.TestCompiler): expected:<1080252000000> but was:<1080259200000>-, ...and 39 failures more, test_Amman_2005(org.joda.time.tz.TestCompiler): expected:<1112306400000> but was:<1112313600000>-, ...and 39 failures more, test_Amman_2006(org.joda.time.tz.TestCompiler): expected:<1143756000000> but was:<1143763200000>-, ...and 39 failures more]|
evo_regression: |false|5|81|[test16(org.joda.time.DateTimeZone_ESTest): expected:<+567:00> but was:<Etc/UTC>-, test08(org.joda.time.DateTimeZone_ESTest): expected:<+567:00> but was:<Etc/UTC>-, test06(org.joda.time.DateTimeZone_ESTest): expected:<+59:59> but was:<Etc/UTC>-, test70(org.joda.time.DateTimeZone_ESTest): Expecting exception: IllegalArgumentException-, test23(org.joda.time.DateTimeZone_ESTest): expected:<+22:22> but was:<Etc/UTC>-]|
[INFO ] fr.inria.main.evolution.AstorMain.run(AstorMain.java:397) - Time Total(s): 7644.07


Node: graphene-105.nancy.grid5000.fr


Date: Wed Jan 11 02:09:25 CET 2017

removed classes 

zipped 

copied zip 


