seed AstorRun 18 
export PATH="/home/mmartinez/defects4j/framework/bin:$PATH";export JAVA_TOOL_OPTIONS=-Dfile.encoding=UTF8;export PATH="/usr/lib/jvm/java-1.7.0-openjdk-amd64/bin/:$PATH";cd /home/mmartinez/projects/chart/chart_3;defects4j compile;cp -r /home/mmartinez/projects/chart/chart_3 /tmp/chart_3_Genprog_local_s1;cd /tmp/chart_3_Genprog_local_s1;mkdir lib/;cp -r /home/mmartinez/defects4j/framework/projects/lib/* lib/;cp -r /home/mmartinez/defects4j/framework/projects/Chart/lib/* lib/;find . -type f -name "package-info.java" -delete;
/home/mmartinez/defects4j-repair/src/python/core/../../../results/2016-june/Chart/seed/18/package/3/Genprog/result
cd /tmp/chart_3_Genprog_local_s1;export JAVA_TOOL_OPTIONS=-Dfile.encoding=UTF8;TZ="America/New_York"; export TZexport PATH="/usr/lib/jvm/java-1.7.0-openjdk-amd64/bin/:$PATH";time /home/mmartinez/jdk1.8.0_45/bin//java -Xmx4096m -cp /home/mmartinez/defects4j-repair/src/python/core/../../..//libs/astor.jar fr.inria.main.evolution.MainjGenProg -mode statement -location . -id Chart -dependencies lib/ -failing org.jfree.data.time.junit.TimeSeriesTests: -package org.jfree -jvm4testexecution /usr/lib/jvm/java-1.7.0-openjdk-amd64/bin/ -jvm4evosuitetestexecution /home/mmartinez/jdk1.8.0_45/bin/ -javacompliancelevel 4 -maxgen 1000000 -seed 18 -scope package -maxtime 120  -stopfirst false -population 1 -srcjavafolder source/ -srctestfolder tests/ -binjavafolder build/ -bintestfolder build-tests/ -flthreshold 0.1  -validation  fr.inria.astor.core.validation.validators.RegressionValidation  -ESParameters -Dassertion_timeout=1800:-Dminimization_timeout=1800:-Djunit_check_timeout=1800:-Dwrite_junit_timeout=300:-Dinitialization_timeout=300:-Dglobal_timeout=18000:-Dsearch_budget=100000:-Dstopping_condition=MaxStatements:-Dno_runtime_dependency=true:-Dsandbox=false:-Dp_reflection_on_private=0.0:-Dreflection_start_percent=1.0:-Dp_functional_mocking=0.0:-Dfunctional_mocking_percent=1.0:-mem=2000 -ignoredtestcases org.apache.commons.lang.LocaleUtilsTest  -excludeRegression  -maxgen 100000000 ;echo "

Node: `hostname`
";echo "
Date: `date`
"; find /tmp/chart_3_Genprog_local_s1/outputMutation -name "*.class" -type f -delete;echo "removed classes 
"; find . -name bin  -type d -print0|xargs -0 rm -r --; zip -r -q out.zip /tmp/chart_3_Genprog_local_s1/outputMutation; echo "zipped 
";cp out.zip /home/mmartinez/defects4j-repair/src/python/core/../../../results/2016-june/Chart/seed/18/package/3/Genprog; echo "copied zip 
";rm -rf /tmp/chart_3_Genprog_local_s1;

[DEBUG] fr.inria.astor.core.loop.AstorCoreEngine.showResults(AstorCoreEngine.java:136) - End Repair Loops: Found solution
[DEBUG] fr.inria.astor.core.loop.AstorCoreEngine.showResults(AstorCoreEngine.java:137) - Solution stored at: /tmp/chart_3_Genprog_local_s1/./outputMutation/AstorMain-Chart//src/
[DEBUG] fr.inria.astor.core.loop.AstorCoreEngine.showResults(AstorCoreEngine.java:142) - 
Number solutions:6
[DEBUG] fr.inria.astor.core.loop.AstorCoreEngine.showResults(AstorCoreEngine.java:144) - f (sol): 0.0, [Variant id: 864 (SOL) , #gens: 76, #ops: 1, parent:863]
[DEBUG] fr.inria.astor.core.loop.AstorCoreEngine.showResults(AstorCoreEngine.java:144) - f (sol): 0.0, [Variant id: 930 (SOL) , #gens: 76, #ops: 1, parent:929]
[DEBUG] fr.inria.astor.core.loop.AstorCoreEngine.showResults(AstorCoreEngine.java:144) - f (sol): 0.0, [Variant id: 1468 (SOL) , #gens: 76, #ops: 1, parent:1467]
[DEBUG] fr.inria.astor.core.loop.AstorCoreEngine.showResults(AstorCoreEngine.java:144) - f (sol): 0.0, [Variant id: 1936 (SOL) , #gens: 76, #ops: 1, parent:1935]
[DEBUG] fr.inria.astor.core.loop.AstorCoreEngine.showResults(AstorCoreEngine.java:144) - f (sol): 0.0, [Variant id: 5198 (SOL) , #gens: 76, #ops: 1, parent:5197]
[DEBUG] fr.inria.astor.core.loop.AstorCoreEngine.showResults(AstorCoreEngine.java:144) - f (sol): 0.0, [Variant id: 5540 (SOL) , #gens: 76, #ops: 1, parent:5539]
[DEBUG] fr.inria.astor.core.loop.AstorCoreEngine.showResults(AstorCoreEngine.java:146) - 
All variants:
[DEBUG] fr.inria.astor.core.loop.AstorCoreEngine.showResults(AstorCoreEngine.java:148) - f 1.0, [Variant id: 5541, #gens: 75, #ops: 0, parent:-]
[INFO ] fr.inria.astor.core.loop.AstorCoreEngine.showResults(AstorCoreEngine.java:152) - 
Solution details
[INFO ] fr.inria.astor.core.loop.AstorCoreEngine.showResults(AstorCoreEngine.java:153) - 
 --SOLUTIONS DESCRIPTION--

 ----
ProgramVariant 864
 
time(sec)= 1485
operation: InsertBeforeOp
location= org.jfree.data.time.TimeSeries
line= 584
lineSuspiciousness= 0.152
original statement= if (!(org.jfree.data.time.TimeSeries.this.timePeriodClass.equals(c))) {
	java.lang.StringBuffer b = new java.lang.StringBuffer();
	b.append("You are trying to add data where the time period class ");
	b.append("is ");
	b.append(item.getPeriod().getClass().getName());
	b.append(", but the TimeSeries is expecting an instance of ");
	b.append(org.jfree.data.time.TimeSeries.this.timePeriodClass.getName());
	b.append(".");
	throw new org.jfree.data.general.SeriesException(b.toString());
} 
fixed statement= findBoundsByIteration()
generation= 432
ingredientScope= LOCAL
validation=
failing: |true|0|37|[]|
manual_regression: |true|0|4390|[]|
evo_regression: |true|0|125|[]|
 ----
ProgramVariant 930
 
time(sec)= 1609
operation: InsertBeforeOp
location= org.jfree.data.time.TimeSeries
line= 580
lineSuspiciousness= 0.151
original statement= java.lang.Class c = item.getPeriod().getClass()
fixed statement= findBoundsByIteration()
generation= 465
ingredientScope= LOCAL
validation=
failing: |true|0|37|[]|
manual_regression: |true|0|4390|[]|
evo_regression: |true|0|125|[]|
 ----
ProgramVariant 1468
 
time(sec)= 2233
operation: InsertAfterOp
location= org.jfree.data.time.TimeSeries
line= 581
lineSuspiciousness= 0.151
original statement= if ((org.jfree.data.time.TimeSeries.this.timePeriodClass) == null) {
	org.jfree.data.time.TimeSeries.this.timePeriodClass = c;
} else {
	if (!(org.jfree.data.time.TimeSeries.this.timePeriodClass.equals(c))) {
		java.lang.StringBuffer b = new java.lang.StringBuffer();
		b.append("You are trying to add data where the time period class ");
		b.append("is ");
		b.append(item.getPeriod().getClass().getName());
		b.append(", but the TimeSeries is expecting an instance of ");
		b.append(org.jfree.data.time.TimeSeries.this.timePeriodClass.getName());
		b.append(".");
		throw new org.jfree.data.general.SeriesException(b.toString());
	} 
}
fixed statement= updateBoundsForRemovedItem(item)
generation= 734
ingredientScope= LOCAL
validation=
failing: |true|0|37|[]|
manual_regression: |true|0|4390|[]|
evo_regression: |true|0|125|[]|
 ----
ProgramVariant 1936
 
time(sec)= 3005
operation: InsertAfterOp
location= org.jfree.data.time.TimeSeries
line= 564
lineSuspiciousness= 0.447
original statement= add(item, true)
fixed statement= updateBoundsForRemovedItem(item)
generation= 968
ingredientScope= LOCAL
validation=
failing: |true|0|37|[]|
manual_regression: |true|0|4390|[]|
evo_regression: |true|0|125|[]|
 ----
ProgramVariant 5198
 
time(sec)= 6898
operation: InsertAfterOp
location= org.jfree.data.time.TimeSeries
line= 579
lineSuspiciousness= 0.151
original statement= item = ((org.jfree.data.time.TimeSeriesDataItem)(item.clone()))
fixed statement= updateBoundsForRemovedItem(item)
generation= 2599
ingredientScope= LOCAL
validation=
failing: |true|0|37|[]|
manual_regression: |true|0|4390|[]|
evo_regression: |true|0|125|[]|
 ----
ProgramVariant 5540
 
time(sec)= 7310
operation: InsertBeforeOp
location= org.jfree.data.time.TimeSeries
line= 576
lineSuspiciousness= 0.151
original statement= if (item == null) {
	throw new java.lang.IllegalArgumentException("Null 'item' argument.");
} 
fixed statement= findBoundsByIteration()
generation= 2770
ingredientScope= LOCAL
validation=
failing: |true|0|37|[]|
manual_regression: |true|0|4390|[]|
evo_regression: |true|0|125|[]|
[INFO ] fr.inria.main.evolution.AstorMain.run(AstorMain.java:397) - Time Total(s): 7384.207


Node: graphene-136.nancy.grid5000.fr


Date: Wed Jan 18 23:21:37 CET 2017

removed classes 

zipped 

copied zip 


