seed AstorRun 7 
export PATH="/home/mmartinez/defects4j/framework/bin:$PATH";export JAVA_TOOL_OPTIONS=-Dfile.encoding=UTF8;export PATH="/usr/lib/jvm/java-1.7.0-openjdk-amd64/bin/:$PATH";cd /home/mmartinez/projects/math/math_58;defects4j compile;cp -r /home/mmartinez/projects/math/math_58 /tmp/math_58_Genprog_local_s1;cd /tmp/math_58_Genprog_local_s1;mkdir lib/;cp -r /home/mmartinez/defects4j/framework/projects/lib/* lib/;cp -r /home/mmartinez/defects4j/framework/projects/Math/lib/* lib/;find . -type f -name "package-info.java" -delete;
/home/mmartinez/defects4j-repair/src/python/core/../../../results/2016-june/Math/seed/7/package/58/Genprog/result
cd /tmp/math_58_Genprog_local_s1;export JAVA_TOOL_OPTIONS=-Dfile.encoding=UTF8;TZ="America/New_York"; export TZexport PATH="/usr/lib/jvm/java-1.7.0-openjdk-amd64/bin/:$PATH";time /home/mmartinez/jdk1.8.0_45/bin//java -Xmx4096m -cp /home/mmartinez/defects4j-repair/src/python/core/../../..//libs/astor.jar fr.inria.main.evolution.MainjGenProg -mode statement -location . -id Math -dependencies lib/ -failing org.apache.commons.math.optimization.fitting.GaussianFitterTest: -package org.apache.commons -jvm4testexecution /usr/lib/jvm/java-1.7.0-openjdk-amd64/bin/ -jvm4evosuitetestexecution /home/mmartinez/jdk1.8.0_45/bin/ -javacompliancelevel 5 -maxgen 1000000 -seed 7 -scope package -maxtime 120  -stopfirst false -population 1 -srcjavafolder src/main/java/ -srctestfolder src/test/java/ -binjavafolder target/classes/ -bintestfolder target/test-classes/ -flthreshold 0.1  -validation  fr.inria.astor.core.validation.validators.RegressionValidation  -ESParameters -Dassertion_timeout=1800:-Dminimization_timeout=1800:-Djunit_check_timeout=1800:-Dwrite_junit_timeout=300:-Dinitialization_timeout=300:-Dglobal_timeout=18000:-Dsearch_budget=100000:-Dstopping_condition=MaxStatements:-Dno_runtime_dependency=true:-Dsandbox=false:-Dp_reflection_on_private=0.0:-Dreflection_start_percent=1.0:-Dp_functional_mocking=0.0:-Dfunctional_mocking_percent=1.0:-mem=2000 -ignoredtestcases org.apache.commons.lang.LocaleUtilsTest  -excludeRegression  -maxgen 100000000 ;echo "

Node: `hostname`
";echo "
Date: `date`
"; find /tmp/math_58_Genprog_local_s1/outputMutation -name "*.class" -type f -delete;echo "removed classes 
"; find . -name bin  -type d -print0|xargs -0 rm -r --; zip -r -q out.zip /tmp/math_58_Genprog_local_s1/outputMutation; echo "zipped 
";cp out.zip /home/mmartinez/defects4j-repair/src/python/core/../../../results/2016-june/Math/seed/7/package/58/Genprog; echo "copied zip 
";rm -rf /tmp/math_58_Genprog_local_s1;

[DEBUG] fr.inria.astor.core.loop.AstorCoreEngine.showResults(AstorCoreEngine.java:136) - End Repair Loops: Found solution
[DEBUG] fr.inria.astor.core.loop.AstorCoreEngine.showResults(AstorCoreEngine.java:137) - Solution stored at: /tmp/math_58_Genprog_local_s1/./outputMutation/AstorMain-Math//src/
[DEBUG] fr.inria.astor.core.loop.AstorCoreEngine.showResults(AstorCoreEngine.java:142) - 
Number solutions:14
[DEBUG] fr.inria.astor.core.loop.AstorCoreEngine.showResults(AstorCoreEngine.java:144) - f (sol): 11.0, [Variant id: 124 (SOL) , #gens: 398, #ops: 1, parent:123]
[DEBUG] fr.inria.astor.core.loop.AstorCoreEngine.showResults(AstorCoreEngine.java:144) - f (sol): 7.0, [Variant id: 134 (SOL) , #gens: 400, #ops: 1, parent:133]
[DEBUG] fr.inria.astor.core.loop.AstorCoreEngine.showResults(AstorCoreEngine.java:144) - f (sol): 4.0, [Variant id: 264 (SOL) , #gens: 398, #ops: 1, parent:263]
[DEBUG] fr.inria.astor.core.loop.AstorCoreEngine.showResults(AstorCoreEngine.java:144) - f (sol): 8.0, [Variant id: 266 (SOL) , #gens: 399, #ops: 1, parent:265]
[DEBUG] fr.inria.astor.core.loop.AstorCoreEngine.showResults(AstorCoreEngine.java:144) - f (sol): 4.0, [Variant id: 378 (SOL) , #gens: 398, #ops: 1, parent:377]
[DEBUG] fr.inria.astor.core.loop.AstorCoreEngine.showResults(AstorCoreEngine.java:144) - f (sol): 4.0, [Variant id: 542 (SOL) , #gens: 398, #ops: 1, parent:541]
[DEBUG] fr.inria.astor.core.loop.AstorCoreEngine.showResults(AstorCoreEngine.java:144) - f (sol): 4.0, [Variant id: 728 (SOL) , #gens: 399, #ops: 1, parent:727]
[DEBUG] fr.inria.astor.core.loop.AstorCoreEngine.showResults(AstorCoreEngine.java:144) - f (sol): 4.0, [Variant id: 734 (SOL) , #gens: 398, #ops: 1, parent:733]
[DEBUG] fr.inria.astor.core.loop.AstorCoreEngine.showResults(AstorCoreEngine.java:144) - f (sol): 9.0, [Variant id: 758 (SOL) , #gens: 400, #ops: 1, parent:757]
[DEBUG] fr.inria.astor.core.loop.AstorCoreEngine.showResults(AstorCoreEngine.java:144) - f (sol): 5.0, [Variant id: 858 (SOL) , #gens: 399, #ops: 1, parent:857]
[DEBUG] fr.inria.astor.core.loop.AstorCoreEngine.showResults(AstorCoreEngine.java:144) - f (sol): 9.0, [Variant id: 914 (SOL) , #gens: 400, #ops: 1, parent:913]
[DEBUG] fr.inria.astor.core.loop.AstorCoreEngine.showResults(AstorCoreEngine.java:144) - f (sol): 5.0, [Variant id: 1120 (SOL) , #gens: 399, #ops: 1, parent:1119]
[DEBUG] fr.inria.astor.core.loop.AstorCoreEngine.showResults(AstorCoreEngine.java:144) - f (sol): 4.0, [Variant id: 1282 (SOL) , #gens: 398, #ops: 1, parent:1281]
[DEBUG] fr.inria.astor.core.loop.AstorCoreEngine.showResults(AstorCoreEngine.java:144) - f (sol): 11.0, [Variant id: 1318 (SOL) , #gens: 399, #ops: 1, parent:1317]
[DEBUG] fr.inria.astor.core.loop.AstorCoreEngine.showResults(AstorCoreEngine.java:146) - 
All variants:
[DEBUG] fr.inria.astor.core.loop.AstorCoreEngine.showResults(AstorCoreEngine.java:148) - f 1.0, [Variant id: 1541, #gens: 399, #ops: 0, parent:-]
[INFO ] fr.inria.astor.core.loop.AstorCoreEngine.showResults(AstorCoreEngine.java:152) - 
Solution details
[INFO ] fr.inria.astor.core.loop.AstorCoreEngine.showResults(AstorCoreEngine.java:153) - 
 --SOLUTIONS DESCRIPTION--

 ----
ProgramVariant 124
 
time(sec)= 1222
operation: RemoveOp
location= org.apache.commons.math.optimization.general.LevenbergMarquardtOptimizer
line= 581
lineSuspiciousness= 0.151
original statement= dxNorm = org.apache.commons.math.util.FastMath.sqrt(dxNorm)
fixed statement= 
generation= 62
ingredientScope= -
validation=
failing: |true|0|8|[]|
manual_regression: |false|11|2299|[testMath372(org.apache.commons.math.optimization.fitting.CurveFitterTest): expected:<2411.0> but was:<17789.49074631393>-, testNoError(org.apache.commons.math.optimization.fitting.PolynomialFitterTest): expected:<0.0> but was:<0.639706924260931>-, testMinpackBrownDennis(org.apache.commons.math.optimization.general.MinpackTest): expected:<292.954288244866> but was:<2815.438390917735>-, testMinpackRosenbrok(org.apache.commons.math.optimization.general.MinpackTest): null-, testMinpackMeyer(org.apache.commons.math.optimization.general.MinpackTest): expected:<9.37794514651874> but was:<41153.4665537137>-, testMinpackFreudensteinRoth(org.apache.commons.math.optimization.general.MinpackTest): expected:<11.4124844654993> but was:<11.41279913867149>-, testMinpackWatson(org.apache.commons.math.optimization.general.MinpackTest): null-, testMinpackKowalikOsborne(org.apache.commons.math.optimization.general.MinpackTest): null-, testMinpackChebyquad(org.apache.commons.math.optimization.general.MinpackTest): expected:<0.199490672309881> but was:<0.235619108471061>-, testMinpackBard(org.apache.commons.math.optimization.general.MinpackTest): null-, testMinpackBrownAlmostLinear(org.apache.commons.math.optimization.general.MinpackTest): expected:<0.979430303349862> but was:<0.9999999999999973>-, ...and 1 failures more]|
evo_regression: |true|0|6|[]|
 ----
ProgramVariant 134
 
time(sec)= 1320
operation: InsertAfterOp
location= org.apache.commons.math.optimization.general.LevenbergMarquardtOptimizer
line= 597
lineSuspiciousness= 0.162
original statement= for (int j = 0 ; j < (solvedCols) ; ++j) {
	int pj = permutation[j];
	work1[pj] /= work2[j];
	double tmp = work1[pj];
	for (int i = j + 1 ; i < (solvedCols) ; ++i) {
		work1[permutation[i]] -= (weightedResidualJacobian[i][pj]) * tmp;
	}
}
fixed statement= parl = org.apache.commons.math.util.FastMath.max(parl, lmPar)
generation= 67
ingredientScope= LOCAL
validation=
failing: |true|0|8|[]|
manual_regression: |false|7|2299|[testMinpackBrownDennis(org.apache.commons.math.optimization.general.MinpackTest): expected:<292.954288244866> but was:<292.9542799595799>-, testMinpackMeyer(org.apache.commons.math.optimization.general.MinpackTest): null-, testMinpackFreudensteinRoth(org.apache.commons.math.optimization.general.MinpackTest): expected:<11.4124844654993> but was:<11.412770703342117>-, testMinpackKowalikOsborne(org.apache.commons.math.optimization.general.MinpackTest): expected:<728675.473768287> but was:<383957.51428118994>-, testMinpackChebyquad(org.apache.commons.math.optimization.general.MinpackTest): expected:<0.199490672309881> but was:<0.23561910847106002>-, testMinpackBard(org.apache.commons.math.optimization.general.MinpackTest): expected:<-1.58848033259565E8> but was:<-7.828763466122054E7>-, testMinpackBrownAlmostLinear(org.apache.commons.math.optimization.general.MinpackTest): expected:<0.0> but was:<1.0000000045612916>-]|
evo_regression: |true|0|6|[]|
 ----
ProgramVariant 264
 
time(sec)= 1928
operation: RemoveOp
location= org.apache.commons.math.analysis.function.Gaussian
line= 183
lineSuspiciousness= 0.408
original statement= throw new org.apache.commons.math.exception.NotStrictlyPositiveException(param[2])
fixed statement= 
generation= 132
ingredientScope= -
validation=
failing: |true|0|8|[]|
manual_regression: |false|2|2299|[testParametricUsage3(org.apache.commons.math.analysis.function.GaussianTest): Expected exception: org.apache.commons.math.exception.NotStrictlyPositiveException-, testParametricUsage6(org.apache.commons.math.analysis.function.GaussianTest): Expected exception: org.apache.commons.math.exception.NotStrictlyPositiveException-]|
evo_regression: |false|2|15|[test00(org.apache.commons.math.analysis.function.Gaussian_ESTest): Expecting exception: RuntimeException-, test14(org.apache.commons.math.analysis.function.Gaussian_ESTest): Expecting exception: RuntimeException-]|
 ----
ProgramVariant 266
 
time(sec)= 2022
operation: ReplaceOp
location= org.apache.commons.math.optimization.general.LevenbergMarquardtOptimizer
line= 593
lineSuspiciousness= 0.162
original statement= for (int j = 0 ; j < (solvedCols) ; ++j) {
	int pj = permutation[j];
	work1[pj] = ((work3[pj]) * (diag[pj])) / dxNorm;
}
fixed statement= for (int j = 0 ; j < (cols) ; ++j) {
	diag[j] = org.apache.commons.math.util.FastMath.max(diag[j], jacNorm[j]);
}
generation= 133
ingredientScope= LOCAL
validation=
failing: |true|0|8|[]|
manual_regression: |false|8|2299|[testNoError(org.apache.commons.math.optimization.fitting.PolynomialFitterTest): expected:<0.0> but was:<6.232879170171511>-, testMinpackLinearRank1(org.apache.commons.math.optimization.general.MinpackTest): expected:<3.48263016573496> but was:<3101.6003933453453>-, testMinpackBrownDennis(org.apache.commons.math.optimization.general.MinpackTest): expected:<292.954288244866> but was:<292.9542741568475>-, testMinpackMeyer(org.apache.commons.math.optimization.general.MinpackTest): null-, testMinpackWatson(org.apache.commons.math.optimization.general.MinpackTest): expected:<0.0011831145921242> but was:<0.0368691147305295>-, testMinpackKowalikOsborne(org.apache.commons.math.optimization.general.MinpackTest): expected:<0.191262653354071> but was:<0.19130393017578387>-, testMinpackChebyquad(org.apache.commons.math.optimization.general.MinpackTest): expected:<0.199490672309881> but was:<0.23561910847106002>-, testMinpackBard(org.apache.commons.math.optimization.general.MinpackTest): expected:<4.17476870138539> but was:<4.183148836352632>-]|
evo_regression: |true|0|6|[]|
 ----
ProgramVariant 378
 
time(sec)= 2452
operation: RemoveOp
location= org.apache.commons.math.optimization.general.LevenbergMarquardtOptimizer
line= 602
lineSuspiciousness= 0.162
original statement= work1[permutation[i]] -= (weightedResidualJacobian[i][pj]) * tmp
fixed statement= 
generation= 189
ingredientScope= -
validation=
failing: |true|0|8|[]|
manual_regression: |false|4|2299|[testMinpackBrownDennis(org.apache.commons.math.optimization.general.MinpackTest): expected:<292.954288244866> but was:<292.9542805022637>-, testMinpackMeyer(org.apache.commons.math.optimization.general.MinpackTest): null-, testMinpackKowalikOsborne(org.apache.commons.math.optimization.general.MinpackTest): expected:<0.191262653354071> but was:<0.1913004733533609>-, testMinpackBard(org.apache.commons.math.optimization.general.MinpackTest): expected:<-1.58848033259565E8> but was:<-1.5971233476751667E8>-]|
evo_regression: |true|0|6|[]|
 ----
ProgramVariant 542
 
time(sec)= 3140
operation: RemoveOp
location= org.apache.commons.math.analysis.function.Gaussian
line= 182
lineSuspiciousness= 0.224
original statement= if ((param[2]) <= 0) {
	throw new org.apache.commons.math.exception.NotStrictlyPositiveException(param[2]);
} 
fixed statement= 
generation= 271
ingredientScope= -
validation=
failing: |true|0|8|[]|
manual_regression: |false|2|2299|[testParametricUsage3(org.apache.commons.math.analysis.function.GaussianTest): Expected exception: org.apache.commons.math.exception.NotStrictlyPositiveException-, testParametricUsage6(org.apache.commons.math.analysis.function.GaussianTest): Expected exception: org.apache.commons.math.exception.NotStrictlyPositiveException-]|
evo_regression: |false|2|15|[test00(org.apache.commons.math.analysis.function.Gaussian_ESTest): Expecting exception: RuntimeException-, test14(org.apache.commons.math.analysis.function.Gaussian_ESTest): Expecting exception: RuntimeException-]|
 ----
ProgramVariant 728
 
time(sec)= 3938
operation: ReplaceOp
location= org.apache.commons.math.analysis.function.Gaussian
line= 182
lineSuspiciousness= 0.224
original statement= if ((param[2]) <= 0) {
	throw new org.apache.commons.math.exception.NotStrictlyPositiveException(param[2]);
} 
fixed statement= if (param == null) {
	throw new org.apache.commons.math.exception.NullArgumentException();
} 
generation= 364
ingredientScope= LOCAL
validation=
failing: |true|0|8|[]|
manual_regression: |false|2|2299|[testParametricUsage3(org.apache.commons.math.analysis.function.GaussianTest): Expected exception: org.apache.commons.math.exception.NotStrictlyPositiveException-, testParametricUsage6(org.apache.commons.math.analysis.function.GaussianTest): Expected exception: org.apache.commons.math.exception.NotStrictlyPositiveException-]|
evo_regression: |false|2|15|[test00(org.apache.commons.math.analysis.function.Gaussian_ESTest): Expecting exception: RuntimeException-, test14(org.apache.commons.math.analysis.function.Gaussian_ESTest): Expecting exception: RuntimeException-]|
 ----
ProgramVariant 734
 
time(sec)= 4032
operation: RemoveOp
location= org.apache.commons.math.optimization.general.LevenbergMarquardtOptimizer
line= 602
lineSuspiciousness= 0.162
original statement= work1[permutation[i]] -= (weightedResidualJacobian[i][pj]) * tmp
fixed statement= 
generation= 367
ingredientScope= -
validation=
failing: |true|0|8|[]|
manual_regression: |false|4|2299|[testMinpackBrownDennis(org.apache.commons.math.optimization.general.MinpackTest): expected:<292.954288244866> but was:<292.9542805022637>-, testMinpackMeyer(org.apache.commons.math.optimization.general.MinpackTest): null-, testMinpackKowalikOsborne(org.apache.commons.math.optimization.general.MinpackTest): expected:<0.191262653354071> but was:<0.1913004733533609>-, testMinpackBard(org.apache.commons.math.optimization.general.MinpackTest): expected:<-1.58848033259565E8> but was:<-1.5971233476751667E8>-]|
evo_regression: |true|0|6|[]|
 ----
ProgramVariant 758
 
time(sec)= 4261
operation: InsertBeforeOp
location= org.apache.commons.math.optimization.general.LevenbergMarquardtOptimizer
line= 345
lineSuspiciousness= 0.101
original statement= if (firstIteration) {
	delta = org.apache.commons.math.util.FastMath.min(delta, lmNorm);
} 
fixed statement= qTy(qtf)
generation= 379
ingredientScope= LOCAL
validation=
failing: |true|0|8|[]|
manual_regression: |false|9|2299|[testMinpackBrownDennis(org.apache.commons.math.optimization.general.MinpackTest): expected:<292.954288244866> but was:<292.9639321705117>-, testMinpackJennrichSampson(org.apache.commons.math.optimization.general.MinpackTest): expected:<0.2578199266368004> but was:<0.2578380405507458>-, testMinpackMeyer(org.apache.commons.math.optimization.general.MinpackTest): null-, testMinpackFreudensteinRoth(org.apache.commons.math.optimization.general.MinpackTest): expected:<6.9988751744895> but was:<7.003763020067253>-, testMinpackOsborne1(org.apache.commons.math.optimization.general.MinpackTest): expected:<0.00739249260904843> but was:<0.007590198208705202>-, testMinpackWatson(org.apache.commons.math.optimization.general.MinpackTest): expected:<0.00118311459212513> but was:<1.5275547586438816>-, testMinpackKowalikOsborne(org.apache.commons.math.optimization.general.MinpackTest): expected:<0.032052192917937> but was:<0.0331305776280076>-, testMinpackChebyquad(org.apache.commons.math.optimization.general.MinpackTest): expected:<0.0593032355046727> but was:<0.05930369406167352>-, testMinpackBrownAlmostLinear(org.apache.commons.math.optimization.general.MinpackTest): expected:<0.0> but was:<8.163234782749729E8>-]|
evo_regression: |true|0|6|[]|
 ----
ProgramVariant 858
 
time(sec)= 5060
operation: ReplaceOp
location= org.apache.commons.math.optimization.general.LevenbergMarquardtOptimizer
line= 605
lineSuspiciousness= 0.162
original statement= sum2 = 0
fixed statement= point = getStartPoint()
generation= 429
ingredientScope= PACKAGE
validation=
failing: |true|0|8|[]|
manual_regression: |false|5|2299|[testMinpackBrownDennis(org.apache.commons.math.optimization.general.MinpackTest): expected:<292.954288244866> but was:<292.9542667414436>-, testMinpackMeyer(org.apache.commons.math.optimization.general.MinpackTest): null-, testMinpackOsborne2(org.apache.commons.math.optimization.general.MinpackTest): expected:<0.904300082378518> but was:<0.9042746914617966>-, testMinpackKowalikOsborne(org.apache.commons.math.optimization.general.MinpackTest): expected:<0.191262653354071> but was:<0.19130211549153875>-, testMinpackBard(org.apache.commons.math.optimization.general.MinpackTest): expected:<-1.58848033259565E8> but was:<-1.588502064778E8>-]|
evo_regression: |true|0|6|[]|
 ----
ProgramVariant 914
 
time(sec)= 5191
operation: InsertBeforeOp
location= org.apache.commons.math.optimization.general.LevenbergMarquardtOptimizer
line= 350
lineSuspiciousness= 0.101
original statement= updateResidualsAndCost()
fixed statement= qTy(qtf)
generation= 457
ingredientScope= LOCAL
validation=
failing: |true|0|8|[]|
manual_regression: |false|9|2299|[testMinpackBrownDennis(org.apache.commons.math.optimization.general.MinpackTest): expected:<292.954288244866> but was:<292.9639321705117>-, testMinpackJennrichSampson(org.apache.commons.math.optimization.general.MinpackTest): expected:<0.2578199266368004> but was:<0.2578380405507458>-, testMinpackMeyer(org.apache.commons.math.optimization.general.MinpackTest): null-, testMinpackFreudensteinRoth(org.apache.commons.math.optimization.general.MinpackTest): expected:<6.9988751744895> but was:<7.003763020067253>-, testMinpackOsborne1(org.apache.commons.math.optimization.general.MinpackTest): expected:<0.00739249260904843> but was:<0.007590198208705202>-, testMinpackWatson(org.apache.commons.math.optimization.general.MinpackTest): expected:<0.00118311459212513> but was:<1.5275547586438816>-, testMinpackKowalikOsborne(org.apache.commons.math.optimization.general.MinpackTest): expected:<0.032052192917937> but was:<0.0331305776280076>-, testMinpackChebyquad(org.apache.commons.math.optimization.general.MinpackTest): expected:<0.0593032355046727> but was:<0.05930369406167352>-, testMinpackBrownAlmostLinear(org.apache.commons.math.optimization.general.MinpackTest): expected:<0.0> but was:<8.163234782749729E8>-]|
evo_regression: |true|0|6|[]|
 ----
ProgramVariant 1120
 
time(sec)= 5941
operation: ReplaceOp
location= org.apache.commons.math.optimization.general.LevenbergMarquardtOptimizer
line= 605
lineSuspiciousness= 0.162
original statement= sum2 = 0
fixed statement= paru = org.apache.commons.math.util.FastMath.min(paru, lmPar)
generation= 560
ingredientScope= LOCAL
validation=
failing: |true|0|8|[]|
manual_regression: |false|5|2299|[testMinpackBrownDennis(org.apache.commons.math.optimization.general.MinpackTest): expected:<292.954288244866> but was:<292.9542667414436>-, testMinpackMeyer(org.apache.commons.math.optimization.general.MinpackTest): null-, testMinpackOsborne2(org.apache.commons.math.optimization.general.MinpackTest): expected:<0.904300082378518> but was:<0.9042746914617966>-, testMinpackKowalikOsborne(org.apache.commons.math.optimization.general.MinpackTest): expected:<0.191262653354071> but was:<0.19130211549153875>-, testMinpackBard(org.apache.commons.math.optimization.general.MinpackTest): expected:<-1.58848033259565E8> but was:<-1.588502064778E8>-]|
evo_regression: |true|0|6|[]|
 ----
ProgramVariant 1282
 
time(sec)= 6409
operation: RemoveOp
location= org.apache.commons.math.analysis.function.Gaussian
line= 183
lineSuspiciousness= 0.408
original statement= throw new org.apache.commons.math.exception.NotStrictlyPositiveException(param[2])
fixed statement= 
generation= 641
ingredientScope= -
validation=
failing: |true|0|8|[]|
manual_regression: |false|2|2299|[testParametricUsage3(org.apache.commons.math.analysis.function.GaussianTest): Expected exception: org.apache.commons.math.exception.NotStrictlyPositiveException-, testParametricUsage6(org.apache.commons.math.analysis.function.GaussianTest): Expected exception: org.apache.commons.math.exception.NotStrictlyPositiveException-]|
evo_regression: |false|2|15|[test00(org.apache.commons.math.analysis.function.Gaussian_ESTest): Expecting exception: RuntimeException-, test14(org.apache.commons.math.analysis.function.Gaussian_ESTest): Expecting exception: RuntimeException-]|
 ----
ProgramVariant 1318
 
time(sec)= 6550
operation: ReplaceOp
location= org.apache.commons.math.optimization.general.LevenbergMarquardtOptimizer
line= 581
lineSuspiciousness= 0.151
original statement= dxNorm = org.apache.commons.math.util.FastMath.sqrt(dxNorm)
fixed statement= sum2 = 0
generation= 659
ingredientScope= LOCAL
validation=
failing: |true|0|8|[]|
manual_regression: |false|11|2299|[testMath372(org.apache.commons.math.optimization.fitting.CurveFitterTest): expected:<2411.0> but was:<17789.49074631393>-, testNoError(org.apache.commons.math.optimization.fitting.PolynomialFitterTest): expected:<0.0> but was:<0.639706924260931>-, testMinpackBrownDennis(org.apache.commons.math.optimization.general.MinpackTest): expected:<292.954288244866> but was:<2815.438390917735>-, testMinpackRosenbrok(org.apache.commons.math.optimization.general.MinpackTest): null-, testMinpackMeyer(org.apache.commons.math.optimization.general.MinpackTest): expected:<9.37794514651874> but was:<41153.4665537137>-, testMinpackFreudensteinRoth(org.apache.commons.math.optimization.general.MinpackTest): expected:<11.4124844654993> but was:<11.41279913867149>-, testMinpackWatson(org.apache.commons.math.optimization.general.MinpackTest): null-, testMinpackKowalikOsborne(org.apache.commons.math.optimization.general.MinpackTest): null-, testMinpackChebyquad(org.apache.commons.math.optimization.general.MinpackTest): expected:<0.199490672309881> but was:<0.235619108471061>-, testMinpackBard(org.apache.commons.math.optimization.general.MinpackTest): null-, testMinpackBrownAlmostLinear(org.apache.commons.math.optimization.general.MinpackTest): expected:<0.979430303349862> but was:<0.9999999999999973>-, ...and 1 failures more]|
evo_regression: |true|0|6|[]|
[INFO ] fr.inria.main.evolution.AstorMain.run(AstorMain.java:397) - Time Total(s): 7502.823


Node: graphene-103.nancy.grid5000.fr


Date: Thu Jan 12 22:23:01 CET 2017

removed classes 

zipped 

copied zip 


