seed AstorRun 2 
export PATH="/home/mmartinez/defects4j/framework/bin:$PATH";export JAVA_TOOL_OPTIONS=-Dfile.encoding=UTF8;export PATH="/usr/lib/jvm/java-1.7.0-openjdk-amd64/bin/:$PATH";cd /home/mmartinez/projects/time/time_4;defects4j compile;cp -r /home/mmartinez/projects/time/time_4 /tmp/time_4_Genprog_local_s1;cd /tmp/time_4_Genprog_local_s1;mkdir lib/;cp -r /home/mmartinez/defects4j/framework/projects/lib/* lib/;cp -r /home/mmartinez/defects4j/framework/projects/Time/lib/* lib/;find . -type f -name "package-info.java" -delete;
/home/mmartinez/defects4j-repair/src/python/core/../../../results/2016-june/Time/seed/2/package/4/Genprog/result
cd /tmp/time_4_Genprog_local_s1;export JAVA_TOOL_OPTIONS=-Dfile.encoding=UTF8;TZ="America/New_York"; export TZexport PATH="/usr/lib/jvm/java-1.7.0-openjdk-amd64/bin/:$PATH";time /home/mmartinez/jdk1.8.0_45/bin//java -Xmx4096m -cp /home/mmartinez/defects4j-repair/src/python/core/../../..//libs/astor.jar fr.inria.main.evolution.MainjGenProg -mode statement -location . -id Time -dependencies lib/ -failing org.joda.time.TestPartial_Basics: -package org.joda -jvm4testexecution /usr/lib/jvm/java-1.7.0-openjdk-amd64/bin/ -jvm4evosuitetestexecution /home/mmartinez/jdk1.8.0_45/bin/ -javacompliancelevel 5 -maxgen 1000000 -seed 2 -scope package -maxtime 120  -stopfirst false -population 1 -srcjavafolder src/main/java/ -srctestfolder src/test/java/ -binjavafolder target/classes/ -bintestfolder target/test-classes/ -flthreshold 0.1  -validation  fr.inria.astor.core.validation.validators.RegressionValidation  -ESParameters -Dassertion_timeout=1800:-Dminimization_timeout=1800:-Djunit_check_timeout=1800:-Dwrite_junit_timeout=300:-Dinitialization_timeout=300:-Dglobal_timeout=18000:-Dsearch_budget=100000:-Dstopping_condition=MaxStatements:-Dno_runtime_dependency=true:-Dsandbox=false:-Dp_reflection_on_private=0.0:-Dreflection_start_percent=1.0:-Dp_functional_mocking=0.0:-Dfunctional_mocking_percent=1.0:-mem=2000 -ignoredtestcases org.apache.commons.lang.LocaleUtilsTest  -excludeRegression  -maxgen 100000000 ;echo "

Node: `hostname`
";echo "
Date: `date`
"; find /tmp/time_4_Genprog_local_s1/outputMutation -name "*.class" -type f -delete;echo "removed classes 
"; find . -name bin  -type d -print0|xargs -0 rm -r --; zip -r -q out.zip /tmp/time_4_Genprog_local_s1/outputMutation; echo "zipped 
";cp out.zip /home/mmartinez/defects4j-repair/src/python/core/../../../results/2016-june/Time/seed/2/package/4/Genprog; echo "copied zip 
";rm -rf /tmp/time_4_Genprog_local_s1;

[DEBUG] fr.inria.astor.core.loop.AstorCoreEngine.showResults(AstorCoreEngine.java:136) - End Repair Loops: Found solution
[DEBUG] fr.inria.astor.core.loop.AstorCoreEngine.showResults(AstorCoreEngine.java:137) - Solution stored at: /tmp/time_4_Genprog_local_s1/./outputMutation/AstorMain-Time//src/
[DEBUG] fr.inria.astor.core.loop.AstorCoreEngine.showResults(AstorCoreEngine.java:142) - 
Number solutions:18
[DEBUG] fr.inria.astor.core.loop.AstorCoreEngine.showResults(AstorCoreEngine.java:144) - f (sol): 2.0, [Variant id: 528 (SOL) , #gens: 36, #ops: 1, parent:527]
[DEBUG] fr.inria.astor.core.loop.AstorCoreEngine.showResults(AstorCoreEngine.java:144) - f (sol): 2.0, [Variant id: 646 (SOL) , #gens: 36, #ops: 1, parent:645]
[DEBUG] fr.inria.astor.core.loop.AstorCoreEngine.showResults(AstorCoreEngine.java:144) - f (sol): 1.0, [Variant id: 714 (SOL) , #gens: 36, #ops: 1, parent:713]
[DEBUG] fr.inria.astor.core.loop.AstorCoreEngine.showResults(AstorCoreEngine.java:144) - f (sol): 1.0, [Variant id: 804 (SOL) , #gens: 36, #ops: 1, parent:803]
[DEBUG] fr.inria.astor.core.loop.AstorCoreEngine.showResults(AstorCoreEngine.java:144) - f (sol): 32.0, [Variant id: 1046 (SOL) , #gens: 36, #ops: 1, parent:1045]
[DEBUG] fr.inria.astor.core.loop.AstorCoreEngine.showResults(AstorCoreEngine.java:144) - f (sol): 2.0, [Variant id: 1994 (SOL) , #gens: 36, #ops: 1, parent:1993]
[DEBUG] fr.inria.astor.core.loop.AstorCoreEngine.showResults(AstorCoreEngine.java:144) - f (sol): 2.0, [Variant id: 2130 (SOL) , #gens: 36, #ops: 1, parent:2129]
[DEBUG] fr.inria.astor.core.loop.AstorCoreEngine.showResults(AstorCoreEngine.java:144) - f (sol): 2.0, [Variant id: 2554 (SOL) , #gens: 36, #ops: 1, parent:2553]
[DEBUG] fr.inria.astor.core.loop.AstorCoreEngine.showResults(AstorCoreEngine.java:144) - f (sol): 30.0, [Variant id: 2880 (SOL) , #gens: 36, #ops: 1, parent:2879]
[DEBUG] fr.inria.astor.core.loop.AstorCoreEngine.showResults(AstorCoreEngine.java:144) - f (sol): 2.0, [Variant id: 3560 (SOL) , #gens: 36, #ops: 1, parent:3559]
[DEBUG] fr.inria.astor.core.loop.AstorCoreEngine.showResults(AstorCoreEngine.java:144) - f (sol): 2.0, [Variant id: 3726 (SOL) , #gens: 36, #ops: 1, parent:3725]
[DEBUG] fr.inria.astor.core.loop.AstorCoreEngine.showResults(AstorCoreEngine.java:144) - f (sol): 30.0, [Variant id: 3738 (SOL) , #gens: 36, #ops: 1, parent:3737]
[DEBUG] fr.inria.astor.core.loop.AstorCoreEngine.showResults(AstorCoreEngine.java:144) - f (sol): 2.0, [Variant id: 3932 (SOL) , #gens: 36, #ops: 1, parent:3931]
[DEBUG] fr.inria.astor.core.loop.AstorCoreEngine.showResults(AstorCoreEngine.java:144) - f (sol): 32.0, [Variant id: 6132 (SOL) , #gens: 36, #ops: 1, parent:6131]
[DEBUG] fr.inria.astor.core.loop.AstorCoreEngine.showResults(AstorCoreEngine.java:144) - f (sol): 30.0, [Variant id: 7562 (SOL) , #gens: 36, #ops: 1, parent:7561]
[DEBUG] fr.inria.astor.core.loop.AstorCoreEngine.showResults(AstorCoreEngine.java:144) - f (sol): 30.0, [Variant id: 9014 (SOL) , #gens: 36, #ops: 1, parent:9013]
[DEBUG] fr.inria.astor.core.loop.AstorCoreEngine.showResults(AstorCoreEngine.java:144) - f (sol): 7.0, [Variant id: 15252 (SOL) , #gens: 37, #ops: 1, parent:15251]
[DEBUG] fr.inria.astor.core.loop.AstorCoreEngine.showResults(AstorCoreEngine.java:144) - f (sol): 7.0, [Variant id: 21870 (SOL) , #gens: 37, #ops: 1, parent:21869]
[DEBUG] fr.inria.astor.core.loop.AstorCoreEngine.showResults(AstorCoreEngine.java:146) - 
All variants:
[DEBUG] fr.inria.astor.core.loop.AstorCoreEngine.showResults(AstorCoreEngine.java:148) - f 1.0, [Variant id: 23999, #gens: 36, #ops: 0, parent:-]
[INFO ] fr.inria.astor.core.loop.AstorCoreEngine.showResults(AstorCoreEngine.java:152) - 
Solution details
[INFO ] fr.inria.astor.core.loop.AstorCoreEngine.showResults(AstorCoreEngine.java:153) - 
 --SOLUTIONS DESCRIPTION--

 ----
ProgramVariant 528
 
time(sec)= 269
operation: ReplaceOp
location= org.joda.time.field.ZeroIsMaxDateTimeField
line= 178
lineSuspiciousness= 0.866
original statement= return (getWrappedField().getMaximumValue(instant, values)) + 1
fixed statement= return 3
generation= 264
ingredientScope= PACKAGE
validation=
failing: |true|0|69|[]|
manual_regression: |true|0|12047|[warning(junit.framework.TestSuite$1): Class org.joda.time.chrono.gj.MainTest has no public constructor TestCase(String name) or TestCase()-]|
evo_regression: |false|2|59|[test57(org.joda.time.field.ZeroIsMaxDateTimeField_ESTest): Expecting exception: ArrayIndexOutOfBoundsException-, test14(org.joda.time.field.ZeroIsMaxDateTimeField_ESTest): expected:<12> but was:<3>-]|
 ----
ProgramVariant 646
 
time(sec)= 371
operation: ReplaceOp
location= org.joda.time.field.ZeroIsMaxDateTimeField
line= 111
lineSuspiciousness= 0.866
original statement= return 1
fixed statement= return getName().hashCode()
generation= 323
ingredientScope= PACKAGE
validation=
failing: |true|0|69|[]|
manual_regression: |true|0|12047|[warning(junit.framework.TestSuite$1): Class org.joda.time.chrono.gj.MainTest has no public constructor TestCase(String name) or TestCase()-]|
evo_regression: |false|2|59|[test17(org.joda.time.field.ZeroIsMaxDateTimeField_ESTest): Wrapped field's minumum value must be zero-, test50(org.joda.time.field.ZeroIsMaxDateTimeField_ESTest): expected:<1> but was:<938448499>-]|
 ----
ProgramVariant 714
 
time(sec)= 460
operation: ReplaceOp
location= org.joda.time.field.ZeroIsMaxDateTimeField
line= 138
lineSuspiciousness= 0.866
original statement= return 1
fixed statement= return (getWrappedField().getMaximumValue()) + 1
generation= 357
ingredientScope= LOCAL
validation=
failing: |true|0|69|[]|
manual_regression: |true|0|12047|[warning(junit.framework.TestSuite$1): Class org.joda.time.chrono.gj.MainTest has no public constructor TestCase(String name) or TestCase()-]|
evo_regression: |false|1|59|[test43(org.joda.time.field.ZeroIsMaxDateTimeField_ESTest): expected:<1> but was:<2>-]|
 ----
ProgramVariant 804
 
time(sec)= 556
operation: ReplaceOp
location= org.joda.time.field.ZeroIsMaxDateTimeField
line= 138
lineSuspiciousness= 0.866
original statement= return 1
fixed statement= return getMaximumValue()
generation= 402
ingredientScope= PACKAGE
validation=
failing: |true|0|69|[]|
manual_regression: |true|0|12047|[warning(junit.framework.TestSuite$1): Class org.joda.time.chrono.gj.MainTest has no public constructor TestCase(String name) or TestCase()-]|
evo_regression: |false|1|59|[test43(org.joda.time.field.ZeroIsMaxDateTimeField_ESTest): expected:<1> but was:<2>-]|
 ----
ProgramVariant 1046
 
time(sec)= 692
operation: ReplaceOp
location= org.joda.time.field.ZeroIsMaxDateTimeField
line= 148
lineSuspiciousness= 0.274
original statement= return (getWrappedField().getMaximumValue()) + 1
fixed statement= return 0
generation= 523
ingredientScope= PACKAGE
validation=
failing: |true|0|69|[]|
manual_regression: |false|27|12047|[testGet_DateTimeFieldType(org.joda.time.TestInstant_Basics): expected:<24> but was:<0>-, testGet_DateTimeField(org.joda.time.TestDateMidnight_Basics): expected:<24> but was:<0>-, testGet_DateTimeFieldType(org.joda.time.TestDateMidnight_Basics): expected:<24> but was:<0>-, testGet_DateTimeFieldType(org.joda.time.TestLocalDateTime_Basics): expected:<12> but was:<0>-, testGet_DateTimeFieldType(org.joda.time.TestLocalTime_Basics): expected:<12> but was:<0>-, testGet_DateTimeFieldType(org.joda.time.TestInstant_Basics): expected:<24> but was:<0>-, testGet_DateTimeField(org.joda.time.TestDateMidnight_Basics): expected:<24> but was:<0>-, testGet_DateTimeFieldType(org.joda.time.TestDateMidnight_Basics): expected:<24> but was:<0>-, testGet_DateTimeFieldType(org.joda.time.TestLocalDateTime_Basics): expected:<12> but was:<0>-, testGet_DateTimeFieldType(org.joda.time.TestLocalTime_Basics): expected:<12> but was:<0>-, testFormatParse_textHalfdayAM_UK(org.joda.time.format.TestDateTimeFormat): Cannot parse "$06-PM-2007": Value 6 for clockhourOfHalfday must be in the range 1, 0-, ...and 18 failures more, testFormatParse_textHalfdayAM_France(org.joda.time.format.TestDateTimeFormat): Cannot parse "$06-PM-2007": Value 6 for clockhourOfHalfday must be in the range 1, 0-, ...and 18 failures more, testFormat_clockhourOfHalfday(org.joda.time.format.TestDateTimeFormat): 2004-06-09T00:00:00.000Z expected:<12> but was:<0>-, ...and 18 failures more, testFormat_clockhourOfDay(org.joda.time.format.TestDateTimeFormat): 2004-06-09T00:00:00.000Z expected:<24> but was:<0>-, ...and 18 failures more, testGet_DateTimeField(org.joda.time.TestDateMidnight_Basics): expected:<24> but was:<0>-, ...and 18 failures more, testGet_DateTimeFieldType(org.joda.time.TestDateMidnight_Basics): expected:<24> but was:<0>-, ...and 18 failures more, testGet_DateTimeFieldType(org.joda.time.TestInstant_Basics): expected:<24> but was:<0>-, ...and 18 failures more, testGet_DateTimeFieldType(org.joda.time.TestLocalDateTime_Basics): expected:<12> but was:<0>-, ...and 18 failures more, testGet_DateTimeFieldType(org.joda.time.TestLocalTime_Basics): expected:<12> but was:<0>-, ...and 18 failures more, warning(junit.framework.TestSuite$1): Class org.joda.time.chrono.gj.MainTest has no public constructor TestCase(String name) or TestCase()-, ...and 18 failures more, testFormatParse_textHalfdayAM_UK(org.joda.time.format.TestDateTimeFormat): Cannot parse "$06-PM-2007": Value 6 for clockhourOfHalfday must be in the range 1, 0-, ...and 18 failures more, testFormatParse_textHalfdayAM_France(org.joda.time.format.TestDateTimeFormat): Cannot parse "$06-PM-2007": Value 6 for clockhourOfHalfday must be in the range 1, 0-, ...and 18 failures more, testFormat_clockhourOfHalfday(org.joda.time.format.TestDateTimeFormat): 2004-06-09T00:00:00.000Z expected:<12> but was:<0>-, ...and 18 failures more, testFormat_clockhourOfDay(org.joda.time.format.TestDateTimeFormat): 2004-06-09T00:00:00.000Z expected:<24> but was:<0>-, ...and 18 failures more, testFormatParse_textHalfdayAM_UK(org.joda.time.format.TestDateTimeFormat): Cannot parse "$06-PM-2007": Value 6 for clockhourOfHalfday must be in the range 1, 0-, ...and 18 failures more, testFormatParse_textHalfdayAM_France(org.joda.time.format.TestDateTimeFormat): Cannot parse "$06-PM-2007": Value 6 for clockhourOfHalfday must be in the range 1, 0-, ...and 18 failures more, testFormat_clockhourOfHalfday(org.joda.time.format.TestDateTimeFormat): 2004-06-09T00:00:00.000Z expected:<12> but was:<0>-, ...and 18 failures more, testFormat_clockhourOfDay(org.joda.time.format.TestDateTimeFormat): 2004-06-09T00:00:00.000Z expected:<24> but was:<0>-, ...and 18 failures more]|
evo_regression: |false|5|59|[test33(org.joda.time.field.ZeroIsMaxDateTimeField_ESTest): Value 1 for year must be in the range 1, 0-, test34(org.joda.time.field.ZeroIsMaxDateTimeField_ESTest): expected:<12> but was:<0>-, test32(org.joda.time.field.ZeroIsMaxDateTimeField_ESTest): expected:<1> but was:<0>-, test00(org.joda.time.field.ZeroIsMaxDateTimeField_ESTest): Value 1 for minuteOfDay must be in the range 1, 0-, test52(org.joda.time.field.ZeroIsMaxDateTimeField_ESTest): Value 1 for hourOfHalfday must be in the range 1, 0-]|
 ----
ProgramVariant 1994
 
time(sec)= 1027
operation: ReplaceOp
location= org.joda.time.field.ZeroIsMaxDateTimeField
line= 178
lineSuspiciousness= 0.866
original statement= return (getWrappedField().getMaximumValue(instant, values)) + 1
fixed statement= return -1
generation= 997
ingredientScope= PACKAGE
validation=
failing: |true|0|69|[]|
manual_regression: |true|0|12047|[warning(junit.framework.TestSuite$1): Class org.joda.time.chrono.gj.MainTest has no public constructor TestCase(String name) or TestCase()-]|
evo_regression: |false|2|59|[test57(org.joda.time.field.ZeroIsMaxDateTimeField_ESTest): Expecting exception: ArrayIndexOutOfBoundsException-, test14(org.joda.time.field.ZeroIsMaxDateTimeField_ESTest): expected:<12> but was:<-1>-]|
 ----
ProgramVariant 2130
 
time(sec)= 1132
operation: ReplaceOp
location= org.joda.time.field.ZeroIsMaxDateTimeField
line= 178
lineSuspiciousness= 0.866
original statement= return (getWrappedField().getMaximumValue(instant, values)) + 1
fixed statement= return getMinimumValue(instant)
generation= 1065
ingredientScope= PACKAGE
validation=
failing: |true|0|69|[]|
manual_regression: |true|0|12047|[warning(junit.framework.TestSuite$1): Class org.joda.time.chrono.gj.MainTest has no public constructor TestCase(String name) or TestCase()-]|
evo_regression: |false|2|59|[test57(org.joda.time.field.ZeroIsMaxDateTimeField_ESTest): Expecting exception: ArrayIndexOutOfBoundsException-, test14(org.joda.time.field.ZeroIsMaxDateTimeField_ESTest): expected:<12> but was:<1>-]|
 ----
ProgramVariant 2554
 
time(sec)= 1325
operation: ReplaceOp
location= org.joda.time.field.ZeroIsMaxDateTimeField
line= 178
lineSuspiciousness= 0.866
original statement= return (getWrappedField().getMaximumValue(instant, values)) + 1
fixed statement= return 1
generation= 1277
ingredientScope= PACKAGE
validation=
failing: |true|0|69|[]|
manual_regression: |true|0|12047|[warning(junit.framework.TestSuite$1): Class org.joda.time.chrono.gj.MainTest has no public constructor TestCase(String name) or TestCase()-]|
evo_regression: |false|2|59|[test57(org.joda.time.field.ZeroIsMaxDateTimeField_ESTest): Expecting exception: ArrayIndexOutOfBoundsException-, test14(org.joda.time.field.ZeroIsMaxDateTimeField_ESTest): expected:<12> but was:<1>-]|
 ----
ProgramVariant 2880
 
time(sec)= 1484
operation: ReplaceOp
location= org.joda.time.field.ZeroIsMaxDateTimeField
line= 148
lineSuspiciousness= 0.274
original statement= return (getWrappedField().getMaximumValue()) + 1
fixed statement= return 1
generation= 1440
ingredientScope= PACKAGE
validation=
failing: |true|0|69|[]|
manual_regression: |false|27|12047|[testGet_DateTimeFieldType(org.joda.time.TestInstant_Basics): expected:<24> but was:<1>-, testGet_DateTimeField(org.joda.time.TestDateMidnight_Basics): expected:<24> but was:<1>-, testGet_DateTimeFieldType(org.joda.time.TestDateMidnight_Basics): expected:<24> but was:<1>-, testGet_DateTimeFieldType(org.joda.time.TestLocalDateTime_Basics): expected:<12> but was:<1>-, testGet_DateTimeFieldType(org.joda.time.TestLocalTime_Basics): expected:<12> but was:<1>-, testGet_DateTimeFieldType(org.joda.time.TestInstant_Basics): expected:<24> but was:<1>-, testGet_DateTimeField(org.joda.time.TestDateMidnight_Basics): expected:<24> but was:<1>-, testGet_DateTimeFieldType(org.joda.time.TestDateMidnight_Basics): expected:<24> but was:<1>-, testGet_DateTimeFieldType(org.joda.time.TestLocalDateTime_Basics): expected:<12> but was:<1>-, testGet_DateTimeFieldType(org.joda.time.TestLocalTime_Basics): expected:<12> but was:<1>-, testFormatParse_textHalfdayAM_UK(org.joda.time.format.TestDateTimeFormat): Cannot parse "$06-PM-2007": Value 6 for clockhourOfHalfday must be in the range 1, 1-, ...and 18 failures more, testFormatParse_textHalfdayAM_France(org.joda.time.format.TestDateTimeFormat): Cannot parse "$06-PM-2007": Value 6 for clockhourOfHalfday must be in the range 1, 1-, ...and 18 failures more, testFormat_clockhourOfHalfday(org.joda.time.format.TestDateTimeFormat): 2004-06-09T00:00:00.000Z expected:<12> but was:<1>-, ...and 18 failures more, testFormat_clockhourOfDay(org.joda.time.format.TestDateTimeFormat): 2004-06-09T00:00:00.000Z expected:<24> but was:<1>-, ...and 18 failures more, testGet_DateTimeField(org.joda.time.TestDateMidnight_Basics): expected:<24> but was:<1>-, ...and 18 failures more, testGet_DateTimeFieldType(org.joda.time.TestDateMidnight_Basics): expected:<24> but was:<1>-, ...and 18 failures more, testGet_DateTimeFieldType(org.joda.time.TestInstant_Basics): expected:<24> but was:<1>-, ...and 18 failures more, testGet_DateTimeFieldType(org.joda.time.TestLocalDateTime_Basics): expected:<12> but was:<1>-, ...and 18 failures more, testGet_DateTimeFieldType(org.joda.time.TestLocalTime_Basics): expected:<12> but was:<1>-, ...and 18 failures more, warning(junit.framework.TestSuite$1): Class org.joda.time.chrono.gj.MainTest has no public constructor TestCase(String name) or TestCase()-, ...and 18 failures more, testFormatParse_textHalfdayAM_UK(org.joda.time.format.TestDateTimeFormat): Cannot parse "$06-PM-2007": Value 6 for clockhourOfHalfday must be in the range 1, 1-, ...and 18 failures more, testFormatParse_textHalfdayAM_France(org.joda.time.format.TestDateTimeFormat): Cannot parse "$06-PM-2007": Value 6 for clockhourOfHalfday must be in the range 1, 1-, ...and 18 failures more, testFormat_clockhourOfHalfday(org.joda.time.format.TestDateTimeFormat): 2004-06-09T00:00:00.000Z expected:<12> but was:<1>-, ...and 18 failures more, testFormat_clockhourOfDay(org.joda.time.format.TestDateTimeFormat): 2004-06-09T00:00:00.000Z expected:<24> but was:<1>-, ...and 18 failures more, testFormatParse_textHalfdayAM_UK(org.joda.time.format.TestDateTimeFormat): Cannot parse "$06-PM-2007": Value 6 for clockhourOfHalfday must be in the range 1, 1-, ...and 18 failures more, testFormatParse_textHalfdayAM_France(org.joda.time.format.TestDateTimeFormat): Cannot parse "$06-PM-2007": Value 6 for clockhourOfHalfday must be in the range 1, 1-, ...and 18 failures more, testFormat_clockhourOfHalfday(org.joda.time.format.TestDateTimeFormat): 2004-06-09T00:00:00.000Z expected:<12> but was:<1>-, ...and 18 failures more, testFormat_clockhourOfDay(org.joda.time.format.TestDateTimeFormat): 2004-06-09T00:00:00.000Z expected:<24> but was:<1>-, ...and 18 failures more]|
evo_regression: |false|3|59|[test34(org.joda.time.field.ZeroIsMaxDateTimeField_ESTest): expected:<12> but was:<1>-, test00(org.joda.time.field.ZeroIsMaxDateTimeField_ESTest): expected:<60000> but was:<0>-, test52(org.joda.time.field.ZeroIsMaxDateTimeField_ESTest): expected:<-1236> but was:<-43201236>-]|
 ----
ProgramVariant 3560
 
time(sec)= 1756
operation: ReplaceOp
location= org.joda.time.field.ZeroIsMaxDateTimeField
line= 178
lineSuspiciousness= 0.866
original statement= return (getWrappedField().getMaximumValue(instant, values)) + 1
fixed statement= return 2
generation= 1780
ingredientScope= PACKAGE
validation=
failing: |true|0|69|[]|
manual_regression: |true|0|12047|[warning(junit.framework.TestSuite$1): Class org.joda.time.chrono.gj.MainTest has no public constructor TestCase(String name) or TestCase()-]|
evo_regression: |false|2|59|[test57(org.joda.time.field.ZeroIsMaxDateTimeField_ESTest): Expecting exception: ArrayIndexOutOfBoundsException-, test14(org.joda.time.field.ZeroIsMaxDateTimeField_ESTest): expected:<12> but was:<2>-]|
 ----
ProgramVariant 3726
 
time(sec)= 1862
operation: ReplaceOp
location= org.joda.time.field.ZeroIsMaxDateTimeField
line= 178
lineSuspiciousness= 0.866
original statement= return (getWrappedField().getMaximumValue(instant, values)) + 1
fixed statement= return getMinimumValue()
generation= 1863
ingredientScope= PACKAGE
validation=
failing: |true|0|69|[]|
manual_regression: |true|0|12047|[warning(junit.framework.TestSuite$1): Class org.joda.time.chrono.gj.MainTest has no public constructor TestCase(String name) or TestCase()-]|
evo_regression: |false|2|59|[test57(org.joda.time.field.ZeroIsMaxDateTimeField_ESTest): Expecting exception: ArrayIndexOutOfBoundsException-, test14(org.joda.time.field.ZeroIsMaxDateTimeField_ESTest): expected:<12> but was:<1>-]|
 ----
ProgramVariant 3738
 
time(sec)= 1935
operation: ReplaceOp
location= org.joda.time.field.ZeroIsMaxDateTimeField
line= 148
lineSuspiciousness= 0.274
original statement= return (getWrappedField().getMaximumValue()) + 1
fixed statement= return 3
generation= 1869
ingredientScope= PACKAGE
validation=
failing: |true|0|69|[]|
manual_regression: |false|27|12047|[testGet_DateTimeFieldType(org.joda.time.TestInstant_Basics): expected:<24> but was:<3>-, testGet_DateTimeField(org.joda.time.TestDateMidnight_Basics): expected:<24> but was:<3>-, testGet_DateTimeFieldType(org.joda.time.TestDateMidnight_Basics): expected:<24> but was:<3>-, testGet_DateTimeFieldType(org.joda.time.TestLocalDateTime_Basics): expected:<12> but was:<3>-, testGet_DateTimeFieldType(org.joda.time.TestLocalTime_Basics): expected:<12> but was:<3>-, testGet_DateTimeFieldType(org.joda.time.TestInstant_Basics): expected:<24> but was:<3>-, testGet_DateTimeField(org.joda.time.TestDateMidnight_Basics): expected:<24> but was:<3>-, testGet_DateTimeFieldType(org.joda.time.TestDateMidnight_Basics): expected:<24> but was:<3>-, testGet_DateTimeFieldType(org.joda.time.TestLocalDateTime_Basics): expected:<12> but was:<3>-, testGet_DateTimeFieldType(org.joda.time.TestLocalTime_Basics): expected:<12> but was:<3>-, testFormatParse_textHalfdayAM_UK(org.joda.time.format.TestDateTimeFormat): Cannot parse "$06-PM-2007": Value 6 for clockhourOfHalfday must be in the range 1, 3-, ...and 18 failures more, testFormatParse_textHalfdayAM_France(org.joda.time.format.TestDateTimeFormat): Cannot parse "$06-PM-2007": Value 6 for clockhourOfHalfday must be in the range 1, 3-, ...and 18 failures more, testFormat_clockhourOfHalfday(org.joda.time.format.TestDateTimeFormat): 2004-06-09T00:00:00.000Z expected:<12> but was:<3>-, ...and 18 failures more, testFormat_clockhourOfDay(org.joda.time.format.TestDateTimeFormat): 2004-06-09T00:00:00.000Z expected:<24> but was:<3>-, ...and 18 failures more, testGet_DateTimeField(org.joda.time.TestDateMidnight_Basics): expected:<24> but was:<3>-, ...and 18 failures more, testGet_DateTimeFieldType(org.joda.time.TestDateMidnight_Basics): expected:<24> but was:<3>-, ...and 18 failures more, testGet_DateTimeFieldType(org.joda.time.TestInstant_Basics): expected:<24> but was:<3>-, ...and 18 failures more, testGet_DateTimeFieldType(org.joda.time.TestLocalDateTime_Basics): expected:<12> but was:<3>-, ...and 18 failures more, testGet_DateTimeFieldType(org.joda.time.TestLocalTime_Basics): expected:<12> but was:<3>-, ...and 18 failures more, warning(junit.framework.TestSuite$1): Class org.joda.time.chrono.gj.MainTest has no public constructor TestCase(String name) or TestCase()-, ...and 18 failures more, testFormatParse_textHalfdayAM_UK(org.joda.time.format.TestDateTimeFormat): Cannot parse "$06-PM-2007": Value 6 for clockhourOfHalfday must be in the range 1, 3-, ...and 18 failures more, testFormatParse_textHalfdayAM_France(org.joda.time.format.TestDateTimeFormat): Cannot parse "$06-PM-2007": Value 6 for clockhourOfHalfday must be in the range 1, 3-, ...and 18 failures more, testFormat_clockhourOfHalfday(org.joda.time.format.TestDateTimeFormat): 2004-06-09T00:00:00.000Z expected:<12> but was:<3>-, ...and 18 failures more, testFormat_clockhourOfDay(org.joda.time.format.TestDateTimeFormat): 2004-06-09T00:00:00.000Z expected:<24> but was:<3>-, ...and 18 failures more, testFormatParse_textHalfdayAM_UK(org.joda.time.format.TestDateTimeFormat): Cannot parse "$06-PM-2007": Value 6 for clockhourOfHalfday must be in the range 1, 3-, ...and 18 failures more, testFormatParse_textHalfdayAM_France(org.joda.time.format.TestDateTimeFormat): Cannot parse "$06-PM-2007": Value 6 for clockhourOfHalfday must be in the range 1, 3-, ...and 18 failures more, testFormat_clockhourOfHalfday(org.joda.time.format.TestDateTimeFormat): 2004-06-09T00:00:00.000Z expected:<12> but was:<3>-, ...and 18 failures more, testFormat_clockhourOfDay(org.joda.time.format.TestDateTimeFormat): 2004-06-09T00:00:00.000Z expected:<24> but was:<3>-, ...and 18 failures more]|
evo_regression: |false|3|59|[test33(org.joda.time.field.ZeroIsMaxDateTimeField_ESTest): Value 1 for year must be in the range 0, 0-, test34(org.joda.time.field.ZeroIsMaxDateTimeField_ESTest): expected:<12> but was:<3>-, test32(org.joda.time.field.ZeroIsMaxDateTimeField_ESTest): expected:<1> but was:<3>-]|
 ----
ProgramVariant 3932
 
time(sec)= 2047
operation: ReplaceOp
location= org.joda.time.field.ZeroIsMaxDateTimeField
line= 178
lineSuspiciousness= 0.866
original statement= return (getWrappedField().getMaximumValue(instant, values)) + 1
fixed statement= return 0
generation= 1966
ingredientScope= PACKAGE
validation=
failing: |true|0|69|[]|
manual_regression: |true|0|12047|[warning(junit.framework.TestSuite$1): Class org.joda.time.chrono.gj.MainTest has no public constructor TestCase(String name) or TestCase()-]|
evo_regression: |false|2|59|[test57(org.joda.time.field.ZeroIsMaxDateTimeField_ESTest): Expecting exception: ArrayIndexOutOfBoundsException-, test14(org.joda.time.field.ZeroIsMaxDateTimeField_ESTest): expected:<12> but was:<0>-]|
 ----
ProgramVariant 6132
 
time(sec)= 2682
operation: ReplaceOp
location= org.joda.time.field.ZeroIsMaxDateTimeField
line= 148
lineSuspiciousness= 0.274
original statement= return (getWrappedField().getMaximumValue()) + 1
fixed statement= return -1
generation= 3066
ingredientScope= PACKAGE
validation=
failing: |true|0|69|[]|
manual_regression: |false|27|12047|[testGet_DateTimeFieldType(org.joda.time.TestInstant_Basics): expected:<24> but was:<-1>-, testGet_DateTimeField(org.joda.time.TestDateMidnight_Basics): expected:<24> but was:<-1>-, testGet_DateTimeFieldType(org.joda.time.TestDateMidnight_Basics): expected:<24> but was:<-1>-, testGet_DateTimeFieldType(org.joda.time.TestLocalDateTime_Basics): expected:<12> but was:<-1>-, testGet_DateTimeFieldType(org.joda.time.TestLocalTime_Basics): expected:<12> but was:<-1>-, testGet_DateTimeFieldType(org.joda.time.TestInstant_Basics): expected:<24> but was:<-1>-, testGet_DateTimeField(org.joda.time.TestDateMidnight_Basics): expected:<24> but was:<-1>-, testGet_DateTimeFieldType(org.joda.time.TestDateMidnight_Basics): expected:<24> but was:<-1>-, testGet_DateTimeFieldType(org.joda.time.TestLocalDateTime_Basics): expected:<12> but was:<-1>-, testGet_DateTimeFieldType(org.joda.time.TestLocalTime_Basics): expected:<12> but was:<-1>-, testFormatParse_textHalfdayAM_UK(org.joda.time.format.TestDateTimeFormat): Cannot parse "$06-PM-2007": Value 6 for clockhourOfHalfday must be in the range 1, -1-, ...and 18 failures more, testFormatParse_textHalfdayAM_France(org.joda.time.format.TestDateTimeFormat): Cannot parse "$06-PM-2007": Value 6 for clockhourOfHalfday must be in the range 1, -1-, ...and 18 failures more, testFormat_clockhourOfHalfday(org.joda.time.format.TestDateTimeFormat): 2004-06-09T00:00:00.000Z expected:<12> but was:<-1>-, ...and 18 failures more, testFormat_clockhourOfDay(org.joda.time.format.TestDateTimeFormat): 2004-06-09T00:00:00.000Z expected:<24> but was:<-1>-, ...and 18 failures more, testGet_DateTimeField(org.joda.time.TestDateMidnight_Basics): expected:<24> but was:<-1>-, ...and 18 failures more, testGet_DateTimeFieldType(org.joda.time.TestDateMidnight_Basics): expected:<24> but was:<-1>-, ...and 18 failures more, testGet_DateTimeFieldType(org.joda.time.TestInstant_Basics): expected:<24> but was:<-1>-, ...and 18 failures more, testGet_DateTimeFieldType(org.joda.time.TestLocalDateTime_Basics): expected:<12> but was:<-1>-, ...and 18 failures more, testGet_DateTimeFieldType(org.joda.time.TestLocalTime_Basics): expected:<12> but was:<-1>-, ...and 18 failures more, warning(junit.framework.TestSuite$1): Class org.joda.time.chrono.gj.MainTest has no public constructor TestCase(String name) or TestCase()-, ...and 18 failures more, testFormatParse_textHalfdayAM_UK(org.joda.time.format.TestDateTimeFormat): Cannot parse "$06-PM-2007": Value 6 for clockhourOfHalfday must be in the range 1, -1-, ...and 18 failures more, testFormatParse_textHalfdayAM_France(org.joda.time.format.TestDateTimeFormat): Cannot parse "$06-PM-2007": Value 6 for clockhourOfHalfday must be in the range 1, -1-, ...and 18 failures more, testFormat_clockhourOfHalfday(org.joda.time.format.TestDateTimeFormat): 2004-06-09T00:00:00.000Z expected:<12> but was:<-1>-, ...and 18 failures more, testFormat_clockhourOfDay(org.joda.time.format.TestDateTimeFormat): 2004-06-09T00:00:00.000Z expected:<24> but was:<-1>-, ...and 18 failures more, testFormatParse_textHalfdayAM_UK(org.joda.time.format.TestDateTimeFormat): Cannot parse "$06-PM-2007": Value 6 for clockhourOfHalfday must be in the range 1, -1-, ...and 18 failures more, testFormatParse_textHalfdayAM_France(org.joda.time.format.TestDateTimeFormat): Cannot parse "$06-PM-2007": Value 6 for clockhourOfHalfday must be in the range 1, -1-, ...and 18 failures more, testFormat_clockhourOfHalfday(org.joda.time.format.TestDateTimeFormat): 2004-06-09T00:00:00.000Z expected:<12> but was:<-1>-, ...and 18 failures more, testFormat_clockhourOfDay(org.joda.time.format.TestDateTimeFormat): 2004-06-09T00:00:00.000Z expected:<24> but was:<-1>-, ...and 18 failures more]|
evo_regression: |false|5|59|[test33(org.joda.time.field.ZeroIsMaxDateTimeField_ESTest): Value 1 for year must be in the range 1, -1-, test34(org.joda.time.field.ZeroIsMaxDateTimeField_ESTest): expected:<12> but was:<-1>-, test32(org.joda.time.field.ZeroIsMaxDateTimeField_ESTest): expected:<1> but was:<-1>-, test00(org.joda.time.field.ZeroIsMaxDateTimeField_ESTest): Value 1 for minuteOfDay must be in the range 1, -1-, test52(org.joda.time.field.ZeroIsMaxDateTimeField_ESTest): Value 1 for hourOfHalfday must be in the range 1, -1-]|
 ----
ProgramVariant 7562
 
time(sec)= 3084
operation: ReplaceOp
location= org.joda.time.field.ZeroIsMaxDateTimeField
line= 148
lineSuspiciousness= 0.274
original statement= return (getWrappedField().getMaximumValue()) + 1
fixed statement= return getMinimumValue()
generation= 3781
ingredientScope= PACKAGE
validation=
failing: |true|0|69|[]|
manual_regression: |false|27|12047|[testGet_DateTimeFieldType(org.joda.time.TestInstant_Basics): expected:<24> but was:<1>-, testGet_DateTimeField(org.joda.time.TestDateMidnight_Basics): expected:<24> but was:<1>-, testGet_DateTimeFieldType(org.joda.time.TestDateMidnight_Basics): expected:<24> but was:<1>-, testGet_DateTimeFieldType(org.joda.time.TestLocalDateTime_Basics): expected:<12> but was:<1>-, testGet_DateTimeFieldType(org.joda.time.TestLocalTime_Basics): expected:<12> but was:<1>-, testGet_DateTimeFieldType(org.joda.time.TestInstant_Basics): expected:<24> but was:<1>-, testGet_DateTimeField(org.joda.time.TestDateMidnight_Basics): expected:<24> but was:<1>-, testGet_DateTimeFieldType(org.joda.time.TestDateMidnight_Basics): expected:<24> but was:<1>-, testGet_DateTimeFieldType(org.joda.time.TestLocalDateTime_Basics): expected:<12> but was:<1>-, testGet_DateTimeFieldType(org.joda.time.TestLocalTime_Basics): expected:<12> but was:<1>-, testFormatParse_textHalfdayAM_UK(org.joda.time.format.TestDateTimeFormat): Cannot parse "$06-PM-2007": Value 6 for clockhourOfHalfday must be in the range 1, 1-, ...and 18 failures more, testFormatParse_textHalfdayAM_France(org.joda.time.format.TestDateTimeFormat): Cannot parse "$06-PM-2007": Value 6 for clockhourOfHalfday must be in the range 1, 1-, ...and 18 failures more, testFormat_clockhourOfHalfday(org.joda.time.format.TestDateTimeFormat): 2004-06-09T00:00:00.000Z expected:<12> but was:<1>-, ...and 18 failures more, testFormat_clockhourOfDay(org.joda.time.format.TestDateTimeFormat): 2004-06-09T00:00:00.000Z expected:<24> but was:<1>-, ...and 18 failures more, testGet_DateTimeField(org.joda.time.TestDateMidnight_Basics): expected:<24> but was:<1>-, ...and 18 failures more, testGet_DateTimeFieldType(org.joda.time.TestDateMidnight_Basics): expected:<24> but was:<1>-, ...and 18 failures more, testGet_DateTimeFieldType(org.joda.time.TestInstant_Basics): expected:<24> but was:<1>-, ...and 18 failures more, testGet_DateTimeFieldType(org.joda.time.TestLocalDateTime_Basics): expected:<12> but was:<1>-, ...and 18 failures more, testGet_DateTimeFieldType(org.joda.time.TestLocalTime_Basics): expected:<12> but was:<1>-, ...and 18 failures more, warning(junit.framework.TestSuite$1): Class org.joda.time.chrono.gj.MainTest has no public constructor TestCase(String name) or TestCase()-, ...and 18 failures more, testFormatParse_textHalfdayAM_UK(org.joda.time.format.TestDateTimeFormat): Cannot parse "$06-PM-2007": Value 6 for clockhourOfHalfday must be in the range 1, 1-, ...and 18 failures more, testFormatParse_textHalfdayAM_France(org.joda.time.format.TestDateTimeFormat): Cannot parse "$06-PM-2007": Value 6 for clockhourOfHalfday must be in the range 1, 1-, ...and 18 failures more, testFormat_clockhourOfHalfday(org.joda.time.format.TestDateTimeFormat): 2004-06-09T00:00:00.000Z expected:<12> but was:<1>-, ...and 18 failures more, testFormat_clockhourOfDay(org.joda.time.format.TestDateTimeFormat): 2004-06-09T00:00:00.000Z expected:<24> but was:<1>-, ...and 18 failures more, testFormatParse_textHalfdayAM_UK(org.joda.time.format.TestDateTimeFormat): Cannot parse "$06-PM-2007": Value 6 for clockhourOfHalfday must be in the range 1, 1-, ...and 18 failures more, testFormatParse_textHalfdayAM_France(org.joda.time.format.TestDateTimeFormat): Cannot parse "$06-PM-2007": Value 6 for clockhourOfHalfday must be in the range 1, 1-, ...and 18 failures more, testFormat_clockhourOfHalfday(org.joda.time.format.TestDateTimeFormat): 2004-06-09T00:00:00.000Z expected:<12> but was:<1>-, ...and 18 failures more, testFormat_clockhourOfDay(org.joda.time.format.TestDateTimeFormat): 2004-06-09T00:00:00.000Z expected:<24> but was:<1>-, ...and 18 failures more]|
evo_regression: |false|3|59|[test34(org.joda.time.field.ZeroIsMaxDateTimeField_ESTest): expected:<12> but was:<1>-, test00(org.joda.time.field.ZeroIsMaxDateTimeField_ESTest): expected:<60000> but was:<0>-, test52(org.joda.time.field.ZeroIsMaxDateTimeField_ESTest): expected:<-1236> but was:<-43201236>-]|
 ----
ProgramVariant 9014
 
time(sec)= 3486
operation: ReplaceOp
location= org.joda.time.field.ZeroIsMaxDateTimeField
line= 148
lineSuspiciousness= 0.274
original statement= return (getWrappedField().getMaximumValue()) + 1
fixed statement= return 2
generation= 4507
ingredientScope= PACKAGE
validation=
failing: |true|0|69|[]|
manual_regression: |false|27|12047|[testGet_DateTimeFieldType(org.joda.time.TestInstant_Basics): expected:<24> but was:<2>-, testGet_DateTimeField(org.joda.time.TestDateMidnight_Basics): expected:<24> but was:<2>-, testGet_DateTimeFieldType(org.joda.time.TestDateMidnight_Basics): expected:<24> but was:<2>-, testGet_DateTimeFieldType(org.joda.time.TestLocalDateTime_Basics): expected:<12> but was:<2>-, testGet_DateTimeFieldType(org.joda.time.TestLocalTime_Basics): expected:<12> but was:<2>-, testGet_DateTimeFieldType(org.joda.time.TestInstant_Basics): expected:<24> but was:<2>-, testGet_DateTimeField(org.joda.time.TestDateMidnight_Basics): expected:<24> but was:<2>-, testGet_DateTimeFieldType(org.joda.time.TestDateMidnight_Basics): expected:<24> but was:<2>-, testGet_DateTimeFieldType(org.joda.time.TestLocalDateTime_Basics): expected:<12> but was:<2>-, testGet_DateTimeFieldType(org.joda.time.TestLocalTime_Basics): expected:<12> but was:<2>-, testFormatParse_textHalfdayAM_UK(org.joda.time.format.TestDateTimeFormat): Cannot parse "$06-PM-2007": Value 6 for clockhourOfHalfday must be in the range 1, 2-, ...and 18 failures more, testFormatParse_textHalfdayAM_France(org.joda.time.format.TestDateTimeFormat): Cannot parse "$06-PM-2007": Value 6 for clockhourOfHalfday must be in the range 1, 2-, ...and 18 failures more, testFormat_clockhourOfHalfday(org.joda.time.format.TestDateTimeFormat): 2004-06-09T00:00:00.000Z expected:<12> but was:<2>-, ...and 18 failures more, testFormat_clockhourOfDay(org.joda.time.format.TestDateTimeFormat): 2004-06-09T00:00:00.000Z expected:<24> but was:<2>-, ...and 18 failures more, testGet_DateTimeField(org.joda.time.TestDateMidnight_Basics): expected:<24> but was:<2>-, ...and 18 failures more, testGet_DateTimeFieldType(org.joda.time.TestDateMidnight_Basics): expected:<24> but was:<2>-, ...and 18 failures more, testGet_DateTimeFieldType(org.joda.time.TestInstant_Basics): expected:<24> but was:<2>-, ...and 18 failures more, testGet_DateTimeFieldType(org.joda.time.TestLocalDateTime_Basics): expected:<12> but was:<2>-, ...and 18 failures more, testGet_DateTimeFieldType(org.joda.time.TestLocalTime_Basics): expected:<12> but was:<2>-, ...and 18 failures more, warning(junit.framework.TestSuite$1): Class org.joda.time.chrono.gj.MainTest has no public constructor TestCase(String name) or TestCase()-, ...and 18 failures more, testFormatParse_textHalfdayAM_UK(org.joda.time.format.TestDateTimeFormat): Cannot parse "$06-PM-2007": Value 6 for clockhourOfHalfday must be in the range 1, 2-, ...and 18 failures more, testFormatParse_textHalfdayAM_France(org.joda.time.format.TestDateTimeFormat): Cannot parse "$06-PM-2007": Value 6 for clockhourOfHalfday must be in the range 1, 2-, ...and 18 failures more, testFormat_clockhourOfHalfday(org.joda.time.format.TestDateTimeFormat): 2004-06-09T00:00:00.000Z expected:<12> but was:<2>-, ...and 18 failures more, testFormat_clockhourOfDay(org.joda.time.format.TestDateTimeFormat): 2004-06-09T00:00:00.000Z expected:<24> but was:<2>-, ...and 18 failures more, testFormatParse_textHalfdayAM_UK(org.joda.time.format.TestDateTimeFormat): Cannot parse "$06-PM-2007": Value 6 for clockhourOfHalfday must be in the range 1, 2-, ...and 18 failures more, testFormatParse_textHalfdayAM_France(org.joda.time.format.TestDateTimeFormat): Cannot parse "$06-PM-2007": Value 6 for clockhourOfHalfday must be in the range 1, 2-, ...and 18 failures more, testFormat_clockhourOfHalfday(org.joda.time.format.TestDateTimeFormat): 2004-06-09T00:00:00.000Z expected:<12> but was:<2>-, ...and 18 failures more, testFormat_clockhourOfDay(org.joda.time.format.TestDateTimeFormat): 2004-06-09T00:00:00.000Z expected:<24> but was:<2>-, ...and 18 failures more]|
evo_regression: |false|3|59|[test33(org.joda.time.field.ZeroIsMaxDateTimeField_ESTest): Value 1 for year must be in the range 0, 0-, test34(org.joda.time.field.ZeroIsMaxDateTimeField_ESTest): expected:<12> but was:<2>-, test32(org.joda.time.field.ZeroIsMaxDateTimeField_ESTest): expected:<1> but was:<2>-]|
 ----
ProgramVariant 15252
 
time(sec)= 5123
operation: InsertAfterOp
location= org.joda.time.Partial
line= 449
lineSuspiciousness= 0.354
original statement= if ((rangeField.compareTo(loopRangeField)) > 0) {
	break;
} 
fixed statement= throw new java.lang.IllegalArgumentException("Field must not be null")
generation= 7626
ingredientScope= PACKAGE
validation=
failing: |true|0|69|[]|
manual_regression: |false|6|12047|[testIsContiguous_RP(org.joda.time.TestDateTimeUtils): Field must not be null-, testIsContiguous_RP_GJChronology(org.joda.time.TestDateTimeUtils): Field must not be null-, testIsContiguous_RP(org.joda.time.TestDateTimeUtils): Field must not be null-, testIsContiguous_RP_GJChronology(org.joda.time.TestDateTimeUtils): Field must not be null-, testIsContiguous_RP(org.joda.time.TestDateTimeUtils): Field must not be null-, testIsContiguous_RP_GJChronology(org.joda.time.TestDateTimeUtils): Field must not be null-, warning(junit.framework.TestSuite$1): Class org.joda.time.chrono.gj.MainTest has no public constructor TestCase(String name) or TestCase()-]|
evo_regression: |false|1|93|[test18(org.joda.time.Partial_ESTest): Exception was not thrown in org.joda.time.chrono.BaseChronology but in org.joda.time.Partial.with(Partial.java:197): org.evosuite.runtime.mock.java.lang.MockThrowable: Field must not be null-]|
 ----
ProgramVariant 21870
 
time(sec)= 6764
operation: InsertAfterOp
location= org.joda.time.Partial
line= 449
lineSuspiciousness= 0.354
original statement= if ((rangeField.compareTo(loopRangeField)) > 0) {
	break;
} 
fixed statement= if ((isSupported(fieldType)) == false) {
	throw new java.lang.IllegalArgumentException((("Field '" + fieldType) + "' is not supported"));
} 
generation= 10935
ingredientScope= PACKAGE
validation=
failing: |true|0|69|[]|
manual_regression: |false|6|12047|[testIsContiguous_RP(org.joda.time.TestDateTimeUtils): Field 'dayOfWeek' is not supported-, testIsContiguous_RP_GJChronology(org.joda.time.TestDateTimeUtils): Field 'dayOfWeek' is not supported-, testIsContiguous_RP(org.joda.time.TestDateTimeUtils): Field 'dayOfWeek' is not supported-, testIsContiguous_RP_GJChronology(org.joda.time.TestDateTimeUtils): Field 'dayOfWeek' is not supported-, testIsContiguous_RP(org.joda.time.TestDateTimeUtils): Field 'dayOfWeek' is not supported-, testIsContiguous_RP_GJChronology(org.joda.time.TestDateTimeUtils): Field 'dayOfWeek' is not supported-, warning(junit.framework.TestSuite$1): Class org.joda.time.chrono.gj.MainTest has no public constructor TestCase(String name) or TestCase()-]|
evo_regression: |false|1|93|[test18(org.joda.time.Partial_ESTest): Exception was not thrown in org.joda.time.chrono.BaseChronology but in org.joda.time.Partial.with(Partial.java:198): org.evosuite.runtime.mock.java.lang.MockThrowable: Field 'hourOfHalfday' is not supported-]|
[INFO ] fr.inria.main.evolution.AstorMain.run(AstorMain.java:397) - Time Total(s): 7327.269


Node: grisou-14.nancy.grid5000.fr


Date: Wed Jan 18 02:00:23 CET 2017

removed classes 

zipped 

copied zip 


