seed AstorRun 26 
export PATH="/home/mmartinez/defects4j/framework/bin:$PATH";export JAVA_TOOL_OPTIONS=-Dfile.encoding=UTF8;export PATH="/usr/lib/jvm/java-1.7.0-openjdk-amd64/bin/:$PATH";cd /home/mmartinez/projects/chart/chart_3;defects4j compile;cp -r /home/mmartinez/projects/chart/chart_3 /tmp/chart_3_Genprog_local_s1;cd /tmp/chart_3_Genprog_local_s1;mkdir lib/;cp -r /home/mmartinez/defects4j/framework/projects/lib/* lib/;cp -r /home/mmartinez/defects4j/framework/projects/Chart/lib/* lib/;find . -type f -name "package-info.java" -delete;
/home/mmartinez/defects4j-repair/src/python/core/../../../results/2016-june/Chart/seed/26/package/3/Genprog/result
cd /tmp/chart_3_Genprog_local_s1;export JAVA_TOOL_OPTIONS=-Dfile.encoding=UTF8;TZ="America/New_York"; export TZexport PATH="/usr/lib/jvm/java-1.7.0-openjdk-amd64/bin/:$PATH";time /home/mmartinez/jdk1.8.0_45/bin//java -Xmx4096m -cp /home/mmartinez/defects4j-repair/src/python/core/../../..//libs/astor.jar fr.inria.main.evolution.MainjGenProg -mode statement -location . -id Chart -dependencies lib/ -failing org.jfree.data.time.junit.TimeSeriesTests: -package org.jfree -jvm4testexecution /usr/lib/jvm/java-1.7.0-openjdk-amd64/bin/ -jvm4evosuitetestexecution /home/mmartinez/jdk1.8.0_45/bin/ -javacompliancelevel 4 -maxgen 1000000 -seed 26 -scope package -maxtime 120  -stopfirst false -population 1 -srcjavafolder source/ -srctestfolder tests/ -binjavafolder build/ -bintestfolder build-tests/ -flthreshold 0.1  -validation  fr.inria.astor.core.validation.validators.RegressionValidation  -ESParameters -Dassertion_timeout=1800:-Dminimization_timeout=1800:-Djunit_check_timeout=1800:-Dwrite_junit_timeout=300:-Dinitialization_timeout=300:-Dglobal_timeout=18000:-Dsearch_budget=100000:-Dstopping_condition=MaxStatements:-Dno_runtime_dependency=true:-Dsandbox=false:-Dp_reflection_on_private=0.0:-Dreflection_start_percent=1.0:-Dp_functional_mocking=0.0:-Dfunctional_mocking_percent=1.0:-mem=2000 -testbystep  -ignoredtestcases org.apache.commons.lang.LocaleUtilsTest  -excludeRegression  -maxgen 100000000 ;echo "

Node: `hostname`
";echo "
Date: `date`
"; find /tmp/chart_3_Genprog_local_s1/outputMutation -name "*.class" -type f -delete;echo "removed classes 
"; find . -name bin  -type d -print0|xargs -0 rm -r --; zip -r -q out.zip /tmp/chart_3_Genprog_local_s1/outputMutation; echo "zipped 
";cp out.zip /home/mmartinez/defects4j-repair/src/python/core/../../../results/2016-june/Chart/seed/26/package/3/Genprog; echo "copied zip 
";rm -rf /tmp/chart_3_Genprog_local_s1;

[DEBUG] fr.inria.astor.core.loop.AstorCoreEngine.showResults(AstorCoreEngine.java:136) - End Repair Loops: Found solution
[DEBUG] fr.inria.astor.core.loop.AstorCoreEngine.showResults(AstorCoreEngine.java:137) - Solution stored at: /tmp/chart_3_Genprog_local_s1/./outputMutation/AstorMain-Chart//src/
[DEBUG] fr.inria.astor.core.loop.AstorCoreEngine.showResults(AstorCoreEngine.java:142) - 
Number solutions:6
[DEBUG] fr.inria.astor.core.loop.AstorCoreEngine.showResults(AstorCoreEngine.java:144) - f (sol): 0.0, [Variant id: 628 (SOL) , #gens: 76, #ops: 1, parent:627]
[DEBUG] fr.inria.astor.core.loop.AstorCoreEngine.showResults(AstorCoreEngine.java:144) - f (sol): 0.0, [Variant id: 722 (SOL) , #gens: 75, #ops: 1, parent:721]
[DEBUG] fr.inria.astor.core.loop.AstorCoreEngine.showResults(AstorCoreEngine.java:144) - f (sol): 0.0, [Variant id: 1428 (SOL) , #gens: 76, #ops: 1, parent:1427]
[DEBUG] fr.inria.astor.core.loop.AstorCoreEngine.showResults(AstorCoreEngine.java:144) - f (sol): 0.0, [Variant id: 4000 (SOL) , #gens: 76, #ops: 1, parent:3999]
[DEBUG] fr.inria.astor.core.loop.AstorCoreEngine.showResults(AstorCoreEngine.java:144) - f (sol): 0.0, [Variant id: 4020 (SOL) , #gens: 76, #ops: 1, parent:4019]
[DEBUG] fr.inria.astor.core.loop.AstorCoreEngine.showResults(AstorCoreEngine.java:144) - f (sol): 1.0, [Variant id: 4618 (SOL) , #gens: 76, #ops: 1, parent:4617]
[DEBUG] fr.inria.astor.core.loop.AstorCoreEngine.showResults(AstorCoreEngine.java:146) - 
All variants:
[DEBUG] fr.inria.astor.core.loop.AstorCoreEngine.showResults(AstorCoreEngine.java:148) - f 1.0, [Variant id: 4643, #gens: 75, #ops: 0, parent:-]
[INFO ] fr.inria.astor.core.loop.AstorCoreEngine.showResults(AstorCoreEngine.java:152) - 
Solution details
[INFO ] fr.inria.astor.core.loop.AstorCoreEngine.showResults(AstorCoreEngine.java:153) - 
 --SOLUTIONS DESCRIPTION--

 ----
ProgramVariant 628
 
time(sec)= 1251
operation: InsertAfterOp
location= org.jfree.data.time.TimeSeries
line= 579
lineSuspiciousness= 0.151
original statement= item = ((org.jfree.data.time.TimeSeriesDataItem)(item.clone()))
fixed statement= updateBoundsForRemovedItem(item)
generation= 314
ingredientScope= LOCAL
validation=
failing: |true|0|37|[]|
manual_regression: |true|0|4390|[]|
evo_regression: |true|0|148|[]|
 ----
ProgramVariant 722
 
time(sec)= 1583
operation: ReplaceOp
location= org.jfree.data.time.TimeSeries
line= 638
lineSuspiciousness= 0.151
original statement= fireSeriesChanged()
fixed statement= findBoundsByIteration()
generation= 361
ingredientScope= LOCAL
validation=
failing: |true|0|37|[]|
manual_regression: |true|0|4390|[]|
evo_regression: |true|0|148|[]|
 ----
ProgramVariant 1428
 
time(sec)= 2833
operation: InsertBeforeOp
location= org.jfree.data.time.TimeSeries
line= 254
lineSuspiciousness= 0.144
original statement= return org.jfree.data.time.TimeSeries.this.data.size()
fixed statement= findBoundsByIteration()
generation= 714
ingredientScope= LOCAL
validation=
failing: |true|0|37|[]|
manual_regression: |true|0|4390|[]|
evo_regression: |true|0|148|[]|
 ----
ProgramVariant 4000
 
time(sec)= 6053
operation: InsertBeforeOp
location= org.jfree.data.time.TimeSeries
line= 877
lineSuspiciousness= 0.151
original statement= if ((getItemCount()) > 1) {
	long latest = getTimePeriod(((getItemCount()) - 1)).getSerialIndex();
	boolean removed = false;
	while ((latest - (getTimePeriod(0).getSerialIndex())) > (org.jfree.data.time.TimeSeries.this.maximumItemAge)) {
		org.jfree.data.time.TimeSeries.this.data.remove(0);
		removed = true;
	}
	if (removed) {
		findBoundsByIteration();
		if (notify) {
			fireSeriesChanged();
		} 
	} 
} 
fixed statement= findBoundsByIteration()
generation= 2000
ingredientScope= LOCAL
validation=
failing: |true|0|37|[]|
manual_regression: |true|0|4390|[]|
evo_regression: |true|0|148|[]|
 ----
ProgramVariant 4020
 
time(sec)= 6281
operation: InsertAfterOp
location= org.jfree.data.time.TimeSeries
line= 627
lineSuspiciousness= 0.151
original statement= updateBoundsForAddedItem(item)
fixed statement= findBoundsByIteration()
generation= 2010
ingredientScope= LOCAL
validation=
failing: |true|0|37|[]|
manual_regression: |true|0|4390|[]|
evo_regression: |true|0|148|[]|
 ----
ProgramVariant 4618
 
time(sec)= 7246
operation: InsertBeforeOp
location= org.jfree.data.time.TimeSeries
line= 564
lineSuspiciousness= 0.447
original statement= add(item, true)
fixed statement= updateBoundsForRemovedItem(item)
generation= 2309
ingredientScope= LOCAL
validation=
failing: |true|0|37|[]|
manual_regression: |true|0|4390|[]|
evo_regression: |false|1|148|[test057(org.jfree.data.time.TimeSeries_ESTest): null-]|
[INFO ] fr.inria.main.evolution.AstorMain.run(AstorMain.java:397) - Time Total(s): 7334.204


Node: graphene-104.nancy.grid5000.fr


Date: Sat Jan 28 02:41:18 CET 2017

removed classes 

zipped 

copied zip 


