seed AstorRun 30 
export PATH="/home/mmartinez/defects4j/framework/bin:$PATH";export JAVA_TOOL_OPTIONS=-Dfile.encoding=UTF8;export PATH="/usr/lib/jvm/java-1.7.0-openjdk-amd64/bin/:$PATH";cd /home/mmartinez/projects/chart/chart_3;defects4j compile;cp -r /home/mmartinez/projects/chart/chart_3 /tmp/chart_3_Genprog_local_s1;cd /tmp/chart_3_Genprog_local_s1;mkdir lib/;cp -r /home/mmartinez/defects4j/framework/projects/lib/* lib/;cp -r /home/mmartinez/defects4j/framework/projects/Chart/lib/* lib/;find . -type f -name "package-info.java" -delete;
/home/mmartinez/defects4j-repair/src/python/core/../../../results/2016-june/Chart/seed/30/package/3/Genprog/result
cd /tmp/chart_3_Genprog_local_s1;export JAVA_TOOL_OPTIONS=-Dfile.encoding=UTF8;TZ="America/New_York"; export TZexport PATH="/usr/lib/jvm/java-1.7.0-openjdk-amd64/bin/:$PATH";time /home/mmartinez/jdk1.8.0_45/bin//java -Xmx4096m -cp /home/mmartinez/defects4j-repair/src/python/core/../../..//libs/astor.jar fr.inria.main.evolution.MainjGenProg -mode statement -location . -id Chart -dependencies lib/ -failing org.jfree.data.time.junit.TimeSeriesTests: -package org.jfree -jvm4testexecution /usr/lib/jvm/java-1.7.0-openjdk-amd64/bin/ -jvm4evosuitetestexecution /home/mmartinez/jdk1.8.0_45/bin/ -javacompliancelevel 4 -maxgen 1000000 -seed 30 -scope package -maxtime 120  -stopfirst false -population 1 -srcjavafolder source/ -srctestfolder tests/ -binjavafolder build/ -bintestfolder build-tests/ -flthreshold 0.1  -validation  fr.inria.astor.core.validation.validators.RegressionValidation  -ESParameters -Dassertion_timeout=1800:-Dminimization_timeout=1800:-Djunit_check_timeout=1800:-Dwrite_junit_timeout=300:-Dinitialization_timeout=300:-Dglobal_timeout=18000:-Dsearch_budget=100000:-Dstopping_condition=MaxStatements:-Dno_runtime_dependency=true:-Dsandbox=false:-Dp_reflection_on_private=0.0:-Dreflection_start_percent=1.0:-Dp_functional_mocking=0.0:-Dfunctional_mocking_percent=1.0:-mem=2000 -testbystep  -ignoredtestcases org.apache.commons.lang.LocaleUtilsTest  -excludeRegression  -maxgen 100000000 ;echo "

Node: `hostname`
";echo "
Date: `date`
"; find /tmp/chart_3_Genprog_local_s1/outputMutation -name "*.class" -type f -delete;echo "removed classes 
"; find . -name bin  -type d -print0|xargs -0 rm -r --; zip -r -q out.zip /tmp/chart_3_Genprog_local_s1/outputMutation; echo "zipped 
";cp out.zip /home/mmartinez/defects4j-repair/src/python/core/../../../results/2016-june/Chart/seed/30/package/3/Genprog; echo "copied zip 
";rm -rf /tmp/chart_3_Genprog_local_s1;

[DEBUG] fr.inria.astor.core.loop.AstorCoreEngine.showResults(AstorCoreEngine.java:136) - End Repair Loops: Found solution
[DEBUG] fr.inria.astor.core.loop.AstorCoreEngine.showResults(AstorCoreEngine.java:137) - Solution stored at: /tmp/chart_3_Genprog_local_s1/./outputMutation/AstorMain-Chart//src/
[DEBUG] fr.inria.astor.core.loop.AstorCoreEngine.showResults(AstorCoreEngine.java:142) - 
Number solutions:4
[DEBUG] fr.inria.astor.core.loop.AstorCoreEngine.showResults(AstorCoreEngine.java:144) - f (sol): 0.0, [Variant id: 2016 (SOL) , #gens: 76, #ops: 1, parent:2015]
[DEBUG] fr.inria.astor.core.loop.AstorCoreEngine.showResults(AstorCoreEngine.java:144) - f (sol): 0.0, [Variant id: 4202 (SOL) , #gens: 76, #ops: 1, parent:4201]
[DEBUG] fr.inria.astor.core.loop.AstorCoreEngine.showResults(AstorCoreEngine.java:144) - f (sol): 0.0, [Variant id: 5404 (SOL) , #gens: 76, #ops: 1, parent:5403]
[DEBUG] fr.inria.astor.core.loop.AstorCoreEngine.showResults(AstorCoreEngine.java:144) - f (sol): 0.0, [Variant id: 5476 (SOL) , #gens: 75, #ops: 1, parent:5475]
[DEBUG] fr.inria.astor.core.loop.AstorCoreEngine.showResults(AstorCoreEngine.java:146) - 
All variants:
[DEBUG] fr.inria.astor.core.loop.AstorCoreEngine.showResults(AstorCoreEngine.java:148) - f 1.0, [Variant id: 5557, #gens: 75, #ops: 0, parent:-]
[INFO ] fr.inria.astor.core.loop.AstorCoreEngine.showResults(AstorCoreEngine.java:152) - 
Solution details
[INFO ] fr.inria.astor.core.loop.AstorCoreEngine.showResults(AstorCoreEngine.java:153) - 
 --SOLUTIONS DESCRIPTION--

 ----
ProgramVariant 2016
 
time(sec)= 2925
operation: InsertAfterOp
location= org.jfree.data.time.TimeSeries
line= 599
lineSuspiciousness= 0.151
original statement= org.jfree.data.time.TimeSeries.this.data.add(item)
fixed statement= findBoundsByIteration()
generation= 1008
ingredientScope= LOCAL
validation=
failing: |true|0|37|[]|
manual_regression: |true|0|4390|[]|
evo_regression: |true|0|122|[]|
 ----
ProgramVariant 4202
 
time(sec)= 5400
operation: InsertAfterOp
location= org.jfree.data.time.TimeSeries
line= 638
lineSuspiciousness= 0.151
original statement= fireSeriesChanged()
fixed statement= updateBoundsForRemovedItem(item)
generation= 2101
ingredientScope= LOCAL
validation=
failing: |true|0|37|[]|
manual_regression: |true|0|4390|[]|
evo_regression: |true|0|122|[]|
 ----
ProgramVariant 5404
 
time(sec)= 6846
operation: InsertAfterOp
location= org.jfree.data.time.TimeSeries
line= 600
lineSuspiciousness= 0.151
original statement= added = true
fixed statement= findBoundsByIteration()
generation= 2702
ingredientScope= LOCAL
validation=
failing: |true|0|37|[]|
manual_regression: |true|0|4390|[]|
evo_regression: |true|0|122|[]|
 ----
ProgramVariant 5476
 
time(sec)= 7215
operation: ReplaceOp
location= org.jfree.data.time.TimeSeries
line= 638
lineSuspiciousness= 0.151
original statement= fireSeriesChanged()
fixed statement= updateBoundsForRemovedItem(item)
generation= 2738
ingredientScope= LOCAL
validation=
failing: |true|0|37|[]|
manual_regression: |true|0|4390|[]|
evo_regression: |true|0|122|[]|
[INFO ] fr.inria.main.evolution.AstorMain.run(AstorMain.java:397) - Time Total(s): 7315.741


Node: grisou-13.nancy.grid5000.fr


Date: Sun Jan 29 22:41:56 CET 2017

removed classes 

zipped 

copied zip 


