seed AstorRun 20 
export PATH="/home/mmartinez/defects4j/framework/bin:$PATH";export JAVA_TOOL_OPTIONS=-Dfile.encoding=UTF8;export PATH="/usr/lib/jvm/java-1.7.0-openjdk-amd64/bin/:$PATH";cd /home/mmartinez/projects/math/math_40;defects4j compile;cp -r /home/mmartinez/projects/math/math_40 /tmp/math_40_Genprog_local_s1;cd /tmp/math_40_Genprog_local_s1;mkdir lib/;cp -r /home/mmartinez/defects4j/framework/projects/lib/* lib/;cp -r /home/mmartinez/defects4j/framework/projects/Math/lib/* lib/;find . -type f -name "package-info.java" -delete;
/home/mmartinez/defects4j-repair/src/python/core/../../../results/2016-june/Math/seed/20/package/40/Genprog/result
cd /tmp/math_40_Genprog_local_s1;export JAVA_TOOL_OPTIONS=-Dfile.encoding=UTF8;TZ="America/New_York"; export TZexport PATH="/usr/lib/jvm/java-1.7.0-openjdk-amd64/bin/:$PATH";time /home/mmartinez/jdk1.8.0_45/bin//java -Xmx4096m -cp /home/mmartinez/defects4j-repair/src/python/core/../../..//libs/astor.jar fr.inria.main.evolution.MainjGenProg -mode statement -location . -id Math -dependencies lib/ -failing org.apache.commons.math.analysis.solvers.BracketingNthOrderBrentSolverTest: -package org.apache.commons -jvm4testexecution /usr/lib/jvm/java-1.7.0-openjdk-amd64/bin/ -jvm4evosuitetestexecution /home/mmartinez/jdk1.8.0_45/bin/ -javacompliancelevel 5 -maxgen 1000000 -seed 20 -scope package -maxtime 120  -stopfirst false -population 1 -srcjavafolder src/main/java/ -srctestfolder src/test/java/ -binjavafolder target/classes/ -bintestfolder target/test-classes/ -flthreshold 0.1  -validation  fr.inria.astor.core.validation.validators.RegressionValidation  -ESParameters -Dassertion_timeout=1800:-Dminimization_timeout=1800:-Djunit_check_timeout=1800:-Dwrite_junit_timeout=300:-Dinitialization_timeout=300:-Dglobal_timeout=18000:-Dsearch_budget=100000:-Dstopping_condition=MaxStatements:-Dno_runtime_dependency=true:-Dsandbox=false:-Dp_reflection_on_private=0.0:-Dreflection_start_percent=1.0:-Dp_functional_mocking=0.0:-Dfunctional_mocking_percent=1.0:-mem=2000 -ignoredtestcases org.apache.commons.lang.LocaleUtilsTest  -excludeRegression  -maxgen 100000000 ;echo "

Node: `hostname`
";echo "
Date: `date`
"; find /tmp/math_40_Genprog_local_s1/outputMutation -name "*.class" -type f -delete;echo "removed classes 
"; find . -name bin  -type d -print0|xargs -0 rm -r --; zip -r -q out.zip /tmp/math_40_Genprog_local_s1/outputMutation; echo "zipped 
";cp out.zip /home/mmartinez/defects4j-repair/src/python/core/../../../results/2016-june/Math/seed/20/package/40/Genprog; echo "copied zip 
";rm -rf /tmp/math_40_Genprog_local_s1;

[DEBUG] fr.inria.astor.core.loop.AstorCoreEngine.showResults(AstorCoreEngine.java:136) - End Repair Loops: Found solution
[DEBUG] fr.inria.astor.core.loop.AstorCoreEngine.showResults(AstorCoreEngine.java:137) - Solution stored at: /tmp/math_40_Genprog_local_s1/./outputMutation/AstorMain-Math//src/
[DEBUG] fr.inria.astor.core.loop.AstorCoreEngine.showResults(AstorCoreEngine.java:142) - 
Number solutions:10
[DEBUG] fr.inria.astor.core.loop.AstorCoreEngine.showResults(AstorCoreEngine.java:144) - f (sol): 4.0, [Variant id: 4 (SOL) , #gens: 86, #ops: 1, parent:3]
[DEBUG] fr.inria.astor.core.loop.AstorCoreEngine.showResults(AstorCoreEngine.java:144) - f (sol): 5.0, [Variant id: 26 (SOL) , #gens: 84, #ops: 1, parent:25]
[DEBUG] fr.inria.astor.core.loop.AstorCoreEngine.showResults(AstorCoreEngine.java:144) - f (sol): 5.0, [Variant id: 40 (SOL) , #gens: 84, #ops: 1, parent:39]
[DEBUG] fr.inria.astor.core.loop.AstorCoreEngine.showResults(AstorCoreEngine.java:144) - f (sol): 5.0, [Variant id: 440 (SOL) , #gens: 84, #ops: 1, parent:439]
[DEBUG] fr.inria.astor.core.loop.AstorCoreEngine.showResults(AstorCoreEngine.java:144) - f (sol): 5.0, [Variant id: 484 (SOL) , #gens: 84, #ops: 1, parent:483]
[DEBUG] fr.inria.astor.core.loop.AstorCoreEngine.showResults(AstorCoreEngine.java:144) - f (sol): 5.0, [Variant id: 544 (SOL) , #gens: 84, #ops: 1, parent:543]
[DEBUG] fr.inria.astor.core.loop.AstorCoreEngine.showResults(AstorCoreEngine.java:144) - f (sol): 2.0, [Variant id: 580 (SOL) , #gens: 84, #ops: 1, parent:579]
[DEBUG] fr.inria.astor.core.loop.AstorCoreEngine.showResults(AstorCoreEngine.java:144) - f (sol): 4.0, [Variant id: 806 (SOL) , #gens: 86, #ops: 1, parent:805]
[DEBUG] fr.inria.astor.core.loop.AstorCoreEngine.showResults(AstorCoreEngine.java:144) - f (sol): 5.0, [Variant id: 830 (SOL) , #gens: 84, #ops: 1, parent:829]
[DEBUG] fr.inria.astor.core.loop.AstorCoreEngine.showResults(AstorCoreEngine.java:144) - f (sol): 4.0, [Variant id: 1202 (SOL) , #gens: 84, #ops: 1, parent:1201]
[DEBUG] fr.inria.astor.core.loop.AstorCoreEngine.showResults(AstorCoreEngine.java:146) - 
All variants:
[DEBUG] fr.inria.astor.core.loop.AstorCoreEngine.showResults(AstorCoreEngine.java:148) - f 1.0, [Variant id: 1203, #gens: 85, #ops: 0, parent:-]
[INFO ] fr.inria.astor.core.loop.AstorCoreEngine.showResults(AstorCoreEngine.java:152) - 
Solution details
[INFO ] fr.inria.astor.core.loop.AstorCoreEngine.showResults(AstorCoreEngine.java:153) - 
 --SOLUTIONS DESCRIPTION--

 ----
ProgramVariant 4
 
time(sec)= 833
operation: InsertAfterOp
location= org.apache.commons.math.analysis.solvers.BracketingNthOrderBrentSolver
line= 326
lineSuspiciousness= 0.162
original statement= yB = nextY
fixed statement= signChangeIndex = 2
generation= 2
ingredientScope= LOCAL
validation=
failing: |true|0|15|[]|
manual_regression: |true|0|3135|[]|
evo_regression: |false|4|26|[test14(org.apache.commons.math.analysis.solvers.BracketingNthOrderBrentSolver_ESTest): expected:<-1322.6105071612708> but was:<-1454.5573985116353>-, test10(org.apache.commons.math.analysis.solvers.BracketingNthOrderBrentSolver_ESTest): expected:<-757.1238295151402> but was:<-292.1681167838508>-, test12(org.apache.commons.math.analysis.solvers.BracketingNthOrderBrentSolver_ESTest): expected:<-479.09287967246297> but was:<-428.82739721621016>-, test11(org.apache.commons.math.analysis.solvers.BracketingNthOrderBrentSolver_ESTest): expected:<-479.0928796721311> but was:<-428.8273972149316>-]|
 ----
ProgramVariant 26
 
time(sec)= 1349
operation: RemoveOp
location= org.apache.commons.math.analysis.solvers.BaseAbstractUnivariateRealSolver
line= 296
lineSuspiciousness= 0.408
original statement= throw new org.apache.commons.math.exception.TooManyEvaluationsException(e.getMax())
fixed statement= 
generation= 13
ingredientScope= -
validation=
failing: |true|0|15|[]|
manual_regression: |false|2|3135|[testQuinticZero(org.apache.commons.math.analysis.solvers.BrentSolverTest): Expected TooManyEvaluationsException-, testEventsNoConvergence(org.apache.commons.math.ode.nonstiff.HighamHall54IntegratorTest): an exception should have been thrown-]|
evo_regression: |false|3|23|[test11(org.apache.commons.math.analysis.solvers.BaseAbstractUnivariateRealSolver_ESTest): Expecting exception: IllegalStateException-, test12(org.apache.commons.math.analysis.solvers.BaseAbstractUnivariateRealSolver_ESTest): null-, test13(org.apache.commons.math.analysis.solvers.BaseAbstractUnivariateRealSolver_ESTest): test timed out after 4000 milliseconds-]|
 ----
ProgramVariant 40
 
time(sec)= 1621
operation: RemoveOp
location= org.apache.commons.math.analysis.solvers.BaseAbstractUnivariateRealSolver
line= 296
lineSuspiciousness= 0.408
original statement= throw new org.apache.commons.math.exception.TooManyEvaluationsException(e.getMax())
fixed statement= 
generation= 20
ingredientScope= -
validation=
failing: |true|0|15|[]|
manual_regression: |false|2|3135|[testQuinticZero(org.apache.commons.math.analysis.solvers.BrentSolverTest): Expected TooManyEvaluationsException-, testEventsNoConvergence(org.apache.commons.math.ode.nonstiff.HighamHall54IntegratorTest): an exception should have been thrown-]|
evo_regression: |false|3|23|[test11(org.apache.commons.math.analysis.solvers.BaseAbstractUnivariateRealSolver_ESTest): Expecting exception: IllegalStateException-, test12(org.apache.commons.math.analysis.solvers.BaseAbstractUnivariateRealSolver_ESTest): null-, test13(org.apache.commons.math.analysis.solvers.BaseAbstractUnivariateRealSolver_ESTest): test timed out after 4000 milliseconds-]|
 ----
ProgramVariant 440
 
time(sec)= 2758
operation: RemoveOp
location= org.apache.commons.math.analysis.solvers.BaseAbstractUnivariateRealSolver
line= 296
lineSuspiciousness= 0.408
original statement= throw new org.apache.commons.math.exception.TooManyEvaluationsException(e.getMax())
fixed statement= 
generation= 220
ingredientScope= -
validation=
failing: |true|0|15|[]|
manual_regression: |false|2|3135|[testQuinticZero(org.apache.commons.math.analysis.solvers.BrentSolverTest): Expected TooManyEvaluationsException-, testEventsNoConvergence(org.apache.commons.math.ode.nonstiff.HighamHall54IntegratorTest): an exception should have been thrown-]|
evo_regression: |false|3|23|[test11(org.apache.commons.math.analysis.solvers.BaseAbstractUnivariateRealSolver_ESTest): Expecting exception: IllegalStateException-, test12(org.apache.commons.math.analysis.solvers.BaseAbstractUnivariateRealSolver_ESTest): null-, test13(org.apache.commons.math.analysis.solvers.BaseAbstractUnivariateRealSolver_ESTest): test timed out after 4000 milliseconds-]|
 ----
ProgramVariant 484
 
time(sec)= 3199
operation: RemoveOp
location= org.apache.commons.math.analysis.solvers.BaseAbstractUnivariateRealSolver
line= 296
lineSuspiciousness= 0.408
original statement= throw new org.apache.commons.math.exception.TooManyEvaluationsException(e.getMax())
fixed statement= 
generation= 242
ingredientScope= -
validation=
failing: |true|0|15|[]|
manual_regression: |false|2|3135|[testQuinticZero(org.apache.commons.math.analysis.solvers.BrentSolverTest): Expected TooManyEvaluationsException-, testEventsNoConvergence(org.apache.commons.math.ode.nonstiff.HighamHall54IntegratorTest): an exception should have been thrown-]|
evo_regression: |false|3|23|[test11(org.apache.commons.math.analysis.solvers.BaseAbstractUnivariateRealSolver_ESTest): Expecting exception: IllegalStateException-, test12(org.apache.commons.math.analysis.solvers.BaseAbstractUnivariateRealSolver_ESTest): null-, test13(org.apache.commons.math.analysis.solvers.BaseAbstractUnivariateRealSolver_ESTest): test timed out after 4000 milliseconds-]|
 ----
ProgramVariant 544
 
time(sec)= 3820
operation: RemoveOp
location= org.apache.commons.math.analysis.solvers.BaseAbstractUnivariateRealSolver
line= 296
lineSuspiciousness= 0.408
original statement= throw new org.apache.commons.math.exception.TooManyEvaluationsException(e.getMax())
fixed statement= 
generation= 272
ingredientScope= -
validation=
failing: |true|0|15|[]|
manual_regression: |false|2|3135|[testQuinticZero(org.apache.commons.math.analysis.solvers.BrentSolverTest): Expected TooManyEvaluationsException-, testEventsNoConvergence(org.apache.commons.math.ode.nonstiff.HighamHall54IntegratorTest): an exception should have been thrown-]|
evo_regression: |false|3|23|[test11(org.apache.commons.math.analysis.solvers.BaseAbstractUnivariateRealSolver_ESTest): Expecting exception: IllegalStateException-, test12(org.apache.commons.math.analysis.solvers.BaseAbstractUnivariateRealSolver_ESTest): null-, test13(org.apache.commons.math.analysis.solvers.BaseAbstractUnivariateRealSolver_ESTest): test timed out after 4000 milliseconds-]|
 ----
ProgramVariant 580
 
time(sec)= 5162
operation: RemoveOp
location= org.apache.commons.math.util.Incrementor
line= 65
lineSuspiciousness= 0.171
original statement= throw new org.apache.commons.math.exception.MaxCountExceededException(max)
fixed statement= 
generation= 290
ingredientScope= -
validation=
failing: |true|0|15|[]|
evo_regression: |false|2|15|[test13(org.apache.commons.math.util.Incrementor_ESTest): Expecting exception: IllegalStateException-, test10(org.apache.commons.math.util.Incrementor_ESTest): Expecting exception: IllegalStateException-]|
 ----
ProgramVariant 806
 
time(sec)= 5798
operation: InsertBeforeOp
location= org.apache.commons.math.analysis.solvers.BracketingNthOrderBrentSolver
line= 241
lineSuspiciousness= 0.141
original statement= targetY = 0
fixed statement= signChangeIndex = 2
generation= 403
ingredientScope= LOCAL
validation=
failing: |true|0|15|[]|
manual_regression: |true|0|3135|[]|
evo_regression: |false|4|26|[test14(org.apache.commons.math.analysis.solvers.BracketingNthOrderBrentSolver_ESTest): expected:<-1322.6105071612708> but was:<-1454.5573985571345>-, test10(org.apache.commons.math.analysis.solvers.BracketingNthOrderBrentSolver_ESTest): expected:<-757.1238295151402> but was:<-292.1681167838872>-, test12(org.apache.commons.math.analysis.solvers.BracketingNthOrderBrentSolver_ESTest): expected:<-479.09287967246297> but was:<-365.99554414321585>-, test11(org.apache.commons.math.analysis.solvers.BracketingNthOrderBrentSolver_ESTest): expected:<-479.0928796721311> but was:<-365.9955441432106>-]|
 ----
ProgramVariant 830
 
time(sec)= 6113
operation: RemoveOp
location= org.apache.commons.math.analysis.solvers.BaseAbstractUnivariateRealSolver
line= 296
lineSuspiciousness= 0.408
original statement= throw new org.apache.commons.math.exception.TooManyEvaluationsException(e.getMax())
fixed statement= 
generation= 415
ingredientScope= -
validation=
failing: |true|0|15|[]|
manual_regression: |false|2|3135|[testQuinticZero(org.apache.commons.math.analysis.solvers.BrentSolverTest): Expected TooManyEvaluationsException-, testEventsNoConvergence(org.apache.commons.math.ode.nonstiff.HighamHall54IntegratorTest): an exception should have been thrown-]|
evo_regression: |false|3|23|[test11(org.apache.commons.math.analysis.solvers.BaseAbstractUnivariateRealSolver_ESTest): Expecting exception: IllegalStateException-, test12(org.apache.commons.math.analysis.solvers.BaseAbstractUnivariateRealSolver_ESTest): null-, test13(org.apache.commons.math.analysis.solvers.BaseAbstractUnivariateRealSolver_ESTest): test timed out after 4000 milliseconds-]|
 ----
ProgramVariant 1202
 
time(sec)= 8272
operation: RemoveOp
location= org.apache.commons.math.util.Incrementor
line= 151
lineSuspiciousness= 0.167
original statement= maxCountCallback.trigger(maximalCount)
fixed statement= 
generation= 601
ingredientScope= -
validation=
failing: |true|0|15|[]|
evo_regression: |false|4|15|[test13(org.apache.commons.math.util.Incrementor_ESTest): Expecting exception: IllegalStateException-, test05(org.apache.commons.math.util.Incrementor_ESTest): Expecting exception: NullPointerException-, test10(org.apache.commons.math.util.Incrementor_ESTest): Expecting exception: IllegalStateException-, test06(org.apache.commons.math.util.Incrementor_ESTest): Expecting exception: NullPointerException-]|
[INFO ] fr.inria.main.evolution.AstorMain.run(AstorMain.java:397) - Time Total(s): 8597.247


Node: graphene-105.nancy.grid5000.fr


Date: Fri Jan 20 03:37:09 CET 2017

removed classes 

zipped 

copied zip 


