seed AstorRun 28 
export PATH="/home/mmartinez/defects4j/framework/bin:$PATH";export JAVA_TOOL_OPTIONS=-Dfile.encoding=UTF8;export PATH="/usr/lib/jvm/java-1.7.0-openjdk-amd64/bin/:$PATH";cd /home/mmartinez/projects/time/time_4;defects4j compile;cp -r /home/mmartinez/projects/time/time_4 /tmp/time_4_Genprog_local_s1;cd /tmp/time_4_Genprog_local_s1;mkdir lib/;cp -r /home/mmartinez/defects4j/framework/projects/lib/* lib/;cp -r /home/mmartinez/defects4j/framework/projects/Time/lib/* lib/;find . -type f -name "package-info.java" -delete;
/home/mmartinez/defects4j-repair/src/python/core/../../../results/2016-june/Time/seed/28/package/4/Genprog/result
cd /tmp/time_4_Genprog_local_s1;export JAVA_TOOL_OPTIONS=-Dfile.encoding=UTF8;TZ="America/New_York"; export TZexport PATH="/usr/lib/jvm/java-1.7.0-openjdk-amd64/bin/:$PATH";time /home/mmartinez/jdk1.8.0_45/bin//java -Xmx4096m -cp /home/mmartinez/defects4j-repair/src/python/core/../../..//libs/astor.jar fr.inria.main.evolution.MainjGenProg -mode statement -location . -id Time -dependencies lib/ -failing org.joda.time.TestPartial_Basics: -package org.joda -jvm4testexecution /usr/lib/jvm/java-1.7.0-openjdk-amd64/bin/ -jvm4evosuitetestexecution /home/mmartinez/jdk1.8.0_45/bin/ -javacompliancelevel 5 -maxgen 1000000 -seed 28 -scope package -maxtime 120  -stopfirst false -population 1 -srcjavafolder src/main/java/ -srctestfolder src/test/java/ -binjavafolder target/classes/ -bintestfolder target/test-classes/ -flthreshold 0.1  -validation  fr.inria.astor.core.validation.validators.RegressionValidation  -ESParameters -Dassertion_timeout=1800:-Dminimization_timeout=1800:-Djunit_check_timeout=1800:-Dwrite_junit_timeout=300:-Dinitialization_timeout=300:-Dglobal_timeout=18000:-Dsearch_budget=100000:-Dstopping_condition=MaxStatements:-Dno_runtime_dependency=true:-Dsandbox=false:-Dp_reflection_on_private=0.0:-Dreflection_start_percent=1.0:-Dp_functional_mocking=0.0:-Dfunctional_mocking_percent=1.0:-mem=2000 -testbystep  -ignoredtestcases org.apache.commons.lang.LocaleUtilsTest  -excludeRegression  -maxgen 100000000 ;echo "

Node: `hostname`
";echo "
Date: `date`
"; find /tmp/time_4_Genprog_local_s1/outputMutation -name "*.class" -type f -delete;echo "removed classes 
"; find . -name bin  -type d -print0|xargs -0 rm -r --; zip -r -q out.zip /tmp/time_4_Genprog_local_s1/outputMutation; echo "zipped 
";cp out.zip /home/mmartinez/defects4j-repair/src/python/core/../../../results/2016-june/Time/seed/28/package/4/Genprog; echo "copied zip 
";rm -rf /tmp/time_4_Genprog_local_s1;

[DEBUG] fr.inria.astor.core.loop.AstorCoreEngine.showResults(AstorCoreEngine.java:136) - End Repair Loops: Found solution
[DEBUG] fr.inria.astor.core.loop.AstorCoreEngine.showResults(AstorCoreEngine.java:137) - Solution stored at: /tmp/time_4_Genprog_local_s1/./outputMutation/AstorMain-Time//src/
[DEBUG] fr.inria.astor.core.loop.AstorCoreEngine.showResults(AstorCoreEngine.java:142) - 
Number solutions:18
[DEBUG] fr.inria.astor.core.loop.AstorCoreEngine.showResults(AstorCoreEngine.java:144) - f (sol): 2.0, [Variant id: 102 (SOL) , #gens: 36, #ops: 1, parent:101]
[DEBUG] fr.inria.astor.core.loop.AstorCoreEngine.showResults(AstorCoreEngine.java:144) - f (sol): 39.0, [Variant id: 178 (SOL) , #gens: 36, #ops: 1, parent:177]
[DEBUG] fr.inria.astor.core.loop.AstorCoreEngine.showResults(AstorCoreEngine.java:144) - f (sol): 38.0, [Variant id: 424 (SOL) , #gens: 36, #ops: 1, parent:423]
[DEBUG] fr.inria.astor.core.loop.AstorCoreEngine.showResults(AstorCoreEngine.java:144) - f (sol): 2.0, [Variant id: 1650 (SOL) , #gens: 36, #ops: 1, parent:1649]
[DEBUG] fr.inria.astor.core.loop.AstorCoreEngine.showResults(AstorCoreEngine.java:144) - f (sol): 2.0, [Variant id: 1774 (SOL) , #gens: 36, #ops: 1, parent:1773]
[DEBUG] fr.inria.astor.core.loop.AstorCoreEngine.showResults(AstorCoreEngine.java:144) - f (sol): 2.0, [Variant id: 1808 (SOL) , #gens: 36, #ops: 1, parent:1807]
[DEBUG] fr.inria.astor.core.loop.AstorCoreEngine.showResults(AstorCoreEngine.java:144) - f (sol): 2.0, [Variant id: 2022 (SOL) , #gens: 36, #ops: 1, parent:2021]
[DEBUG] fr.inria.astor.core.loop.AstorCoreEngine.showResults(AstorCoreEngine.java:144) - f (sol): 2.0, [Variant id: 2230 (SOL) , #gens: 36, #ops: 1, parent:2229]
[DEBUG] fr.inria.astor.core.loop.AstorCoreEngine.showResults(AstorCoreEngine.java:144) - f (sol): 2.0, [Variant id: 2312 (SOL) , #gens: 36, #ops: 1, parent:2311]
[DEBUG] fr.inria.astor.core.loop.AstorCoreEngine.showResults(AstorCoreEngine.java:144) - f (sol): 39.0, [Variant id: 2354 (SOL) , #gens: 36, #ops: 1, parent:2353]
[DEBUG] fr.inria.astor.core.loop.AstorCoreEngine.showResults(AstorCoreEngine.java:144) - f (sol): 38.0, [Variant id: 2380 (SOL) , #gens: 36, #ops: 1, parent:2379]
[DEBUG] fr.inria.astor.core.loop.AstorCoreEngine.showResults(AstorCoreEngine.java:144) - f (sol): 2.0, [Variant id: 3194 (SOL) , #gens: 36, #ops: 1, parent:3193]
[DEBUG] fr.inria.astor.core.loop.AstorCoreEngine.showResults(AstorCoreEngine.java:144) - f (sol): 39.0, [Variant id: 3258 (SOL) , #gens: 36, #ops: 1, parent:3257]
[DEBUG] fr.inria.astor.core.loop.AstorCoreEngine.showResults(AstorCoreEngine.java:144) - f (sol): 2.0, [Variant id: 3576 (SOL) , #gens: 36, #ops: 1, parent:3575]
[DEBUG] fr.inria.astor.core.loop.AstorCoreEngine.showResults(AstorCoreEngine.java:144) - f (sol): 2.0, [Variant id: 3696 (SOL) , #gens: 36, #ops: 1, parent:3695]
[DEBUG] fr.inria.astor.core.loop.AstorCoreEngine.showResults(AstorCoreEngine.java:144) - f (sol): 2.0, [Variant id: 3882 (SOL) , #gens: 36, #ops: 1, parent:3881]
[DEBUG] fr.inria.astor.core.loop.AstorCoreEngine.showResults(AstorCoreEngine.java:144) - f (sol): 39.0, [Variant id: 4130 (SOL) , #gens: 36, #ops: 1, parent:4129]
[DEBUG] fr.inria.astor.core.loop.AstorCoreEngine.showResults(AstorCoreEngine.java:144) - f (sol): 64.0, [Variant id: 16048 (SOL) , #gens: 36, #ops: 1, parent:16047]
[DEBUG] fr.inria.astor.core.loop.AstorCoreEngine.showResults(AstorCoreEngine.java:146) - 
All variants:
[DEBUG] fr.inria.astor.core.loop.AstorCoreEngine.showResults(AstorCoreEngine.java:148) - f 1.0, [Variant id: 16049, #gens: 36, #ops: 0, parent:-]
[INFO ] fr.inria.astor.core.loop.AstorCoreEngine.showResults(AstorCoreEngine.java:152) - 
Solution details
[INFO ] fr.inria.astor.core.loop.AstorCoreEngine.showResults(AstorCoreEngine.java:153) - 
 --SOLUTIONS DESCRIPTION--

 ----
ProgramVariant 102
 
time(sec)= 204
operation: ReplaceOp
location= org.joda.time.field.ZeroIsMaxDateTimeField
line= 138
lineSuspiciousness= 0.866
original statement= return 1
fixed statement= return (getWrappedField().getMaximumValue(instant, values)) + 1
generation= 51
ingredientScope= LOCAL
validation=
failing: |true|0|69|[]|
manual_regression: |false|1|12047|[warning(junit.framework.TestSuite$1): Class org.joda.time.chrono.gj.MainTest has no public constructor TestCase(String name) or TestCase()-]|
evo_regression: |false|1|54|[test37(org.joda.time.field.ZeroIsMaxDateTimeField_ESTest): expected:<1> but was:<60>-]|
 ----
ProgramVariant 178
 
time(sec)= 355
operation: ReplaceOp
location= org.joda.time.field.ZeroIsMaxDateTimeField
line= 148
lineSuspiciousness= 0.274
original statement= return (getWrappedField().getMaximumValue()) + 1
fixed statement= return getMinimumValue()
generation= 89
ingredientScope= PACKAGE
validation=
failing: |true|0|69|[]|
manual_regression: |false|34|12047|[testGet_DateTimeFieldType(org.joda.time.TestInstant_Basics): expected:<24> but was:<1>-, testGet_DateTimeField(org.joda.time.TestDateMidnight_Basics): expected:<24> but was:<1>-, testGet_DateTimeFieldType(org.joda.time.TestDateMidnight_Basics): expected:<24> but was:<1>-, testGet_DateTimeFieldType(org.joda.time.TestLocalDateTime_Basics): expected:<12> but was:<1>-, testGet_DateTimeFieldType(org.joda.time.TestLocalTime_Basics): expected:<12> but was:<1>-, testGet_DateTimeFieldType(org.joda.time.TestInstant_Basics): expected:<24> but was:<1>-, testGet_DateTimeField(org.joda.time.TestDateMidnight_Basics): expected:<24> but was:<1>-, testGet_DateTimeFieldType(org.joda.time.TestDateMidnight_Basics): expected:<24> but was:<1>-, testGet_DateTimeFieldType(org.joda.time.TestLocalDateTime_Basics): expected:<12> but was:<1>-, testGet_DateTimeFieldType(org.joda.time.TestLocalTime_Basics): expected:<12> but was:<1>-, testFormatParse_textHalfdayAM_UK(org.joda.time.format.TestDateTimeFormat): Cannot parse "$06-PM-2007": Value 6 for clockhourOfHalfday must be in the range 1, 1-, testFormatParse_textHalfdayAM_France(org.joda.time.format.TestDateTimeFormat): Cannot parse "$06-PM-2007": Value 6 for clockhourOfHalfday must be in the range 1, 1-, testFormat_clockhourOfHalfday(org.joda.time.format.TestDateTimeFormat): 2004-06-09T00:00:00.000Z expected:<12> but was:<1>-, testFormat_clockhourOfDay(org.joda.time.format.TestDateTimeFormat): 2004-06-09T00:00:00.000Z expected:<24> but was:<1>-, testGet_DateTimeField(org.joda.time.TestDateMidnight_Basics): expected:<24> but was:<1>-, testGet_DateTimeFieldType(org.joda.time.TestDateMidnight_Basics): expected:<24> but was:<1>-, testGet_DateTimeFieldType(org.joda.time.TestInstant_Basics): expected:<24> but was:<1>-, testGet_DateTimeFieldType(org.joda.time.TestLocalDateTime_Basics): expected:<12> but was:<1>-, testGet_DateTimeFieldType(org.joda.time.TestLocalTime_Basics): expected:<12> but was:<1>-, warning(junit.framework.TestSuite$1): Class org.joda.time.chrono.gj.MainTest has no public constructor TestCase(String name) or TestCase()-, testFormatParse_textHalfdayAM_UK(org.joda.time.format.TestDateTimeFormat): Cannot parse "$06-PM-2007": Value 6 for clockhourOfHalfday must be in the range 1, 1-, testFormatParse_textHalfdayAM_France(org.joda.time.format.TestDateTimeFormat): Cannot parse "$06-PM-2007": Value 6 for clockhourOfHalfday must be in the range 1, 1-, testFormat_clockhourOfHalfday(org.joda.time.format.TestDateTimeFormat): 2004-06-09T00:00:00.000Z expected:<12> but was:<1>-, testFormat_clockhourOfDay(org.joda.time.format.TestDateTimeFormat): 2004-06-09T00:00:00.000Z expected:<24> but was:<1>-, testFormatParse_textHalfdayAM_UK(org.joda.time.format.TestDateTimeFormat): Cannot parse "$06-PM-2007": Value 6 for clockhourOfHalfday must be in the range 1, 1-, testFormatParse_textHalfdayAM_France(org.joda.time.format.TestDateTimeFormat): Cannot parse "$06-PM-2007": Value 6 for clockhourOfHalfday must be in the range 1, 1-, testFormat_clockhourOfHalfday(org.joda.time.format.TestDateTimeFormat): 2004-06-09T00:00:00.000Z expected:<12> but was:<1>-, testFormat_clockhourOfDay(org.joda.time.format.TestDateTimeFormat): 2004-06-09T00:00:00.000Z expected:<24> but was:<1>-]|
evo_regression: |false|5|54|[test28(org.joda.time.field.ZeroIsMaxDateTimeField_ESTest): expected:<24> but was:<1>-, test26(org.joda.time.field.ZeroIsMaxDateTimeField_ESTest): expected:<60> but was:<1>-, test27(org.joda.time.field.ZeroIsMaxDateTimeField_ESTest): Value 60 for millisOfSecond must be in the range 1, 1-, test01(org.joda.time.field.ZeroIsMaxDateTimeField_ESTest): Value 60 for yearOfEra must be in the range 1, 1-, test47(org.joda.time.field.ZeroIsMaxDateTimeField_ESTest): expected:<1123> but was:<123>-]|
 ----
ProgramVariant 424
 
time(sec)= 567
operation: ReplaceOp
location= org.joda.time.field.ZeroIsMaxDateTimeField
line= 148
lineSuspiciousness= 0.274
original statement= return (getWrappedField().getMaximumValue()) + 1
fixed statement= return 2
generation= 212
ingredientScope= PACKAGE
validation=
failing: |true|0|69|[]|
manual_regression: |false|34|12047|[testGet_DateTimeFieldType(org.joda.time.TestInstant_Basics): expected:<24> but was:<2>-, testGet_DateTimeField(org.joda.time.TestDateMidnight_Basics): expected:<24> but was:<2>-, testGet_DateTimeFieldType(org.joda.time.TestDateMidnight_Basics): expected:<24> but was:<2>-, testGet_DateTimeFieldType(org.joda.time.TestLocalDateTime_Basics): expected:<12> but was:<2>-, testGet_DateTimeFieldType(org.joda.time.TestLocalTime_Basics): expected:<12> but was:<2>-, testGet_DateTimeFieldType(org.joda.time.TestInstant_Basics): expected:<24> but was:<2>-, testGet_DateTimeField(org.joda.time.TestDateMidnight_Basics): expected:<24> but was:<2>-, testGet_DateTimeFieldType(org.joda.time.TestDateMidnight_Basics): expected:<24> but was:<2>-, testGet_DateTimeFieldType(org.joda.time.TestLocalDateTime_Basics): expected:<12> but was:<2>-, testGet_DateTimeFieldType(org.joda.time.TestLocalTime_Basics): expected:<12> but was:<2>-, testFormatParse_textHalfdayAM_UK(org.joda.time.format.TestDateTimeFormat): Cannot parse "$06-PM-2007": Value 6 for clockhourOfHalfday must be in the range 1, 2-, testFormatParse_textHalfdayAM_France(org.joda.time.format.TestDateTimeFormat): Cannot parse "$06-PM-2007": Value 6 for clockhourOfHalfday must be in the range 1, 2-, testFormat_clockhourOfHalfday(org.joda.time.format.TestDateTimeFormat): 2004-06-09T00:00:00.000Z expected:<12> but was:<2>-, testFormat_clockhourOfDay(org.joda.time.format.TestDateTimeFormat): 2004-06-09T00:00:00.000Z expected:<24> but was:<2>-, testGet_DateTimeField(org.joda.time.TestDateMidnight_Basics): expected:<24> but was:<2>-, testGet_DateTimeFieldType(org.joda.time.TestDateMidnight_Basics): expected:<24> but was:<2>-, testGet_DateTimeFieldType(org.joda.time.TestInstant_Basics): expected:<24> but was:<2>-, testGet_DateTimeFieldType(org.joda.time.TestLocalDateTime_Basics): expected:<12> but was:<2>-, testGet_DateTimeFieldType(org.joda.time.TestLocalTime_Basics): expected:<12> but was:<2>-, warning(junit.framework.TestSuite$1): Class org.joda.time.chrono.gj.MainTest has no public constructor TestCase(String name) or TestCase()-, testFormatParse_textHalfdayAM_UK(org.joda.time.format.TestDateTimeFormat): Cannot parse "$06-PM-2007": Value 6 for clockhourOfHalfday must be in the range 1, 2-, testFormatParse_textHalfdayAM_France(org.joda.time.format.TestDateTimeFormat): Cannot parse "$06-PM-2007": Value 6 for clockhourOfHalfday must be in the range 1, 2-, testFormat_clockhourOfHalfday(org.joda.time.format.TestDateTimeFormat): 2004-06-09T00:00:00.000Z expected:<12> but was:<2>-, testFormat_clockhourOfDay(org.joda.time.format.TestDateTimeFormat): 2004-06-09T00:00:00.000Z expected:<24> but was:<2>-, testFormatParse_textHalfdayAM_UK(org.joda.time.format.TestDateTimeFormat): Cannot parse "$06-PM-2007": Value 6 for clockhourOfHalfday must be in the range 1, 2-, testFormatParse_textHalfdayAM_France(org.joda.time.format.TestDateTimeFormat): Cannot parse "$06-PM-2007": Value 6 for clockhourOfHalfday must be in the range 1, 2-, testFormat_clockhourOfHalfday(org.joda.time.format.TestDateTimeFormat): 2004-06-09T00:00:00.000Z expected:<12> but was:<2>-, testFormat_clockhourOfDay(org.joda.time.format.TestDateTimeFormat): 2004-06-09T00:00:00.000Z expected:<24> but was:<2>-]|
evo_regression: |false|4|54|[test28(org.joda.time.field.ZeroIsMaxDateTimeField_ESTest): expected:<24> but was:<2>-, test26(org.joda.time.field.ZeroIsMaxDateTimeField_ESTest): expected:<60> but was:<2>-, test27(org.joda.time.field.ZeroIsMaxDateTimeField_ESTest): Value 60 for millisOfSecond must be in the range 1, 2-, test01(org.joda.time.field.ZeroIsMaxDateTimeField_ESTest): Value 60 for yearOfEra must be in the range 1, 2-]|
 ----
ProgramVariant 1650
 
time(sec)= 1100
operation: ReplaceOp
location= org.joda.time.field.ZeroIsMaxDateTimeField
line= 178
lineSuspiciousness= 0.866
original statement= return (getWrappedField().getMaximumValue(instant, values)) + 1
fixed statement= return -1
generation= 825
ingredientScope= PACKAGE
validation=
failing: |true|0|69|[]|
manual_regression: |false|1|12047|[warning(junit.framework.TestSuite$1): Class org.joda.time.chrono.gj.MainTest has no public constructor TestCase(String name) or TestCase()-]|
evo_regression: |false|1|54|[test52(org.joda.time.field.ZeroIsMaxDateTimeField_ESTest): expected:<60> but was:<-1>-]|
 ----
ProgramVariant 1774
 
time(sec)= 1264
operation: ReplaceOp
location= org.joda.time.field.ZeroIsMaxDateTimeField
line= 178
lineSuspiciousness= 0.866
original statement= return (getWrappedField().getMaximumValue(instant, values)) + 1
fixed statement= return 0
generation= 887
ingredientScope= PACKAGE
validation=
failing: |true|0|69|[]|
manual_regression: |false|1|12047|[warning(junit.framework.TestSuite$1): Class org.joda.time.chrono.gj.MainTest has no public constructor TestCase(String name) or TestCase()-]|
evo_regression: |false|1|54|[test52(org.joda.time.field.ZeroIsMaxDateTimeField_ESTest): expected:<60> but was:<0>-]|
 ----
ProgramVariant 1808
 
time(sec)= 1399
operation: ReplaceOp
location= org.joda.time.field.ZeroIsMaxDateTimeField
line= 138
lineSuspiciousness= 0.866
original statement= return 1
fixed statement= return getMaximumValue()
generation= 904
ingredientScope= PACKAGE
validation=
failing: |true|0|69|[]|
manual_regression: |false|1|12047|[warning(junit.framework.TestSuite$1): Class org.joda.time.chrono.gj.MainTest has no public constructor TestCase(String name) or TestCase()-]|
evo_regression: |false|1|54|[test37(org.joda.time.field.ZeroIsMaxDateTimeField_ESTest): expected:<1> but was:<60>-]|
 ----
ProgramVariant 2022
 
time(sec)= 1590
operation: ReplaceOp
location= org.joda.time.field.ZeroIsMaxDateTimeField
line= 111
lineSuspiciousness= 0.866
original statement= return 1
fixed statement= return getName().hashCode()
generation= 1011
ingredientScope= PACKAGE
validation=
failing: |true|0|69|[]|
manual_regression: |false|1|12047|[warning(junit.framework.TestSuite$1): Class org.joda.time.chrono.gj.MainTest has no public constructor TestCase(String name) or TestCase()-]|
evo_regression: |false|1|54|[test45(org.joda.time.field.ZeroIsMaxDateTimeField_ESTest): expected:<1> but was:<938448499>-]|
 ----
ProgramVariant 2230
 
time(sec)= 1775
operation: ReplaceOp
location= org.joda.time.field.ZeroIsMaxDateTimeField
line= 111
lineSuspiciousness= 0.866
original statement= return 1
fixed statement= return (getWrappedField().getMaximumValue()) + 1
generation= 1115
ingredientScope= LOCAL
validation=
failing: |true|0|69|[]|
manual_regression: |false|1|12047|[warning(junit.framework.TestSuite$1): Class org.joda.time.chrono.gj.MainTest has no public constructor TestCase(String name) or TestCase()-]|
evo_regression: |false|1|54|[test45(org.joda.time.field.ZeroIsMaxDateTimeField_ESTest): expected:<1> but was:<24>-]|
 ----
ProgramVariant 2312
 
time(sec)= 1928
operation: ReplaceOp
location= org.joda.time.field.ZeroIsMaxDateTimeField
line= 178
lineSuspiciousness= 0.866
original statement= return (getWrappedField().getMaximumValue(instant, values)) + 1
fixed statement= return getMinimumValue()
generation= 1156
ingredientScope= PACKAGE
validation=
failing: |true|0|69|[]|
manual_regression: |false|1|12047|[warning(junit.framework.TestSuite$1): Class org.joda.time.chrono.gj.MainTest has no public constructor TestCase(String name) or TestCase()-]|
evo_regression: |false|1|54|[test52(org.joda.time.field.ZeroIsMaxDateTimeField_ESTest): expected:<60> but was:<1>-]|
 ----
ProgramVariant 2354
 
time(sec)= 2064
operation: ReplaceOp
location= org.joda.time.field.ZeroIsMaxDateTimeField
line= 148
lineSuspiciousness= 0.274
original statement= return (getWrappedField().getMaximumValue()) + 1
fixed statement= return 1
generation= 1177
ingredientScope= PACKAGE
validation=
failing: |true|0|69|[]|
manual_regression: |false|34|12047|[testGet_DateTimeFieldType(org.joda.time.TestInstant_Basics): expected:<24> but was:<1>-, testGet_DateTimeField(org.joda.time.TestDateMidnight_Basics): expected:<24> but was:<1>-, testGet_DateTimeFieldType(org.joda.time.TestDateMidnight_Basics): expected:<24> but was:<1>-, testGet_DateTimeFieldType(org.joda.time.TestLocalDateTime_Basics): expected:<12> but was:<1>-, testGet_DateTimeFieldType(org.joda.time.TestLocalTime_Basics): expected:<12> but was:<1>-, testGet_DateTimeFieldType(org.joda.time.TestInstant_Basics): expected:<24> but was:<1>-, testGet_DateTimeField(org.joda.time.TestDateMidnight_Basics): expected:<24> but was:<1>-, testGet_DateTimeFieldType(org.joda.time.TestDateMidnight_Basics): expected:<24> but was:<1>-, testGet_DateTimeFieldType(org.joda.time.TestLocalDateTime_Basics): expected:<12> but was:<1>-, testGet_DateTimeFieldType(org.joda.time.TestLocalTime_Basics): expected:<12> but was:<1>-, testFormatParse_textHalfdayAM_UK(org.joda.time.format.TestDateTimeFormat): Cannot parse "$06-PM-2007": Value 6 for clockhourOfHalfday must be in the range 1, 1-, testFormatParse_textHalfdayAM_France(org.joda.time.format.TestDateTimeFormat): Cannot parse "$06-PM-2007": Value 6 for clockhourOfHalfday must be in the range 1, 1-, testFormat_clockhourOfHalfday(org.joda.time.format.TestDateTimeFormat): 2004-06-09T00:00:00.000Z expected:<12> but was:<1>-, testFormat_clockhourOfDay(org.joda.time.format.TestDateTimeFormat): 2004-06-09T00:00:00.000Z expected:<24> but was:<1>-, testGet_DateTimeField(org.joda.time.TestDateMidnight_Basics): expected:<24> but was:<1>-, testGet_DateTimeFieldType(org.joda.time.TestDateMidnight_Basics): expected:<24> but was:<1>-, testGet_DateTimeFieldType(org.joda.time.TestInstant_Basics): expected:<24> but was:<1>-, testGet_DateTimeFieldType(org.joda.time.TestLocalDateTime_Basics): expected:<12> but was:<1>-, testGet_DateTimeFieldType(org.joda.time.TestLocalTime_Basics): expected:<12> but was:<1>-, warning(junit.framework.TestSuite$1): Class org.joda.time.chrono.gj.MainTest has no public constructor TestCase(String name) or TestCase()-, testFormatParse_textHalfdayAM_UK(org.joda.time.format.TestDateTimeFormat): Cannot parse "$06-PM-2007": Value 6 for clockhourOfHalfday must be in the range 1, 1-, testFormatParse_textHalfdayAM_France(org.joda.time.format.TestDateTimeFormat): Cannot parse "$06-PM-2007": Value 6 for clockhourOfHalfday must be in the range 1, 1-, testFormat_clockhourOfHalfday(org.joda.time.format.TestDateTimeFormat): 2004-06-09T00:00:00.000Z expected:<12> but was:<1>-, testFormat_clockhourOfDay(org.joda.time.format.TestDateTimeFormat): 2004-06-09T00:00:00.000Z expected:<24> but was:<1>-, testFormatParse_textHalfdayAM_UK(org.joda.time.format.TestDateTimeFormat): Cannot parse "$06-PM-2007": Value 6 for clockhourOfHalfday must be in the range 1, 1-, testFormatParse_textHalfdayAM_France(org.joda.time.format.TestDateTimeFormat): Cannot parse "$06-PM-2007": Value 6 for clockhourOfHalfday must be in the range 1, 1-, testFormat_clockhourOfHalfday(org.joda.time.format.TestDateTimeFormat): 2004-06-09T00:00:00.000Z expected:<12> but was:<1>-, testFormat_clockhourOfDay(org.joda.time.format.TestDateTimeFormat): 2004-06-09T00:00:00.000Z expected:<24> but was:<1>-]|
evo_regression: |false|5|54|[test28(org.joda.time.field.ZeroIsMaxDateTimeField_ESTest): expected:<24> but was:<1>-, test26(org.joda.time.field.ZeroIsMaxDateTimeField_ESTest): expected:<60> but was:<1>-, test27(org.joda.time.field.ZeroIsMaxDateTimeField_ESTest): Value 60 for millisOfSecond must be in the range 1, 1-, test01(org.joda.time.field.ZeroIsMaxDateTimeField_ESTest): Value 60 for yearOfEra must be in the range 1, 1-, test47(org.joda.time.field.ZeroIsMaxDateTimeField_ESTest): expected:<1123> but was:<123>-]|
 ----
ProgramVariant 2380
 
time(sec)= 2200
operation: ReplaceOp
location= org.joda.time.field.ZeroIsMaxDateTimeField
line= 148
lineSuspiciousness= 0.274
original statement= return (getWrappedField().getMaximumValue()) + 1
fixed statement= return 3
generation= 1190
ingredientScope= PACKAGE
validation=
failing: |true|0|69|[]|
manual_regression: |false|34|12047|[testGet_DateTimeFieldType(org.joda.time.TestInstant_Basics): expected:<24> but was:<3>-, testGet_DateTimeField(org.joda.time.TestDateMidnight_Basics): expected:<24> but was:<3>-, testGet_DateTimeFieldType(org.joda.time.TestDateMidnight_Basics): expected:<24> but was:<3>-, testGet_DateTimeFieldType(org.joda.time.TestLocalDateTime_Basics): expected:<12> but was:<3>-, testGet_DateTimeFieldType(org.joda.time.TestLocalTime_Basics): expected:<12> but was:<3>-, testGet_DateTimeFieldType(org.joda.time.TestInstant_Basics): expected:<24> but was:<3>-, testGet_DateTimeField(org.joda.time.TestDateMidnight_Basics): expected:<24> but was:<3>-, testGet_DateTimeFieldType(org.joda.time.TestDateMidnight_Basics): expected:<24> but was:<3>-, testGet_DateTimeFieldType(org.joda.time.TestLocalDateTime_Basics): expected:<12> but was:<3>-, testGet_DateTimeFieldType(org.joda.time.TestLocalTime_Basics): expected:<12> but was:<3>-, testFormatParse_textHalfdayAM_UK(org.joda.time.format.TestDateTimeFormat): Cannot parse "$06-PM-2007": Value 6 for clockhourOfHalfday must be in the range 1, 3-, testFormatParse_textHalfdayAM_France(org.joda.time.format.TestDateTimeFormat): Cannot parse "$06-PM-2007": Value 6 for clockhourOfHalfday must be in the range 1, 3-, testFormat_clockhourOfHalfday(org.joda.time.format.TestDateTimeFormat): 2004-06-09T00:00:00.000Z expected:<12> but was:<3>-, testFormat_clockhourOfDay(org.joda.time.format.TestDateTimeFormat): 2004-06-09T00:00:00.000Z expected:<24> but was:<3>-, testGet_DateTimeField(org.joda.time.TestDateMidnight_Basics): expected:<24> but was:<3>-, testGet_DateTimeFieldType(org.joda.time.TestDateMidnight_Basics): expected:<24> but was:<3>-, testGet_DateTimeFieldType(org.joda.time.TestInstant_Basics): expected:<24> but was:<3>-, testGet_DateTimeFieldType(org.joda.time.TestLocalDateTime_Basics): expected:<12> but was:<3>-, testGet_DateTimeFieldType(org.joda.time.TestLocalTime_Basics): expected:<12> but was:<3>-, warning(junit.framework.TestSuite$1): Class org.joda.time.chrono.gj.MainTest has no public constructor TestCase(String name) or TestCase()-, testFormatParse_textHalfdayAM_UK(org.joda.time.format.TestDateTimeFormat): Cannot parse "$06-PM-2007": Value 6 for clockhourOfHalfday must be in the range 1, 3-, testFormatParse_textHalfdayAM_France(org.joda.time.format.TestDateTimeFormat): Cannot parse "$06-PM-2007": Value 6 for clockhourOfHalfday must be in the range 1, 3-, testFormat_clockhourOfHalfday(org.joda.time.format.TestDateTimeFormat): 2004-06-09T00:00:00.000Z expected:<12> but was:<3>-, testFormat_clockhourOfDay(org.joda.time.format.TestDateTimeFormat): 2004-06-09T00:00:00.000Z expected:<24> but was:<3>-, testFormatParse_textHalfdayAM_UK(org.joda.time.format.TestDateTimeFormat): Cannot parse "$06-PM-2007": Value 6 for clockhourOfHalfday must be in the range 1, 3-, testFormatParse_textHalfdayAM_France(org.joda.time.format.TestDateTimeFormat): Cannot parse "$06-PM-2007": Value 6 for clockhourOfHalfday must be in the range 1, 3-, testFormat_clockhourOfHalfday(org.joda.time.format.TestDateTimeFormat): 2004-06-09T00:00:00.000Z expected:<12> but was:<3>-, testFormat_clockhourOfDay(org.joda.time.format.TestDateTimeFormat): 2004-06-09T00:00:00.000Z expected:<24> but was:<3>-]|
evo_regression: |false|4|54|[test28(org.joda.time.field.ZeroIsMaxDateTimeField_ESTest): expected:<24> but was:<3>-, test26(org.joda.time.field.ZeroIsMaxDateTimeField_ESTest): expected:<60> but was:<3>-, test27(org.joda.time.field.ZeroIsMaxDateTimeField_ESTest): Value 60 for millisOfSecond must be in the range 1, 3-, test01(org.joda.time.field.ZeroIsMaxDateTimeField_ESTest): Value 60 for yearOfEra must be in the range 1, 3-]|
 ----
ProgramVariant 3194
 
time(sec)= 2620
operation: ReplaceOp
location= org.joda.time.field.ZeroIsMaxDateTimeField
line= 178
lineSuspiciousness= 0.866
original statement= return (getWrappedField().getMaximumValue(instant, values)) + 1
fixed statement= return 2
generation= 1597
ingredientScope= PACKAGE
validation=
failing: |true|0|69|[]|
manual_regression: |false|1|12047|[warning(junit.framework.TestSuite$1): Class org.joda.time.chrono.gj.MainTest has no public constructor TestCase(String name) or TestCase()-]|
evo_regression: |false|1|54|[test52(org.joda.time.field.ZeroIsMaxDateTimeField_ESTest): expected:<60> but was:<2>-]|
 ----
ProgramVariant 3258
 
time(sec)= 2773
operation: ReplaceOp
location= org.joda.time.field.ZeroIsMaxDateTimeField
line= 148
lineSuspiciousness= 0.274
original statement= return (getWrappedField().getMaximumValue()) + 1
fixed statement= return 0
generation= 1629
ingredientScope= PACKAGE
validation=
failing: |true|0|69|[]|
manual_regression: |false|34|12047|[testGet_DateTimeFieldType(org.joda.time.TestInstant_Basics): expected:<24> but was:<0>-, testGet_DateTimeField(org.joda.time.TestDateMidnight_Basics): expected:<24> but was:<0>-, testGet_DateTimeFieldType(org.joda.time.TestDateMidnight_Basics): expected:<24> but was:<0>-, testGet_DateTimeFieldType(org.joda.time.TestLocalDateTime_Basics): expected:<12> but was:<0>-, testGet_DateTimeFieldType(org.joda.time.TestLocalTime_Basics): expected:<12> but was:<0>-, testGet_DateTimeFieldType(org.joda.time.TestInstant_Basics): expected:<24> but was:<0>-, testGet_DateTimeField(org.joda.time.TestDateMidnight_Basics): expected:<24> but was:<0>-, testGet_DateTimeFieldType(org.joda.time.TestDateMidnight_Basics): expected:<24> but was:<0>-, testGet_DateTimeFieldType(org.joda.time.TestLocalDateTime_Basics): expected:<12> but was:<0>-, testGet_DateTimeFieldType(org.joda.time.TestLocalTime_Basics): expected:<12> but was:<0>-, testFormatParse_textHalfdayAM_UK(org.joda.time.format.TestDateTimeFormat): Cannot parse "$06-PM-2007": Value 6 for clockhourOfHalfday must be in the range 1, 0-, testFormatParse_textHalfdayAM_France(org.joda.time.format.TestDateTimeFormat): Cannot parse "$06-PM-2007": Value 6 for clockhourOfHalfday must be in the range 1, 0-, testFormat_clockhourOfHalfday(org.joda.time.format.TestDateTimeFormat): 2004-06-09T00:00:00.000Z expected:<12> but was:<0>-, testFormat_clockhourOfDay(org.joda.time.format.TestDateTimeFormat): 2004-06-09T00:00:00.000Z expected:<24> but was:<0>-, testGet_DateTimeField(org.joda.time.TestDateMidnight_Basics): expected:<24> but was:<0>-, testGet_DateTimeFieldType(org.joda.time.TestDateMidnight_Basics): expected:<24> but was:<0>-, testGet_DateTimeFieldType(org.joda.time.TestInstant_Basics): expected:<24> but was:<0>-, testGet_DateTimeFieldType(org.joda.time.TestLocalDateTime_Basics): expected:<12> but was:<0>-, testGet_DateTimeFieldType(org.joda.time.TestLocalTime_Basics): expected:<12> but was:<0>-, warning(junit.framework.TestSuite$1): Class org.joda.time.chrono.gj.MainTest has no public constructor TestCase(String name) or TestCase()-, testFormatParse_textHalfdayAM_UK(org.joda.time.format.TestDateTimeFormat): Cannot parse "$06-PM-2007": Value 6 for clockhourOfHalfday must be in the range 1, 0-, testFormatParse_textHalfdayAM_France(org.joda.time.format.TestDateTimeFormat): Cannot parse "$06-PM-2007": Value 6 for clockhourOfHalfday must be in the range 1, 0-, testFormat_clockhourOfHalfday(org.joda.time.format.TestDateTimeFormat): 2004-06-09T00:00:00.000Z expected:<12> but was:<0>-, testFormat_clockhourOfDay(org.joda.time.format.TestDateTimeFormat): 2004-06-09T00:00:00.000Z expected:<24> but was:<0>-, testFormatParse_textHalfdayAM_UK(org.joda.time.format.TestDateTimeFormat): Cannot parse "$06-PM-2007": Value 6 for clockhourOfHalfday must be in the range 1, 0-, testFormatParse_textHalfdayAM_France(org.joda.time.format.TestDateTimeFormat): Cannot parse "$06-PM-2007": Value 6 for clockhourOfHalfday must be in the range 1, 0-, testFormat_clockhourOfHalfday(org.joda.time.format.TestDateTimeFormat): 2004-06-09T00:00:00.000Z expected:<12> but was:<0>-, testFormat_clockhourOfDay(org.joda.time.format.TestDateTimeFormat): 2004-06-09T00:00:00.000Z expected:<24> but was:<0>-]|
evo_regression: |false|5|54|[test28(org.joda.time.field.ZeroIsMaxDateTimeField_ESTest): expected:<24> but was:<0>-, test26(org.joda.time.field.ZeroIsMaxDateTimeField_ESTest): expected:<60> but was:<0>-, test27(org.joda.time.field.ZeroIsMaxDateTimeField_ESTest): Value 60 for millisOfSecond must be in the range 1, 0-, test01(org.joda.time.field.ZeroIsMaxDateTimeField_ESTest): Value 60 for yearOfEra must be in the range 1, 0-, test47(org.joda.time.field.ZeroIsMaxDateTimeField_ESTest): Value 1 for millisOfSecond must be in the range 1, 0-]|
 ----
ProgramVariant 3576
 
time(sec)= 2998
operation: ReplaceOp
location= org.joda.time.field.ZeroIsMaxDateTimeField
line= 178
lineSuspiciousness= 0.866
original statement= return (getWrappedField().getMaximumValue(instant, values)) + 1
fixed statement= return 1
generation= 1788
ingredientScope= PACKAGE
validation=
failing: |true|0|69|[]|
manual_regression: |false|1|12047|[warning(junit.framework.TestSuite$1): Class org.joda.time.chrono.gj.MainTest has no public constructor TestCase(String name) or TestCase()-]|
evo_regression: |false|1|54|[test52(org.joda.time.field.ZeroIsMaxDateTimeField_ESTest): expected:<60> but was:<1>-]|
 ----
ProgramVariant 3696
 
time(sec)= 3154
operation: ReplaceOp
location= org.joda.time.field.ZeroIsMaxDateTimeField
line= 178
lineSuspiciousness= 0.866
original statement= return (getWrappedField().getMaximumValue(instant, values)) + 1
fixed statement= return 3
generation= 1848
ingredientScope= PACKAGE
validation=
failing: |true|0|69|[]|
manual_regression: |false|1|12047|[warning(junit.framework.TestSuite$1): Class org.joda.time.chrono.gj.MainTest has no public constructor TestCase(String name) or TestCase()-]|
evo_regression: |false|1|54|[test52(org.joda.time.field.ZeroIsMaxDateTimeField_ESTest): expected:<60> but was:<3>-]|
 ----
ProgramVariant 3882
 
time(sec)= 3335
operation: ReplaceOp
location= org.joda.time.field.ZeroIsMaxDateTimeField
line= 178
lineSuspiciousness= 0.866
original statement= return (getWrappedField().getMaximumValue(instant, values)) + 1
fixed statement= return getMinimumValue(instant)
generation= 1941
ingredientScope= PACKAGE
validation=
failing: |true|0|69|[]|
manual_regression: |false|1|12047|[warning(junit.framework.TestSuite$1): Class org.joda.time.chrono.gj.MainTest has no public constructor TestCase(String name) or TestCase()-]|
evo_regression: |false|1|54|[test52(org.joda.time.field.ZeroIsMaxDateTimeField_ESTest): expected:<60> but was:<1>-]|
 ----
ProgramVariant 4130
 
time(sec)= 3527
operation: ReplaceOp
location= org.joda.time.field.ZeroIsMaxDateTimeField
line= 148
lineSuspiciousness= 0.274
original statement= return (getWrappedField().getMaximumValue()) + 1
fixed statement= return -1
generation= 2065
ingredientScope= PACKAGE
validation=
failing: |true|0|69|[]|
manual_regression: |false|34|12047|[testGet_DateTimeFieldType(org.joda.time.TestInstant_Basics): expected:<24> but was:<-1>-, testGet_DateTimeField(org.joda.time.TestDateMidnight_Basics): expected:<24> but was:<-1>-, testGet_DateTimeFieldType(org.joda.time.TestDateMidnight_Basics): expected:<24> but was:<-1>-, testGet_DateTimeFieldType(org.joda.time.TestLocalDateTime_Basics): expected:<12> but was:<-1>-, testGet_DateTimeFieldType(org.joda.time.TestLocalTime_Basics): expected:<12> but was:<-1>-, testGet_DateTimeFieldType(org.joda.time.TestInstant_Basics): expected:<24> but was:<-1>-, testGet_DateTimeField(org.joda.time.TestDateMidnight_Basics): expected:<24> but was:<-1>-, testGet_DateTimeFieldType(org.joda.time.TestDateMidnight_Basics): expected:<24> but was:<-1>-, testGet_DateTimeFieldType(org.joda.time.TestLocalDateTime_Basics): expected:<12> but was:<-1>-, testGet_DateTimeFieldType(org.joda.time.TestLocalTime_Basics): expected:<12> but was:<-1>-, testFormatParse_textHalfdayAM_UK(org.joda.time.format.TestDateTimeFormat): Cannot parse "$06-PM-2007": Value 6 for clockhourOfHalfday must be in the range 1, -1-, testFormatParse_textHalfdayAM_France(org.joda.time.format.TestDateTimeFormat): Cannot parse "$06-PM-2007": Value 6 for clockhourOfHalfday must be in the range 1, -1-, testFormat_clockhourOfHalfday(org.joda.time.format.TestDateTimeFormat): 2004-06-09T00:00:00.000Z expected:<12> but was:<-1>-, testFormat_clockhourOfDay(org.joda.time.format.TestDateTimeFormat): 2004-06-09T00:00:00.000Z expected:<24> but was:<-1>-, testGet_DateTimeField(org.joda.time.TestDateMidnight_Basics): expected:<24> but was:<-1>-, testGet_DateTimeFieldType(org.joda.time.TestDateMidnight_Basics): expected:<24> but was:<-1>-, testGet_DateTimeFieldType(org.joda.time.TestInstant_Basics): expected:<24> but was:<-1>-, testGet_DateTimeFieldType(org.joda.time.TestLocalDateTime_Basics): expected:<12> but was:<-1>-, testGet_DateTimeFieldType(org.joda.time.TestLocalTime_Basics): expected:<12> but was:<-1>-, warning(junit.framework.TestSuite$1): Class org.joda.time.chrono.gj.MainTest has no public constructor TestCase(String name) or TestCase()-, testFormatParse_textHalfdayAM_UK(org.joda.time.format.TestDateTimeFormat): Cannot parse "$06-PM-2007": Value 6 for clockhourOfHalfday must be in the range 1, -1-, testFormatParse_textHalfdayAM_France(org.joda.time.format.TestDateTimeFormat): Cannot parse "$06-PM-2007": Value 6 for clockhourOfHalfday must be in the range 1, -1-, testFormat_clockhourOfHalfday(org.joda.time.format.TestDateTimeFormat): 2004-06-09T00:00:00.000Z expected:<12> but was:<-1>-, testFormat_clockhourOfDay(org.joda.time.format.TestDateTimeFormat): 2004-06-09T00:00:00.000Z expected:<24> but was:<-1>-, testFormatParse_textHalfdayAM_UK(org.joda.time.format.TestDateTimeFormat): Cannot parse "$06-PM-2007": Value 6 for clockhourOfHalfday must be in the range 1, -1-, testFormatParse_textHalfdayAM_France(org.joda.time.format.TestDateTimeFormat): Cannot parse "$06-PM-2007": Value 6 for clockhourOfHalfday must be in the range 1, -1-, testFormat_clockhourOfHalfday(org.joda.time.format.TestDateTimeFormat): 2004-06-09T00:00:00.000Z expected:<12> but was:<-1>-, testFormat_clockhourOfDay(org.joda.time.format.TestDateTimeFormat): 2004-06-09T00:00:00.000Z expected:<24> but was:<-1>-]|
evo_regression: |false|5|54|[test28(org.joda.time.field.ZeroIsMaxDateTimeField_ESTest): expected:<24> but was:<-1>-, test26(org.joda.time.field.ZeroIsMaxDateTimeField_ESTest): expected:<60> but was:<-1>-, test27(org.joda.time.field.ZeroIsMaxDateTimeField_ESTest): Value 60 for millisOfSecond must be in the range 1, -1-, test01(org.joda.time.field.ZeroIsMaxDateTimeField_ESTest): Value 60 for yearOfEra must be in the range 1, -1-, test47(org.joda.time.field.ZeroIsMaxDateTimeField_ESTest): Value 1 for millisOfSecond must be in the range 1, -1-]|
 ----
ProgramVariant 16048
 
time(sec)= 7384
operation: ReplaceOp
location= org.joda.time.DateTimeFieldType
line= 227
lineSuspiciousness= 0.226
original statement= return org.joda.time.DateTimeFieldType.CLOCKHOUR_OF_DAY_TYPE
fixed statement= return org.joda.time.DateTimeFieldType.ERA_TYPE
generation= 8024
ingredientScope= LOCAL
validation=
failing: |true|0|69|[]|
manual_regression: |false|63|12047|[test_clockhourOfDay(org.joda.time.TestDateTimeFieldType): expected:<clockhourOfDay> but was:<era>-, testGet_DateTimeFieldType(org.joda.time.TestInstant_Basics): expected:<24> but was:<1>-, testGet_DateTimeFieldType(org.joda.time.TestDateMidnight_Basics): expected:<24> but was:<1>-, testGet_DateTimeFieldType(org.joda.time.TestLocalDateTime_Basics): expected:<12> but was:<1>-, testProperty(org.joda.time.TestLocalTime_Basics): Field 'era' is not supported-, testIsSupported_DateTimeFieldType(org.joda.time.TestLocalTime_Basics): expected:<true> but was:<false>-, testGet_DateTimeFieldType(org.joda.time.TestLocalTime_Basics): Field 'era' is not supported-, testConstructorEx8_TypeArray_intArray(org.joda.time.TestPartial_Constructors): Types array must be in order largest-smallest: dayOfMonth < era: must not/duplicate expected:<true> but was:<false>-, testSerializedDateTimeFieldType(org.joda.time.TestSerialization): expected same:<era> was not:<clockhourOfDay>-, test_clockhourOfDay(org.joda.time.TestDateTimeFieldType): expected:<clockhourOfDay> but was:<era>-, testGet_DateTimeFieldType(org.joda.time.TestInstant_Basics): expected:<24> but was:<1>-, testGet_DateTimeFieldType(org.joda.time.TestDateMidnight_Basics): expected:<24> but was:<1>-, testGet_DateTimeFieldType(org.joda.time.TestLocalDateTime_Basics): expected:<12> but was:<1>-, testProperty(org.joda.time.TestLocalTime_Basics): Field 'era' is not supported-, testIsSupported_DateTimeFieldType(org.joda.time.TestLocalTime_Basics): expected:<true> but was:<false>-, testGet_DateTimeFieldType(org.joda.time.TestLocalTime_Basics): Field 'era' is not supported-, testConstructorEx8_TypeArray_intArray(org.joda.time.TestPartial_Constructors): Types array must be in order largest-smallest: dayOfMonth < era: must not/duplicate expected:<true> but was:<false>-, testSerializedDateTimeFieldType(org.joda.time.TestSerialization): expected same:<era> was not:<clockhourOfDay>-, testTimeFields(org.joda.time.chrono.TestBuddhistChronology): expected:<clockhourOfDay> but was:<era>-, testTimeFields(org.joda.time.chrono.TestCopticChronology): expected:<clockhourOfDay> but was:<era>-, ...and 8 failures more, testTimeFields(org.joda.time.chrono.TestEthiopicChronology): expected:<clockhourOfDay> but was:<era>-, ...and 8 failures more, testTimeFields(org.joda.time.chrono.TestGJChronology): expected:<clockhourOfDay> but was:<era>-, ...and 8 failures more, testTimeFields(org.joda.time.chrono.TestGregorianChronology): expected:<clockhourOfDay> but was:<era>-, ...and 8 failures more, testTimeFields(org.joda.time.chrono.TestIslamicChronology): expected:<clockhourOfDay> but was:<era>-, ...and 8 failures more, testTimeFields(org.joda.time.chrono.TestJulianChronology): expected:<clockhourOfDay> but was:<era>-, ...and 8 failures more, testTimeFields(org.joda.time.chrono.TestISOChronology): expected:<clockhourOfDay> but was:<era>-, ...and 8 failures more, testFormat_clockhourOfDay(org.joda.time.format.TestDateTimeFormat): 2004-06-09T10:20:30.040Z expected:<10> but was:<1>-, ...and 8 failures more, testGet_DateTimeFieldType(org.joda.time.TestDateMidnight_Basics): expected:<24> but was:<1>-, test_clockhourOfDay(org.joda.time.TestDateTimeFieldType): expected:<clockhourOfDay> but was:<era>-, testGet_DateTimeFieldType(org.joda.time.TestInstant_Basics): expected:<24> but was:<1>-, testGet_DateTimeFieldType(org.joda.time.TestLocalDateTime_Basics): expected:<12> but was:<1>-, testProperty(org.joda.time.TestLocalTime_Basics): Field 'era' is not supported-, testIsSupported_DateTimeFieldType(org.joda.time.TestLocalTime_Basics): expected:<true> but was:<false>-, testGet_DateTimeFieldType(org.joda.time.TestLocalTime_Basics): Field 'era' is not supported-, testConstructorEx8_TypeArray_intArray(org.joda.time.TestPartial_Constructors): Types array must be in order largest-smallest: dayOfMonth < era: must not/duplicate expected:<true> but was:<false>-, testSerializedDateTimeFieldType(org.joda.time.TestSerialization): expected same:<era> was not:<clockhourOfDay>-, testTimeFields(org.joda.time.chrono.TestBuddhistChronology): expected:<clockhourOfDay> but was:<era>-, testTimeFields(org.joda.time.chrono.TestCopticChronology): expected:<clockhourOfDay> but was:<era>-, testTimeFields(org.joda.time.chrono.TestEthiopicChronology): expected:<clockhourOfDay> but was:<era>-, testTimeFields(org.joda.time.chrono.TestGJChronology): expected:<clockhourOfDay> but was:<era>-, testTimeFields(org.joda.time.chrono.TestGregorianChronology): expected:<clockhourOfDay> but was:<era>-, testTimeFields(org.joda.time.chrono.TestIslamicChronology): expected:<clockhourOfDay> but was:<era>-, testTimeFields(org.joda.time.chrono.TestJulianChronology): expected:<clockhourOfDay> but was:<era>-, testTimeFields(org.joda.time.chrono.TestISOChronology): expected:<clockhourOfDay> but was:<era>-, testTimeFields(org.joda.time.chrono.TestBuddhistChronology): expected:<clockhourOfDay> but was:<era>-, testTimeFields(org.joda.time.chrono.TestCopticChronology): expected:<clockhourOfDay> but was:<era>-, testTimeFields(org.joda.time.chrono.TestEthiopicChronology): expected:<clockhourOfDay> but was:<era>-, testTimeFields(org.joda.time.chrono.TestGJChronology): expected:<clockhourOfDay> but was:<era>-, testTimeFields(org.joda.time.chrono.TestGregorianChronology): expected:<clockhourOfDay> but was:<era>-, testTimeFields(org.joda.time.chrono.TestISOChronology): expected:<clockhourOfDay> but was:<era>-, testTimeFields(org.joda.time.chrono.TestIslamicChronology): expected:<clockhourOfDay> but was:<era>-, testTimeFields(org.joda.time.chrono.TestJulianChronology): expected:<clockhourOfDay> but was:<era>-, warning(junit.framework.TestSuite$1): Class org.joda.time.chrono.gj.MainTest has no public constructor TestCase(String name) or TestCase()-, testFormat_clockhourOfDay(org.joda.time.format.TestDateTimeFormat): 2004-06-09T10:20:30.040Z expected:<10> but was:<1>-, testFormat_clockhourOfDay(org.joda.time.format.TestDateTimeFormat): 2004-06-09T10:20:30.040Z expected:<10> but was:<1>-]|
evo_regression: |false|1|26|[test03(org.joda.time.DateTimeFieldType_ESTest): expected:<clockhourOfDay> but was:<era>-]|
[INFO ] fr.inria.main.evolution.AstorMain.run(AstorMain.java:397) - Time Total(s): 7475.24


Node: graphene-10.nancy.grid5000.fr


Date: Sat Jan 28 11:26:57 CET 2017

removed classes 

zipped 

copied zip 


