seed AstorRun 11 
export PATH="/home/mmartinez/defects4j/framework/bin:$PATH";export JAVA_TOOL_OPTIONS=-Dfile.encoding=UTF8;export PATH="/usr/lib/jvm/java-1.7.0-openjdk-amd64/bin/:$PATH";cd /home/mmartinez/projects/chart/chart_25;defects4j compile;cp -r /home/mmartinez/projects/chart/chart_25 /tmp/chart_25_Genprog_local_s1;cd /tmp/chart_25_Genprog_local_s1;mkdir lib/;cp -r /home/mmartinez/defects4j/framework/projects/lib/* lib/;cp -r /home/mmartinez/defects4j/framework/projects/Chart/lib/* lib/;find . -type f -name "package-info.java" -delete;
/home/mmartinez/defects4j-repair/src/python/core/../../../results/2016-june/Chart/seed/11/package/25/Genprog/result
cd /tmp/chart_25_Genprog_local_s1;export JAVA_TOOL_OPTIONS=-Dfile.encoding=UTF8;TZ="America/New_York"; export TZexport PATH="/usr/lib/jvm/java-1.7.0-openjdk-amd64/bin/:$PATH";time /home/mmartinez/jdk1.8.0_45/bin//java -Xmx4096m -cp /home/mmartinez/defects4j-repair/src/python/core/../../..//libs/astor.jar fr.inria.main.evolution.MainjGenProg -mode statement -location . -id Chart -dependencies lib/ -failing org.jfree.chart.renderer.category.junit.StatisticalBarRendererTests:org.jfree.chart.renderer.category.junit.StatisticalBarRendererTests:org.jfree.chart.renderer.category.junit.StatisticalBarRendererTests:org.jfree.chart.renderer.category.junit.StatisticalBarRendererTests: -package org.jfree -jvm4testexecution /usr/lib/jvm/java-1.7.0-openjdk-amd64/bin/ -jvm4evosuitetestexecution /home/mmartinez/jdk1.8.0_45/bin/ -javacompliancelevel 4 -maxgen 1000000 -seed 11 -scope package -maxtime 120  -stopfirst false -population 1 -srcjavafolder source/ -srctestfolder tests/ -binjavafolder build/ -bintestfolder build-tests/ -flthreshold 0.1  -validation  fr.inria.astor.core.validation.validators.RegressionValidation  -ESParameters -Dassertion_timeout=1800:-Dminimization_timeout=1800:-Djunit_check_timeout=1800:-Dwrite_junit_timeout=300:-Dinitialization_timeout=300:-Dglobal_timeout=18000:-Dsearch_budget=100000:-Dstopping_condition=MaxStatements:-Dno_runtime_dependency=true:-Dsandbox=false:-Dp_reflection_on_private=0.0:-Dreflection_start_percent=1.0:-Dp_functional_mocking=0.0:-Dfunctional_mocking_percent=1.0:-mem=2000 -ignoredtestcases org.apache.commons.lang.LocaleUtilsTest  -excludeRegression  -maxgen 100000000 ;echo "

Node: `hostname`
";echo "
Date: `date`
"; find /tmp/chart_25_Genprog_local_s1/outputMutation -name "*.class" -type f -delete;echo "removed classes 
"; find . -name bin  -type d -print0|xargs -0 rm -r --; zip -r -q out.zip /tmp/chart_25_Genprog_local_s1/outputMutation; echo "zipped 
";cp out.zip /home/mmartinez/defects4j-repair/src/python/core/../../../results/2016-june/Chart/seed/11/package/25/Genprog; echo "copied zip 
";rm -rf /tmp/chart_25_Genprog_local_s1;

[DEBUG] fr.inria.astor.core.loop.AstorCoreEngine.showResults(AstorCoreEngine.java:136) - End Repair Loops: Found solution
[DEBUG] fr.inria.astor.core.loop.AstorCoreEngine.showResults(AstorCoreEngine.java:137) - Solution stored at: /tmp/chart_25_Genprog_local_s1/./outputMutation/AstorMain-Chart//src/
[DEBUG] fr.inria.astor.core.loop.AstorCoreEngine.showResults(AstorCoreEngine.java:142) - 
Number solutions:12
[DEBUG] fr.inria.astor.core.loop.AstorCoreEngine.showResults(AstorCoreEngine.java:144) - f (sol): 0.0, [Variant id: 76 (SOL) , #gens: 955, #ops: 1, parent:75]
[DEBUG] fr.inria.astor.core.loop.AstorCoreEngine.showResults(AstorCoreEngine.java:144) - f (sol): 3.0, [Variant id: 118 (SOL) , #gens: 955, #ops: 1, parent:117]
[DEBUG] fr.inria.astor.core.loop.AstorCoreEngine.showResults(AstorCoreEngine.java:144) - f (sol): 2.0, [Variant id: 178 (SOL) , #gens: 956, #ops: 1, parent:177]
[DEBUG] fr.inria.astor.core.loop.AstorCoreEngine.showResults(AstorCoreEngine.java:144) - f (sol): 5.0, [Variant id: 202 (SOL) , #gens: 955, #ops: 1, parent:201]
[DEBUG] fr.inria.astor.core.loop.AstorCoreEngine.showResults(AstorCoreEngine.java:144) - f (sol): 5.0, [Variant id: 516 (SOL) , #gens: 955, #ops: 1, parent:515]
[DEBUG] fr.inria.astor.core.loop.AstorCoreEngine.showResults(AstorCoreEngine.java:144) - f (sol): 11.0, [Variant id: 552 (SOL) , #gens: 955, #ops: 1, parent:551]
[DEBUG] fr.inria.astor.core.loop.AstorCoreEngine.showResults(AstorCoreEngine.java:144) - f (sol): 0.0, [Variant id: 572 (SOL) , #gens: 956, #ops: 1, parent:571]
[DEBUG] fr.inria.astor.core.loop.AstorCoreEngine.showResults(AstorCoreEngine.java:144) - f (sol): 3.0, [Variant id: 664 (SOL) , #gens: 956, #ops: 1, parent:663]
[DEBUG] fr.inria.astor.core.loop.AstorCoreEngine.showResults(AstorCoreEngine.java:144) - f (sol): 3.0, [Variant id: 708 (SOL) , #gens: 955, #ops: 1, parent:707]
[DEBUG] fr.inria.astor.core.loop.AstorCoreEngine.showResults(AstorCoreEngine.java:144) - f (sol): 5.0, [Variant id: 982 (SOL) , #gens: 956, #ops: 1, parent:981]
[DEBUG] fr.inria.astor.core.loop.AstorCoreEngine.showResults(AstorCoreEngine.java:144) - f (sol): 0.0, [Variant id: 988 (SOL) , #gens: 956, #ops: 1, parent:987]
[DEBUG] fr.inria.astor.core.loop.AstorCoreEngine.showResults(AstorCoreEngine.java:144) - f (sol): 5.0, [Variant id: 1258 (SOL) , #gens: 955, #ops: 1, parent:1257]
[DEBUG] fr.inria.astor.core.loop.AstorCoreEngine.showResults(AstorCoreEngine.java:146) - 
All variants:
[DEBUG] fr.inria.astor.core.loop.AstorCoreEngine.showResults(AstorCoreEngine.java:148) - f 16.0, [Variant id: 1273, #gens: 956, #ops: 0, parent:-]
[INFO ] fr.inria.astor.core.loop.AstorCoreEngine.showResults(AstorCoreEngine.java:152) - 
Solution details
[INFO ] fr.inria.astor.core.loop.AstorCoreEngine.showResults(AstorCoreEngine.java:153) - 
 --SOLUTIONS DESCRIPTION--

 ----
ProgramVariant 76
 
time(sec)= 1734
operation: RemoveOp
location= org.jfree.chart.plot.CategoryPlot
line= 2866
lineSuspiciousness= 0.426
original statement= if ((org.jfree.chart.plot.CategoryPlot.this.rowRenderingOrder) == (org.jfree.chart.util.SortOrder.ASCENDING)) {
	for (int row = 0 ; row < rowCount ; row++) {
		renderer.drawItem(g2, state, dataArea, org.jfree.chart.plot.CategoryPlot.this, domainAxis, rangeAxis, currentDataset, row, column, pass);
	}
} else {
	for (int row = rowCount - 1 ; row >= 0 ; row--) {
		renderer.drawItem(g2, state, dataArea, org.jfree.chart.plot.CategoryPlot.this, domainAxis, rangeAxis, currentDataset, row, column, pass);
	}
}
fixed statement= 
generation= 38
ingredientScope= -
validation=
failing: |true|0|36|[]|
manual_regression: |true|0|3243|[]|
evo_regression: |true|0|250|[]|
 ----
ProgramVariant 118
 
time(sec)= 2147
operation: RemoveOp
location= org.jfree.data.statistics.DefaultStatisticalCategoryDataset
line= 111
lineSuspiciousness= 0.816
original statement= result = masd.getMean()
fixed statement= 
generation= 59
ingredientScope= -
validation=
failing: |true|0|36|[]|
manual_regression: |true|0|3243|[]|
evo_regression: |false|3|70|[test56(org.jfree.data.statistics.DefaultStatisticalCategoryDataset_ESTest): null-, test23(org.jfree.data.statistics.DefaultStatisticalCategoryDataset_ESTest): null-, test22(org.jfree.data.statistics.DefaultStatisticalCategoryDataset_ESTest): null-]|
 ----
ProgramVariant 178
 
time(sec)= 2435
operation: ReplaceOp
location= org.jfree.chart.plot.CategoryPlot
line= 2673
lineSuspiciousness= 0.378
original statement= foundData = (render(g2, dataArea, i, state)) || foundData
fixed statement= org.jfree.chart.plot.CategoryPlot.this.rangeAxisLocations = new org.jfree.chart.util.ObjectList()
generation= 89
ingredientScope= LOCAL
validation=
failing: |true|0|36|[]|
manual_regression: |false|2|3243|[testDrawWithNullInfo(org.jfree.chart.junit.WaterfallChartTests): null-, testDrawWithNullInfo(org.jfree.chart.junit.WaterfallChartTests): null-]|
evo_regression: |true|0|250|[]|
 ----
ProgramVariant 202
 
time(sec)= 2701
operation: RemoveOp
location= org.jfree.data.KeyedObjects
line= 91
lineSuspiciousness= 0.471
original statement= if (kobj != null) {
	result = kobj.getObject();
} 
fixed statement= 
generation= 101
ingredientScope= -
validation=
failing: |true|0|36|[]|
manual_regression: |false|2|3243|[testInsertAndRetrieve(org.jfree.data.junit.KeyedObjectsTests): expected:<null> but was:<1.0>-, testInsertAndRetrieve(org.jfree.data.junit.KeyedObjectsTests): expected:<null> but was:<1.0>-]|
evo_regression: |false|3|31|[test19(org.jfree.data.KeyedObjects_ESTest): null-, test14(org.jfree.data.KeyedObjects_ESTest): expected same:<null> was not:<org.jfree.data.KeyedObjects@14>-, test29(org.jfree.data.KeyedObjects_ESTest): expected same:<org.jfree.data.KeyedObjects@25> was not:<null>-]|
 ----
ProgramVariant 516
 
time(sec)= 3720
operation: RemoveOp
location= org.jfree.data.KeyedObjects
line= 89
lineSuspiciousness= 0.471
original statement= if ((item >= 0) && (item < (org.jfree.data.KeyedObjects.this.data.size()))) {
	org.jfree.data.KeyedObject kobj = ((org.jfree.data.KeyedObject)(org.jfree.data.KeyedObjects.this.data.get(item)));
	if (kobj != null) {
		result = kobj.getObject();
	} 
} 
fixed statement= 
generation= 258
ingredientScope= -
validation=
failing: |true|0|36|[]|
manual_regression: |false|2|3243|[testInsertAndRetrieve(org.jfree.data.junit.KeyedObjectsTests): expected:<null> but was:<1.0>-, testInsertAndRetrieve(org.jfree.data.junit.KeyedObjectsTests): expected:<null> but was:<1.0>-]|
evo_regression: |false|3|31|[test19(org.jfree.data.KeyedObjects_ESTest): null-, test14(org.jfree.data.KeyedObjects_ESTest): expected same:<null> was not:<org.jfree.data.KeyedObjects@14>-, test29(org.jfree.data.KeyedObjects_ESTest): expected same:<org.jfree.data.KeyedObjects@25> was not:<null>-]|
 ----
ProgramVariant 552
 
time(sec)= 3966
operation: RemoveOp
location= org.jfree.data.KeyedObjects2D
line= 236
lineSuspiciousness= 0.447
original statement= row.setObject(columnKey, object)
fixed statement= 
generation= 276
ingredientScope= -
validation=
failing: |true|0|36|[]|
manual_regression: |true|0|3243|[]|
evo_regression: |false|11|51|[test31(org.jfree.data.KeyedObjects2D_ESTest): expected:<QiYE.sD{O5E1O> but was:<null>-, test37(org.jfree.data.KeyedObjects2D_ESTest): Expecting exception: NullPointerException-, test29(org.jfree.data.KeyedObjects2D_ESTest): Expecting exception: NullPointerException-, test21(org.jfree.data.KeyedObjects2D_ESTest): -1-, test20(org.jfree.data.KeyedObjects2D_ESTest): Expecting exception: NullPointerException-, test23(org.jfree.data.KeyedObjects2D_ESTest): -1-, test26(org.jfree.data.KeyedObjects2D_ESTest): Expecting exception: NullPointerException-, test13(org.jfree.data.KeyedObjects2D_ESTest): null-, test07(org.jfree.data.KeyedObjects2D_ESTest): -1-, test44(org.jfree.data.KeyedObjects2D_ESTest): -1-, test46(org.jfree.data.KeyedObjects2D_ESTest): null-, ...and 1 failures more]|
 ----
ProgramVariant 572
 
time(sec)= 4107
operation: ReplaceOp
location= org.jfree.chart.plot.CategoryPlot
line= 2865
lineSuspiciousness= 0.426
original statement= for (int column = 0 ; column < columnCount ; column++) {
	if ((org.jfree.chart.plot.CategoryPlot.this.rowRenderingOrder) == (org.jfree.chart.util.SortOrder.ASCENDING)) {
		for (int row = 0 ; row < rowCount ; row++) {
			renderer.drawItem(g2, state, dataArea, org.jfree.chart.plot.CategoryPlot.this, domainAxis, rangeAxis, currentDataset, row, column, pass);
		}
	} else {
		for (int row = rowCount - 1 ; row >= 0 ; row--) {
			renderer.drawItem(g2, state, dataArea, org.jfree.chart.plot.CategoryPlot.this, domainAxis, rangeAxis, currentDataset, row, column, pass);
		}
	}
}
fixed statement= for (int i = 0 ; i < (org.jfree.chart.plot.CategoryPlot.this.domainAxes.size()) ; i++) {
	org.jfree.chart.axis.CategoryAxis xAxis = ((org.jfree.chart.axis.CategoryAxis)(org.jfree.chart.plot.CategoryPlot.this.domainAxes.get(i)));
	if (xAxis != null) {
		xAxis.setPlot(org.jfree.chart.plot.CategoryPlot.this);
		xAxis.addChangeListener(org.jfree.chart.plot.CategoryPlot.this);
	} 
}
generation= 286
ingredientScope= LOCAL
validation=
failing: |true|0|36|[]|
manual_regression: |true|0|3243|[]|
evo_regression: |true|0|250|[]|
 ----
ProgramVariant 664
 
time(sec)= 4520
operation: ReplaceOp
location= org.jfree.data.statistics.MeanAndStandardDeviation
line= 95
lineSuspiciousness= 0.816
original statement= return org.jfree.data.statistics.MeanAndStandardDeviation.this.mean
fixed statement= return null
generation= 332
ingredientScope= PACKAGE
validation=
failing: |true|0|36|[]|
manual_regression: |true|0|3243|[]|
evo_regression: |false|3|14|[test06(org.jfree.data.statistics.MeanAndStandardDeviation_ESTest): null-, test12(org.jfree.data.statistics.MeanAndStandardDeviation_ESTest): null-, test05(org.jfree.data.statistics.MeanAndStandardDeviation_ESTest): null-]|
 ----
ProgramVariant 708
 
time(sec)= 4741
operation: RemoveOp
location= org.jfree.data.statistics.DefaultStatisticalCategoryDataset
line= 110
lineSuspiciousness= 0.816
original statement= if (masd != null) {
	result = masd.getMean();
} 
fixed statement= 
generation= 354
ingredientScope= -
validation=
failing: |true|0|36|[]|
manual_regression: |true|0|3243|[]|
evo_regression: |false|3|70|[test56(org.jfree.data.statistics.DefaultStatisticalCategoryDataset_ESTest): null-, test23(org.jfree.data.statistics.DefaultStatisticalCategoryDataset_ESTest): null-, test22(org.jfree.data.statistics.DefaultStatisticalCategoryDataset_ESTest): null-]|
 ----
ProgramVariant 982
 
time(sec)= 6167
operation: ReplaceOp
location= org.jfree.chart.JFreeChart
line= 1393
lineSuspiciousness= 0.408
original statement= draw(g2, new java.awt.geom.Rectangle2D.Double(0 , 0 , width , height), null, info)
fixed statement= notifyListeners(new org.jfree.chart.event.ChartProgressEvent(org.jfree.chart.JFreeChart.this , org.jfree.chart.JFreeChart.this , org.jfree.chart.event.ChartProgressEvent.DRAWING_STARTED , 0))
generation= 491
ingredientScope= LOCAL
validation=
failing: |true|0|36|[]|
manual_regression: |true|0|3243|[]|
evo_regression: |false|5|121|[test031(org.jfree.chart.JFreeChart_ESTest): Expecting exception: IllegalArgumentException-, test032(org.jfree.chart.JFreeChart_ESTest): Expecting exception: ArrayIndexOutOfBoundsException-, test023(org.jfree.chart.JFreeChart_ESTest): Expecting exception: NullPointerException-, test065(org.jfree.chart.JFreeChart_ESTest): Expecting exception: IllegalArgumentException-, test114(org.jfree.chart.JFreeChart_ESTest): Expecting exception: NullPointerException-]|
 ----
ProgramVariant 988
 
time(sec)= 6376
operation: ReplaceOp
location= org.jfree.chart.renderer.category.StatisticalBarRenderer
line= 207
lineSuspiciousness= 0.894
original statement= if (orientation == (org.jfree.chart.plot.PlotOrientation.HORIZONTAL)) {
	drawHorizontalItem(g2, state, dataArea, plot, domainAxis, rangeAxis, statData, row, column);
} else {
	if (orientation == (org.jfree.chart.plot.PlotOrientation.VERTICAL)) {
		drawVerticalItem(g2, state, dataArea, plot, domainAxis, rangeAxis, statData, row, column);
	} 
}
fixed statement= if (plot == null) {
	throw new java.lang.IllegalArgumentException("Null 'plot' argument.");
} 
generation= 494
ingredientScope= PACKAGE
validation=
failing: |true|0|36|[]|
manual_regression: |true|0|3243|[]|
evo_regression: |true|0|15|[]|
 ----
ProgramVariant 1258
 
time(sec)= 7227
operation: RemoveOp
location= org.jfree.data.KeyedObjects
line= 91
lineSuspiciousness= 0.471
original statement= if (kobj != null) {
	result = kobj.getObject();
} 
fixed statement= 
generation= 629
ingredientScope= -
validation=
failing: |true|0|36|[]|
manual_regression: |false|2|3243|[testInsertAndRetrieve(org.jfree.data.junit.KeyedObjectsTests): expected:<null> but was:<1.0>-, testInsertAndRetrieve(org.jfree.data.junit.KeyedObjectsTests): expected:<null> but was:<1.0>-]|
evo_regression: |false|3|31|[test19(org.jfree.data.KeyedObjects_ESTest): null-, test14(org.jfree.data.KeyedObjects_ESTest): expected same:<null> was not:<org.jfree.data.KeyedObjects@14>-, test29(org.jfree.data.KeyedObjects_ESTest): expected same:<org.jfree.data.KeyedObjects@25> was not:<null>-]|
[INFO ] fr.inria.main.evolution.AstorMain.run(AstorMain.java:397) - Time Total(s): 9070.094


Node: graphene-8.nancy.grid5000.fr


Date: Sun Jan 15 00:57:04 CET 2017

removed classes 

zipped 

copied zip 


