seed AstorRun 9 
export PATH="/home/mmartinez/defects4j/framework/bin:$PATH";export JAVA_TOOL_OPTIONS=-Dfile.encoding=UTF8;export PATH="/usr/lib/jvm/java-1.7.0-openjdk-amd64/bin/:$PATH";cd /home/mmartinez/projects/math/math_73;defects4j compile;cp -r /home/mmartinez/projects/math/math_73 /tmp/math_73_Genprog_local_s1;cd /tmp/math_73_Genprog_local_s1;mkdir lib/;cp -r /home/mmartinez/defects4j/framework/projects/lib/* lib/;cp -r /home/mmartinez/defects4j/framework/projects/Math/lib/* lib/;find . -type f -name "package-info.java" -delete;
/home/mmartinez/defects4j-repair/src/python/core/../../../results/2016-june/Math/seed/9/package/73/Genprog/result
cd /tmp/math_73_Genprog_local_s1;export JAVA_TOOL_OPTIONS=-Dfile.encoding=UTF8;TZ="America/New_York"; export TZexport PATH="/usr/lib/jvm/java-1.7.0-openjdk-amd64/bin/:$PATH";time /home/mmartinez/jdk1.8.0_45/bin//java -Xmx4096m -cp /home/mmartinez/defects4j-repair/src/python/core/../../..//libs/astor.jar fr.inria.main.evolution.MainjGenProg -mode statement -location . -id Math -dependencies lib/ -failing org.apache.commons.math.analysis.solvers.BrentSolverTest: -package org.apache.commons -jvm4testexecution /usr/lib/jvm/java-1.7.0-openjdk-amd64/bin/ -jvm4evosuitetestexecution /home/mmartinez/jdk1.8.0_45/bin/ -javacompliancelevel 5 -maxgen 1000000 -seed 9 -scope package -maxtime 120  -stopfirst false -population 1 -srcjavafolder src/main/java/ -srctestfolder src/test/java/ -binjavafolder target/classes/ -bintestfolder target/test-classes/ -flthreshold 0.1  -validation  fr.inria.astor.core.validation.validators.RegressionValidation  -ESParameters -Dassertion_timeout=1800:-Dminimization_timeout=1800:-Djunit_check_timeout=1800:-Dwrite_junit_timeout=300:-Dinitialization_timeout=300:-Dglobal_timeout=18000:-Dsearch_budget=100000:-Dstopping_condition=MaxStatements:-Dno_runtime_dependency=true:-Dsandbox=false:-Dp_reflection_on_private=0.0:-Dreflection_start_percent=1.0:-Dp_functional_mocking=0.0:-Dfunctional_mocking_percent=1.0:-mem=2000 -ignoredtestcases org.apache.commons.lang.LocaleUtilsTest  -excludeRegression  -maxgen 100000000 ;echo "

Node: `hostname`
";echo "
Date: `date`
"; find /tmp/math_73_Genprog_local_s1/outputMutation -name "*.class" -type f -delete;echo "removed classes 
"; find . -name bin  -type d -print0|xargs -0 rm -r --; zip -r -q out.zip /tmp/math_73_Genprog_local_s1/outputMutation; echo "zipped 
";cp out.zip /home/mmartinez/defects4j-repair/src/python/core/../../../results/2016-june/Math/seed/9/package/73/Genprog; echo "copied zip 
";rm -rf /tmp/math_73_Genprog_local_s1;

[DEBUG] fr.inria.astor.core.loop.AstorCoreEngine.showResults(AstorCoreEngine.java:136) - End Repair Loops: Found solution
[DEBUG] fr.inria.astor.core.loop.AstorCoreEngine.showResults(AstorCoreEngine.java:137) - Solution stored at: /tmp/math_73_Genprog_local_s1/./outputMutation/AstorMain-Math//src/
[DEBUG] fr.inria.astor.core.loop.AstorCoreEngine.showResults(AstorCoreEngine.java:142) - 
Number solutions:17
[DEBUG] fr.inria.astor.core.loop.AstorCoreEngine.showResults(AstorCoreEngine.java:144) - f (sol): 4.0, [Variant id: 1044 (SOL) , #gens: 25, #ops: 1, parent:1043]
[DEBUG] fr.inria.astor.core.loop.AstorCoreEngine.showResults(AstorCoreEngine.java:144) - f (sol): 4.0, [Variant id: 1086 (SOL) , #gens: 24, #ops: 1, parent:1085]
[DEBUG] fr.inria.astor.core.loop.AstorCoreEngine.showResults(AstorCoreEngine.java:144) - f (sol): 4.0, [Variant id: 1094 (SOL) , #gens: 25, #ops: 1, parent:1093]
[DEBUG] fr.inria.astor.core.loop.AstorCoreEngine.showResults(AstorCoreEngine.java:144) - f (sol): 4.0, [Variant id: 1284 (SOL) , #gens: 24, #ops: 1, parent:1283]
[DEBUG] fr.inria.astor.core.loop.AstorCoreEngine.showResults(AstorCoreEngine.java:144) - f (sol): 4.0, [Variant id: 1410 (SOL) , #gens: 25, #ops: 1, parent:1409]
[DEBUG] fr.inria.astor.core.loop.AstorCoreEngine.showResults(AstorCoreEngine.java:144) - f (sol): 4.0, [Variant id: 1720 (SOL) , #gens: 24, #ops: 1, parent:1719]
[DEBUG] fr.inria.astor.core.loop.AstorCoreEngine.showResults(AstorCoreEngine.java:144) - f (sol): 6.0, [Variant id: 2794 (SOL) , #gens: 25, #ops: 1, parent:2793]
[DEBUG] fr.inria.astor.core.loop.AstorCoreEngine.showResults(AstorCoreEngine.java:144) - f (sol): 6.0, [Variant id: 5256 (SOL) , #gens: 25, #ops: 1, parent:5255]
[DEBUG] fr.inria.astor.core.loop.AstorCoreEngine.showResults(AstorCoreEngine.java:144) - f (sol): 6.0, [Variant id: 5986 (SOL) , #gens: 25, #ops: 1, parent:5985]
[DEBUG] fr.inria.astor.core.loop.AstorCoreEngine.showResults(AstorCoreEngine.java:144) - f (sol): 8.0, [Variant id: 6458 (SOL) , #gens: 25, #ops: 1, parent:6457]
[DEBUG] fr.inria.astor.core.loop.AstorCoreEngine.showResults(AstorCoreEngine.java:144) - f (sol): 8.0, [Variant id: 6924 (SOL) , #gens: 25, #ops: 1, parent:6923]
[DEBUG] fr.inria.astor.core.loop.AstorCoreEngine.showResults(AstorCoreEngine.java:144) - f (sol): 6.0, [Variant id: 7912 (SOL) , #gens: 25, #ops: 1, parent:7911]
[DEBUG] fr.inria.astor.core.loop.AstorCoreEngine.showResults(AstorCoreEngine.java:144) - f (sol): 6.0, [Variant id: 8528 (SOL) , #gens: 25, #ops: 1, parent:8527]
[DEBUG] fr.inria.astor.core.loop.AstorCoreEngine.showResults(AstorCoreEngine.java:144) - f (sol): 4.0, [Variant id: 8978 (SOL) , #gens: 25, #ops: 1, parent:8977]
[DEBUG] fr.inria.astor.core.loop.AstorCoreEngine.showResults(AstorCoreEngine.java:144) - f (sol): 6.0, [Variant id: 9168 (SOL) , #gens: 25, #ops: 1, parent:9167]
[DEBUG] fr.inria.astor.core.loop.AstorCoreEngine.showResults(AstorCoreEngine.java:144) - f (sol): 8.0, [Variant id: 9322 (SOL) , #gens: 25, #ops: 1, parent:9321]
[DEBUG] fr.inria.astor.core.loop.AstorCoreEngine.showResults(AstorCoreEngine.java:144) - f (sol): 8.0, [Variant id: 9600 (SOL) , #gens: 25, #ops: 1, parent:9599]
[DEBUG] fr.inria.astor.core.loop.AstorCoreEngine.showResults(AstorCoreEngine.java:146) - 
All variants:
[DEBUG] fr.inria.astor.core.loop.AstorCoreEngine.showResults(AstorCoreEngine.java:148) - f 1.0, [Variant id: 11817, #gens: 24, #ops: 0, parent:-]
[INFO ] fr.inria.astor.core.loop.AstorCoreEngine.showResults(AstorCoreEngine.java:152) - 
Solution details
[INFO ] fr.inria.astor.core.loop.AstorCoreEngine.showResults(AstorCoreEngine.java:153) - 
 --SOLUTIONS DESCRIPTION--

 ----
ProgramVariant 1044
 
time(sec)= 872
operation: InsertAfterOp
location= org.apache.commons.math.analysis.solvers.BrentSolver
line= 126
lineSuspiciousness= 0.707
original statement= if ((java.lang.Math.abs(yMax)) <= (functionValueAccuracy)) {
	setResult(yMax, 0);
	return result;
} 
fixed statement= verifyBracketing(min, max, f)
generation= 522
ingredientScope= PACKAGE
validation=
failing: |true|0|6|[]|
manual_regression: |true|0|2140|[]|
evo_regression: |false|4|33|[test32(org.apache.commons.math.analysis.solvers.BrentSolver_ESTest): function values at endpoints do not have different signs.  Endpoints: 1, 017.763, 2, 292.37, Values: ∞, ∞-, test09(org.apache.commons.math.analysis.solvers.BrentSolver_ESTest): Exception was not thrown in org.apache.commons.math.analysis.solvers.BrentSolver but in org.apache.commons.math.MathRuntimeException.createIllegalArgumentException(MathRuntimeException.java:305): org.evosuite.runtime.mock.java.lang.MockThrowable-, test03(org.apache.commons.math.analysis.solvers.BrentSolver_ESTest): expected:<4> but was:<6>-, test05(org.apache.commons.math.analysis.solvers.BrentSolver_ESTest): function values at endpoints do not have different signs.  Endpoints: -2, 337.953, -24.035, Values: -1, -1-]|
 ----
ProgramVariant 1086
 
time(sec)= 966
operation: ReplaceOp
location= org.apache.commons.math.analysis.solvers.BrentSolver
line= 138
lineSuspiciousness= 1
original statement= return solve(f, min, yMin, max, yMax, initial, yInitial)
fixed statement= return solve(f, min, initial)
generation= 543
ingredientScope= PACKAGE
validation=
failing: |true|0|6|[]|
manual_regression: |true|0|2140|[]|
evo_regression: |false|4|33|[test32(org.apache.commons.math.analysis.solvers.BrentSolver_ESTest): function values at endpoints do not have different signs.  Endpoints: 1, 017.763, 1, 172.51, Values: ∞, ∞-, test09(org.apache.commons.math.analysis.solvers.BrentSolver_ESTest): Exception was not thrown in org.apache.commons.math.analysis.solvers.BrentSolver but in org.apache.commons.math.MathRuntimeException.createIllegalArgumentException(MathRuntimeException.java:305): org.evosuite.runtime.mock.java.lang.MockThrowable-, test03(org.apache.commons.math.analysis.solvers.BrentSolver_ESTest): expected:<4> but was:<5>-, test05(org.apache.commons.math.analysis.solvers.BrentSolver_ESTest): function values at endpoints do not have different signs.  Endpoints: -2, 337.953, -942, Values: -1, -1-]|
 ----
ProgramVariant 1094
 
time(sec)= 1039
operation: InsertBeforeOp
location= org.apache.commons.math.analysis.solvers.BrentSolver
line= 132
lineSuspiciousness= 0.707
original statement= if ((yInitial * yMax) < 0) {
	return solve(f, initial, yInitial, max, yMax, initial, yInitial);
} 
fixed statement= verifyBracketing(min, max, f)
generation= 547
ingredientScope= PACKAGE
validation=
failing: |true|0|6|[]|
manual_regression: |true|0|2140|[]|
evo_regression: |false|4|33|[test32(org.apache.commons.math.analysis.solvers.BrentSolver_ESTest): function values at endpoints do not have different signs.  Endpoints: 1, 017.763, 2, 292.37, Values: ∞, ∞-, test09(org.apache.commons.math.analysis.solvers.BrentSolver_ESTest): Exception was not thrown in org.apache.commons.math.analysis.solvers.BrentSolver but in org.apache.commons.math.MathRuntimeException.createIllegalArgumentException(MathRuntimeException.java:305): org.evosuite.runtime.mock.java.lang.MockThrowable-, test03(org.apache.commons.math.analysis.solvers.BrentSolver_ESTest): expected:<4> but was:<6>-, test05(org.apache.commons.math.analysis.solvers.BrentSolver_ESTest): function values at endpoints do not have different signs.  Endpoints: -2, 337.953, -24.035, Values: -1, -1-]|
 ----
ProgramVariant 1284
 
time(sec)= 1199
operation: ReplaceOp
location= org.apache.commons.math.analysis.solvers.BrentSolver
line= 138
lineSuspiciousness= 1
original statement= return solve(f, min, yMin, max, yMax, initial, yInitial)
fixed statement= return solve(f, min, max)
generation= 642
ingredientScope= PACKAGE
validation=
failing: |true|0|6|[]|
manual_regression: |true|0|2140|[]|
evo_regression: |false|4|33|[test32(org.apache.commons.math.analysis.solvers.BrentSolver_ESTest): function values at endpoints do not have different signs.  Endpoints: 1, 017.763, 2, 292.37, Values: ∞, ∞-, test09(org.apache.commons.math.analysis.solvers.BrentSolver_ESTest): Exception was not thrown in org.apache.commons.math.analysis.solvers.BrentSolver but in org.apache.commons.math.MathRuntimeException.createIllegalArgumentException(MathRuntimeException.java:305): org.evosuite.runtime.mock.java.lang.MockThrowable-, test03(org.apache.commons.math.analysis.solvers.BrentSolver_ESTest): expected:<4> but was:<41>-, test05(org.apache.commons.math.analysis.solvers.BrentSolver_ESTest): function values at endpoints do not have different signs.  Endpoints: -2, 337.953, -24.035, Values: -1, -1-]|
 ----
ProgramVariant 1410
 
time(sec)= 1351
operation: InsertBeforeOp
location= org.apache.commons.math.analysis.solvers.BrentSolver
line= 138
lineSuspiciousness= 1
original statement= return solve(f, min, yMin, max, yMax, initial, yInitial)
fixed statement= verifyBracketing(min, max, f)
generation= 705
ingredientScope= PACKAGE
validation=
failing: |true|0|6|[]|
manual_regression: |true|0|2140|[]|
evo_regression: |false|4|33|[test32(org.apache.commons.math.analysis.solvers.BrentSolver_ESTest): function values at endpoints do not have different signs.  Endpoints: 1, 017.763, 2, 292.37, Values: ∞, ∞-, test09(org.apache.commons.math.analysis.solvers.BrentSolver_ESTest): Exception was not thrown in org.apache.commons.math.analysis.solvers.BrentSolver but in org.apache.commons.math.MathRuntimeException.createIllegalArgumentException(MathRuntimeException.java:305): org.evosuite.runtime.mock.java.lang.MockThrowable-, test03(org.apache.commons.math.analysis.solvers.BrentSolver_ESTest): expected:<4> but was:<6>-, test05(org.apache.commons.math.analysis.solvers.BrentSolver_ESTest): function values at endpoints do not have different signs.  Endpoints: -2, 337.953, -24.035, Values: -1, -1-]|
 ----
ProgramVariant 1720
 
time(sec)= 1596
operation: ReplaceOp
location= org.apache.commons.math.analysis.solvers.BrentSolver
line= 138
lineSuspiciousness= 1
original statement= return solve(f, min, yMin, max, yMax, initial, yInitial)
fixed statement= return solve(f, initial, max)
generation= 860
ingredientScope= PACKAGE
validation=
failing: |true|0|6|[]|
manual_regression: |true|0|2140|[]|
evo_regression: |false|4|33|[test32(org.apache.commons.math.analysis.solvers.BrentSolver_ESTest): function values at endpoints do not have different signs.  Endpoints: 1, 172.51, 2, 292.37, Values: ∞, ∞-, test09(org.apache.commons.math.analysis.solvers.BrentSolver_ESTest): Exception was not thrown in org.apache.commons.math.analysis.solvers.BrentSolver but in org.apache.commons.math.MathRuntimeException.createIllegalArgumentException(MathRuntimeException.java:305): org.evosuite.runtime.mock.java.lang.MockThrowable-, test03(org.apache.commons.math.analysis.solvers.BrentSolver_ESTest): expected:<4> but was:<5>-, test05(org.apache.commons.math.analysis.solvers.BrentSolver_ESTest): function values at endpoints do not have different signs.  Endpoints: -942, -24.035, Values: -1, -1-]|
 ----
ProgramVariant 2794
 
time(sec)= 2249
operation: InsertAfterOp
location= org.apache.commons.math.analysis.solvers.BrentSolver
line= 120
lineSuspiciousness= 0.707
original statement= if ((yInitial * yMin) < 0) {
	return solve(f, min, yMin, initial, yInitial, min, yMin);
} 
fixed statement= verifyBracketing(min, max, f)
generation= 1397
ingredientScope= PACKAGE
validation=
failing: |true|0|6|[]|
manual_regression: |true|0|2140|[]|
evo_regression: |false|6|33|[test32(org.apache.commons.math.analysis.solvers.BrentSolver_ESTest): function values at endpoints do not have different signs.  Endpoints: 1, 017.763, 2, 292.37, Values: ∞, ∞-, test09(org.apache.commons.math.analysis.solvers.BrentSolver_ESTest): Exception was not thrown in org.apache.commons.math.analysis.solvers.BrentSolver but in org.apache.commons.math.MathRuntimeException.createIllegalArgumentException(MathRuntimeException.java:305): org.evosuite.runtime.mock.java.lang.MockThrowable-, test03(org.apache.commons.math.analysis.solvers.BrentSolver_ESTest): expected:<4> but was:<6>-, test02(org.apache.commons.math.analysis.solvers.BrentSolver_ESTest): function values at endpoints do not have different signs.  Endpoints: -2, 338.535, 0, Values: -1, 0-, test05(org.apache.commons.math.analysis.solvers.BrentSolver_ESTest): function values at endpoints do not have different signs.  Endpoints: -2, 337.953, -24.035, Values: -1, -1-, test26(org.apache.commons.math.analysis.solvers.BrentSolver_ESTest): function values at endpoints do not have different signs.  Endpoints: -2, 338.535, 0, Values: -1, 0-]|
 ----
ProgramVariant 5256
 
time(sec)= 3575
operation: InsertAfterOp
location= org.apache.commons.math.analysis.solvers.BrentSolver
line= 125
lineSuspiciousness= 0.707
original statement= double yMax = f.value(max)
fixed statement= verifyBracketing(min, max, f)
generation= 2628
ingredientScope= PACKAGE
validation=
failing: |true|0|6|[]|
manual_regression: |true|0|2140|[]|
evo_regression: |false|6|33|[test32(org.apache.commons.math.analysis.solvers.BrentSolver_ESTest): function values at endpoints do not have different signs.  Endpoints: 1, 017.763, 2, 292.37, Values: ∞, ∞-, test09(org.apache.commons.math.analysis.solvers.BrentSolver_ESTest): Exception was not thrown in org.apache.commons.math.analysis.solvers.BrentSolver but in org.apache.commons.math.MathRuntimeException.createIllegalArgumentException(MathRuntimeException.java:305): org.evosuite.runtime.mock.java.lang.MockThrowable-, test03(org.apache.commons.math.analysis.solvers.BrentSolver_ESTest): expected:<4> but was:<6>-, test02(org.apache.commons.math.analysis.solvers.BrentSolver_ESTest): function values at endpoints do not have different signs.  Endpoints: -2, 338.535, 0, Values: -1, 0-, test05(org.apache.commons.math.analysis.solvers.BrentSolver_ESTest): function values at endpoints do not have different signs.  Endpoints: -2, 337.953, -24.035, Values: -1, -1-, test26(org.apache.commons.math.analysis.solvers.BrentSolver_ESTest): function values at endpoints do not have different signs.  Endpoints: -2, 338.535, 0, Values: -1, 0-]|
 ----
ProgramVariant 5986
 
time(sec)= 4082
operation: InsertBeforeOp
location= org.apache.commons.math.analysis.solvers.BrentSolver
line= 125
lineSuspiciousness= 0.707
original statement= double yMax = f.value(max)
fixed statement= verifyBracketing(min, max, f)
generation= 2993
ingredientScope= PACKAGE
validation=
failing: |true|0|6|[]|
manual_regression: |true|0|2140|[]|
evo_regression: |false|6|33|[test32(org.apache.commons.math.analysis.solvers.BrentSolver_ESTest): function values at endpoints do not have different signs.  Endpoints: 1, 017.763, 2, 292.37, Values: ∞, ∞-, test09(org.apache.commons.math.analysis.solvers.BrentSolver_ESTest): Exception was not thrown in org.apache.commons.math.analysis.solvers.BrentSolver but in org.apache.commons.math.MathRuntimeException.createIllegalArgumentException(MathRuntimeException.java:305): org.evosuite.runtime.mock.java.lang.MockThrowable-, test03(org.apache.commons.math.analysis.solvers.BrentSolver_ESTest): expected:<4> but was:<6>-, test02(org.apache.commons.math.analysis.solvers.BrentSolver_ESTest): function values at endpoints do not have different signs.  Endpoints: -2, 338.535, 0, Values: -1, 0-, test05(org.apache.commons.math.analysis.solvers.BrentSolver_ESTest): function values at endpoints do not have different signs.  Endpoints: -2, 337.953, -24.035, Values: -1, -1-, test26(org.apache.commons.math.analysis.solvers.BrentSolver_ESTest): function values at endpoints do not have different signs.  Endpoints: -2, 338.535, 0, Values: -1, 0-]|
 ----
ProgramVariant 6458
 
time(sec)= 4426
operation: InsertAfterOp
location= org.apache.commons.math.analysis.solvers.BrentSolver
line= 113
lineSuspiciousness= 0.707
original statement= double yMin = f.value(min)
fixed statement= verifyBracketing(min, max, f)
generation= 3229
ingredientScope= PACKAGE
validation=
failing: |true|0|6|[]|
manual_regression: |true|0|2140|[]|
evo_regression: |false|8|33|[test19(org.apache.commons.math.analysis.solvers.BrentSolver_ESTest): function values at endpoints do not have different signs.  Endpoints: 0, 1.046, Values: 0, 0.083-, test32(org.apache.commons.math.analysis.solvers.BrentSolver_ESTest): function values at endpoints do not have different signs.  Endpoints: 1, 017.763, 2, 292.37, Values: ∞, ∞-, test28(org.apache.commons.math.analysis.solvers.BrentSolver_ESTest): function values at endpoints do not have different signs.  Endpoints: -2, 260.868, 1, 877.2, Values: 0, ∞-, test09(org.apache.commons.math.analysis.solvers.BrentSolver_ESTest): Exception was not thrown in org.apache.commons.math.analysis.solvers.BrentSolver but in org.apache.commons.math.MathRuntimeException.createIllegalArgumentException(MathRuntimeException.java:305): org.evosuite.runtime.mock.java.lang.MockThrowable-, test03(org.apache.commons.math.analysis.solvers.BrentSolver_ESTest): expected:<4> but was:<6>-, test02(org.apache.commons.math.analysis.solvers.BrentSolver_ESTest): function values at endpoints do not have different signs.  Endpoints: -2, 338.535, 0, Values: -1, 0-, test05(org.apache.commons.math.analysis.solvers.BrentSolver_ESTest): function values at endpoints do not have different signs.  Endpoints: -2, 337.953, -24.035, Values: -1, -1-, test26(org.apache.commons.math.analysis.solvers.BrentSolver_ESTest): function values at endpoints do not have different signs.  Endpoints: -2, 338.535, 0, Values: -1, 0-]|
 ----
ProgramVariant 6924
 
time(sec)= 4777
operation: InsertBeforeOp
location= org.apache.commons.math.analysis.solvers.BrentSolver
line= 113
lineSuspiciousness= 0.707
original statement= double yMin = f.value(min)
fixed statement= verifyBracketing(min, max, f)
generation= 3462
ingredientScope= PACKAGE
validation=
failing: |true|0|6|[]|
manual_regression: |true|0|2140|[]|
evo_regression: |false|8|33|[test19(org.apache.commons.math.analysis.solvers.BrentSolver_ESTest): function values at endpoints do not have different signs.  Endpoints: 0, 1.046, Values: 0, 0.083-, test32(org.apache.commons.math.analysis.solvers.BrentSolver_ESTest): function values at endpoints do not have different signs.  Endpoints: 1, 017.763, 2, 292.37, Values: ∞, ∞-, test28(org.apache.commons.math.analysis.solvers.BrentSolver_ESTest): function values at endpoints do not have different signs.  Endpoints: -2, 260.868, 1, 877.2, Values: 0, ∞-, test09(org.apache.commons.math.analysis.solvers.BrentSolver_ESTest): Exception was not thrown in org.apache.commons.math.analysis.solvers.BrentSolver but in org.apache.commons.math.MathRuntimeException.createIllegalArgumentException(MathRuntimeException.java:305): org.evosuite.runtime.mock.java.lang.MockThrowable-, test03(org.apache.commons.math.analysis.solvers.BrentSolver_ESTest): expected:<4> but was:<6>-, test02(org.apache.commons.math.analysis.solvers.BrentSolver_ESTest): function values at endpoints do not have different signs.  Endpoints: -2, 338.535, 0, Values: -1, 0-, test05(org.apache.commons.math.analysis.solvers.BrentSolver_ESTest): function values at endpoints do not have different signs.  Endpoints: -2, 337.953, -24.035, Values: -1, -1-, test26(org.apache.commons.math.analysis.solvers.BrentSolver_ESTest): function values at endpoints do not have different signs.  Endpoints: -2, 338.535, 0, Values: -1, 0-]|
 ----
ProgramVariant 7912
 
time(sec)= 5402
operation: InsertAfterOp
location= org.apache.commons.math.analysis.solvers.BrentSolver
line= 114
lineSuspiciousness= 0.707
original statement= if ((java.lang.Math.abs(yMin)) <= (functionValueAccuracy)) {
	setResult(yMin, 0);
	return result;
} 
fixed statement= verifyBracketing(min, max, f)
generation= 3956
ingredientScope= PACKAGE
validation=
failing: |true|0|6|[]|
manual_regression: |true|0|2140|[]|
evo_regression: |false|6|33|[test32(org.apache.commons.math.analysis.solvers.BrentSolver_ESTest): function values at endpoints do not have different signs.  Endpoints: 1, 017.763, 2, 292.37, Values: ∞, ∞-, test09(org.apache.commons.math.analysis.solvers.BrentSolver_ESTest): Exception was not thrown in org.apache.commons.math.analysis.solvers.BrentSolver but in org.apache.commons.math.MathRuntimeException.createIllegalArgumentException(MathRuntimeException.java:305): org.evosuite.runtime.mock.java.lang.MockThrowable-, test03(org.apache.commons.math.analysis.solvers.BrentSolver_ESTest): expected:<4> but was:<6>-, test02(org.apache.commons.math.analysis.solvers.BrentSolver_ESTest): function values at endpoints do not have different signs.  Endpoints: -2, 338.535, 0, Values: -1, 0-, test05(org.apache.commons.math.analysis.solvers.BrentSolver_ESTest): function values at endpoints do not have different signs.  Endpoints: -2, 337.953, -24.035, Values: -1, -1-, test26(org.apache.commons.math.analysis.solvers.BrentSolver_ESTest): function values at endpoints do not have different signs.  Endpoints: -2, 338.535, 0, Values: -1, 0-]|
 ----
ProgramVariant 8528
 
time(sec)= 5791
operation: InsertBeforeOp
location= org.apache.commons.math.analysis.solvers.BrentSolver
line= 120
lineSuspiciousness= 0.707
original statement= if ((yInitial * yMin) < 0) {
	return solve(f, min, yMin, initial, yInitial, min, yMin);
} 
fixed statement= verifyBracketing(min, max, f)
generation= 4264
ingredientScope= PACKAGE
validation=
failing: |true|0|6|[]|
manual_regression: |true|0|2140|[]|
evo_regression: |false|6|33|[test32(org.apache.commons.math.analysis.solvers.BrentSolver_ESTest): function values at endpoints do not have different signs.  Endpoints: 1, 017.763, 2, 292.37, Values: ∞, ∞-, test09(org.apache.commons.math.analysis.solvers.BrentSolver_ESTest): Exception was not thrown in org.apache.commons.math.analysis.solvers.BrentSolver but in org.apache.commons.math.MathRuntimeException.createIllegalArgumentException(MathRuntimeException.java:305): org.evosuite.runtime.mock.java.lang.MockThrowable-, test03(org.apache.commons.math.analysis.solvers.BrentSolver_ESTest): expected:<4> but was:<6>-, test02(org.apache.commons.math.analysis.solvers.BrentSolver_ESTest): function values at endpoints do not have different signs.  Endpoints: -2, 338.535, 0, Values: -1, 0-, test05(org.apache.commons.math.analysis.solvers.BrentSolver_ESTest): function values at endpoints do not have different signs.  Endpoints: -2, 337.953, -24.035, Values: -1, -1-, test26(org.apache.commons.math.analysis.solvers.BrentSolver_ESTest): function values at endpoints do not have different signs.  Endpoints: -2, 338.535, 0, Values: -1, 0-]|
 ----
ProgramVariant 8978
 
time(sec)= 6091
operation: InsertAfterOp
location= org.apache.commons.math.analysis.solvers.BrentSolver
line= 132
lineSuspiciousness= 0.707
original statement= if ((yInitial * yMax) < 0) {
	return solve(f, initial, yInitial, max, yMax, initial, yInitial);
} 
fixed statement= verifyBracketing(min, max, f)
generation= 4489
ingredientScope= PACKAGE
validation=
failing: |true|0|6|[]|
manual_regression: |true|0|2140|[]|
evo_regression: |false|4|33|[test32(org.apache.commons.math.analysis.solvers.BrentSolver_ESTest): function values at endpoints do not have different signs.  Endpoints: 1, 017.763, 2, 292.37, Values: ∞, ∞-, test09(org.apache.commons.math.analysis.solvers.BrentSolver_ESTest): Exception was not thrown in org.apache.commons.math.analysis.solvers.BrentSolver but in org.apache.commons.math.MathRuntimeException.createIllegalArgumentException(MathRuntimeException.java:305): org.evosuite.runtime.mock.java.lang.MockThrowable-, test03(org.apache.commons.math.analysis.solvers.BrentSolver_ESTest): expected:<4> but was:<6>-, test05(org.apache.commons.math.analysis.solvers.BrentSolver_ESTest): function values at endpoints do not have different signs.  Endpoints: -2, 337.953, -24.035, Values: -1, -1-]|
 ----
ProgramVariant 9168
 
time(sec)= 6237
operation: InsertBeforeOp
location= org.apache.commons.math.analysis.solvers.BrentSolver
line= 126
lineSuspiciousness= 0.707
original statement= if ((java.lang.Math.abs(yMax)) <= (functionValueAccuracy)) {
	setResult(yMax, 0);
	return result;
} 
fixed statement= verifyBracketing(min, max, f)
generation= 4584
ingredientScope= PACKAGE
validation=
failing: |true|0|6|[]|
manual_regression: |true|0|2140|[]|
evo_regression: |false|6|33|[test32(org.apache.commons.math.analysis.solvers.BrentSolver_ESTest): function values at endpoints do not have different signs.  Endpoints: 1, 017.763, 2, 292.37, Values: ∞, ∞-, test09(org.apache.commons.math.analysis.solvers.BrentSolver_ESTest): Exception was not thrown in org.apache.commons.math.analysis.solvers.BrentSolver but in org.apache.commons.math.MathRuntimeException.createIllegalArgumentException(MathRuntimeException.java:305): org.evosuite.runtime.mock.java.lang.MockThrowable-, test03(org.apache.commons.math.analysis.solvers.BrentSolver_ESTest): expected:<4> but was:<6>-, test02(org.apache.commons.math.analysis.solvers.BrentSolver_ESTest): function values at endpoints do not have different signs.  Endpoints: -2, 338.535, 0, Values: -1, 0-, test05(org.apache.commons.math.analysis.solvers.BrentSolver_ESTest): function values at endpoints do not have different signs.  Endpoints: -2, 337.953, -24.035, Values: -1, -1-, test26(org.apache.commons.math.analysis.solvers.BrentSolver_ESTest): function values at endpoints do not have different signs.  Endpoints: -2, 338.535, 0, Values: -1, 0-]|
 ----
ProgramVariant 9322
 
time(sec)= 6372
operation: InsertAfterOp
location= org.apache.commons.math.analysis.solvers.BrentSolver
line= 107
lineSuspiciousness= 0.707
original statement= if ((java.lang.Math.abs(yInitial)) <= (functionValueAccuracy)) {
	setResult(initial, 0);
	return result;
} 
fixed statement= verifyBracketing(min, max, f)
generation= 4661
ingredientScope= PACKAGE
validation=
failing: |true|0|6|[]|
manual_regression: |true|0|2140|[]|
evo_regression: |false|8|33|[test19(org.apache.commons.math.analysis.solvers.BrentSolver_ESTest): function values at endpoints do not have different signs.  Endpoints: 0, 1.046, Values: 0, 0.083-, test32(org.apache.commons.math.analysis.solvers.BrentSolver_ESTest): function values at endpoints do not have different signs.  Endpoints: 1, 017.763, 2, 292.37, Values: ∞, ∞-, test28(org.apache.commons.math.analysis.solvers.BrentSolver_ESTest): function values at endpoints do not have different signs.  Endpoints: -2, 260.868, 1, 877.2, Values: 0, ∞-, test09(org.apache.commons.math.analysis.solvers.BrentSolver_ESTest): Exception was not thrown in org.apache.commons.math.analysis.solvers.BrentSolver but in org.apache.commons.math.MathRuntimeException.createIllegalArgumentException(MathRuntimeException.java:305): org.evosuite.runtime.mock.java.lang.MockThrowable-, test03(org.apache.commons.math.analysis.solvers.BrentSolver_ESTest): expected:<4> but was:<6>-, test02(org.apache.commons.math.analysis.solvers.BrentSolver_ESTest): function values at endpoints do not have different signs.  Endpoints: -2, 338.535, 0, Values: -1, 0-, test05(org.apache.commons.math.analysis.solvers.BrentSolver_ESTest): function values at endpoints do not have different signs.  Endpoints: -2, 337.953, -24.035, Values: -1, -1-, test26(org.apache.commons.math.analysis.solvers.BrentSolver_ESTest): function values at endpoints do not have different signs.  Endpoints: -2, 338.535, 0, Values: -1, 0-]|
 ----
ProgramVariant 9600
 
time(sec)= 6563
operation: InsertBeforeOp
location= org.apache.commons.math.analysis.solvers.BrentSolver
line= 114
lineSuspiciousness= 0.707
original statement= if ((java.lang.Math.abs(yMin)) <= (functionValueAccuracy)) {
	setResult(yMin, 0);
	return result;
} 
fixed statement= verifyBracketing(min, max, f)
generation= 4800
ingredientScope= PACKAGE
validation=
failing: |true|0|6|[]|
manual_regression: |true|0|2140|[]|
evo_regression: |false|8|33|[test19(org.apache.commons.math.analysis.solvers.BrentSolver_ESTest): function values at endpoints do not have different signs.  Endpoints: 0, 1.046, Values: 0, 0.083-, test32(org.apache.commons.math.analysis.solvers.BrentSolver_ESTest): function values at endpoints do not have different signs.  Endpoints: 1, 017.763, 2, 292.37, Values: ∞, ∞-, test28(org.apache.commons.math.analysis.solvers.BrentSolver_ESTest): function values at endpoints do not have different signs.  Endpoints: -2, 260.868, 1, 877.2, Values: 0, ∞-, test09(org.apache.commons.math.analysis.solvers.BrentSolver_ESTest): Exception was not thrown in org.apache.commons.math.analysis.solvers.BrentSolver but in org.apache.commons.math.MathRuntimeException.createIllegalArgumentException(MathRuntimeException.java:305): org.evosuite.runtime.mock.java.lang.MockThrowable-, test03(org.apache.commons.math.analysis.solvers.BrentSolver_ESTest): expected:<4> but was:<6>-, test02(org.apache.commons.math.analysis.solvers.BrentSolver_ESTest): function values at endpoints do not have different signs.  Endpoints: -2, 338.535, 0, Values: -1, 0-, test05(org.apache.commons.math.analysis.solvers.BrentSolver_ESTest): function values at endpoints do not have different signs.  Endpoints: -2, 337.953, -24.035, Values: -1, -1-, test26(org.apache.commons.math.analysis.solvers.BrentSolver_ESTest): function values at endpoints do not have different signs.  Endpoints: -2, 338.535, 0, Values: -1, 0-]|
[INFO ] fr.inria.main.evolution.AstorMain.run(AstorMain.java:397) - Time Total(s): 7276.752


Node: grisou-17.nancy.grid5000.fr


Date: Sat Jan 14 02:38:29 CET 2017

removed classes 

zipped 

copied zip 


