seed AstorRun 16 
export PATH="/home/mmartinez/defects4j/framework/bin:$PATH";export JAVA_TOOL_OPTIONS=-Dfile.encoding=UTF8;export PATH="/usr/lib/jvm/java-1.7.0-openjdk-amd64/bin/:$PATH";cd /home/mmartinez/projects/time/time_11;defects4j compile;cp -r /home/mmartinez/projects/time/time_11 /tmp/time_11_Genprog_local_s1;cd /tmp/time_11_Genprog_local_s1;mkdir lib/;cp -r /home/mmartinez/defects4j/framework/projects/lib/* lib/;cp -r /home/mmartinez/defects4j/framework/projects/Time/lib/* lib/;find . -type f -name "package-info.java" -delete;
/home/mmartinez/defects4j-repair/src/python/core/../../../results/2016-june/Time/seed/16/package/11/Genprog/result
cd /tmp/time_11_Genprog_local_s1;export JAVA_TOOL_OPTIONS=-Dfile.encoding=UTF8;TZ="America/New_York"; export TZexport PATH="/usr/lib/jvm/java-1.7.0-openjdk-amd64/bin/:$PATH";time /home/mmartinez/jdk1.8.0_45/bin//java -Xmx4096m -cp /home/mmartinez/defects4j-repair/src/python/core/../../..//libs/astor.jar fr.inria.main.evolution.MainjGenProg -mode statement -location . -id Time -dependencies lib/ -failing org.joda.time.tz.TestCompiler: -package org.joda -jvm4testexecution /usr/lib/jvm/java-1.7.0-openjdk-amd64/bin/ -jvm4evosuitetestexecution /home/mmartinez/jdk1.8.0_45/bin/ -javacompliancelevel 5 -maxgen 1000000 -seed 16 -scope package -maxtime 120  -stopfirst false -population 1 -srcjavafolder src/main/java/ -srctestfolder src/test/java/ -binjavafolder target/classes/ -bintestfolder target/test-classes/ -flthreshold 0.1  -validation  fr.inria.astor.core.validation.validators.RegressionValidation  -ESParameters -Dassertion_timeout=1800:-Dminimization_timeout=1800:-Djunit_check_timeout=1800:-Dwrite_junit_timeout=300:-Dinitialization_timeout=300:-Dglobal_timeout=18000:-Dsearch_budget=100000:-Dstopping_condition=MaxStatements:-Dno_runtime_dependency=true:-Dsandbox=false:-Dp_reflection_on_private=0.0:-Dreflection_start_percent=1.0:-Dp_functional_mocking=0.0:-Dfunctional_mocking_percent=1.0:-mem=2000 -ignoredtestcases org.apache.commons.lang.LocaleUtilsTest  -excludeRegression  -maxgen 100000000 ;echo "

Node: `hostname`
";echo "
Date: `date`
"; find /tmp/time_11_Genprog_local_s1/outputMutation -name "*.class" -type f -delete;echo "removed classes 
"; find . -name bin  -type d -print0|xargs -0 rm -r --; zip -r -q out.zip /tmp/time_11_Genprog_local_s1/outputMutation; echo "zipped 
";cp out.zip /home/mmartinez/defects4j-repair/src/python/core/../../../results/2016-june/Time/seed/16/package/11/Genprog; echo "copied zip 
";rm -rf /tmp/time_11_Genprog_local_s1;

[DEBUG] fr.inria.astor.core.loop.AstorCoreEngine.showResults(AstorCoreEngine.java:136) - End Repair Loops: Found solution
[DEBUG] fr.inria.astor.core.loop.AstorCoreEngine.showResults(AstorCoreEngine.java:137) - Solution stored at: /tmp/time_11_Genprog_local_s1/./outputMutation/AstorMain-Time//src/
[DEBUG] fr.inria.astor.core.loop.AstorCoreEngine.showResults(AstorCoreEngine.java:142) - 
Number solutions:25
[DEBUG] fr.inria.astor.core.loop.AstorCoreEngine.showResults(AstorCoreEngine.java:144) - f (sol): 0.0, [Variant id: 16 (SOL) , #gens: 207, #ops: 1, parent:15]
[DEBUG] fr.inria.astor.core.loop.AstorCoreEngine.showResults(AstorCoreEngine.java:144) - f (sol): 0.0, [Variant id: 18 (SOL) , #gens: 207, #ops: 1, parent:17]
[DEBUG] fr.inria.astor.core.loop.AstorCoreEngine.showResults(AstorCoreEngine.java:144) - f (sol): 0.0, [Variant id: 92 (SOL) , #gens: 209, #ops: 1, parent:91]
[DEBUG] fr.inria.astor.core.loop.AstorCoreEngine.showResults(AstorCoreEngine.java:144) - f (sol): 0.0, [Variant id: 106 (SOL) , #gens: 207, #ops: 1, parent:105]
[DEBUG] fr.inria.astor.core.loop.AstorCoreEngine.showResults(AstorCoreEngine.java:144) - f (sol): 0.0, [Variant id: 168 (SOL) , #gens: 207, #ops: 1, parent:167]
[DEBUG] fr.inria.astor.core.loop.AstorCoreEngine.showResults(AstorCoreEngine.java:144) - f (sol): 0.0, [Variant id: 284 (SOL) , #gens: 207, #ops: 1, parent:283]
[DEBUG] fr.inria.astor.core.loop.AstorCoreEngine.showResults(AstorCoreEngine.java:144) - f (sol): 0.0, [Variant id: 302 (SOL) , #gens: 207, #ops: 1, parent:301]
[DEBUG] fr.inria.astor.core.loop.AstorCoreEngine.showResults(AstorCoreEngine.java:144) - f (sol): 0.0, [Variant id: 350 (SOL) , #gens: 207, #ops: 1, parent:349]
[DEBUG] fr.inria.astor.core.loop.AstorCoreEngine.showResults(AstorCoreEngine.java:144) - f (sol): 0.0, [Variant id: 368 (SOL) , #gens: 207, #ops: 1, parent:367]
[DEBUG] fr.inria.astor.core.loop.AstorCoreEngine.showResults(AstorCoreEngine.java:144) - f (sol): 0.0, [Variant id: 400 (SOL) , #gens: 209, #ops: 1, parent:399]
[DEBUG] fr.inria.astor.core.loop.AstorCoreEngine.showResults(AstorCoreEngine.java:144) - f (sol): 0.0, [Variant id: 452 (SOL) , #gens: 207, #ops: 1, parent:451]
[DEBUG] fr.inria.astor.core.loop.AstorCoreEngine.showResults(AstorCoreEngine.java:144) - f (sol): 0.0, [Variant id: 504 (SOL) , #gens: 208, #ops: 1, parent:503]
[DEBUG] fr.inria.astor.core.loop.AstorCoreEngine.showResults(AstorCoreEngine.java:144) - f (sol): 0.0, [Variant id: 624 (SOL) , #gens: 207, #ops: 1, parent:623]
[DEBUG] fr.inria.astor.core.loop.AstorCoreEngine.showResults(AstorCoreEngine.java:144) - f (sol): 0.0, [Variant id: 710 (SOL) , #gens: 207, #ops: 1, parent:709]
[DEBUG] fr.inria.astor.core.loop.AstorCoreEngine.showResults(AstorCoreEngine.java:144) - f (sol): 0.0, [Variant id: 908 (SOL) , #gens: 208, #ops: 1, parent:907]
[DEBUG] fr.inria.astor.core.loop.AstorCoreEngine.showResults(AstorCoreEngine.java:144) - f (sol): 0.0, [Variant id: 960 (SOL) , #gens: 207, #ops: 1, parent:959]
[DEBUG] fr.inria.astor.core.loop.AstorCoreEngine.showResults(AstorCoreEngine.java:144) - f (sol): 0.0, [Variant id: 970 (SOL) , #gens: 207, #ops: 1, parent:969]
[DEBUG] fr.inria.astor.core.loop.AstorCoreEngine.showResults(AstorCoreEngine.java:144) - f (sol): 0.0, [Variant id: 996 (SOL) , #gens: 208, #ops: 1, parent:995]
[DEBUG] fr.inria.astor.core.loop.AstorCoreEngine.showResults(AstorCoreEngine.java:144) - f (sol): 0.0, [Variant id: 1008 (SOL) , #gens: 209, #ops: 1, parent:1007]
[DEBUG] fr.inria.astor.core.loop.AstorCoreEngine.showResults(AstorCoreEngine.java:144) - f (sol): 0.0, [Variant id: 1036 (SOL) , #gens: 207, #ops: 1, parent:1035]
[DEBUG] fr.inria.astor.core.loop.AstorCoreEngine.showResults(AstorCoreEngine.java:144) - f (sol): 0.0, [Variant id: 1044 (SOL) , #gens: 207, #ops: 1, parent:1043]
[DEBUG] fr.inria.astor.core.loop.AstorCoreEngine.showResults(AstorCoreEngine.java:144) - f (sol): 0.0, [Variant id: 1112 (SOL) , #gens: 207, #ops: 1, parent:1111]
[DEBUG] fr.inria.astor.core.loop.AstorCoreEngine.showResults(AstorCoreEngine.java:144) - f (sol): 0.0, [Variant id: 1236 (SOL) , #gens: 208, #ops: 1, parent:1235]
[DEBUG] fr.inria.astor.core.loop.AstorCoreEngine.showResults(AstorCoreEngine.java:144) - f (sol): 0.0, [Variant id: 1256 (SOL) , #gens: 207, #ops: 1, parent:1255]
[DEBUG] fr.inria.astor.core.loop.AstorCoreEngine.showResults(AstorCoreEngine.java:144) - f (sol): 0.0, [Variant id: 1424 (SOL) , #gens: 208, #ops: 1, parent:1423]
[DEBUG] fr.inria.astor.core.loop.AstorCoreEngine.showResults(AstorCoreEngine.java:146) - 
All variants:
[DEBUG] fr.inria.astor.core.loop.AstorCoreEngine.showResults(AstorCoreEngine.java:148) - f 1.0, [Variant id: 1471, #gens: 208, #ops: 0, parent:-]
[INFO ] fr.inria.astor.core.loop.AstorCoreEngine.showResults(AstorCoreEngine.java:152) - 
Solution details
[INFO ] fr.inria.astor.core.loop.AstorCoreEngine.showResults(AstorCoreEngine.java:153) - 
 --SOLUTIONS DESCRIPTION--

 ----
ProgramVariant 16
 
time(sec)= 604
operation: RemoveOp
location= org.joda.time.tz.DateTimeZoneBuilder
line= 1460
lineSuspiciousness= 0.866
original statement= if (org.joda.time.tz.ZoneInfoCompiler.verbose()) {
	java.lang.System.out.println(("Fixing duplicate recurrent name key - " + (tailZone.iStartRecurrence.getNameKey())));
} 
fixed statement= 
generation= 8
ingredientScope= -
validation=
failing: |true|0|8|[]|
manual_regression: |true|0|11852|[warning(junit.framework.TestSuite$1): Class org.joda.time.chrono.gj.MainTest has no public constructor TestCase(String name) or TestCase()-]|
evo_regression: |true|0|53|[]|
 ----
ProgramVariant 18
 
time(sec)= 684
operation: RemoveOp
location= org.joda.time.tz.DateTimeZoneBuilder
line= 1144
lineSuspiciousness= 0.327
original statement= if (((startRule.getToYear()) == (java.lang.Integer.MAX_VALUE)) && ((endRule.getToYear()) == (java.lang.Integer.MAX_VALUE))) {
	return new org.joda.time.tz.DateTimeZoneBuilder.DSTZone(id , iStandardOffset , startRule.iRecurrence , endRule.iRecurrence);
} 
fixed statement= 
generation= 9
ingredientScope= -
validation=
failing: |true|0|8|[]|
manual_regression: |true|0|11852|[warning(junit.framework.TestSuite$1): Class org.joda.time.chrono.gj.MainTest has no public constructor TestCase(String name) or TestCase()-]|
evo_regression: |true|0|53|[]|
 ----
ProgramVariant 92
 
time(sec)= 921
operation: InsertAfterOp
location= org.joda.time.tz.DateTimeZoneBuilder
line= 1409
lineSuspiciousness= 0.327
original statement= standardOffsets[i] = tr.getStandardOffset()
fixed statement= org.joda.time.tz.ZoneInfoCompiler.cVerbose.set(java.lang.Boolean.FALSE)
generation= 46
ingredientScope= PACKAGE
validation=
failing: |true|0|8|[]|
manual_regression: |true|0|11852|[warning(junit.framework.TestSuite$1): Class org.joda.time.chrono.gj.MainTest has no public constructor TestCase(String name) or TestCase()-]|
evo_regression: |true|0|53|[]|
 ----
ProgramVariant 106
 
time(sec)= 1028
operation: RemoveOp
location= org.joda.time.tz.DateTimeZoneBuilder
line= 1460
lineSuspiciousness= 0.866
original statement= if (org.joda.time.tz.ZoneInfoCompiler.verbose()) {
	java.lang.System.out.println(("Fixing duplicate recurrent name key - " + (tailZone.iStartRecurrence.getNameKey())));
} 
fixed statement= 
generation= 53
ingredientScope= -
validation=
failing: |true|0|8|[]|
manual_regression: |true|0|11852|[warning(junit.framework.TestSuite$1): Class org.joda.time.chrono.gj.MainTest has no public constructor TestCase(String name) or TestCase()-]|
evo_regression: |true|0|53|[]|
 ----
ProgramVariant 168
 
time(sec)= 1237
operation: RemoveOp
location= org.joda.time.tz.DateTimeZoneBuilder
line= 1154
lineSuspiciousness= 0.354
original statement= return new org.joda.time.tz.DateTimeZoneBuilder.DSTZone(id , iStandardOffset , startRule.iRecurrence , endRule.iRecurrence)
fixed statement= 
generation= 84
ingredientScope= -
validation=
failing: |true|0|8|[]|
manual_regression: |true|0|11852|[warning(junit.framework.TestSuite$1): Class org.joda.time.chrono.gj.MainTest has no public constructor TestCase(String name) or TestCase()-]|
evo_regression: |true|0|53|[]|
 ----
ProgramVariant 284
 
time(sec)= 1564
operation: RemoveOp
location= org.joda.time.tz.DateTimeZoneBuilder
line= 1458
lineSuspiciousness= 0.354
original statement= if (tailZone.iStartRecurrence.getNameKey().equals(tailZone.iEndRecurrence.getNameKey())) {
	if (org.joda.time.tz.ZoneInfoCompiler.verbose()) {
		java.lang.System.out.println(("Fixing duplicate recurrent name key - " + (tailZone.iStartRecurrence.getNameKey())));
	} 
	if ((tailZone.iStartRecurrence.getSaveMillis()) > 0) {
		tailZone = new org.joda.time.tz.DateTimeZoneBuilder.DSTZone(tailZone.getID() , tailZone.iStandardOffset , tailZone.iStartRecurrence.renameAppend("-Summer") , tailZone.iEndRecurrence);
	} else {
		tailZone = new org.joda.time.tz.DateTimeZoneBuilder.DSTZone(tailZone.getID() , tailZone.iStandardOffset , tailZone.iStartRecurrence , tailZone.iEndRecurrence.renameAppend("-Summer"));
	}
} 
fixed statement= 
generation= 142
ingredientScope= -
validation=
failing: |true|0|8|[]|
manual_regression: |true|0|11852|[warning(junit.framework.TestSuite$1): Class org.joda.time.chrono.gj.MainTest has no public constructor TestCase(String name) or TestCase()-]|
evo_regression: |true|0|53|[]|
 ----
ProgramVariant 302
 
time(sec)= 1684
operation: RemoveOp
location= org.joda.time.tz.DateTimeZoneBuilder
line= 371
lineSuspiciousness= 0.327
original statement= if ((tailZone == null) && (i == (ruleSetCount - 1))) {
	tailZone = rs.buildTailZone(id);
} 
fixed statement= 
generation= 151
ingredientScope= -
validation=
failing: |true|0|8|[]|
manual_regression: |true|0|11852|[warning(junit.framework.TestSuite$1): Class org.joda.time.chrono.gj.MainTest has no public constructor TestCase(String name) or TestCase()-]|
evo_regression: |true|0|53|[]|
 ----
ProgramVariant 350
 
time(sec)= 1890
operation: RemoveOp
location= org.joda.time.tz.DateTimeZoneBuilder
line= 1460
lineSuspiciousness= 0.866
original statement= if (org.joda.time.tz.ZoneInfoCompiler.verbose()) {
	java.lang.System.out.println(("Fixing duplicate recurrent name key - " + (tailZone.iStartRecurrence.getNameKey())));
} 
fixed statement= 
generation= 175
ingredientScope= -
validation=
failing: |true|0|8|[]|
manual_regression: |true|0|11852|[warning(junit.framework.TestSuite$1): Class org.joda.time.chrono.gj.MainTest has no public constructor TestCase(String name) or TestCase()-]|
evo_regression: |true|0|53|[]|
 ----
ProgramVariant 368
 
time(sec)= 2003
operation: RemoveOp
location= org.joda.time.tz.DateTimeZoneBuilder
line= 1141
lineSuspiciousness= 0.327
original statement= if ((iRules.size()) == 2) {
	org.joda.time.tz.DateTimeZoneBuilder.Rule startRule = iRules.get(0);
	org.joda.time.tz.DateTimeZoneBuilder.Rule endRule = iRules.get(1);
	if (((startRule.getToYear()) == (java.lang.Integer.MAX_VALUE)) && ((endRule.getToYear()) == (java.lang.Integer.MAX_VALUE))) {
		return new org.joda.time.tz.DateTimeZoneBuilder.DSTZone(id , iStandardOffset , startRule.iRecurrence , endRule.iRecurrence);
	} 
} 
fixed statement= 
generation= 184
ingredientScope= -
validation=
failing: |true|0|8|[]|
manual_regression: |true|0|11852|[warning(junit.framework.TestSuite$1): Class org.joda.time.chrono.gj.MainTest has no public constructor TestCase(String name) or TestCase()-]|
evo_regression: |true|0|53|[]|
 ----
ProgramVariant 400
 
time(sec)= 2158
operation: InsertAfterOp
location= org.joda.time.tz.DateTimeZoneBuilder
line= 1390
lineSuspiciousness= 0.327
original statement= if (size == 0) {
	throw new java.lang.IllegalArgumentException();
} 
fixed statement= org.joda.time.tz.ZoneInfoCompiler.cVerbose.set(java.lang.Boolean.FALSE)
generation= 200
ingredientScope= PACKAGE
validation=
failing: |true|0|8|[]|
manual_regression: |true|0|11852|[warning(junit.framework.TestSuite$1): Class org.joda.time.chrono.gj.MainTest has no public constructor TestCase(String name) or TestCase()-]|
evo_regression: |true|0|53|[]|
 ----
ProgramVariant 452
 
time(sec)= 2358
operation: RemoveOp
location= org.joda.time.tz.DateTimeZoneBuilder
line= 371
lineSuspiciousness= 0.327
original statement= if ((tailZone == null) && (i == (ruleSetCount - 1))) {
	tailZone = rs.buildTailZone(id);
} 
fixed statement= 
generation= 226
ingredientScope= -
validation=
failing: |true|0|8|[]|
manual_regression: |true|0|11852|[warning(junit.framework.TestSuite$1): Class org.joda.time.chrono.gj.MainTest has no public constructor TestCase(String name) or TestCase()-]|
evo_regression: |true|0|53|[]|
 ----
ProgramVariant 504
 
time(sec)= 2561
operation: ReplaceOp
location= org.joda.time.tz.DateTimeZoneBuilder
line= 1458
lineSuspiciousness= 0.354
original statement= if (tailZone.iStartRecurrence.getNameKey().equals(tailZone.iEndRecurrence.getNameKey())) {
	if (org.joda.time.tz.ZoneInfoCompiler.verbose()) {
		java.lang.System.out.println(("Fixing duplicate recurrent name key - " + (tailZone.iStartRecurrence.getNameKey())));
	} 
	if ((tailZone.iStartRecurrence.getSaveMillis()) > 0) {
		tailZone = new org.joda.time.tz.DateTimeZoneBuilder.DSTZone(tailZone.getID() , tailZone.iStandardOffset , tailZone.iStartRecurrence.renameAppend("-Summer") , tailZone.iEndRecurrence);
	} else {
		tailZone = new org.joda.time.tz.DateTimeZoneBuilder.DSTZone(tailZone.getID() , tailZone.iStandardOffset , tailZone.iStartRecurrence , tailZone.iEndRecurrence.renameAppend("-Summer"));
	}
} 
fixed statement= if (id == null) {
	throw new java.lang.IllegalArgumentException();
} 
generation= 252
ingredientScope= LOCAL
validation=
failing: |true|0|8|[]|
manual_regression: |true|0|11852|[warning(junit.framework.TestSuite$1): Class org.joda.time.chrono.gj.MainTest has no public constructor TestCase(String name) or TestCase()-]|
evo_regression: |true|0|53|[]|
 ----
ProgramVariant 624
 
time(sec)= 2924
operation: RemoveOp
location= org.joda.time.tz.DateTimeZoneBuilder
line= 1144
lineSuspiciousness= 0.327
original statement= if (((startRule.getToYear()) == (java.lang.Integer.MAX_VALUE)) && ((endRule.getToYear()) == (java.lang.Integer.MAX_VALUE))) {
	return new org.joda.time.tz.DateTimeZoneBuilder.DSTZone(id , iStandardOffset , startRule.iRecurrence , endRule.iRecurrence);
} 
fixed statement= 
generation= 312
ingredientScope= -
validation=
failing: |true|0|8|[]|
manual_regression: |true|0|11852|[warning(junit.framework.TestSuite$1): Class org.joda.time.chrono.gj.MainTest has no public constructor TestCase(String name) or TestCase()-]|
evo_regression: |true|0|53|[]|
 ----
ProgramVariant 710
 
time(sec)= 3210
operation: RemoveOp
location= org.joda.time.tz.DateTimeZoneBuilder
line= 1457
lineSuspiciousness= 0.327
original statement= if (tailZone != null) {
	if (tailZone.iStartRecurrence.getNameKey().equals(tailZone.iEndRecurrence.getNameKey())) {
		if (org.joda.time.tz.ZoneInfoCompiler.verbose()) {
			java.lang.System.out.println(("Fixing duplicate recurrent name key - " + (tailZone.iStartRecurrence.getNameKey())));
		} 
		if ((tailZone.iStartRecurrence.getSaveMillis()) > 0) {
			tailZone = new org.joda.time.tz.DateTimeZoneBuilder.DSTZone(tailZone.getID() , tailZone.iStandardOffset , tailZone.iStartRecurrence.renameAppend("-Summer") , tailZone.iEndRecurrence);
		} else {
			tailZone = new org.joda.time.tz.DateTimeZoneBuilder.DSTZone(tailZone.getID() , tailZone.iStandardOffset , tailZone.iStartRecurrence , tailZone.iEndRecurrence.renameAppend("-Summer"));
		}
	} 
} 
fixed statement= 
generation= 355
ingredientScope= -
validation=
failing: |true|0|8|[]|
manual_regression: |true|0|11852|[warning(junit.framework.TestSuite$1): Class org.joda.time.chrono.gj.MainTest has no public constructor TestCase(String name) or TestCase()-]|
evo_regression: |true|0|53|[]|
 ----
ProgramVariant 908
 
time(sec)= 4208
operation: ReplaceOp
location= org.joda.time.tz.DateTimeZoneBuilder
line= 371
lineSuspiciousness= 0.327
original statement= if ((tailZone == null) && (i == (ruleSetCount - 1))) {
	tailZone = rs.buildTailZone(id);
} 
fixed statement= if ((iRuleSets.size()) == 0) {
	addCutover(java.lang.Integer.MIN_VALUE, 'w', 1, 1, 0, false, 0);
} 
generation= 454
ingredientScope= LOCAL
validation=
failing: |true|0|8|[]|
manual_regression: |true|0|11852|[warning(junit.framework.TestSuite$1): Class org.joda.time.chrono.gj.MainTest has no public constructor TestCase(String name) or TestCase()-]|
evo_regression: |true|0|53|[]|
 ----
ProgramVariant 960
 
time(sec)= 4538
operation: RemoveOp
location= org.joda.time.tz.DateTimeZoneBuilder
line= 1460
lineSuspiciousness= 0.866
original statement= if (org.joda.time.tz.ZoneInfoCompiler.verbose()) {
	java.lang.System.out.println(("Fixing duplicate recurrent name key - " + (tailZone.iStartRecurrence.getNameKey())));
} 
fixed statement= 
generation= 480
ingredientScope= -
validation=
failing: |true|0|8|[]|
manual_regression: |true|0|11852|[warning(junit.framework.TestSuite$1): Class org.joda.time.chrono.gj.MainTest has no public constructor TestCase(String name) or TestCase()-]|
evo_regression: |true|0|53|[]|
 ----
ProgramVariant 970
 
time(sec)= 4632
operation: RemoveOp
location= org.joda.time.tz.DateTimeZoneBuilder
line= 1460
lineSuspiciousness= 0.866
original statement= if (org.joda.time.tz.ZoneInfoCompiler.verbose()) {
	java.lang.System.out.println(("Fixing duplicate recurrent name key - " + (tailZone.iStartRecurrence.getNameKey())));
} 
fixed statement= 
generation= 485
ingredientScope= -
validation=
failing: |true|0|8|[]|
manual_regression: |true|0|11852|[warning(junit.framework.TestSuite$1): Class org.joda.time.chrono.gj.MainTest has no public constructor TestCase(String name) or TestCase()-]|
evo_regression: |true|0|53|[]|
 ----
ProgramVariant 996
 
time(sec)= 4804
operation: ReplaceOp
location= org.joda.time.tz.DateTimeZoneBuilder
line= 1144
lineSuspiciousness= 0.327
original statement= if (((startRule.getToYear()) == (java.lang.Integer.MAX_VALUE)) && ((endRule.getToYear()) == (java.lang.Integer.MAX_VALUE))) {
	return new org.joda.time.tz.DateTimeZoneBuilder.DSTZone(id , iStandardOffset , startRule.iRecurrence , endRule.iRecurrence);
} 
fixed statement= if ((org.joda.time.tz.ZoneInfoCompiler.cLenientISO) == null) {
	org.joda.time.tz.ZoneInfoCompiler.cLenientISO = org.joda.time.chrono.LenientChronology.getInstance(org.joda.time.chrono.ISOChronology.getInstanceUTC());
} 
generation= 498
ingredientScope= PACKAGE
validation=
failing: |true|0|8|[]|
manual_regression: |true|0|11852|[warning(junit.framework.TestSuite$1): Class org.joda.time.chrono.gj.MainTest has no public constructor TestCase(String name) or TestCase()-]|
evo_regression: |true|0|53|[]|
 ----
ProgramVariant 1008
 
time(sec)= 5037
operation: InsertBeforeOp
location= org.joda.time.tz.DateTimeZoneBuilder
line= 1418
lineSuspiciousness= 0.327
original statement= java.lang.String[][] zoneStrings = new java.text.DateFormatSymbols(java.util.Locale.ENGLISH).getZoneStrings()
fixed statement= org.joda.time.tz.ZoneInfoCompiler.cVerbose.set(java.lang.Boolean.FALSE)
generation= 504
ingredientScope= PACKAGE
validation=
failing: |true|0|8|[]|
manual_regression: |true|0|11852|[warning(junit.framework.TestSuite$1): Class org.joda.time.chrono.gj.MainTest has no public constructor TestCase(String name) or TestCase()-]|
evo_regression: |true|0|53|[]|
 ----
ProgramVariant 1036
 
time(sec)= 5172
operation: RemoveOp
location= org.joda.time.tz.DateTimeZoneBuilder
line= 1141
lineSuspiciousness= 0.327
original statement= if ((iRules.size()) == 2) {
	org.joda.time.tz.DateTimeZoneBuilder.Rule startRule = iRules.get(0);
	org.joda.time.tz.DateTimeZoneBuilder.Rule endRule = iRules.get(1);
	if (((startRule.getToYear()) == (java.lang.Integer.MAX_VALUE)) && ((endRule.getToYear()) == (java.lang.Integer.MAX_VALUE))) {
		return new org.joda.time.tz.DateTimeZoneBuilder.DSTZone(id , iStandardOffset , startRule.iRecurrence , endRule.iRecurrence);
	} 
} 
fixed statement= 
generation= 518
ingredientScope= -
validation=
failing: |true|0|8|[]|
manual_regression: |true|0|11852|[warning(junit.framework.TestSuite$1): Class org.joda.time.chrono.gj.MainTest has no public constructor TestCase(String name) or TestCase()-]|
evo_regression: |true|0|53|[]|
 ----
ProgramVariant 1044
 
time(sec)= 5266
operation: RemoveOp
location= org.joda.time.tz.DateTimeZoneBuilder
line= 371
lineSuspiciousness= 0.327
original statement= if ((tailZone == null) && (i == (ruleSetCount - 1))) {
	tailZone = rs.buildTailZone(id);
} 
fixed statement= 
generation= 522
ingredientScope= -
validation=
failing: |true|0|8|[]|
manual_regression: |true|0|11852|[warning(junit.framework.TestSuite$1): Class org.joda.time.chrono.gj.MainTest has no public constructor TestCase(String name) or TestCase()-]|
evo_regression: |true|0|53|[]|
 ----
ProgramVariant 1112
 
time(sec)= 5541
operation: RemoveOp
location= org.joda.time.tz.DateTimeZoneBuilder
line= 371
lineSuspiciousness= 0.327
original statement= if ((tailZone == null) && (i == (ruleSetCount - 1))) {
	tailZone = rs.buildTailZone(id);
} 
fixed statement= 
generation= 556
ingredientScope= -
validation=
failing: |true|0|8|[]|
manual_regression: |true|0|11852|[warning(junit.framework.TestSuite$1): Class org.joda.time.chrono.gj.MainTest has no public constructor TestCase(String name) or TestCase()-]|
evo_regression: |true|0|53|[]|
 ----
ProgramVariant 1236
 
time(sec)= 6134
operation: ReplaceOp
location= org.joda.time.tz.DateTimeZoneBuilder
line= 372
lineSuspiciousness= 0.327
original statement= tailZone = rs.buildTailZone(id)
fixed statement= rs = new org.joda.time.tz.DateTimeZoneBuilder.RuleSet(rs)
generation= 618
ingredientScope= LOCAL
validation=
failing: |true|0|8|[]|
manual_regression: |true|0|11852|[warning(junit.framework.TestSuite$1): Class org.joda.time.chrono.gj.MainTest has no public constructor TestCase(String name) or TestCase()-]|
evo_regression: |true|0|53|[]|
 ----
ProgramVariant 1256
 
time(sec)= 6254
operation: RemoveOp
location= org.joda.time.tz.DateTimeZoneBuilder
line= 1154
lineSuspiciousness= 0.354
original statement= return new org.joda.time.tz.DateTimeZoneBuilder.DSTZone(id , iStandardOffset , startRule.iRecurrence , endRule.iRecurrence)
fixed statement= 
generation= 628
ingredientScope= -
validation=
failing: |true|0|8|[]|
manual_regression: |true|0|11852|[warning(junit.framework.TestSuite$1): Class org.joda.time.chrono.gj.MainTest has no public constructor TestCase(String name) or TestCase()-]|
evo_regression: |true|0|53|[]|
 ----
ProgramVariant 1424
 
time(sec)= 7150
operation: ReplaceOp
location= org.joda.time.tz.ZoneInfoCompiler
line= 78
lineSuspiciousness= 0.612
original statement= return org.joda.time.tz.ZoneInfoCompiler.cVerbose.get()
fixed statement= return true
generation= 712
ingredientScope= PACKAGE
validation=
failing: |true|0|8|[]|
manual_regression: |true|0|11852|[warning(junit.framework.TestSuite$1): Class org.joda.time.chrono.gj.MainTest has no public constructor TestCase(String name) or TestCase()-]|
evo_regression: |true|0|57|[]|
[INFO ] fr.inria.main.evolution.AstorMain.run(AstorMain.java:397) - Time Total(s): 7515.083


Node: griffon-22.nancy.grid5000.fr


Date: Mon Jan 16 01:08:58 CET 2017

removed classes 

zipped 

copied zip 


