seed AstorRun 2 
export PATH="/home/mmartinez/defects4j/framework/bin:$PATH";export JAVA_TOOL_OPTIONS=-Dfile.encoding=UTF8;export PATH="/usr/lib/jvm/java-1.7.0-openjdk-amd64/bin/:$PATH";cd /home/mmartinez/projects/math/math_58;defects4j compile;cp -r /home/mmartinez/projects/math/math_58 /tmp/math_58_Genprog_local_s1;cd /tmp/math_58_Genprog_local_s1;mkdir lib/;cp -r /home/mmartinez/defects4j/framework/projects/lib/* lib/;cp -r /home/mmartinez/defects4j/framework/projects/Math/lib/* lib/;find . -type f -name "package-info.java" -delete;
/home/mmartinez/defects4j-repair/src/python/core/../../../results/2016-june/Math/seed/2/package/58/Genprog/result
cd /tmp/math_58_Genprog_local_s1;export JAVA_TOOL_OPTIONS=-Dfile.encoding=UTF8;TZ="America/New_York"; export TZexport PATH="/usr/lib/jvm/java-1.7.0-openjdk-amd64/bin/:$PATH";time /home/mmartinez/jdk1.8.0_45/bin//java -Xmx4096m -cp /home/mmartinez/defects4j-repair/src/python/core/../../..//libs/astor.jar fr.inria.main.evolution.MainjGenProg -mode statement -location . -id Math -dependencies lib/ -failing org.apache.commons.math.optimization.fitting.GaussianFitterTest: -package org.apache.commons -jvm4testexecution /usr/lib/jvm/java-1.7.0-openjdk-amd64/bin/ -jvm4evosuitetestexecution /home/mmartinez/jdk1.8.0_45/bin/ -javacompliancelevel 5 -maxgen 1000000 -seed 2 -scope package -maxtime 120  -stopfirst false -population 1 -srcjavafolder src/main/java/ -srctestfolder src/test/java/ -binjavafolder target/classes/ -bintestfolder target/test-classes/ -flthreshold 0.1  -validation  fr.inria.astor.core.validation.validators.RegressionValidation  -ESParameters -Dassertion_timeout=1800:-Dminimization_timeout=1800:-Djunit_check_timeout=1800:-Dwrite_junit_timeout=300:-Dinitialization_timeout=300:-Dglobal_timeout=18000:-Dsearch_budget=100000:-Dstopping_condition=MaxStatements:-Dno_runtime_dependency=true:-Dsandbox=false:-Dp_reflection_on_private=0.0:-Dreflection_start_percent=1.0:-Dp_functional_mocking=0.0:-Dfunctional_mocking_percent=1.0:-mem=2000 -ignoredtestcases org.apache.commons.lang.LocaleUtilsTest  -excludeRegression  -maxgen 100000000 ;echo "

Node: `hostname`
";echo "
Date: `date`
"; find /tmp/math_58_Genprog_local_s1/outputMutation -name "*.class" -type f -delete;echo "removed classes 
"; find . -name bin  -type d -print0|xargs -0 rm -r --; zip -r -q out.zip /tmp/math_58_Genprog_local_s1/outputMutation; echo "zipped 
";cp out.zip /home/mmartinez/defects4j-repair/src/python/core/../../../results/2016-june/Math/seed/2/package/58/Genprog; echo "copied zip 
";rm -rf /tmp/math_58_Genprog_local_s1;

[DEBUG] fr.inria.astor.core.loop.AstorCoreEngine.showResults(AstorCoreEngine.java:136) - End Repair Loops: Found solution
[DEBUG] fr.inria.astor.core.loop.AstorCoreEngine.showResults(AstorCoreEngine.java:137) - Solution stored at: /tmp/math_58_Genprog_local_s1/./outputMutation/AstorMain-Math//src/
[DEBUG] fr.inria.astor.core.loop.AstorCoreEngine.showResults(AstorCoreEngine.java:142) - 
Number solutions:18
[DEBUG] fr.inria.astor.core.loop.AstorCoreEngine.showResults(AstorCoreEngine.java:144) - f (sol): 8.0, [Variant id: 6 (SOL) , #gens: 400, #ops: 1, parent:5]
[DEBUG] fr.inria.astor.core.loop.AstorCoreEngine.showResults(AstorCoreEngine.java:144) - f (sol): 13.0, [Variant id: 48 (SOL) , #gens: 398, #ops: 1, parent:47]
[DEBUG] fr.inria.astor.core.loop.AstorCoreEngine.showResults(AstorCoreEngine.java:144) - f (sol): 4.0, [Variant id: 164 (SOL) , #gens: 398, #ops: 1, parent:163]
[DEBUG] fr.inria.astor.core.loop.AstorCoreEngine.showResults(AstorCoreEngine.java:144) - f (sol): 11.0, [Variant id: 200 (SOL) , #gens: 399, #ops: 1, parent:199]
[DEBUG] fr.inria.astor.core.loop.AstorCoreEngine.showResults(AstorCoreEngine.java:144) - f (sol): 4.0, [Variant id: 268 (SOL) , #gens: 398, #ops: 1, parent:267]
[DEBUG] fr.inria.astor.core.loop.AstorCoreEngine.showResults(AstorCoreEngine.java:144) - f (sol): 8.0, [Variant id: 276 (SOL) , #gens: 398, #ops: 1, parent:275]
[DEBUG] fr.inria.astor.core.loop.AstorCoreEngine.showResults(AstorCoreEngine.java:144) - f (sol): 11.0, [Variant id: 388 (SOL) , #gens: 398, #ops: 1, parent:387]
[DEBUG] fr.inria.astor.core.loop.AstorCoreEngine.showResults(AstorCoreEngine.java:144) - f (sol): 8.0, [Variant id: 392 (SOL) , #gens: 398, #ops: 1, parent:391]
[DEBUG] fr.inria.astor.core.loop.AstorCoreEngine.showResults(AstorCoreEngine.java:144) - f (sol): 4.0, [Variant id: 418 (SOL) , #gens: 398, #ops: 1, parent:417]
[DEBUG] fr.inria.astor.core.loop.AstorCoreEngine.showResults(AstorCoreEngine.java:144) - f (sol): 8.0, [Variant id: 524 (SOL) , #gens: 399, #ops: 1, parent:523]
[DEBUG] fr.inria.astor.core.loop.AstorCoreEngine.showResults(AstorCoreEngine.java:144) - f (sol): 8.0, [Variant id: 564 (SOL) , #gens: 399, #ops: 1, parent:563]
[DEBUG] fr.inria.astor.core.loop.AstorCoreEngine.showResults(AstorCoreEngine.java:144) - f (sol): 4.0, [Variant id: 968 (SOL) , #gens: 399, #ops: 1, parent:967]
[DEBUG] fr.inria.astor.core.loop.AstorCoreEngine.showResults(AstorCoreEngine.java:144) - f (sol): 11.0, [Variant id: 1160 (SOL) , #gens: 399, #ops: 1, parent:1159]
[DEBUG] fr.inria.astor.core.loop.AstorCoreEngine.showResults(AstorCoreEngine.java:144) - f (sol): 6.0, [Variant id: 1254 (SOL) , #gens: 398, #ops: 1, parent:1253]
[DEBUG] fr.inria.astor.core.loop.AstorCoreEngine.showResults(AstorCoreEngine.java:144) - f (sol): 10.0, [Variant id: 1284 (SOL) , #gens: 399, #ops: 1, parent:1283]
[DEBUG] fr.inria.astor.core.loop.AstorCoreEngine.showResults(AstorCoreEngine.java:144) - f (sol): 10.0, [Variant id: 1302 (SOL) , #gens: 398, #ops: 1, parent:1301]
[DEBUG] fr.inria.astor.core.loop.AstorCoreEngine.showResults(AstorCoreEngine.java:144) - f (sol): 13.0, [Variant id: 1346 (SOL) , #gens: 398, #ops: 1, parent:1345]
[DEBUG] fr.inria.astor.core.loop.AstorCoreEngine.showResults(AstorCoreEngine.java:144) - f (sol): 4.0, [Variant id: 1448 (SOL) , #gens: 398, #ops: 1, parent:1447]
[DEBUG] fr.inria.astor.core.loop.AstorCoreEngine.showResults(AstorCoreEngine.java:146) - 
All variants:
[DEBUG] fr.inria.astor.core.loop.AstorCoreEngine.showResults(AstorCoreEngine.java:148) - f 1.0, [Variant id: 1471, #gens: 399, #ops: 0, parent:-]
[INFO ] fr.inria.astor.core.loop.AstorCoreEngine.showResults(AstorCoreEngine.java:152) - 
Solution details
[INFO ] fr.inria.astor.core.loop.AstorCoreEngine.showResults(AstorCoreEngine.java:153) - 
 --SOLUTIONS DESCRIPTION--

 ----
ProgramVariant 6
 
time(sec)= 802
operation: InsertAfterOp
location= org.apache.commons.math.optimization.general.LevenbergMarquardtOptimizer
line= 545
lineSuspiciousness= 0.151
original statement= sum2 += sum * sum
fixed statement= parl = org.apache.commons.math.util.FastMath.max(parl, lmPar)
generation= 3
ingredientScope= LOCAL
validation=
failing: |true|0|8|[]|
manual_regression: |false|7|2299|[testMinpackBrownDennis(org.apache.commons.math.optimization.general.MinpackTest): expected:<-11.59125141003> but was:<-11.591643721824406>-, testMinpackMeyer(org.apache.commons.math.optimization.general.MinpackTest): null-, testMinpackFreudensteinRoth(org.apache.commons.math.optimization.general.MinpackTest): expected:<11.4124844654993> but was:<11.412765610756779>-, testMinpackKowalikOsborne(org.apache.commons.math.optimization.general.MinpackTest): expected:<728675.473768287> but was:<383957.51428118994>-, testMinpackChebyquad(org.apache.commons.math.optimization.general.MinpackTest): expected:<0.199490672309881> but was:<0.23561910847106002>-, testMinpackBard(org.apache.commons.math.optimization.general.MinpackTest): expected:<-1.58848033259565E8> but was:<-7.828763466122054E7>-, testMinpackBrownAlmostLinear(org.apache.commons.math.optimization.general.MinpackTest): expected:<0.0> but was:<1.000000003459863>-]|
evo_regression: |false|1|12|[test08(org.apache.commons.math.optimization.general.LevenbergMarquardtOptimizer_ESTest): expected:<19> but was:<20>-]|
 ----
ProgramVariant 48
 
time(sec)= 1286
operation: RemoveOp
location= org.apache.commons.math.optimization.general.LevenbergMarquardtOptimizer
line= 620
lineSuspiciousness= 0.162
original statement= lmPar = org.apache.commons.math.util.FastMath.max(parl, ((lmPar) + correction))
fixed statement= 
generation= 24
ingredientScope= -
validation=
failing: |true|0|8|[]|
manual_regression: |false|9|2299|[testMinpackBrownDennis(org.apache.commons.math.optimization.general.MinpackTest): expected:<292.954288244866> but was:<292.95426693599694>-, testMinpackMeyer(org.apache.commons.math.optimization.general.MinpackTest): null-, testMinpackFreudensteinRoth(org.apache.commons.math.optimization.general.MinpackTest): expected:<11.4124844654993> but was:<11.412770703342117>-, testMinpackOsborne2(org.apache.commons.math.optimization.general.MinpackTest): expected:<0.904300082378518> but was:<0.9042807984936891>-, testMinpackWatson(org.apache.commons.math.optimization.general.MinpackTest): expected:<2.17310402539845E-5> but was:<12.222062769464388>-, testMinpackKowalikOsborne(org.apache.commons.math.optimization.general.MinpackTest): expected:<728675.473768287> but was:<368074.07348482724>-, testMinpackChebyquad(org.apache.commons.math.optimization.general.MinpackTest): expected:<0.199490672309881> but was:<0.235619108471061>-, testMinpackBard(org.apache.commons.math.optimization.general.MinpackTest): expected:<-1.58848033259565E8> but was:<-8.513250204578142E7>-, testMinpackBrownAlmostLinear(org.apache.commons.math.optimization.general.MinpackTest): expected:<0.0> but was:<1.0000000045612916>-]|
evo_regression: |false|4|12|[test10(org.apache.commons.math.optimization.general.LevenbergMarquardtOptimizer_ESTest): expected:<2.492013910045346E10> but was:<2.492013983701227E10>-, test05(org.apache.commons.math.optimization.general.LevenbergMarquardtOptimizer_ESTest): Expecting exception: RuntimeException-, test08(org.apache.commons.math.optimization.general.LevenbergMarquardtOptimizer_ESTest): expected:<19> but was:<8>-, test09(org.apache.commons.math.optimization.general.LevenbergMarquardtOptimizer_ESTest): expected:<180.35189667707047> but was:<180.199401001>-]|
 ----
ProgramVariant 164
 
time(sec)= 1981
operation: RemoveOp
location= org.apache.commons.math.analysis.function.Gaussian
line= 182
lineSuspiciousness= 0.224
original statement= if ((param[2]) <= 0) {
	throw new org.apache.commons.math.exception.NotStrictlyPositiveException(param[2]);
} 
fixed statement= 
generation= 82
ingredientScope= -
validation=
failing: |true|0|8|[]|
manual_regression: |false|2|2299|[testParametricUsage3(org.apache.commons.math.analysis.function.GaussianTest): Expected exception: org.apache.commons.math.exception.NotStrictlyPositiveException-, testParametricUsage6(org.apache.commons.math.analysis.function.GaussianTest): Expected exception: org.apache.commons.math.exception.NotStrictlyPositiveException-]|
evo_regression: |false|2|16|[test00(org.apache.commons.math.analysis.function.Gaussian_ESTest): Expecting exception: RuntimeException-, test15(org.apache.commons.math.analysis.function.Gaussian_ESTest): Expecting exception: RuntimeException-]|
 ----
ProgramVariant 200
 
time(sec)= 2210
operation: ReplaceOp
location= org.apache.commons.math.optimization.general.LevenbergMarquardtOptimizer
line= 593
lineSuspiciousness= 0.162
original statement= for (int j = 0 ; j < (solvedCols) ; ++j) {
	int pj = permutation[j];
	work1[pj] = ((work3[pj]) * (diag[pj])) / dxNorm;
}
fixed statement= for (int k = 0 ; k < (solvedCols) ; ++k) {
	int pk = permutation[k];
	weightedResidualJacobian[k][pk] = diagR[pk];
}
generation= 100
ingredientScope= LOCAL
validation=
failing: |true|0|8|[]|
manual_regression: |false|8|2299|[testNoError(org.apache.commons.math.optimization.fitting.PolynomialFitterTest): expected:<0.0> but was:<6.232879170171511>-, testMinpackLinearRank1(org.apache.commons.math.optimization.general.MinpackTest): expected:<3.48263016573496> but was:<3101.6003933453453>-, testMinpackBrownDennis(org.apache.commons.math.optimization.general.MinpackTest): expected:<292.954288244866> but was:<292.9542741568475>-, testMinpackMeyer(org.apache.commons.math.optimization.general.MinpackTest): null-, testMinpackWatson(org.apache.commons.math.optimization.general.MinpackTest): expected:<0.0011831145921242> but was:<0.0368691147305295>-, testMinpackKowalikOsborne(org.apache.commons.math.optimization.general.MinpackTest): expected:<0.191262653354071> but was:<0.19130393017578387>-, testMinpackChebyquad(org.apache.commons.math.optimization.general.MinpackTest): expected:<0.199490672309881> but was:<0.23561910847106002>-, testMinpackBard(org.apache.commons.math.optimization.general.MinpackTest): expected:<4.17476870138539> but was:<4.183148836352632>-]|
evo_regression: |false|3|12|[test10(org.apache.commons.math.optimization.general.LevenbergMarquardtOptimizer_ESTest): expected:<2.492013910045346E10> but was:<2.492013983701227E10>-, test08(org.apache.commons.math.optimization.general.LevenbergMarquardtOptimizer_ESTest): expected:<19> but was:<16>-, test06(org.apache.commons.math.optimization.general.LevenbergMarquardtOptimizer_ESTest): expected:<3> but was:<2>-]|
 ----
ProgramVariant 268
 
time(sec)= 2485
operation: RemoveOp
location= org.apache.commons.math.analysis.function.Gaussian
line= 183
lineSuspiciousness= 0.408
original statement= throw new org.apache.commons.math.exception.NotStrictlyPositiveException(param[2])
fixed statement= 
generation= 134
ingredientScope= -
validation=
failing: |true|0|8|[]|
manual_regression: |false|2|2299|[testParametricUsage3(org.apache.commons.math.analysis.function.GaussianTest): Expected exception: org.apache.commons.math.exception.NotStrictlyPositiveException-, testParametricUsage6(org.apache.commons.math.analysis.function.GaussianTest): Expected exception: org.apache.commons.math.exception.NotStrictlyPositiveException-]|
evo_regression: |false|2|16|[test00(org.apache.commons.math.analysis.function.Gaussian_ESTest): Expecting exception: RuntimeException-, test15(org.apache.commons.math.analysis.function.Gaussian_ESTest): Expecting exception: RuntimeException-]|
 ----
ProgramVariant 276
 
time(sec)= 2755
operation: RemoveOp
location= org.apache.commons.math.optimization.general.LevenbergMarquardtOptimizer
line= 392
lineSuspiciousness= 0.101
original statement= delta = 2 * lmNorm
fixed statement= 
generation= 138
ingredientScope= -
validation=
failing: |true|0|8|[]|
manual_regression: |false|6|2299|[testMinpackBrownDennis(org.apache.commons.math.optimization.general.MinpackTest): expected:<-11.59125141003> but was:<-11.59152808667747>-, testMinpackFreudensteinRoth(org.apache.commons.math.optimization.general.MinpackTest): expected:<11.4124844654993> but was:<11.412977810416637>-, testMinpackWatson(org.apache.commons.math.optimization.general.MinpackTest): null-, testMinpackKowalikOsborne(org.apache.commons.math.optimization.general.MinpackTest): expected:<0.191262653354071> but was:<0.1913004857340172>-, testMinpackBard(org.apache.commons.math.optimization.general.MinpackTest): expected:<4.17476870138539> but was:<4.174787813395771>-, testMinpackBrownAlmostLinear(org.apache.commons.math.optimization.general.MinpackTest): expected:<1.0> but was:<0.9794303033498643>-]|
evo_regression: |false|2|12|[test05(org.apache.commons.math.optimization.general.LevenbergMarquardtOptimizer_ESTest): Expecting exception: RuntimeException-, test08(org.apache.commons.math.optimization.general.LevenbergMarquardtOptimizer_ESTest): evaluations-]|
 ----
ProgramVariant 388
 
time(sec)= 3191
operation: RemoveOp
location= org.apache.commons.math.optimization.general.LevenbergMarquardtOptimizer
line= 595
lineSuspiciousness= 0.162
original statement= work1[pj] = ((work3[pj]) * (diag[pj])) / dxNorm
fixed statement= 
generation= 194
ingredientScope= -
validation=
failing: |true|0|8|[]|
manual_regression: |false|8|2299|[testNoError(org.apache.commons.math.optimization.fitting.PolynomialFitterTest): expected:<0.0> but was:<6.232879170171511>-, testMinpackLinearRank1(org.apache.commons.math.optimization.general.MinpackTest): expected:<3.48263016573496> but was:<3101.6003933453453>-, testMinpackBrownDennis(org.apache.commons.math.optimization.general.MinpackTest): expected:<292.954288244866> but was:<292.9542741568475>-, testMinpackMeyer(org.apache.commons.math.optimization.general.MinpackTest): null-, testMinpackWatson(org.apache.commons.math.optimization.general.MinpackTest): expected:<0.0011831145921242> but was:<0.0368691147305295>-, testMinpackKowalikOsborne(org.apache.commons.math.optimization.general.MinpackTest): expected:<0.191262653354071> but was:<0.19130393017578387>-, testMinpackChebyquad(org.apache.commons.math.optimization.general.MinpackTest): expected:<0.199490672309881> but was:<0.23561910847106002>-, testMinpackBard(org.apache.commons.math.optimization.general.MinpackTest): expected:<4.17476870138539> but was:<4.183148836352632>-]|
evo_regression: |false|3|12|[test10(org.apache.commons.math.optimization.general.LevenbergMarquardtOptimizer_ESTest): expected:<2.492013910045346E10> but was:<2.492013983701227E10>-, test08(org.apache.commons.math.optimization.general.LevenbergMarquardtOptimizer_ESTest): expected:<19> but was:<16>-, test06(org.apache.commons.math.optimization.general.LevenbergMarquardtOptimizer_ESTest): expected:<3> but was:<2>-]|
 ----
ProgramVariant 392
 
time(sec)= 3286
operation: RemoveOp
location= org.apache.commons.math.optimization.general.LevenbergMarquardtOptimizer
line= 707
lineSuspiciousness= 0.151
original statement= weightedResidualJacobian[i][pk] = temp2
fixed statement= 
generation= 196
ingredientScope= -
validation=
failing: |true|0|8|[]|
manual_regression: |false|7|2299|[testNoError(org.apache.commons.math.optimization.fitting.PolynomialFitterTest): expected:<0.0> but was:<1426.9499564589098>-, testMinpackBrownDennis(org.apache.commons.math.optimization.general.MinpackTest): expected:<292.954288244866> but was:<292.9542659020501>-, testMinpackMeyer(org.apache.commons.math.optimization.general.MinpackTest): null-, testMinpackFreudensteinRoth(org.apache.commons.math.optimization.general.MinpackTest): expected:<11.4124844654993> but was:<11.412708909072686>-, testMinpackKowalikOsborne(org.apache.commons.math.optimization.general.MinpackTest): expected:<728675.473768287> but was:<491183.86428908695>-, testMinpackChebyquad(org.apache.commons.math.optimization.general.MinpackTest): expected:<0.199490672309881> but was:<0.23561910847105996>-, testMinpackBard(org.apache.commons.math.optimization.general.MinpackTest): expected:<-1.58848033259565E8> but was:<-1.6354150605804667E8>-]|
evo_regression: |false|1|12|[test10(org.apache.commons.math.optimization.general.LevenbergMarquardtOptimizer_ESTest): expected:<2.492013910045346E10> but was:<2.49201391006133E10>-]|
 ----
ProgramVariant 418
 
time(sec)= 3396
operation: RemoveOp
location= org.apache.commons.math.analysis.function.Gaussian
line= 183
lineSuspiciousness= 0.408
original statement= throw new org.apache.commons.math.exception.NotStrictlyPositiveException(param[2])
fixed statement= 
generation= 209
ingredientScope= -
validation=
failing: |true|0|8|[]|
manual_regression: |false|2|2299|[testParametricUsage3(org.apache.commons.math.analysis.function.GaussianTest): Expected exception: org.apache.commons.math.exception.NotStrictlyPositiveException-, testParametricUsage6(org.apache.commons.math.analysis.function.GaussianTest): Expected exception: org.apache.commons.math.exception.NotStrictlyPositiveException-]|
evo_regression: |false|2|16|[test00(org.apache.commons.math.analysis.function.Gaussian_ESTest): Expecting exception: RuntimeException-, test15(org.apache.commons.math.analysis.function.Gaussian_ESTest): Expecting exception: RuntimeException-]|
 ----
ProgramVariant 524
 
time(sec)= 3809
operation: ReplaceOp
location= org.apache.commons.math.optimization.general.LevenbergMarquardtOptimizer
line= 549
lineSuspiciousness= 0.151
original statement= if (paru == 0) {
	paru = 2.2251E-308 / (org.apache.commons.math.util.FastMath.min(delta, 0.1));
} 
fixed statement= if (fp > 0) {
	parl = org.apache.commons.math.util.FastMath.max(parl, lmPar);
} else {
	if (fp < 0) {
		paru = org.apache.commons.math.util.FastMath.min(paru, lmPar);
	} 
}
generation= 262
ingredientScope= LOCAL
validation=
failing: |true|0|8|[]|
manual_regression: |false|7|2299|[testMinpackBrownDennis(org.apache.commons.math.optimization.general.MinpackTest): expected:<-11.59125141003> but was:<-11.591643721824406>-, testMinpackMeyer(org.apache.commons.math.optimization.general.MinpackTest): null-, testMinpackFreudensteinRoth(org.apache.commons.math.optimization.general.MinpackTest): expected:<11.4124844654993> but was:<11.412765610756779>-, testMinpackKowalikOsborne(org.apache.commons.math.optimization.general.MinpackTest): expected:<728675.473768287> but was:<383957.51428118994>-, testMinpackChebyquad(org.apache.commons.math.optimization.general.MinpackTest): expected:<0.199490672309881> but was:<0.23561910847106002>-, testMinpackBard(org.apache.commons.math.optimization.general.MinpackTest): expected:<-1.58848033259565E8> but was:<-7.828763466122054E7>-, testMinpackBrownAlmostLinear(org.apache.commons.math.optimization.general.MinpackTest): expected:<0.0> but was:<1.000000003459863>-]|
evo_regression: |false|1|12|[test08(org.apache.commons.math.optimization.general.LevenbergMarquardtOptimizer_ESTest): expected:<19> but was:<20>-]|
 ----
ProgramVariant 564
 
time(sec)= 4098
operation: ReplaceOp
location= org.apache.commons.math.optimization.general.LevenbergMarquardtOptimizer
line= 392
lineSuspiciousness= 0.101
original statement= delta = 2 * lmNorm
fixed statement= current = new org.apache.commons.math.optimization.VectorialPointValuePair(point , objective)
generation= 282
ingredientScope= PACKAGE
validation=
failing: |true|0|8|[]|
manual_regression: |false|6|2299|[testMinpackBrownDennis(org.apache.commons.math.optimization.general.MinpackTest): expected:<-11.59125141003> but was:<-11.59152808667747>-, testMinpackFreudensteinRoth(org.apache.commons.math.optimization.general.MinpackTest): expected:<11.4124844654993> but was:<11.412977810416637>-, testMinpackWatson(org.apache.commons.math.optimization.general.MinpackTest): null-, testMinpackKowalikOsborne(org.apache.commons.math.optimization.general.MinpackTest): expected:<0.191262653354071> but was:<0.1913004857340172>-, testMinpackBard(org.apache.commons.math.optimization.general.MinpackTest): expected:<4.17476870138539> but was:<4.174787813395771>-, testMinpackBrownAlmostLinear(org.apache.commons.math.optimization.general.MinpackTest): expected:<1.0> but was:<0.9794303033498643>-]|
evo_regression: |false|2|12|[test05(org.apache.commons.math.optimization.general.LevenbergMarquardtOptimizer_ESTest): Expecting exception: RuntimeException-, test08(org.apache.commons.math.optimization.general.LevenbergMarquardtOptimizer_ESTest): evaluations-]|
 ----
ProgramVariant 968
 
time(sec)= 5451
operation: ReplaceOp
location= org.apache.commons.math.analysis.function.Gaussian
line= 182
lineSuspiciousness= 0.224
original statement= if ((param[2]) <= 0) {
	throw new org.apache.commons.math.exception.NotStrictlyPositiveException(param[2]);
} 
fixed statement= if ((param.length) != 3) {
	throw new org.apache.commons.math.exception.DimensionMismatchException(param.length , 3);
} 
generation= 484
ingredientScope= LOCAL
validation=
failing: |true|0|8|[]|
manual_regression: |false|2|2299|[testParametricUsage3(org.apache.commons.math.analysis.function.GaussianTest): Expected exception: org.apache.commons.math.exception.NotStrictlyPositiveException-, testParametricUsage6(org.apache.commons.math.analysis.function.GaussianTest): Expected exception: org.apache.commons.math.exception.NotStrictlyPositiveException-]|
evo_regression: |false|2|16|[test00(org.apache.commons.math.analysis.function.Gaussian_ESTest): Expecting exception: RuntimeException-, test15(org.apache.commons.math.analysis.function.Gaussian_ESTest): Expecting exception: RuntimeException-]|
 ----
ProgramVariant 1160
 
time(sec)= 6099
operation: ReplaceOp
location= org.apache.commons.math.optimization.general.LevenbergMarquardtOptimizer
line= 595
lineSuspiciousness= 0.162
original statement= work1[pj] = ((work3[pj]) * (diag[pj])) / dxNorm
fixed statement= paru = org.apache.commons.math.util.FastMath.min(paru, lmPar)
generation= 580
ingredientScope= LOCAL
validation=
failing: |true|0|8|[]|
manual_regression: |false|8|2299|[testNoError(org.apache.commons.math.optimization.fitting.PolynomialFitterTest): expected:<0.0> but was:<6.232879170171511>-, testMinpackLinearRank1(org.apache.commons.math.optimization.general.MinpackTest): expected:<3.48263016573496> but was:<3101.6003933453453>-, testMinpackBrownDennis(org.apache.commons.math.optimization.general.MinpackTest): expected:<292.954288244866> but was:<292.9542741568475>-, testMinpackMeyer(org.apache.commons.math.optimization.general.MinpackTest): null-, testMinpackWatson(org.apache.commons.math.optimization.general.MinpackTest): expected:<0.0011831145921242> but was:<0.0368691147305295>-, testMinpackKowalikOsborne(org.apache.commons.math.optimization.general.MinpackTest): expected:<0.191262653354071> but was:<0.19130393017578387>-, testMinpackChebyquad(org.apache.commons.math.optimization.general.MinpackTest): expected:<0.199490672309881> but was:<0.23561910847106002>-, testMinpackBard(org.apache.commons.math.optimization.general.MinpackTest): expected:<4.17476870138539> but was:<4.183148836352632>-]|
evo_regression: |false|3|12|[test10(org.apache.commons.math.optimization.general.LevenbergMarquardtOptimizer_ESTest): expected:<2.492013910045346E10> but was:<2.492013983701227E10>-, test08(org.apache.commons.math.optimization.general.LevenbergMarquardtOptimizer_ESTest): expected:<19> but was:<16>-, test06(org.apache.commons.math.optimization.general.LevenbergMarquardtOptimizer_ESTest): expected:<3> but was:<2>-]|
 ----
ProgramVariant 1254
 
time(sec)= 6425
operation: RemoveOp
location= org.apache.commons.math.optimization.general.LevenbergMarquardtOptimizer
line= 282
lineSuspiciousness= 0.101
original statement= xNorm = org.apache.commons.math.util.FastMath.sqrt(xNorm)
fixed statement= 
generation= 627
ingredientScope= -
validation=
failing: |true|0|8|[]|
manual_regression: |false|3|2299|[testMinpackBrownDennis(org.apache.commons.math.optimization.general.MinpackTest): expected:<292.954306151134> but was:<6.121125223385811E7>-, testMinpackMeyer(org.apache.commons.math.optimization.general.MinpackTest): null-, testMinpackBrownAlmostLinear(org.apache.commons.math.optimization.general.MinpackTest): expected:<0.0> but was:<9.7656250000000016E16>-]|
evo_regression: |false|3|12|[test10(org.apache.commons.math.optimization.general.LevenbergMarquardtOptimizer_ESTest): expected:<2.492013910045346E10> but was:<2.492013982223372E10>-, test08(org.apache.commons.math.optimization.general.LevenbergMarquardtOptimizer_ESTest): expected:<19> but was:<36>-, test06(org.apache.commons.math.optimization.general.LevenbergMarquardtOptimizer_ESTest): expected:<3> but was:<2>-]|
 ----
ProgramVariant 1284
 
time(sec)= 6550
operation: ReplaceOp
location= org.apache.commons.math.optimization.general.LevenbergMarquardtOptimizer
line= 602
lineSuspiciousness= 0.162
original statement= work1[permutation[i]] -= (weightedResidualJacobian[i][pj]) * tmp
fixed statement= work1[pj] *= (diag[pj]) / dxNorm
generation= 642
ingredientScope= LOCAL
validation=
failing: |true|0|8|[]|
manual_regression: |false|8|2299|[testMinpackBrownDennis(org.apache.commons.math.optimization.general.MinpackTest): expected:<-11.59125141003> but was:<-11.59151616282614>-, testMinpackMeyer(org.apache.commons.math.optimization.general.MinpackTest): null-, testMinpackFreudensteinRoth(org.apache.commons.math.optimization.general.MinpackTest): expected:<11.4124844654993> but was:<11.4127811545355>-, testMinpackOsborne2(org.apache.commons.math.optimization.general.MinpackTest): expected:<0.904300082378518> but was:<0.9042807984936891>-, testMinpackKowalikOsborne(org.apache.commons.math.optimization.general.MinpackTest): expected:<728675.473768287> but was:<739512.8913749093>-, testMinpackChebyquad(org.apache.commons.math.optimization.general.MinpackTest): expected:<0.199490672309881> but was:<0.235619108471061>-, testMinpackBard(org.apache.commons.math.optimization.general.MinpackTest): expected:<4.17476870138539> but was:<4.174779405092044>-, testMinpackBrownAlmostLinear(org.apache.commons.math.optimization.general.MinpackTest): expected:<0.0> but was:<1.0000000045612905>-]|
evo_regression: |false|2|12|[test10(org.apache.commons.math.optimization.general.LevenbergMarquardtOptimizer_ESTest): expected:<2.492013910045346E10> but was:<2.492013907677682E10>-, test08(org.apache.commons.math.optimization.general.LevenbergMarquardtOptimizer_ESTest): expected:<19> but was:<21>-]|
 ----
ProgramVariant 1302
 
time(sec)= 6650
operation: RemoveOp
location= org.apache.commons.math.optimization.general.LevenbergMarquardtOptimizer
line= 578
lineSuspiciousness= 0.151
original statement= work3[pj] = s
fixed statement= 
generation= 651
ingredientScope= -
validation=
failing: |true|0|8|[]|
manual_regression: |false|6|2299|[testNoError(org.apache.commons.math.optimization.fitting.PolynomialFitterTest): expected:<0.0> but was:<395.37888349824647>-, testMinpackBrownDennis(org.apache.commons.math.optimization.general.MinpackTest): expected:<292.954288244866> but was:<293.02659228227924>-, testMinpackMeyer(org.apache.commons.math.optimization.general.MinpackTest): expected:<9.37794514651874> but was:<3337.7170716323553>-, testMinpackWatson(org.apache.commons.math.optimization.general.MinpackTest): expected:<0.00118311459212384> but was:<0.07620593608265219>-, testMinpackKowalikOsborne(org.apache.commons.math.optimization.general.MinpackTest): expected:<728675.473768287> but was:<446115.372935024>-, testMinpackBard(org.apache.commons.math.optimization.general.MinpackTest): expected:<-1.58848033259565E8> but was:<-9.059446028114274E7>-]|
evo_regression: |false|4|12|[test10(org.apache.commons.math.optimization.general.LevenbergMarquardtOptimizer_ESTest): expected:<2.492013910045346E10> but was:<2.492013983701227E10>-, test08(org.apache.commons.math.optimization.general.LevenbergMarquardtOptimizer_ESTest): expected:<19> but was:<10>-, test09(org.apache.commons.math.optimization.general.LevenbergMarquardtOptimizer_ESTest): expected:<180.35189667707047> but was:<180.199401001>-, test06(org.apache.commons.math.optimization.general.LevenbergMarquardtOptimizer_ESTest): expected:<3> but was:<4>-]|
 ----
ProgramVariant 1346
 
time(sec)= 6777
operation: RemoveOp
location= org.apache.commons.math.optimization.general.LevenbergMarquardtOptimizer
line= 620
lineSuspiciousness= 0.162
original statement= lmPar = org.apache.commons.math.util.FastMath.max(parl, ((lmPar) + correction))
fixed statement= 
generation= 673
ingredientScope= -
validation=
failing: |true|0|8|[]|
manual_regression: |false|9|2299|[testMinpackBrownDennis(org.apache.commons.math.optimization.general.MinpackTest): expected:<292.954288244866> but was:<292.95426693599694>-, testMinpackMeyer(org.apache.commons.math.optimization.general.MinpackTest): null-, testMinpackFreudensteinRoth(org.apache.commons.math.optimization.general.MinpackTest): expected:<11.4124844654993> but was:<11.412770703342117>-, testMinpackOsborne2(org.apache.commons.math.optimization.general.MinpackTest): expected:<0.904300082378518> but was:<0.9042807984936891>-, testMinpackWatson(org.apache.commons.math.optimization.general.MinpackTest): expected:<2.17310402539845E-5> but was:<12.222062769464388>-, testMinpackKowalikOsborne(org.apache.commons.math.optimization.general.MinpackTest): expected:<728675.473768287> but was:<368074.07348482724>-, testMinpackChebyquad(org.apache.commons.math.optimization.general.MinpackTest): expected:<0.199490672309881> but was:<0.235619108471061>-, testMinpackBard(org.apache.commons.math.optimization.general.MinpackTest): expected:<-1.58848033259565E8> but was:<-8.513250204578142E7>-, testMinpackBrownAlmostLinear(org.apache.commons.math.optimization.general.MinpackTest): expected:<0.0> but was:<1.0000000045612916>-]|
evo_regression: |false|4|12|[test10(org.apache.commons.math.optimization.general.LevenbergMarquardtOptimizer_ESTest): expected:<2.492013910045346E10> but was:<2.492013983701227E10>-, test05(org.apache.commons.math.optimization.general.LevenbergMarquardtOptimizer_ESTest): Expecting exception: RuntimeException-, test08(org.apache.commons.math.optimization.general.LevenbergMarquardtOptimizer_ESTest): expected:<19> but was:<8>-, test09(org.apache.commons.math.optimization.general.LevenbergMarquardtOptimizer_ESTest): expected:<180.35189667707047> but was:<180.199401001>-]|
 ----
ProgramVariant 1448
 
time(sec)= 7227
operation: RemoveOp
location= org.apache.commons.math.analysis.function.Gaussian
line= 183
lineSuspiciousness= 0.408
original statement= throw new org.apache.commons.math.exception.NotStrictlyPositiveException(param[2])
fixed statement= 
generation= 724
ingredientScope= -
validation=
failing: |true|0|8|[]|
manual_regression: |false|2|2299|[testParametricUsage3(org.apache.commons.math.analysis.function.GaussianTest): Expected exception: org.apache.commons.math.exception.NotStrictlyPositiveException-, testParametricUsage6(org.apache.commons.math.analysis.function.GaussianTest): Expected exception: org.apache.commons.math.exception.NotStrictlyPositiveException-]|
evo_regression: |false|2|16|[test00(org.apache.commons.math.analysis.function.Gaussian_ESTest): Expecting exception: RuntimeException-, test15(org.apache.commons.math.analysis.function.Gaussian_ESTest): Expecting exception: RuntimeException-]|
[INFO ] fr.inria.main.evolution.AstorMain.run(AstorMain.java:397) - Time Total(s): 7504.592


Node: graphene-115.nancy.grid5000.fr


Date: Wed Jan 18 03:47:23 CET 2017

removed classes 

zipped 

copied zip 


