seed AstorRun 24 
export PATH="/home/mmartinez/defects4j/framework/bin:$PATH";export JAVA_TOOL_OPTIONS=-Dfile.encoding=UTF8;export PATH="/usr/lib/jvm/java-1.7.0-openjdk-amd64/bin/:$PATH";cd /home/mmartinez/projects/time/time_11;defects4j compile;cp -r /home/mmartinez/projects/time/time_11 /tmp/time_11_Genprog_local_s1;cd /tmp/time_11_Genprog_local_s1;mkdir lib/;cp -r /home/mmartinez/defects4j/framework/projects/lib/* lib/;cp -r /home/mmartinez/defects4j/framework/projects/Time/lib/* lib/;find . -type f -name "package-info.java" -delete;
/home/mmartinez/defects4j-repair/src/python/core/../../../results/2016-june/Time/seed/24/package/11/Genprog/result
cd /tmp/time_11_Genprog_local_s1;export JAVA_TOOL_OPTIONS=-Dfile.encoding=UTF8;TZ="America/New_York"; export TZexport PATH="/usr/lib/jvm/java-1.7.0-openjdk-amd64/bin/:$PATH";time /home/mmartinez/jdk1.8.0_45/bin//java -Xmx4096m -cp /home/mmartinez/defects4j-repair/src/python/core/../../..//libs/astor.jar fr.inria.main.evolution.MainjGenProg -mode statement -location . -id Time -dependencies lib/ -failing org.joda.time.tz.TestCompiler: -package org.joda -jvm4testexecution /usr/lib/jvm/java-1.7.0-openjdk-amd64/bin/ -jvm4evosuitetestexecution /home/mmartinez/jdk1.8.0_45/bin/ -javacompliancelevel 5 -maxgen 1000000 -seed 24 -scope package -maxtime 120  -stopfirst false -population 1 -srcjavafolder src/main/java/ -srctestfolder src/test/java/ -binjavafolder target/classes/ -bintestfolder target/test-classes/ -flthreshold 0.1  -validation  fr.inria.astor.core.validation.validators.RegressionValidation  -ESParameters -Dassertion_timeout=1800:-Dminimization_timeout=1800:-Djunit_check_timeout=1800:-Dwrite_junit_timeout=300:-Dinitialization_timeout=300:-Dglobal_timeout=18000:-Dsearch_budget=100000:-Dstopping_condition=MaxStatements:-Dno_runtime_dependency=true:-Dsandbox=false:-Dp_reflection_on_private=0.0:-Dreflection_start_percent=1.0:-Dp_functional_mocking=0.0:-Dfunctional_mocking_percent=1.0:-mem=2000 -ignoredtestcases org.apache.commons.lang.LocaleUtilsTest  -excludeRegression  -maxgen 100000000 ;echo "

Node: `hostname`
";echo "
Date: `date`
"; find /tmp/time_11_Genprog_local_s1/outputMutation -name "*.class" -type f -delete;echo "removed classes 
"; find . -name bin  -type d -print0|xargs -0 rm -r --; zip -r -q out.zip /tmp/time_11_Genprog_local_s1/outputMutation; echo "zipped 
";cp out.zip /home/mmartinez/defects4j-repair/src/python/core/../../../results/2016-june/Time/seed/24/package/11/Genprog; echo "copied zip 
";rm -rf /tmp/time_11_Genprog_local_s1;

[DEBUG] fr.inria.astor.core.loop.AstorCoreEngine.showResults(AstorCoreEngine.java:136) - End Repair Loops: Found solution
[DEBUG] fr.inria.astor.core.loop.AstorCoreEngine.showResults(AstorCoreEngine.java:137) - Solution stored at: /tmp/time_11_Genprog_local_s1/./outputMutation/AstorMain-Time//src/
[DEBUG] fr.inria.astor.core.loop.AstorCoreEngine.showResults(AstorCoreEngine.java:142) - 
Number solutions:21
[DEBUG] fr.inria.astor.core.loop.AstorCoreEngine.showResults(AstorCoreEngine.java:144) - f (sol): 0.0, [Variant id: 64 (SOL) , #gens: 207, #ops: 1, parent:63]
[DEBUG] fr.inria.astor.core.loop.AstorCoreEngine.showResults(AstorCoreEngine.java:144) - f (sol): 0.0, [Variant id: 96 (SOL) , #gens: 207, #ops: 1, parent:95]
[DEBUG] fr.inria.astor.core.loop.AstorCoreEngine.showResults(AstorCoreEngine.java:144) - f (sol): 0.0, [Variant id: 176 (SOL) , #gens: 207, #ops: 1, parent:175]
[DEBUG] fr.inria.astor.core.loop.AstorCoreEngine.showResults(AstorCoreEngine.java:144) - f (sol): 0.0, [Variant id: 190 (SOL) , #gens: 207, #ops: 1, parent:189]
[DEBUG] fr.inria.astor.core.loop.AstorCoreEngine.showResults(AstorCoreEngine.java:144) - f (sol): 1.0, [Variant id: 402 (SOL) , #gens: 208, #ops: 1, parent:401]
[DEBUG] fr.inria.astor.core.loop.AstorCoreEngine.showResults(AstorCoreEngine.java:144) - f (sol): 0.0, [Variant id: 486 (SOL) , #gens: 208, #ops: 1, parent:485]
[DEBUG] fr.inria.astor.core.loop.AstorCoreEngine.showResults(AstorCoreEngine.java:144) - f (sol): 0.0, [Variant id: 582 (SOL) , #gens: 209, #ops: 1, parent:581]
[DEBUG] fr.inria.astor.core.loop.AstorCoreEngine.showResults(AstorCoreEngine.java:144) - f (sol): 0.0, [Variant id: 848 (SOL) , #gens: 209, #ops: 1, parent:847]
[DEBUG] fr.inria.astor.core.loop.AstorCoreEngine.showResults(AstorCoreEngine.java:144) - f (sol): 1.0, [Variant id: 892 (SOL) , #gens: 208, #ops: 1, parent:891]
[DEBUG] fr.inria.astor.core.loop.AstorCoreEngine.showResults(AstorCoreEngine.java:144) - f (sol): 0.0, [Variant id: 1108 (SOL) , #gens: 208, #ops: 1, parent:1107]
[DEBUG] fr.inria.astor.core.loop.AstorCoreEngine.showResults(AstorCoreEngine.java:144) - f (sol): 0.0, [Variant id: 1150 (SOL) , #gens: 207, #ops: 1, parent:1149]
[DEBUG] fr.inria.astor.core.loop.AstorCoreEngine.showResults(AstorCoreEngine.java:144) - f (sol): 0.0, [Variant id: 1196 (SOL) , #gens: 208, #ops: 1, parent:1195]
[DEBUG] fr.inria.astor.core.loop.AstorCoreEngine.showResults(AstorCoreEngine.java:144) - f (sol): 0.0, [Variant id: 1284 (SOL) , #gens: 208, #ops: 1, parent:1283]
[DEBUG] fr.inria.astor.core.loop.AstorCoreEngine.showResults(AstorCoreEngine.java:144) - f (sol): 0.0, [Variant id: 1294 (SOL) , #gens: 208, #ops: 1, parent:1293]
[DEBUG] fr.inria.astor.core.loop.AstorCoreEngine.showResults(AstorCoreEngine.java:144) - f (sol): 0.0, [Variant id: 1436 (SOL) , #gens: 208, #ops: 1, parent:1435]
[DEBUG] fr.inria.astor.core.loop.AstorCoreEngine.showResults(AstorCoreEngine.java:144) - f (sol): 0.0, [Variant id: 1668 (SOL) , #gens: 209, #ops: 1, parent:1667]
[DEBUG] fr.inria.astor.core.loop.AstorCoreEngine.showResults(AstorCoreEngine.java:144) - f (sol): 0.0, [Variant id: 1694 (SOL) , #gens: 207, #ops: 1, parent:1693]
[DEBUG] fr.inria.astor.core.loop.AstorCoreEngine.showResults(AstorCoreEngine.java:144) - f (sol): 0.0, [Variant id: 1910 (SOL) , #gens: 207, #ops: 1, parent:1909]
[DEBUG] fr.inria.astor.core.loop.AstorCoreEngine.showResults(AstorCoreEngine.java:144) - f (sol): 0.0, [Variant id: 1998 (SOL) , #gens: 207, #ops: 1, parent:1997]
[DEBUG] fr.inria.astor.core.loop.AstorCoreEngine.showResults(AstorCoreEngine.java:144) - f (sol): 0.0, [Variant id: 2026 (SOL) , #gens: 209, #ops: 1, parent:2025]
[DEBUG] fr.inria.astor.core.loop.AstorCoreEngine.showResults(AstorCoreEngine.java:144) - f (sol): 0.0, [Variant id: 2032 (SOL) , #gens: 207, #ops: 1, parent:2031]
[DEBUG] fr.inria.astor.core.loop.AstorCoreEngine.showResults(AstorCoreEngine.java:146) - 
All variants:
[DEBUG] fr.inria.astor.core.loop.AstorCoreEngine.showResults(AstorCoreEngine.java:148) - f 1.0, [Variant id: 2033, #gens: 208, #ops: 0, parent:-]
[INFO ] fr.inria.astor.core.loop.AstorCoreEngine.showResults(AstorCoreEngine.java:152) - 
Solution details
[INFO ] fr.inria.astor.core.loop.AstorCoreEngine.showResults(AstorCoreEngine.java:153) - 
 --SOLUTIONS DESCRIPTION--

 ----
ProgramVariant 64
 
time(sec)= 671
operation: RemoveOp
location= org.joda.time.tz.DateTimeZoneBuilder
line= 1458
lineSuspiciousness= 0.354
original statement= if (tailZone.iStartRecurrence.getNameKey().equals(tailZone.iEndRecurrence.getNameKey())) {
	if (org.joda.time.tz.ZoneInfoCompiler.verbose()) {
		java.lang.System.out.println(("Fixing duplicate recurrent name key - " + (tailZone.iStartRecurrence.getNameKey())));
	} 
	if ((tailZone.iStartRecurrence.getSaveMillis()) > 0) {
		tailZone = new org.joda.time.tz.DateTimeZoneBuilder.DSTZone(tailZone.getID() , tailZone.iStandardOffset , tailZone.iStartRecurrence.renameAppend("-Summer") , tailZone.iEndRecurrence);
	} else {
		tailZone = new org.joda.time.tz.DateTimeZoneBuilder.DSTZone(tailZone.getID() , tailZone.iStandardOffset , tailZone.iStartRecurrence , tailZone.iEndRecurrence.renameAppend("-Summer"));
	}
} 
fixed statement= 
generation= 32
ingredientScope= -
validation=
failing: |true|0|8|[]|
manual_regression: |true|0|11852|[warning(junit.framework.TestSuite$1): Class org.joda.time.chrono.gj.MainTest has no public constructor TestCase(String name) or TestCase()-]|
evo_regression: |true|0|42|[]|
 ----
ProgramVariant 96
 
time(sec)= 807
operation: RemoveOp
location= org.joda.time.tz.DateTimeZoneBuilder
line= 371
lineSuspiciousness= 0.327
original statement= if ((tailZone == null) && (i == (ruleSetCount - 1))) {
	tailZone = rs.buildTailZone(id);
} 
fixed statement= 
generation= 48
ingredientScope= -
validation=
failing: |true|0|8|[]|
manual_regression: |true|0|11852|[warning(junit.framework.TestSuite$1): Class org.joda.time.chrono.gj.MainTest has no public constructor TestCase(String name) or TestCase()-]|
evo_regression: |true|0|42|[]|
 ----
ProgramVariant 176
 
time(sec)= 1024
operation: RemoveOp
location= org.joda.time.tz.DateTimeZoneBuilder
line= 1154
lineSuspiciousness= 0.354
original statement= return new org.joda.time.tz.DateTimeZoneBuilder.DSTZone(id , iStandardOffset , startRule.iRecurrence , endRule.iRecurrence)
fixed statement= 
generation= 88
ingredientScope= -
validation=
failing: |true|0|8|[]|
manual_regression: |true|0|11852|[warning(junit.framework.TestSuite$1): Class org.joda.time.chrono.gj.MainTest has no public constructor TestCase(String name) or TestCase()-]|
evo_regression: |true|0|42|[]|
 ----
ProgramVariant 190
 
time(sec)= 1239
operation: RemoveOp
location= org.joda.time.tz.DateTimeZoneBuilder
line= 371
lineSuspiciousness= 0.327
original statement= if ((tailZone == null) && (i == (ruleSetCount - 1))) {
	tailZone = rs.buildTailZone(id);
} 
fixed statement= 
generation= 95
ingredientScope= -
validation=
failing: |true|0|8|[]|
manual_regression: |true|0|11852|[warning(junit.framework.TestSuite$1): Class org.joda.time.chrono.gj.MainTest has no public constructor TestCase(String name) or TestCase()-]|
evo_regression: |true|0|42|[]|
 ----
ProgramVariant 402
 
time(sec)= 1989
operation: ReplaceOp
location= org.joda.time.tz.ZoneInfoCompiler
line= 78
lineSuspiciousness= 0.612
original statement= return org.joda.time.tz.ZoneInfoCompiler.cVerbose.get()
fixed statement= return true
generation= 201
ingredientScope= PACKAGE
validation=
failing: |true|0|8|[]|
manual_regression: |true|0|11852|[warning(junit.framework.TestSuite$1): Class org.joda.time.chrono.gj.MainTest has no public constructor TestCase(String name) or TestCase()-]|
evo_regression: |false|1|61|[test59(org.joda.time.tz.ZoneInfoCompiler_ESTest): Expecting exception: NullPointerException-]|
 ----
ProgramVariant 486
 
time(sec)= 2260
operation: ReplaceOp
location= org.joda.time.tz.DateTimeZoneBuilder
line= 1458
lineSuspiciousness= 0.354
original statement= if (tailZone.iStartRecurrence.getNameKey().equals(tailZone.iEndRecurrence.getNameKey())) {
	if (org.joda.time.tz.ZoneInfoCompiler.verbose()) {
		java.lang.System.out.println(("Fixing duplicate recurrent name key - " + (tailZone.iStartRecurrence.getNameKey())));
	} 
	if ((tailZone.iStartRecurrence.getSaveMillis()) > 0) {
		tailZone = new org.joda.time.tz.DateTimeZoneBuilder.DSTZone(tailZone.getID() , tailZone.iStandardOffset , tailZone.iStartRecurrence.renameAppend("-Summer") , tailZone.iEndRecurrence);
	} else {
		tailZone = new org.joda.time.tz.DateTimeZoneBuilder.DSTZone(tailZone.getID() , tailZone.iStandardOffset , tailZone.iStartRecurrence , tailZone.iEndRecurrence.renameAppend("-Summer"));
	}
} 
fixed statement= if (id == null) {
	return null;
} 
generation= 243
ingredientScope= PACKAGE
validation=
failing: |true|0|8|[]|
manual_regression: |true|0|11852|[warning(junit.framework.TestSuite$1): Class org.joda.time.chrono.gj.MainTest has no public constructor TestCase(String name) or TestCase()-]|
evo_regression: |true|0|42|[]|
 ----
ProgramVariant 582
 
time(sec)= 2631
operation: InsertBeforeOp
location= org.joda.time.tz.DateTimeZoneBuilder
line= 1026
lineSuspiciousness= 0.327
original statement= org.joda.time.tz.DateTimeZoneBuilder.Transition first = null
fixed statement= org.joda.time.tz.ZoneInfoCompiler.cVerbose.set(java.lang.Boolean.FALSE)
generation= 291
ingredientScope= PACKAGE
validation=
failing: |true|0|8|[]|
manual_regression: |true|0|11852|[warning(junit.framework.TestSuite$1): Class org.joda.time.chrono.gj.MainTest has no public constructor TestCase(String name) or TestCase()-]|
evo_regression: |true|0|42|[]|
 ----
ProgramVariant 848
 
time(sec)= 3450
operation: InsertBeforeOp
location= org.joda.time.tz.DateTimeZoneBuilder
line= 1458
lineSuspiciousness= 0.354
original statement= if (tailZone.iStartRecurrence.getNameKey().equals(tailZone.iEndRecurrence.getNameKey())) {
	if (org.joda.time.tz.ZoneInfoCompiler.verbose()) {
		java.lang.System.out.println(("Fixing duplicate recurrent name key - " + (tailZone.iStartRecurrence.getNameKey())));
	} 
	if ((tailZone.iStartRecurrence.getSaveMillis()) > 0) {
		tailZone = new org.joda.time.tz.DateTimeZoneBuilder.DSTZone(tailZone.getID() , tailZone.iStandardOffset , tailZone.iStartRecurrence.renameAppend("-Summer") , tailZone.iEndRecurrence);
	} else {
		tailZone = new org.joda.time.tz.DateTimeZoneBuilder.DSTZone(tailZone.getID() , tailZone.iStandardOffset , tailZone.iStartRecurrence , tailZone.iEndRecurrence.renameAppend("-Summer"));
	}
} 
fixed statement= org.joda.time.tz.ZoneInfoCompiler.cVerbose.set(java.lang.Boolean.FALSE)
generation= 424
ingredientScope= PACKAGE
validation=
failing: |true|0|8|[]|
manual_regression: |true|0|11852|[warning(junit.framework.TestSuite$1): Class org.joda.time.chrono.gj.MainTest has no public constructor TestCase(String name) or TestCase()-]|
evo_regression: |true|0|42|[]|
 ----
ProgramVariant 892
 
time(sec)= 3590
operation: ReplaceOp
location= org.joda.time.tz.ZoneInfoCompiler
line= 78
lineSuspiciousness= 0.612
original statement= return org.joda.time.tz.ZoneInfoCompiler.cVerbose.get()
fixed statement= return false
generation= 446
ingredientScope= PACKAGE
validation=
failing: |true|0|8|[]|
manual_regression: |true|0|11852|[warning(junit.framework.TestSuite$1): Class org.joda.time.chrono.gj.MainTest has no public constructor TestCase(String name) or TestCase()-]|
evo_regression: |false|1|61|[test59(org.joda.time.tz.ZoneInfoCompiler_ESTest): Expecting exception: NullPointerException-]|
 ----
ProgramVariant 1108
 
time(sec)= 4068
operation: ReplaceOp
location= org.joda.time.tz.DateTimeZoneBuilder
line= 372
lineSuspiciousness= 0.327
original statement= tailZone = rs.buildTailZone(id)
fixed statement= org.joda.time.tz.ZoneInfoCompiler.cStartOfYear = new org.joda.time.tz.ZoneInfoCompiler.DateTimeOfYear()
generation= 554
ingredientScope= PACKAGE
validation=
failing: |true|0|8|[]|
manual_regression: |true|0|11852|[warning(junit.framework.TestSuite$1): Class org.joda.time.chrono.gj.MainTest has no public constructor TestCase(String name) or TestCase()-]|
evo_regression: |true|0|42|[]|
 ----
ProgramVariant 1150
 
time(sec)= 4213
operation: RemoveOp
location= org.joda.time.tz.DateTimeZoneBuilder
line= 1457
lineSuspiciousness= 0.327
original statement= if (tailZone != null) {
	if (tailZone.iStartRecurrence.getNameKey().equals(tailZone.iEndRecurrence.getNameKey())) {
		if (org.joda.time.tz.ZoneInfoCompiler.verbose()) {
			java.lang.System.out.println(("Fixing duplicate recurrent name key - " + (tailZone.iStartRecurrence.getNameKey())));
		} 
		if ((tailZone.iStartRecurrence.getSaveMillis()) > 0) {
			tailZone = new org.joda.time.tz.DateTimeZoneBuilder.DSTZone(tailZone.getID() , tailZone.iStandardOffset , tailZone.iStartRecurrence.renameAppend("-Summer") , tailZone.iEndRecurrence);
		} else {
			tailZone = new org.joda.time.tz.DateTimeZoneBuilder.DSTZone(tailZone.getID() , tailZone.iStandardOffset , tailZone.iStartRecurrence , tailZone.iEndRecurrence.renameAppend("-Summer"));
		}
	} 
} 
fixed statement= 
generation= 575
ingredientScope= -
validation=
failing: |true|0|8|[]|
manual_regression: |true|0|11852|[warning(junit.framework.TestSuite$1): Class org.joda.time.chrono.gj.MainTest has no public constructor TestCase(String name) or TestCase()-]|
evo_regression: |true|0|42|[]|
 ----
ProgramVariant 1196
 
time(sec)= 4367
operation: ReplaceOp
location= org.joda.time.tz.DateTimeZoneBuilder
line= 1460
lineSuspiciousness= 0.866
original statement= if (org.joda.time.tz.ZoneInfoCompiler.verbose()) {
	java.lang.System.out.println(("Fixing duplicate recurrent name key - " + (tailZone.iStartRecurrence.getNameKey())));
} 
fixed statement= if (id == null) {
	throw new java.lang.IllegalArgumentException();
} 
generation= 598
ingredientScope= LOCAL
validation=
failing: |true|0|8|[]|
manual_regression: |true|0|11852|[warning(junit.framework.TestSuite$1): Class org.joda.time.chrono.gj.MainTest has no public constructor TestCase(String name) or TestCase()-]|
evo_regression: |true|0|42|[]|
 ----
ProgramVariant 1284
 
time(sec)= 4639
operation: ReplaceOp
location= org.joda.time.tz.DateTimeZoneBuilder
line= 372
lineSuspiciousness= 0.327
original statement= tailZone = rs.buildTailZone(id)
fixed statement= org.joda.time.tz.ZoneInfoCompiler.cLenientISO = org.joda.time.chrono.LenientChronology.getInstance(org.joda.time.chrono.ISOChronology.getInstanceUTC())
generation= 642
ingredientScope= PACKAGE
validation=
failing: |true|0|8|[]|
manual_regression: |true|0|11852|[warning(junit.framework.TestSuite$1): Class org.joda.time.chrono.gj.MainTest has no public constructor TestCase(String name) or TestCase()-]|
evo_regression: |true|0|42|[]|
 ----
ProgramVariant 1294
 
time(sec)= 4746
operation: ReplaceOp
location= org.joda.time.tz.DateTimeZoneBuilder
line= 1141
lineSuspiciousness= 0.327
original statement= if ((iRules.size()) == 2) {
	org.joda.time.tz.DateTimeZoneBuilder.Rule startRule = iRules.get(0);
	org.joda.time.tz.DateTimeZoneBuilder.Rule endRule = iRules.get(1);
	if (((startRule.getToYear()) == (java.lang.Integer.MAX_VALUE)) && ((endRule.getToYear()) == (java.lang.Integer.MAX_VALUE))) {
		return new org.joda.time.tz.DateTimeZoneBuilder.DSTZone(id , iStandardOffset , startRule.iRecurrence , endRule.iRecurrence);
	} 
} 
fixed statement= if ((org.joda.time.tz.ZoneInfoCompiler.cStartOfYear) == null) {
	org.joda.time.tz.ZoneInfoCompiler.cStartOfYear = new org.joda.time.tz.ZoneInfoCompiler.DateTimeOfYear();
} 
generation= 647
ingredientScope= PACKAGE
validation=
failing: |true|0|8|[]|
manual_regression: |true|0|11852|[warning(junit.framework.TestSuite$1): Class org.joda.time.chrono.gj.MainTest has no public constructor TestCase(String name) or TestCase()-]|
evo_regression: |true|0|42|[]|
 ----
ProgramVariant 1436
 
time(sec)= 5187
operation: ReplaceOp
location= org.joda.time.tz.DateTimeZoneBuilder
line= 372
lineSuspiciousness= 0.327
original statement= tailZone = rs.buildTailZone(id)
fixed statement= saveMillis = next.getSaveMillis()
generation= 718
ingredientScope= LOCAL
validation=
failing: |true|0|8|[]|
manual_regression: |true|0|11852|[warning(junit.framework.TestSuite$1): Class org.joda.time.chrono.gj.MainTest has no public constructor TestCase(String name) or TestCase()-]|
evo_regression: |true|0|42|[]|
 ----
ProgramVariant 1668
 
time(sec)= 5668
operation: InsertBeforeOp
location= org.joda.time.tz.DateTimeZoneBuilder
line= 333
lineSuspiciousness= 0.306
original statement= if (id == null) {
	throw new java.lang.IllegalArgumentException();
} 
fixed statement= org.joda.time.tz.ZoneInfoCompiler.cVerbose.set(java.lang.Boolean.FALSE)
generation= 834
ingredientScope= PACKAGE
validation=
failing: |true|0|8|[]|
manual_regression: |true|0|11852|[warning(junit.framework.TestSuite$1): Class org.joda.time.chrono.gj.MainTest has no public constructor TestCase(String name) or TestCase()-]|
evo_regression: |true|0|42|[]|
 ----
ProgramVariant 1694
 
time(sec)= 5792
operation: RemoveOp
location= org.joda.time.tz.DateTimeZoneBuilder
line= 1460
lineSuspiciousness= 0.866
original statement= if (org.joda.time.tz.ZoneInfoCompiler.verbose()) {
	java.lang.System.out.println(("Fixing duplicate recurrent name key - " + (tailZone.iStartRecurrence.getNameKey())));
} 
fixed statement= 
generation= 847
ingredientScope= -
validation=
failing: |true|0|8|[]|
manual_regression: |true|0|11852|[warning(junit.framework.TestSuite$1): Class org.joda.time.chrono.gj.MainTest has no public constructor TestCase(String name) or TestCase()-]|
evo_regression: |true|0|42|[]|
 ----
ProgramVariant 1910
 
time(sec)= 6613
operation: RemoveOp
location= org.joda.time.tz.DateTimeZoneBuilder
line= 1460
lineSuspiciousness= 0.866
original statement= if (org.joda.time.tz.ZoneInfoCompiler.verbose()) {
	java.lang.System.out.println(("Fixing duplicate recurrent name key - " + (tailZone.iStartRecurrence.getNameKey())));
} 
fixed statement= 
generation= 955
ingredientScope= -
validation=
failing: |true|0|8|[]|
manual_regression: |true|0|11852|[warning(junit.framework.TestSuite$1): Class org.joda.time.chrono.gj.MainTest has no public constructor TestCase(String name) or TestCase()-]|
evo_regression: |true|0|42|[]|
 ----
ProgramVariant 1998
 
time(sec)= 7083
operation: RemoveOp
location= org.joda.time.tz.DateTimeZoneBuilder
line= 1144
lineSuspiciousness= 0.327
original statement= if (((startRule.getToYear()) == (java.lang.Integer.MAX_VALUE)) && ((endRule.getToYear()) == (java.lang.Integer.MAX_VALUE))) {
	return new org.joda.time.tz.DateTimeZoneBuilder.DSTZone(id , iStandardOffset , startRule.iRecurrence , endRule.iRecurrence);
} 
fixed statement= 
generation= 999
ingredientScope= -
validation=
failing: |true|0|8|[]|
manual_regression: |true|0|11852|[warning(junit.framework.TestSuite$1): Class org.joda.time.chrono.gj.MainTest has no public constructor TestCase(String name) or TestCase()-]|
evo_regression: |true|0|42|[]|
 ----
ProgramVariant 2026
 
time(sec)= 7201
operation: InsertBeforeOp
location= org.joda.time.tz.DateTimeZoneBuilder
line= 352
lineSuspiciousness= 0.306
original statement= if (next == null) {
	continue;
} 
fixed statement= org.joda.time.tz.ZoneInfoCompiler.cVerbose.set(java.lang.Boolean.FALSE)
generation= 1013
ingredientScope= PACKAGE
validation=
failing: |true|0|8|[]|
manual_regression: |true|0|11852|[warning(junit.framework.TestSuite$1): Class org.joda.time.chrono.gj.MainTest has no public constructor TestCase(String name) or TestCase()-]|
evo_regression: |true|0|42|[]|
 ----
ProgramVariant 2032
 
time(sec)= 7282
operation: RemoveOp
location= org.joda.time.tz.DateTimeZoneBuilder
line= 1457
lineSuspiciousness= 0.327
original statement= if (tailZone != null) {
	if (tailZone.iStartRecurrence.getNameKey().equals(tailZone.iEndRecurrence.getNameKey())) {
		if (org.joda.time.tz.ZoneInfoCompiler.verbose()) {
			java.lang.System.out.println(("Fixing duplicate recurrent name key - " + (tailZone.iStartRecurrence.getNameKey())));
		} 
		if ((tailZone.iStartRecurrence.getSaveMillis()) > 0) {
			tailZone = new org.joda.time.tz.DateTimeZoneBuilder.DSTZone(tailZone.getID() , tailZone.iStandardOffset , tailZone.iStartRecurrence.renameAppend("-Summer") , tailZone.iEndRecurrence);
		} else {
			tailZone = new org.joda.time.tz.DateTimeZoneBuilder.DSTZone(tailZone.getID() , tailZone.iStandardOffset , tailZone.iStartRecurrence , tailZone.iEndRecurrence.renameAppend("-Summer"));
		}
	} 
} 
fixed statement= 
generation= 1016
ingredientScope= -
validation=
failing: |true|0|8|[]|
manual_regression: |true|0|11852|[warning(junit.framework.TestSuite$1): Class org.joda.time.chrono.gj.MainTest has no public constructor TestCase(String name) or TestCase()-]|
evo_regression: |true|0|42|[]|
[INFO ] fr.inria.main.evolution.AstorMain.run(AstorMain.java:397) - Time Total(s): 7467.8


Node: graphene-77.nancy.grid5000.fr


Date: Wed Jan 25 08:43:06 CET 2017

removed classes 

zipped 

copied zip 


