seed AstorRun 19 
export PATH="/home/mmartinez/defects4j/framework/bin:$PATH";export JAVA_TOOL_OPTIONS=-Dfile.encoding=UTF8;export PATH="/usr/lib/jvm/java-1.7.0-openjdk-amd64/bin/:$PATH";cd /home/mmartinez/projects/time/time_4;defects4j compile;cp -r /home/mmartinez/projects/time/time_4 /tmp/time_4_Genprog_local_s1;cd /tmp/time_4_Genprog_local_s1;mkdir lib/;cp -r /home/mmartinez/defects4j/framework/projects/lib/* lib/;cp -r /home/mmartinez/defects4j/framework/projects/Time/lib/* lib/;find . -type f -name "package-info.java" -delete;
/home/mmartinez/defects4j-repair/src/python/core/../../../results/2016-june/Time/seed/19/package/4/Genprog/result
cd /tmp/time_4_Genprog_local_s1;export JAVA_TOOL_OPTIONS=-Dfile.encoding=UTF8;TZ="America/New_York"; export TZexport PATH="/usr/lib/jvm/java-1.7.0-openjdk-amd64/bin/:$PATH";time /home/mmartinez/jdk1.8.0_45/bin//java -Xmx4096m -cp /home/mmartinez/defects4j-repair/src/python/core/../../..//libs/astor.jar fr.inria.main.evolution.MainjGenProg -mode statement -location . -id Time -dependencies lib/ -failing org.joda.time.TestPartial_Basics: -package org.joda -jvm4testexecution /usr/lib/jvm/java-1.7.0-openjdk-amd64/bin/ -jvm4evosuitetestexecution /home/mmartinez/jdk1.8.0_45/bin/ -javacompliancelevel 5 -maxgen 1000000 -seed 19 -scope package -maxtime 120  -stopfirst false -population 1 -srcjavafolder src/main/java/ -srctestfolder src/test/java/ -binjavafolder target/classes/ -bintestfolder target/test-classes/ -flthreshold 0.1  -validation  fr.inria.astor.core.validation.validators.RegressionValidation  -ESParameters -Dassertion_timeout=1800:-Dminimization_timeout=1800:-Djunit_check_timeout=1800:-Dwrite_junit_timeout=300:-Dinitialization_timeout=300:-Dglobal_timeout=18000:-Dsearch_budget=100000:-Dstopping_condition=MaxStatements:-Dno_runtime_dependency=true:-Dsandbox=false:-Dp_reflection_on_private=0.0:-Dreflection_start_percent=1.0:-Dp_functional_mocking=0.0:-Dfunctional_mocking_percent=1.0:-mem=2000 -ignoredtestcases org.apache.commons.lang.LocaleUtilsTest  -excludeRegression  -maxgen 100000000 ;echo "

Node: `hostname`
";echo "
Date: `date`
"; find /tmp/time_4_Genprog_local_s1/outputMutation -name "*.class" -type f -delete;echo "removed classes 
"; find . -name bin  -type d -print0|xargs -0 rm -r --; zip -r -q out.zip /tmp/time_4_Genprog_local_s1/outputMutation; echo "zipped 
";cp out.zip /home/mmartinez/defects4j-repair/src/python/core/../../../results/2016-june/Time/seed/19/package/4/Genprog; echo "copied zip 
";rm -rf /tmp/time_4_Genprog_local_s1;

[DEBUG] fr.inria.astor.core.loop.AstorCoreEngine.showResults(AstorCoreEngine.java:136) - End Repair Loops: Found solution
[DEBUG] fr.inria.astor.core.loop.AstorCoreEngine.showResults(AstorCoreEngine.java:137) - Solution stored at: /tmp/time_4_Genprog_local_s1/./outputMutation/AstorMain-Time//src/
[DEBUG] fr.inria.astor.core.loop.AstorCoreEngine.showResults(AstorCoreEngine.java:142) - 
Number solutions:19
[DEBUG] fr.inria.astor.core.loop.AstorCoreEngine.showResults(AstorCoreEngine.java:144) - f (sol): 1.0, [Variant id: 386 (SOL) , #gens: 36, #ops: 1, parent:385]
[DEBUG] fr.inria.astor.core.loop.AstorCoreEngine.showResults(AstorCoreEngine.java:144) - f (sol): 1.0, [Variant id: 766 (SOL) , #gens: 36, #ops: 1, parent:765]
[DEBUG] fr.inria.astor.core.loop.AstorCoreEngine.showResults(AstorCoreEngine.java:144) - f (sol): 1.0, [Variant id: 1278 (SOL) , #gens: 36, #ops: 1, parent:1277]
[DEBUG] fr.inria.astor.core.loop.AstorCoreEngine.showResults(AstorCoreEngine.java:144) - f (sol): 1.0, [Variant id: 1502 (SOL) , #gens: 36, #ops: 1, parent:1501]
[DEBUG] fr.inria.astor.core.loop.AstorCoreEngine.showResults(AstorCoreEngine.java:144) - f (sol): 1.0, [Variant id: 1750 (SOL) , #gens: 36, #ops: 1, parent:1749]
[DEBUG] fr.inria.astor.core.loop.AstorCoreEngine.showResults(AstorCoreEngine.java:144) - f (sol): 1.0, [Variant id: 2548 (SOL) , #gens: 36, #ops: 1, parent:2547]
[DEBUG] fr.inria.astor.core.loop.AstorCoreEngine.showResults(AstorCoreEngine.java:144) - f (sol): 1.0, [Variant id: 2764 (SOL) , #gens: 36, #ops: 1, parent:2763]
[DEBUG] fr.inria.astor.core.loop.AstorCoreEngine.showResults(AstorCoreEngine.java:144) - f (sol): 1.0, [Variant id: 2830 (SOL) , #gens: 36, #ops: 1, parent:2829]
[DEBUG] fr.inria.astor.core.loop.AstorCoreEngine.showResults(AstorCoreEngine.java:144) - f (sol): 1.0, [Variant id: 2870 (SOL) , #gens: 36, #ops: 1, parent:2869]
[DEBUG] fr.inria.astor.core.loop.AstorCoreEngine.showResults(AstorCoreEngine.java:144) - f (sol): 1.0, [Variant id: 3326 (SOL) , #gens: 36, #ops: 1, parent:3325]
[DEBUG] fr.inria.astor.core.loop.AstorCoreEngine.showResults(AstorCoreEngine.java:144) - f (sol): 32.0, [Variant id: 3534 (SOL) , #gens: 36, #ops: 1, parent:3533]
[DEBUG] fr.inria.astor.core.loop.AstorCoreEngine.showResults(AstorCoreEngine.java:144) - f (sol): 32.0, [Variant id: 3776 (SOL) , #gens: 36, #ops: 1, parent:3775]
[DEBUG] fr.inria.astor.core.loop.AstorCoreEngine.showResults(AstorCoreEngine.java:144) - f (sol): 55.0, [Variant id: 5664 (SOL) , #gens: 36, #ops: 1, parent:5663]
[DEBUG] fr.inria.astor.core.loop.AstorCoreEngine.showResults(AstorCoreEngine.java:144) - f (sol): 31.0, [Variant id: 6810 (SOL) , #gens: 36, #ops: 1, parent:6809]
[DEBUG] fr.inria.astor.core.loop.AstorCoreEngine.showResults(AstorCoreEngine.java:144) - f (sol): 32.0, [Variant id: 8286 (SOL) , #gens: 36, #ops: 1, parent:8285]
[DEBUG] fr.inria.astor.core.loop.AstorCoreEngine.showResults(AstorCoreEngine.java:144) - f (sol): 55.0, [Variant id: 8424 (SOL) , #gens: 36, #ops: 1, parent:8423]
[DEBUG] fr.inria.astor.core.loop.AstorCoreEngine.showResults(AstorCoreEngine.java:144) - f (sol): 32.0, [Variant id: 10128 (SOL) , #gens: 36, #ops: 1, parent:10127]
[DEBUG] fr.inria.astor.core.loop.AstorCoreEngine.showResults(AstorCoreEngine.java:144) - f (sol): 31.0, [Variant id: 10230 (SOL) , #gens: 36, #ops: 1, parent:10229]
[DEBUG] fr.inria.astor.core.loop.AstorCoreEngine.showResults(AstorCoreEngine.java:144) - f (sol): 6.0, [Variant id: 16430 (SOL) , #gens: 37, #ops: 1, parent:16429]
[DEBUG] fr.inria.astor.core.loop.AstorCoreEngine.showResults(AstorCoreEngine.java:146) - 
All variants:
[DEBUG] fr.inria.astor.core.loop.AstorCoreEngine.showResults(AstorCoreEngine.java:148) - f 1.0, [Variant id: 23911, #gens: 36, #ops: 0, parent:-]
[INFO ] fr.inria.astor.core.loop.AstorCoreEngine.showResults(AstorCoreEngine.java:152) - 
Solution details
[INFO ] fr.inria.astor.core.loop.AstorCoreEngine.showResults(AstorCoreEngine.java:153) - 
 --SOLUTIONS DESCRIPTION--

 ----
ProgramVariant 386
 
time(sec)= 231
operation: ReplaceOp
location= org.joda.time.field.ZeroIsMaxDateTimeField
line= 138
lineSuspiciousness= 0.866
original statement= return 1
fixed statement= return getMaximumValue()
generation= 193
ingredientScope= PACKAGE
validation=
failing: |true|0|69|[]|
manual_regression: |true|0|12047|[warning(junit.framework.TestSuite$1): Class org.joda.time.chrono.gj.MainTest has no public constructor TestCase(String name) or TestCase()-]|
evo_regression: |false|1|56|[test39(org.joda.time.field.ZeroIsMaxDateTimeField_ESTest): expected:<1> but was:<24>-]|
 ----
ProgramVariant 766
 
time(sec)= 411
operation: ReplaceOp
location= org.joda.time.field.ZeroIsMaxDateTimeField
line= 178
lineSuspiciousness= 0.866
original statement= return (getWrappedField().getMaximumValue(instant, values)) + 1
fixed statement= return getMinimumValue()
generation= 383
ingredientScope= PACKAGE
validation=
failing: |true|0|69|[]|
manual_regression: |true|0|12047|[warning(junit.framework.TestSuite$1): Class org.joda.time.chrono.gj.MainTest has no public constructor TestCase(String name) or TestCase()-]|
evo_regression: |false|1|56|[test54(org.joda.time.field.ZeroIsMaxDateTimeField_ESTest): expected:<12> but was:<1>-]|
 ----
ProgramVariant 1278
 
time(sec)= 626
operation: ReplaceOp
location= org.joda.time.field.ZeroIsMaxDateTimeField
line= 111
lineSuspiciousness= 0.866
original statement= return 1
fixed statement= return (getWrappedField().getMaximumValue()) + 1
generation= 639
ingredientScope= LOCAL
validation=
failing: |true|0|69|[]|
manual_regression: |true|0|12047|[warning(junit.framework.TestSuite$1): Class org.joda.time.chrono.gj.MainTest has no public constructor TestCase(String name) or TestCase()-]|
evo_regression: |false|1|56|[test47(org.joda.time.field.ZeroIsMaxDateTimeField_ESTest): expected:<1> but was:<60>-]|
 ----
ProgramVariant 1502
 
time(sec)= 748
operation: ReplaceOp
location= org.joda.time.field.ZeroIsMaxDateTimeField
line= 138
lineSuspiciousness= 0.866
original statement= return 1
fixed statement= return getName().hashCode()
generation= 751
ingredientScope= PACKAGE
validation=
failing: |true|0|69|[]|
manual_regression: |true|0|12047|[warning(junit.framework.TestSuite$1): Class org.joda.time.chrono.gj.MainTest has no public constructor TestCase(String name) or TestCase()-]|
evo_regression: |false|1|56|[test39(org.joda.time.field.ZeroIsMaxDateTimeField_ESTest): expected:<1> but was:<-730492560>-]|
 ----
ProgramVariant 1750
 
time(sec)= 881
operation: ReplaceOp
location= org.joda.time.field.ZeroIsMaxDateTimeField
line= 178
lineSuspiciousness= 0.866
original statement= return (getWrappedField().getMaximumValue(instant, values)) + 1
fixed statement= return 3
generation= 875
ingredientScope= PACKAGE
validation=
failing: |true|0|69|[]|
manual_regression: |true|0|12047|[warning(junit.framework.TestSuite$1): Class org.joda.time.chrono.gj.MainTest has no public constructor TestCase(String name) or TestCase()-]|
evo_regression: |false|1|56|[test54(org.joda.time.field.ZeroIsMaxDateTimeField_ESTest): expected:<12> but was:<3>-]|
 ----
ProgramVariant 2548
 
time(sec)= 1188
operation: ReplaceOp
location= org.joda.time.field.ZeroIsMaxDateTimeField
line= 178
lineSuspiciousness= 0.866
original statement= return (getWrappedField().getMaximumValue(instant, values)) + 1
fixed statement= return -1
generation= 1274
ingredientScope= PACKAGE
validation=
failing: |true|0|69|[]|
manual_regression: |true|0|12047|[warning(junit.framework.TestSuite$1): Class org.joda.time.chrono.gj.MainTest has no public constructor TestCase(String name) or TestCase()-]|
evo_regression: |false|1|56|[test54(org.joda.time.field.ZeroIsMaxDateTimeField_ESTest): expected:<12> but was:<-1>-]|
 ----
ProgramVariant 2764
 
time(sec)= 1319
operation: ReplaceOp
location= org.joda.time.field.ZeroIsMaxDateTimeField
line= 178
lineSuspiciousness= 0.866
original statement= return (getWrappedField().getMaximumValue(instant, values)) + 1
fixed statement= return 0
generation= 1382
ingredientScope= PACKAGE
validation=
failing: |true|0|69|[]|
manual_regression: |true|0|12047|[warning(junit.framework.TestSuite$1): Class org.joda.time.chrono.gj.MainTest has no public constructor TestCase(String name) or TestCase()-]|
evo_regression: |false|1|56|[test54(org.joda.time.field.ZeroIsMaxDateTimeField_ESTest): expected:<12> but was:<0>-]|
 ----
ProgramVariant 2830
 
time(sec)= 1409
operation: ReplaceOp
location= org.joda.time.field.ZeroIsMaxDateTimeField
line= 178
lineSuspiciousness= 0.866
original statement= return (getWrappedField().getMaximumValue(instant, values)) + 1
fixed statement= return getMinimumValue(instant)
generation= 1415
ingredientScope= PACKAGE
validation=
failing: |true|0|69|[]|
manual_regression: |true|0|12047|[warning(junit.framework.TestSuite$1): Class org.joda.time.chrono.gj.MainTest has no public constructor TestCase(String name) or TestCase()-]|
evo_regression: |false|1|56|[test54(org.joda.time.field.ZeroIsMaxDateTimeField_ESTest): expected:<12> but was:<1>-]|
 ----
ProgramVariant 2870
 
time(sec)= 1488
operation: ReplaceOp
location= org.joda.time.field.ZeroIsMaxDateTimeField
line= 178
lineSuspiciousness= 0.866
original statement= return (getWrappedField().getMaximumValue(instant, values)) + 1
fixed statement= return 1
generation= 1435
ingredientScope= PACKAGE
validation=
failing: |true|0|69|[]|
manual_regression: |true|0|12047|[warning(junit.framework.TestSuite$1): Class org.joda.time.chrono.gj.MainTest has no public constructor TestCase(String name) or TestCase()-]|
evo_regression: |false|1|56|[test54(org.joda.time.field.ZeroIsMaxDateTimeField_ESTest): expected:<12> but was:<1>-]|
 ----
ProgramVariant 3326
 
time(sec)= 1688
operation: ReplaceOp
location= org.joda.time.field.ZeroIsMaxDateTimeField
line= 178
lineSuspiciousness= 0.866
original statement= return (getWrappedField().getMaximumValue(instant, values)) + 1
fixed statement= return 2
generation= 1663
ingredientScope= PACKAGE
validation=
failing: |true|0|69|[]|
manual_regression: |true|0|12047|[warning(junit.framework.TestSuite$1): Class org.joda.time.chrono.gj.MainTest has no public constructor TestCase(String name) or TestCase()-]|
evo_regression: |false|1|56|[test54(org.joda.time.field.ZeroIsMaxDateTimeField_ESTest): expected:<12> but was:<2>-]|
 ----
ProgramVariant 3534
 
time(sec)= 1821
operation: ReplaceOp
location= org.joda.time.field.ZeroIsMaxDateTimeField
line= 148
lineSuspiciousness= 0.274
original statement= return (getWrappedField().getMaximumValue()) + 1
fixed statement= return 0
generation= 1767
ingredientScope= PACKAGE
validation=
failing: |true|0|69|[]|
manual_regression: |false|27|12047|[testGet_DateTimeFieldType(org.joda.time.TestInstant_Basics): expected:<24> but was:<0>-, testGet_DateTimeField(org.joda.time.TestDateMidnight_Basics): expected:<24> but was:<0>-, testGet_DateTimeFieldType(org.joda.time.TestDateMidnight_Basics): expected:<24> but was:<0>-, testGet_DateTimeFieldType(org.joda.time.TestLocalDateTime_Basics): expected:<12> but was:<0>-, testGet_DateTimeFieldType(org.joda.time.TestLocalTime_Basics): expected:<12> but was:<0>-, testGet_DateTimeFieldType(org.joda.time.TestInstant_Basics): expected:<24> but was:<0>-, testGet_DateTimeField(org.joda.time.TestDateMidnight_Basics): expected:<24> but was:<0>-, testGet_DateTimeFieldType(org.joda.time.TestDateMidnight_Basics): expected:<24> but was:<0>-, testGet_DateTimeFieldType(org.joda.time.TestLocalDateTime_Basics): expected:<12> but was:<0>-, testGet_DateTimeFieldType(org.joda.time.TestLocalTime_Basics): expected:<12> but was:<0>-, testFormatParse_textHalfdayAM_UK(org.joda.time.format.TestDateTimeFormat): Cannot parse "$06-PM-2007": Value 6 for clockhourOfHalfday must be in the range 1, 0-, ...and 18 failures more, testFormatParse_textHalfdayAM_France(org.joda.time.format.TestDateTimeFormat): Cannot parse "$06-PM-2007": Value 6 for clockhourOfHalfday must be in the range 1, 0-, ...and 18 failures more, testFormat_clockhourOfHalfday(org.joda.time.format.TestDateTimeFormat): 2004-06-09T00:00:00.000Z expected:<12> but was:<0>-, ...and 18 failures more, testFormat_clockhourOfDay(org.joda.time.format.TestDateTimeFormat): 2004-06-09T00:00:00.000Z expected:<24> but was:<0>-, ...and 18 failures more, testGet_DateTimeField(org.joda.time.TestDateMidnight_Basics): expected:<24> but was:<0>-, ...and 18 failures more, testGet_DateTimeFieldType(org.joda.time.TestDateMidnight_Basics): expected:<24> but was:<0>-, ...and 18 failures more, testGet_DateTimeFieldType(org.joda.time.TestInstant_Basics): expected:<24> but was:<0>-, ...and 18 failures more, testGet_DateTimeFieldType(org.joda.time.TestLocalDateTime_Basics): expected:<12> but was:<0>-, ...and 18 failures more, testGet_DateTimeFieldType(org.joda.time.TestLocalTime_Basics): expected:<12> but was:<0>-, ...and 18 failures more, warning(junit.framework.TestSuite$1): Class org.joda.time.chrono.gj.MainTest has no public constructor TestCase(String name) or TestCase()-, ...and 18 failures more, testFormatParse_textHalfdayAM_UK(org.joda.time.format.TestDateTimeFormat): Cannot parse "$06-PM-2007": Value 6 for clockhourOfHalfday must be in the range 1, 0-, ...and 18 failures more, testFormatParse_textHalfdayAM_France(org.joda.time.format.TestDateTimeFormat): Cannot parse "$06-PM-2007": Value 6 for clockhourOfHalfday must be in the range 1, 0-, ...and 18 failures more, testFormat_clockhourOfHalfday(org.joda.time.format.TestDateTimeFormat): 2004-06-09T00:00:00.000Z expected:<12> but was:<0>-, ...and 18 failures more, testFormat_clockhourOfDay(org.joda.time.format.TestDateTimeFormat): 2004-06-09T00:00:00.000Z expected:<24> but was:<0>-, ...and 18 failures more, testFormatParse_textHalfdayAM_UK(org.joda.time.format.TestDateTimeFormat): Cannot parse "$06-PM-2007": Value 6 for clockhourOfHalfday must be in the range 1, 0-, ...and 18 failures more, testFormatParse_textHalfdayAM_France(org.joda.time.format.TestDateTimeFormat): Cannot parse "$06-PM-2007": Value 6 for clockhourOfHalfday must be in the range 1, 0-, ...and 18 failures more, testFormat_clockhourOfHalfday(org.joda.time.format.TestDateTimeFormat): 2004-06-09T00:00:00.000Z expected:<12> but was:<0>-, ...and 18 failures more, testFormat_clockhourOfDay(org.joda.time.format.TestDateTimeFormat): 2004-06-09T00:00:00.000Z expected:<24> but was:<0>-, ...and 18 failures more]|
evo_regression: |false|5|56|[test28(org.joda.time.field.ZeroIsMaxDateTimeField_ESTest): expected:<24> but was:<0>-, test31(org.joda.time.field.ZeroIsMaxDateTimeField_ESTest): Value 60 for era must be in the range 1, 0-, test30(org.joda.time.field.ZeroIsMaxDateTimeField_ESTest): expected:<24> but was:<0>-, test00(org.joda.time.field.ZeroIsMaxDateTimeField_ESTest): Value 60 for era must be in the range 1, 0-, test49(org.joda.time.field.ZeroIsMaxDateTimeField_ESTest): Value 1 for yearOfCentury must be in the range 1, 0-]|
 ----
ProgramVariant 3776
 
time(sec)= 1953
operation: ReplaceOp
location= org.joda.time.field.ZeroIsMaxDateTimeField
line= 148
lineSuspiciousness= 0.274
original statement= return (getWrappedField().getMaximumValue()) + 1
fixed statement= return -1
generation= 1888
ingredientScope= PACKAGE
validation=
failing: |true|0|69|[]|
manual_regression: |false|27|12047|[testGet_DateTimeFieldType(org.joda.time.TestInstant_Basics): expected:<24> but was:<-1>-, testGet_DateTimeField(org.joda.time.TestDateMidnight_Basics): expected:<24> but was:<-1>-, testGet_DateTimeFieldType(org.joda.time.TestDateMidnight_Basics): expected:<24> but was:<-1>-, testGet_DateTimeFieldType(org.joda.time.TestLocalDateTime_Basics): expected:<12> but was:<-1>-, testGet_DateTimeFieldType(org.joda.time.TestLocalTime_Basics): expected:<12> but was:<-1>-, testGet_DateTimeFieldType(org.joda.time.TestInstant_Basics): expected:<24> but was:<-1>-, testGet_DateTimeField(org.joda.time.TestDateMidnight_Basics): expected:<24> but was:<-1>-, testGet_DateTimeFieldType(org.joda.time.TestDateMidnight_Basics): expected:<24> but was:<-1>-, testGet_DateTimeFieldType(org.joda.time.TestLocalDateTime_Basics): expected:<12> but was:<-1>-, testGet_DateTimeFieldType(org.joda.time.TestLocalTime_Basics): expected:<12> but was:<-1>-, testFormatParse_textHalfdayAM_UK(org.joda.time.format.TestDateTimeFormat): Cannot parse "$06-PM-2007": Value 6 for clockhourOfHalfday must be in the range 1, -1-, ...and 18 failures more, testFormatParse_textHalfdayAM_France(org.joda.time.format.TestDateTimeFormat): Cannot parse "$06-PM-2007": Value 6 for clockhourOfHalfday must be in the range 1, -1-, ...and 18 failures more, testFormat_clockhourOfHalfday(org.joda.time.format.TestDateTimeFormat): 2004-06-09T00:00:00.000Z expected:<12> but was:<-1>-, ...and 18 failures more, testFormat_clockhourOfDay(org.joda.time.format.TestDateTimeFormat): 2004-06-09T00:00:00.000Z expected:<24> but was:<-1>-, ...and 18 failures more, testGet_DateTimeField(org.joda.time.TestDateMidnight_Basics): expected:<24> but was:<-1>-, ...and 18 failures more, testGet_DateTimeFieldType(org.joda.time.TestDateMidnight_Basics): expected:<24> but was:<-1>-, ...and 18 failures more, testGet_DateTimeFieldType(org.joda.time.TestInstant_Basics): expected:<24> but was:<-1>-, ...and 18 failures more, testGet_DateTimeFieldType(org.joda.time.TestLocalDateTime_Basics): expected:<12> but was:<-1>-, ...and 18 failures more, testGet_DateTimeFieldType(org.joda.time.TestLocalTime_Basics): expected:<12> but was:<-1>-, ...and 18 failures more, warning(junit.framework.TestSuite$1): Class org.joda.time.chrono.gj.MainTest has no public constructor TestCase(String name) or TestCase()-, ...and 18 failures more, testFormatParse_textHalfdayAM_UK(org.joda.time.format.TestDateTimeFormat): Cannot parse "$06-PM-2007": Value 6 for clockhourOfHalfday must be in the range 1, -1-, ...and 18 failures more, testFormatParse_textHalfdayAM_France(org.joda.time.format.TestDateTimeFormat): Cannot parse "$06-PM-2007": Value 6 for clockhourOfHalfday must be in the range 1, -1-, ...and 18 failures more, testFormat_clockhourOfHalfday(org.joda.time.format.TestDateTimeFormat): 2004-06-09T00:00:00.000Z expected:<12> but was:<-1>-, ...and 18 failures more, testFormat_clockhourOfDay(org.joda.time.format.TestDateTimeFormat): 2004-06-09T00:00:00.000Z expected:<24> but was:<-1>-, ...and 18 failures more, testFormatParse_textHalfdayAM_UK(org.joda.time.format.TestDateTimeFormat): Cannot parse "$06-PM-2007": Value 6 for clockhourOfHalfday must be in the range 1, -1-, ...and 18 failures more, testFormatParse_textHalfdayAM_France(org.joda.time.format.TestDateTimeFormat): Cannot parse "$06-PM-2007": Value 6 for clockhourOfHalfday must be in the range 1, -1-, ...and 18 failures more, testFormat_clockhourOfHalfday(org.joda.time.format.TestDateTimeFormat): 2004-06-09T00:00:00.000Z expected:<12> but was:<-1>-, ...and 18 failures more, testFormat_clockhourOfDay(org.joda.time.format.TestDateTimeFormat): 2004-06-09T00:00:00.000Z expected:<24> but was:<-1>-, ...and 18 failures more]|
evo_regression: |false|5|56|[test28(org.joda.time.field.ZeroIsMaxDateTimeField_ESTest): expected:<24> but was:<-1>-, test31(org.joda.time.field.ZeroIsMaxDateTimeField_ESTest): Value 60 for era must be in the range 1, -1-, test30(org.joda.time.field.ZeroIsMaxDateTimeField_ESTest): expected:<24> but was:<-1>-, test00(org.joda.time.field.ZeroIsMaxDateTimeField_ESTest): Value 60 for era must be in the range 1, -1-, test49(org.joda.time.field.ZeroIsMaxDateTimeField_ESTest): Value 1 for yearOfCentury must be in the range 1, -1-]|
 ----
ProgramVariant 5664
 
time(sec)= 2577
operation: ReplaceOp
location= org.joda.time.DateTimeFieldType
line= 227
lineSuspiciousness= 0.226
original statement= return org.joda.time.DateTimeFieldType.CLOCKHOUR_OF_DAY_TYPE
fixed statement= return org.joda.time.DateTimeFieldType.HALFDAY_OF_DAY_TYPE
generation= 2832
ingredientScope= LOCAL
validation=
failing: |true|0|69|[]|
manual_regression: |false|54|12047|[test_clockhourOfDay(org.joda.time.TestDateTimeFieldType): expected:<clockhourOfDay> but was:<halfdayOfDay>-, testGet_DateTimeFieldType(org.joda.time.TestInstant_Basics): expected:<24> but was:<0>-, testGet_DateTimeFieldType(org.joda.time.TestDateTime_Basics): expected:<1> but was:<0>-, testGet_DateTimeFieldType(org.joda.time.TestMutableDateTime_Basics): expected:<1> but was:<0>-, testGet_DateTimeFieldType(org.joda.time.TestDateMidnight_Basics): expected:<24> but was:<0>-, testGet_DateTimeFieldType(org.joda.time.TestLocalDateTime_Basics): expected:<12> but was:<1>-, testGet_DateTimeFieldType(org.joda.time.TestLocalTime_Basics): expected:<12> but was:<1>-, testConstructorEx8_TypeArray_intArray(org.joda.time.TestPartial_Constructors): null-, testSerializedDateTimeFieldType(org.joda.time.TestSerialization): expected same:<halfdayOfDay> was not:<clockhourOfDay>-, test_clockhourOfDay(org.joda.time.TestDateTimeFieldType): expected:<clockhourOfDay> but was:<halfdayOfDay>-, testGet_DateTimeFieldType(org.joda.time.TestInstant_Basics): expected:<24> but was:<0>-, ...and 45 failures more, testGet_DateTimeFieldType(org.joda.time.TestDateTime_Basics): expected:<1> but was:<0>-, ...and 45 failures more, testGet_DateTimeFieldType(org.joda.time.TestMutableDateTime_Basics): expected:<1> but was:<0>-, ...and 45 failures more, testGet_DateTimeFieldType(org.joda.time.TestDateMidnight_Basics): expected:<24> but was:<0>-, ...and 45 failures more, testGet_DateTimeFieldType(org.joda.time.TestLocalDateTime_Basics): expected:<12> but was:<1>-, ...and 45 failures more, testGet_DateTimeFieldType(org.joda.time.TestLocalTime_Basics): expected:<12> but was:<1>-, ...and 45 failures more, testConstructorEx8_TypeArray_intArray(org.joda.time.TestPartial_Constructors): null-, ...and 45 failures more, testSerializedDateTimeFieldType(org.joda.time.TestSerialization): expected same:<halfdayOfDay> was not:<clockhourOfDay>-, ...and 45 failures more, testTimeFields(org.joda.time.chrono.TestBuddhistChronology): expected:<clockhourOfDay> but was:<halfdayOfDay>-, ...and 45 failures more, testTimeFields(org.joda.time.chrono.TestCopticChronology): expected:<clockhourOfDay> but was:<halfdayOfDay>-, ...and 45 failures more, testTimeFields(org.joda.time.chrono.TestEthiopicChronology): expected:<clockhourOfDay> but was:<halfdayOfDay>-, ...and 45 failures more, testTimeFields(org.joda.time.chrono.TestGJChronology): expected:<clockhourOfDay> but was:<halfdayOfDay>-, ...and 45 failures more, testTimeFields(org.joda.time.chrono.TestGregorianChronology): expected:<clockhourOfDay> but was:<halfdayOfDay>-, ...and 45 failures more, testTimeFields(org.joda.time.chrono.TestIslamicChronology): expected:<clockhourOfDay> but was:<halfdayOfDay>-, ...and 45 failures more, testTimeFields(org.joda.time.chrono.TestJulianChronology): expected:<clockhourOfDay> but was:<halfdayOfDay>-, ...and 45 failures more, testTimeFields(org.joda.time.chrono.TestISOChronology): expected:<clockhourOfDay> but was:<halfdayOfDay>-, ...and 45 failures more, testFormat_clockhourOfDay(org.joda.time.format.TestDateTimeFormat): 2004-06-09T10:20:30.040Z expected:<10> but was:<0>-, ...and 45 failures more, testGet_DateTimeFieldType(org.joda.time.TestDateMidnight_Basics): expected:<24> but was:<0>-, ...and 45 failures more, test_clockhourOfDay(org.joda.time.TestDateTimeFieldType): expected:<clockhourOfDay> but was:<halfdayOfDay>-, ...and 45 failures more, testGet_DateTimeFieldType(org.joda.time.TestDateTime_Basics): expected:<1> but was:<0>-, ...and 45 failures more, testGet_DateTimeFieldType(org.joda.time.TestInstant_Basics): expected:<24> but was:<0>-, ...and 45 failures more, testGet_DateTimeFieldType(org.joda.time.TestLocalDateTime_Basics): expected:<12> but was:<1>-, ...and 45 failures more, testGet_DateTimeFieldType(org.joda.time.TestLocalTime_Basics): expected:<12> but was:<1>-, ...and 45 failures more, testGet_DateTimeFieldType(org.joda.time.TestMutableDateTime_Basics): expected:<1> but was:<0>-, ...and 45 failures more, testConstructorEx8_TypeArray_intArray(org.joda.time.TestPartial_Constructors): null-, ...and 45 failures more, testSerializedDateTimeFieldType(org.joda.time.TestSerialization): expected same:<halfdayOfDay> was not:<clockhourOfDay>-, ...and 45 failures more, testTimeFields(org.joda.time.chrono.TestBuddhistChronology): expected:<clockhourOfDay> but was:<halfdayOfDay>-, ...and 45 failures more, testTimeFields(org.joda.time.chrono.TestCopticChronology): expected:<clockhourOfDay> but was:<halfdayOfDay>-, ...and 45 failures more, testTimeFields(org.joda.time.chrono.TestEthiopicChronology): expected:<clockhourOfDay> but was:<halfdayOfDay>-, ...and 45 failures more, testTimeFields(org.joda.time.chrono.TestGJChronology): expected:<clockhourOfDay> but was:<halfdayOfDay>-, ...and 45 failures more, testTimeFields(org.joda.time.chrono.TestGregorianChronology): expected:<clockhourOfDay> but was:<halfdayOfDay>-, ...and 45 failures more, testTimeFields(org.joda.time.chrono.TestIslamicChronology): expected:<clockhourOfDay> but was:<halfdayOfDay>-, ...and 45 failures more, testTimeFields(org.joda.time.chrono.TestJulianChronology): expected:<clockhourOfDay> but was:<halfdayOfDay>-, ...and 45 failures more, testTimeFields(org.joda.time.chrono.TestISOChronology): expected:<clockhourOfDay> but was:<halfdayOfDay>-, ...and 45 failures more, testTimeFields(org.joda.time.chrono.TestBuddhistChronology): expected:<clockhourOfDay> but was:<halfdayOfDay>-, ...and 45 failures more, testTimeFields(org.joda.time.chrono.TestCopticChronology): expected:<clockhourOfDay> but was:<halfdayOfDay>-, ...and 45 failures more, testTimeFields(org.joda.time.chrono.TestEthiopicChronology): expected:<clockhourOfDay> but was:<halfdayOfDay>-, ...and 45 failures more, testTimeFields(org.joda.time.chrono.TestGJChronology): expected:<clockhourOfDay> but was:<halfdayOfDay>-, ...and 45 failures more, testTimeFields(org.joda.time.chrono.TestGregorianChronology): expected:<clockhourOfDay> but was:<halfdayOfDay>-, ...and 45 failures more, testTimeFields(org.joda.time.chrono.TestISOChronology): expected:<clockhourOfDay> but was:<halfdayOfDay>-, ...and 45 failures more, testTimeFields(org.joda.time.chrono.TestIslamicChronology): expected:<clockhourOfDay> but was:<halfdayOfDay>-, ...and 45 failures more, testTimeFields(org.joda.time.chrono.TestJulianChronology): expected:<clockhourOfDay> but was:<halfdayOfDay>-, ...and 45 failures more, warning(junit.framework.TestSuite$1): Class org.joda.time.chrono.gj.MainTest has no public constructor TestCase(String name) or TestCase()-, ...and 45 failures more, testFormat_clockhourOfDay(org.joda.time.format.TestDateTimeFormat): 2004-06-09T10:20:30.040Z expected:<10> but was:<0>-, ...and 45 failures more, testFormat_clockhourOfDay(org.joda.time.format.TestDateTimeFormat): 2004-06-09T10:20:30.040Z expected:<10> but was:<0>-, ...and 45 failures more]|
evo_regression: |false|1|29|[test15(org.joda.time.DateTimeFieldType_ESTest): expected:<clockhourOfDay> but was:<halfdayOfDay>-]|
 ----
ProgramVariant 6810
 
time(sec)= 2910
operation: ReplaceOp
location= org.joda.time.field.ZeroIsMaxDateTimeField
line= 148
lineSuspiciousness= 0.274
original statement= return (getWrappedField().getMaximumValue()) + 1
fixed statement= return 2
generation= 3405
ingredientScope= PACKAGE
validation=
failing: |true|0|69|[]|
manual_regression: |false|27|12047|[testGet_DateTimeFieldType(org.joda.time.TestInstant_Basics): expected:<24> but was:<2>-, testGet_DateTimeField(org.joda.time.TestDateMidnight_Basics): expected:<24> but was:<2>-, testGet_DateTimeFieldType(org.joda.time.TestDateMidnight_Basics): expected:<24> but was:<2>-, testGet_DateTimeFieldType(org.joda.time.TestLocalDateTime_Basics): expected:<12> but was:<2>-, testGet_DateTimeFieldType(org.joda.time.TestLocalTime_Basics): expected:<12> but was:<2>-, testGet_DateTimeFieldType(org.joda.time.TestInstant_Basics): expected:<24> but was:<2>-, testGet_DateTimeField(org.joda.time.TestDateMidnight_Basics): expected:<24> but was:<2>-, testGet_DateTimeFieldType(org.joda.time.TestDateMidnight_Basics): expected:<24> but was:<2>-, testGet_DateTimeFieldType(org.joda.time.TestLocalDateTime_Basics): expected:<12> but was:<2>-, testGet_DateTimeFieldType(org.joda.time.TestLocalTime_Basics): expected:<12> but was:<2>-, testFormatParse_textHalfdayAM_UK(org.joda.time.format.TestDateTimeFormat): Cannot parse "$06-PM-2007": Value 6 for clockhourOfHalfday must be in the range 1, 2-, ...and 18 failures more, testFormatParse_textHalfdayAM_France(org.joda.time.format.TestDateTimeFormat): Cannot parse "$06-PM-2007": Value 6 for clockhourOfHalfday must be in the range 1, 2-, ...and 18 failures more, testFormat_clockhourOfHalfday(org.joda.time.format.TestDateTimeFormat): 2004-06-09T00:00:00.000Z expected:<12> but was:<2>-, ...and 18 failures more, testFormat_clockhourOfDay(org.joda.time.format.TestDateTimeFormat): 2004-06-09T00:00:00.000Z expected:<24> but was:<2>-, ...and 18 failures more, testGet_DateTimeField(org.joda.time.TestDateMidnight_Basics): expected:<24> but was:<2>-, ...and 18 failures more, testGet_DateTimeFieldType(org.joda.time.TestDateMidnight_Basics): expected:<24> but was:<2>-, ...and 18 failures more, testGet_DateTimeFieldType(org.joda.time.TestInstant_Basics): expected:<24> but was:<2>-, ...and 18 failures more, testGet_DateTimeFieldType(org.joda.time.TestLocalDateTime_Basics): expected:<12> but was:<2>-, ...and 18 failures more, testGet_DateTimeFieldType(org.joda.time.TestLocalTime_Basics): expected:<12> but was:<2>-, ...and 18 failures more, warning(junit.framework.TestSuite$1): Class org.joda.time.chrono.gj.MainTest has no public constructor TestCase(String name) or TestCase()-, ...and 18 failures more, testFormatParse_textHalfdayAM_UK(org.joda.time.format.TestDateTimeFormat): Cannot parse "$06-PM-2007": Value 6 for clockhourOfHalfday must be in the range 1, 2-, ...and 18 failures more, testFormatParse_textHalfdayAM_France(org.joda.time.format.TestDateTimeFormat): Cannot parse "$06-PM-2007": Value 6 for clockhourOfHalfday must be in the range 1, 2-, ...and 18 failures more, testFormat_clockhourOfHalfday(org.joda.time.format.TestDateTimeFormat): 2004-06-09T00:00:00.000Z expected:<12> but was:<2>-, ...and 18 failures more, testFormat_clockhourOfDay(org.joda.time.format.TestDateTimeFormat): 2004-06-09T00:00:00.000Z expected:<24> but was:<2>-, ...and 18 failures more, testFormatParse_textHalfdayAM_UK(org.joda.time.format.TestDateTimeFormat): Cannot parse "$06-PM-2007": Value 6 for clockhourOfHalfday must be in the range 1, 2-, ...and 18 failures more, testFormatParse_textHalfdayAM_France(org.joda.time.format.TestDateTimeFormat): Cannot parse "$06-PM-2007": Value 6 for clockhourOfHalfday must be in the range 1, 2-, ...and 18 failures more, testFormat_clockhourOfHalfday(org.joda.time.format.TestDateTimeFormat): 2004-06-09T00:00:00.000Z expected:<12> but was:<2>-, ...and 18 failures more, testFormat_clockhourOfDay(org.joda.time.format.TestDateTimeFormat): 2004-06-09T00:00:00.000Z expected:<24> but was:<2>-, ...and 18 failures more]|
evo_regression: |false|4|56|[test28(org.joda.time.field.ZeroIsMaxDateTimeField_ESTest): expected:<24> but was:<2>-, test31(org.joda.time.field.ZeroIsMaxDateTimeField_ESTest): Value 60 for era must be in the range 1, 2-, test30(org.joda.time.field.ZeroIsMaxDateTimeField_ESTest): expected:<24> but was:<2>-, test00(org.joda.time.field.ZeroIsMaxDateTimeField_ESTest): Value 60 for era must be in the range 1, 2-]|
 ----
ProgramVariant 8286
 
time(sec)= 3309
operation: ReplaceOp
location= org.joda.time.field.ZeroIsMaxDateTimeField
line= 148
lineSuspiciousness= 0.274
original statement= return (getWrappedField().getMaximumValue()) + 1
fixed statement= return 1
generation= 4143
ingredientScope= PACKAGE
validation=
failing: |true|0|69|[]|
manual_regression: |false|27|12047|[testGet_DateTimeFieldType(org.joda.time.TestInstant_Basics): expected:<24> but was:<1>-, testGet_DateTimeField(org.joda.time.TestDateMidnight_Basics): expected:<24> but was:<1>-, testGet_DateTimeFieldType(org.joda.time.TestDateMidnight_Basics): expected:<24> but was:<1>-, testGet_DateTimeFieldType(org.joda.time.TestLocalDateTime_Basics): expected:<12> but was:<1>-, testGet_DateTimeFieldType(org.joda.time.TestLocalTime_Basics): expected:<12> but was:<1>-, testGet_DateTimeFieldType(org.joda.time.TestInstant_Basics): expected:<24> but was:<1>-, testGet_DateTimeField(org.joda.time.TestDateMidnight_Basics): expected:<24> but was:<1>-, testGet_DateTimeFieldType(org.joda.time.TestDateMidnight_Basics): expected:<24> but was:<1>-, testGet_DateTimeFieldType(org.joda.time.TestLocalDateTime_Basics): expected:<12> but was:<1>-, testGet_DateTimeFieldType(org.joda.time.TestLocalTime_Basics): expected:<12> but was:<1>-, testFormatParse_textHalfdayAM_UK(org.joda.time.format.TestDateTimeFormat): Cannot parse "$06-PM-2007": Value 6 for clockhourOfHalfday must be in the range 1, 1-, ...and 18 failures more, testFormatParse_textHalfdayAM_France(org.joda.time.format.TestDateTimeFormat): Cannot parse "$06-PM-2007": Value 6 for clockhourOfHalfday must be in the range 1, 1-, ...and 18 failures more, testFormat_clockhourOfHalfday(org.joda.time.format.TestDateTimeFormat): 2004-06-09T00:00:00.000Z expected:<12> but was:<1>-, ...and 18 failures more, testFormat_clockhourOfDay(org.joda.time.format.TestDateTimeFormat): 2004-06-09T00:00:00.000Z expected:<24> but was:<1>-, ...and 18 failures more, testGet_DateTimeField(org.joda.time.TestDateMidnight_Basics): expected:<24> but was:<1>-, ...and 18 failures more, testGet_DateTimeFieldType(org.joda.time.TestDateMidnight_Basics): expected:<24> but was:<1>-, ...and 18 failures more, testGet_DateTimeFieldType(org.joda.time.TestInstant_Basics): expected:<24> but was:<1>-, ...and 18 failures more, testGet_DateTimeFieldType(org.joda.time.TestLocalDateTime_Basics): expected:<12> but was:<1>-, ...and 18 failures more, testGet_DateTimeFieldType(org.joda.time.TestLocalTime_Basics): expected:<12> but was:<1>-, ...and 18 failures more, warning(junit.framework.TestSuite$1): Class org.joda.time.chrono.gj.MainTest has no public constructor TestCase(String name) or TestCase()-, ...and 18 failures more, testFormatParse_textHalfdayAM_UK(org.joda.time.format.TestDateTimeFormat): Cannot parse "$06-PM-2007": Value 6 for clockhourOfHalfday must be in the range 1, 1-, ...and 18 failures more, testFormatParse_textHalfdayAM_France(org.joda.time.format.TestDateTimeFormat): Cannot parse "$06-PM-2007": Value 6 for clockhourOfHalfday must be in the range 1, 1-, ...and 18 failures more, testFormat_clockhourOfHalfday(org.joda.time.format.TestDateTimeFormat): 2004-06-09T00:00:00.000Z expected:<12> but was:<1>-, ...and 18 failures more, testFormat_clockhourOfDay(org.joda.time.format.TestDateTimeFormat): 2004-06-09T00:00:00.000Z expected:<24> but was:<1>-, ...and 18 failures more, testFormatParse_textHalfdayAM_UK(org.joda.time.format.TestDateTimeFormat): Cannot parse "$06-PM-2007": Value 6 for clockhourOfHalfday must be in the range 1, 1-, ...and 18 failures more, testFormatParse_textHalfdayAM_France(org.joda.time.format.TestDateTimeFormat): Cannot parse "$06-PM-2007": Value 6 for clockhourOfHalfday must be in the range 1, 1-, ...and 18 failures more, testFormat_clockhourOfHalfday(org.joda.time.format.TestDateTimeFormat): 2004-06-09T00:00:00.000Z expected:<12> but was:<1>-, ...and 18 failures more, testFormat_clockhourOfDay(org.joda.time.format.TestDateTimeFormat): 2004-06-09T00:00:00.000Z expected:<24> but was:<1>-, ...and 18 failures more]|
evo_regression: |false|5|56|[test28(org.joda.time.field.ZeroIsMaxDateTimeField_ESTest): expected:<24> but was:<1>-, test31(org.joda.time.field.ZeroIsMaxDateTimeField_ESTest): Value 60 for era must be in the range 1, 1-, test30(org.joda.time.field.ZeroIsMaxDateTimeField_ESTest): expected:<24> but was:<1>-, test00(org.joda.time.field.ZeroIsMaxDateTimeField_ESTest): Value 60 for era must be in the range 1, 1-, test49(org.joda.time.field.ZeroIsMaxDateTimeField_ESTest): expected:<60001> but was:<1>-]|
 ----
ProgramVariant 8424
 
time(sec)= 3420
operation: ReplaceOp
location= org.joda.time.DateTimeFieldType
line= 227
lineSuspiciousness= 0.226
original statement= return org.joda.time.DateTimeFieldType.CLOCKHOUR_OF_DAY_TYPE
fixed statement= return org.joda.time.DateTimeFieldType.ERA_TYPE
generation= 4212
ingredientScope= LOCAL
validation=
failing: |true|0|69|[]|
manual_regression: |false|54|12047|[test_clockhourOfDay(org.joda.time.TestDateTimeFieldType): expected:<clockhourOfDay> but was:<era>-, testGet_DateTimeFieldType(org.joda.time.TestInstant_Basics): expected:<24> but was:<1>-, testGet_DateTimeFieldType(org.joda.time.TestDateMidnight_Basics): expected:<24> but was:<1>-, testGet_DateTimeFieldType(org.joda.time.TestLocalDateTime_Basics): expected:<12> but was:<1>-, testProperty(org.joda.time.TestLocalTime_Basics): Field 'era' is not supported-, testIsSupported_DateTimeFieldType(org.joda.time.TestLocalTime_Basics): expected:<true> but was:<false>-, testGet_DateTimeFieldType(org.joda.time.TestLocalTime_Basics): Field 'era' is not supported-, testConstructorEx8_TypeArray_intArray(org.joda.time.TestPartial_Constructors): Types array must be in order largest-smallest: dayOfMonth < era: must not/duplicate expected:<true> but was:<false>-, testSerializedDateTimeFieldType(org.joda.time.TestSerialization): expected same:<era> was not:<clockhourOfDay>-, test_clockhourOfDay(org.joda.time.TestDateTimeFieldType): expected:<clockhourOfDay> but was:<era>-, testGet_DateTimeFieldType(org.joda.time.TestInstant_Basics): expected:<24> but was:<1>-, ...and 45 failures more, testGet_DateTimeFieldType(org.joda.time.TestDateMidnight_Basics): expected:<24> but was:<1>-, ...and 45 failures more, testGet_DateTimeFieldType(org.joda.time.TestLocalDateTime_Basics): expected:<12> but was:<1>-, ...and 45 failures more, testProperty(org.joda.time.TestLocalTime_Basics): Field 'era' is not supported-, ...and 45 failures more, testIsSupported_DateTimeFieldType(org.joda.time.TestLocalTime_Basics): expected:<true> but was:<false>-, ...and 45 failures more, testGet_DateTimeFieldType(org.joda.time.TestLocalTime_Basics): Field 'era' is not supported-, ...and 45 failures more, testConstructorEx8_TypeArray_intArray(org.joda.time.TestPartial_Constructors): Types array must be in order largest-smallest: dayOfMonth < era: must not/duplicate expected:<true> but was:<false>-, ...and 45 failures more, testSerializedDateTimeFieldType(org.joda.time.TestSerialization): expected same:<era> was not:<clockhourOfDay>-, ...and 45 failures more, testTimeFields(org.joda.time.chrono.TestBuddhistChronology): expected:<clockhourOfDay> but was:<era>-, ...and 45 failures more, testTimeFields(org.joda.time.chrono.TestCopticChronology): expected:<clockhourOfDay> but was:<era>-, ...and 45 failures more, testTimeFields(org.joda.time.chrono.TestEthiopicChronology): expected:<clockhourOfDay> but was:<era>-, ...and 45 failures more, testTimeFields(org.joda.time.chrono.TestGJChronology): expected:<clockhourOfDay> but was:<era>-, ...and 45 failures more, testTimeFields(org.joda.time.chrono.TestGregorianChronology): expected:<clockhourOfDay> but was:<era>-, ...and 45 failures more, testTimeFields(org.joda.time.chrono.TestIslamicChronology): expected:<clockhourOfDay> but was:<era>-, ...and 45 failures more, testTimeFields(org.joda.time.chrono.TestJulianChronology): expected:<clockhourOfDay> but was:<era>-, ...and 45 failures more, testTimeFields(org.joda.time.chrono.TestISOChronology): expected:<clockhourOfDay> but was:<era>-, ...and 45 failures more, testFormat_clockhourOfDay(org.joda.time.format.TestDateTimeFormat): 2004-06-09T10:20:30.040Z expected:<10> but was:<1>-, ...and 45 failures more, testGet_DateTimeFieldType(org.joda.time.TestDateMidnight_Basics): expected:<24> but was:<1>-, ...and 45 failures more, test_clockhourOfDay(org.joda.time.TestDateTimeFieldType): expected:<clockhourOfDay> but was:<era>-, ...and 45 failures more, testGet_DateTimeFieldType(org.joda.time.TestInstant_Basics): expected:<24> but was:<1>-, ...and 45 failures more, testGet_DateTimeFieldType(org.joda.time.TestLocalDateTime_Basics): expected:<12> but was:<1>-, ...and 45 failures more, testProperty(org.joda.time.TestLocalTime_Basics): Field 'era' is not supported-, ...and 45 failures more, testIsSupported_DateTimeFieldType(org.joda.time.TestLocalTime_Basics): expected:<true> but was:<false>-, ...and 45 failures more, testGet_DateTimeFieldType(org.joda.time.TestLocalTime_Basics): Field 'era' is not supported-, ...and 45 failures more, testConstructorEx8_TypeArray_intArray(org.joda.time.TestPartial_Constructors): Types array must be in order largest-smallest: dayOfMonth < era: must not/duplicate expected:<true> but was:<false>-, ...and 45 failures more, testSerializedDateTimeFieldType(org.joda.time.TestSerialization): expected same:<era> was not:<clockhourOfDay>-, ...and 45 failures more, testTimeFields(org.joda.time.chrono.TestBuddhistChronology): expected:<clockhourOfDay> but was:<era>-, ...and 45 failures more, testTimeFields(org.joda.time.chrono.TestCopticChronology): expected:<clockhourOfDay> but was:<era>-, ...and 45 failures more, testTimeFields(org.joda.time.chrono.TestEthiopicChronology): expected:<clockhourOfDay> but was:<era>-, ...and 45 failures more, testTimeFields(org.joda.time.chrono.TestGJChronology): expected:<clockhourOfDay> but was:<era>-, ...and 45 failures more, testTimeFields(org.joda.time.chrono.TestGregorianChronology): expected:<clockhourOfDay> but was:<era>-, ...and 45 failures more, testTimeFields(org.joda.time.chrono.TestIslamicChronology): expected:<clockhourOfDay> but was:<era>-, ...and 45 failures more, testTimeFields(org.joda.time.chrono.TestJulianChronology): expected:<clockhourOfDay> but was:<era>-, ...and 45 failures more, testTimeFields(org.joda.time.chrono.TestISOChronology): expected:<clockhourOfDay> but was:<era>-, ...and 45 failures more, testTimeFields(org.joda.time.chrono.TestBuddhistChronology): expected:<clockhourOfDay> but was:<era>-, ...and 45 failures more, testTimeFields(org.joda.time.chrono.TestCopticChronology): expected:<clockhourOfDay> but was:<era>-, ...and 45 failures more, testTimeFields(org.joda.time.chrono.TestEthiopicChronology): expected:<clockhourOfDay> but was:<era>-, ...and 45 failures more, testTimeFields(org.joda.time.chrono.TestGJChronology): expected:<clockhourOfDay> but was:<era>-, ...and 45 failures more, testTimeFields(org.joda.time.chrono.TestGregorianChronology): expected:<clockhourOfDay> but was:<era>-, ...and 45 failures more, testTimeFields(org.joda.time.chrono.TestISOChronology): expected:<clockhourOfDay> but was:<era>-, ...and 45 failures more, testTimeFields(org.joda.time.chrono.TestIslamicChronology): expected:<clockhourOfDay> but was:<era>-, ...and 45 failures more, testTimeFields(org.joda.time.chrono.TestJulianChronology): expected:<clockhourOfDay> but was:<era>-, ...and 45 failures more, warning(junit.framework.TestSuite$1): Class org.joda.time.chrono.gj.MainTest has no public constructor TestCase(String name) or TestCase()-, ...and 45 failures more, testFormat_clockhourOfDay(org.joda.time.format.TestDateTimeFormat): 2004-06-09T10:20:30.040Z expected:<10> but was:<1>-, ...and 45 failures more, testFormat_clockhourOfDay(org.joda.time.format.TestDateTimeFormat): 2004-06-09T10:20:30.040Z expected:<10> but was:<1>-, ...and 45 failures more]|
evo_regression: |false|1|29|[test15(org.joda.time.DateTimeFieldType_ESTest): expected:<clockhourOfDay> but was:<era>-]|
 ----
ProgramVariant 10128
 
time(sec)= 3893
operation: ReplaceOp
location= org.joda.time.field.ZeroIsMaxDateTimeField
line= 148
lineSuspiciousness= 0.274
original statement= return (getWrappedField().getMaximumValue()) + 1
fixed statement= return getMinimumValue()
generation= 5064
ingredientScope= PACKAGE
validation=
failing: |true|0|69|[]|
manual_regression: |false|27|12047|[testGet_DateTimeFieldType(org.joda.time.TestInstant_Basics): expected:<24> but was:<1>-, testGet_DateTimeField(org.joda.time.TestDateMidnight_Basics): expected:<24> but was:<1>-, testGet_DateTimeFieldType(org.joda.time.TestDateMidnight_Basics): expected:<24> but was:<1>-, testGet_DateTimeFieldType(org.joda.time.TestLocalDateTime_Basics): expected:<12> but was:<1>-, testGet_DateTimeFieldType(org.joda.time.TestLocalTime_Basics): expected:<12> but was:<1>-, testGet_DateTimeFieldType(org.joda.time.TestInstant_Basics): expected:<24> but was:<1>-, testGet_DateTimeField(org.joda.time.TestDateMidnight_Basics): expected:<24> but was:<1>-, testGet_DateTimeFieldType(org.joda.time.TestDateMidnight_Basics): expected:<24> but was:<1>-, testGet_DateTimeFieldType(org.joda.time.TestLocalDateTime_Basics): expected:<12> but was:<1>-, testGet_DateTimeFieldType(org.joda.time.TestLocalTime_Basics): expected:<12> but was:<1>-, testFormatParse_textHalfdayAM_UK(org.joda.time.format.TestDateTimeFormat): Cannot parse "$06-PM-2007": Value 6 for clockhourOfHalfday must be in the range 1, 1-, ...and 18 failures more, testFormatParse_textHalfdayAM_France(org.joda.time.format.TestDateTimeFormat): Cannot parse "$06-PM-2007": Value 6 for clockhourOfHalfday must be in the range 1, 1-, ...and 18 failures more, testFormat_clockhourOfHalfday(org.joda.time.format.TestDateTimeFormat): 2004-06-09T00:00:00.000Z expected:<12> but was:<1>-, ...and 18 failures more, testFormat_clockhourOfDay(org.joda.time.format.TestDateTimeFormat): 2004-06-09T00:00:00.000Z expected:<24> but was:<1>-, ...and 18 failures more, testGet_DateTimeField(org.joda.time.TestDateMidnight_Basics): expected:<24> but was:<1>-, ...and 18 failures more, testGet_DateTimeFieldType(org.joda.time.TestDateMidnight_Basics): expected:<24> but was:<1>-, ...and 18 failures more, testGet_DateTimeFieldType(org.joda.time.TestInstant_Basics): expected:<24> but was:<1>-, ...and 18 failures more, testGet_DateTimeFieldType(org.joda.time.TestLocalDateTime_Basics): expected:<12> but was:<1>-, ...and 18 failures more, testGet_DateTimeFieldType(org.joda.time.TestLocalTime_Basics): expected:<12> but was:<1>-, ...and 18 failures more, warning(junit.framework.TestSuite$1): Class org.joda.time.chrono.gj.MainTest has no public constructor TestCase(String name) or TestCase()-, ...and 18 failures more, testFormatParse_textHalfdayAM_UK(org.joda.time.format.TestDateTimeFormat): Cannot parse "$06-PM-2007": Value 6 for clockhourOfHalfday must be in the range 1, 1-, ...and 18 failures more, testFormatParse_textHalfdayAM_France(org.joda.time.format.TestDateTimeFormat): Cannot parse "$06-PM-2007": Value 6 for clockhourOfHalfday must be in the range 1, 1-, ...and 18 failures more, testFormat_clockhourOfHalfday(org.joda.time.format.TestDateTimeFormat): 2004-06-09T00:00:00.000Z expected:<12> but was:<1>-, ...and 18 failures more, testFormat_clockhourOfDay(org.joda.time.format.TestDateTimeFormat): 2004-06-09T00:00:00.000Z expected:<24> but was:<1>-, ...and 18 failures more, testFormatParse_textHalfdayAM_UK(org.joda.time.format.TestDateTimeFormat): Cannot parse "$06-PM-2007": Value 6 for clockhourOfHalfday must be in the range 1, 1-, ...and 18 failures more, testFormatParse_textHalfdayAM_France(org.joda.time.format.TestDateTimeFormat): Cannot parse "$06-PM-2007": Value 6 for clockhourOfHalfday must be in the range 1, 1-, ...and 18 failures more, testFormat_clockhourOfHalfday(org.joda.time.format.TestDateTimeFormat): 2004-06-09T00:00:00.000Z expected:<12> but was:<1>-, ...and 18 failures more, testFormat_clockhourOfDay(org.joda.time.format.TestDateTimeFormat): 2004-06-09T00:00:00.000Z expected:<24> but was:<1>-, ...and 18 failures more]|
evo_regression: |false|5|56|[test28(org.joda.time.field.ZeroIsMaxDateTimeField_ESTest): expected:<24> but was:<1>-, test31(org.joda.time.field.ZeroIsMaxDateTimeField_ESTest): Value 60 for era must be in the range 1, 1-, test30(org.joda.time.field.ZeroIsMaxDateTimeField_ESTest): expected:<24> but was:<1>-, test00(org.joda.time.field.ZeroIsMaxDateTimeField_ESTest): Value 60 for era must be in the range 1, 1-, test49(org.joda.time.field.ZeroIsMaxDateTimeField_ESTest): expected:<60001> but was:<1>-]|
 ----
ProgramVariant 10230
 
time(sec)= 3980
operation: ReplaceOp
location= org.joda.time.field.ZeroIsMaxDateTimeField
line= 148
lineSuspiciousness= 0.274
original statement= return (getWrappedField().getMaximumValue()) + 1
fixed statement= return 3
generation= 5115
ingredientScope= PACKAGE
validation=
failing: |true|0|69|[]|
manual_regression: |false|27|12047|[testGet_DateTimeFieldType(org.joda.time.TestInstant_Basics): expected:<24> but was:<3>-, testGet_DateTimeField(org.joda.time.TestDateMidnight_Basics): expected:<24> but was:<3>-, testGet_DateTimeFieldType(org.joda.time.TestDateMidnight_Basics): expected:<24> but was:<3>-, testGet_DateTimeFieldType(org.joda.time.TestLocalDateTime_Basics): expected:<12> but was:<3>-, testGet_DateTimeFieldType(org.joda.time.TestLocalTime_Basics): expected:<12> but was:<3>-, testGet_DateTimeFieldType(org.joda.time.TestInstant_Basics): expected:<24> but was:<3>-, testGet_DateTimeField(org.joda.time.TestDateMidnight_Basics): expected:<24> but was:<3>-, testGet_DateTimeFieldType(org.joda.time.TestDateMidnight_Basics): expected:<24> but was:<3>-, testGet_DateTimeFieldType(org.joda.time.TestLocalDateTime_Basics): expected:<12> but was:<3>-, testGet_DateTimeFieldType(org.joda.time.TestLocalTime_Basics): expected:<12> but was:<3>-, testFormatParse_textHalfdayAM_UK(org.joda.time.format.TestDateTimeFormat): Cannot parse "$06-PM-2007": Value 6 for clockhourOfHalfday must be in the range 1, 3-, ...and 18 failures more, testFormatParse_textHalfdayAM_France(org.joda.time.format.TestDateTimeFormat): Cannot parse "$06-PM-2007": Value 6 for clockhourOfHalfday must be in the range 1, 3-, ...and 18 failures more, testFormat_clockhourOfHalfday(org.joda.time.format.TestDateTimeFormat): 2004-06-09T00:00:00.000Z expected:<12> but was:<3>-, ...and 18 failures more, testFormat_clockhourOfDay(org.joda.time.format.TestDateTimeFormat): 2004-06-09T00:00:00.000Z expected:<24> but was:<3>-, ...and 18 failures more, testGet_DateTimeField(org.joda.time.TestDateMidnight_Basics): expected:<24> but was:<3>-, ...and 18 failures more, testGet_DateTimeFieldType(org.joda.time.TestDateMidnight_Basics): expected:<24> but was:<3>-, ...and 18 failures more, testGet_DateTimeFieldType(org.joda.time.TestInstant_Basics): expected:<24> but was:<3>-, ...and 18 failures more, testGet_DateTimeFieldType(org.joda.time.TestLocalDateTime_Basics): expected:<12> but was:<3>-, ...and 18 failures more, testGet_DateTimeFieldType(org.joda.time.TestLocalTime_Basics): expected:<12> but was:<3>-, ...and 18 failures more, warning(junit.framework.TestSuite$1): Class org.joda.time.chrono.gj.MainTest has no public constructor TestCase(String name) or TestCase()-, ...and 18 failures more, testFormatParse_textHalfdayAM_UK(org.joda.time.format.TestDateTimeFormat): Cannot parse "$06-PM-2007": Value 6 for clockhourOfHalfday must be in the range 1, 3-, ...and 18 failures more, testFormatParse_textHalfdayAM_France(org.joda.time.format.TestDateTimeFormat): Cannot parse "$06-PM-2007": Value 6 for clockhourOfHalfday must be in the range 1, 3-, ...and 18 failures more, testFormat_clockhourOfHalfday(org.joda.time.format.TestDateTimeFormat): 2004-06-09T00:00:00.000Z expected:<12> but was:<3>-, ...and 18 failures more, testFormat_clockhourOfDay(org.joda.time.format.TestDateTimeFormat): 2004-06-09T00:00:00.000Z expected:<24> but was:<3>-, ...and 18 failures more, testFormatParse_textHalfdayAM_UK(org.joda.time.format.TestDateTimeFormat): Cannot parse "$06-PM-2007": Value 6 for clockhourOfHalfday must be in the range 1, 3-, ...and 18 failures more, testFormatParse_textHalfdayAM_France(org.joda.time.format.TestDateTimeFormat): Cannot parse "$06-PM-2007": Value 6 for clockhourOfHalfday must be in the range 1, 3-, ...and 18 failures more, testFormat_clockhourOfHalfday(org.joda.time.format.TestDateTimeFormat): 2004-06-09T00:00:00.000Z expected:<12> but was:<3>-, ...and 18 failures more, testFormat_clockhourOfDay(org.joda.time.format.TestDateTimeFormat): 2004-06-09T00:00:00.000Z expected:<24> but was:<3>-, ...and 18 failures more]|
evo_regression: |false|4|56|[test28(org.joda.time.field.ZeroIsMaxDateTimeField_ESTest): expected:<24> but was:<3>-, test31(org.joda.time.field.ZeroIsMaxDateTimeField_ESTest): Value 60 for era must be in the range 1, 3-, test30(org.joda.time.field.ZeroIsMaxDateTimeField_ESTest): expected:<24> but was:<3>-, test00(org.joda.time.field.ZeroIsMaxDateTimeField_ESTest): Value 60 for era must be in the range 1, 3-]|
 ----
ProgramVariant 16430
 
time(sec)= 5548
operation: InsertAfterOp
location= org.joda.time.Partial
line= 449
lineSuspiciousness= 0.354
original statement= if ((rangeField.compareTo(loopRangeField)) > 0) {
	break;
} 
fixed statement= if ((isSupported(fieldType)) == false) {
	throw new java.lang.IllegalArgumentException((("Field '" + fieldType) + "' is not supported"));
} 
generation= 8215
ingredientScope= PACKAGE
validation=
failing: |true|0|69|[]|
manual_regression: |false|6|12047|[testIsContiguous_RP(org.joda.time.TestDateTimeUtils): Field 'dayOfWeek' is not supported-, testIsContiguous_RP_GJChronology(org.joda.time.TestDateTimeUtils): Field 'dayOfWeek' is not supported-, testIsContiguous_RP(org.joda.time.TestDateTimeUtils): Field 'dayOfWeek' is not supported-, testIsContiguous_RP_GJChronology(org.joda.time.TestDateTimeUtils): Field 'dayOfWeek' is not supported-, testIsContiguous_RP(org.joda.time.TestDateTimeUtils): Field 'dayOfWeek' is not supported-, testIsContiguous_RP_GJChronology(org.joda.time.TestDateTimeUtils): Field 'dayOfWeek' is not supported-, warning(junit.framework.TestSuite$1): Class org.joda.time.chrono.gj.MainTest has no public constructor TestCase(String name) or TestCase()-]|
evo_regression: |true|0|94|[]|
[INFO ] fr.inria.main.evolution.AstorMain.run(AstorMain.java:397) - Time Total(s): 7326.278


Node: grisou-15.nancy.grid5000.fr


Date: Thu Jan 19 23:11:34 CET 2017

removed classes 

zipped 

copied zip 


