seed AstorRun 11 
export PATH="/home/mmartinez/defects4j/framework/bin:$PATH";export JAVA_TOOL_OPTIONS=-Dfile.encoding=UTF8;export PATH="/usr/lib/jvm/java-1.7.0-openjdk-amd64/bin/:$PATH";cd /home/mmartinez/projects/math/math_80;defects4j compile;cp -r /home/mmartinez/projects/math/math_80 /tmp/math_80_Genprog_local_s1;cd /tmp/math_80_Genprog_local_s1;mkdir lib/;cp -r /home/mmartinez/defects4j/framework/projects/lib/* lib/;cp -r /home/mmartinez/defects4j/framework/projects/Math/lib/* lib/;find . -type f -name "package-info.java" -delete;
/home/mmartinez/defects4j-repair/src/python/core/../../../results/2016-june/Math/seed/11/package/80/Genprog/result
cd /tmp/math_80_Genprog_local_s1;export JAVA_TOOL_OPTIONS=-Dfile.encoding=UTF8;TZ="America/New_York"; export TZexport PATH="/usr/lib/jvm/java-1.7.0-openjdk-amd64/bin/:$PATH";time /home/mmartinez/jdk1.8.0_45/bin//java -Xmx4096m -cp /home/mmartinez/defects4j-repair/src/python/core/../../..//libs/astor.jar fr.inria.main.evolution.MainjGenProg -mode statement -location . -id Math -dependencies lib/ -failing org.apache.commons.math.linear.EigenDecompositionImplTest: -package org.apache.commons -jvm4testexecution /usr/lib/jvm/java-1.7.0-openjdk-amd64/bin/ -jvm4evosuitetestexecution /home/mmartinez/jdk1.8.0_45/bin/ -javacompliancelevel 5 -maxgen 1000000 -seed 11 -scope package -maxtime 120  -stopfirst false -population 1 -srcjavafolder src/main/java/ -srctestfolder src/test/java/ -binjavafolder target/classes/ -bintestfolder target/test-classes/ -flthreshold 0.1  -validation  fr.inria.astor.core.validation.validators.RegressionValidation  -ESParameters -Dassertion_timeout=1800:-Dminimization_timeout=1800:-Djunit_check_timeout=1800:-Dwrite_junit_timeout=300:-Dinitialization_timeout=300:-Dglobal_timeout=18000:-Dsearch_budget=100000:-Dstopping_condition=MaxStatements:-Dno_runtime_dependency=true:-Dsandbox=false:-Dp_reflection_on_private=0.0:-Dreflection_start_percent=1.0:-Dp_functional_mocking=0.0:-Dfunctional_mocking_percent=1.0:-mem=2000 -ignoredtestcases org.apache.commons.lang.LocaleUtilsTest  -excludeRegression  -maxgen 100000000 ;echo "

Node: `hostname`
";echo "
Date: `date`
"; find /tmp/math_80_Genprog_local_s1/outputMutation -name "*.class" -type f -delete;echo "removed classes 
"; find . -name bin  -type d -print0|xargs -0 rm -r --; zip -r -q out.zip /tmp/math_80_Genprog_local_s1/outputMutation; echo "zipped 
";cp out.zip /home/mmartinez/defects4j-repair/src/python/core/../../../results/2016-june/Math/seed/11/package/80/Genprog; echo "copied zip 
";rm -rf /tmp/math_80_Genprog_local_s1;

[DEBUG] fr.inria.astor.core.loop.AstorCoreEngine.showResults(AstorCoreEngine.java:136) - End Repair Loops: Found solution
[DEBUG] fr.inria.astor.core.loop.AstorCoreEngine.showResults(AstorCoreEngine.java:137) - Solution stored at: /tmp/math_80_Genprog_local_s1/./outputMutation/AstorMain-Math//src/
[DEBUG] fr.inria.astor.core.loop.AstorCoreEngine.showResults(AstorCoreEngine.java:142) - 
Number solutions:4
[DEBUG] fr.inria.astor.core.loop.AstorCoreEngine.showResults(AstorCoreEngine.java:144) - f (sol): 4.0, [Variant id: 96 (SOL) , #gens: 493, #ops: 1, parent:95]
[DEBUG] fr.inria.astor.core.loop.AstorCoreEngine.showResults(AstorCoreEngine.java:144) - f (sol): 4.0, [Variant id: 524 (SOL) , #gens: 493, #ops: 1, parent:523]
[DEBUG] fr.inria.astor.core.loop.AstorCoreEngine.showResults(AstorCoreEngine.java:144) - f (sol): 4.0, [Variant id: 616 (SOL) , #gens: 493, #ops: 1, parent:615]
[DEBUG] fr.inria.astor.core.loop.AstorCoreEngine.showResults(AstorCoreEngine.java:144) - f (sol): 4.0, [Variant id: 800 (SOL) , #gens: 493, #ops: 1, parent:799]
[DEBUG] fr.inria.astor.core.loop.AstorCoreEngine.showResults(AstorCoreEngine.java:146) - 
All variants:
[DEBUG] fr.inria.astor.core.loop.AstorCoreEngine.showResults(AstorCoreEngine.java:148) - f 1.0, [Variant id: 831, #gens: 494, #ops: 0, parent:-]
[INFO ] fr.inria.astor.core.loop.AstorCoreEngine.showResults(AstorCoreEngine.java:152) - 
Solution details
[INFO ] fr.inria.astor.core.loop.AstorCoreEngine.showResults(AstorCoreEngine.java:153) - 
 --SOLUTIONS DESCRIPTION--

 ----
ProgramVariant 96
 
time(sec)= 2455
operation: RemoveOp
location= org.apache.commons.math.linear.EigenDecompositionImpl
line= 1139
lineSuspiciousness= 1
original statement= work[(i + k)] = work[(j - k)]
fixed statement= 
generation= 48
ingredientScope= -
validation=
failing: |true|0|18|[]|
manual_regression: |true|0|2102|[]|
evo_regression: |false|4|43|[test16(org.apache.commons.math.linear.EigenDecompositionImpl_ESTest): expected:<-5.8538735893222515E19> but was:<1.89525496903936384E17>-, test26(org.apache.commons.math.linear.EigenDecompositionImpl_ESTest): expected:<-1.5726691661396038E12> but was:<1.2023472874324434E13>-, test20(org.apache.commons.math.linear.EigenDecompositionImpl_ESTest): expected:<-4.0848361709782137E24> but was:<1.5329427812180497E23>-, test22(org.apache.commons.math.linear.EigenDecompositionImpl_ESTest): expected:<-1.8535154748747246E24> but was:<3.072453452105014E24>-]|
 ----
ProgramVariant 524
 
time(sec)= 5397
operation: RemoveOp
location= org.apache.commons.math.linear.EigenDecompositionImpl
line= 1137
lineSuspiciousness= 1
original statement= for (int k = 0 ; k < 4 ; k += step) {
	final double tmp = work[(i + k)];
	work[(i + k)] = work[(j - k)];
	work[(j - k)] = tmp;
}
fixed statement= 
generation= 262
ingredientScope= -
validation=
failing: |true|0|18|[]|
manual_regression: |true|0|2102|[]|
evo_regression: |false|4|43|[test16(org.apache.commons.math.linear.EigenDecompositionImpl_ESTest): expected:<-5.8538735893222515E19> but was:<-1.5865681092942078E16>-, test26(org.apache.commons.math.linear.EigenDecompositionImpl_ESTest): expected:<-1.5726691661396038E12> but was:<-4.426447666124098E12>-, test20(org.apache.commons.math.linear.EigenDecompositionImpl_ESTest): expected:<-4.0848361709782137E24> but was:<1.5329427812180497E23>-, test22(org.apache.commons.math.linear.EigenDecompositionImpl_ESTest): expected:<-1.8535154748747246E24> but was:<-1.4757765350409552E19>-]|
 ----
ProgramVariant 616
 
time(sec)= 6274
operation: RemoveOp
location= org.apache.commons.math.linear.EigenDecompositionImpl
line= 1136
lineSuspiciousness= 1
original statement= for (int i = 0 ; i < j ; i += 4) {
	for (int k = 0 ; k < 4 ; k += step) {
		final double tmp = work[(i + k)];
		work[(i + k)] = work[(j - k)];
		work[(j - k)] = tmp;
	}
	j -= 4;
}
fixed statement= 
generation= 308
ingredientScope= -
validation=
failing: |true|0|18|[]|
manual_regression: |true|0|2102|[]|
evo_regression: |false|4|43|[test16(org.apache.commons.math.linear.EigenDecompositionImpl_ESTest): expected:<-5.8538735893222515E19> but was:<-1.5865681092942078E16>-, test26(org.apache.commons.math.linear.EigenDecompositionImpl_ESTest): expected:<-1.5726691661396038E12> but was:<-4.426447666124098E12>-, test20(org.apache.commons.math.linear.EigenDecompositionImpl_ESTest): expected:<-4.0848361709782137E24> but was:<1.5329427812180497E23>-, test22(org.apache.commons.math.linear.EigenDecompositionImpl_ESTest): expected:<-1.8535154748747246E24> but was:<-1.4757765350409552E19>-]|
 ----
ProgramVariant 800
 
time(sec)= 7164
operation: RemoveOp
location= org.apache.commons.math.linear.EigenDecompositionImpl
line= 1139
lineSuspiciousness= 1
original statement= work[(i + k)] = work[(j - k)]
fixed statement= 
generation= 400
ingredientScope= -
validation=
failing: |true|0|18|[]|
manual_regression: |true|0|2102|[]|
evo_regression: |false|4|43|[test16(org.apache.commons.math.linear.EigenDecompositionImpl_ESTest): expected:<-5.8538735893222515E19> but was:<1.89525496903936384E17>-, test26(org.apache.commons.math.linear.EigenDecompositionImpl_ESTest): expected:<-1.5726691661396038E12> but was:<1.2023472874324434E13>-, test20(org.apache.commons.math.linear.EigenDecompositionImpl_ESTest): expected:<-4.0848361709782137E24> but was:<1.5329427812180497E23>-, test22(org.apache.commons.math.linear.EigenDecompositionImpl_ESTest): expected:<-1.8535154748747246E24> but was:<3.072453452105014E24>-]|
[INFO ] fr.inria.main.evolution.AstorMain.run(AstorMain.java:397) - Time Total(s): 7575.834


Node: griffon-25.nancy.grid5000.fr


Date: Sat Jan 14 22:23:36 CET 2017

removed classes 

zipped 

copied zip 


