seed AstorRun 14 
export PATH="/home/mmartinez/defects4j/framework/bin:$PATH";export JAVA_TOOL_OPTIONS=-Dfile.encoding=UTF8;export PATH="/usr/lib/jvm/java-1.7.0-openjdk-amd64/bin/:$PATH";cd /home/mmartinez/projects/chart/chart_1;defects4j compile;cp -r /home/mmartinez/projects/chart/chart_1 /tmp/chart_1_Genprog_local_s1;cd /tmp/chart_1_Genprog_local_s1;mkdir lib/;cp -r /home/mmartinez/defects4j/framework/projects/lib/* lib/;cp -r /home/mmartinez/defects4j/framework/projects/Chart/lib/* lib/;find . -type f -name "package-info.java" -delete;
/home/mmartinez/defects4j-repair/src/python/core/../../../results/2016-june/Chart/seed/14/package/1/Genprog/result
cd /tmp/chart_1_Genprog_local_s1;export JAVA_TOOL_OPTIONS=-Dfile.encoding=UTF8;TZ="America/New_York"; export TZexport PATH="/usr/lib/jvm/java-1.7.0-openjdk-amd64/bin/:$PATH";time /home/mmartinez/jdk1.8.0_45/bin//java -Xmx4096m -cp /home/mmartinez/defects4j-repair/src/python/core/../../..//libs/astor.jar fr.inria.main.evolution.MainjGenProg -mode statement -location . -id Chart -dependencies lib/ -failing org.jfree.chart.renderer.category.junit.AbstractCategoryItemRendererTests: -package org.jfree -jvm4testexecution /usr/lib/jvm/java-1.7.0-openjdk-amd64/bin/ -jvm4evosuitetestexecution /home/mmartinez/jdk1.8.0_45/bin/ -javacompliancelevel 4 -maxgen 1000000 -seed 14 -scope package -maxtime 120  -stopfirst false -population 1 -srcjavafolder source/ -srctestfolder tests/ -binjavafolder build/ -bintestfolder build-tests/ -flthreshold 0.1  -validation  fr.inria.astor.core.validation.validators.RegressionValidation  -ESParameters -Dassertion_timeout=1800:-Dminimization_timeout=1800:-Djunit_check_timeout=1800:-Dwrite_junit_timeout=300:-Dinitialization_timeout=300:-Dglobal_timeout=18000:-Dsearch_budget=100000:-Dstopping_condition=MaxStatements:-Dno_runtime_dependency=true:-Dsandbox=false:-Dp_reflection_on_private=0.0:-Dreflection_start_percent=1.0:-Dp_functional_mocking=0.0:-Dfunctional_mocking_percent=1.0:-mem=2000 -ignoredtestcases org.apache.commons.lang.LocaleUtilsTest  -excludeRegression  -maxgen 100000000 ;echo "

Node: `hostname`
";echo "
Date: `date`
"; find /tmp/chart_1_Genprog_local_s1/outputMutation -name "*.class" -type f -delete;echo "removed classes 
"; find . -name bin  -type d -print0|xargs -0 rm -r --; zip -r -q out.zip /tmp/chart_1_Genprog_local_s1/outputMutation; echo "zipped 
";cp out.zip /home/mmartinez/defects4j-repair/src/python/core/../../../results/2016-june/Chart/seed/14/package/1/Genprog; echo "copied zip 
";rm -rf /tmp/chart_1_Genprog_local_s1;

[DEBUG] fr.inria.astor.core.loop.AstorCoreEngine.showResults(AstorCoreEngine.java:136) - End Repair Loops: Found solution
[DEBUG] fr.inria.astor.core.loop.AstorCoreEngine.showResults(AstorCoreEngine.java:137) - Solution stored at: /tmp/chart_1_Genprog_local_s1/./outputMutation/AstorMain-Chart//src/
[DEBUG] fr.inria.astor.core.loop.AstorCoreEngine.showResults(AstorCoreEngine.java:142) - 
Number solutions:9
[DEBUG] fr.inria.astor.core.loop.AstorCoreEngine.showResults(AstorCoreEngine.java:144) - f (sol): 0.0, [Variant id: 104 (SOL) , #gens: 30, #ops: 1, parent:103]
[DEBUG] fr.inria.astor.core.loop.AstorCoreEngine.showResults(AstorCoreEngine.java:144) - f (sol): 0.0, [Variant id: 894 (SOL) , #gens: 30, #ops: 1, parent:893]
[DEBUG] fr.inria.astor.core.loop.AstorCoreEngine.showResults(AstorCoreEngine.java:144) - f (sol): 0.0, [Variant id: 1112 (SOL) , #gens: 31, #ops: 1, parent:1111]
[DEBUG] fr.inria.astor.core.loop.AstorCoreEngine.showResults(AstorCoreEngine.java:144) - f (sol): 0.0, [Variant id: 1202 (SOL) , #gens: 30, #ops: 1, parent:1201]
[DEBUG] fr.inria.astor.core.loop.AstorCoreEngine.showResults(AstorCoreEngine.java:144) - f (sol): 0.0, [Variant id: 1252 (SOL) , #gens: 30, #ops: 1, parent:1251]
[DEBUG] fr.inria.astor.core.loop.AstorCoreEngine.showResults(AstorCoreEngine.java:144) - f (sol): 0.0, [Variant id: 1260 (SOL) , #gens: 30, #ops: 1, parent:1259]
[DEBUG] fr.inria.astor.core.loop.AstorCoreEngine.showResults(AstorCoreEngine.java:144) - f (sol): 0.0, [Variant id: 1382 (SOL) , #gens: 30, #ops: 1, parent:1381]
[DEBUG] fr.inria.astor.core.loop.AstorCoreEngine.showResults(AstorCoreEngine.java:144) - f (sol): 0.0, [Variant id: 1520 (SOL) , #gens: 30, #ops: 1, parent:1519]
[DEBUG] fr.inria.astor.core.loop.AstorCoreEngine.showResults(AstorCoreEngine.java:144) - f (sol): 0.0, [Variant id: 1816 (SOL) , #gens: 31, #ops: 1, parent:1815]
[DEBUG] fr.inria.astor.core.loop.AstorCoreEngine.showResults(AstorCoreEngine.java:146) - 
All variants:
[DEBUG] fr.inria.astor.core.loop.AstorCoreEngine.showResults(AstorCoreEngine.java:148) - f 1.0, [Variant id: 1817, #gens: 31, #ops: 0, parent:-]
[INFO ] fr.inria.astor.core.loop.AstorCoreEngine.showResults(AstorCoreEngine.java:152) - 
Solution details
[INFO ] fr.inria.astor.core.loop.AstorCoreEngine.showResults(AstorCoreEngine.java:153) - 
 --SOLUTIONS DESCRIPTION--

 ----
ProgramVariant 104
 
time(sec)= 717
operation: RemoveOp
location= org.jfree.chart.renderer.category.AbstractCategoryItemRenderer
line= 1798
lineSuspiciousness= 0.162
original statement= return result
fixed statement= 
generation= 52
ingredientScope= -
validation=
failing: |true|0|10|[]|
manual_regression: |true|0|4402|[]|
evo_regression: |true|0|97|[]|
 ----
ProgramVariant 894
 
time(sec)= 3880
operation: RemoveOp
location= org.jfree.chart.renderer.category.AbstractCategoryItemRenderer
line= 1797
lineSuspiciousness= 0.162
original statement= if (dataset != null) {
	return result;
} 
fixed statement= 
generation= 447
ingredientScope= -
validation=
failing: |true|0|10|[]|
manual_regression: |true|0|4402|[]|
evo_regression: |true|0|97|[]|
 ----
ProgramVariant 1112
 
time(sec)= 4860
operation: ReplaceOp
location= org.jfree.chart.renderer.category.AbstractCategoryItemRenderer
line= 1797
lineSuspiciousness= 0.162
original statement= if (dataset != null) {
	return result;
} 
fixed statement= if (plot == null) {
	throw new java.lang.IllegalArgumentException("Null 'plot' argument.");
} 
generation= 556
ingredientScope= LOCAL
validation=
failing: |true|0|10|[]|
manual_regression: |true|0|4402|[]|
evo_regression: |true|0|97|[]|
 ----
ProgramVariant 1202
 
time(sec)= 5165
operation: RemoveOp
location= org.jfree.chart.renderer.category.AbstractCategoryItemRenderer
line= 1797
lineSuspiciousness= 0.162
original statement= if (dataset != null) {
	return result;
} 
fixed statement= 
generation= 601
ingredientScope= -
validation=
failing: |true|0|10|[]|
manual_regression: |true|0|4402|[]|
evo_regression: |true|0|97|[]|
 ----
ProgramVariant 1252
 
time(sec)= 5409
operation: RemoveOp
location= org.jfree.chart.renderer.category.AbstractCategoryItemRenderer
line= 1798
lineSuspiciousness= 0.162
original statement= return result
fixed statement= 
generation= 626
ingredientScope= -
validation=
failing: |true|0|10|[]|
manual_regression: |true|0|4402|[]|
evo_regression: |true|0|97|[]|
 ----
ProgramVariant 1260
 
time(sec)= 5520
operation: RemoveOp
location= org.jfree.chart.renderer.category.AbstractCategoryItemRenderer
line= 1797
lineSuspiciousness= 0.162
original statement= if (dataset != null) {
	return result;
} 
fixed statement= 
generation= 630
ingredientScope= -
validation=
failing: |true|0|10|[]|
manual_regression: |true|0|4402|[]|
evo_regression: |true|0|97|[]|
 ----
ProgramVariant 1382
 
time(sec)= 5874
operation: RemoveOp
location= org.jfree.chart.renderer.category.AbstractCategoryItemRenderer
line= 1797
lineSuspiciousness= 0.162
original statement= if (dataset != null) {
	return result;
} 
fixed statement= 
generation= 691
ingredientScope= -
validation=
failing: |true|0|10|[]|
manual_regression: |true|0|4402|[]|
evo_regression: |true|0|97|[]|
 ----
ProgramVariant 1520
 
time(sec)= 6409
operation: RemoveOp
location= org.jfree.chart.renderer.category.AbstractCategoryItemRenderer
line= 1797
lineSuspiciousness= 0.162
original statement= if (dataset != null) {
	return result;
} 
fixed statement= 
generation= 760
ingredientScope= -
validation=
failing: |true|0|10|[]|
manual_regression: |true|0|4402|[]|
evo_regression: |true|0|97|[]|
 ----
ProgramVariant 1816
 
time(sec)= 7327
operation: ReplaceOp
location= org.jfree.chart.renderer.category.AbstractCategoryItemRenderer
line= 1797
lineSuspiciousness= 0.162
original statement= if (dataset != null) {
	return result;
} 
fixed statement= if (dataset != null) {
	org.jfree.chart.renderer.category.AbstractCategoryItemRenderer.this.rowCount = dataset.getRowCount();
	org.jfree.chart.renderer.category.AbstractCategoryItemRenderer.this.columnCount = dataset.getColumnCount();
} else {
	org.jfree.chart.renderer.category.AbstractCategoryItemRenderer.this.rowCount = 0;
	org.jfree.chart.renderer.category.AbstractCategoryItemRenderer.this.columnCount = 0;
}
generation= 908
ingredientScope= LOCAL
validation=
failing: |true|0|10|[]|
manual_regression: |true|0|4402|[]|
evo_regression: |true|0|97|[]|
[INFO ] fr.inria.main.evolution.AstorMain.run(AstorMain.java:397) - Time Total(s): 8076.765


Node: graphene-85.nancy.grid5000.fr


Date: Mon Jan 16 05:05:22 CET 2017

removed classes 

zipped 

copied zip 


