seed AstorRun 12 
export PATH="/home/mmartinez/defects4j/framework/bin:$PATH";export JAVA_TOOL_OPTIONS=-Dfile.encoding=UTF8;export PATH="/usr/lib/jvm/java-1.7.0-openjdk-amd64/bin/:$PATH";cd /home/mmartinez/projects/math/math_95;defects4j compile;cp -r /home/mmartinez/projects/math/math_95 /tmp/math_95_Genprog_local_s1;cd /tmp/math_95_Genprog_local_s1;mkdir lib/;cp -r /home/mmartinez/defects4j/framework/projects/lib/* lib/;cp -r /home/mmartinez/defects4j/framework/projects/Math/lib/* lib/;find . -type f -name "package-info.java" -delete;
/home/mmartinez/defects4j-repair/src/python/core/../../../results/2016-june/Math/seed/12/package/95/Genprog/result
cd /tmp/math_95_Genprog_local_s1;export JAVA_TOOL_OPTIONS=-Dfile.encoding=UTF8;TZ="America/New_York"; export TZexport PATH="/usr/lib/jvm/java-1.7.0-openjdk-amd64/bin/:$PATH";time /home/mmartinez/jdk1.8.0_45/bin//java -Xmx4096m -cp /home/mmartinez/defects4j-repair/src/python/core/../../..//libs/astor.jar fr.inria.main.evolution.MainjGenProg -mode statement -location . -id Math -dependencies lib/ -failing org.apache.commons.math.distribution.FDistributionTest: -package org.apache.commons -jvm4testexecution /usr/lib/jvm/java-1.7.0-openjdk-amd64/bin/ -jvm4evosuitetestexecution /home/mmartinez/jdk1.8.0_45/bin/ -javacompliancelevel 6 -maxgen 1000000 -seed 12 -scope package -maxtime 120  -stopfirst false -population 1 -srcjavafolder src/java/ -srctestfolder src/test/ -binjavafolder target/classes/ -bintestfolder target/test-classes/ -flthreshold 0.1  -validation  fr.inria.astor.core.validation.validators.RegressionValidation  -ESParameters -Dassertion_timeout=1800:-Dminimization_timeout=1800:-Djunit_check_timeout=1800:-Dwrite_junit_timeout=300:-Dinitialization_timeout=300:-Dglobal_timeout=18000:-Dsearch_budget=100000:-Dstopping_condition=MaxStatements:-Dno_runtime_dependency=true:-Dsandbox=false:-Dp_reflection_on_private=0.0:-Dreflection_start_percent=1.0:-Dp_functional_mocking=0.0:-Dfunctional_mocking_percent=1.0:-mem=2000 -ignoredtestcases org.apache.commons.lang.LocaleUtilsTest  -excludeRegression  -maxgen 100000000 ;echo "

Node: `hostname`
";echo "
Date: `date`
"; find /tmp/math_95_Genprog_local_s1/outputMutation -name "*.class" -type f -delete;echo "removed classes 
"; find . -name bin  -type d -print0|xargs -0 rm -r --; zip -r -q out.zip /tmp/math_95_Genprog_local_s1/outputMutation; echo "zipped 
";cp out.zip /home/mmartinez/defects4j-repair/src/python/core/../../../results/2016-june/Math/seed/12/package/95/Genprog; echo "copied zip 
";rm -rf /tmp/math_95_Genprog_local_s1;

[DEBUG] fr.inria.astor.core.loop.AstorCoreEngine.showResults(AstorCoreEngine.java:136) - End Repair Loops: Found solution
[DEBUG] fr.inria.astor.core.loop.AstorCoreEngine.showResults(AstorCoreEngine.java:137) - Solution stored at: /tmp/math_95_Genprog_local_s1/./outputMutation/AstorMain-Math//src/
[DEBUG] fr.inria.astor.core.loop.AstorCoreEngine.showResults(AstorCoreEngine.java:142) - 
Number solutions:10
[DEBUG] fr.inria.astor.core.loop.AstorCoreEngine.showResults(AstorCoreEngine.java:144) - f (sol): 1.0, [Variant id: 660 (SOL) , #gens: 30, #ops: 1, parent:659]
[DEBUG] fr.inria.astor.core.loop.AstorCoreEngine.showResults(AstorCoreEngine.java:144) - f (sol): 2.0, [Variant id: 750 (SOL) , #gens: 30, #ops: 1, parent:749]
[DEBUG] fr.inria.astor.core.loop.AstorCoreEngine.showResults(AstorCoreEngine.java:144) - f (sol): 1.0, [Variant id: 1180 (SOL) , #gens: 30, #ops: 1, parent:1179]
[DEBUG] fr.inria.astor.core.loop.AstorCoreEngine.showResults(AstorCoreEngine.java:144) - f (sol): 1.0, [Variant id: 1614 (SOL) , #gens: 30, #ops: 1, parent:1613]
[DEBUG] fr.inria.astor.core.loop.AstorCoreEngine.showResults(AstorCoreEngine.java:144) - f (sol): 1.0, [Variant id: 1622 (SOL) , #gens: 30, #ops: 1, parent:1621]
[DEBUG] fr.inria.astor.core.loop.AstorCoreEngine.showResults(AstorCoreEngine.java:144) - f (sol): 1.0, [Variant id: 1800 (SOL) , #gens: 30, #ops: 1, parent:1799]
[DEBUG] fr.inria.astor.core.loop.AstorCoreEngine.showResults(AstorCoreEngine.java:144) - f (sol): 1.0, [Variant id: 1926 (SOL) , #gens: 30, #ops: 1, parent:1925]
[DEBUG] fr.inria.astor.core.loop.AstorCoreEngine.showResults(AstorCoreEngine.java:144) - f (sol): 1.0, [Variant id: 2214 (SOL) , #gens: 30, #ops: 1, parent:2213]
[DEBUG] fr.inria.astor.core.loop.AstorCoreEngine.showResults(AstorCoreEngine.java:144) - f (sol): 1.0, [Variant id: 3626 (SOL) , #gens: 31, #ops: 1, parent:3625]
[DEBUG] fr.inria.astor.core.loop.AstorCoreEngine.showResults(AstorCoreEngine.java:144) - f (sol): 2.0, [Variant id: 4906 (SOL) , #gens: 31, #ops: 1, parent:4905]
[DEBUG] fr.inria.astor.core.loop.AstorCoreEngine.showResults(AstorCoreEngine.java:146) - 
All variants:
[DEBUG] fr.inria.astor.core.loop.AstorCoreEngine.showResults(AstorCoreEngine.java:148) - f 1.0, [Variant id: 5081, #gens: 30, #ops: 0, parent:-]
[INFO ] fr.inria.astor.core.loop.AstorCoreEngine.showResults(AstorCoreEngine.java:152) - 
Solution details
[INFO ] fr.inria.astor.core.loop.AstorCoreEngine.showResults(AstorCoreEngine.java:153) - 
 --SOLUTIONS DESCRIPTION--

 ----
ProgramVariant 660
 
time(sec)= 1362
operation: ReplaceOp
location= org.apache.commons.math.distribution.FDistributionImpl
line= 148
lineSuspiciousness= 0.258
original statement= return ret
fixed statement= return denominatorDegreesOfFreedom
generation= 330
ingredientScope= LOCAL
validation=
failing: |true|0|9|[]|
manual_regression: |true|0|1298|[warning(junit.framework.TestSuite$1): Class org.apache.commons.math.ode.nonstiff.StepInterpolatorAbstractTest has no public constructor TestCase(String name) or TestCase()-]|
evo_regression: |false|1|18|[test02(org.apache.commons.math.distribution.FDistributionImpl_ESTest): expected:<1.0012192184303985> but was:<1642.3951499866528>-]|
 ----
ProgramVariant 750
 
time(sec)= 1819
operation: ReplaceOp
location= org.apache.commons.math.distribution.FDistributionImpl
line= 147
lineSuspiciousness= 0.258
original statement= ret = d / (d - 2.0)
fixed statement= ret = 0.5
generation= 375
ingredientScope= PACKAGE
validation=
failing: |true|0|9|[]|
manual_regression: |true|0|1298|[warning(junit.framework.TestSuite$1): Class org.apache.commons.math.ode.nonstiff.StepInterpolatorAbstractTest has no public constructor TestCase(String name) or TestCase()-]|
evo_regression: |false|2|18|[test03(org.apache.commons.math.distribution.FDistributionImpl_ESTest): expected:<-2.043422014388491E-28> but was:<0.5>-, test02(org.apache.commons.math.distribution.FDistributionImpl_ESTest): expected:<1.0012192184303985> but was:<0.5>-]|
 ----
ProgramVariant 1180
 
time(sec)= 2715
operation: ReplaceOp
location= org.apache.commons.math.distribution.FDistributionImpl
line= 148
lineSuspiciousness= 0.258
original statement= return ret
fixed statement= return 0
generation= 590
ingredientScope= PACKAGE
validation=
failing: |true|0|9|[]|
manual_regression: |true|0|1298|[warning(junit.framework.TestSuite$1): Class org.apache.commons.math.ode.nonstiff.StepInterpolatorAbstractTest has no public constructor TestCase(String name) or TestCase()-]|
evo_regression: |false|1|18|[test02(org.apache.commons.math.distribution.FDistributionImpl_ESTest): expected:<1.0012192184303985> but was:<0.0>-]|
 ----
ProgramVariant 1614
 
time(sec)= 3393
operation: ReplaceOp
location= org.apache.commons.math.distribution.FDistributionImpl
line= 147
lineSuspiciousness= 0.258
original statement= ret = d / (d - 2.0)
fixed statement= ret = 0.0
generation= 807
ingredientScope= PACKAGE
validation=
failing: |true|0|9|[]|
manual_regression: |true|0|1298|[warning(junit.framework.TestSuite$1): Class org.apache.commons.math.ode.nonstiff.StepInterpolatorAbstractTest has no public constructor TestCase(String name) or TestCase()-]|
evo_regression: |false|1|18|[test02(org.apache.commons.math.distribution.FDistributionImpl_ESTest): expected:<1.0012192184303985> but was:<0.0>-]|
 ----
ProgramVariant 1622
 
time(sec)= 3465
operation: ReplaceOp
location= org.apache.commons.math.distribution.FDistributionImpl
line= 147
lineSuspiciousness= 0.258
original statement= ret = d / (d - 2.0)
fixed statement= ret = 1.0
generation= 811
ingredientScope= PACKAGE
validation=
failing: |true|0|9|[]|
manual_regression: |true|0|1298|[warning(junit.framework.TestSuite$1): Class org.apache.commons.math.ode.nonstiff.StepInterpolatorAbstractTest has no public constructor TestCase(String name) or TestCase()-]|
evo_regression: |false|1|18|[test03(org.apache.commons.math.distribution.FDistributionImpl_ESTest): expected:<-2.043422014388491E-28> but was:<1.0>-]|
 ----
ProgramVariant 1800
 
time(sec)= 4162
operation: ReplaceOp
location= org.apache.commons.math.distribution.FDistributionImpl
line= 148
lineSuspiciousness= 0.258
original statement= return ret
fixed statement= return 1
generation= 900
ingredientScope= PACKAGE
validation=
failing: |true|0|9|[]|
manual_regression: |true|0|1298|[warning(junit.framework.TestSuite$1): Class org.apache.commons.math.ode.nonstiff.StepInterpolatorAbstractTest has no public constructor TestCase(String name) or TestCase()-]|
evo_regression: |false|1|18|[test03(org.apache.commons.math.distribution.FDistributionImpl_ESTest): expected:<-2.043422014388491E-28> but was:<1.0>-]|
 ----
ProgramVariant 1926
 
time(sec)= 4495
operation: ReplaceOp
location= org.apache.commons.math.distribution.FDistributionImpl
line= 148
lineSuspiciousness= 0.258
original statement= return ret
fixed statement= return numeratorDegreesOfFreedom
generation= 963
ingredientScope= LOCAL
validation=
failing: |true|0|9|[]|
manual_regression: |true|0|1298|[warning(junit.framework.TestSuite$1): Class org.apache.commons.math.ode.nonstiff.StepInterpolatorAbstractTest has no public constructor TestCase(String name) or TestCase()-]|
evo_regression: |false|1|18|[test02(org.apache.commons.math.distribution.FDistributionImpl_ESTest): expected:<1.0012192184303985> but was:<1642.3951499866528>-]|
 ----
ProgramVariant 2214
 
time(sec)= 4729
operation: ReplaceOp
location= org.apache.commons.math.distribution.FDistributionImpl
line= 148
lineSuspiciousness= 0.258
original statement= return ret
fixed statement= return java.lang.Double.MIN_VALUE
generation= 1107
ingredientScope= PACKAGE
validation=
failing: |true|0|9|[]|
manual_regression: |true|0|1298|[warning(junit.framework.TestSuite$1): Class org.apache.commons.math.ode.nonstiff.StepInterpolatorAbstractTest has no public constructor TestCase(String name) or TestCase()-]|
evo_regression: |false|1|18|[test02(org.apache.commons.math.distribution.FDistributionImpl_ESTest): expected:<1.0012192184303985> but was:<4.9E-324>-]|
 ----
ProgramVariant 3626
 
time(sec)= 6138
operation: InsertBeforeOp
location= org.apache.commons.math.distribution.FDistributionImpl
line= 148
lineSuspiciousness= 0.258
original statement= return ret
fixed statement= ret = 1.0
generation= 1813
ingredientScope= PACKAGE
validation=
failing: |true|0|9|[]|
manual_regression: |true|0|1298|[warning(junit.framework.TestSuite$1): Class org.apache.commons.math.ode.nonstiff.StepInterpolatorAbstractTest has no public constructor TestCase(String name) or TestCase()-]|
evo_regression: |false|1|18|[test03(org.apache.commons.math.distribution.FDistributionImpl_ESTest): expected:<-2.043422014388491E-28> but was:<1.0>-]|
 ----
ProgramVariant 4906
 
time(sec)= 7189
operation: InsertBeforeOp
location= org.apache.commons.math.distribution.FDistributionImpl
line= 148
lineSuspiciousness= 0.258
original statement= return ret
fixed statement= ret = 0.5
generation= 2453
ingredientScope= PACKAGE
validation=
failing: |true|0|9|[]|
manual_regression: |true|0|1298|[warning(junit.framework.TestSuite$1): Class org.apache.commons.math.ode.nonstiff.StepInterpolatorAbstractTest has no public constructor TestCase(String name) or TestCase()-]|
evo_regression: |false|2|18|[test03(org.apache.commons.math.distribution.FDistributionImpl_ESTest): expected:<-2.043422014388491E-28> but was:<0.5>-, test02(org.apache.commons.math.distribution.FDistributionImpl_ESTest): expected:<1.0012192184303985> but was:<0.5>-]|
[INFO ] fr.inria.main.evolution.AstorMain.run(AstorMain.java:397) - Time Total(s): 7356.888


Node: grisou-12.nancy.grid5000.fr


Date: Sat Jan 14 11:14:26 CET 2017

removed classes 

zipped 

copied zip 


