seed AstorRun 28 
export PATH="/home/mmartinez/defects4j/framework/bin:$PATH";export JAVA_TOOL_OPTIONS=-Dfile.encoding=UTF8;export PATH="/usr/lib/jvm/java-1.7.0-openjdk-amd64/bin/:$PATH";cd /home/mmartinez/projects/math/math_78;defects4j compile;cp -r /home/mmartinez/projects/math/math_78 /tmp/math_78_Genprog_local_s1;cd /tmp/math_78_Genprog_local_s1;mkdir lib/;cp -r /home/mmartinez/defects4j/framework/projects/lib/* lib/;cp -r /home/mmartinez/defects4j/framework/projects/Math/lib/* lib/;find . -type f -name "package-info.java" -delete;
/home/mmartinez/defects4j-repair/src/python/core/../../../results/2016-june/Math/seed/28/package/78/Genprog/result
cd /tmp/math_78_Genprog_local_s1;export JAVA_TOOL_OPTIONS=-Dfile.encoding=UTF8;TZ="America/New_York"; export TZexport PATH="/usr/lib/jvm/java-1.7.0-openjdk-amd64/bin/:$PATH";time /home/mmartinez/jdk1.8.0_45/bin//java -Xmx4096m -cp /home/mmartinez/defects4j-repair/src/python/core/../../..//libs/astor.jar fr.inria.main.evolution.MainjGenProg -mode statement -location . -id Math -dependencies lib/ -failing org.apache.commons.math.ode.events.EventStateTest: -package org.apache.commons -jvm4testexecution /usr/lib/jvm/java-1.7.0-openjdk-amd64/bin/ -jvm4evosuitetestexecution /home/mmartinez/jdk1.8.0_45/bin/ -javacompliancelevel 5 -maxgen 1000000 -seed 28 -scope package -maxtime 120  -stopfirst false -population 1 -srcjavafolder src/main/java/ -srctestfolder src/test/java/ -binjavafolder target/classes/ -bintestfolder target/test-classes/ -flthreshold 0.1  -validation  fr.inria.astor.core.validation.validators.RegressionValidation  -ESParameters -Dassertion_timeout=1800:-Dminimization_timeout=1800:-Djunit_check_timeout=1800:-Dwrite_junit_timeout=300:-Dinitialization_timeout=300:-Dglobal_timeout=18000:-Dsearch_budget=100000:-Dstopping_condition=MaxStatements:-Dno_runtime_dependency=true:-Dsandbox=false:-Dp_reflection_on_private=0.0:-Dreflection_start_percent=1.0:-Dp_functional_mocking=0.0:-Dfunctional_mocking_percent=1.0:-mem=2000 -testbystep  -ignoredtestcases org.apache.commons.lang.LocaleUtilsTest  -excludeRegression  -maxgen 100000000 ;echo "

Node: `hostname`
";echo "
Date: `date`
"; find /tmp/math_78_Genprog_local_s1/outputMutation -name "*.class" -type f -delete;echo "removed classes 
"; find . -name bin  -type d -print0|xargs -0 rm -r --; zip -r -q out.zip /tmp/math_78_Genprog_local_s1/outputMutation; echo "zipped 
";cp out.zip /home/mmartinez/defects4j-repair/src/python/core/../../../results/2016-june/Math/seed/28/package/78/Genprog; echo "copied zip 
";rm -rf /tmp/math_78_Genprog_local_s1;

[DEBUG] fr.inria.astor.core.loop.AstorCoreEngine.showResults(AstorCoreEngine.java:136) - End Repair Loops: Found solution
[DEBUG] fr.inria.astor.core.loop.AstorCoreEngine.showResults(AstorCoreEngine.java:137) - Solution stored at: /tmp/math_78_Genprog_local_s1/./outputMutation/AstorMain-Math//src/
[DEBUG] fr.inria.astor.core.loop.AstorCoreEngine.showResults(AstorCoreEngine.java:142) - 
Number solutions:56
[DEBUG] fr.inria.astor.core.loop.AstorCoreEngine.showResults(AstorCoreEngine.java:144) - f (sol): 9.0, [Variant id: 30 (SOL) , #gens: 62, #ops: 1, parent:29]
[DEBUG] fr.inria.astor.core.loop.AstorCoreEngine.showResults(AstorCoreEngine.java:144) - f (sol): 1.0, [Variant id: 40 (SOL) , #gens: 64, #ops: 1, parent:39]
[DEBUG] fr.inria.astor.core.loop.AstorCoreEngine.showResults(AstorCoreEngine.java:144) - f (sol): 44.0, [Variant id: 62 (SOL) , #gens: 62, #ops: 1, parent:61]
[DEBUG] fr.inria.astor.core.loop.AstorCoreEngine.showResults(AstorCoreEngine.java:144) - f (sol): 44.0, [Variant id: 158 (SOL) , #gens: 63, #ops: 1, parent:157]
[DEBUG] fr.inria.astor.core.loop.AstorCoreEngine.showResults(AstorCoreEngine.java:144) - f (sol): 9.0, [Variant id: 190 (SOL) , #gens: 63, #ops: 1, parent:189]
[DEBUG] fr.inria.astor.core.loop.AstorCoreEngine.showResults(AstorCoreEngine.java:144) - f (sol): 7.0, [Variant id: 204 (SOL) , #gens: 62, #ops: 1, parent:203]
[DEBUG] fr.inria.astor.core.loop.AstorCoreEngine.showResults(AstorCoreEngine.java:144) - f (sol): 13.0, [Variant id: 210 (SOL) , #gens: 62, #ops: 1, parent:209]
[DEBUG] fr.inria.astor.core.loop.AstorCoreEngine.showResults(AstorCoreEngine.java:144) - f (sol): 7.0, [Variant id: 216 (SOL) , #gens: 62, #ops: 1, parent:215]
[DEBUG] fr.inria.astor.core.loop.AstorCoreEngine.showResults(AstorCoreEngine.java:144) - f (sol): 6.0, [Variant id: 236 (SOL) , #gens: 63, #ops: 1, parent:235]
[DEBUG] fr.inria.astor.core.loop.AstorCoreEngine.showResults(AstorCoreEngine.java:144) - f (sol): 7.0, [Variant id: 242 (SOL) , #gens: 64, #ops: 1, parent:241]
[DEBUG] fr.inria.astor.core.loop.AstorCoreEngine.showResults(AstorCoreEngine.java:144) - f (sol): 7.0, [Variant id: 284 (SOL) , #gens: 62, #ops: 1, parent:283]
[DEBUG] fr.inria.astor.core.loop.AstorCoreEngine.showResults(AstorCoreEngine.java:144) - f (sol): 13.0, [Variant id: 306 (SOL) , #gens: 63, #ops: 1, parent:305]
[DEBUG] fr.inria.astor.core.loop.AstorCoreEngine.showResults(AstorCoreEngine.java:144) - f (sol): 9.0, [Variant id: 324 (SOL) , #gens: 62, #ops: 1, parent:323]
[DEBUG] fr.inria.astor.core.loop.AstorCoreEngine.showResults(AstorCoreEngine.java:144) - f (sol): 7.0, [Variant id: 366 (SOL) , #gens: 62, #ops: 1, parent:365]
[DEBUG] fr.inria.astor.core.loop.AstorCoreEngine.showResults(AstorCoreEngine.java:144) - f (sol): 7.0, [Variant id: 418 (SOL) , #gens: 63, #ops: 1, parent:417]
[DEBUG] fr.inria.astor.core.loop.AstorCoreEngine.showResults(AstorCoreEngine.java:144) - f (sol): 13.0, [Variant id: 506 (SOL) , #gens: 63, #ops: 1, parent:505]
[DEBUG] fr.inria.astor.core.loop.AstorCoreEngine.showResults(AstorCoreEngine.java:144) - f (sol): 9.0, [Variant id: 512 (SOL) , #gens: 62, #ops: 1, parent:511]
[DEBUG] fr.inria.astor.core.loop.AstorCoreEngine.showResults(AstorCoreEngine.java:144) - f (sol): 8.0, [Variant id: 586 (SOL) , #gens: 62, #ops: 1, parent:585]
[DEBUG] fr.inria.astor.core.loop.AstorCoreEngine.showResults(AstorCoreEngine.java:144) - f (sol): 44.0, [Variant id: 592 (SOL) , #gens: 62, #ops: 1, parent:591]
[DEBUG] fr.inria.astor.core.loop.AstorCoreEngine.showResults(AstorCoreEngine.java:144) - f (sol): 45.0, [Variant id: 678 (SOL) , #gens: 62, #ops: 1, parent:677]
[DEBUG] fr.inria.astor.core.loop.AstorCoreEngine.showResults(AstorCoreEngine.java:144) - f (sol): 13.0, [Variant id: 718 (SOL) , #gens: 63, #ops: 1, parent:717]
[DEBUG] fr.inria.astor.core.loop.AstorCoreEngine.showResults(AstorCoreEngine.java:144) - f (sol): 13.0, [Variant id: 782 (SOL) , #gens: 62, #ops: 1, parent:781]
[DEBUG] fr.inria.astor.core.loop.AstorCoreEngine.showResults(AstorCoreEngine.java:144) - f (sol): 9.0, [Variant id: 814 (SOL) , #gens: 63, #ops: 1, parent:813]
[DEBUG] fr.inria.astor.core.loop.AstorCoreEngine.showResults(AstorCoreEngine.java:144) - f (sol): 0.0, [Variant id: 946 (SOL) , #gens: 64, #ops: 1, parent:945]
[DEBUG] fr.inria.astor.core.loop.AstorCoreEngine.showResults(AstorCoreEngine.java:144) - f (sol): 9.0, [Variant id: 1012 (SOL) , #gens: 62, #ops: 1, parent:1011]
[DEBUG] fr.inria.astor.core.loop.AstorCoreEngine.showResults(AstorCoreEngine.java:144) - f (sol): 0.0, [Variant id: 1022 (SOL) , #gens: 64, #ops: 1, parent:1021]
[DEBUG] fr.inria.astor.core.loop.AstorCoreEngine.showResults(AstorCoreEngine.java:144) - f (sol): 5.0, [Variant id: 1120 (SOL) , #gens: 63, #ops: 1, parent:1119]
[DEBUG] fr.inria.astor.core.loop.AstorCoreEngine.showResults(AstorCoreEngine.java:144) - f (sol): 7.0, [Variant id: 1176 (SOL) , #gens: 63, #ops: 1, parent:1175]
[DEBUG] fr.inria.astor.core.loop.AstorCoreEngine.showResults(AstorCoreEngine.java:144) - f (sol): 9.0, [Variant id: 1204 (SOL) , #gens: 62, #ops: 1, parent:1203]
[DEBUG] fr.inria.astor.core.loop.AstorCoreEngine.showResults(AstorCoreEngine.java:144) - f (sol): 9.0, [Variant id: 1236 (SOL) , #gens: 63, #ops: 1, parent:1235]
[DEBUG] fr.inria.astor.core.loop.AstorCoreEngine.showResults(AstorCoreEngine.java:144) - f (sol): 7.0, [Variant id: 1294 (SOL) , #gens: 63, #ops: 1, parent:1293]
[DEBUG] fr.inria.astor.core.loop.AstorCoreEngine.showResults(AstorCoreEngine.java:144) - f (sol): 7.0, [Variant id: 1434 (SOL) , #gens: 63, #ops: 1, parent:1433]
[DEBUG] fr.inria.astor.core.loop.AstorCoreEngine.showResults(AstorCoreEngine.java:144) - f (sol): 13.0, [Variant id: 1452 (SOL) , #gens: 62, #ops: 1, parent:1451]
[DEBUG] fr.inria.astor.core.loop.AstorCoreEngine.showResults(AstorCoreEngine.java:144) - f (sol): 7.0, [Variant id: 1664 (SOL) , #gens: 62, #ops: 1, parent:1663]
[DEBUG] fr.inria.astor.core.loop.AstorCoreEngine.showResults(AstorCoreEngine.java:144) - f (sol): 8.0, [Variant id: 1722 (SOL) , #gens: 63, #ops: 1, parent:1721]
[DEBUG] fr.inria.astor.core.loop.AstorCoreEngine.showResults(AstorCoreEngine.java:144) - f (sol): 8.0, [Variant id: 1790 (SOL) , #gens: 62, #ops: 1, parent:1789]
[DEBUG] fr.inria.astor.core.loop.AstorCoreEngine.showResults(AstorCoreEngine.java:144) - f (sol): 13.0, [Variant id: 1812 (SOL) , #gens: 63, #ops: 1, parent:1811]
[DEBUG] fr.inria.astor.core.loop.AstorCoreEngine.showResults(AstorCoreEngine.java:144) - f (sol): 7.0, [Variant id: 1820 (SOL) , #gens: 63, #ops: 1, parent:1819]
[DEBUG] fr.inria.astor.core.loop.AstorCoreEngine.showResults(AstorCoreEngine.java:144) - f (sol): 7.0, [Variant id: 1902 (SOL) , #gens: 62, #ops: 1, parent:1901]
[DEBUG] fr.inria.astor.core.loop.AstorCoreEngine.showResults(AstorCoreEngine.java:144) - f (sol): 13.0, [Variant id: 2032 (SOL) , #gens: 63, #ops: 1, parent:2031]
[DEBUG] fr.inria.astor.core.loop.AstorCoreEngine.showResults(AstorCoreEngine.java:144) - f (sol): 7.0, [Variant id: 2104 (SOL) , #gens: 62, #ops: 1, parent:2103]
[DEBUG] fr.inria.astor.core.loop.AstorCoreEngine.showResults(AstorCoreEngine.java:144) - f (sol): 9.0, [Variant id: 2136 (SOL) , #gens: 62, #ops: 1, parent:2135]
[DEBUG] fr.inria.astor.core.loop.AstorCoreEngine.showResults(AstorCoreEngine.java:144) - f (sol): 7.0, [Variant id: 2142 (SOL) , #gens: 63, #ops: 1, parent:2141]
[DEBUG] fr.inria.astor.core.loop.AstorCoreEngine.showResults(AstorCoreEngine.java:144) - f (sol): 0.0, [Variant id: 2198 (SOL) , #gens: 64, #ops: 1, parent:2197]
[DEBUG] fr.inria.astor.core.loop.AstorCoreEngine.showResults(AstorCoreEngine.java:144) - f (sol): 13.0, [Variant id: 2234 (SOL) , #gens: 63, #ops: 1, parent:2233]
[DEBUG] fr.inria.astor.core.loop.AstorCoreEngine.showResults(AstorCoreEngine.java:144) - f (sol): 18.0, [Variant id: 2296 (SOL) , #gens: 63, #ops: 1, parent:2295]
[DEBUG] fr.inria.astor.core.loop.AstorCoreEngine.showResults(AstorCoreEngine.java:144) - f (sol): 7.0, [Variant id: 2300 (SOL) , #gens: 62, #ops: 1, parent:2299]
[DEBUG] fr.inria.astor.core.loop.AstorCoreEngine.showResults(AstorCoreEngine.java:144) - f (sol): 44.0, [Variant id: 2308 (SOL) , #gens: 62, #ops: 1, parent:2307]
[DEBUG] fr.inria.astor.core.loop.AstorCoreEngine.showResults(AstorCoreEngine.java:144) - f (sol): 44.0, [Variant id: 2338 (SOL) , #gens: 62, #ops: 1, parent:2337]
[DEBUG] fr.inria.astor.core.loop.AstorCoreEngine.showResults(AstorCoreEngine.java:144) - f (sol): 7.0, [Variant id: 2506 (SOL) , #gens: 62, #ops: 1, parent:2505]
[DEBUG] fr.inria.astor.core.loop.AstorCoreEngine.showResults(AstorCoreEngine.java:144) - f (sol): 7.0, [Variant id: 2512 (SOL) , #gens: 62, #ops: 1, parent:2511]
[DEBUG] fr.inria.astor.core.loop.AstorCoreEngine.showResults(AstorCoreEngine.java:144) - f (sol): 7.0, [Variant id: 2526 (SOL) , #gens: 64, #ops: 1, parent:2525]
[DEBUG] fr.inria.astor.core.loop.AstorCoreEngine.showResults(AstorCoreEngine.java:144) - f (sol): 7.0, [Variant id: 2532 (SOL) , #gens: 62, #ops: 1, parent:2531]
[DEBUG] fr.inria.astor.core.loop.AstorCoreEngine.showResults(AstorCoreEngine.java:144) - f (sol): 0.0, [Variant id: 2558 (SOL) , #gens: 64, #ops: 1, parent:2557]
[DEBUG] fr.inria.astor.core.loop.AstorCoreEngine.showResults(AstorCoreEngine.java:144) - f (sol): 7.0, [Variant id: 2564 (SOL) , #gens: 64, #ops: 1, parent:2563]
[DEBUG] fr.inria.astor.core.loop.AstorCoreEngine.showResults(AstorCoreEngine.java:144) - f (sol): 13.0, [Variant id: 2574 (SOL) , #gens: 63, #ops: 1, parent:2573]
[DEBUG] fr.inria.astor.core.loop.AstorCoreEngine.showResults(AstorCoreEngine.java:146) - 
All variants:
[DEBUG] fr.inria.astor.core.loop.AstorCoreEngine.showResults(AstorCoreEngine.java:148) - f 1.0, [Variant id: 2575, #gens: 63, #ops: 0, parent:-]
[INFO ] fr.inria.astor.core.loop.AstorCoreEngine.showResults(AstorCoreEngine.java:152) - 
Solution details
[INFO ] fr.inria.astor.core.loop.AstorCoreEngine.showResults(AstorCoreEngine.java:153) - 
 --SOLUTIONS DESCRIPTION--

 ----
ProgramVariant 30
 
time(sec)= 145
operation: RemoveOp
location= org.apache.commons.math.ode.events.EventState
line= 216
lineSuspiciousness= 0.108
original statement= solver.setAbsoluteAccuracy(convergence)
fixed statement= 
generation= 15
ingredientScope= -
validation=
failing: |true|0|1|[]|
manual_regression: |false|9|2106|[testSmallStep(org.apache.commons.math.ode.FirstOrderConverterTest): null-, testDecreasingSteps(org.apache.commons.math.ode.nonstiff.ClassicalRungeKuttaIntegratorTest): null-, testUnstableDerivative(org.apache.commons.math.ode.nonstiff.DormandPrince853IntegratorTest): expected:<8.0> but was:<0.0>-, testEvents(org.apache.commons.math.ode.nonstiff.DormandPrince853IntegratorTest): null-, testDecreasingSteps(org.apache.commons.math.ode.nonstiff.GillIntegratorTest): null-, testUnstableDerivative(org.apache.commons.math.ode.nonstiff.GillIntegratorTest): expected:<8.0> but was:<7.700000249999773>-, testUnstableDerivative(org.apache.commons.math.ode.nonstiff.GraggBulirschStoerIntegratorTest): expected:<8.0> but was:<6.877740483045859>-, testDecreasingSteps(org.apache.commons.math.ode.nonstiff.MidpointIntegratorTest): null-, testDecreasingSteps(org.apache.commons.math.ode.nonstiff.ThreeEighthesIntegratorTest): null-]|
evo_regression: |true|0|22|[]|
 ----
ProgramVariant 40
 
time(sec)= 262
operation: InsertBeforeOp
location= org.apache.commons.math.ode.events.EventState
line= 174
lineSuspiciousness= 0.107
original statement= final int n = java.lang.Math.max(1, ((int)(java.lang.Math.ceil(((java.lang.Math.abs((t1 - (t0)))) / (maxCheckInterval))))))
fixed statement= final double t0 = interpolator.getPreviousTime()
generation= 20
ingredientScope= PACKAGE
validation=
failing: |true|0|1|[]|
manual_regression: |false|1|2106|[testNextPoissonConsistency(org.apache.commons.math.random.RandomDataTest): Chisquare test failed for mean = 14.0 p-value = 1.8782570560171852E-4 chisquare statistic = 28.377322208840717.]|
evo_regression: |true|0|22|[]|
 ----
ProgramVariant 62
 
time(sec)= 381
operation: RemoveOp
location= org.apache.commons.math.ode.events.EventState
line= 285
lineSuspiciousness= 0.107
original statement= t0 = t
fixed statement= 
generation= 31
ingredientScope= -
validation=
failing: |true|0|1|[]|
manual_regression: |false|44|2106|[testDecreasingSteps(org.apache.commons.math.ode.nonstiff.ClassicalRungeKuttaIntegratorTest): function values at endpoints do not have different signs.  Endpoints: 0, 5.7, Values: 21.969, 0.544-, testEvents(org.apache.commons.math.ode.nonstiff.DormandPrince54IntegratorTest): function values at endpoints do not have different signs.  Endpoints: 0, 5.165, Values: 18.004, 0.082-, testUnstableDerivative(org.apache.commons.math.ode.nonstiff.DormandPrince853IntegratorTest): function values at endpoints do not have different signs.  Endpoints: 0, 1, Values: -2, -1-, testEvents(org.apache.commons.math.ode.nonstiff.DormandPrince853IntegratorTest): function values at endpoints do not have different signs.  Endpoints: 0, 5.462, Values: 7.188, 0.37-, testDecreasingSteps(org.apache.commons.math.ode.nonstiff.GillIntegratorTest): function values at endpoints do not have different signs.  Endpoints: 0, 5.224, Values: 18.701, 0.138-, testUnstableDerivative(org.apache.commons.math.ode.nonstiff.GillIntegratorTest): function values at endpoints do not have different signs.  Endpoints: 0, 0.767, Values: -2, -1.233-, testUnstableDerivative(org.apache.commons.math.ode.nonstiff.GraggBulirschStoerIntegratorTest): function values at endpoints do not have different signs.  Endpoints: 0, 0.781, Values: -2, -1.219-, testEvents(org.apache.commons.math.ode.nonstiff.GraggBulirschStoerIntegratorTest): function values at endpoints do not have different signs.  Endpoints: 0, 1.942, Values: -5.731, -0-, testEvents(org.apache.commons.math.ode.nonstiff.HighamHall54IntegratorTest): function values at endpoints do not have different signs.  Endpoints: 0, 5.145, Values: 17.108, 0.061-, testDecreasingSteps(org.apache.commons.math.ode.nonstiff.MidpointIntegratorTest): function values at endpoints do not have different signs.  Endpoints: 0, 11.247, Values: 3.1, 0.286-, testDecreasingSteps(org.apache.commons.math.ode.nonstiff.ThreeEighthesIntegratorTest): function values at endpoints do not have different signs.  Endpoints: 0, 5.7, Values: 21.969, 0.544-]|
evo_regression: |true|0|22|[]|
 ----
ProgramVariant 158
 
time(sec)= 546
operation: ReplaceOp
location= org.apache.commons.math.ode.events.EventState
line= 285
lineSuspiciousness= 0.107
original statement= t0 = t
fixed statement= g0Positive = increasing
generation= 79
ingredientScope= LOCAL
validation=
failing: |true|0|1|[]|
manual_regression: |false|44|2106|[testDecreasingSteps(org.apache.commons.math.ode.nonstiff.ClassicalRungeKuttaIntegratorTest): function values at endpoints do not have different signs.  Endpoints: 0, 5.7, Values: 21.969, 0.544-, testEvents(org.apache.commons.math.ode.nonstiff.DormandPrince54IntegratorTest): function values at endpoints do not have different signs.  Endpoints: 0, 5.165, Values: 18.004, 0.082-, testUnstableDerivative(org.apache.commons.math.ode.nonstiff.DormandPrince853IntegratorTest): function values at endpoints do not have different signs.  Endpoints: 0, 1, Values: -2, -1-, testEvents(org.apache.commons.math.ode.nonstiff.DormandPrince853IntegratorTest): function values at endpoints do not have different signs.  Endpoints: 0, 5.462, Values: 7.188, 0.37-, testDecreasingSteps(org.apache.commons.math.ode.nonstiff.GillIntegratorTest): function values at endpoints do not have different signs.  Endpoints: 0, 5.224, Values: 18.701, 0.138-, testUnstableDerivative(org.apache.commons.math.ode.nonstiff.GillIntegratorTest): function values at endpoints do not have different signs.  Endpoints: 0, 0.767, Values: -2, -1.233-, testUnstableDerivative(org.apache.commons.math.ode.nonstiff.GraggBulirschStoerIntegratorTest): function values at endpoints do not have different signs.  Endpoints: 0, 0.781, Values: -2, -1.219-, testEvents(org.apache.commons.math.ode.nonstiff.GraggBulirschStoerIntegratorTest): function values at endpoints do not have different signs.  Endpoints: 0, 1.942, Values: -5.731, -0-, testEvents(org.apache.commons.math.ode.nonstiff.HighamHall54IntegratorTest): function values at endpoints do not have different signs.  Endpoints: 0, 5.145, Values: 17.108, 0.061-, testDecreasingSteps(org.apache.commons.math.ode.nonstiff.MidpointIntegratorTest): function values at endpoints do not have different signs.  Endpoints: 0, 11.247, Values: 3.1, 0.286-, testDecreasingSteps(org.apache.commons.math.ode.nonstiff.ThreeEighthesIntegratorTest): function values at endpoints do not have different signs.  Endpoints: 0, 5.7, Values: 21.969, 0.544-]|
evo_regression: |true|0|22|[]|
 ----
ProgramVariant 190
 
time(sec)= 672
operation: ReplaceOp
location= org.apache.commons.math.ode.events.EventState
line= 216
lineSuspiciousness= 0.108
original statement= solver.setAbsoluteAccuracy(convergence)
fixed statement= interpolator.setInterpolatedTime(tb)
generation= 95
ingredientScope= LOCAL
validation=
failing: |true|0|1|[]|
manual_regression: |false|9|2106|[testSmallStep(org.apache.commons.math.ode.FirstOrderConverterTest): null-, testDecreasingSteps(org.apache.commons.math.ode.nonstiff.ClassicalRungeKuttaIntegratorTest): null-, testUnstableDerivative(org.apache.commons.math.ode.nonstiff.DormandPrince853IntegratorTest): expected:<8.0> but was:<0.0>-, testEvents(org.apache.commons.math.ode.nonstiff.DormandPrince853IntegratorTest): null-, testDecreasingSteps(org.apache.commons.math.ode.nonstiff.GillIntegratorTest): null-, testUnstableDerivative(org.apache.commons.math.ode.nonstiff.GillIntegratorTest): expected:<8.0> but was:<7.700000249999773>-, testUnstableDerivative(org.apache.commons.math.ode.nonstiff.GraggBulirschStoerIntegratorTest): expected:<8.0> but was:<6.877740483045859>-, testDecreasingSteps(org.apache.commons.math.ode.nonstiff.MidpointIntegratorTest): null-, testDecreasingSteps(org.apache.commons.math.ode.nonstiff.ThreeEighthesIntegratorTest): null-]|
evo_regression: |true|0|22|[]|
 ----
ProgramVariant 204
 
time(sec)= 904
operation: RemoveOp
location= org.apache.commons.math.analysis.solvers.BrentSolver
line= 282
lineSuspiciousness= 0.302
original statement= delta = 0.5 * dx
fixed statement= 
generation= 102
ingredientScope= -
validation=
failing: |true|0|1|[]|
manual_regression: |false|3|2106|[testQuinticZero(org.apache.commons.math.analysis.solvers.BrentSolverTest): null-, testCumulative(org.apache.commons.math.distribution.BetaDistributionTest): Maximal number of iterations (100) exceeded-, testIllConditioned(org.apache.commons.math.optimization.general.NonLinearConjugateGradientOptimizerTest): -]|
evo_regression: |false|4|36|[test30(org.apache.commons.math.analysis.solvers.BrentSolver_ESTest): expected:<22> but was:<60>-, test01(org.apache.commons.math.analysis.solvers.BrentSolver_ESTest): Maximal number of iterations (100) exceeded-, test00(org.apache.commons.math.analysis.solvers.BrentSolver_ESTest): expected:<10> but was:<9>-, test22(org.apache.commons.math.analysis.solvers.BrentSolver_ESTest): expected:<32> but was:<35>-]|
 ----
ProgramVariant 210
 
time(sec)= 1051
operation: RemoveOp
location= org.apache.commons.math.ConvergingAlgorithmImpl
line= 78
lineSuspiciousness= 0.103
original statement= absoluteAccuracy = accuracy
fixed statement= 
generation= 105
ingredientScope= -
validation=
failing: |true|0|1|[]|
manual_regression: |false|10|2106|[testSmallStep(org.apache.commons.math.ode.FirstOrderConverterTest): null-, testDecreasingSteps(org.apache.commons.math.ode.nonstiff.ClassicalRungeKuttaIntegratorTest): null-, testUnstableDerivative(org.apache.commons.math.ode.nonstiff.DormandPrince853IntegratorTest): expected:<8.0> but was:<0.0>-, testEvents(org.apache.commons.math.ode.nonstiff.DormandPrince853IntegratorTest): null-, testDecreasingSteps(org.apache.commons.math.ode.nonstiff.GillIntegratorTest): null-, testUnstableDerivative(org.apache.commons.math.ode.nonstiff.GillIntegratorTest): expected:<8.0> but was:<7.700000249999773>-, testUnstableDerivative(org.apache.commons.math.ode.nonstiff.GraggBulirschStoerIntegratorTest): expected:<8.0> but was:<6.877740483045859>-, testDecreasingSteps(org.apache.commons.math.ode.nonstiff.MidpointIntegratorTest): null-, testDecreasingSteps(org.apache.commons.math.ode.nonstiff.ThreeEighthesIntegratorTest): null-, testQuinticMin(org.apache.commons.math.optimization.MultiStartUnivariateRealOptimizerTest): expected:<-0.27195612846834> but was:<-0.27195612961245835>-]|
evo_regression: |false|3|18|[test04(org.apache.commons.math.ConvergingAlgorithmImpl_ESTest): expected:<820.07561931061> but was:<1.0E-6>-, test13(org.apache.commons.math.ConvergingAlgorithmImpl_ESTest): expected:<-1997.7297> but was:<1.0E-6>-, test01(org.apache.commons.math.ConvergingAlgorithmImpl_ESTest): expected:<-587.1656304193414> but was:<1.0E-15>-]|
 ----
ProgramVariant 216
 
time(sec)= 1164
operation: RemoveOp
location= org.apache.commons.math.analysis.solvers.BrentSolver
line= 282
lineSuspiciousness= 0.302
original statement= delta = 0.5 * dx
fixed statement= 
generation= 108
ingredientScope= -
validation=
failing: |true|0|1|[]|
manual_regression: |false|3|2106|[testQuinticZero(org.apache.commons.math.analysis.solvers.BrentSolverTest): null-, testCumulative(org.apache.commons.math.distribution.BetaDistributionTest): Maximal number of iterations (100) exceeded-, testIllConditioned(org.apache.commons.math.optimization.general.NonLinearConjugateGradientOptimizerTest): -]|
evo_regression: |false|4|36|[test30(org.apache.commons.math.analysis.solvers.BrentSolver_ESTest): expected:<22> but was:<60>-, test01(org.apache.commons.math.analysis.solvers.BrentSolver_ESTest): Maximal number of iterations (100) exceeded-, test00(org.apache.commons.math.analysis.solvers.BrentSolver_ESTest): expected:<10> but was:<9>-, test22(org.apache.commons.math.analysis.solvers.BrentSolver_ESTest): expected:<32> but was:<35>-]|
 ----
ProgramVariant 236
 
time(sec)= 1283
operation: ReplaceOp
location= org.apache.commons.math.analysis.solvers.BrentSolver
line= 282
lineSuspiciousness= 0.302
original statement= delta = 0.5 * dx
fixed statement= delta = x1 - x0
generation= 118
ingredientScope= LOCAL
validation=
failing: |true|0|1|[]|
manual_regression: |false|2|2106|[testQuinticZero(org.apache.commons.math.analysis.solvers.BrentSolverTest): null-, testCumulative(org.apache.commons.math.distribution.BetaDistributionTest): Maximal number of iterations (100) exceeded-]|
evo_regression: |false|4|36|[test30(org.apache.commons.math.analysis.solvers.BrentSolver_ESTest): expected:<22> but was:<60>-, test01(org.apache.commons.math.analysis.solvers.BrentSolver_ESTest): Maximal number of iterations (100) exceeded-, test00(org.apache.commons.math.analysis.solvers.BrentSolver_ESTest): expected:<10> but was:<9>-, test22(org.apache.commons.math.analysis.solvers.BrentSolver_ESTest): expected:<32> but was:<35>-]|
 ----
ProgramVariant 242
 
time(sec)= 1398
operation: InsertBeforeOp
location= org.apache.commons.math.analysis.solvers.BrentSolver
line= 267
lineSuspiciousness= 0.171
original statement= double r1 = y0 / y2
fixed statement= if (dx > 0.0) {
	x1 = x1 + (0.5 * tolerance);
} else {
	if (dx <= 0.0) {
		x1 = x1 - (0.5 * tolerance);
	} 
}
generation= 121
ingredientScope= LOCAL
validation=
failing: |true|0|1|[]|
manual_regression: |false|4|2106|[testInverseCumulativeProbabilities(org.apache.commons.math.distribution.FDistributionTest): Incorrect inverse cumulative probability value returned for 0.999 expected:<20.80266> but was:<20.802664457589124>-, testTwoSets(org.apache.commons.math.optimization.general.NonLinearConjugateGradientOptimizerTest): expected:<3.0> but was:<3.00000000047094>-, testIllConditioned(org.apache.commons.math.optimization.general.NonLinearConjugateGradientOptimizerTest): expected:<-81.0> but was:<-80.11353824996328>-, testInference(org.apache.commons.math.stat.regression.SimpleRegressionTest): slope conf interval half-width expected:<2.97802204827> but was:<2.9780225751913574>-]|
evo_regression: |false|3|36|[test07(org.apache.commons.math.analysis.solvers.BrentSolver_ESTest): expected:<8> but was:<7>-, test23(org.apache.commons.math.analysis.solvers.BrentSolver_ESTest): expected:<4> but was:<3>-, test22(org.apache.commons.math.analysis.solvers.BrentSolver_ESTest): expected:<32> but was:<33>-]|
 ----
ProgramVariant 284
 
time(sec)= 1523
operation: RemoveOp
location= org.apache.commons.math.analysis.solvers.BrentSolver
line= 282
lineSuspiciousness= 0.302
original statement= delta = 0.5 * dx
fixed statement= 
generation= 142
ingredientScope= -
validation=
failing: |true|0|1|[]|
manual_regression: |false|3|2106|[testQuinticZero(org.apache.commons.math.analysis.solvers.BrentSolverTest): null-, testCumulative(org.apache.commons.math.distribution.BetaDistributionTest): Maximal number of iterations (100) exceeded-, testIllConditioned(org.apache.commons.math.optimization.general.NonLinearConjugateGradientOptimizerTest): -]|
evo_regression: |false|4|36|[test30(org.apache.commons.math.analysis.solvers.BrentSolver_ESTest): expected:<22> but was:<60>-, test01(org.apache.commons.math.analysis.solvers.BrentSolver_ESTest): Maximal number of iterations (100) exceeded-, test00(org.apache.commons.math.analysis.solvers.BrentSolver_ESTest): expected:<10> but was:<9>-, test22(org.apache.commons.math.analysis.solvers.BrentSolver_ESTest): expected:<32> but was:<35>-]|
 ----
ProgramVariant 306
 
time(sec)= 1642
operation: ReplaceOp
location= org.apache.commons.math.ConvergingAlgorithmImpl
line= 78
lineSuspiciousness= 0.103
original statement= absoluteAccuracy = accuracy
fixed statement= org.apache.commons.math.ConvergingAlgorithmImpl.this.absoluteAccuracy = defaultAbsoluteAccuracy
generation= 153
ingredientScope= LOCAL
validation=
failing: |true|0|1|[]|
manual_regression: |false|10|2106|[testSmallStep(org.apache.commons.math.ode.FirstOrderConverterTest): null-, testDecreasingSteps(org.apache.commons.math.ode.nonstiff.ClassicalRungeKuttaIntegratorTest): null-, testUnstableDerivative(org.apache.commons.math.ode.nonstiff.DormandPrince853IntegratorTest): expected:<8.0> but was:<0.0>-, testEvents(org.apache.commons.math.ode.nonstiff.DormandPrince853IntegratorTest): null-, testDecreasingSteps(org.apache.commons.math.ode.nonstiff.GillIntegratorTest): null-, testUnstableDerivative(org.apache.commons.math.ode.nonstiff.GillIntegratorTest): expected:<8.0> but was:<7.700000249999773>-, testUnstableDerivative(org.apache.commons.math.ode.nonstiff.GraggBulirschStoerIntegratorTest): expected:<8.0> but was:<6.877740483045859>-, testDecreasingSteps(org.apache.commons.math.ode.nonstiff.MidpointIntegratorTest): null-, testDecreasingSteps(org.apache.commons.math.ode.nonstiff.ThreeEighthesIntegratorTest): null-, testQuinticMin(org.apache.commons.math.optimization.MultiStartUnivariateRealOptimizerTest): expected:<-0.27195612846834> but was:<-0.27195612961245835>-]|
evo_regression: |false|3|18|[test04(org.apache.commons.math.ConvergingAlgorithmImpl_ESTest): expected:<820.07561931061> but was:<1.0E-6>-, test13(org.apache.commons.math.ConvergingAlgorithmImpl_ESTest): expected:<-1997.7297> but was:<1.0E-6>-, test01(org.apache.commons.math.ConvergingAlgorithmImpl_ESTest): expected:<-587.1656304193414> but was:<1.0E-15>-]|
 ----
ProgramVariant 324
 
time(sec)= 1758
operation: RemoveOp
location= org.apache.commons.math.ode.events.EventState
line= 216
lineSuspiciousness= 0.108
original statement= solver.setAbsoluteAccuracy(convergence)
fixed statement= 
generation= 162
ingredientScope= -
validation=
failing: |true|0|1|[]|
manual_regression: |false|9|2106|[testSmallStep(org.apache.commons.math.ode.FirstOrderConverterTest): null-, testDecreasingSteps(org.apache.commons.math.ode.nonstiff.ClassicalRungeKuttaIntegratorTest): null-, testUnstableDerivative(org.apache.commons.math.ode.nonstiff.DormandPrince853IntegratorTest): expected:<8.0> but was:<0.0>-, testEvents(org.apache.commons.math.ode.nonstiff.DormandPrince853IntegratorTest): null-, testDecreasingSteps(org.apache.commons.math.ode.nonstiff.GillIntegratorTest): null-, testUnstableDerivative(org.apache.commons.math.ode.nonstiff.GillIntegratorTest): expected:<8.0> but was:<7.700000249999773>-, testUnstableDerivative(org.apache.commons.math.ode.nonstiff.GraggBulirschStoerIntegratorTest): expected:<8.0> but was:<6.877740483045859>-, testDecreasingSteps(org.apache.commons.math.ode.nonstiff.MidpointIntegratorTest): null-, testDecreasingSteps(org.apache.commons.math.ode.nonstiff.ThreeEighthesIntegratorTest): null-]|
evo_regression: |true|0|22|[]|
 ----
ProgramVariant 366
 
time(sec)= 1882
operation: RemoveOp
location= org.apache.commons.math.analysis.solvers.BrentSolver
line= 282
lineSuspiciousness= 0.302
original statement= delta = 0.5 * dx
fixed statement= 
generation= 183
ingredientScope= -
validation=
failing: |true|0|1|[]|
manual_regression: |false|3|2106|[testQuinticZero(org.apache.commons.math.analysis.solvers.BrentSolverTest): null-, testCumulative(org.apache.commons.math.distribution.BetaDistributionTest): Maximal number of iterations (100) exceeded-, testIllConditioned(org.apache.commons.math.optimization.general.NonLinearConjugateGradientOptimizerTest): -]|
evo_regression: |false|4|36|[test30(org.apache.commons.math.analysis.solvers.BrentSolver_ESTest): expected:<22> but was:<60>-, test01(org.apache.commons.math.analysis.solvers.BrentSolver_ESTest): Maximal number of iterations (100) exceeded-, test00(org.apache.commons.math.analysis.solvers.BrentSolver_ESTest): expected:<10> but was:<9>-, test22(org.apache.commons.math.analysis.solvers.BrentSolver_ESTest): expected:<32> but was:<35>-]|
 ----
ProgramVariant 418
 
time(sec)= 2008
operation: ReplaceOp
location= org.apache.commons.math.analysis.solvers.BrentSolver
line= 282
lineSuspiciousness= 0.302
original statement= delta = 0.5 * dx
fixed statement= delta = (x0 - x1) / (1 - (y0 / y1))
generation= 209
ingredientScope= PACKAGE
validation=
failing: |true|0|1|[]|
manual_regression: |false|2|2106|[testQuinticZero(org.apache.commons.math.analysis.solvers.BrentSolverTest): expected:<1.000000001346709> but was:<0.5>-, testCumulative(org.apache.commons.math.distribution.BetaDistributionTest): Maximal number of iterations (100) exceeded-]|
evo_regression: |false|5|36|[test30(org.apache.commons.math.analysis.solvers.BrentSolver_ESTest): Maximal number of iterations (100) exceeded-, test11(org.apache.commons.math.analysis.solvers.BrentSolver_ESTest): Expecting exception: Exception-, test01(org.apache.commons.math.analysis.solvers.BrentSolver_ESTest): expected:<50> but was:<24>-, test00(org.apache.commons.math.analysis.solvers.BrentSolver_ESTest): expected:<10> but was:<9>-, test22(org.apache.commons.math.analysis.solvers.BrentSolver_ESTest): expected:<32> but was:<42>-]|
 ----
ProgramVariant 506
 
time(sec)= 2161
operation: ReplaceOp
location= org.apache.commons.math.ConvergingAlgorithmImpl
line= 78
lineSuspiciousness= 0.103
original statement= absoluteAccuracy = accuracy
fixed statement= maximalIterationCount = defaultMaximalIterationCount
generation= 253
ingredientScope= LOCAL
validation=
failing: |true|0|1|[]|
manual_regression: |false|10|2106|[testSmallStep(org.apache.commons.math.ode.FirstOrderConverterTest): null-, testDecreasingSteps(org.apache.commons.math.ode.nonstiff.ClassicalRungeKuttaIntegratorTest): null-, testUnstableDerivative(org.apache.commons.math.ode.nonstiff.DormandPrince853IntegratorTest): expected:<8.0> but was:<0.0>-, testEvents(org.apache.commons.math.ode.nonstiff.DormandPrince853IntegratorTest): null-, testDecreasingSteps(org.apache.commons.math.ode.nonstiff.GillIntegratorTest): null-, testUnstableDerivative(org.apache.commons.math.ode.nonstiff.GillIntegratorTest): expected:<8.0> but was:<7.700000249999773>-, testUnstableDerivative(org.apache.commons.math.ode.nonstiff.GraggBulirschStoerIntegratorTest): expected:<8.0> but was:<6.877740483045859>-, testDecreasingSteps(org.apache.commons.math.ode.nonstiff.MidpointIntegratorTest): null-, testDecreasingSteps(org.apache.commons.math.ode.nonstiff.ThreeEighthesIntegratorTest): null-, testQuinticMin(org.apache.commons.math.optimization.MultiStartUnivariateRealOptimizerTest): expected:<-0.27195612846834> but was:<-0.27195612961245835>-]|
evo_regression: |false|3|18|[test04(org.apache.commons.math.ConvergingAlgorithmImpl_ESTest): expected:<820.07561931061> but was:<1.0E-6>-, test13(org.apache.commons.math.ConvergingAlgorithmImpl_ESTest): expected:<-1997.7297> but was:<1.0E-6>-, test01(org.apache.commons.math.ConvergingAlgorithmImpl_ESTest): expected:<-587.1656304193414> but was:<1.0E-15>-]|
 ----
ProgramVariant 512
 
time(sec)= 2274
operation: RemoveOp
location= org.apache.commons.math.ode.events.EventState
line= 216
lineSuspiciousness= 0.108
original statement= solver.setAbsoluteAccuracy(convergence)
fixed statement= 
generation= 256
ingredientScope= -
validation=
failing: |true|0|1|[]|
manual_regression: |false|9|2106|[testSmallStep(org.apache.commons.math.ode.FirstOrderConverterTest): null-, testDecreasingSteps(org.apache.commons.math.ode.nonstiff.ClassicalRungeKuttaIntegratorTest): null-, testUnstableDerivative(org.apache.commons.math.ode.nonstiff.DormandPrince853IntegratorTest): expected:<8.0> but was:<0.0>-, testEvents(org.apache.commons.math.ode.nonstiff.DormandPrince853IntegratorTest): null-, testDecreasingSteps(org.apache.commons.math.ode.nonstiff.GillIntegratorTest): null-, testUnstableDerivative(org.apache.commons.math.ode.nonstiff.GillIntegratorTest): expected:<8.0> but was:<7.700000249999773>-, testUnstableDerivative(org.apache.commons.math.ode.nonstiff.GraggBulirschStoerIntegratorTest): expected:<8.0> but was:<6.877740483045859>-, testDecreasingSteps(org.apache.commons.math.ode.nonstiff.MidpointIntegratorTest): null-, testDecreasingSteps(org.apache.commons.math.ode.nonstiff.ThreeEighthesIntegratorTest): null-]|
evo_regression: |true|0|22|[]|
 ----
ProgramVariant 586
 
time(sec)= 2403
operation: RemoveOp
location= org.apache.commons.math.analysis.solvers.BrentSolver
line= 282
lineSuspiciousness= 0.302
original statement= delta = 0.5 * dx
fixed statement= 
generation= 293
ingredientScope= -
validation=
failing: |true|0|1|[]|
manual_regression: |false|4|2106|[testQuinticZero(org.apache.commons.math.analysis.solvers.BrentSolverTest): null-, testCumulative(org.apache.commons.math.distribution.BetaDistributionTest): Maximal number of iterations (100) exceeded-, testIllConditioned(org.apache.commons.math.optimization.general.NonLinearConjugateGradientOptimizerTest): -, testNextPoissonConsistency(org.apache.commons.math.random.AbstractRandomGeneratorTest): Chisquare test failed for mean = 66.0 p-value = 6.660355300097676E-4 chisquare statistic = 32.36623880668987.]|
evo_regression: |false|4|36|[test30(org.apache.commons.math.analysis.solvers.BrentSolver_ESTest): expected:<22> but was:<60>-, test01(org.apache.commons.math.analysis.solvers.BrentSolver_ESTest): Maximal number of iterations (100) exceeded-, test00(org.apache.commons.math.analysis.solvers.BrentSolver_ESTest): expected:<10> but was:<9>-, test22(org.apache.commons.math.analysis.solvers.BrentSolver_ESTest): expected:<32> but was:<35>-]|
 ----
ProgramVariant 592
 
time(sec)= 2515
operation: RemoveOp
location= org.apache.commons.math.ode.events.EventState
line= 285
lineSuspiciousness= 0.107
original statement= t0 = t
fixed statement= 
generation= 296
ingredientScope= -
validation=
failing: |true|0|1|[]|
manual_regression: |false|44|2106|[testDecreasingSteps(org.apache.commons.math.ode.nonstiff.ClassicalRungeKuttaIntegratorTest): function values at endpoints do not have different signs.  Endpoints: 0, 5.7, Values: 21.969, 0.544-, testEvents(org.apache.commons.math.ode.nonstiff.DormandPrince54IntegratorTest): function values at endpoints do not have different signs.  Endpoints: 0, 5.165, Values: 18.004, 0.082-, testUnstableDerivative(org.apache.commons.math.ode.nonstiff.DormandPrince853IntegratorTest): function values at endpoints do not have different signs.  Endpoints: 0, 1, Values: -2, -1-, testEvents(org.apache.commons.math.ode.nonstiff.DormandPrince853IntegratorTest): function values at endpoints do not have different signs.  Endpoints: 0, 5.462, Values: 7.188, 0.37-, testDecreasingSteps(org.apache.commons.math.ode.nonstiff.GillIntegratorTest): function values at endpoints do not have different signs.  Endpoints: 0, 5.224, Values: 18.701, 0.138-, testUnstableDerivative(org.apache.commons.math.ode.nonstiff.GillIntegratorTest): function values at endpoints do not have different signs.  Endpoints: 0, 0.767, Values: -2, -1.233-, testUnstableDerivative(org.apache.commons.math.ode.nonstiff.GraggBulirschStoerIntegratorTest): function values at endpoints do not have different signs.  Endpoints: 0, 0.781, Values: -2, -1.219-, testEvents(org.apache.commons.math.ode.nonstiff.GraggBulirschStoerIntegratorTest): function values at endpoints do not have different signs.  Endpoints: 0, 1.942, Values: -5.731, -0-, testEvents(org.apache.commons.math.ode.nonstiff.HighamHall54IntegratorTest): function values at endpoints do not have different signs.  Endpoints: 0, 5.145, Values: 17.108, 0.061-, testDecreasingSteps(org.apache.commons.math.ode.nonstiff.MidpointIntegratorTest): function values at endpoints do not have different signs.  Endpoints: 0, 11.247, Values: 3.1, 0.286-, testDecreasingSteps(org.apache.commons.math.ode.nonstiff.ThreeEighthesIntegratorTest): function values at endpoints do not have different signs.  Endpoints: 0, 5.7, Values: 21.969, 0.544-]|
evo_regression: |true|0|22|[]|
 ----
ProgramVariant 678
 
time(sec)= 2655
operation: RemoveOp
location= org.apache.commons.math.ode.events.EventState
line= 285
lineSuspiciousness= 0.107
original statement= t0 = t
fixed statement= 
generation= 339
ingredientScope= -
validation=
failing: |true|0|1|[]|
manual_regression: |false|45|2106|[testDecreasingSteps(org.apache.commons.math.ode.nonstiff.ClassicalRungeKuttaIntegratorTest): function values at endpoints do not have different signs.  Endpoints: 0, 5.7, Values: 21.969, 0.544-, testEvents(org.apache.commons.math.ode.nonstiff.DormandPrince54IntegratorTest): function values at endpoints do not have different signs.  Endpoints: 0, 5.165, Values: 18.004, 0.082-, testUnstableDerivative(org.apache.commons.math.ode.nonstiff.DormandPrince853IntegratorTest): function values at endpoints do not have different signs.  Endpoints: 0, 1, Values: -2, -1-, testEvents(org.apache.commons.math.ode.nonstiff.DormandPrince853IntegratorTest): function values at endpoints do not have different signs.  Endpoints: 0, 5.462, Values: 7.188, 0.37-, testDecreasingSteps(org.apache.commons.math.ode.nonstiff.GillIntegratorTest): function values at endpoints do not have different signs.  Endpoints: 0, 5.224, Values: 18.701, 0.138-, testUnstableDerivative(org.apache.commons.math.ode.nonstiff.GillIntegratorTest): function values at endpoints do not have different signs.  Endpoints: 0, 0.767, Values: -2, -1.233-, testUnstableDerivative(org.apache.commons.math.ode.nonstiff.GraggBulirschStoerIntegratorTest): function values at endpoints do not have different signs.  Endpoints: 0, 0.781, Values: -2, -1.219-, testEvents(org.apache.commons.math.ode.nonstiff.GraggBulirschStoerIntegratorTest): function values at endpoints do not have different signs.  Endpoints: 0, 1.942, Values: -5.731, -0-, testEvents(org.apache.commons.math.ode.nonstiff.HighamHall54IntegratorTest): function values at endpoints do not have different signs.  Endpoints: 0, 5.145, Values: 17.108, 0.061-, testDecreasingSteps(org.apache.commons.math.ode.nonstiff.MidpointIntegratorTest): function values at endpoints do not have different signs.  Endpoints: 0, 11.247, Values: 3.1, 0.286-, testDecreasingSteps(org.apache.commons.math.ode.nonstiff.ThreeEighthesIntegratorTest): function values at endpoints do not have different signs.  Endpoints: 0, 5.7, Values: 21.969, 0.544-, testNextPoissonConsistency(org.apache.commons.math.random.AbstractRandomGeneratorTest): Chisquare test failed for mean = 2458.9390499715523 p-value = 6.109365084877583E-4 chisquare statistic = 43.82562533728965.]|
evo_regression: |true|0|22|[]|
 ----
ProgramVariant 718
 
time(sec)= 2783
operation: ReplaceOp
location= org.apache.commons.math.ConvergingAlgorithmImpl
line= 78
lineSuspiciousness= 0.103
original statement= absoluteAccuracy = accuracy
fixed statement= absoluteAccuracy = defaultAbsoluteAccuracy
generation= 359
ingredientScope= LOCAL
validation=
failing: |true|0|1|[]|
manual_regression: |false|10|2106|[testSmallStep(org.apache.commons.math.ode.FirstOrderConverterTest): null-, testDecreasingSteps(org.apache.commons.math.ode.nonstiff.ClassicalRungeKuttaIntegratorTest): null-, testUnstableDerivative(org.apache.commons.math.ode.nonstiff.DormandPrince853IntegratorTest): expected:<8.0> but was:<0.0>-, testEvents(org.apache.commons.math.ode.nonstiff.DormandPrince853IntegratorTest): null-, testDecreasingSteps(org.apache.commons.math.ode.nonstiff.GillIntegratorTest): null-, testUnstableDerivative(org.apache.commons.math.ode.nonstiff.GillIntegratorTest): expected:<8.0> but was:<7.700000249999773>-, testUnstableDerivative(org.apache.commons.math.ode.nonstiff.GraggBulirschStoerIntegratorTest): expected:<8.0> but was:<6.877740483045859>-, testDecreasingSteps(org.apache.commons.math.ode.nonstiff.MidpointIntegratorTest): null-, testDecreasingSteps(org.apache.commons.math.ode.nonstiff.ThreeEighthesIntegratorTest): null-, testQuinticMin(org.apache.commons.math.optimization.MultiStartUnivariateRealOptimizerTest): expected:<-0.27195612846834> but was:<-0.27195612961245835>-]|
evo_regression: |false|3|18|[test04(org.apache.commons.math.ConvergingAlgorithmImpl_ESTest): expected:<820.07561931061> but was:<1.0E-6>-, test13(org.apache.commons.math.ConvergingAlgorithmImpl_ESTest): expected:<-1997.7297> but was:<1.0E-6>-, test01(org.apache.commons.math.ConvergingAlgorithmImpl_ESTest): expected:<-587.1656304193414> but was:<1.0E-15>-]|
 ----
ProgramVariant 782
 
time(sec)= 2912
operation: RemoveOp
location= org.apache.commons.math.ConvergingAlgorithmImpl
line= 78
lineSuspiciousness= 0.103
original statement= absoluteAccuracy = accuracy
fixed statement= 
generation= 391
ingredientScope= -
validation=
failing: |true|0|1|[]|
manual_regression: |false|10|2106|[testSmallStep(org.apache.commons.math.ode.FirstOrderConverterTest): null-, testDecreasingSteps(org.apache.commons.math.ode.nonstiff.ClassicalRungeKuttaIntegratorTest): null-, testUnstableDerivative(org.apache.commons.math.ode.nonstiff.DormandPrince853IntegratorTest): expected:<8.0> but was:<0.0>-, testEvents(org.apache.commons.math.ode.nonstiff.DormandPrince853IntegratorTest): null-, testDecreasingSteps(org.apache.commons.math.ode.nonstiff.GillIntegratorTest): null-, testUnstableDerivative(org.apache.commons.math.ode.nonstiff.GillIntegratorTest): expected:<8.0> but was:<7.700000249999773>-, testUnstableDerivative(org.apache.commons.math.ode.nonstiff.GraggBulirschStoerIntegratorTest): expected:<8.0> but was:<6.877740483045859>-, testDecreasingSteps(org.apache.commons.math.ode.nonstiff.MidpointIntegratorTest): null-, testDecreasingSteps(org.apache.commons.math.ode.nonstiff.ThreeEighthesIntegratorTest): null-, testQuinticMin(org.apache.commons.math.optimization.MultiStartUnivariateRealOptimizerTest): expected:<-0.27195612846834> but was:<-0.27195612961245835>-]|
evo_regression: |false|3|18|[test04(org.apache.commons.math.ConvergingAlgorithmImpl_ESTest): expected:<820.07561931061> but was:<1.0E-6>-, test13(org.apache.commons.math.ConvergingAlgorithmImpl_ESTest): expected:<-1997.7297> but was:<1.0E-6>-, test01(org.apache.commons.math.ConvergingAlgorithmImpl_ESTest): expected:<-587.1656304193414> but was:<1.0E-15>-]|
 ----
ProgramVariant 814
 
time(sec)= 3049
operation: ReplaceOp
location= org.apache.commons.math.ode.events.EventState
line= 216
lineSuspiciousness= 0.108
original statement= solver.setAbsoluteAccuracy(convergence)
fixed statement= interpolator.setInterpolatedTime(t0)
generation= 407
ingredientScope= PACKAGE
validation=
failing: |true|0|1|[]|
manual_regression: |false|9|2106|[testSmallStep(org.apache.commons.math.ode.FirstOrderConverterTest): null-, testDecreasingSteps(org.apache.commons.math.ode.nonstiff.ClassicalRungeKuttaIntegratorTest): null-, testUnstableDerivative(org.apache.commons.math.ode.nonstiff.DormandPrince853IntegratorTest): expected:<8.0> but was:<0.0>-, testEvents(org.apache.commons.math.ode.nonstiff.DormandPrince853IntegratorTest): null-, testDecreasingSteps(org.apache.commons.math.ode.nonstiff.GillIntegratorTest): null-, testUnstableDerivative(org.apache.commons.math.ode.nonstiff.GillIntegratorTest): expected:<8.0> but was:<7.700000249999773>-, testUnstableDerivative(org.apache.commons.math.ode.nonstiff.GraggBulirschStoerIntegratorTest): expected:<8.0> but was:<6.877740483045859>-, testDecreasingSteps(org.apache.commons.math.ode.nonstiff.MidpointIntegratorTest): null-, testDecreasingSteps(org.apache.commons.math.ode.nonstiff.ThreeEighthesIntegratorTest): null-]|
evo_regression: |true|0|22|[]|
 ----
ProgramVariant 946
 
time(sec)= 3206
operation: InsertBeforeOp
location= org.apache.commons.math.ode.events.EventState
line= 173
lineSuspiciousness= 0.107
original statement= final double t1 = interpolator.getCurrentTime()
fixed statement= final double t0 = interpolator.getPreviousTime()
generation= 473
ingredientScope= PACKAGE
validation=
failing: |true|0|1|[]|
manual_regression: |true|0|2106|[]|
evo_regression: |true|0|22|[]|
 ----
ProgramVariant 1012
 
time(sec)= 3338
operation: RemoveOp
location= org.apache.commons.math.ode.events.EventState
line= 216
lineSuspiciousness= 0.108
original statement= solver.setAbsoluteAccuracy(convergence)
fixed statement= 
generation= 506
ingredientScope= -
validation=
failing: |true|0|1|[]|
manual_regression: |false|9|2106|[testSmallStep(org.apache.commons.math.ode.FirstOrderConverterTest): null-, testDecreasingSteps(org.apache.commons.math.ode.nonstiff.ClassicalRungeKuttaIntegratorTest): null-, testUnstableDerivative(org.apache.commons.math.ode.nonstiff.DormandPrince853IntegratorTest): expected:<8.0> but was:<0.0>-, testEvents(org.apache.commons.math.ode.nonstiff.DormandPrince853IntegratorTest): null-, testDecreasingSteps(org.apache.commons.math.ode.nonstiff.GillIntegratorTest): null-, testUnstableDerivative(org.apache.commons.math.ode.nonstiff.GillIntegratorTest): expected:<8.0> but was:<7.700000249999773>-, testUnstableDerivative(org.apache.commons.math.ode.nonstiff.GraggBulirschStoerIntegratorTest): expected:<8.0> but was:<6.877740483045859>-, testDecreasingSteps(org.apache.commons.math.ode.nonstiff.MidpointIntegratorTest): null-, testDecreasingSteps(org.apache.commons.math.ode.nonstiff.ThreeEighthesIntegratorTest): null-]|
evo_regression: |true|0|22|[]|
 ----
ProgramVariant 1022
 
time(sec)= 3451
operation: InsertAfterOp
location= org.apache.commons.math.ode.events.EventState
line= 173
lineSuspiciousness= 0.107
original statement= final double t1 = interpolator.getCurrentTime()
fixed statement= final double t0 = interpolator.getPreviousTime()
generation= 511
ingredientScope= PACKAGE
validation=
failing: |true|0|1|[]|
manual_regression: |true|0|2106|[]|
evo_regression: |true|0|22|[]|
 ----
ProgramVariant 1120
 
time(sec)= 3610
operation: ReplaceOp
location= org.apache.commons.math.analysis.solvers.BrentSolver
line= 283
lineSuspiciousness= 0.302
original statement= oldDelta = delta
fixed statement= delta = x1 - x0
generation= 560
ingredientScope= LOCAL
validation=
failing: |true|0|1|[]|
manual_regression: |false|1|2106|[testCumulative(org.apache.commons.math.distribution.BetaDistributionTest): Maximal number of iterations (100) exceeded-]|
evo_regression: |false|4|36|[test30(org.apache.commons.math.analysis.solvers.BrentSolver_ESTest): Maximal number of iterations (100) exceeded-, test01(org.apache.commons.math.analysis.solvers.BrentSolver_ESTest): Maximal number of iterations (100) exceeded-, test00(org.apache.commons.math.analysis.solvers.BrentSolver_ESTest): expected:<10> but was:<9>-, test22(org.apache.commons.math.analysis.solvers.BrentSolver_ESTest): expected:<32> but was:<16>-]|
 ----
ProgramVariant 1176
 
time(sec)= 3743
operation: ReplaceOp
location= org.apache.commons.math.analysis.solvers.BrentSolver
line= 282
lineSuspiciousness= 0.302
original statement= delta = 0.5 * dx
fixed statement= p1 = 1.0 - r3
generation= 588
ingredientScope= LOCAL
validation=
failing: |true|0|1|[]|
manual_regression: |false|3|2106|[testQuinticZero(org.apache.commons.math.analysis.solvers.BrentSolverTest): null-, testCumulative(org.apache.commons.math.distribution.BetaDistributionTest): Maximal number of iterations (100) exceeded-, testIllConditioned(org.apache.commons.math.optimization.general.NonLinearConjugateGradientOptimizerTest): -]|
evo_regression: |false|4|36|[test30(org.apache.commons.math.analysis.solvers.BrentSolver_ESTest): expected:<22> but was:<60>-, test01(org.apache.commons.math.analysis.solvers.BrentSolver_ESTest): Maximal number of iterations (100) exceeded-, test00(org.apache.commons.math.analysis.solvers.BrentSolver_ESTest): expected:<10> but was:<9>-, test22(org.apache.commons.math.analysis.solvers.BrentSolver_ESTest): expected:<32> but was:<35>-]|
 ----
ProgramVariant 1204
 
time(sec)= 3869
operation: RemoveOp
location= org.apache.commons.math.ode.events.EventState
line= 216
lineSuspiciousness= 0.108
original statement= solver.setAbsoluteAccuracy(convergence)
fixed statement= 
generation= 602
ingredientScope= -
validation=
failing: |true|0|1|[]|
manual_regression: |false|9|2106|[testSmallStep(org.apache.commons.math.ode.FirstOrderConverterTest): null-, testDecreasingSteps(org.apache.commons.math.ode.nonstiff.ClassicalRungeKuttaIntegratorTest): null-, testUnstableDerivative(org.apache.commons.math.ode.nonstiff.DormandPrince853IntegratorTest): expected:<8.0> but was:<0.0>-, testEvents(org.apache.commons.math.ode.nonstiff.DormandPrince853IntegratorTest): null-, testDecreasingSteps(org.apache.commons.math.ode.nonstiff.GillIntegratorTest): null-, testUnstableDerivative(org.apache.commons.math.ode.nonstiff.GillIntegratorTest): expected:<8.0> but was:<7.700000249999773>-, testUnstableDerivative(org.apache.commons.math.ode.nonstiff.GraggBulirschStoerIntegratorTest): expected:<8.0> but was:<6.877740483045859>-, testDecreasingSteps(org.apache.commons.math.ode.nonstiff.MidpointIntegratorTest): null-, testDecreasingSteps(org.apache.commons.math.ode.nonstiff.ThreeEighthesIntegratorTest): null-]|
evo_regression: |true|0|22|[]|
 ----
ProgramVariant 1236
 
time(sec)= 3994
operation: ReplaceOp
location= org.apache.commons.math.ode.events.EventState
line= 216
lineSuspiciousness= 0.108
original statement= solver.setAbsoluteAccuracy(convergence)
fixed statement= solver.setMaximalIterationCount(maxIterationCount)
generation= 618
ingredientScope= LOCAL
validation=
failing: |true|0|1|[]|
manual_regression: |false|9|2106|[testSmallStep(org.apache.commons.math.ode.FirstOrderConverterTest): null-, testDecreasingSteps(org.apache.commons.math.ode.nonstiff.ClassicalRungeKuttaIntegratorTest): null-, testUnstableDerivative(org.apache.commons.math.ode.nonstiff.DormandPrince853IntegratorTest): expected:<8.0> but was:<0.0>-, testEvents(org.apache.commons.math.ode.nonstiff.DormandPrince853IntegratorTest): null-, testDecreasingSteps(org.apache.commons.math.ode.nonstiff.GillIntegratorTest): null-, testUnstableDerivative(org.apache.commons.math.ode.nonstiff.GillIntegratorTest): expected:<8.0> but was:<7.700000249999773>-, testUnstableDerivative(org.apache.commons.math.ode.nonstiff.GraggBulirschStoerIntegratorTest): expected:<8.0> but was:<6.877740483045859>-, testDecreasingSteps(org.apache.commons.math.ode.nonstiff.MidpointIntegratorTest): null-, testDecreasingSteps(org.apache.commons.math.ode.nonstiff.ThreeEighthesIntegratorTest): null-]|
evo_regression: |true|0|22|[]|
 ----
ProgramVariant 1294
 
time(sec)= 4133
operation: ReplaceOp
location= org.apache.commons.math.analysis.solvers.BrentSolver
line= 282
lineSuspiciousness= 0.302
original statement= delta = 0.5 * dx
fixed statement= y1 = f.value(x1)
generation= 647
ingredientScope= LOCAL
validation=
failing: |true|0|1|[]|
manual_regression: |false|3|2106|[testQuinticZero(org.apache.commons.math.analysis.solvers.BrentSolverTest): null-, testCumulative(org.apache.commons.math.distribution.BetaDistributionTest): Maximal number of iterations (100) exceeded-, testIllConditioned(org.apache.commons.math.optimization.general.NonLinearConjugateGradientOptimizerTest): -]|
evo_regression: |false|4|36|[test30(org.apache.commons.math.analysis.solvers.BrentSolver_ESTest): expected:<22> but was:<60>-, test01(org.apache.commons.math.analysis.solvers.BrentSolver_ESTest): Maximal number of iterations (100) exceeded-, test00(org.apache.commons.math.analysis.solvers.BrentSolver_ESTest): expected:<10> but was:<9>-, test22(org.apache.commons.math.analysis.solvers.BrentSolver_ESTest): expected:<32> but was:<35>-]|
 ----
ProgramVariant 1434
 
time(sec)= 4279
operation: ReplaceOp
location= org.apache.commons.math.analysis.solvers.BrentSolver
line= 282
lineSuspiciousness= 0.302
original statement= delta = 0.5 * dx
fixed statement= iterationCount = i
generation= 717
ingredientScope= PACKAGE
validation=
failing: |true|0|1|[]|
manual_regression: |false|3|2106|[testQuinticZero(org.apache.commons.math.analysis.solvers.BrentSolverTest): null-, testCumulative(org.apache.commons.math.distribution.BetaDistributionTest): Maximal number of iterations (100) exceeded-, testIllConditioned(org.apache.commons.math.optimization.general.NonLinearConjugateGradientOptimizerTest): -]|
evo_regression: |false|4|36|[test30(org.apache.commons.math.analysis.solvers.BrentSolver_ESTest): expected:<22> but was:<60>-, test01(org.apache.commons.math.analysis.solvers.BrentSolver_ESTest): Maximal number of iterations (100) exceeded-, test00(org.apache.commons.math.analysis.solvers.BrentSolver_ESTest): expected:<10> but was:<9>-, test22(org.apache.commons.math.analysis.solvers.BrentSolver_ESTest): expected:<32> but was:<35>-]|
 ----
ProgramVariant 1452
 
time(sec)= 4399
operation: RemoveOp
location= org.apache.commons.math.ConvergingAlgorithmImpl
line= 78
lineSuspiciousness= 0.103
original statement= absoluteAccuracy = accuracy
fixed statement= 
generation= 726
ingredientScope= -
validation=
failing: |true|0|1|[]|
manual_regression: |false|10|2106|[testSmallStep(org.apache.commons.math.ode.FirstOrderConverterTest): null-, testDecreasingSteps(org.apache.commons.math.ode.nonstiff.ClassicalRungeKuttaIntegratorTest): null-, testUnstableDerivative(org.apache.commons.math.ode.nonstiff.DormandPrince853IntegratorTest): expected:<8.0> but was:<0.0>-, testEvents(org.apache.commons.math.ode.nonstiff.DormandPrince853IntegratorTest): null-, testDecreasingSteps(org.apache.commons.math.ode.nonstiff.GillIntegratorTest): null-, testUnstableDerivative(org.apache.commons.math.ode.nonstiff.GillIntegratorTest): expected:<8.0> but was:<7.700000249999773>-, testUnstableDerivative(org.apache.commons.math.ode.nonstiff.GraggBulirschStoerIntegratorTest): expected:<8.0> but was:<6.877740483045859>-, testDecreasingSteps(org.apache.commons.math.ode.nonstiff.MidpointIntegratorTest): null-, testDecreasingSteps(org.apache.commons.math.ode.nonstiff.ThreeEighthesIntegratorTest): null-, testQuinticMin(org.apache.commons.math.optimization.MultiStartUnivariateRealOptimizerTest): expected:<-0.27195612846834> but was:<-0.27195612961245835>-]|
evo_regression: |false|3|18|[test04(org.apache.commons.math.ConvergingAlgorithmImpl_ESTest): expected:<820.07561931061> but was:<1.0E-6>-, test13(org.apache.commons.math.ConvergingAlgorithmImpl_ESTest): expected:<-1997.7297> but was:<1.0E-6>-, test01(org.apache.commons.math.ConvergingAlgorithmImpl_ESTest): expected:<-587.1656304193414> but was:<1.0E-15>-]|
 ----
ProgramVariant 1664
 
time(sec)= 4587
operation: RemoveOp
location= org.apache.commons.math.analysis.solvers.BrentSolver
line= 282
lineSuspiciousness= 0.302
original statement= delta = 0.5 * dx
fixed statement= 
generation= 832
ingredientScope= -
validation=
failing: |true|0|1|[]|
manual_regression: |false|3|2106|[testQuinticZero(org.apache.commons.math.analysis.solvers.BrentSolverTest): null-, testCumulative(org.apache.commons.math.distribution.BetaDistributionTest): Maximal number of iterations (100) exceeded-, testIllConditioned(org.apache.commons.math.optimization.general.NonLinearConjugateGradientOptimizerTest): -]|
evo_regression: |false|4|36|[test30(org.apache.commons.math.analysis.solvers.BrentSolver_ESTest): expected:<22> but was:<60>-, test01(org.apache.commons.math.analysis.solvers.BrentSolver_ESTest): Maximal number of iterations (100) exceeded-, test00(org.apache.commons.math.analysis.solvers.BrentSolver_ESTest): expected:<10> but was:<9>-, test22(org.apache.commons.math.analysis.solvers.BrentSolver_ESTest): expected:<32> but was:<35>-]|
 ----
ProgramVariant 1722
 
time(sec)= 4727
operation: ReplaceOp
location= org.apache.commons.math.analysis.solvers.BrentSolver
line= 283
lineSuspiciousness= 0.302
original statement= oldDelta = delta
fixed statement= delta = p / p1
generation= 861
ingredientScope= LOCAL
validation=
failing: |true|0|1|[]|
manual_regression: |false|3|2106|[testQuinticZero(org.apache.commons.math.analysis.solvers.BrentSolverTest): null-, testCumulative(org.apache.commons.math.distribution.BetaDistributionTest): Maximal number of iterations (100) exceeded-, testNextPoissonConsistency(org.apache.commons.math.random.AbstractRandomGeneratorTest): Chisquare test failed for mean = 11.0 p-value = 3.3637320887880406E-4 chisquare statistic = 25.035164688135627.]|
evo_regression: |false|5|36|[test30(org.apache.commons.math.analysis.solvers.BrentSolver_ESTest): Maximal number of iterations (100) exceeded-, test11(org.apache.commons.math.analysis.solvers.BrentSolver_ESTest): Expecting exception: Exception-, test01(org.apache.commons.math.analysis.solvers.BrentSolver_ESTest): expected:<50> but was:<16>-, test00(org.apache.commons.math.analysis.solvers.BrentSolver_ESTest): expected:<10> but was:<14>-, test22(org.apache.commons.math.analysis.solvers.BrentSolver_ESTest): expected:<32> but was:<42>-]|
 ----
ProgramVariant 1790
 
time(sec)= 4858
operation: RemoveOp
location= org.apache.commons.math.analysis.solvers.BrentSolver
line= 282
lineSuspiciousness= 0.302
original statement= delta = 0.5 * dx
fixed statement= 
generation= 895
ingredientScope= -
validation=
failing: |true|0|1|[]|
manual_regression: |false|4|2106|[testQuinticZero(org.apache.commons.math.analysis.solvers.BrentSolverTest): null-, testCumulative(org.apache.commons.math.distribution.BetaDistributionTest): Maximal number of iterations (100) exceeded-, testIllConditioned(org.apache.commons.math.optimization.general.NonLinearConjugateGradientOptimizerTest): -, testNextPoissonConsistency(org.apache.commons.math.random.RandomAdaptorTest): Chisquare test failed for mean = 80.0 p-value = 6.409140417655834E-4 chisquare statistic = 34.14073879777293.]|
evo_regression: |false|4|36|[test30(org.apache.commons.math.analysis.solvers.BrentSolver_ESTest): expected:<22> but was:<60>-, test01(org.apache.commons.math.analysis.solvers.BrentSolver_ESTest): Maximal number of iterations (100) exceeded-, test00(org.apache.commons.math.analysis.solvers.BrentSolver_ESTest): expected:<10> but was:<9>-, test22(org.apache.commons.math.analysis.solvers.BrentSolver_ESTest): expected:<32> but was:<35>-]|
 ----
ProgramVariant 1812
 
time(sec)= 4974
operation: ReplaceOp
location= org.apache.commons.math.ConvergingAlgorithmImpl
line= 78
lineSuspiciousness= 0.103
original statement= absoluteAccuracy = accuracy
fixed statement= org.apache.commons.math.ConvergingAlgorithmImpl.this.maximalIterationCount = defaultMaximalIterationCount
generation= 906
ingredientScope= LOCAL
validation=
failing: |true|0|1|[]|
manual_regression: |false|10|2106|[testSmallStep(org.apache.commons.math.ode.FirstOrderConverterTest): null-, testDecreasingSteps(org.apache.commons.math.ode.nonstiff.ClassicalRungeKuttaIntegratorTest): null-, testUnstableDerivative(org.apache.commons.math.ode.nonstiff.DormandPrince853IntegratorTest): expected:<8.0> but was:<0.0>-, testEvents(org.apache.commons.math.ode.nonstiff.DormandPrince853IntegratorTest): null-, testDecreasingSteps(org.apache.commons.math.ode.nonstiff.GillIntegratorTest): null-, testUnstableDerivative(org.apache.commons.math.ode.nonstiff.GillIntegratorTest): expected:<8.0> but was:<7.700000249999773>-, testUnstableDerivative(org.apache.commons.math.ode.nonstiff.GraggBulirschStoerIntegratorTest): expected:<8.0> but was:<6.877740483045859>-, testDecreasingSteps(org.apache.commons.math.ode.nonstiff.MidpointIntegratorTest): null-, testDecreasingSteps(org.apache.commons.math.ode.nonstiff.ThreeEighthesIntegratorTest): null-, testQuinticMin(org.apache.commons.math.optimization.MultiStartUnivariateRealOptimizerTest): expected:<-0.27195612846834> but was:<-0.27195612961245835>-]|
evo_regression: |false|3|18|[test04(org.apache.commons.math.ConvergingAlgorithmImpl_ESTest): expected:<820.07561931061> but was:<1.0E-6>-, test13(org.apache.commons.math.ConvergingAlgorithmImpl_ESTest): expected:<-1997.7297> but was:<1.0E-6>-, test01(org.apache.commons.math.ConvergingAlgorithmImpl_ESTest): expected:<-587.1656304193414> but was:<1.0E-15>-]|
 ----
ProgramVariant 1820
 
time(sec)= 5087
operation: ReplaceOp
location= org.apache.commons.math.analysis.solvers.BrentSolver
line= 282
lineSuspiciousness= 0.302
original statement= delta = 0.5 * dx
fixed statement= p = -p
generation= 910
ingredientScope= LOCAL
validation=
failing: |true|0|1|[]|
manual_regression: |false|3|2106|[testQuinticZero(org.apache.commons.math.analysis.solvers.BrentSolverTest): null-, testCumulative(org.apache.commons.math.distribution.BetaDistributionTest): Maximal number of iterations (100) exceeded-, testIllConditioned(org.apache.commons.math.optimization.general.NonLinearConjugateGradientOptimizerTest): -]|
evo_regression: |false|4|36|[test30(org.apache.commons.math.analysis.solvers.BrentSolver_ESTest): expected:<22> but was:<60>-, test01(org.apache.commons.math.analysis.solvers.BrentSolver_ESTest): Maximal number of iterations (100) exceeded-, test00(org.apache.commons.math.analysis.solvers.BrentSolver_ESTest): expected:<10> but was:<9>-, test22(org.apache.commons.math.analysis.solvers.BrentSolver_ESTest): expected:<32> but was:<35>-]|
 ----
ProgramVariant 1902
 
time(sec)= 5232
operation: RemoveOp
location= org.apache.commons.math.analysis.solvers.BrentSolver
line= 282
lineSuspiciousness= 0.302
original statement= delta = 0.5 * dx
fixed statement= 
generation= 951
ingredientScope= -
validation=
failing: |true|0|1|[]|
manual_regression: |false|3|2106|[testQuinticZero(org.apache.commons.math.analysis.solvers.BrentSolverTest): null-, testCumulative(org.apache.commons.math.distribution.BetaDistributionTest): Maximal number of iterations (100) exceeded-, testIllConditioned(org.apache.commons.math.optimization.general.NonLinearConjugateGradientOptimizerTest): -]|
evo_regression: |false|4|36|[test30(org.apache.commons.math.analysis.solvers.BrentSolver_ESTest): expected:<22> but was:<60>-, test01(org.apache.commons.math.analysis.solvers.BrentSolver_ESTest): Maximal number of iterations (100) exceeded-, test00(org.apache.commons.math.analysis.solvers.BrentSolver_ESTest): expected:<10> but was:<9>-, test22(org.apache.commons.math.analysis.solvers.BrentSolver_ESTest): expected:<32> but was:<35>-]|
 ----
ProgramVariant 2032
 
time(sec)= 5399
operation: ReplaceOp
location= org.apache.commons.math.ConvergingAlgorithmImpl
line= 78
lineSuspiciousness= 0.103
original statement= absoluteAccuracy = accuracy
fixed statement= org.apache.commons.math.ConvergingAlgorithmImpl.this.relativeAccuracy = defaultRelativeAccuracy
generation= 1016
ingredientScope= LOCAL
validation=
failing: |true|0|1|[]|
manual_regression: |false|10|2106|[testSmallStep(org.apache.commons.math.ode.FirstOrderConverterTest): null-, testDecreasingSteps(org.apache.commons.math.ode.nonstiff.ClassicalRungeKuttaIntegratorTest): null-, testUnstableDerivative(org.apache.commons.math.ode.nonstiff.DormandPrince853IntegratorTest): expected:<8.0> but was:<0.0>-, testEvents(org.apache.commons.math.ode.nonstiff.DormandPrince853IntegratorTest): null-, testDecreasingSteps(org.apache.commons.math.ode.nonstiff.GillIntegratorTest): null-, testUnstableDerivative(org.apache.commons.math.ode.nonstiff.GillIntegratorTest): expected:<8.0> but was:<7.700000249999773>-, testUnstableDerivative(org.apache.commons.math.ode.nonstiff.GraggBulirschStoerIntegratorTest): expected:<8.0> but was:<6.877740483045859>-, testDecreasingSteps(org.apache.commons.math.ode.nonstiff.MidpointIntegratorTest): null-, testDecreasingSteps(org.apache.commons.math.ode.nonstiff.ThreeEighthesIntegratorTest): null-, testQuinticMin(org.apache.commons.math.optimization.MultiStartUnivariateRealOptimizerTest): expected:<-0.27195612846834> but was:<-0.27195612961245835>-]|
evo_regression: |false|3|18|[test04(org.apache.commons.math.ConvergingAlgorithmImpl_ESTest): expected:<820.07561931061> but was:<1.0E-6>-, test13(org.apache.commons.math.ConvergingAlgorithmImpl_ESTest): expected:<-1997.7297> but was:<1.0E-6>-, test01(org.apache.commons.math.ConvergingAlgorithmImpl_ESTest): expected:<-587.1656304193414> but was:<1.0E-15>-]|
 ----
ProgramVariant 2104
 
time(sec)= 5538
operation: RemoveOp
location= org.apache.commons.math.analysis.solvers.BrentSolver
line= 282
lineSuspiciousness= 0.302
original statement= delta = 0.5 * dx
fixed statement= 
generation= 1052
ingredientScope= -
validation=
failing: |true|0|1|[]|
manual_regression: |false|3|2106|[testQuinticZero(org.apache.commons.math.analysis.solvers.BrentSolverTest): null-, testCumulative(org.apache.commons.math.distribution.BetaDistributionTest): Maximal number of iterations (100) exceeded-, testIllConditioned(org.apache.commons.math.optimization.general.NonLinearConjugateGradientOptimizerTest): -]|
evo_regression: |false|4|36|[test30(org.apache.commons.math.analysis.solvers.BrentSolver_ESTest): expected:<22> but was:<60>-, test01(org.apache.commons.math.analysis.solvers.BrentSolver_ESTest): Maximal number of iterations (100) exceeded-, test00(org.apache.commons.math.analysis.solvers.BrentSolver_ESTest): expected:<10> but was:<9>-, test22(org.apache.commons.math.analysis.solvers.BrentSolver_ESTest): expected:<32> but was:<35>-]|
 ----
ProgramVariant 2136
 
time(sec)= 5656
operation: RemoveOp
location= org.apache.commons.math.ode.events.EventState
line= 216
lineSuspiciousness= 0.108
original statement= solver.setAbsoluteAccuracy(convergence)
fixed statement= 
generation= 1068
ingredientScope= -
validation=
failing: |true|0|1|[]|
manual_regression: |false|9|2106|[testSmallStep(org.apache.commons.math.ode.FirstOrderConverterTest): null-, testDecreasingSteps(org.apache.commons.math.ode.nonstiff.ClassicalRungeKuttaIntegratorTest): null-, testUnstableDerivative(org.apache.commons.math.ode.nonstiff.DormandPrince853IntegratorTest): expected:<8.0> but was:<0.0>-, testEvents(org.apache.commons.math.ode.nonstiff.DormandPrince853IntegratorTest): null-, testDecreasingSteps(org.apache.commons.math.ode.nonstiff.GillIntegratorTest): null-, testUnstableDerivative(org.apache.commons.math.ode.nonstiff.GillIntegratorTest): expected:<8.0> but was:<7.700000249999773>-, testUnstableDerivative(org.apache.commons.math.ode.nonstiff.GraggBulirschStoerIntegratorTest): expected:<8.0> but was:<6.877740483045859>-, testDecreasingSteps(org.apache.commons.math.ode.nonstiff.MidpointIntegratorTest): null-, testDecreasingSteps(org.apache.commons.math.ode.nonstiff.ThreeEighthesIntegratorTest): null-]|
evo_regression: |true|0|22|[]|
 ----
ProgramVariant 2142
 
time(sec)= 5768
operation: ReplaceOp
location= org.apache.commons.math.analysis.solvers.BrentSolver
line= 282
lineSuspiciousness= 0.302
original statement= delta = 0.5 * dx
fixed statement= p = dx * r3
generation= 1071
ingredientScope= LOCAL
validation=
failing: |true|0|1|[]|
manual_regression: |false|3|2106|[testQuinticZero(org.apache.commons.math.analysis.solvers.BrentSolverTest): null-, testCumulative(org.apache.commons.math.distribution.BetaDistributionTest): Maximal number of iterations (100) exceeded-, testIllConditioned(org.apache.commons.math.optimization.general.NonLinearConjugateGradientOptimizerTest): -]|
evo_regression: |false|4|36|[test30(org.apache.commons.math.analysis.solvers.BrentSolver_ESTest): expected:<22> but was:<60>-, test01(org.apache.commons.math.analysis.solvers.BrentSolver_ESTest): Maximal number of iterations (100) exceeded-, test00(org.apache.commons.math.analysis.solvers.BrentSolver_ESTest): expected:<10> but was:<9>-, test22(org.apache.commons.math.analysis.solvers.BrentSolver_ESTest): expected:<32> but was:<35>-]|
 ----
ProgramVariant 2198
 
time(sec)= 5899
operation: InsertBeforeOp
location= org.apache.commons.math.ode.events.EventState
line= 177
lineSuspiciousness= 0.107
original statement= double ta = t0
fixed statement= final double t0 = interpolator.getPreviousTime()
generation= 1099
ingredientScope= PACKAGE
validation=
failing: |true|0|1|[]|
manual_regression: |true|0|2106|[]|
evo_regression: |true|0|22|[]|
 ----
ProgramVariant 2234
 
time(sec)= 6022
operation: ReplaceOp
location= org.apache.commons.math.ConvergingAlgorithmImpl
line= 78
lineSuspiciousness= 0.103
original statement= absoluteAccuracy = accuracy
fixed statement= org.apache.commons.math.ConvergingAlgorithmImpl.this.defaultRelativeAccuracy = 1.0E-14
generation= 1117
ingredientScope= LOCAL
validation=
failing: |true|0|1|[]|
manual_regression: |false|10|2106|[testSmallStep(org.apache.commons.math.ode.FirstOrderConverterTest): null-, testDecreasingSteps(org.apache.commons.math.ode.nonstiff.ClassicalRungeKuttaIntegratorTest): null-, testUnstableDerivative(org.apache.commons.math.ode.nonstiff.DormandPrince853IntegratorTest): expected:<8.0> but was:<0.0>-, testEvents(org.apache.commons.math.ode.nonstiff.DormandPrince853IntegratorTest): null-, testDecreasingSteps(org.apache.commons.math.ode.nonstiff.GillIntegratorTest): null-, testUnstableDerivative(org.apache.commons.math.ode.nonstiff.GillIntegratorTest): expected:<8.0> but was:<7.700000249999773>-, testUnstableDerivative(org.apache.commons.math.ode.nonstiff.GraggBulirschStoerIntegratorTest): expected:<8.0> but was:<6.877740483045859>-, testDecreasingSteps(org.apache.commons.math.ode.nonstiff.MidpointIntegratorTest): null-, testDecreasingSteps(org.apache.commons.math.ode.nonstiff.ThreeEighthesIntegratorTest): null-, testQuinticMin(org.apache.commons.math.optimization.MultiStartUnivariateRealOptimizerTest): expected:<-0.27195612846834> but was:<-0.27195612961245835>-]|
evo_regression: |false|3|18|[test04(org.apache.commons.math.ConvergingAlgorithmImpl_ESTest): expected:<820.07561931061> but was:<1.0E-6>-, test13(org.apache.commons.math.ConvergingAlgorithmImpl_ESTest): expected:<-1997.7297> but was:<1.0E-6>-, test01(org.apache.commons.math.ConvergingAlgorithmImpl_ESTest): expected:<-587.1656304193414> but was:<1.0E-15>-]|
 ----
ProgramVariant 2296
 
time(sec)= 6164
operation: ReplaceOp
location= org.apache.commons.math.ConvergingAlgorithmImpl
line= 93
lineSuspiciousness= 0.103
original statement= maximalIterationCount = count
fixed statement= org.apache.commons.math.ConvergingAlgorithmImpl.this.absoluteAccuracy = defaultAbsoluteAccuracy
generation= 1148
ingredientScope= LOCAL
validation=
failing: |true|0|1|[]|
manual_regression: |false|15|2106|[testParameters(org.apache.commons.math.analysis.integration.RombergIntegratorTest): Expecting IllegalArgumentException - bad iteration limits-, testParameters(org.apache.commons.math.analysis.integration.SimpsonIntegratorTest): Expecting IllegalArgumentException - bad iteration limits-, testParameters(org.apache.commons.math.analysis.integration.TrapezoidIntegratorTest): Expecting IllegalArgumentException - bad iteration limits-, testSmallStep(org.apache.commons.math.ode.FirstOrderConverterTest): null-, testDecreasingSteps(org.apache.commons.math.ode.nonstiff.ClassicalRungeKuttaIntegratorTest): null-, testUnstableDerivative(org.apache.commons.math.ode.nonstiff.DormandPrince853IntegratorTest): expected:<8.0> but was:<0.0>-, testEvents(org.apache.commons.math.ode.nonstiff.DormandPrince853IntegratorTest): null-, testDecreasingSteps(org.apache.commons.math.ode.nonstiff.GillIntegratorTest): null-, testUnstableDerivative(org.apache.commons.math.ode.nonstiff.GillIntegratorTest): expected:<8.0> but was:<7.700000249999773>-, testUnstableDerivative(org.apache.commons.math.ode.nonstiff.GraggBulirschStoerIntegratorTest): expected:<8.0> but was:<6.877740483045859>-, testEventsNoConvergence(org.apache.commons.math.ode.nonstiff.HighamHall54IntegratorTest): an exception should have been thrown-, testDecreasingSteps(org.apache.commons.math.ode.nonstiff.MidpointIntegratorTest): null-, testDecreasingSteps(org.apache.commons.math.ode.nonstiff.ThreeEighthesIntegratorTest): null-, testQuinticMin(org.apache.commons.math.optimization.MultiStartUnivariateRealOptimizerTest): expected:<-0.27195612846834> but was:<-0.27195612961245835>-, testQuinticMax(org.apache.commons.math.optimization.univariate.BrentMinimizerTest): an exception should have been thrown-]|
evo_regression: |false|3|18|[test09(org.apache.commons.math.ConvergingAlgorithmImpl_ESTest): expected:<0> but was:<100>-, test03(org.apache.commons.math.ConvergingAlgorithmImpl_ESTest): expected:<-161> but was:<100>-, test10(org.apache.commons.math.ConvergingAlgorithmImpl_ESTest): expected:<-2734> but was:<64>-]|
 ----
ProgramVariant 2300
 
time(sec)= 6276
operation: RemoveOp
location= org.apache.commons.math.analysis.solvers.BrentSolver
line= 282
lineSuspiciousness= 0.302
original statement= delta = 0.5 * dx
fixed statement= 
generation= 1150
ingredientScope= -
validation=
failing: |true|0|1|[]|
manual_regression: |false|3|2106|[testQuinticZero(org.apache.commons.math.analysis.solvers.BrentSolverTest): null-, testCumulative(org.apache.commons.math.distribution.BetaDistributionTest): Maximal number of iterations (100) exceeded-, testIllConditioned(org.apache.commons.math.optimization.general.NonLinearConjugateGradientOptimizerTest): -]|
evo_regression: |false|4|36|[test30(org.apache.commons.math.analysis.solvers.BrentSolver_ESTest): expected:<22> but was:<60>-, test01(org.apache.commons.math.analysis.solvers.BrentSolver_ESTest): Maximal number of iterations (100) exceeded-, test00(org.apache.commons.math.analysis.solvers.BrentSolver_ESTest): expected:<10> but was:<9>-, test22(org.apache.commons.math.analysis.solvers.BrentSolver_ESTest): expected:<32> but was:<35>-]|
 ----
ProgramVariant 2308
 
time(sec)= 6390
operation: RemoveOp
location= org.apache.commons.math.ode.events.EventState
line= 285
lineSuspiciousness= 0.107
original statement= t0 = t
fixed statement= 
generation= 1154
ingredientScope= -
validation=
failing: |true|0|1|[]|
manual_regression: |false|44|2106|[testDecreasingSteps(org.apache.commons.math.ode.nonstiff.ClassicalRungeKuttaIntegratorTest): function values at endpoints do not have different signs.  Endpoints: 0, 5.7, Values: 21.969, 0.544-, testEvents(org.apache.commons.math.ode.nonstiff.DormandPrince54IntegratorTest): function values at endpoints do not have different signs.  Endpoints: 0, 5.165, Values: 18.004, 0.082-, testUnstableDerivative(org.apache.commons.math.ode.nonstiff.DormandPrince853IntegratorTest): function values at endpoints do not have different signs.  Endpoints: 0, 1, Values: -2, -1-, testEvents(org.apache.commons.math.ode.nonstiff.DormandPrince853IntegratorTest): function values at endpoints do not have different signs.  Endpoints: 0, 5.462, Values: 7.188, 0.37-, testDecreasingSteps(org.apache.commons.math.ode.nonstiff.GillIntegratorTest): function values at endpoints do not have different signs.  Endpoints: 0, 5.224, Values: 18.701, 0.138-, testUnstableDerivative(org.apache.commons.math.ode.nonstiff.GillIntegratorTest): function values at endpoints do not have different signs.  Endpoints: 0, 0.767, Values: -2, -1.233-, testUnstableDerivative(org.apache.commons.math.ode.nonstiff.GraggBulirschStoerIntegratorTest): function values at endpoints do not have different signs.  Endpoints: 0, 0.781, Values: -2, -1.219-, testEvents(org.apache.commons.math.ode.nonstiff.GraggBulirschStoerIntegratorTest): function values at endpoints do not have different signs.  Endpoints: 0, 1.942, Values: -5.731, -0-, testEvents(org.apache.commons.math.ode.nonstiff.HighamHall54IntegratorTest): function values at endpoints do not have different signs.  Endpoints: 0, 5.145, Values: 17.108, 0.061-, testDecreasingSteps(org.apache.commons.math.ode.nonstiff.MidpointIntegratorTest): function values at endpoints do not have different signs.  Endpoints: 0, 11.247, Values: 3.1, 0.286-, testDecreasingSteps(org.apache.commons.math.ode.nonstiff.ThreeEighthesIntegratorTest): function values at endpoints do not have different signs.  Endpoints: 0, 5.7, Values: 21.969, 0.544-]|
evo_regression: |true|0|22|[]|
 ----
ProgramVariant 2338
 
time(sec)= 6511
operation: RemoveOp
location= org.apache.commons.math.ode.events.EventState
line= 285
lineSuspiciousness= 0.107
original statement= t0 = t
fixed statement= 
generation= 1169
ingredientScope= -
validation=
failing: |true|0|1|[]|
manual_regression: |false|44|2106|[testDecreasingSteps(org.apache.commons.math.ode.nonstiff.ClassicalRungeKuttaIntegratorTest): function values at endpoints do not have different signs.  Endpoints: 0, 5.7, Values: 21.969, 0.544-, testEvents(org.apache.commons.math.ode.nonstiff.DormandPrince54IntegratorTest): function values at endpoints do not have different signs.  Endpoints: 0, 5.165, Values: 18.004, 0.082-, testUnstableDerivative(org.apache.commons.math.ode.nonstiff.DormandPrince853IntegratorTest): function values at endpoints do not have different signs.  Endpoints: 0, 1, Values: -2, -1-, testEvents(org.apache.commons.math.ode.nonstiff.DormandPrince853IntegratorTest): function values at endpoints do not have different signs.  Endpoints: 0, 5.462, Values: 7.188, 0.37-, testDecreasingSteps(org.apache.commons.math.ode.nonstiff.GillIntegratorTest): function values at endpoints do not have different signs.  Endpoints: 0, 5.224, Values: 18.701, 0.138-, testUnstableDerivative(org.apache.commons.math.ode.nonstiff.GillIntegratorTest): function values at endpoints do not have different signs.  Endpoints: 0, 0.767, Values: -2, -1.233-, testUnstableDerivative(org.apache.commons.math.ode.nonstiff.GraggBulirschStoerIntegratorTest): function values at endpoints do not have different signs.  Endpoints: 0, 0.781, Values: -2, -1.219-, testEvents(org.apache.commons.math.ode.nonstiff.GraggBulirschStoerIntegratorTest): function values at endpoints do not have different signs.  Endpoints: 0, 1.942, Values: -5.731, -0-, testEvents(org.apache.commons.math.ode.nonstiff.HighamHall54IntegratorTest): function values at endpoints do not have different signs.  Endpoints: 0, 5.145, Values: 17.108, 0.061-, testDecreasingSteps(org.apache.commons.math.ode.nonstiff.MidpointIntegratorTest): function values at endpoints do not have different signs.  Endpoints: 0, 11.247, Values: 3.1, 0.286-, testDecreasingSteps(org.apache.commons.math.ode.nonstiff.ThreeEighthesIntegratorTest): function values at endpoints do not have different signs.  Endpoints: 0, 5.7, Values: 21.969, 0.544-]|
evo_regression: |true|0|22|[]|
 ----
ProgramVariant 2506
 
time(sec)= 6680
operation: RemoveOp
location= org.apache.commons.math.analysis.solvers.BrentSolver
line= 282
lineSuspiciousness= 0.302
original statement= delta = 0.5 * dx
fixed statement= 
generation= 1253
ingredientScope= -
validation=
failing: |true|0|1|[]|
manual_regression: |false|3|2106|[testQuinticZero(org.apache.commons.math.analysis.solvers.BrentSolverTest): null-, testCumulative(org.apache.commons.math.distribution.BetaDistributionTest): Maximal number of iterations (100) exceeded-, testIllConditioned(org.apache.commons.math.optimization.general.NonLinearConjugateGradientOptimizerTest): -]|
evo_regression: |false|4|36|[test30(org.apache.commons.math.analysis.solvers.BrentSolver_ESTest): expected:<22> but was:<60>-, test01(org.apache.commons.math.analysis.solvers.BrentSolver_ESTest): Maximal number of iterations (100) exceeded-, test00(org.apache.commons.math.analysis.solvers.BrentSolver_ESTest): expected:<10> but was:<9>-, test22(org.apache.commons.math.analysis.solvers.BrentSolver_ESTest): expected:<32> but was:<35>-]|
 ----
ProgramVariant 2512
 
time(sec)= 6791
operation: RemoveOp
location= org.apache.commons.math.analysis.solvers.BrentSolver
line= 282
lineSuspiciousness= 0.302
original statement= delta = 0.5 * dx
fixed statement= 
generation= 1256
ingredientScope= -
validation=
failing: |true|0|1|[]|
manual_regression: |false|3|2106|[testQuinticZero(org.apache.commons.math.analysis.solvers.BrentSolverTest): null-, testCumulative(org.apache.commons.math.distribution.BetaDistributionTest): Maximal number of iterations (100) exceeded-, testIllConditioned(org.apache.commons.math.optimization.general.NonLinearConjugateGradientOptimizerTest): -]|
evo_regression: |false|4|36|[test30(org.apache.commons.math.analysis.solvers.BrentSolver_ESTest): expected:<22> but was:<60>-, test01(org.apache.commons.math.analysis.solvers.BrentSolver_ESTest): Maximal number of iterations (100) exceeded-, test00(org.apache.commons.math.analysis.solvers.BrentSolver_ESTest): expected:<10> but was:<9>-, test22(org.apache.commons.math.analysis.solvers.BrentSolver_ESTest): expected:<32> but was:<35>-]|
 ----
ProgramVariant 2526
 
time(sec)= 6904
operation: InsertAfterOp
location= org.apache.commons.math.analysis.solvers.BrentSolver
line= 283
lineSuspiciousness= 0.302
original statement= oldDelta = delta
fixed statement= delta = p / p1
generation= 1263
ingredientScope= LOCAL
validation=
failing: |true|0|1|[]|
manual_regression: |false|2|2106|[testQuinticZero(org.apache.commons.math.analysis.solvers.BrentSolverTest): null-, testCumulative(org.apache.commons.math.distribution.BetaDistributionTest): Maximal number of iterations (100) exceeded-]|
evo_regression: |false|5|36|[test30(org.apache.commons.math.analysis.solvers.BrentSolver_ESTest): Maximal number of iterations (100) exceeded-, test11(org.apache.commons.math.analysis.solvers.BrentSolver_ESTest): Expecting exception: Exception-, test01(org.apache.commons.math.analysis.solvers.BrentSolver_ESTest): expected:<50> but was:<16>-, test00(org.apache.commons.math.analysis.solvers.BrentSolver_ESTest): expected:<10> but was:<14>-, test22(org.apache.commons.math.analysis.solvers.BrentSolver_ESTest): expected:<32> but was:<42>-]|
 ----
ProgramVariant 2532
 
time(sec)= 7017
operation: RemoveOp
location= org.apache.commons.math.analysis.solvers.BrentSolver
line= 282
lineSuspiciousness= 0.302
original statement= delta = 0.5 * dx
fixed statement= 
generation= 1266
ingredientScope= -
validation=
failing: |true|0|1|[]|
manual_regression: |false|3|2106|[testQuinticZero(org.apache.commons.math.analysis.solvers.BrentSolverTest): null-, testCumulative(org.apache.commons.math.distribution.BetaDistributionTest): Maximal number of iterations (100) exceeded-, testIllConditioned(org.apache.commons.math.optimization.general.NonLinearConjugateGradientOptimizerTest): -]|
evo_regression: |false|4|36|[test30(org.apache.commons.math.analysis.solvers.BrentSolver_ESTest): expected:<22> but was:<60>-, test01(org.apache.commons.math.analysis.solvers.BrentSolver_ESTest): Maximal number of iterations (100) exceeded-, test00(org.apache.commons.math.analysis.solvers.BrentSolver_ESTest): expected:<10> but was:<9>-, test22(org.apache.commons.math.analysis.solvers.BrentSolver_ESTest): expected:<32> but was:<35>-]|
 ----
ProgramVariant 2558
 
time(sec)= 7136
operation: InsertBeforeOp
location= org.apache.commons.math.ode.events.EventState
line= 180
lineSuspiciousness= 0.107
original statement= for (int i = 0 ; i < n ; ++i) {
	tb += h;
	interpolator.setInterpolatedTime(tb);
	final double gb = handler.g(tb, interpolator.getInterpolatedState());
	if ((g0Positive) ^ (gb >= 0)) {
		increasing = gb >= ga;
		final org.apache.commons.math.analysis.UnivariateRealFunction f = new org.apache.commons.math.analysis.UnivariateRealFunction() {
			public double value(final double t) throws org.apache.commons.math.FunctionEvaluationException {
				try {
					interpolator.setInterpolatedTime(t);
					return handler.g(t, interpolator.getInterpolatedState());
				} catch (org.apache.commons.math.ode.DerivativeException e) {
					throw new org.apache.commons.math.FunctionEvaluationException(e , t);
				} catch (org.apache.commons.math.ode.events.EventException e) {
					throw new org.apache.commons.math.FunctionEvaluationException(e , t);
				}
			}
		};
		final org.apache.commons.math.analysis.solvers.BrentSolver solver = new org.apache.commons.math.analysis.solvers.BrentSolver();
		solver.setAbsoluteAccuracy(convergence);
		solver.setMaximalIterationCount(maxIterationCount);
		final double root = ta <= tb ? solver.solve(f, ta, tb) : solver.solve(f, tb, ta);
		if (((java.lang.Math.abs((root - ta))) <= (convergence)) && ((java.lang.Math.abs((root - (previousEventTime)))) <= (convergence))) {
			ta = tb;
			ga = gb;
		} else {
			if ((java.lang.Double.isNaN(previousEventTime)) || ((java.lang.Math.abs(((previousEventTime) - root))) > (convergence))) {
				pendingEventTime = root;
				if ((pendingEvent) && ((java.lang.Math.abs((t1 - (pendingEventTime)))) <= (convergence))) {
					return false;
				} 
				pendingEvent = true;
				return true;
			} 
		}
	} else {
		ta = tb;
		ga = gb;
	}
}
fixed statement= ta = tb
generation= 1279
ingredientScope= LOCAL
validation=
failing: |true|0|1|[]|
manual_regression: |true|0|2106|[]|
evo_regression: |true|0|22|[]|
 ----
ProgramVariant 2564
 
time(sec)= 7248
operation: InsertAfterOp
location= org.apache.commons.math.analysis.solvers.BrentSolver
line= 267
lineSuspiciousness= 0.171
original statement= double r1 = y0 / y2
fixed statement= if (dx > 0.0) {
	x1 = x1 + (0.5 * tolerance);
} else {
	if (dx <= 0.0) {
		x1 = x1 - (0.5 * tolerance);
	} 
}
generation= 1282
ingredientScope= LOCAL
validation=
failing: |true|0|1|[]|
manual_regression: |false|4|2106|[testInverseCumulativeProbabilities(org.apache.commons.math.distribution.FDistributionTest): Incorrect inverse cumulative probability value returned for 0.999 expected:<20.80266> but was:<20.802664457589124>-, testTwoSets(org.apache.commons.math.optimization.general.NonLinearConjugateGradientOptimizerTest): expected:<3.0> but was:<3.00000000047094>-, testIllConditioned(org.apache.commons.math.optimization.general.NonLinearConjugateGradientOptimizerTest): expected:<-81.0> but was:<-80.11353824996328>-, testInference(org.apache.commons.math.stat.regression.SimpleRegressionTest): slope conf interval half-width expected:<2.97802204827> but was:<2.9780225751913574>-]|
evo_regression: |false|3|36|[test07(org.apache.commons.math.analysis.solvers.BrentSolver_ESTest): expected:<8> but was:<7>-, test23(org.apache.commons.math.analysis.solvers.BrentSolver_ESTest): expected:<4> but was:<3>-, test22(org.apache.commons.math.analysis.solvers.BrentSolver_ESTest): expected:<32> but was:<33>-]|
 ----
ProgramVariant 2574
 
time(sec)= 7362
operation: ReplaceOp
location= org.apache.commons.math.ConvergingAlgorithmImpl
line= 78
lineSuspiciousness= 0.103
original statement= absoluteAccuracy = accuracy
fixed statement= org.apache.commons.math.ConvergingAlgorithmImpl.this.iterationCount = 0
generation= 1287
ingredientScope= LOCAL
validation=
failing: |true|0|1|[]|
manual_regression: |false|10|2106|[testSmallStep(org.apache.commons.math.ode.FirstOrderConverterTest): null-, testDecreasingSteps(org.apache.commons.math.ode.nonstiff.ClassicalRungeKuttaIntegratorTest): null-, testUnstableDerivative(org.apache.commons.math.ode.nonstiff.DormandPrince853IntegratorTest): expected:<8.0> but was:<0.0>-, testEvents(org.apache.commons.math.ode.nonstiff.DormandPrince853IntegratorTest): null-, testDecreasingSteps(org.apache.commons.math.ode.nonstiff.GillIntegratorTest): null-, testUnstableDerivative(org.apache.commons.math.ode.nonstiff.GillIntegratorTest): expected:<8.0> but was:<7.700000249999773>-, testUnstableDerivative(org.apache.commons.math.ode.nonstiff.GraggBulirschStoerIntegratorTest): expected:<8.0> but was:<6.877740483045859>-, testDecreasingSteps(org.apache.commons.math.ode.nonstiff.MidpointIntegratorTest): null-, testDecreasingSteps(org.apache.commons.math.ode.nonstiff.ThreeEighthesIntegratorTest): null-, testQuinticMin(org.apache.commons.math.optimization.MultiStartUnivariateRealOptimizerTest): expected:<-0.27195612846834> but was:<-0.27195612961245835>-]|
evo_regression: |false|3|18|[test04(org.apache.commons.math.ConvergingAlgorithmImpl_ESTest): expected:<820.07561931061> but was:<1.0E-6>-, test13(org.apache.commons.math.ConvergingAlgorithmImpl_ESTest): expected:<-1997.7297> but was:<1.0E-6>-, test01(org.apache.commons.math.ConvergingAlgorithmImpl_ESTest): expected:<-587.1656304193414> but was:<1.0E-15>-]|
[INFO ] fr.inria.main.evolution.AstorMain.run(AstorMain.java:397) - Time Total(s): 7385.251


Node: grisou-2.nancy.grid5000.fr


Date: Sat Jan 28 11:29:04 CET 2017

removed classes 

zipped 

copied zip 


