seed AstorRun 11 
export PATH="/home/mmartinez/defects4j/framework/bin:$PATH";export JAVA_TOOL_OPTIONS=-Dfile.encoding=UTF8;export PATH="/usr/lib/jvm/java-1.7.0-openjdk-amd64/bin/:$PATH";cd /home/mmartinez/projects/chart/chart_26;defects4j compile;cp -r /home/mmartinez/projects/chart/chart_26 /tmp/chart_26_Genprog_local_s1;cd /tmp/chart_26_Genprog_local_s1;mkdir lib/;cp -r /home/mmartinez/defects4j/framework/projects/lib/* lib/;cp -r /home/mmartinez/defects4j/framework/projects/Chart/lib/* lib/;find . -type f -name "package-info.java" -delete;
/home/mmartinez/defects4j-repair/src/python/core/../../../results/2016-june/Chart/seed/11/package/26/Genprog/result
cd /tmp/chart_26_Genprog_local_s1;export JAVA_TOOL_OPTIONS=-Dfile.encoding=UTF8;TZ="America/New_York"; export TZexport PATH="/usr/lib/jvm/java-1.7.0-openjdk-amd64/bin/:$PATH";time /home/mmartinez/jdk1.8.0_45/bin//java -Xmx4096m -cp /home/mmartinez/defects4j-repair/src/python/core/../../..//libs/astor.jar fr.inria.main.evolution.MainjGenProg -mode statement -location . -id Chart -dependencies lib/ -failing org.jfree.chart.junit.AreaChartTests:org.jfree.chart.junit.BarChart3DTests:org.jfree.chart.junit.BarChartTests:org.jfree.chart.junit.GanttChartTests:org.jfree.chart.junit.GanttChartTests:org.jfree.chart.junit.LineChart3DTests:org.jfree.chart.junit.LineChartTests:org.jfree.chart.junit.StackedAreaChartTests:org.jfree.chart.junit.StackedBarChart3DTests:org.jfree.chart.junit.StackedBarChartTests:org.jfree.chart.junit.WaterfallChartTests:org.jfree.chart.plot.junit.CategoryPlotTests:org.jfree.chart.plot.junit.CategoryPlotTests:org.jfree.chart.plot.junit.CategoryPlotTests:org.jfree.chart.renderer.category.junit.BoxAndWhiskerRendererTests:org.jfree.chart.renderer.category.junit.GroupedStackedBarRendererTests:org.jfree.chart.renderer.category.junit.IntervalBarRendererTests:org.jfree.chart.renderer.category.junit.LayeredBarRendererTests:org.jfree.chart.renderer.category.junit.LevelRendererTests:org.jfree.chart.renderer.category.junit.MinMaxCategoryRendererTests:org.jfree.chart.renderer.category.junit.StatisticalBarRendererTests:org.jfree.chart.renderer.category.junit.StatisticalLineAndShapeRendererTests: -package org.jfree -jvm4testexecution /usr/lib/jvm/java-1.7.0-openjdk-amd64/bin/ -jvm4evosuitetestexecution /home/mmartinez/jdk1.8.0_45/bin/ -javacompliancelevel 4 -maxgen 1000000 -seed 11 -scope package -maxtime 120  -stopfirst false -population 1 -srcjavafolder source/ -srctestfolder tests/ -binjavafolder build/ -bintestfolder build-tests/ -flthreshold 0.1  -validation  fr.inria.astor.core.validation.validators.RegressionValidation  -ESParameters -Dassertion_timeout=1800:-Dminimization_timeout=1800:-Djunit_check_timeout=1800:-Dwrite_junit_timeout=300:-Dinitialization_timeout=300:-Dglobal_timeout=18000:-Dsearch_budget=100000:-Dstopping_condition=MaxStatements:-Dno_runtime_dependency=true:-Dsandbox=false:-Dp_reflection_on_private=0.0:-Dreflection_start_percent=1.0:-Dp_functional_mocking=0.0:-Dfunctional_mocking_percent=1.0:-mem=2000 -ignoredtestcases org.apache.commons.lang.LocaleUtilsTest  -excludeRegression  -maxgen 100000000 ;echo "

Node: `hostname`
";echo "
Date: `date`
"; find /tmp/chart_26_Genprog_local_s1/outputMutation -name "*.class" -type f -delete;echo "removed classes 
"; find . -name bin  -type d -print0|xargs -0 rm -r --; zip -r -q out.zip /tmp/chart_26_Genprog_local_s1/outputMutation; echo "zipped 
";cp out.zip /home/mmartinez/defects4j-repair/src/python/core/../../../results/2016-june/Chart/seed/11/package/26/Genprog; echo "copied zip 
";rm -rf /tmp/chart_26_Genprog_local_s1;

[DEBUG] fr.inria.astor.core.loop.AstorCoreEngine.showResults(AstorCoreEngine.java:136) - End Repair Loops: Found solution
[DEBUG] fr.inria.astor.core.loop.AstorCoreEngine.showResults(AstorCoreEngine.java:137) - Solution stored at: /tmp/chart_26_Genprog_local_s1/./outputMutation/AstorMain-Chart//src/
[DEBUG] fr.inria.astor.core.loop.AstorCoreEngine.showResults(AstorCoreEngine.java:142) - 
Number solutions:2
[DEBUG] fr.inria.astor.core.loop.AstorCoreEngine.showResults(AstorCoreEngine.java:144) - f (sol): 0.0, [Variant id: 742 (SOL) , #gens: 952, #ops: 1, parent:741]
[DEBUG] fr.inria.astor.core.loop.AstorCoreEngine.showResults(AstorCoreEngine.java:144) - f (sol): 1.0, [Variant id: 1636 (SOL) , #gens: 951, #ops: 1, parent:1635]
[DEBUG] fr.inria.astor.core.loop.AstorCoreEngine.showResults(AstorCoreEngine.java:146) - 
All variants:
[DEBUG] fr.inria.astor.core.loop.AstorCoreEngine.showResults(AstorCoreEngine.java:148) - f 30.0, [Variant id: 2117, #gens: 952, #ops: 0, parent:-]
[INFO ] fr.inria.astor.core.loop.AstorCoreEngine.showResults(AstorCoreEngine.java:152) - 
Solution details
[INFO ] fr.inria.astor.core.loop.AstorCoreEngine.showResults(AstorCoreEngine.java:153) - 
 --SOLUTIONS DESCRIPTION--

 ----
ProgramVariant 742
 
time(sec)= 2710
operation: ReplaceOp
location= org.jfree.chart.JFreeChart
line= 1181
lineSuspiciousness= 0.67
original statement= nonTitleArea.setRect(chartArea)
fixed statement= g2.setComposite(java.awt.AlphaComposite.getInstance(java.awt.AlphaComposite.SRC_OVER, org.jfree.chart.JFreeChart.this.backgroundImageAlpha))
generation= 371
ingredientScope= LOCAL
validation=
failing: |true|0|129|[]|
manual_regression: |true|0|3191|[]|
evo_regression: |false|0|0|[]|
 ----
ProgramVariant 1636
 
time(sec)= 5751
operation: RemoveOp
location= org.jfree.chart.axis.Axis
line= 1190
lineSuspiciousness= 0.699
original statement= if ((plotState != null) && (hotspot != null)) {
	org.jfree.chart.ChartRenderingInfo owner = plotState.getOwner();
	org.jfree.chart.entity.EntityCollection entities = owner.getEntityCollection();
	if (entities != null) {
		entities.add(new org.jfree.chart.entity.AxisLabelEntity(org.jfree.chart.axis.Axis.this , hotspot , org.jfree.chart.axis.Axis.this.labelToolTip , org.jfree.chart.axis.Axis.this.labelURL));
	} 
} 
fixed statement= 
generation= 818
ingredientScope= -
validation=
failing: |true|0|129|[]|
manual_regression: |true|0|3191|[]|
evo_regression: |false|1|93|[test53(org.jfree.chart.axis.Axis_ESTest): expected:<2> but was:<1>-]|
[INFO ] fr.inria.main.evolution.AstorMain.run(AstorMain.java:397) - Time Total(s): 8668.785


Node: graphene-88.nancy.grid5000.fr


Date: Sun Jan 15 00:49:23 CET 2017

removed classes 

zipped 

copied zip 


