seed AstorRun 9 
export PATH="/home/mmartinez/defects4j/framework/bin:$PATH";export JAVA_TOOL_OPTIONS=-Dfile.encoding=UTF8;export PATH="/usr/lib/jvm/java-1.7.0-openjdk-amd64/bin/:$PATH";cd /home/mmartinez/projects/chart/chart_13;defects4j compile;cp -r /home/mmartinez/projects/chart/chart_13 /tmp/chart_13_Genprog_local_s1;cd /tmp/chart_13_Genprog_local_s1;mkdir lib/;cp -r /home/mmartinez/defects4j/framework/projects/lib/* lib/;cp -r /home/mmartinez/defects4j/framework/projects/Chart/lib/* lib/;find . -type f -name "package-info.java" -delete;
/home/mmartinez/defects4j-repair/src/python/core/../../../results/2016-june/Chart/seed/9/package/13/Genprog/result
cd /tmp/chart_13_Genprog_local_s1;export JAVA_TOOL_OPTIONS=-Dfile.encoding=UTF8;TZ="America/New_York"; export TZexport PATH="/usr/lib/jvm/java-1.7.0-openjdk-amd64/bin/:$PATH";time /home/mmartinez/jdk1.8.0_45/bin//java -Xmx4096m -cp /home/mmartinez/defects4j-repair/src/python/core/../../..//libs/astor.jar fr.inria.main.evolution.MainjGenProg -mode statement -location . -id Chart -dependencies lib/ -failing org.jfree.chart.block.junit.BorderArrangementTests: -package org.jfree -jvm4testexecution /usr/lib/jvm/java-1.7.0-openjdk-amd64/bin/ -jvm4evosuitetestexecution /home/mmartinez/jdk1.8.0_45/bin/ -javacompliancelevel 4 -maxgen 1000000 -seed 9 -scope package -maxtime 120  -stopfirst false -population 1 -srcjavafolder source/ -srctestfolder tests/ -binjavafolder build/ -bintestfolder build-tests/ -flthreshold 0.1  -validation  fr.inria.astor.core.validation.validators.RegressionValidation  -ESParameters -Dassertion_timeout=1800:-Dminimization_timeout=1800:-Djunit_check_timeout=1800:-Dwrite_junit_timeout=300:-Dinitialization_timeout=300:-Dglobal_timeout=18000:-Dsearch_budget=100000:-Dstopping_condition=MaxStatements:-Dno_runtime_dependency=true:-Dsandbox=false:-Dp_reflection_on_private=0.0:-Dreflection_start_percent=1.0:-Dp_functional_mocking=0.0:-Dfunctional_mocking_percent=1.0:-mem=2000 -ignoredtestcases org.apache.commons.lang.LocaleUtilsTest  -excludeRegression  -maxgen 100000000 ;echo "

Node: `hostname`
";echo "
Date: `date`
"; find /tmp/chart_13_Genprog_local_s1/outputMutation -name "*.class" -type f -delete;echo "removed classes 
"; find . -name bin  -type d -print0|xargs -0 rm -r --; zip -r -q out.zip /tmp/chart_13_Genprog_local_s1/outputMutation; echo "zipped 
";cp out.zip /home/mmartinez/defects4j-repair/src/python/core/../../../results/2016-june/Chart/seed/9/package/13/Genprog; echo "copied zip 
";rm -rf /tmp/chart_13_Genprog_local_s1;

[DEBUG] fr.inria.astor.core.loop.AstorCoreEngine.showResults(AstorCoreEngine.java:136) - End Repair Loops: Found solution
[DEBUG] fr.inria.astor.core.loop.AstorCoreEngine.showResults(AstorCoreEngine.java:137) - Solution stored at: /tmp/chart_13_Genprog_local_s1/./outputMutation/AstorMain-Chart//src/
[DEBUG] fr.inria.astor.core.loop.AstorCoreEngine.showResults(AstorCoreEngine.java:142) - 
Number solutions:37
[DEBUG] fr.inria.astor.core.loop.AstorCoreEngine.showResults(AstorCoreEngine.java:144) - f (sol): 0.0, [Variant id: 86 (SOL) , #gens: 175, #ops: 1, parent:85]
[DEBUG] fr.inria.astor.core.loop.AstorCoreEngine.showResults(AstorCoreEngine.java:144) - f (sol): 0.0, [Variant id: 176 (SOL) , #gens: 176, #ops: 1, parent:175]
[DEBUG] fr.inria.astor.core.loop.AstorCoreEngine.showResults(AstorCoreEngine.java:144) - f (sol): 0.0, [Variant id: 312 (SOL) , #gens: 175, #ops: 1, parent:311]
[DEBUG] fr.inria.astor.core.loop.AstorCoreEngine.showResults(AstorCoreEngine.java:144) - f (sol): 0.0, [Variant id: 364 (SOL) , #gens: 175, #ops: 1, parent:363]
[DEBUG] fr.inria.astor.core.loop.AstorCoreEngine.showResults(AstorCoreEngine.java:144) - f (sol): 0.0, [Variant id: 488 (SOL) , #gens: 175, #ops: 1, parent:487]
[DEBUG] fr.inria.astor.core.loop.AstorCoreEngine.showResults(AstorCoreEngine.java:144) - f (sol): 0.0, [Variant id: 696 (SOL) , #gens: 175, #ops: 1, parent:695]
[DEBUG] fr.inria.astor.core.loop.AstorCoreEngine.showResults(AstorCoreEngine.java:144) - f (sol): 0.0, [Variant id: 730 (SOL) , #gens: 175, #ops: 1, parent:729]
[DEBUG] fr.inria.astor.core.loop.AstorCoreEngine.showResults(AstorCoreEngine.java:144) - f (sol): 0.0, [Variant id: 802 (SOL) , #gens: 175, #ops: 1, parent:801]
[DEBUG] fr.inria.astor.core.loop.AstorCoreEngine.showResults(AstorCoreEngine.java:144) - f (sol): 0.0, [Variant id: 814 (SOL) , #gens: 176, #ops: 1, parent:813]
[DEBUG] fr.inria.astor.core.loop.AstorCoreEngine.showResults(AstorCoreEngine.java:144) - f (sol): 0.0, [Variant id: 864 (SOL) , #gens: 175, #ops: 1, parent:863]
[DEBUG] fr.inria.astor.core.loop.AstorCoreEngine.showResults(AstorCoreEngine.java:144) - f (sol): 0.0, [Variant id: 1048 (SOL) , #gens: 176, #ops: 1, parent:1047]
[DEBUG] fr.inria.astor.core.loop.AstorCoreEngine.showResults(AstorCoreEngine.java:144) - f (sol): 0.0, [Variant id: 1058 (SOL) , #gens: 177, #ops: 1, parent:1057]
[DEBUG] fr.inria.astor.core.loop.AstorCoreEngine.showResults(AstorCoreEngine.java:144) - f (sol): 0.0, [Variant id: 1366 (SOL) , #gens: 176, #ops: 1, parent:1365]
[DEBUG] fr.inria.astor.core.loop.AstorCoreEngine.showResults(AstorCoreEngine.java:144) - f (sol): 0.0, [Variant id: 1382 (SOL) , #gens: 175, #ops: 1, parent:1381]
[DEBUG] fr.inria.astor.core.loop.AstorCoreEngine.showResults(AstorCoreEngine.java:144) - f (sol): 0.0, [Variant id: 1576 (SOL) , #gens: 176, #ops: 1, parent:1575]
[DEBUG] fr.inria.astor.core.loop.AstorCoreEngine.showResults(AstorCoreEngine.java:144) - f (sol): 0.0, [Variant id: 1616 (SOL) , #gens: 176, #ops: 1, parent:1615]
[DEBUG] fr.inria.astor.core.loop.AstorCoreEngine.showResults(AstorCoreEngine.java:144) - f (sol): 0.0, [Variant id: 1796 (SOL) , #gens: 176, #ops: 1, parent:1795]
[DEBUG] fr.inria.astor.core.loop.AstorCoreEngine.showResults(AstorCoreEngine.java:144) - f (sol): 0.0, [Variant id: 1858 (SOL) , #gens: 176, #ops: 1, parent:1857]
[DEBUG] fr.inria.astor.core.loop.AstorCoreEngine.showResults(AstorCoreEngine.java:144) - f (sol): 0.0, [Variant id: 2164 (SOL) , #gens: 175, #ops: 1, parent:2163]
[DEBUG] fr.inria.astor.core.loop.AstorCoreEngine.showResults(AstorCoreEngine.java:144) - f (sol): 0.0, [Variant id: 2228 (SOL) , #gens: 176, #ops: 1, parent:2227]
[DEBUG] fr.inria.astor.core.loop.AstorCoreEngine.showResults(AstorCoreEngine.java:144) - f (sol): 0.0, [Variant id: 2230 (SOL) , #gens: 175, #ops: 1, parent:2229]
[DEBUG] fr.inria.astor.core.loop.AstorCoreEngine.showResults(AstorCoreEngine.java:144) - f (sol): 0.0, [Variant id: 2232 (SOL) , #gens: 176, #ops: 1, parent:2231]
[DEBUG] fr.inria.astor.core.loop.AstorCoreEngine.showResults(AstorCoreEngine.java:144) - f (sol): 0.0, [Variant id: 2246 (SOL) , #gens: 175, #ops: 1, parent:2245]
[DEBUG] fr.inria.astor.core.loop.AstorCoreEngine.showResults(AstorCoreEngine.java:144) - f (sol): 0.0, [Variant id: 2280 (SOL) , #gens: 177, #ops: 1, parent:2279]
[DEBUG] fr.inria.astor.core.loop.AstorCoreEngine.showResults(AstorCoreEngine.java:144) - f (sol): 0.0, [Variant id: 2446 (SOL) , #gens: 176, #ops: 1, parent:2445]
[DEBUG] fr.inria.astor.core.loop.AstorCoreEngine.showResults(AstorCoreEngine.java:144) - f (sol): 0.0, [Variant id: 2478 (SOL) , #gens: 175, #ops: 1, parent:2477]
[DEBUG] fr.inria.astor.core.loop.AstorCoreEngine.showResults(AstorCoreEngine.java:144) - f (sol): 0.0, [Variant id: 2578 (SOL) , #gens: 176, #ops: 1, parent:2577]
[DEBUG] fr.inria.astor.core.loop.AstorCoreEngine.showResults(AstorCoreEngine.java:144) - f (sol): 0.0, [Variant id: 2868 (SOL) , #gens: 176, #ops: 1, parent:2867]
[DEBUG] fr.inria.astor.core.loop.AstorCoreEngine.showResults(AstorCoreEngine.java:144) - f (sol): 0.0, [Variant id: 2908 (SOL) , #gens: 176, #ops: 1, parent:2907]
[DEBUG] fr.inria.astor.core.loop.AstorCoreEngine.showResults(AstorCoreEngine.java:144) - f (sol): 0.0, [Variant id: 2914 (SOL) , #gens: 176, #ops: 1, parent:2913]
[DEBUG] fr.inria.astor.core.loop.AstorCoreEngine.showResults(AstorCoreEngine.java:144) - f (sol): 0.0, [Variant id: 3016 (SOL) , #gens: 175, #ops: 1, parent:3015]
[DEBUG] fr.inria.astor.core.loop.AstorCoreEngine.showResults(AstorCoreEngine.java:144) - f (sol): 0.0, [Variant id: 3030 (SOL) , #gens: 176, #ops: 1, parent:3029]
[DEBUG] fr.inria.astor.core.loop.AstorCoreEngine.showResults(AstorCoreEngine.java:144) - f (sol): 0.0, [Variant id: 3038 (SOL) , #gens: 177, #ops: 1, parent:3037]
[DEBUG] fr.inria.astor.core.loop.AstorCoreEngine.showResults(AstorCoreEngine.java:144) - f (sol): 0.0, [Variant id: 3312 (SOL) , #gens: 176, #ops: 1, parent:3311]
[DEBUG] fr.inria.astor.core.loop.AstorCoreEngine.showResults(AstorCoreEngine.java:144) - f (sol): 0.0, [Variant id: 3336 (SOL) , #gens: 176, #ops: 1, parent:3335]
[DEBUG] fr.inria.astor.core.loop.AstorCoreEngine.showResults(AstorCoreEngine.java:144) - f (sol): 0.0, [Variant id: 3508 (SOL) , #gens: 177, #ops: 1, parent:3507]
[DEBUG] fr.inria.astor.core.loop.AstorCoreEngine.showResults(AstorCoreEngine.java:144) - f (sol): 0.0, [Variant id: 3572 (SOL) , #gens: 175, #ops: 1, parent:3571]
[DEBUG] fr.inria.astor.core.loop.AstorCoreEngine.showResults(AstorCoreEngine.java:146) - 
All variants:
[DEBUG] fr.inria.astor.core.loop.AstorCoreEngine.showResults(AstorCoreEngine.java:148) - f 1.0, [Variant id: 3625, #gens: 176, #ops: 0, parent:-]
[INFO ] fr.inria.astor.core.loop.AstorCoreEngine.showResults(AstorCoreEngine.java:152) - 
Solution details
[INFO ] fr.inria.astor.core.loop.AstorCoreEngine.showResults(AstorCoreEngine.java:153) - 
 --SOLUTIONS DESCRIPTION--

 ----
ProgramVariant 86
 
time(sec)= 301
operation: RemoveOp
location= org.jfree.chart.block.BorderArrangement
line= 450
lineSuspiciousness= 1
original statement= w[2] = size.width
fixed statement= 
generation= 43
ingredientScope= -
validation=
failing: |true|0|5|[]|
manual_regression: |true|0|3597|[]|
evo_regression: |true|0|24|[]|
 ----
ProgramVariant 176
 
time(sec)= 475
operation: ReplaceOp
location= org.jfree.chart.block.BorderArrangement
line= 312
lineSuspiciousness= 1
original statement= h[3] = h[2]
fixed statement= org.jfree.chart.block.BorderArrangement.this.leftBlock = null
generation= 88
ingredientScope= LOCAL
validation=
failing: |true|0|5|[]|
manual_regression: |true|0|3597|[]|
evo_regression: |true|0|24|[]|
 ----
ProgramVariant 312
 
time(sec)= 734
operation: RemoveOp
location= org.jfree.chart.block.BorderArrangement
line= 444
lineSuspiciousness= 1
original statement= if ((org.jfree.chart.block.BorderArrangement.this.leftBlock) != null) {
	org.jfree.chart.block.RectangleConstraint c3 = new org.jfree.chart.block.RectangleConstraint(0.0 , new org.jfree.data.Range(0.0 , constraint.getWidth()) , org.jfree.chart.block.LengthConstraintType.RANGE , h[2] , null , org.jfree.chart.block.LengthConstraintType.FIXED);
	org.jfree.chart.util.Size2D size = org.jfree.chart.block.BorderArrangement.this.leftBlock.arrange(g2, c3);
	w[2] = size.width;
} 
fixed statement= 
generation= 156
ingredientScope= -
validation=
failing: |true|0|5|[]|
manual_regression: |true|0|3597|[]|
evo_regression: |true|0|24|[]|
 ----
ProgramVariant 364
 
time(sec)= 867
operation: RemoveOp
location= org.jfree.chart.block.BorderArrangement
line= 444
lineSuspiciousness= 1
original statement= if ((org.jfree.chart.block.BorderArrangement.this.leftBlock) != null) {
	org.jfree.chart.block.RectangleConstraint c3 = new org.jfree.chart.block.RectangleConstraint(0.0 , new org.jfree.data.Range(0.0 , constraint.getWidth()) , org.jfree.chart.block.LengthConstraintType.RANGE , h[2] , null , org.jfree.chart.block.LengthConstraintType.FIXED);
	org.jfree.chart.util.Size2D size = org.jfree.chart.block.BorderArrangement.this.leftBlock.arrange(g2, c3);
	w[2] = size.width;
} 
fixed statement= 
generation= 182
ingredientScope= -
validation=
failing: |true|0|5|[]|
manual_regression: |true|0|3597|[]|
evo_regression: |true|0|24|[]|
 ----
ProgramVariant 488
 
time(sec)= 1096
operation: RemoveOp
location= org.jfree.chart.block.BorderArrangement
line= 450
lineSuspiciousness= 1
original statement= w[2] = size.width
fixed statement= 
generation= 244
ingredientScope= -
validation=
failing: |true|0|5|[]|
manual_regression: |true|0|3597|[]|
evo_regression: |true|0|24|[]|
 ----
ProgramVariant 696
 
time(sec)= 1448
operation: RemoveOp
location= org.jfree.chart.block.BorderArrangement
line= 444
lineSuspiciousness= 1
original statement= if ((org.jfree.chart.block.BorderArrangement.this.leftBlock) != null) {
	org.jfree.chart.block.RectangleConstraint c3 = new org.jfree.chart.block.RectangleConstraint(0.0 , new org.jfree.data.Range(0.0 , constraint.getWidth()) , org.jfree.chart.block.LengthConstraintType.RANGE , h[2] , null , org.jfree.chart.block.LengthConstraintType.FIXED);
	org.jfree.chart.util.Size2D size = org.jfree.chart.block.BorderArrangement.this.leftBlock.arrange(g2, c3);
	w[2] = size.width;
} 
fixed statement= 
generation= 348
ingredientScope= -
validation=
failing: |true|0|5|[]|
manual_regression: |true|0|3597|[]|
evo_regression: |true|0|24|[]|
 ----
ProgramVariant 730
 
time(sec)= 1552
operation: RemoveOp
location= org.jfree.chart.block.BorderArrangement
line= 450
lineSuspiciousness= 1
original statement= w[2] = size.width
fixed statement= 
generation= 365
ingredientScope= -
validation=
failing: |true|0|5|[]|
manual_regression: |true|0|3597|[]|
evo_regression: |true|0|24|[]|
 ----
ProgramVariant 802
 
time(sec)= 1697
operation: RemoveOp
location= org.jfree.chart.block.BorderArrangement
line= 453
lineSuspiciousness= 1
original statement= if ((org.jfree.chart.block.BorderArrangement.this.rightBlock) != null) {
	org.jfree.chart.block.RectangleConstraint c4 = new org.jfree.chart.block.RectangleConstraint(0.0 , new org.jfree.data.Range(0.0 , ((constraint.getWidth()) - (w[2]))) , org.jfree.chart.block.LengthConstraintType.RANGE , h[2] , null , org.jfree.chart.block.LengthConstraintType.FIXED);
	org.jfree.chart.util.Size2D size = org.jfree.chart.block.BorderArrangement.this.rightBlock.arrange(g2, c4);
	w[3] = size.width;
} 
fixed statement= 
generation= 401
ingredientScope= -
validation=
failing: |true|0|5|[]|
manual_regression: |true|0|3597|[]|
evo_regression: |true|0|24|[]|
 ----
ProgramVariant 814
 
time(sec)= 1785
operation: ReplaceOp
location= org.jfree.chart.block.BorderArrangement
line= 450
lineSuspiciousness= 1
original statement= w[2] = size.width
fixed statement= org.jfree.chart.block.BorderArrangement.this.topBlock = null
generation= 407
ingredientScope= LOCAL
validation=
failing: |true|0|5|[]|
manual_regression: |true|0|3597|[]|
evo_regression: |true|0|24|[]|
 ----
ProgramVariant 864
 
time(sec)= 1966
operation: RemoveOp
location= org.jfree.chart.block.BorderArrangement
line= 453
lineSuspiciousness= 1
original statement= if ((org.jfree.chart.block.BorderArrangement.this.rightBlock) != null) {
	org.jfree.chart.block.RectangleConstraint c4 = new org.jfree.chart.block.RectangleConstraint(0.0 , new org.jfree.data.Range(0.0 , ((constraint.getWidth()) - (w[2]))) , org.jfree.chart.block.LengthConstraintType.RANGE , h[2] , null , org.jfree.chart.block.LengthConstraintType.FIXED);
	org.jfree.chart.util.Size2D size = org.jfree.chart.block.BorderArrangement.this.rightBlock.arrange(g2, c4);
	w[3] = size.width;
} 
fixed statement= 
generation= 432
ingredientScope= -
validation=
failing: |true|0|5|[]|
manual_regression: |true|0|3597|[]|
evo_regression: |true|0|24|[]|
 ----
ProgramVariant 1048
 
time(sec)= 2225
operation: ReplaceOp
location= org.jfree.chart.block.BorderArrangement
line= 450
lineSuspiciousness= 1
original statement= w[2] = size.width
fixed statement= h[3] = h[2]
generation= 524
ingredientScope= LOCAL
validation=
failing: |true|0|5|[]|
manual_regression: |true|0|3597|[]|
evo_regression: |true|0|24|[]|
 ----
ProgramVariant 1058
 
time(sec)= 2302
operation: InsertBeforeOp
location= org.jfree.chart.block.BorderArrangement
line= 426
lineSuspiciousness= 1
original statement= w[0] = constraint.getWidth()
fixed statement= org.jfree.chart.block.BorderArrangement.this.rightBlock = null
generation= 529
ingredientScope= LOCAL
validation=
failing: |true|0|5|[]|
manual_regression: |true|0|3597|[]|
evo_regression: |true|0|24|[]|
 ----
ProgramVariant 1366
 
time(sec)= 2791
operation: ReplaceOp
location= org.jfree.chart.block.BorderArrangement
line= 450
lineSuspiciousness= 1
original statement= w[2] = size.width
fixed statement= org.jfree.chart.block.BorderArrangement.this.bottomBlock = null
generation= 683
ingredientScope= LOCAL
validation=
failing: |true|0|5|[]|
manual_regression: |true|0|3597|[]|
evo_regression: |true|0|24|[]|
 ----
ProgramVariant 1382
 
time(sec)= 2894
operation: RemoveOp
location= org.jfree.chart.block.BorderArrangement
line= 453
lineSuspiciousness= 1
original statement= if ((org.jfree.chart.block.BorderArrangement.this.rightBlock) != null) {
	org.jfree.chart.block.RectangleConstraint c4 = new org.jfree.chart.block.RectangleConstraint(0.0 , new org.jfree.data.Range(0.0 , ((constraint.getWidth()) - (w[2]))) , org.jfree.chart.block.LengthConstraintType.RANGE , h[2] , null , org.jfree.chart.block.LengthConstraintType.FIXED);
	org.jfree.chart.util.Size2D size = org.jfree.chart.block.BorderArrangement.this.rightBlock.arrange(g2, c4);
	w[3] = size.width;
} 
fixed statement= 
generation= 691
ingredientScope= -
validation=
failing: |true|0|5|[]|
manual_regression: |true|0|3597|[]|
evo_regression: |true|0|24|[]|
 ----
ProgramVariant 1576
 
time(sec)= 3193
operation: ReplaceOp
location= org.jfree.chart.block.BorderArrangement
line= 453
lineSuspiciousness= 1
original statement= if ((org.jfree.chart.block.BorderArrangement.this.rightBlock) != null) {
	org.jfree.chart.block.RectangleConstraint c4 = new org.jfree.chart.block.RectangleConstraint(0.0 , new org.jfree.data.Range(0.0 , ((constraint.getWidth()) - (w[2]))) , org.jfree.chart.block.LengthConstraintType.RANGE , h[2] , null , org.jfree.chart.block.LengthConstraintType.FIXED);
	org.jfree.chart.util.Size2D size = org.jfree.chart.block.BorderArrangement.this.rightBlock.arrange(g2, c4);
	w[3] = size.width;
} 
fixed statement= if ((org.jfree.chart.block.BorderArrangement.this.centerBlock) != null) {
	org.jfree.chart.block.BorderArrangement.this.centerBlock.setBounds(new java.awt.geom.Rectangle2D.Double(w[2] , h[0] , w[4] , h[4]));
} 
generation= 788
ingredientScope= LOCAL
validation=
failing: |true|0|5|[]|
manual_regression: |true|0|3597|[]|
evo_regression: |true|0|24|[]|
 ----
ProgramVariant 1616
 
time(sec)= 3291
operation: ReplaceOp
location= org.jfree.chart.block.BorderArrangement
line= 444
lineSuspiciousness= 1
original statement= if ((org.jfree.chart.block.BorderArrangement.this.leftBlock) != null) {
	org.jfree.chart.block.RectangleConstraint c3 = new org.jfree.chart.block.RectangleConstraint(0.0 , new org.jfree.data.Range(0.0 , constraint.getWidth()) , org.jfree.chart.block.LengthConstraintType.RANGE , h[2] , null , org.jfree.chart.block.LengthConstraintType.FIXED);
	org.jfree.chart.util.Size2D size = org.jfree.chart.block.BorderArrangement.this.leftBlock.arrange(g2, c3);
	w[2] = size.width;
} 
fixed statement= if ((org.jfree.chart.block.BorderArrangement.this.centerBlock) != null) {
	org.jfree.chart.block.BorderArrangement.this.centerBlock.setBounds(new java.awt.geom.Rectangle2D.Double(w[2] , h[0] , w[4] , h[4]));
} 
generation= 808
ingredientScope= LOCAL
validation=
failing: |true|0|5|[]|
manual_regression: |true|0|3597|[]|
evo_regression: |true|0|24|[]|
 ----
ProgramVariant 1796
 
time(sec)= 3560
operation: ReplaceOp
location= org.jfree.chart.block.BorderArrangement
line= 312
lineSuspiciousness= 1
original statement= h[3] = h[2]
fixed statement= org.jfree.chart.block.BorderArrangement.this.rightBlock = null
generation= 898
ingredientScope= LOCAL
validation=
failing: |true|0|5|[]|
manual_regression: |true|0|3597|[]|
evo_regression: |true|0|24|[]|
 ----
ProgramVariant 1858
 
time(sec)= 3699
operation: ReplaceOp
location= org.jfree.chart.block.BorderArrangement
line= 450
lineSuspiciousness= 1
original statement= w[2] = size.width
fixed statement= w[0] = constraint.getWidth()
generation= 929
ingredientScope= LOCAL
validation=
failing: |true|0|5|[]|
manual_regression: |true|0|3597|[]|
evo_regression: |true|0|24|[]|
 ----
ProgramVariant 2164
 
time(sec)= 4073
operation: RemoveOp
location= org.jfree.chart.block.BorderArrangement
line= 453
lineSuspiciousness= 1
original statement= if ((org.jfree.chart.block.BorderArrangement.this.rightBlock) != null) {
	org.jfree.chart.block.RectangleConstraint c4 = new org.jfree.chart.block.RectangleConstraint(0.0 , new org.jfree.data.Range(0.0 , ((constraint.getWidth()) - (w[2]))) , org.jfree.chart.block.LengthConstraintType.RANGE , h[2] , null , org.jfree.chart.block.LengthConstraintType.FIXED);
	org.jfree.chart.util.Size2D size = org.jfree.chart.block.BorderArrangement.this.rightBlock.arrange(g2, c4);
	w[3] = size.width;
} 
fixed statement= 
generation= 1082
ingredientScope= -
validation=
failing: |true|0|5|[]|
manual_regression: |true|0|3597|[]|
evo_regression: |true|0|24|[]|
 ----
ProgramVariant 2228
 
time(sec)= 4237
operation: ReplaceOp
location= org.jfree.chart.block.BorderArrangement
line= 450
lineSuspiciousness= 1
original statement= w[2] = size.width
fixed statement= h[2] = ((constraint.getHeight()) - (h[1])) - (h[0])
generation= 1114
ingredientScope= LOCAL
validation=
failing: |true|0|5|[]|
manual_regression: |true|0|3597|[]|
evo_regression: |true|0|24|[]|
 ----
ProgramVariant 2230
 
time(sec)= 4310
operation: RemoveOp
location= org.jfree.chart.block.BorderArrangement
line= 444
lineSuspiciousness= 1
original statement= if ((org.jfree.chart.block.BorderArrangement.this.leftBlock) != null) {
	org.jfree.chart.block.RectangleConstraint c3 = new org.jfree.chart.block.RectangleConstraint(0.0 , new org.jfree.data.Range(0.0 , constraint.getWidth()) , org.jfree.chart.block.LengthConstraintType.RANGE , h[2] , null , org.jfree.chart.block.LengthConstraintType.FIXED);
	org.jfree.chart.util.Size2D size = org.jfree.chart.block.BorderArrangement.this.leftBlock.arrange(g2, c3);
	w[2] = size.width;
} 
fixed statement= 
generation= 1115
ingredientScope= -
validation=
failing: |true|0|5|[]|
manual_regression: |true|0|3597|[]|
evo_regression: |true|0|24|[]|
 ----
ProgramVariant 2232
 
time(sec)= 4383
operation: ReplaceOp
location= org.jfree.chart.block.BorderArrangement
line= 297
lineSuspiciousness= 1
original statement= w[2] = size.width
fixed statement= org.jfree.chart.block.BorderArrangement.this.leftBlock = null
generation= 1116
ingredientScope= LOCAL
validation=
failing: |true|0|5|[]|
manual_regression: |true|0|3597|[]|
evo_regression: |true|0|24|[]|
 ----
ProgramVariant 2246
 
time(sec)= 4487
operation: RemoveOp
location= org.jfree.chart.block.BorderArrangement
line= 453
lineSuspiciousness= 1
original statement= if ((org.jfree.chart.block.BorderArrangement.this.rightBlock) != null) {
	org.jfree.chart.block.RectangleConstraint c4 = new org.jfree.chart.block.RectangleConstraint(0.0 , new org.jfree.data.Range(0.0 , ((constraint.getWidth()) - (w[2]))) , org.jfree.chart.block.LengthConstraintType.RANGE , h[2] , null , org.jfree.chart.block.LengthConstraintType.FIXED);
	org.jfree.chart.util.Size2D size = org.jfree.chart.block.BorderArrangement.this.rightBlock.arrange(g2, c4);
	w[3] = size.width;
} 
fixed statement= 
generation= 1123
ingredientScope= -
validation=
failing: |true|0|5|[]|
manual_regression: |true|0|3597|[]|
evo_regression: |true|0|24|[]|
 ----
ProgramVariant 2280
 
time(sec)= 4592
operation: InsertAfterOp
location= org.jfree.chart.block.BorderArrangement
line= 425
lineSuspiciousness= 1
original statement= double[] h = new double[5]
fixed statement= org.jfree.chart.block.BorderArrangement.this.leftBlock = null
generation= 1140
ingredientScope= LOCAL
validation=
failing: |true|0|5|[]|
manual_regression: |true|0|3597|[]|
evo_regression: |true|0|24|[]|
 ----
ProgramVariant 2446
 
time(sec)= 4824
operation: ReplaceOp
location= org.jfree.chart.block.BorderArrangement
line= 444
lineSuspiciousness= 1
original statement= if ((org.jfree.chart.block.BorderArrangement.this.leftBlock) != null) {
	org.jfree.chart.block.RectangleConstraint c3 = new org.jfree.chart.block.RectangleConstraint(0.0 , new org.jfree.data.Range(0.0 , constraint.getWidth()) , org.jfree.chart.block.LengthConstraintType.RANGE , h[2] , null , org.jfree.chart.block.LengthConstraintType.FIXED);
	org.jfree.chart.util.Size2D size = org.jfree.chart.block.BorderArrangement.this.leftBlock.arrange(g2, c3);
	w[2] = size.width;
} 
fixed statement= if ((org.jfree.chart.block.BorderArrangement.this.topBlock) != null) {
	org.jfree.chart.block.BorderArrangement.this.topBlock.setBounds(new java.awt.geom.Rectangle2D.Double(0.0 , 0.0 , w[0] , h[0]));
} 
generation= 1223
ingredientScope= LOCAL
validation=
failing: |true|0|5|[]|
manual_regression: |true|0|3597|[]|
evo_regression: |true|0|24|[]|
 ----
ProgramVariant 2478
 
time(sec)= 4942
operation: RemoveOp
location= org.jfree.chart.block.BorderArrangement
line= 450
lineSuspiciousness= 1
original statement= w[2] = size.width
fixed statement= 
generation= 1239
ingredientScope= -
validation=
failing: |true|0|5|[]|
manual_regression: |true|0|3597|[]|
evo_regression: |true|0|24|[]|
 ----
ProgramVariant 2578
 
time(sec)= 5157
operation: ReplaceOp
location= org.jfree.chart.block.BorderArrangement
line= 453
lineSuspiciousness= 1
original statement= if ((org.jfree.chart.block.BorderArrangement.this.rightBlock) != null) {
	org.jfree.chart.block.RectangleConstraint c4 = new org.jfree.chart.block.RectangleConstraint(0.0 , new org.jfree.data.Range(0.0 , ((constraint.getWidth()) - (w[2]))) , org.jfree.chart.block.LengthConstraintType.RANGE , h[2] , null , org.jfree.chart.block.LengthConstraintType.FIXED);
	org.jfree.chart.util.Size2D size = org.jfree.chart.block.BorderArrangement.this.rightBlock.arrange(g2, c4);
	w[3] = size.width;
} 
fixed statement= if ((org.jfree.chart.block.BorderArrangement.this.bottomBlock) != null) {
	org.jfree.chart.block.BorderArrangement.this.bottomBlock.setBounds(new java.awt.geom.Rectangle2D.Double(0.0 , ((h[0]) + (h[2])) , w[1] , h[1]));
} 
generation= 1289
ingredientScope= LOCAL
validation=
failing: |true|0|5|[]|
manual_regression: |true|0|3597|[]|
evo_regression: |true|0|24|[]|
 ----
ProgramVariant 2868
 
time(sec)= 5609
operation: ReplaceOp
location= org.jfree.chart.block.BorderArrangement
line= 450
lineSuspiciousness= 1
original statement= w[2] = size.width
fixed statement= h[2] = java.lang.Math.max(h[2], h[3])
generation= 1434
ingredientScope= LOCAL
validation=
failing: |true|0|5|[]|
manual_regression: |true|0|3597|[]|
evo_regression: |true|0|24|[]|
 ----
ProgramVariant 2908
 
time(sec)= 5735
operation: ReplaceOp
location= org.jfree.chart.block.BorderArrangement
line= 450
lineSuspiciousness= 1
original statement= w[2] = size.width
fixed statement= org.jfree.chart.block.BorderArrangement.this.centerBlock = null
generation= 1454
ingredientScope= LOCAL
validation=
failing: |true|0|5|[]|
manual_regression: |true|0|3597|[]|
evo_regression: |true|0|24|[]|
 ----
ProgramVariant 2914
 
time(sec)= 5819
operation: ReplaceOp
location= org.jfree.chart.block.BorderArrangement
line= 307
lineSuspiciousness= 1
original statement= w[3] = size.width
fixed statement= org.jfree.chart.block.BorderArrangement.this.rightBlock = null
generation= 1457
ingredientScope= LOCAL
validation=
failing: |true|0|5|[]|
manual_regression: |true|0|3597|[]|
evo_regression: |true|0|24|[]|
 ----
ProgramVariant 3016
 
time(sec)= 6038
operation: RemoveOp
location= org.jfree.chart.block.BorderArrangement
line= 450
lineSuspiciousness= 1
original statement= w[2] = size.width
fixed statement= 
generation= 1508
ingredientScope= -
validation=
failing: |true|0|5|[]|
manual_regression: |true|0|3597|[]|
evo_regression: |true|0|24|[]|
 ----
ProgramVariant 3030
 
time(sec)= 6145
operation: ReplaceOp
location= org.jfree.chart.block.BorderArrangement
line= 453
lineSuspiciousness= 1
original statement= if ((org.jfree.chart.block.BorderArrangement.this.rightBlock) != null) {
	org.jfree.chart.block.RectangleConstraint c4 = new org.jfree.chart.block.RectangleConstraint(0.0 , new org.jfree.data.Range(0.0 , ((constraint.getWidth()) - (w[2]))) , org.jfree.chart.block.LengthConstraintType.RANGE , h[2] , null , org.jfree.chart.block.LengthConstraintType.FIXED);
	org.jfree.chart.util.Size2D size = org.jfree.chart.block.BorderArrangement.this.rightBlock.arrange(g2, c4);
	w[3] = size.width;
} 
fixed statement= if ((org.jfree.chart.block.BorderArrangement.this.topBlock) != null) {
	org.jfree.chart.block.BorderArrangement.this.topBlock.setBounds(new java.awt.geom.Rectangle2D.Double(0.0 , 0.0 , w[0] , h[0]));
} 
generation= 1515
ingredientScope= LOCAL
validation=
failing: |true|0|5|[]|
manual_regression: |true|0|3597|[]|
evo_regression: |true|0|24|[]|
 ----
ProgramVariant 3038
 
time(sec)= 6231
operation: InsertAfterOp
location= org.jfree.chart.block.BorderArrangement
line= 312
lineSuspiciousness= 1
original statement= h[3] = h[2]
fixed statement= org.jfree.chart.block.BorderArrangement.this.leftBlock = null
generation= 1519
ingredientScope= LOCAL
validation=
failing: |true|0|5|[]|
manual_regression: |true|0|3597|[]|
evo_regression: |true|0|24|[]|
 ----
ProgramVariant 3312
 
time(sec)= 6670
operation: ReplaceOp
location= org.jfree.chart.block.BorderArrangement
line= 450
lineSuspiciousness= 1
original statement= w[2] = size.width
fixed statement= org.jfree.chart.block.BorderArrangement.this.rightBlock = null
generation= 1656
ingredientScope= LOCAL
validation=
failing: |true|0|5|[]|
manual_regression: |true|0|3597|[]|
evo_regression: |true|0|24|[]|
 ----
ProgramVariant 3336
 
time(sec)= 6780
operation: ReplaceOp
location= org.jfree.chart.block.BorderArrangement
line= 426
lineSuspiciousness= 1
original statement= w[0] = constraint.getWidth()
fixed statement= org.jfree.chart.block.BorderArrangement.this.leftBlock = null
generation= 1668
ingredientScope= LOCAL
validation=
failing: |true|0|5|[]|
manual_regression: |true|0|3597|[]|
evo_regression: |true|0|24|[]|
 ----
ProgramVariant 3508
 
time(sec)= 7058
operation: InsertAfterOp
location= org.jfree.chart.block.BorderArrangement
line= 301
lineSuspiciousness= 1
original statement= double maxW = java.lang.Math.max((width - (w[2])), 0.0)
fixed statement= org.jfree.chart.block.BorderArrangement.this.leftBlock = null
generation= 1754
ingredientScope= LOCAL
validation=
failing: |true|0|5|[]|
manual_regression: |true|0|3597|[]|
evo_regression: |true|0|24|[]|
 ----
ProgramVariant 3572
 
time(sec)= 7190
operation: RemoveOp
location= org.jfree.chart.block.BorderArrangement
line= 450
lineSuspiciousness= 1
original statement= w[2] = size.width
fixed statement= 
generation= 1786
ingredientScope= -
validation=
failing: |true|0|5|[]|
manual_regression: |true|0|3597|[]|
evo_regression: |true|0|24|[]|
[INFO ] fr.inria.main.evolution.AstorMain.run(AstorMain.java:397) - Time Total(s): 7322.686


Node: graphene-111.nancy.grid5000.fr


Date: Sat Jan 14 00:31:03 CET 2017

removed classes 

zipped 

copied zip 


