seed AstorRun 27 
export PATH="/home/mmartinez/defects4j/framework/bin:$PATH";export JAVA_TOOL_OPTIONS=-Dfile.encoding=UTF8;export PATH="/usr/lib/jvm/java-1.7.0-openjdk-amd64/bin/:$PATH";cd /home/mmartinez/projects/time/time_22;defects4j compile;cp -r /home/mmartinez/projects/time/time_22 /tmp/time_22_Genprog_local_s1;cd /tmp/time_22_Genprog_local_s1;mkdir lib/;cp -r /home/mmartinez/defects4j/framework/projects/lib/* lib/;cp -r /home/mmartinez/defects4j/framework/projects/Time/lib/* lib/;find . -type f -name "package-info.java" -delete;
/home/mmartinez/defects4j-repair/src/python/core/../../../results/2016-june/Time/seed/27/package/22/Genprog/result
cd /tmp/time_22_Genprog_local_s1;export JAVA_TOOL_OPTIONS=-Dfile.encoding=UTF8;TZ="America/New_York"; export TZexport PATH="/usr/lib/jvm/java-1.7.0-openjdk-amd64/bin/:$PATH";time /home/mmartinez/jdk1.8.0_45/bin//java -Xmx4096m -cp /home/mmartinez/defects4j-repair/src/python/core/../../..//libs/astor.jar fr.inria.main.evolution.MainjGenProg -mode statement -location . -id Time -dependencies lib/ -failing org.joda.time.TestDuration_Basics:org.joda.time.TestPeriod_Constructors: -package org.joda -jvm4testexecution /usr/lib/jvm/java-1.7.0-openjdk-amd64/bin/ -jvm4evosuitetestexecution /home/mmartinez/jdk1.8.0_45/bin/ -javacompliancelevel 5 -maxgen 1000000 -seed 27 -scope package -maxtime 120  -stopfirst false -population 1 -srcjavafolder src/main/java/ -srctestfolder src/test/java/ -binjavafolder build/classes/ -bintestfolder build/tests/ -flthreshold 0.1  -validation  fr.inria.astor.core.validation.validators.RegressionValidation  -ESParameters -Dassertion_timeout=1800:-Dminimization_timeout=1800:-Djunit_check_timeout=1800:-Dwrite_junit_timeout=300:-Dinitialization_timeout=300:-Dglobal_timeout=18000:-Dsearch_budget=100000:-Dstopping_condition=MaxStatements:-Dno_runtime_dependency=true:-Dsandbox=false:-Dp_reflection_on_private=0.0:-Dreflection_start_percent=1.0:-Dp_functional_mocking=0.0:-Dfunctional_mocking_percent=1.0:-mem=2000 -testbystep  -ignoredtestcases org.apache.commons.lang.LocaleUtilsTest  -excludeRegression  -maxgen 100000000 ;echo "

Node: `hostname`
";echo "
Date: `date`
"; find /tmp/time_22_Genprog_local_s1/outputMutation -name "*.class" -type f -delete;echo "removed classes 
"; find . -name bin  -type d -print0|xargs -0 rm -r --; zip -r -q out.zip /tmp/time_22_Genprog_local_s1/outputMutation; echo "zipped 
";cp out.zip /home/mmartinez/defects4j-repair/src/python/core/../../../results/2016-june/Time/seed/27/package/22/Genprog; echo "copied zip 
";rm -rf /tmp/time_22_Genprog_local_s1;

[DEBUG] fr.inria.astor.core.loop.AstorCoreEngine.showResults(AstorCoreEngine.java:136) - End Repair Loops: Found solution
[DEBUG] fr.inria.astor.core.loop.AstorCoreEngine.showResults(AstorCoreEngine.java:137) - Solution stored at: /tmp/time_22_Genprog_local_s1/./outputMutation/AstorMain-Time//src/
[DEBUG] fr.inria.astor.core.loop.AstorCoreEngine.showResults(AstorCoreEngine.java:142) - 
Number solutions:2
[DEBUG] fr.inria.astor.core.loop.AstorCoreEngine.showResults(AstorCoreEngine.java:144) - f (sol): 32.0, [Variant id: 2936 (SOL) , #gens: 198, #ops: 1, parent:2935]
[DEBUG] fr.inria.astor.core.loop.AstorCoreEngine.showResults(AstorCoreEngine.java:144) - f (sol): 66.0, [Variant id: 3292 (SOL) , #gens: 198, #ops: 1, parent:3291]
[DEBUG] fr.inria.astor.core.loop.AstorCoreEngine.showResults(AstorCoreEngine.java:146) - 
All variants:
[DEBUG] fr.inria.astor.core.loop.AstorCoreEngine.showResults(AstorCoreEngine.java:148) - f 2.0, [Variant id: 6419, #gens: 198, #ops: 0, parent:-]
[INFO ] fr.inria.astor.core.loop.AstorCoreEngine.showResults(AstorCoreEngine.java:152) - 
Solution details
[INFO ] fr.inria.astor.core.loop.AstorCoreEngine.showResults(AstorCoreEngine.java:153) - 
 --SOLUTIONS DESCRIPTION--

 ----
ProgramVariant 2936
 
time(sec)= 3316
operation: ReplaceOp
location= org.joda.time.tz.FixedDateTimeZone
line= 61
lineSuspiciousness= 0.249
original statement= return true
fixed statement= return false
generation= 1468
ingredientScope= PACKAGE
validation=
failing: |true|0|145|[]|
manual_regression: |false|31|11489|[testIsFixed(org.joda.time.TestDateTimeZone): expected:<true> but was:<false>-, testIsFixed(org.joda.time.TestDateTimeZone): expected:<true> but was:<false>-, testDurationFields(org.joda.time.chrono.TestBuddhistChronology): expected:<true> but was:<false>-, testDurationFields(org.joda.time.chrono.TestCopticChronology): expected:<true> but was:<false>-, testDurationFields(org.joda.time.chrono.TestEthiopicChronology): expected:<true> but was:<false>-, testDurationFields(org.joda.time.chrono.TestGJChronology): expected:<true> but was:<false>-, testDurationFields(org.joda.time.chrono.TestGregorianChronology): expected:<true> but was:<false>-, testDurationFields(org.joda.time.chrono.TestIslamicChronology): expected:<true> but was:<false>-, testDurationFields(org.joda.time.chrono.TestJulianChronology): expected:<true> but was:<false>-, testDurationFields(org.joda.time.chrono.TestISOChronology): expected:<true> but was:<false>-, testFixed(org.joda.time.tz.TestBuilder): expected:<true> but was:<false>-, testIsFixed(org.joda.time.TestDateTimeZone): expected:<true> but was:<false>-, testDurationFields(org.joda.time.chrono.TestBuddhistChronology): expected:<true> but was:<false>-, testDurationFields(org.joda.time.chrono.TestCopticChronology): expected:<true> but was:<false>-, testDurationFields(org.joda.time.chrono.TestEthiopicChronology): expected:<true> but was:<false>-, testDurationFields(org.joda.time.chrono.TestGJChronology): expected:<true> but was:<false>-, testDurationFields(org.joda.time.chrono.TestGregorianChronology): expected:<true> but was:<false>-, testDurationFields(org.joda.time.chrono.TestIslamicChronology): expected:<true> but was:<false>-, testDurationFields(org.joda.time.chrono.TestJulianChronology): expected:<true> but was:<false>-, testDurationFields(org.joda.time.chrono.TestISOChronology): expected:<true> but was:<false>-, testDurationFields(org.joda.time.chrono.TestBuddhistChronology): expected:<true> but was:<false>-, testDurationFields(org.joda.time.chrono.TestCopticChronology): expected:<true> but was:<false>-, testDurationFields(org.joda.time.chrono.TestEthiopicChronology): expected:<true> but was:<false>-, testDurationFields(org.joda.time.chrono.TestGJChronology): expected:<true> but was:<false>-, testDurationFields(org.joda.time.chrono.TestGregorianChronology): expected:<true> but was:<false>-, testDurationFields(org.joda.time.chrono.TestISOChronology): expected:<true> but was:<false>-, testDurationFields(org.joda.time.chrono.TestIslamicChronology): expected:<true> but was:<false>-, testDurationFields(org.joda.time.chrono.TestJulianChronology): expected:<true> but was:<false>-, warning(junit.framework.TestSuite$1): Class org.joda.time.chrono.gj.MainTest has no public constructor TestCase(String name) or TestCase()-, testFixed(org.joda.time.tz.TestBuilder): expected:<true> but was:<false>-, testFixed(org.joda.time.tz.TestBuilder): expected:<true> but was:<false>-]|
evo_regression: |false|1|34|[test28(org.joda.time.tz.FixedDateTimeZone_ESTest): null-]|
 ----
ProgramVariant 3292
 
time(sec)= 3935
operation: ReplaceOp
location= org.joda.time.DateTimeZone
line= 237
lineSuspiciousness= 0.164
original statement= return org.joda.time.DateTimeZone.forOffsetHoursMinutes(hoursOffset, 0)
fixed statement= return org.joda.time.DateTimeZone.getDefault()
generation= 1646
ingredientScope= PACKAGE
validation=
failing: |true|0|145|[]|
manual_regression: |false|58|11489|[testParse_noFormatter(org.joda.time.TestDateTime_Constructors): expected:<2010-06-30T01:20:00.000+01:00> but was:<2010-06-30T01:20:00.000+02:00>-, testParse_noFormatter(org.joda.time.TestMutableDateTime_Constructors): expected:<2010-06-30T01:20:00.000+01:00> but was:<2010-06-30T01:20:00.000+02:00>-, testForOffsetHours_int(org.joda.time.TestDateTimeZone): expected:<UTC> but was:<Etc/UTC>-, testParse_noFormatter(org.joda.time.TestDateTime_Constructors): expected:<2010-06-30T01:20:00.000+01:00> but was:<2010-06-30T01:20:00.000+02:00>-, testParse_noFormatter(org.joda.time.TestMutableDateTime_Constructors): expected:<2010-06-30T01:20:00.000+01:00> but was:<2010-06-30T01:20:00.000+02:00>-, testForOffsetHours_int(org.joda.time.TestDateTimeZone): expected:<UTC> but was:<Etc/UTC>-, testDurationFields(org.joda.time.chrono.TestISOChronology): expected:<true> but was:<false>-, testSetInto_Object(org.joda.time.convert.TestReadableDurationConverter): expected:<0> but was:<3>-, testGetInstantMillis_Object(org.joda.time.convert.TestStringConverter): expected:<1086783888501> but was:<1086755088501>-, testSetIntoInterval_Object_Chronology4(org.joda.time.convert.TestStringConverter): expected:<2004-06-09T01:00:00.000+01:00> but was:<2004-06-08T19:00:00.000+01:00>-, testSetIntoInterval_Object_Chronology5(org.joda.time.convert.TestStringConverter): expected:<2003-04-09T01:00:00.000+01:00> but was:<2003-04-08T19:00:00.000+01:00>-, testSetIntoInterval_Object_Chronology6(org.joda.time.convert.TestStringConverter): expected:<2003-08-09T01:00:00.000+01:00> but was:<2003-08-08T19:00:00.000+01:00>-, testSetIntoInterval_Object_Chronology8(org.joda.time.convert.TestStringConverter): expected:<2003-08-09T00:00:00.000Z> but was:<2003-08-08T18:00:00.000Z>-, testParseMutableDateTime_offsetParsed(org.joda.time.format.TestDateTimeFormatter): expected:<2004-06-09T06:20:30.000+01:00> but was:<2004-06-09T06:20:30.000-04:00>-, ...and 7 failures more, testParseDateTime_offsetParsed(org.joda.time.format.TestDateTimeFormatter): expected:<2004-06-09T06:20:30.000+01:00> but was:<2004-06-09T06:20:30.000-04:00>-, ...and 7 failures more, testParseInto_offsetParsed(org.joda.time.format.TestDateTimeFormatter): expected:<2004-06-09T06:20:30.000+01:00> but was:<2004-06-09T06:20:30.000-04:00>-, ...and 7 failures more, test_Amman_2003(org.joda.time.tz.TestCompiler): expected:<1048802400000> but was:<1048809600000>-, ...and 7 failures more, test_Amman_2004(org.joda.time.tz.TestCompiler): expected:<1080252000000> but was:<1080259200000>-, ...and 7 failures more, test_Amman_2005(org.joda.time.tz.TestCompiler): expected:<1112306400000> but was:<1112313600000>-, ...and 7 failures more, test_Amman_2006(org.joda.time.tz.TestCompiler): expected:<1143756000000> but was:<1143763200000>-, ...and 7 failures more, testForOffsetHours_int(org.joda.time.TestDateTimeZone): expected:<UTC> but was:<Etc/UTC>-, testParse_noFormatter(org.joda.time.TestDateTime_Constructors): expected:<2010-06-30T01:20:00.000+01:00> but was:<2010-06-30T01:20:00.000+02:00>-, testParse_noFormatter(org.joda.time.TestMutableDateTime_Constructors): expected:<2010-06-30T01:20:00.000+01:00> but was:<2010-06-30T01:20:00.000+02:00>-, testDurationFields(org.joda.time.chrono.TestISOChronology): expected:<true> but was:<false>-, testDurationFields(org.joda.time.chrono.TestISOChronology): expected:<true> but was:<false>-, warning(junit.framework.TestSuite$1): Class org.joda.time.chrono.gj.MainTest has no public constructor TestCase(String name) or TestCase()-, testSetInto_Object(org.joda.time.convert.TestReadableDurationConverter): expected:<0> but was:<3>-, testGetInstantMillis_Object(org.joda.time.convert.TestStringConverter): expected:<1086783888501> but was:<1086755088501>-, testSetIntoInterval_Object_Chronology4(org.joda.time.convert.TestStringConverter): expected:<2004-06-09T01:00:00.000+01:00> but was:<2004-06-08T19:00:00.000+01:00>-, testSetIntoInterval_Object_Chronology5(org.joda.time.convert.TestStringConverter): expected:<2003-04-09T01:00:00.000+01:00> but was:<2003-04-08T19:00:00.000+01:00>-, testSetIntoInterval_Object_Chronology6(org.joda.time.convert.TestStringConverter): expected:<2003-08-09T01:00:00.000+01:00> but was:<2003-08-08T19:00:00.000+01:00>-, testSetIntoInterval_Object_Chronology8(org.joda.time.convert.TestStringConverter): expected:<2003-08-09T00:00:00.000Z> but was:<2003-08-08T18:00:00.000Z>-, testGetInstantMillis_Object(org.joda.time.convert.TestStringConverter): expected:<1086783888501> but was:<1086755088501>-, testSetIntoInterval_Object_Chronology4(org.joda.time.convert.TestStringConverter): expected:<2004-06-09T01:00:00.000+01:00> but was:<2004-06-08T19:00:00.000+01:00>-, testSetIntoInterval_Object_Chronology5(org.joda.time.convert.TestStringConverter): expected:<2003-04-09T01:00:00.000+01:00> but was:<2003-04-08T19:00:00.000+01:00>-, testSetIntoInterval_Object_Chronology6(org.joda.time.convert.TestStringConverter): expected:<2003-08-09T01:00:00.000+01:00> but was:<2003-08-08T19:00:00.000+01:00>-, testSetIntoInterval_Object_Chronology8(org.joda.time.convert.TestStringConverter): expected:<2003-08-09T00:00:00.000Z> but was:<2003-08-08T18:00:00.000Z>-, testParseMutableDateTime_offsetParsed(org.joda.time.format.TestDateTimeFormatter): expected:<2004-06-09T06:20:30.000+01:00> but was:<2004-06-09T06:20:30.000-04:00>-, testParseDateTime_offsetParsed(org.joda.time.format.TestDateTimeFormatter): expected:<2004-06-09T06:20:30.000+01:00> but was:<2004-06-09T06:20:30.000-04:00>-, testParseInto_offsetParsed(org.joda.time.format.TestDateTimeFormatter): expected:<2004-06-09T06:20:30.000+01:00> but was:<2004-06-09T06:20:30.000-04:00>-, testParseMutableDateTime_offsetParsed(org.joda.time.format.TestDateTimeFormatter): expected:<2004-06-09T06:20:30.000+01:00> but was:<2004-06-09T06:20:30.000-04:00>-, testParseDateTime_offsetParsed(org.joda.time.format.TestDateTimeFormatter): expected:<2004-06-09T06:20:30.000+01:00> but was:<2004-06-09T06:20:30.000-04:00>-, testParseInto_offsetParsed(org.joda.time.format.TestDateTimeFormatter): expected:<2004-06-09T06:20:30.000+01:00> but was:<2004-06-09T06:20:30.000-04:00>-, test_Amman_2003(org.joda.time.tz.TestCompiler): expected:<1048802400000> but was:<1048809600000>-, test_Amman_2004(org.joda.time.tz.TestCompiler): expected:<1080252000000> but was:<1080259200000>-, test_Amman_2005(org.joda.time.tz.TestCompiler): expected:<1112306400000> but was:<1112313600000>-, test_Amman_2006(org.joda.time.tz.TestCompiler): expected:<1143756000000> but was:<1143763200000>-, test_Amman_2003(org.joda.time.tz.TestCompiler): expected:<1048802400000> but was:<1048809600000>-, test_Amman_2004(org.joda.time.tz.TestCompiler): expected:<1080252000000> but was:<1080259200000>-, test_Amman_2005(org.joda.time.tz.TestCompiler): expected:<1112306400000> but was:<1112313600000>-, test_Amman_2006(org.joda.time.tz.TestCompiler): expected:<1143756000000> but was:<1143763200000>-]|
evo_regression: |false|8|100|[test06(org.joda.time.DateTimeZone_ESTest): expected:<...l.SimpleTimeZoneid=-370:00, offset=-1332000000, dstSavings=3600000...> but was:<...l.SimpleTimeZoneid=Etc/UTC, offset=0, dstSavings=3600000...>-, test03(org.joda.time.DateTimeZone_ESTest): The datetime zone id 'Etc/UTC' is not recognised-, test85(org.joda.time.DateTimeZone_ESTest): expected:<UTC> but was:<Etc/UTC>-, test83(org.joda.time.DateTimeZone_ESTest): expected:<-370:00> but was:<Etc/UTC>-, test35(org.joda.time.DateTimeZone_ESTest): Expecting exception: IllegalArgumentException-, test32(org.joda.time.DateTimeZone_ESTest): expected:<-235:00> but was:<Etc/UTC>-, test54(org.joda.time.DateTimeZone_ESTest): expected:<+567:00> but was:<Etc/UTC>-, test70(org.joda.time.DateTimeZone_ESTest): expected:<2041200000> but was:<897>-]|
[INFO ] fr.inria.main.evolution.AstorMain.run(AstorMain.java:397) - Time Total(s): 7574.17


Node: grisou-17.nancy.grid5000.fr


Date: Sat Jan 28 11:28:32 CET 2017

removed classes 

zipped 

copied zip 


