seed AstorRun 10 
export PATH="/home/mmartinez/defects4j/framework/bin:$PATH";export JAVA_TOOL_OPTIONS=-Dfile.encoding=UTF8;export PATH="/usr/lib/jvm/java-1.7.0-openjdk-amd64/bin/:$PATH";cd /home/mmartinez/projects/math/math_24;defects4j compile;cp -r /home/mmartinez/projects/math/math_24 /tmp/math_24_Genprog_local_s1;cd /tmp/math_24_Genprog_local_s1;mkdir lib/;cp -r /home/mmartinez/defects4j/framework/projects/lib/* lib/;cp -r /home/mmartinez/defects4j/framework/projects/Math/lib/* lib/;find . -type f -name "package-info.java" -delete;
/home/mmartinez/defects4j-repair/src/python/core/../../../results/2016-june/Math/seed/10/package/24/Genprog/result
cd /tmp/math_24_Genprog_local_s1;export JAVA_TOOL_OPTIONS=-Dfile.encoding=UTF8;TZ="America/New_York"; export TZexport PATH="/usr/lib/jvm/java-1.7.0-openjdk-amd64/bin/:$PATH";time /home/mmartinez/jdk1.8.0_45/bin//java -Xmx4096m -cp /home/mmartinez/defects4j-repair/src/python/core/../../..//libs/astor.jar fr.inria.main.evolution.MainjGenProg -mode statement -location . -id Math -dependencies lib/ -failing org.apache.commons.math3.optimization.univariate.BrentOptimizerTest: -package org.apache.commons -jvm4testexecution /usr/lib/jvm/java-1.7.0-openjdk-amd64/bin/ -jvm4evosuitetestexecution /home/mmartinez/jdk1.8.0_45/bin/ -javacompliancelevel 5 -maxgen 1000000 -seed 10 -scope package -maxtime 120  -stopfirst false -population 1 -srcjavafolder src/main/java/ -srctestfolder src/test/java/ -binjavafolder target/classes/ -bintestfolder target/test-classes/ -flthreshold 0.1  -validation  fr.inria.astor.core.validation.validators.RegressionValidation  -ESParameters -Dassertion_timeout=1800:-Dminimization_timeout=1800:-Djunit_check_timeout=1800:-Dwrite_junit_timeout=300:-Dinitialization_timeout=300:-Dglobal_timeout=18000:-Dsearch_budget=100000:-Dstopping_condition=MaxStatements:-Dno_runtime_dependency=true:-Dsandbox=false:-Dp_reflection_on_private=0.0:-Dreflection_start_percent=1.0:-Dp_functional_mocking=0.0:-Dfunctional_mocking_percent=1.0:-mem=2000 -ignoredtestcases org.apache.commons.lang.LocaleUtilsTest  -excludeRegression  -maxgen 100000000 ;echo "

Node: `hostname`
";echo "
Date: `date`
"; find /tmp/math_24_Genprog_local_s1/outputMutation -name "*.class" -type f -delete;echo "removed classes 
"; find . -name bin  -type d -print0|xargs -0 rm -r --; zip -r -q out.zip /tmp/math_24_Genprog_local_s1/outputMutation; echo "zipped 
";cp out.zip /home/mmartinez/defects4j-repair/src/python/core/../../../results/2016-june/Math/seed/10/package/24/Genprog; echo "copied zip 
";rm -rf /tmp/math_24_Genprog_local_s1;

[DEBUG] fr.inria.astor.core.loop.AstorCoreEngine.showResults(AstorCoreEngine.java:136) - End Repair Loops: Found solution
[DEBUG] fr.inria.astor.core.loop.AstorCoreEngine.showResults(AstorCoreEngine.java:137) - Solution stored at: /tmp/math_24_Genprog_local_s1/./outputMutation/AstorMain-Math//src/
[DEBUG] fr.inria.astor.core.loop.AstorCoreEngine.showResults(AstorCoreEngine.java:142) - 
Number solutions:21
[DEBUG] fr.inria.astor.core.loop.AstorCoreEngine.showResults(AstorCoreEngine.java:144) - f (sol): 5.0, [Variant id: 72 (SOL) , #gens: 119, #ops: 1, parent:71]
[DEBUG] fr.inria.astor.core.loop.AstorCoreEngine.showResults(AstorCoreEngine.java:144) - f (sol): 6.0, [Variant id: 98 (SOL) , #gens: 117, #ops: 1, parent:97]
[DEBUG] fr.inria.astor.core.loop.AstorCoreEngine.showResults(AstorCoreEngine.java:144) - f (sol): 8.0, [Variant id: 108 (SOL) , #gens: 118, #ops: 1, parent:107]
[DEBUG] fr.inria.astor.core.loop.AstorCoreEngine.showResults(AstorCoreEngine.java:144) - f (sol): 4.0, [Variant id: 400 (SOL) , #gens: 119, #ops: 1, parent:399]
[DEBUG] fr.inria.astor.core.loop.AstorCoreEngine.showResults(AstorCoreEngine.java:144) - f (sol): 2.0, [Variant id: 566 (SOL) , #gens: 117, #ops: 1, parent:565]
[DEBUG] fr.inria.astor.core.loop.AstorCoreEngine.showResults(AstorCoreEngine.java:144) - f (sol): 2.0, [Variant id: 650 (SOL) , #gens: 117, #ops: 1, parent:649]
[DEBUG] fr.inria.astor.core.loop.AstorCoreEngine.showResults(AstorCoreEngine.java:144) - f (sol): 6.0, [Variant id: 708 (SOL) , #gens: 117, #ops: 1, parent:707]
[DEBUG] fr.inria.astor.core.loop.AstorCoreEngine.showResults(AstorCoreEngine.java:144) - f (sol): 6.0, [Variant id: 722 (SOL) , #gens: 117, #ops: 1, parent:721]
[DEBUG] fr.inria.astor.core.loop.AstorCoreEngine.showResults(AstorCoreEngine.java:144) - f (sol): 8.0, [Variant id: 724 (SOL) , #gens: 118, #ops: 1, parent:723]
[DEBUG] fr.inria.astor.core.loop.AstorCoreEngine.showResults(AstorCoreEngine.java:144) - f (sol): 2.0, [Variant id: 792 (SOL) , #gens: 117, #ops: 1, parent:791]
[DEBUG] fr.inria.astor.core.loop.AstorCoreEngine.showResults(AstorCoreEngine.java:144) - f (sol): 3.0, [Variant id: 974 (SOL) , #gens: 117, #ops: 1, parent:973]
[DEBUG] fr.inria.astor.core.loop.AstorCoreEngine.showResults(AstorCoreEngine.java:144) - f (sol): 8.0, [Variant id: 1010 (SOL) , #gens: 118, #ops: 1, parent:1009]
[DEBUG] fr.inria.astor.core.loop.AstorCoreEngine.showResults(AstorCoreEngine.java:144) - f (sol): 3.0, [Variant id: 1054 (SOL) , #gens: 117, #ops: 1, parent:1053]
[DEBUG] fr.inria.astor.core.loop.AstorCoreEngine.showResults(AstorCoreEngine.java:144) - f (sol): 8.0, [Variant id: 1158 (SOL) , #gens: 118, #ops: 1, parent:1157]
[DEBUG] fr.inria.astor.core.loop.AstorCoreEngine.showResults(AstorCoreEngine.java:144) - f (sol): 3.0, [Variant id: 1168 (SOL) , #gens: 117, #ops: 1, parent:1167]
[DEBUG] fr.inria.astor.core.loop.AstorCoreEngine.showResults(AstorCoreEngine.java:144) - f (sol): 4.0, [Variant id: 1224 (SOL) , #gens: 118, #ops: 1, parent:1223]
[DEBUG] fr.inria.astor.core.loop.AstorCoreEngine.showResults(AstorCoreEngine.java:144) - f (sol): 2.0, [Variant id: 1282 (SOL) , #gens: 117, #ops: 1, parent:1281]
[DEBUG] fr.inria.astor.core.loop.AstorCoreEngine.showResults(AstorCoreEngine.java:144) - f (sol): 6.0, [Variant id: 1376 (SOL) , #gens: 118, #ops: 1, parent:1375]
[DEBUG] fr.inria.astor.core.loop.AstorCoreEngine.showResults(AstorCoreEngine.java:144) - f (sol): 2.0, [Variant id: 1402 (SOL) , #gens: 117, #ops: 1, parent:1401]
[DEBUG] fr.inria.astor.core.loop.AstorCoreEngine.showResults(AstorCoreEngine.java:144) - f (sol): 3.0, [Variant id: 1430 (SOL) , #gens: 117, #ops: 1, parent:1429]
[DEBUG] fr.inria.astor.core.loop.AstorCoreEngine.showResults(AstorCoreEngine.java:144) - f (sol): 2.0, [Variant id: 1462 (SOL) , #gens: 117, #ops: 1, parent:1461]
[DEBUG] fr.inria.astor.core.loop.AstorCoreEngine.showResults(AstorCoreEngine.java:146) - 
All variants:
[DEBUG] fr.inria.astor.core.loop.AstorCoreEngine.showResults(AstorCoreEngine.java:148) - f 1.0, [Variant id: 1463, #gens: 118, #ops: 0, parent:-]
[INFO ] fr.inria.astor.core.loop.AstorCoreEngine.showResults(AstorCoreEngine.java:152) - 
Solution details
[INFO ] fr.inria.astor.core.loop.AstorCoreEngine.showResults(AstorCoreEngine.java:153) - 
 --SOLUTIONS DESCRIPTION--

 ----
ProgramVariant 72
 
time(sec)= 430
operation: InsertBeforeOp
location= org.apache.commons.math3.analysis.function.StepFunction
line= 99
lineSuspiciousness= 0.354
original statement= return fx
fixed statement= fx = ordinate[0]
generation= 36
ingredientScope= LOCAL
validation=
failing: |true|0|9|[]|
manual_regression: |false|3|4030|[testSomeValues(org.apache.commons.math3.analysis.function.StepFunctionTest): expected:<-1.0> but was:<4.0>-, testEndpointBehavior(org.apache.commons.math3.analysis.function.StepFunctionTest): expected:<2.0> but was:<1.0>-, testHeaviside(org.apache.commons.math3.analysis.function.StepFunctionTest): expected:<1.0> but was:<0.0>-]|
evo_regression: |false|2|11|[test00(org.apache.commons.math3.analysis.function.StepFunction_ESTest): expected:<-1969.112842787287> but was:<-3204.8>-, test04(org.apache.commons.math3.analysis.function.StepFunction_ESTest): expected:<0.0> but was:<-2112.6185344003>-]|
 ----
ProgramVariant 98
 
time(sec)= 658
operation: RemoveOp
location= org.apache.commons.math3.analysis.function.StepFunction
line= 87
lineSuspiciousness= 0.354
original statement= if (index < (-1)) {
	fx = ordinate[((-index) - 2)];
} else {
	if (index >= 0) {
		fx = ordinate[index];
	} else {
		fx = ordinate[0];
	}
}
fixed statement= 
generation= 49
ingredientScope= -
validation=
failing: |true|0|9|[]|
manual_regression: |false|3|4030|[testSomeValues(org.apache.commons.math3.analysis.function.StepFunctionTest): expected:<4.0> but was:<0.0>-, testEndpointBehavior(org.apache.commons.math3.analysis.function.StepFunctionTest): expected:<1.0> but was:<0.0>-, testHeaviside(org.apache.commons.math3.analysis.function.StepFunctionTest): expected:<1.0> but was:<0.0>-]|
evo_regression: |false|3|11|[test00(org.apache.commons.math3.analysis.function.StepFunction_ESTest): expected:<-1969.112842787287> but was:<0.0>-, test03(org.apache.commons.math3.analysis.function.StepFunction_ESTest): expected:<-1416.8040504795> but was:<0.0>-, test02(org.apache.commons.math3.analysis.function.StepFunction_ESTest): expected:<1.5874010519681994> but was:<0.0>-]|
 ----
ProgramVariant 108
 
time(sec)= 847
operation: ReplaceOp
location= org.apache.commons.math3.analysis.function.StepFunction
line= 99
lineSuspiciousness= 0.354
original statement= return fx
fixed statement= return org.apache.commons.math3.util.FastMath.acosh(x)
generation= 54
ingredientScope= PACKAGE
validation=
failing: |true|0|9|[]|
manual_regression: |false|3|4030|[testSomeValues(org.apache.commons.math3.analysis.function.StepFunctionTest): expected:<4.0> but was:<NaN>-, testEndpointBehavior(org.apache.commons.math3.analysis.function.StepFunctionTest): expected:<1.0> but was:<NaN>-, testHeaviside(org.apache.commons.math3.analysis.function.StepFunctionTest): expected:<0.0> but was:<NaN>-]|
evo_regression: |false|5|11|[test01(org.apache.commons.math3.analysis.function.StepFunction_ESTest): expected:<0.0> but was:<NaN>-, test00(org.apache.commons.math3.analysis.function.StepFunction_ESTest): expected:<-1969.112842787287> but was:<NaN>-, test04(org.apache.commons.math3.analysis.function.StepFunction_ESTest): expected:<0.0> but was:<NaN>-, test03(org.apache.commons.math3.analysis.function.StepFunction_ESTest): expected:<-1416.8040504795> but was:<NaN>-, test02(org.apache.commons.math3.analysis.function.StepFunction_ESTest): expected:<1.5874010519681994> but was:<NaN>-]|
 ----
ProgramVariant 400
 
time(sec)= 1795
operation: InsertAfterOp
location= org.apache.commons.math3.analysis.function.StepFunction
line= 89
lineSuspiciousness= 0.354
original statement= fx = ordinate[((-index) - 2)]
fixed statement= return org.apache.commons.math3.util.FastMath.rint(x)
generation= 200
ingredientScope= PACKAGE
validation=
failing: |true|0|9|[]|
manual_regression: |false|3|4030|[testSomeValues(org.apache.commons.math3.analysis.function.StepFunctionTest): expected:<-1.0> but was:<-0.0>-, testEndpointBehavior(org.apache.commons.math3.analysis.function.StepFunctionTest): expected:<1.0> but was:<0.0>-, testHeaviside(org.apache.commons.math3.analysis.function.StepFunctionTest): expected:<1.0> but was:<2.0>-]|
evo_regression: |false|1|11|[test01(org.apache.commons.math3.analysis.function.StepFunction_ESTest): expected:<0.0> but was:<1.0>-]|
 ----
ProgramVariant 566
 
time(sec)= 3023
operation: RemoveOp
location= org.apache.commons.math3.analysis.FunctionUtils
line= 145
lineSuspiciousness= 0.5
original statement= for (int i = 1 ; i < (f.length) ; i++) {
	r += f[i].value(x);
}
fixed statement= 
generation= 283
ingredientScope= -
validation=
failing: |true|0|9|[]|
manual_regression: |false|1|4030|[testAdd(org.apache.commons.math3.analysis.FunctionUtilsTest): expected:<4.5> but was:<0.5>-]|
evo_regression: |false|1|26|[test06(org.apache.commons.math3.analysis.FunctionUtils_ESTest): null-]|
 ----
ProgramVariant 650
 
time(sec)= 3308
operation: RemoveOp
location= org.apache.commons.math3.analysis.FunctionUtils
line= 146
lineSuspiciousness= 0.5
original statement= r += f[i].value(x)
fixed statement= 
generation= 325
ingredientScope= -
validation=
failing: |true|0|9|[]|
manual_regression: |false|1|4030|[testAdd(org.apache.commons.math3.analysis.FunctionUtilsTest): expected:<4.5> but was:<0.5>-]|
evo_regression: |false|1|26|[test06(org.apache.commons.math3.analysis.FunctionUtils_ESTest): null-]|
 ----
ProgramVariant 708
 
time(sec)= 3526
operation: RemoveOp
location= org.apache.commons.math3.analysis.function.StepFunction
line= 87
lineSuspiciousness= 0.354
original statement= if (index < (-1)) {
	fx = ordinate[((-index) - 2)];
} else {
	if (index >= 0) {
		fx = ordinate[index];
	} else {
		fx = ordinate[0];
	}
}
fixed statement= 
generation= 354
ingredientScope= -
validation=
failing: |true|0|9|[]|
manual_regression: |false|3|4030|[testSomeValues(org.apache.commons.math3.analysis.function.StepFunctionTest): expected:<4.0> but was:<0.0>-, testEndpointBehavior(org.apache.commons.math3.analysis.function.StepFunctionTest): expected:<1.0> but was:<0.0>-, testHeaviside(org.apache.commons.math3.analysis.function.StepFunctionTest): expected:<1.0> but was:<0.0>-]|
evo_regression: |false|3|11|[test00(org.apache.commons.math3.analysis.function.StepFunction_ESTest): expected:<-1969.112842787287> but was:<0.0>-, test03(org.apache.commons.math3.analysis.function.StepFunction_ESTest): expected:<-1416.8040504795> but was:<0.0>-, test02(org.apache.commons.math3.analysis.function.StepFunction_ESTest): expected:<1.5874010519681994> but was:<0.0>-]|
 ----
ProgramVariant 722
 
time(sec)= 3711
operation: RemoveOp
location= org.apache.commons.math3.analysis.function.StepFunction
line= 87
lineSuspiciousness= 0.354
original statement= if (index < (-1)) {
	fx = ordinate[((-index) - 2)];
} else {
	if (index >= 0) {
		fx = ordinate[index];
	} else {
		fx = ordinate[0];
	}
}
fixed statement= 
generation= 361
ingredientScope= -
validation=
failing: |true|0|9|[]|
manual_regression: |false|3|4030|[testSomeValues(org.apache.commons.math3.analysis.function.StepFunctionTest): expected:<4.0> but was:<0.0>-, testEndpointBehavior(org.apache.commons.math3.analysis.function.StepFunctionTest): expected:<1.0> but was:<0.0>-, testHeaviside(org.apache.commons.math3.analysis.function.StepFunctionTest): expected:<1.0> but was:<0.0>-]|
evo_regression: |false|3|11|[test00(org.apache.commons.math3.analysis.function.StepFunction_ESTest): expected:<-1969.112842787287> but was:<0.0>-, test03(org.apache.commons.math3.analysis.function.StepFunction_ESTest): expected:<-1416.8040504795> but was:<0.0>-, test02(org.apache.commons.math3.analysis.function.StepFunction_ESTest): expected:<1.5874010519681994> but was:<0.0>-]|
 ----
ProgramVariant 724
 
time(sec)= 3892
operation: ReplaceOp
location= org.apache.commons.math3.analysis.function.StepFunction
line= 99
lineSuspiciousness= 0.354
original statement= return fx
fixed statement= return org.apache.commons.math3.util.FastMath.expm1(x)
generation= 362
ingredientScope= PACKAGE
validation=
failing: |true|0|9|[]|
manual_regression: |false|3|4030|[testSomeValues(org.apache.commons.math3.analysis.function.StepFunctionTest): expected:<4.0> but was:<-1.0>-, testEndpointBehavior(org.apache.commons.math3.analysis.function.StepFunctionTest): expected:<1.0> but was:<0.0>-, testHeaviside(org.apache.commons.math3.analysis.function.StepFunctionTest): expected:<0.0> but was:<-1.0>-]|
evo_regression: |false|5|11|[test01(org.apache.commons.math3.analysis.function.StepFunction_ESTest): expected:<0.0> but was:<1.4050785160927346>-, test00(org.apache.commons.math3.analysis.function.StepFunction_ESTest): expected:<-1969.112842787287> but was:<-1.0>-, test04(org.apache.commons.math3.analysis.function.StepFunction_ESTest): expected:<0.0> but was:<0.4423482421226579>-, test03(org.apache.commons.math3.analysis.function.StepFunction_ESTest): expected:<-1416.8040504795> but was:<-1.0>-, test02(org.apache.commons.math3.analysis.function.StepFunction_ESTest): expected:<1.5874010519681994> but was:<0.0>-]|
 ----
ProgramVariant 792
 
time(sec)= 4154
operation: RemoveOp
location= org.apache.commons.math3.analysis.FunctionUtils
line= 146
lineSuspiciousness= 0.5
original statement= r += f[i].value(x)
fixed statement= 
generation= 396
ingredientScope= -
validation=
failing: |true|0|9|[]|
manual_regression: |false|1|4030|[testAdd(org.apache.commons.math3.analysis.FunctionUtilsTest): expected:<4.5> but was:<0.5>-]|
evo_regression: |false|1|26|[test06(org.apache.commons.math3.analysis.FunctionUtils_ESTest): null-]|
 ----
ProgramVariant 974
 
time(sec)= 4614
operation: RemoveOp
location= org.apache.commons.math3.analysis.function.StepFunction
line= 89
lineSuspiciousness= 0.354
original statement= fx = ordinate[((-index) - 2)]
fixed statement= 
generation= 487
ingredientScope= -
validation=
failing: |true|0|9|[]|
manual_regression: |false|3|4030|[testSomeValues(org.apache.commons.math3.analysis.function.StepFunctionTest): expected:<-1.0> but was:<0.0>-, testEndpointBehavior(org.apache.commons.math3.analysis.function.StepFunctionTest): expected:<1.0> but was:<0.0>-, testHeaviside(org.apache.commons.math3.analysis.function.StepFunctionTest): expected:<1.0> but was:<0.0>-]|
evo_regression: |true|0|11|[]|
 ----
ProgramVariant 1010
 
time(sec)= 4858
operation: ReplaceOp
location= org.apache.commons.math3.analysis.function.StepFunction
line= 99
lineSuspiciousness= 0.354
original statement= return fx
fixed statement= return org.apache.commons.math3.util.FastMath.abs(x)
generation= 505
ingredientScope= PACKAGE
validation=
failing: |true|0|9|[]|
manual_regression: |false|3|4030|[testSomeValues(org.apache.commons.math3.analysis.function.StepFunctionTest): expected:<4.0> but was:<Infinity>-, testEndpointBehavior(org.apache.commons.math3.analysis.function.StepFunctionTest): expected:<1.0> but was:<0.0>-, testHeaviside(org.apache.commons.math3.analysis.function.StepFunctionTest): expected:<0.0> but was:<Infinity>-]|
evo_regression: |false|5|11|[test01(org.apache.commons.math3.analysis.function.StepFunction_ESTest): expected:<0.0> but was:<0.8775825500488281>-, test00(org.apache.commons.math3.analysis.function.StepFunction_ESTest): expected:<-1969.112842787287> but was:<1969.112842787287>-, test04(org.apache.commons.math3.analysis.function.StepFunction_ESTest): expected:<0.0> but was:<0.366272509098053>-, test03(org.apache.commons.math3.analysis.function.StepFunction_ESTest): expected:<-1416.8040504795> but was:<1416.8040504795>-, test02(org.apache.commons.math3.analysis.function.StepFunction_ESTest): expected:<1.5874010519681994> but was:<0.0>-]|
 ----
ProgramVariant 1054
 
time(sec)= 5116
operation: RemoveOp
location= org.apache.commons.math3.analysis.function.StepFunction
line= 89
lineSuspiciousness= 0.354
original statement= fx = ordinate[((-index) - 2)]
fixed statement= 
generation= 527
ingredientScope= -
validation=
failing: |true|0|9|[]|
manual_regression: |false|3|4030|[testSomeValues(org.apache.commons.math3.analysis.function.StepFunctionTest): expected:<-1.0> but was:<0.0>-, testEndpointBehavior(org.apache.commons.math3.analysis.function.StepFunctionTest): expected:<1.0> but was:<0.0>-, testHeaviside(org.apache.commons.math3.analysis.function.StepFunctionTest): expected:<1.0> but was:<0.0>-]|
evo_regression: |true|0|11|[]|
 ----
ProgramVariant 1158
 
time(sec)= 5418
operation: ReplaceOp
location= org.apache.commons.math3.analysis.function.StepFunction
line= 99
lineSuspiciousness= 0.354
original statement= return fx
fixed statement= return org.apache.commons.math3.util.FastMath.signum(x)
generation= 579
ingredientScope= PACKAGE
validation=
failing: |true|0|9|[]|
manual_regression: |false|3|4030|[testSomeValues(org.apache.commons.math3.analysis.function.StepFunctionTest): expected:<4.0> but was:<-1.0>-, testEndpointBehavior(org.apache.commons.math3.analysis.function.StepFunctionTest): expected:<1.0> but was:<0.0>-, testHeaviside(org.apache.commons.math3.analysis.function.StepFunctionTest): expected:<0.0> but was:<-1.0>-]|
evo_regression: |false|5|11|[test01(org.apache.commons.math3.analysis.function.StepFunction_ESTest): expected:<0.0> but was:<1.0>-, test00(org.apache.commons.math3.analysis.function.StepFunction_ESTest): expected:<-1969.112842787287> but was:<-1.0>-, test04(org.apache.commons.math3.analysis.function.StepFunction_ESTest): expected:<0.0> but was:<1.0>-, test03(org.apache.commons.math3.analysis.function.StepFunction_ESTest): expected:<-1416.8040504795> but was:<-1.0>-, test02(org.apache.commons.math3.analysis.function.StepFunction_ESTest): expected:<1.5874010519681994> but was:<0.0>-]|
 ----
ProgramVariant 1168
 
time(sec)= 5613
operation: RemoveOp
location= org.apache.commons.math3.analysis.function.StepFunction
line= 89
lineSuspiciousness= 0.354
original statement= fx = ordinate[((-index) - 2)]
fixed statement= 
generation= 584
ingredientScope= -
validation=
failing: |true|0|9|[]|
manual_regression: |false|3|4030|[testSomeValues(org.apache.commons.math3.analysis.function.StepFunctionTest): expected:<-1.0> but was:<0.0>-, testEndpointBehavior(org.apache.commons.math3.analysis.function.StepFunctionTest): expected:<1.0> but was:<0.0>-, testHeaviside(org.apache.commons.math3.analysis.function.StepFunctionTest): expected:<1.0> but was:<0.0>-]|
evo_regression: |true|0|11|[]|
 ----
ProgramVariant 1224
 
time(sec)= 5889
operation: ReplaceOp
location= org.apache.commons.math3.analysis.function.StepFunction
line= 87
lineSuspiciousness= 0.354
original statement= if (index < (-1)) {
	fx = ordinate[((-index) - 2)];
} else {
	if (index >= 0) {
		fx = ordinate[index];
	} else {
		fx = ordinate[0];
	}
}
fixed statement= if (index >= 0) {
	fx = ordinate[index];
} else {
	fx = ordinate[0];
}
generation= 612
ingredientScope= LOCAL
validation=
failing: |true|0|9|[]|
manual_regression: |false|3|4030|[testSomeValues(org.apache.commons.math3.analysis.function.StepFunctionTest): expected:<-1.0> but was:<4.0>-, testEndpointBehavior(org.apache.commons.math3.analysis.function.StepFunctionTest): expected:<2.0> but was:<1.0>-, testHeaviside(org.apache.commons.math3.analysis.function.StepFunctionTest): expected:<1.0> but was:<0.0>-]|
evo_regression: |false|1|11|[test04(org.apache.commons.math3.analysis.function.StepFunction_ESTest): expected:<0.0> but was:<-2112.6185344003>-]|
 ----
ProgramVariant 1282
 
time(sec)= 6133
operation: RemoveOp
location= org.apache.commons.math3.analysis.FunctionUtils
line= 145
lineSuspiciousness= 0.5
original statement= for (int i = 1 ; i < (f.length) ; i++) {
	r += f[i].value(x);
}
fixed statement= 
generation= 641
ingredientScope= -
validation=
failing: |true|0|9|[]|
manual_regression: |false|1|4030|[testAdd(org.apache.commons.math3.analysis.FunctionUtilsTest): expected:<4.5> but was:<0.5>-]|
evo_regression: |false|1|26|[test06(org.apache.commons.math3.analysis.FunctionUtils_ESTest): null-]|
 ----
ProgramVariant 1376
 
time(sec)= 6576
operation: ReplaceOp
location= org.apache.commons.math3.analysis.function.StepFunction
line= 99
lineSuspiciousness= 0.354
original statement= return fx
fixed statement= return x
generation= 688
ingredientScope= PACKAGE
validation=
failing: |true|0|9|[]|
manual_regression: |false|3|4030|[testSomeValues(org.apache.commons.math3.analysis.function.StepFunctionTest): expected:<4.0> but was:<-Infinity>-, testEndpointBehavior(org.apache.commons.math3.analysis.function.StepFunctionTest): expected:<1.0> but was:<0.0>-, testHeaviside(org.apache.commons.math3.analysis.function.StepFunctionTest): expected:<0.0> but was:<-Infinity>-]|
evo_regression: |false|3|11|[test01(org.apache.commons.math3.analysis.function.StepFunction_ESTest): expected:<0.0> but was:<0.8775825500488281>-, test04(org.apache.commons.math3.analysis.function.StepFunction_ESTest): expected:<0.0> but was:<0.366272509098053>-, test02(org.apache.commons.math3.analysis.function.StepFunction_ESTest): expected:<1.5874010519681994> but was:<0.0>-]|
 ----
ProgramVariant 1402
 
time(sec)= 6812
operation: RemoveOp
location= org.apache.commons.math3.analysis.FunctionUtils
line= 146
lineSuspiciousness= 0.5
original statement= r += f[i].value(x)
fixed statement= 
generation= 701
ingredientScope= -
validation=
failing: |true|0|9|[]|
manual_regression: |false|1|4030|[testAdd(org.apache.commons.math3.analysis.FunctionUtilsTest): expected:<4.5> but was:<0.5>-]|
evo_regression: |false|1|26|[test06(org.apache.commons.math3.analysis.FunctionUtils_ESTest): null-]|
 ----
ProgramVariant 1430
 
time(sec)= 7044
operation: RemoveOp
location= org.apache.commons.math3.analysis.function.StepFunction
line= 89
lineSuspiciousness= 0.354
original statement= fx = ordinate[((-index) - 2)]
fixed statement= 
generation= 715
ingredientScope= -
validation=
failing: |true|0|9|[]|
manual_regression: |false|3|4030|[testSomeValues(org.apache.commons.math3.analysis.function.StepFunctionTest): expected:<-1.0> but was:<0.0>-, testEndpointBehavior(org.apache.commons.math3.analysis.function.StepFunctionTest): expected:<1.0> but was:<0.0>-, testHeaviside(org.apache.commons.math3.analysis.function.StepFunctionTest): expected:<1.0> but was:<0.0>-]|
evo_regression: |true|0|11|[]|
 ----
ProgramVariant 1462
 
time(sec)= 7280
operation: RemoveOp
location= org.apache.commons.math3.analysis.FunctionUtils
line= 146
lineSuspiciousness= 0.5
original statement= r += f[i].value(x)
fixed statement= 
generation= 731
ingredientScope= -
validation=
failing: |true|0|9|[]|
manual_regression: |false|1|4030|[testAdd(org.apache.commons.math3.analysis.FunctionUtilsTest): expected:<4.5> but was:<0.5>-]|
evo_regression: |false|1|26|[test06(org.apache.commons.math3.analysis.FunctionUtils_ESTest): null-]|
[INFO ] fr.inria.main.evolution.AstorMain.run(AstorMain.java:397) - Time Total(s): 7851.423


Node: graphene-104.nancy.grid5000.fr


Date: Sat Jan 14 02:44:07 CET 2017

removed classes 

zipped 

copied zip 


