seed AstorRun 15 
export PATH="/home/mmartinez/defects4j/framework/bin:$PATH";export JAVA_TOOL_OPTIONS=-Dfile.encoding=UTF8;export PATH="/usr/lib/jvm/java-1.7.0-openjdk-amd64/bin/:$PATH";cd /home/mmartinez/projects/math/math_81;defects4j compile;cp -r /home/mmartinez/projects/math/math_81 /tmp/math_81_Genprog_local_s1;cd /tmp/math_81_Genprog_local_s1;mkdir lib/;cp -r /home/mmartinez/defects4j/framework/projects/lib/* lib/;cp -r /home/mmartinez/defects4j/framework/projects/Math/lib/* lib/;find . -type f -name "package-info.java" -delete;
/home/mmartinez/defects4j-repair/src/python/core/../../../results/2016-june/Math/seed/15/package/81/Genprog/result
cd /tmp/math_81_Genprog_local_s1;export JAVA_TOOL_OPTIONS=-Dfile.encoding=UTF8;TZ="America/New_York"; export TZexport PATH="/usr/lib/jvm/java-1.7.0-openjdk-amd64/bin/:$PATH";time /home/mmartinez/jdk1.8.0_45/bin//java -Xmx4096m -cp /home/mmartinez/defects4j-repair/src/python/core/../../..//libs/astor.jar fr.inria.main.evolution.MainjGenProg -mode statement -location . -id Math -dependencies lib/ -failing org.apache.commons.math.linear.EigenDecompositionImplTest: -package org.apache.commons -jvm4testexecution /usr/lib/jvm/java-1.7.0-openjdk-amd64/bin/ -jvm4evosuitetestexecution /home/mmartinez/jdk1.8.0_45/bin/ -javacompliancelevel 5 -maxgen 1000000 -seed 15 -scope package -maxtime 120  -stopfirst false -population 1 -srcjavafolder src/main/java/ -srctestfolder src/test/java/ -binjavafolder target/classes/ -bintestfolder target/test-classes/ -flthreshold 0.1  -validation  fr.inria.astor.core.validation.validators.RegressionValidation  -ESParameters -Dassertion_timeout=1800:-Dminimization_timeout=1800:-Djunit_check_timeout=1800:-Dwrite_junit_timeout=300:-Dinitialization_timeout=300:-Dglobal_timeout=18000:-Dsearch_budget=100000:-Dstopping_condition=MaxStatements:-Dno_runtime_dependency=true:-Dsandbox=false:-Dp_reflection_on_private=0.0:-Dreflection_start_percent=1.0:-Dp_functional_mocking=0.0:-Dfunctional_mocking_percent=1.0:-mem=2000 -ignoredtestcases org.apache.commons.lang.LocaleUtilsTest  -excludeRegression  -maxgen 100000000 ;echo "

Node: `hostname`
";echo "
Date: `date`
"; find /tmp/math_81_Genprog_local_s1/outputMutation -name "*.class" -type f -delete;echo "removed classes 
"; find . -name bin  -type d -print0|xargs -0 rm -r --; zip -r -q out.zip /tmp/math_81_Genprog_local_s1/outputMutation; echo "zipped 
";cp out.zip /home/mmartinez/defects4j-repair/src/python/core/../../../results/2016-june/Math/seed/15/package/81/Genprog; echo "copied zip 
";rm -rf /tmp/math_81_Genprog_local_s1;

[DEBUG] fr.inria.astor.core.loop.AstorCoreEngine.showResults(AstorCoreEngine.java:136) - End Repair Loops: Found solution
[DEBUG] fr.inria.astor.core.loop.AstorCoreEngine.showResults(AstorCoreEngine.java:137) - Solution stored at: /tmp/math_81_Genprog_local_s1/./outputMutation/AstorMain-Math//src/
[DEBUG] fr.inria.astor.core.loop.AstorCoreEngine.showResults(AstorCoreEngine.java:142) - 
Number solutions:6
[DEBUG] fr.inria.astor.core.loop.AstorCoreEngine.showResults(AstorCoreEngine.java:144) - f (sol): 2.0, [Variant id: 74 (SOL) , #gens: 350, #ops: 1, parent:73]
[DEBUG] fr.inria.astor.core.loop.AstorCoreEngine.showResults(AstorCoreEngine.java:144) - f (sol): 1.0, [Variant id: 82 (SOL) , #gens: 350, #ops: 1, parent:81]
[DEBUG] fr.inria.astor.core.loop.AstorCoreEngine.showResults(AstorCoreEngine.java:144) - f (sol): 1.0, [Variant id: 216 (SOL) , #gens: 351, #ops: 1, parent:215]
[DEBUG] fr.inria.astor.core.loop.AstorCoreEngine.showResults(AstorCoreEngine.java:144) - f (sol): 3.0, [Variant id: 270 (SOL) , #gens: 351, #ops: 1, parent:269]
[DEBUG] fr.inria.astor.core.loop.AstorCoreEngine.showResults(AstorCoreEngine.java:144) - f (sol): 1.0, [Variant id: 404 (SOL) , #gens: 351, #ops: 1, parent:403]
[DEBUG] fr.inria.astor.core.loop.AstorCoreEngine.showResults(AstorCoreEngine.java:144) - f (sol): 1.0, [Variant id: 490 (SOL) , #gens: 350, #ops: 1, parent:489]
[DEBUG] fr.inria.astor.core.loop.AstorCoreEngine.showResults(AstorCoreEngine.java:146) - 
All variants:
[DEBUG] fr.inria.astor.core.loop.AstorCoreEngine.showResults(AstorCoreEngine.java:148) - f 1.0, [Variant id: 773, #gens: 351, #ops: 0, parent:-]
[INFO ] fr.inria.astor.core.loop.AstorCoreEngine.showResults(AstorCoreEngine.java:152) - 
Solution details
[INFO ] fr.inria.astor.core.loop.AstorCoreEngine.showResults(AstorCoreEngine.java:153) - 
 --SOLUTIONS DESCRIPTION--

 ----
ProgramVariant 74
 
time(sec)= 2610
operation: RemoveOp
location= org.apache.commons.math.linear.EigenDecompositionImpl
line= 1484
lineSuspiciousness= 0.5
original statement= b2 = (work[(nn - 5)]) / (work[(nn - 7)])
fixed statement= 
generation= 37
ingredientScope= -
validation=
failing: |true|0|17|[]|
manual_regression: |false|1|2101|[testNextPoissonConsistency(org.apache.commons.math.random.RandomDataTest): Chisquare test failed for mean = 2630.7545436652854 p-value = 1.0413190240732284E-4 chisquare statistic = 49.07225487453751.]|
evo_regression: |false|1|43|[test18(org.apache.commons.math.linear.EigenDecompositionImpl_ESTest): expected:<8.20234388763103E31> but was:<8.202343887631043E31>-]|
 ----
ProgramVariant 82
 
time(sec)= 2692
operation: RemoveOp
location= org.apache.commons.math.linear.EigenDecompositionImpl
line= 1521
lineSuspiciousness= 0.316
original statement= s = (gam * (1 - (java.lang.Math.sqrt(a2)))) / (1 + a2)
fixed statement= 
generation= 41
ingredientScope= -
validation=
failing: |true|0|17|[]|
manual_regression: |true|0|2101|[]|
evo_regression: |false|1|43|[test18(org.apache.commons.math.linear.EigenDecompositionImpl_ESTest): expected:<8.20234388763103E31> but was:<8.202343887631043E31>-]|
 ----
ProgramVariant 216
 
time(sec)= 3972
operation: ReplaceOp
location= org.apache.commons.math.linear.EigenDecompositionImpl
line= 1543
lineSuspiciousness= 0.577
original statement= if ((end - start) > 2) {
	b2 = (work[(nn - 13)]) / (work[(nn - 15)]);
	a2 = a2 + b2;
	for (int i4 = nn - 17 ; i4 >= (((4 * start) + 2) + (pingPong)) ; i4 -= 4) {
		if (b2 == 0.0) {
			break;
		} 
		b1 = b2;
		if ((work[i4]) > (work[(i4 - 2)])) {
			return ;
		} 
		b2 = b2 * ((work[i4]) / (work[(i4 - 2)]));
		a2 = a2 + b2;
		if (((100 * (java.lang.Math.max(b2, b1))) < a2) || (cnst1 < a2)) {
			break;
		} 
	}
	a2 = cnst3 * a2;
} 
fixed statement= if ((dMin) <= 0.0) {
	tau = -(dMin);
	tType = -1;
	return ;
} 
generation= 108
ingredientScope= LOCAL
validation=
failing: |true|0|17|[]|
manual_regression: |true|0|2101|[]|
evo_regression: |false|1|43|[test18(org.apache.commons.math.linear.EigenDecompositionImpl_ESTest): expected:<8.20234388763103E31> but was:<8.20234388763107E31>-]|
 ----
ProgramVariant 270
 
time(sec)= 4467
operation: ReplaceOp
location= org.apache.commons.math.linear.EigenDecompositionImpl
line= 1454
lineSuspiciousness= 0.25
original statement= if (((dMin) == (dN)) && ((dMin1) == (dN1))) {
	final double gap2 = ((dMin2) - a2) - ((dMin2) * 0.25);
	final double gap1 = (a2 - (dN)) - ((gap2 > 0.0) && (gap2 > b2) ? (b2 / gap2) * b2 : b1 + b2);
	if ((gap1 > 0.0) && (gap1 > b1)) {
		tau = java.lang.Math.max(((dN) - ((b1 / gap1) * b1)), (0.5 * (dMin)));
		tType = -2;
	} else {
		double s = 0.0;
		if ((dN) > b1) {
			s = (dN) - b1;
		} 
		if (a2 > (b1 + b2)) {
			s = java.lang.Math.min(s, (a2 - (b1 + b2)));
		} 
		tau = java.lang.Math.max(s, (0.333 * (dMin)));
		tType = -3;
	}
} else {
	tType = -4;
	double s = 0.25 * (dMin);
	double gam;
	int np;
	if ((dMin) == (dN)) {
		gam = dN;
		a2 = 0.0;
		if ((work[(nn - 5)]) > (work[(nn - 7)])) {
			return ;
		} 
		b2 = (work[(nn - 5)]) / (work[(nn - 7)]);
		np = nn - 9;
	} else {
		np = nn - (2 * (pingPong));
		b2 = work[(np - 2)];
		gam = dN1;
		if ((work[(np - 4)]) > (work[(np - 2)])) {
			return ;
		} 
		a2 = (work[(np - 4)]) / (work[(np - 2)]);
		if ((work[(nn - 9)]) > (work[(nn - 11)])) {
			return ;
		} 
		b2 = (work[(nn - 9)]) / (work[(nn - 11)]);
		np = nn - 13;
	}
	a2 = a2 + b2;
	for (int i4 = np ; i4 >= (((4 * start) + 2) + (pingPong)) ; i4 -= 4) {
		if (b2 == 0.0) {
			break;
		} 
		b1 = b2;
		if ((work[i4]) > (work[(i4 - 2)])) {
			return ;
		} 
		b2 = b2 * ((work[i4]) / (work[(i4 - 2)]));
		a2 = a2 + b2;
		if (((100 * (java.lang.Math.max(b2, b1))) < a2) || (cnst1 < a2)) {
			break;
		} 
	}
	a2 = cnst3 * a2;
	if (a2 < cnst1) {
		s = (gam * (1 - (java.lang.Math.sqrt(a2)))) / (1 + a2);
	} 
	tau = s;
}
fixed statement= if ((dMin1) == (dN1)) {
	tau = 0.5 * (dMin1);
} 
generation= 135
ingredientScope= LOCAL
validation=
failing: |true|0|17|[]|
manual_regression: |false|1|2101|[testNonInvertible(org.apache.commons.math.linear.EigenSolverTest): null-]|
evo_regression: |false|2|43|[test18(org.apache.commons.math.linear.EigenDecompositionImpl_ESTest): expected:<8.20234388763103E31> but was:<8.202343887631061E31>-, test22(org.apache.commons.math.linear.EigenDecompositionImpl_ESTest): expected:<6.702027223807993E21> but was:<6.702027223808018E21>-]|
 ----
ProgramVariant 404
 
time(sec)= 4991
operation: ReplaceOp
location= org.apache.commons.math.linear.EigenDecompositionImpl
line= 1480
lineSuspiciousness= 0.5
original statement= a2 = 0.0
fixed statement= b2 = (work[(nn - 5)]) / (work[(nn - 7)])
generation= 202
ingredientScope= LOCAL
validation=
failing: |true|0|17|[]|
manual_regression: |true|0|2101|[]|
evo_regression: |false|1|43|[test18(org.apache.commons.math.linear.EigenDecompositionImpl_ESTest): expected:<8.20234388763103E31> but was:<8.202343887631043E31>-]|
 ----
ProgramVariant 490
 
time(sec)= 5619
operation: RemoveOp
location= org.apache.commons.math.linear.EigenDecompositionImpl
line= 1520
lineSuspiciousness= 0.316
original statement= if (a2 < cnst1) {
	s = (gam * (1 - (java.lang.Math.sqrt(a2)))) / (1 + a2);
} 
fixed statement= 
generation= 245
ingredientScope= -
validation=
failing: |true|0|17|[]|
manual_regression: |true|0|2101|[]|
evo_regression: |false|1|43|[test18(org.apache.commons.math.linear.EigenDecompositionImpl_ESTest): expected:<8.20234388763103E31> but was:<8.202343887631043E31>-]|
[INFO ] fr.inria.main.evolution.AstorMain.run(AstorMain.java:397) - Time Total(s): 7477.329


Node: graphene-93.nancy.grid5000.fr


Date: Mon Jan 16 00:37:39 CET 2017

removed classes 

zipped 

copied zip 


