seed AstorRun 8 
export PATH="/home/mmartinez/defects4j/framework/bin:$PATH";export JAVA_TOOL_OPTIONS=-Dfile.encoding=UTF8;export PATH="/usr/lib/jvm/java-1.7.0-openjdk-amd64/bin/:$PATH";cd /home/mmartinez/projects/time/time_11;defects4j compile;cp -r /home/mmartinez/projects/time/time_11 /tmp/time_11_Genprog_local_s1;cd /tmp/time_11_Genprog_local_s1;mkdir lib/;cp -r /home/mmartinez/defects4j/framework/projects/lib/* lib/;cp -r /home/mmartinez/defects4j/framework/projects/Time/lib/* lib/;find . -type f -name "package-info.java" -delete;
/home/mmartinez/defects4j-repair/src/python/core/../../../results/2016-june/Time/seed/8/package/11/Genprog/result
cd /tmp/time_11_Genprog_local_s1;export JAVA_TOOL_OPTIONS=-Dfile.encoding=UTF8;TZ="America/New_York"; export TZexport PATH="/usr/lib/jvm/java-1.7.0-openjdk-amd64/bin/:$PATH";time /home/mmartinez/jdk1.8.0_45/bin//java -Xmx4096m -cp /home/mmartinez/defects4j-repair/src/python/core/../../..//libs/astor.jar fr.inria.main.evolution.MainjGenProg -mode statement -location . -id Time -dependencies lib/ -failing org.joda.time.tz.TestCompiler: -package org.joda -jvm4testexecution /usr/lib/jvm/java-1.7.0-openjdk-amd64/bin/ -jvm4evosuitetestexecution /home/mmartinez/jdk1.8.0_45/bin/ -javacompliancelevel 5 -maxgen 1000000 -seed 8 -scope package -maxtime 120  -stopfirst false -population 1 -srcjavafolder src/main/java/ -srctestfolder src/test/java/ -binjavafolder target/classes/ -bintestfolder target/test-classes/ -flthreshold 0.1  -validation  fr.inria.astor.core.validation.validators.RegressionValidation  -ESParameters -Dassertion_timeout=1800:-Dminimization_timeout=1800:-Djunit_check_timeout=1800:-Dwrite_junit_timeout=300:-Dinitialization_timeout=300:-Dglobal_timeout=18000:-Dsearch_budget=100000:-Dstopping_condition=MaxStatements:-Dno_runtime_dependency=true:-Dsandbox=false:-Dp_reflection_on_private=0.0:-Dreflection_start_percent=1.0:-Dp_functional_mocking=0.0:-Dfunctional_mocking_percent=1.0:-mem=2000 -ignoredtestcases org.apache.commons.lang.LocaleUtilsTest  -excludeRegression  -maxgen 100000000 ;echo "

Node: `hostname`
";echo "
Date: `date`
"; find /tmp/time_11_Genprog_local_s1/outputMutation -name "*.class" -type f -delete;echo "removed classes 
"; find . -name bin  -type d -print0|xargs -0 rm -r --; zip -r -q out.zip /tmp/time_11_Genprog_local_s1/outputMutation; echo "zipped 
";cp out.zip /home/mmartinez/defects4j-repair/src/python/core/../../../results/2016-june/Time/seed/8/package/11/Genprog; echo "copied zip 
";rm -rf /tmp/time_11_Genprog_local_s1;

[DEBUG] fr.inria.astor.core.loop.AstorCoreEngine.showResults(AstorCoreEngine.java:136) - End Repair Loops: Found solution
[DEBUG] fr.inria.astor.core.loop.AstorCoreEngine.showResults(AstorCoreEngine.java:137) - Solution stored at: /tmp/time_11_Genprog_local_s1/./outputMutation/AstorMain-Time//src/
[DEBUG] fr.inria.astor.core.loop.AstorCoreEngine.showResults(AstorCoreEngine.java:142) - 
Number solutions:31
[DEBUG] fr.inria.astor.core.loop.AstorCoreEngine.showResults(AstorCoreEngine.java:144) - f (sol): 0.0, [Variant id: 196 (SOL) , #gens: 207, #ops: 1, parent:195]
[DEBUG] fr.inria.astor.core.loop.AstorCoreEngine.showResults(AstorCoreEngine.java:144) - f (sol): 0.0, [Variant id: 264 (SOL) , #gens: 209, #ops: 1, parent:263]
[DEBUG] fr.inria.astor.core.loop.AstorCoreEngine.showResults(AstorCoreEngine.java:144) - f (sol): 0.0, [Variant id: 348 (SOL) , #gens: 208, #ops: 1, parent:347]
[DEBUG] fr.inria.astor.core.loop.AstorCoreEngine.showResults(AstorCoreEngine.java:144) - f (sol): 0.0, [Variant id: 428 (SOL) , #gens: 208, #ops: 1, parent:427]
[DEBUG] fr.inria.astor.core.loop.AstorCoreEngine.showResults(AstorCoreEngine.java:144) - f (sol): 0.0, [Variant id: 438 (SOL) , #gens: 207, #ops: 1, parent:437]
[DEBUG] fr.inria.astor.core.loop.AstorCoreEngine.showResults(AstorCoreEngine.java:144) - f (sol): 0.0, [Variant id: 566 (SOL) , #gens: 207, #ops: 1, parent:565]
[DEBUG] fr.inria.astor.core.loop.AstorCoreEngine.showResults(AstorCoreEngine.java:144) - f (sol): 0.0, [Variant id: 574 (SOL) , #gens: 209, #ops: 1, parent:573]
[DEBUG] fr.inria.astor.core.loop.AstorCoreEngine.showResults(AstorCoreEngine.java:144) - f (sol): 0.0, [Variant id: 622 (SOL) , #gens: 209, #ops: 1, parent:621]
[DEBUG] fr.inria.astor.core.loop.AstorCoreEngine.showResults(AstorCoreEngine.java:144) - f (sol): 0.0, [Variant id: 672 (SOL) , #gens: 209, #ops: 1, parent:671]
[DEBUG] fr.inria.astor.core.loop.AstorCoreEngine.showResults(AstorCoreEngine.java:144) - f (sol): 0.0, [Variant id: 778 (SOL) , #gens: 209, #ops: 1, parent:777]
[DEBUG] fr.inria.astor.core.loop.AstorCoreEngine.showResults(AstorCoreEngine.java:144) - f (sol): 0.0, [Variant id: 796 (SOL) , #gens: 209, #ops: 1, parent:795]
[DEBUG] fr.inria.astor.core.loop.AstorCoreEngine.showResults(AstorCoreEngine.java:144) - f (sol): 0.0, [Variant id: 842 (SOL) , #gens: 209, #ops: 1, parent:841]
[DEBUG] fr.inria.astor.core.loop.AstorCoreEngine.showResults(AstorCoreEngine.java:144) - f (sol): 0.0, [Variant id: 848 (SOL) , #gens: 207, #ops: 1, parent:847]
[DEBUG] fr.inria.astor.core.loop.AstorCoreEngine.showResults(AstorCoreEngine.java:144) - f (sol): 0.0, [Variant id: 886 (SOL) , #gens: 208, #ops: 1, parent:885]
[DEBUG] fr.inria.astor.core.loop.AstorCoreEngine.showResults(AstorCoreEngine.java:144) - f (sol): 0.0, [Variant id: 914 (SOL) , #gens: 207, #ops: 1, parent:913]
[DEBUG] fr.inria.astor.core.loop.AstorCoreEngine.showResults(AstorCoreEngine.java:144) - f (sol): 0.0, [Variant id: 956 (SOL) , #gens: 207, #ops: 1, parent:955]
[DEBUG] fr.inria.astor.core.loop.AstorCoreEngine.showResults(AstorCoreEngine.java:144) - f (sol): 0.0, [Variant id: 1022 (SOL) , #gens: 207, #ops: 1, parent:1021]
[DEBUG] fr.inria.astor.core.loop.AstorCoreEngine.showResults(AstorCoreEngine.java:144) - f (sol): 0.0, [Variant id: 1052 (SOL) , #gens: 208, #ops: 1, parent:1051]
[DEBUG] fr.inria.astor.core.loop.AstorCoreEngine.showResults(AstorCoreEngine.java:144) - f (sol): 0.0, [Variant id: 1094 (SOL) , #gens: 208, #ops: 1, parent:1093]
[DEBUG] fr.inria.astor.core.loop.AstorCoreEngine.showResults(AstorCoreEngine.java:144) - f (sol): 0.0, [Variant id: 1190 (SOL) , #gens: 208, #ops: 1, parent:1189]
[DEBUG] fr.inria.astor.core.loop.AstorCoreEngine.showResults(AstorCoreEngine.java:144) - f (sol): 0.0, [Variant id: 1200 (SOL) , #gens: 208, #ops: 1, parent:1199]
[DEBUG] fr.inria.astor.core.loop.AstorCoreEngine.showResults(AstorCoreEngine.java:144) - f (sol): 0.0, [Variant id: 1316 (SOL) , #gens: 207, #ops: 1, parent:1315]
[DEBUG] fr.inria.astor.core.loop.AstorCoreEngine.showResults(AstorCoreEngine.java:144) - f (sol): 0.0, [Variant id: 1406 (SOL) , #gens: 207, #ops: 1, parent:1405]
[DEBUG] fr.inria.astor.core.loop.AstorCoreEngine.showResults(AstorCoreEngine.java:144) - f (sol): 0.0, [Variant id: 1446 (SOL) , #gens: 207, #ops: 1, parent:1445]
[DEBUG] fr.inria.astor.core.loop.AstorCoreEngine.showResults(AstorCoreEngine.java:144) - f (sol): 0.0, [Variant id: 1456 (SOL) , #gens: 207, #ops: 1, parent:1455]
[DEBUG] fr.inria.astor.core.loop.AstorCoreEngine.showResults(AstorCoreEngine.java:144) - f (sol): 0.0, [Variant id: 1496 (SOL) , #gens: 207, #ops: 1, parent:1495]
[DEBUG] fr.inria.astor.core.loop.AstorCoreEngine.showResults(AstorCoreEngine.java:144) - f (sol): 0.0, [Variant id: 1528 (SOL) , #gens: 208, #ops: 1, parent:1527]
[DEBUG] fr.inria.astor.core.loop.AstorCoreEngine.showResults(AstorCoreEngine.java:144) - f (sol): 0.0, [Variant id: 1696 (SOL) , #gens: 207, #ops: 1, parent:1695]
[DEBUG] fr.inria.astor.core.loop.AstorCoreEngine.showResults(AstorCoreEngine.java:144) - f (sol): 0.0, [Variant id: 1878 (SOL) , #gens: 207, #ops: 1, parent:1877]
[DEBUG] fr.inria.astor.core.loop.AstorCoreEngine.showResults(AstorCoreEngine.java:144) - f (sol): 0.0, [Variant id: 1928 (SOL) , #gens: 207, #ops: 1, parent:1927]
[DEBUG] fr.inria.astor.core.loop.AstorCoreEngine.showResults(AstorCoreEngine.java:144) - f (sol): 0.0, [Variant id: 1938 (SOL) , #gens: 207, #ops: 1, parent:1937]
[DEBUG] fr.inria.astor.core.loop.AstorCoreEngine.showResults(AstorCoreEngine.java:146) - 
All variants:
[DEBUG] fr.inria.astor.core.loop.AstorCoreEngine.showResults(AstorCoreEngine.java:148) - f 1.0, [Variant id: 1971, #gens: 208, #ops: 0, parent:-]
[INFO ] fr.inria.astor.core.loop.AstorCoreEngine.showResults(AstorCoreEngine.java:152) - 
Solution details
[INFO ] fr.inria.astor.core.loop.AstorCoreEngine.showResults(AstorCoreEngine.java:153) - 
 --SOLUTIONS DESCRIPTION--

 ----
ProgramVariant 196
 
time(sec)= 743
operation: RemoveOp
location= org.joda.time.tz.DateTimeZoneBuilder
line= 1141
lineSuspiciousness= 0.327
original statement= if ((iRules.size()) == 2) {
	org.joda.time.tz.DateTimeZoneBuilder.Rule startRule = iRules.get(0);
	org.joda.time.tz.DateTimeZoneBuilder.Rule endRule = iRules.get(1);
	if (((startRule.getToYear()) == (java.lang.Integer.MAX_VALUE)) && ((endRule.getToYear()) == (java.lang.Integer.MAX_VALUE))) {
		return new org.joda.time.tz.DateTimeZoneBuilder.DSTZone(id , iStandardOffset , startRule.iRecurrence , endRule.iRecurrence);
	} 
} 
fixed statement= 
generation= 98
ingredientScope= -
validation=
failing: |true|0|8|[]|
manual_regression: |true|0|11852|[warning(junit.framework.TestSuite$1): Class org.joda.time.chrono.gj.MainTest has no public constructor TestCase(String name) or TestCase()-]|
evo_regression: |true|0|48|[]|
 ----
ProgramVariant 264
 
time(sec)= 938
operation: InsertBeforeOp
location= org.joda.time.tz.DateTimeZoneBuilder
line= 843
lineSuspiciousness= 0.327
original statement= org.joda.time.Chronology chrono = org.joda.time.chrono.ISOChronology.getInstanceUTC()
fixed statement= org.joda.time.tz.ZoneInfoCompiler.cVerbose.set(java.lang.Boolean.FALSE)
generation= 132
ingredientScope= PACKAGE
validation=
failing: |true|0|8|[]|
manual_regression: |true|0|11852|[warning(junit.framework.TestSuite$1): Class org.joda.time.chrono.gj.MainTest has no public constructor TestCase(String name) or TestCase()-]|
evo_regression: |true|0|48|[]|
 ----
ProgramVariant 348
 
time(sec)= 1164
operation: ReplaceOp
location= org.joda.time.tz.DateTimeZoneBuilder
line= 371
lineSuspiciousness= 0.327
original statement= if ((tailZone == null) && (i == (ruleSetCount - 1))) {
	tailZone = rs.buildTailZone(id);
} 
fixed statement= if ((org.joda.time.tz.ZoneInfoCompiler.cLenientISO) == null) {
	org.joda.time.tz.ZoneInfoCompiler.cLenientISO = org.joda.time.chrono.LenientChronology.getInstance(org.joda.time.chrono.ISOChronology.getInstanceUTC());
} 
generation= 174
ingredientScope= PACKAGE
validation=
failing: |true|0|8|[]|
manual_regression: |true|0|11852|[warning(junit.framework.TestSuite$1): Class org.joda.time.chrono.gj.MainTest has no public constructor TestCase(String name) or TestCase()-]|
evo_regression: |true|0|48|[]|
 ----
ProgramVariant 428
 
time(sec)= 1493
operation: ReplaceOp
location= org.joda.time.tz.DateTimeZoneBuilder
line= 371
lineSuspiciousness= 0.327
original statement= if ((tailZone == null) && (i == (ruleSetCount - 1))) {
	tailZone = rs.buildTailZone(id);
} 
fixed statement= if (((transitions.size()) == 1) && (tailZone == null)) {
	org.joda.time.tz.DateTimeZoneBuilder.Transition tr = transitions.get(0);
	return org.joda.time.tz.DateTimeZoneBuilder.buildFixedZone(id, tr.getNameKey(), tr.getWallOffset(), tr.getStandardOffset());
} 
generation= 214
ingredientScope= LOCAL
validation=
failing: |true|0|8|[]|
manual_regression: |true|0|11852|[warning(junit.framework.TestSuite$1): Class org.joda.time.chrono.gj.MainTest has no public constructor TestCase(String name) or TestCase()-]|
evo_regression: |true|0|48|[]|
 ----
ProgramVariant 438
 
time(sec)= 1578
operation: RemoveOp
location= org.joda.time.tz.DateTimeZoneBuilder
line= 1460
lineSuspiciousness= 0.866
original statement= if (org.joda.time.tz.ZoneInfoCompiler.verbose()) {
	java.lang.System.out.println(("Fixing duplicate recurrent name key - " + (tailZone.iStartRecurrence.getNameKey())));
} 
fixed statement= 
generation= 219
ingredientScope= -
validation=
failing: |true|0|8|[]|
manual_regression: |true|0|11852|[warning(junit.framework.TestSuite$1): Class org.joda.time.chrono.gj.MainTest has no public constructor TestCase(String name) or TestCase()-]|
evo_regression: |true|0|48|[]|
 ----
ProgramVariant 566
 
time(sec)= 2005
operation: RemoveOp
location= org.joda.time.tz.DateTimeZoneBuilder
line= 1460
lineSuspiciousness= 0.866
original statement= if (org.joda.time.tz.ZoneInfoCompiler.verbose()) {
	java.lang.System.out.println(("Fixing duplicate recurrent name key - " + (tailZone.iStartRecurrence.getNameKey())));
} 
fixed statement= 
generation= 283
ingredientScope= -
validation=
failing: |true|0|8|[]|
manual_regression: |true|0|11852|[warning(junit.framework.TestSuite$1): Class org.joda.time.chrono.gj.MainTest has no public constructor TestCase(String name) or TestCase()-]|
evo_regression: |true|0|48|[]|
 ----
ProgramVariant 574
 
time(sec)= 2208
operation: InsertBeforeOp
location= org.joda.time.tz.DateTimeZoneBuilder
line= 761
lineSuspiciousness= 0.102
original statement= return iOfYear.next(instant, standardOffset, saveMillis)
fixed statement= org.joda.time.tz.ZoneInfoCompiler.cVerbose.set(java.lang.Boolean.FALSE)
generation= 287
ingredientScope= PACKAGE
validation=
failing: |true|0|8|[]|
manual_regression: |true|0|11852|[warning(junit.framework.TestSuite$1): Class org.joda.time.chrono.gj.MainTest has no public constructor TestCase(String name) or TestCase()-]|
evo_regression: |true|0|48|[]|
 ----
ProgramVariant 622
 
time(sec)= 2351
operation: InsertBeforeOp
location= org.joda.time.tz.DateTimeZoneBuilder
line= 1124
lineSuspiciousness= 0.327
original statement= return new org.joda.time.tz.DateTimeZoneBuilder.Transition(nextMillis , nextRule , iStandardOffset)
fixed statement= org.joda.time.tz.ZoneInfoCompiler.cVerbose.set(java.lang.Boolean.FALSE)
generation= 311
ingredientScope= PACKAGE
validation=
failing: |true|0|8|[]|
manual_regression: |true|0|11852|[warning(junit.framework.TestSuite$1): Class org.joda.time.chrono.gj.MainTest has no public constructor TestCase(String name) or TestCase()-]|
evo_regression: |true|0|48|[]|
 ----
ProgramVariant 672
 
time(sec)= 2534
operation: InsertBeforeOp
location= org.joda.time.tz.DateTimeZoneBuilder
line= 372
lineSuspiciousness= 0.327
original statement= tailZone = rs.buildTailZone(id)
fixed statement= org.joda.time.tz.ZoneInfoCompiler.cVerbose.set(java.lang.Boolean.FALSE)
generation= 336
ingredientScope= PACKAGE
validation=
failing: |true|0|8|[]|
manual_regression: |true|0|11852|[warning(junit.framework.TestSuite$1): Class org.joda.time.chrono.gj.MainTest has no public constructor TestCase(String name) or TestCase()-]|
evo_regression: |true|0|48|[]|
 ----
ProgramVariant 778
 
time(sec)= 2816
operation: InsertAfterOp
location= org.joda.time.tz.DateTimeZoneBuilder
line= 1143
lineSuspiciousness= 0.327
original statement= org.joda.time.tz.DateTimeZoneBuilder.Rule endRule = iRules.get(1)
fixed statement= org.joda.time.tz.ZoneInfoCompiler.cVerbose.set(java.lang.Boolean.FALSE)
generation= 389
ingredientScope= PACKAGE
validation=
failing: |true|0|8|[]|
manual_regression: |true|0|11852|[warning(junit.framework.TestSuite$1): Class org.joda.time.chrono.gj.MainTest has no public constructor TestCase(String name) or TestCase()-]|
evo_regression: |true|0|48|[]|
 ----
ProgramVariant 796
 
time(sec)= 2926
operation: InsertAfterOp
location= org.joda.time.tz.DateTimeZoneBuilder
line= 1142
lineSuspiciousness= 0.327
original statement= org.joda.time.tz.DateTimeZoneBuilder.Rule startRule = iRules.get(0)
fixed statement= org.joda.time.tz.ZoneInfoCompiler.cVerbose.set(java.lang.Boolean.FALSE)
generation= 398
ingredientScope= PACKAGE
validation=
failing: |true|0|8|[]|
manual_regression: |true|0|11852|[warning(junit.framework.TestSuite$1): Class org.joda.time.chrono.gj.MainTest has no public constructor TestCase(String name) or TestCase()-]|
evo_regression: |true|0|48|[]|
 ----
ProgramVariant 842
 
time(sec)= 3064
operation: InsertAfterOp
location= org.joda.time.tz.DateTimeZoneBuilder
line= 1428
lineSuspiciousness= 0.327
original statement= for (int i = 0 ; i < ((nameKeys.length) - 1) ; i++) {
	java.lang.String curNameKey = nameKeys[i];
	java.lang.String nextNameKey = nameKeys[(i + 1)];
	long curOffset = wallOffsets[i];
	long nextOffset = wallOffsets[(i + 1)];
	long curStdOffset = standardOffsets[i];
	long nextStdOffset = standardOffsets[(i + 1)];
	org.joda.time.Period p = new org.joda.time.Period(trans[i] , trans[(i + 1)] , org.joda.time.PeriodType.yearMonthDay() , chrono);
	if ((((((((curOffset != nextOffset) && (curStdOffset == nextStdOffset)) && (curNameKey.equals(nextNameKey))) && ((p.getYears()) == 0)) && ((p.getMonths()) > 4)) && ((p.getMonths()) < 8)) && (curNameKey.equals(zoneNameData[2]))) && (curNameKey.equals(zoneNameData[4]))) {
		if (org.joda.time.tz.ZoneInfoCompiler.verbose()) {
			java.lang.System.out.println(("Fixing duplicate name key - " + nextNameKey));
			java.lang.System.out.println(((("     - " + (new org.joda.time.DateTime(trans[i] , chrono))) + " - ") + (new org.joda.time.DateTime(trans[(i + 1)] , chrono))));
		} 
		if (curOffset > nextOffset) {
			nameKeys[i] = (curNameKey + "-Summer").intern();
		} else {
			if (curOffset < nextOffset) {
				nameKeys[(i + 1)] = (nextNameKey + "-Summer").intern();
				i++;
			} 
		}
	} 
}
fixed statement= org.joda.time.tz.ZoneInfoCompiler.cVerbose.set(java.lang.Boolean.FALSE)
generation= 421
ingredientScope= PACKAGE
validation=
failing: |true|0|8|[]|
manual_regression: |true|0|11852|[warning(junit.framework.TestSuite$1): Class org.joda.time.chrono.gj.MainTest has no public constructor TestCase(String name) or TestCase()-]|
evo_regression: |true|0|48|[]|
 ----
ProgramVariant 848
 
time(sec)= 3150
operation: RemoveOp
location= org.joda.time.tz.DateTimeZoneBuilder
line= 1458
lineSuspiciousness= 0.354
original statement= if (tailZone.iStartRecurrence.getNameKey().equals(tailZone.iEndRecurrence.getNameKey())) {
	if (org.joda.time.tz.ZoneInfoCompiler.verbose()) {
		java.lang.System.out.println(("Fixing duplicate recurrent name key - " + (tailZone.iStartRecurrence.getNameKey())));
	} 
	if ((tailZone.iStartRecurrence.getSaveMillis()) > 0) {
		tailZone = new org.joda.time.tz.DateTimeZoneBuilder.DSTZone(tailZone.getID() , tailZone.iStandardOffset , tailZone.iStartRecurrence.renameAppend("-Summer") , tailZone.iEndRecurrence);
	} else {
		tailZone = new org.joda.time.tz.DateTimeZoneBuilder.DSTZone(tailZone.getID() , tailZone.iStandardOffset , tailZone.iStartRecurrence , tailZone.iEndRecurrence.renameAppend("-Summer"));
	}
} 
fixed statement= 
generation= 424
ingredientScope= -
validation=
failing: |true|0|8|[]|
manual_regression: |true|0|11852|[warning(junit.framework.TestSuite$1): Class org.joda.time.chrono.gj.MainTest has no public constructor TestCase(String name) or TestCase()-]|
evo_regression: |true|0|48|[]|
 ----
ProgramVariant 886
 
time(sec)= 3285
operation: ReplaceOp
location= org.joda.time.tz.DateTimeZoneBuilder
line= 1460
lineSuspiciousness= 0.866
original statement= if (org.joda.time.tz.ZoneInfoCompiler.verbose()) {
	java.lang.System.out.println(("Fixing duplicate recurrent name key - " + (tailZone.iStartRecurrence.getNameKey())));
} 
fixed statement= if (size == 0) {
	throw new java.lang.IllegalArgumentException();
} 
generation= 443
ingredientScope= LOCAL
validation=
failing: |true|0|8|[]|
manual_regression: |true|0|11852|[warning(junit.framework.TestSuite$1): Class org.joda.time.chrono.gj.MainTest has no public constructor TestCase(String name) or TestCase()-]|
evo_regression: |true|0|48|[]|
 ----
ProgramVariant 914
 
time(sec)= 3520
operation: RemoveOp
location= org.joda.time.tz.DateTimeZoneBuilder
line= 1141
lineSuspiciousness= 0.327
original statement= if ((iRules.size()) == 2) {
	org.joda.time.tz.DateTimeZoneBuilder.Rule startRule = iRules.get(0);
	org.joda.time.tz.DateTimeZoneBuilder.Rule endRule = iRules.get(1);
	if (((startRule.getToYear()) == (java.lang.Integer.MAX_VALUE)) && ((endRule.getToYear()) == (java.lang.Integer.MAX_VALUE))) {
		return new org.joda.time.tz.DateTimeZoneBuilder.DSTZone(id , iStandardOffset , startRule.iRecurrence , endRule.iRecurrence);
	} 
} 
fixed statement= 
generation= 457
ingredientScope= -
validation=
failing: |true|0|8|[]|
manual_regression: |true|0|11852|[warning(junit.framework.TestSuite$1): Class org.joda.time.chrono.gj.MainTest has no public constructor TestCase(String name) or TestCase()-]|
evo_regression: |true|0|48|[]|
 ----
ProgramVariant 956
 
time(sec)= 3774
operation: RemoveOp
location= org.joda.time.tz.DateTimeZoneBuilder
line= 1154
lineSuspiciousness= 0.354
original statement= return new org.joda.time.tz.DateTimeZoneBuilder.DSTZone(id , iStandardOffset , startRule.iRecurrence , endRule.iRecurrence)
fixed statement= 
generation= 478
ingredientScope= -
validation=
failing: |true|0|8|[]|
manual_regression: |true|0|11852|[warning(junit.framework.TestSuite$1): Class org.joda.time.chrono.gj.MainTest has no public constructor TestCase(String name) or TestCase()-]|
evo_regression: |true|0|48|[]|
 ----
ProgramVariant 1022
 
time(sec)= 3977
operation: RemoveOp
location= org.joda.time.tz.DateTimeZoneBuilder
line= 1458
lineSuspiciousness= 0.354
original statement= if (tailZone.iStartRecurrence.getNameKey().equals(tailZone.iEndRecurrence.getNameKey())) {
	if (org.joda.time.tz.ZoneInfoCompiler.verbose()) {
		java.lang.System.out.println(("Fixing duplicate recurrent name key - " + (tailZone.iStartRecurrence.getNameKey())));
	} 
	if ((tailZone.iStartRecurrence.getSaveMillis()) > 0) {
		tailZone = new org.joda.time.tz.DateTimeZoneBuilder.DSTZone(tailZone.getID() , tailZone.iStandardOffset , tailZone.iStartRecurrence.renameAppend("-Summer") , tailZone.iEndRecurrence);
	} else {
		tailZone = new org.joda.time.tz.DateTimeZoneBuilder.DSTZone(tailZone.getID() , tailZone.iStandardOffset , tailZone.iStartRecurrence , tailZone.iEndRecurrence.renameAppend("-Summer"));
	}
} 
fixed statement= 
generation= 511
ingredientScope= -
validation=
failing: |true|0|8|[]|
manual_regression: |true|0|11852|[warning(junit.framework.TestSuite$1): Class org.joda.time.chrono.gj.MainTest has no public constructor TestCase(String name) or TestCase()-]|
evo_regression: |true|0|48|[]|
 ----
ProgramVariant 1052
 
time(sec)= 4101
operation: ReplaceOp
location= org.joda.time.tz.DateTimeZoneBuilder
line= 1458
lineSuspiciousness= 0.354
original statement= if (tailZone.iStartRecurrence.getNameKey().equals(tailZone.iEndRecurrence.getNameKey())) {
	if (org.joda.time.tz.ZoneInfoCompiler.verbose()) {
		java.lang.System.out.println(("Fixing duplicate recurrent name key - " + (tailZone.iStartRecurrence.getNameKey())));
	} 
	if ((tailZone.iStartRecurrence.getSaveMillis()) > 0) {
		tailZone = new org.joda.time.tz.DateTimeZoneBuilder.DSTZone(tailZone.getID() , tailZone.iStandardOffset , tailZone.iStartRecurrence.renameAppend("-Summer") , tailZone.iEndRecurrence);
	} else {
		tailZone = new org.joda.time.tz.DateTimeZoneBuilder.DSTZone(tailZone.getID() , tailZone.iStandardOffset , tailZone.iStartRecurrence , tailZone.iEndRecurrence.renameAppend("-Summer"));
	}
} 
fixed statement= if ((org.joda.time.tz.ZoneInfoCompiler.cLenientISO) == null) {
	org.joda.time.tz.ZoneInfoCompiler.cLenientISO = org.joda.time.chrono.LenientChronology.getInstance(org.joda.time.chrono.ISOChronology.getInstanceUTC());
} 
generation= 526
ingredientScope= PACKAGE
validation=
failing: |true|0|8|[]|
manual_regression: |true|0|11852|[warning(junit.framework.TestSuite$1): Class org.joda.time.chrono.gj.MainTest has no public constructor TestCase(String name) or TestCase()-]|
evo_regression: |true|0|48|[]|
 ----
ProgramVariant 1094
 
time(sec)= 4247
operation: ReplaceOp
location= org.joda.time.tz.DateTimeZoneBuilder
line= 371
lineSuspiciousness= 0.327
original statement= if ((tailZone == null) && (i == (ruleSetCount - 1))) {
	tailZone = rs.buildTailZone(id);
} 
fixed statement= if ((org.joda.time.tz.ZoneInfoCompiler.cStartOfYear) == null) {
	org.joda.time.tz.ZoneInfoCompiler.cStartOfYear = new org.joda.time.tz.ZoneInfoCompiler.DateTimeOfYear();
} 
generation= 547
ingredientScope= PACKAGE
validation=
failing: |true|0|8|[]|
manual_regression: |true|0|11852|[warning(junit.framework.TestSuite$1): Class org.joda.time.chrono.gj.MainTest has no public constructor TestCase(String name) or TestCase()-]|
evo_regression: |true|0|48|[]|
 ----
ProgramVariant 1190
 
time(sec)= 4621
operation: ReplaceOp
location= org.joda.time.tz.DateTimeZoneBuilder
line= 1460
lineSuspiciousness= 0.866
original statement= if (org.joda.time.tz.ZoneInfoCompiler.verbose()) {
	java.lang.System.out.println(("Fixing duplicate recurrent name key - " + (tailZone.iStartRecurrence.getNameKey())));
} 
fixed statement= if (id == null) {
	throw new java.lang.IllegalArgumentException();
} 
generation= 595
ingredientScope= LOCAL
validation=
failing: |true|0|8|[]|
manual_regression: |true|0|11852|[warning(junit.framework.TestSuite$1): Class org.joda.time.chrono.gj.MainTest has no public constructor TestCase(String name) or TestCase()-]|
evo_regression: |true|0|48|[]|
 ----
ProgramVariant 1200
 
time(sec)= 4708
operation: ReplaceOp
location= org.joda.time.tz.DateTimeZoneBuilder
line= 1144
lineSuspiciousness= 0.327
original statement= if (((startRule.getToYear()) == (java.lang.Integer.MAX_VALUE)) && ((endRule.getToYear()) == (java.lang.Integer.MAX_VALUE))) {
	return new org.joda.time.tz.DateTimeZoneBuilder.DSTZone(id , iStandardOffset , startRule.iRecurrence , endRule.iRecurrence);
} 
fixed statement= if ((org.joda.time.tz.ZoneInfoCompiler.cStartOfYear) == null) {
	org.joda.time.tz.ZoneInfoCompiler.cStartOfYear = new org.joda.time.tz.ZoneInfoCompiler.DateTimeOfYear();
} 
generation= 600
ingredientScope= PACKAGE
validation=
failing: |true|0|8|[]|
manual_regression: |true|0|11852|[warning(junit.framework.TestSuite$1): Class org.joda.time.chrono.gj.MainTest has no public constructor TestCase(String name) or TestCase()-]|
evo_regression: |true|0|48|[]|
 ----
ProgramVariant 1316
 
time(sec)= 5096
operation: RemoveOp
location= org.joda.time.tz.DateTimeZoneBuilder
line= 1141
lineSuspiciousness= 0.327
original statement= if ((iRules.size()) == 2) {
	org.joda.time.tz.DateTimeZoneBuilder.Rule startRule = iRules.get(0);
	org.joda.time.tz.DateTimeZoneBuilder.Rule endRule = iRules.get(1);
	if (((startRule.getToYear()) == (java.lang.Integer.MAX_VALUE)) && ((endRule.getToYear()) == (java.lang.Integer.MAX_VALUE))) {
		return new org.joda.time.tz.DateTimeZoneBuilder.DSTZone(id , iStandardOffset , startRule.iRecurrence , endRule.iRecurrence);
	} 
} 
fixed statement= 
generation= 658
ingredientScope= -
validation=
failing: |true|0|8|[]|
manual_regression: |true|0|11852|[warning(junit.framework.TestSuite$1): Class org.joda.time.chrono.gj.MainTest has no public constructor TestCase(String name) or TestCase()-]|
evo_regression: |true|0|48|[]|
 ----
ProgramVariant 1406
 
time(sec)= 5337
operation: RemoveOp
location= org.joda.time.tz.DateTimeZoneBuilder
line= 1458
lineSuspiciousness= 0.354
original statement= if (tailZone.iStartRecurrence.getNameKey().equals(tailZone.iEndRecurrence.getNameKey())) {
	if (org.joda.time.tz.ZoneInfoCompiler.verbose()) {
		java.lang.System.out.println(("Fixing duplicate recurrent name key - " + (tailZone.iStartRecurrence.getNameKey())));
	} 
	if ((tailZone.iStartRecurrence.getSaveMillis()) > 0) {
		tailZone = new org.joda.time.tz.DateTimeZoneBuilder.DSTZone(tailZone.getID() , tailZone.iStandardOffset , tailZone.iStartRecurrence.renameAppend("-Summer") , tailZone.iEndRecurrence);
	} else {
		tailZone = new org.joda.time.tz.DateTimeZoneBuilder.DSTZone(tailZone.getID() , tailZone.iStandardOffset , tailZone.iStartRecurrence , tailZone.iEndRecurrence.renameAppend("-Summer"));
	}
} 
fixed statement= 
generation= 703
ingredientScope= -
validation=
failing: |true|0|8|[]|
manual_regression: |true|0|11852|[warning(junit.framework.TestSuite$1): Class org.joda.time.chrono.gj.MainTest has no public constructor TestCase(String name) or TestCase()-]|
evo_regression: |true|0|48|[]|
 ----
ProgramVariant 1446
 
time(sec)= 5484
operation: RemoveOp
location= org.joda.time.tz.DateTimeZoneBuilder
line= 1144
lineSuspiciousness= 0.327
original statement= if (((startRule.getToYear()) == (java.lang.Integer.MAX_VALUE)) && ((endRule.getToYear()) == (java.lang.Integer.MAX_VALUE))) {
	return new org.joda.time.tz.DateTimeZoneBuilder.DSTZone(id , iStandardOffset , startRule.iRecurrence , endRule.iRecurrence);
} 
fixed statement= 
generation= 723
ingredientScope= -
validation=
failing: |true|0|8|[]|
manual_regression: |true|0|11852|[warning(junit.framework.TestSuite$1): Class org.joda.time.chrono.gj.MainTest has no public constructor TestCase(String name) or TestCase()-]|
evo_regression: |true|0|48|[]|
 ----
ProgramVariant 1456
 
time(sec)= 5574
operation: RemoveOp
location= org.joda.time.tz.DateTimeZoneBuilder
line= 1458
lineSuspiciousness= 0.354
original statement= if (tailZone.iStartRecurrence.getNameKey().equals(tailZone.iEndRecurrence.getNameKey())) {
	if (org.joda.time.tz.ZoneInfoCompiler.verbose()) {
		java.lang.System.out.println(("Fixing duplicate recurrent name key - " + (tailZone.iStartRecurrence.getNameKey())));
	} 
	if ((tailZone.iStartRecurrence.getSaveMillis()) > 0) {
		tailZone = new org.joda.time.tz.DateTimeZoneBuilder.DSTZone(tailZone.getID() , tailZone.iStandardOffset , tailZone.iStartRecurrence.renameAppend("-Summer") , tailZone.iEndRecurrence);
	} else {
		tailZone = new org.joda.time.tz.DateTimeZoneBuilder.DSTZone(tailZone.getID() , tailZone.iStandardOffset , tailZone.iStartRecurrence , tailZone.iEndRecurrence.renameAppend("-Summer"));
	}
} 
fixed statement= 
generation= 728
ingredientScope= -
validation=
failing: |true|0|8|[]|
manual_regression: |true|0|11852|[warning(junit.framework.TestSuite$1): Class org.joda.time.chrono.gj.MainTest has no public constructor TestCase(String name) or TestCase()-]|
evo_regression: |true|0|48|[]|
 ----
ProgramVariant 1496
 
time(sec)= 5715
operation: RemoveOp
location= org.joda.time.tz.DateTimeZoneBuilder
line= 372
lineSuspiciousness= 0.327
original statement= tailZone = rs.buildTailZone(id)
fixed statement= 
generation= 748
ingredientScope= -
validation=
failing: |true|0|8|[]|
manual_regression: |true|0|11852|[warning(junit.framework.TestSuite$1): Class org.joda.time.chrono.gj.MainTest has no public constructor TestCase(String name) or TestCase()-]|
evo_regression: |true|0|48|[]|
 ----
ProgramVariant 1528
 
time(sec)= 5836
operation: ReplaceOp
location= org.joda.time.tz.DateTimeZoneBuilder
line= 371
lineSuspiciousness= 0.327
original statement= if ((tailZone == null) && (i == (ruleSetCount - 1))) {
	tailZone = rs.buildTailZone(id);
} 
fixed statement= if (next == null) {
	continue;
} 
generation= 764
ingredientScope= LOCAL
validation=
failing: |true|0|8|[]|
manual_regression: |true|0|11852|[warning(junit.framework.TestSuite$1): Class org.joda.time.chrono.gj.MainTest has no public constructor TestCase(String name) or TestCase()-]|
evo_regression: |true|0|48|[]|
 ----
ProgramVariant 1696
 
time(sec)= 6452
operation: RemoveOp
location= org.joda.time.tz.DateTimeZoneBuilder
line= 371
lineSuspiciousness= 0.327
original statement= if ((tailZone == null) && (i == (ruleSetCount - 1))) {
	tailZone = rs.buildTailZone(id);
} 
fixed statement= 
generation= 848
ingredientScope= -
validation=
failing: |true|0|8|[]|
manual_regression: |true|0|11852|[warning(junit.framework.TestSuite$1): Class org.joda.time.chrono.gj.MainTest has no public constructor TestCase(String name) or TestCase()-]|
evo_regression: |true|0|48|[]|
 ----
ProgramVariant 1878
 
time(sec)= 6942
operation: RemoveOp
location= org.joda.time.tz.DateTimeZoneBuilder
line= 1458
lineSuspiciousness= 0.354
original statement= if (tailZone.iStartRecurrence.getNameKey().equals(tailZone.iEndRecurrence.getNameKey())) {
	if (org.joda.time.tz.ZoneInfoCompiler.verbose()) {
		java.lang.System.out.println(("Fixing duplicate recurrent name key - " + (tailZone.iStartRecurrence.getNameKey())));
	} 
	if ((tailZone.iStartRecurrence.getSaveMillis()) > 0) {
		tailZone = new org.joda.time.tz.DateTimeZoneBuilder.DSTZone(tailZone.getID() , tailZone.iStandardOffset , tailZone.iStartRecurrence.renameAppend("-Summer") , tailZone.iEndRecurrence);
	} else {
		tailZone = new org.joda.time.tz.DateTimeZoneBuilder.DSTZone(tailZone.getID() , tailZone.iStandardOffset , tailZone.iStartRecurrence , tailZone.iEndRecurrence.renameAppend("-Summer"));
	}
} 
fixed statement= 
generation= 939
ingredientScope= -
validation=
failing: |true|0|8|[]|
manual_regression: |true|0|11852|[warning(junit.framework.TestSuite$1): Class org.joda.time.chrono.gj.MainTest has no public constructor TestCase(String name) or TestCase()-]|
evo_regression: |true|0|48|[]|
 ----
ProgramVariant 1928
 
time(sec)= 7098
operation: RemoveOp
location= org.joda.time.tz.DateTimeZoneBuilder
line= 1141
lineSuspiciousness= 0.327
original statement= if ((iRules.size()) == 2) {
	org.joda.time.tz.DateTimeZoneBuilder.Rule startRule = iRules.get(0);
	org.joda.time.tz.DateTimeZoneBuilder.Rule endRule = iRules.get(1);
	if (((startRule.getToYear()) == (java.lang.Integer.MAX_VALUE)) && ((endRule.getToYear()) == (java.lang.Integer.MAX_VALUE))) {
		return new org.joda.time.tz.DateTimeZoneBuilder.DSTZone(id , iStandardOffset , startRule.iRecurrence , endRule.iRecurrence);
	} 
} 
fixed statement= 
generation= 964
ingredientScope= -
validation=
failing: |true|0|8|[]|
manual_regression: |true|0|11852|[warning(junit.framework.TestSuite$1): Class org.joda.time.chrono.gj.MainTest has no public constructor TestCase(String name) or TestCase()-]|
evo_regression: |true|0|48|[]|
 ----
ProgramVariant 1938
 
time(sec)= 7186
operation: RemoveOp
location= org.joda.time.tz.DateTimeZoneBuilder
line= 371
lineSuspiciousness= 0.327
original statement= if ((tailZone == null) && (i == (ruleSetCount - 1))) {
	tailZone = rs.buildTailZone(id);
} 
fixed statement= 
generation= 969
ingredientScope= -
validation=
failing: |true|0|8|[]|
manual_regression: |true|0|11852|[warning(junit.framework.TestSuite$1): Class org.joda.time.chrono.gj.MainTest has no public constructor TestCase(String name) or TestCase()-]|
evo_regression: |true|0|48|[]|
[INFO ] fr.inria.main.evolution.AstorMain.run(AstorMain.java:397) - Time Total(s): 7440.126


Node: graphene-115.nancy.grid5000.fr


Date: Fri Jan 13 00:24:10 CET 2017

removed classes 

zipped 

copied zip 


