seed AstorRun 29 
export PATH="/home/mmartinez/defects4j/framework/bin:$PATH";export JAVA_TOOL_OPTIONS=-Dfile.encoding=UTF8;export PATH="/usr/lib/jvm/java-1.7.0-openjdk-amd64/bin/:$PATH";cd /home/mmartinez/projects/chart/chart_25;defects4j compile;cp -r /home/mmartinez/projects/chart/chart_25 /tmp/chart_25_Genprog_local_s1;cd /tmp/chart_25_Genprog_local_s1;mkdir lib/;cp -r /home/mmartinez/defects4j/framework/projects/lib/* lib/;cp -r /home/mmartinez/defects4j/framework/projects/Chart/lib/* lib/;find . -type f -name "package-info.java" -delete;
/home/mmartinez/defects4j-repair/src/python/core/../../../results/2016-june/Chart/seed/29/package/25/Genprog/result
cd /tmp/chart_25_Genprog_local_s1;export JAVA_TOOL_OPTIONS=-Dfile.encoding=UTF8;TZ="America/New_York"; export TZexport PATH="/usr/lib/jvm/java-1.7.0-openjdk-amd64/bin/:$PATH";time /home/mmartinez/jdk1.8.0_45/bin//java -Xmx4096m -cp /home/mmartinez/defects4j-repair/src/python/core/../../..//libs/astor.jar fr.inria.main.evolution.MainjGenProg -mode statement -location . -id Chart -dependencies lib/ -failing org.jfree.chart.renderer.category.junit.StatisticalBarRendererTests:org.jfree.chart.renderer.category.junit.StatisticalBarRendererTests:org.jfree.chart.renderer.category.junit.StatisticalBarRendererTests:org.jfree.chart.renderer.category.junit.StatisticalBarRendererTests: -package org.jfree -jvm4testexecution /usr/lib/jvm/java-1.7.0-openjdk-amd64/bin/ -jvm4evosuitetestexecution /home/mmartinez/jdk1.8.0_45/bin/ -javacompliancelevel 4 -maxgen 1000000 -seed 29 -scope package -maxtime 120  -stopfirst false -population 1 -srcjavafolder source/ -srctestfolder tests/ -binjavafolder build/ -bintestfolder build-tests/ -flthreshold 0.1  -validation  fr.inria.astor.core.validation.validators.RegressionValidation  -ESParameters -Dassertion_timeout=1800:-Dminimization_timeout=1800:-Djunit_check_timeout=1800:-Dwrite_junit_timeout=300:-Dinitialization_timeout=300:-Dglobal_timeout=18000:-Dsearch_budget=100000:-Dstopping_condition=MaxStatements:-Dno_runtime_dependency=true:-Dsandbox=false:-Dp_reflection_on_private=0.0:-Dreflection_start_percent=1.0:-Dp_functional_mocking=0.0:-Dfunctional_mocking_percent=1.0:-mem=2000 -testbystep  -ignoredtestcases org.apache.commons.lang.LocaleUtilsTest  -excludeRegression  -maxgen 100000000 ;echo "

Node: `hostname`
";echo "
Date: `date`
"; find /tmp/chart_25_Genprog_local_s1/outputMutation -name "*.class" -type f -delete;echo "removed classes 
"; find . -name bin  -type d -print0|xargs -0 rm -r --; zip -r -q out.zip /tmp/chart_25_Genprog_local_s1/outputMutation; echo "zipped 
";cp out.zip /home/mmartinez/defects4j-repair/src/python/core/../../../results/2016-june/Chart/seed/29/package/25/Genprog; echo "copied zip 
";rm -rf /tmp/chart_25_Genprog_local_s1;

[DEBUG] fr.inria.astor.core.loop.AstorCoreEngine.showResults(AstorCoreEngine.java:136) - End Repair Loops: Found solution
[DEBUG] fr.inria.astor.core.loop.AstorCoreEngine.showResults(AstorCoreEngine.java:137) - Solution stored at: /tmp/chart_25_Genprog_local_s1/./outputMutation/AstorMain-Chart//src/
[DEBUG] fr.inria.astor.core.loop.AstorCoreEngine.showResults(AstorCoreEngine.java:142) - 
Number solutions:7
[DEBUG] fr.inria.astor.core.loop.AstorCoreEngine.showResults(AstorCoreEngine.java:144) - f (sol): 1.0, [Variant id: 328 (SOL) , #gens: 955, #ops: 1, parent:327]
[DEBUG] fr.inria.astor.core.loop.AstorCoreEngine.showResults(AstorCoreEngine.java:144) - f (sol): 27.0, [Variant id: 468 (SOL) , #gens: 955, #ops: 1, parent:467]
[DEBUG] fr.inria.astor.core.loop.AstorCoreEngine.showResults(AstorCoreEngine.java:144) - f (sol): 1.0, [Variant id: 584 (SOL) , #gens: 955, #ops: 1, parent:583]
[DEBUG] fr.inria.astor.core.loop.AstorCoreEngine.showResults(AstorCoreEngine.java:144) - f (sol): 6.0, [Variant id: 920 (SOL) , #gens: 955, #ops: 1, parent:919]
[DEBUG] fr.inria.astor.core.loop.AstorCoreEngine.showResults(AstorCoreEngine.java:144) - f (sol): 3.0, [Variant id: 938 (SOL) , #gens: 956, #ops: 1, parent:937]
[DEBUG] fr.inria.astor.core.loop.AstorCoreEngine.showResults(AstorCoreEngine.java:144) - f (sol): 0.0, [Variant id: 1060 (SOL) , #gens: 956, #ops: 1, parent:1059]
[DEBUG] fr.inria.astor.core.loop.AstorCoreEngine.showResults(AstorCoreEngine.java:144) - f (sol): 1.0, [Variant id: 1174 (SOL) , #gens: 955, #ops: 1, parent:1173]
[DEBUG] fr.inria.astor.core.loop.AstorCoreEngine.showResults(AstorCoreEngine.java:146) - 
All variants:
[DEBUG] fr.inria.astor.core.loop.AstorCoreEngine.showResults(AstorCoreEngine.java:148) - f 16.0, [Variant id: 1553, #gens: 956, #ops: 0, parent:-]
[INFO ] fr.inria.astor.core.loop.AstorCoreEngine.showResults(AstorCoreEngine.java:152) - 
Solution details
[INFO ] fr.inria.astor.core.loop.AstorCoreEngine.showResults(AstorCoreEngine.java:153) - 
 --SOLUTIONS DESCRIPTION--

 ----
ProgramVariant 328
 
time(sec)= 1559
operation: RemoveOp
location= org.jfree.data.general.DatasetUtilities
line= 576
lineSuspiciousness= 0.4
original statement= if ((dataset.getValue(r, c)) != null) {
	return false;
} 
fixed statement= 
generation= 164
ingredientScope= -
validation=
failing: |true|0|36|[]|
manual_regression: |true|0|3243|[]|
evo_regression: |false|1|173|[test144(org.jfree.data.general.DatasetUtilities_ESTest): null-]|
 ----
ProgramVariant 468
 
time(sec)= 2177
operation: RemoveOp
location= org.jfree.data.KeyedObjects
line= 193
lineSuspiciousness= 0.417
original statement= org.jfree.data.KeyedObjects.this.data.add(ko)
fixed statement= 
generation= 234
ingredientScope= -
validation=
failing: |true|0|36|[]|
manual_regression: |false|2|3243|[testInsertAndRetrieve(org.jfree.data.junit.KeyedObjectsTests): expected:<null> but was:<A>-, testInsertAndRetrieve(org.jfree.data.junit.KeyedObjectsTests): expected:<null> but was:<A>-]|
evo_regression: |false|25|40|[test19(org.jfree.data.KeyedObjects_ESTest): null-, test15(org.jfree.data.KeyedObjects_ESTest): Expecting exception: NullPointerException-, test16(org.jfree.data.KeyedObjects_ESTest): expected:<1> but was:<0>-, test13(org.jfree.data.KeyedObjects_ESTest): Expecting exception: NullPointerException-, test35(org.jfree.data.KeyedObjects_ESTest): null-, test14(org.jfree.data.KeyedObjects_ESTest): Expecting exception: NullPointerException-, test12(org.jfree.data.KeyedObjects_ESTest): Expecting exception: NullPointerException-, test31(org.jfree.data.KeyedObjects_ESTest): expected:<2> but was:<0>-, test10(org.jfree.data.KeyedObjects_ESTest): -1-, test30(org.jfree.data.KeyedObjects_ESTest): expected:<0> but was:<-1>-, test08(org.jfree.data.KeyedObjects_ESTest): expected:<2> but was:<0>-, ...and 15 failures more, test09(org.jfree.data.KeyedObjects_ESTest): Expecting exception: NullPointerException-, ...and 15 failures more, test06(org.jfree.data.KeyedObjects_ESTest): null-, ...and 15 failures more, test28(org.jfree.data.KeyedObjects_ESTest): null-, ...and 15 failures more, test07(org.jfree.data.KeyedObjects_ESTest): expected:<1> but was:<0>-, ...and 15 failures more, test29(org.jfree.data.KeyedObjects_ESTest): null-, ...and 15 failures more, test04(org.jfree.data.KeyedObjects_ESTest): -1-, ...and 15 failures more, test05(org.jfree.data.KeyedObjects_ESTest): Index: 1, Size: 0-, ...and 15 failures more, test27(org.jfree.data.KeyedObjects_ESTest): expected:<1> but was:<0>-, ...and 15 failures more, test00(org.jfree.data.KeyedObjects_ESTest): null-, ...and 15 failures more, test22(org.jfree.data.KeyedObjects_ESTest): null-, ...and 15 failures more, test01(org.jfree.data.KeyedObjects_ESTest): expected:<2> but was:<0>-, ...and 15 failures more, test23(org.jfree.data.KeyedObjects_ESTest): null-, ...and 15 failures more, test20(org.jfree.data.KeyedObjects_ESTest): null-, ...and 15 failures more, test21(org.jfree.data.KeyedObjects_ESTest): null-, ...and 15 failures more]|
 ----
ProgramVariant 584
 
time(sec)= 2635
operation: RemoveOp
location= org.jfree.data.general.DatasetUtilities
line= 574
lineSuspiciousness= 0.4
original statement= for (int r = 0 ; r < rowCount ; r++) {
	for (int c = 0 ; c < columnCount ; c++) {
		if ((dataset.getValue(r, c)) != null) {
			return false;
		} 
	}
}
fixed statement= 
generation= 292
ingredientScope= -
validation=
failing: |true|0|36|[]|
manual_regression: |true|0|3243|[]|
evo_regression: |false|1|173|[test144(org.jfree.data.general.DatasetUtilities_ESTest): null-]|
 ----
ProgramVariant 920
 
time(sec)= 4060
operation: RemoveOp
location= org.jfree.chart.JFreeChart
line= 1393
lineSuspiciousness= 0.408
original statement= draw(g2, new java.awt.geom.Rectangle2D.Double(0 , 0 , width , height), null, info)
fixed statement= 
generation= 460
ingredientScope= -
validation=
failing: |true|0|36|[]|
manual_regression: |true|0|3243|[]|
evo_regression: |false|6|123|[test033(org.jfree.chart.JFreeChart_ESTest): Expecting exception: IllegalArgumentException-, test031(org.jfree.chart.JFreeChart_ESTest): Expecting exception: NullPointerException-, test030(org.jfree.chart.JFreeChart_ESTest): Expecting exception: IllegalArgumentException-, test037(org.jfree.chart.JFreeChart_ESTest): Expecting exception: ClassCastException-, test041(org.jfree.chart.JFreeChart_ESTest): Expecting exception: NullPointerException-, test118(org.jfree.chart.JFreeChart_ESTest): Expecting exception: NullPointerException-]|
 ----
ProgramVariant 938
 
time(sec)= 4309
operation: ReplaceOp
location= org.jfree.data.KeyedObjects2D
line= 95
lineSuspiciousness= 0.5
original statement= return org.jfree.data.KeyedObjects2D.this.columnKeys.size()
fixed statement= return 1
generation= 469
ingredientScope= PACKAGE
validation=
failing: |true|0|36|[]|
manual_regression: |true|0|3243|[]|
evo_regression: |false|3|50|[test31(org.jfree.data.KeyedObjects2D_ESTest): expected:<0> but was:<1>-, test07(org.jfree.data.KeyedObjects2D_ESTest): expected:<0> but was:<1>-, test46(org.jfree.data.KeyedObjects2D_ESTest): expected:<0> but was:<1>-]|
 ----
ProgramVariant 1060
 
time(sec)= 5780
operation: ReplaceOp
location= org.jfree.chart.plot.CategoryPlot
line= 2864
lineSuspiciousness= 0.408
original statement= if ((org.jfree.chart.plot.CategoryPlot.this.columnRenderingOrder) == (org.jfree.chart.util.SortOrder.ASCENDING)) {
	for (int column = 0 ; column < columnCount ; column++) {
		if ((org.jfree.chart.plot.CategoryPlot.this.rowRenderingOrder) == (org.jfree.chart.util.SortOrder.ASCENDING)) {
			for (int row = 0 ; row < rowCount ; row++) {
				renderer.drawItem(g2, state, dataArea, org.jfree.chart.plot.CategoryPlot.this, domainAxis, rangeAxis, currentDataset, row, column, pass);
			}
		} else {
			for (int row = rowCount - 1 ; row >= 0 ; row--) {
				renderer.drawItem(g2, state, dataArea, org.jfree.chart.plot.CategoryPlot.this, domainAxis, rangeAxis, currentDataset, row, column, pass);
			}
		}
	}
} else {
	for (int column = columnCount - 1 ; column >= 0 ; column--) {
		if ((org.jfree.chart.plot.CategoryPlot.this.rowRenderingOrder) == (org.jfree.chart.util.SortOrder.ASCENDING)) {
			for (int row = 0 ; row < rowCount ; row++) {
				renderer.drawItem(g2, state, dataArea, org.jfree.chart.plot.CategoryPlot.this, domainAxis, rangeAxis, currentDataset, row, column, pass);
			}
		} else {
			for (int row = rowCount - 1 ; row >= 0 ; row--) {
				renderer.drawItem(g2, state, dataArea, org.jfree.chart.plot.CategoryPlot.this, domainAxis, rangeAxis, currentDataset, row, column, pass);
			}
		}
	}
}
fixed statement= if (!foundData) {
	drawNoDataMessage(g2, dataArea);
} 
generation= 530
ingredientScope= LOCAL
validation=
failing: |true|0|36|[]|
manual_regression: |true|0|3243|[]|
evo_regression: |true|0|228|[]|
 ----
ProgramVariant 1174
 
time(sec)= 6290
operation: RemoveOp
location= org.jfree.data.general.DatasetUtilities
line= 574
lineSuspiciousness= 0.4
original statement= for (int r = 0 ; r < rowCount ; r++) {
	for (int c = 0 ; c < columnCount ; c++) {
		if ((dataset.getValue(r, c)) != null) {
			return false;
		} 
	}
}
fixed statement= 
generation= 587
ingredientScope= -
validation=
failing: |true|0|36|[]|
manual_regression: |true|0|3243|[]|
evo_regression: |false|1|173|[test144(org.jfree.data.general.DatasetUtilities_ESTest): null-]|
[INFO ] fr.inria.main.evolution.AstorMain.run(AstorMain.java:397) - Time Total(s): 8791.365


Node: grisou-12.nancy.grid5000.fr


Date: Sun Jan 29 23:35:21 CET 2017

removed classes 

zipped 

copied zip 


