seed AstorRun 28 
export PATH="/home/mmartinez/defects4j/framework/bin:$PATH";export JAVA_TOOL_OPTIONS=-Dfile.encoding=UTF8;export PATH="/usr/lib/jvm/java-1.7.0-openjdk-amd64/bin/:$PATH";cd /home/mmartinez/projects/chart/chart_13;defects4j compile;cp -r /home/mmartinez/projects/chart/chart_13 /tmp/chart_13_Genprog_local_s1;cd /tmp/chart_13_Genprog_local_s1;mkdir lib/;cp -r /home/mmartinez/defects4j/framework/projects/lib/* lib/;cp -r /home/mmartinez/defects4j/framework/projects/Chart/lib/* lib/;find . -type f -name "package-info.java" -delete;
/home/mmartinez/defects4j-repair/src/python/core/../../../results/2016-june/Chart/seed/28/package/13/Genprog/result
cd /tmp/chart_13_Genprog_local_s1;export JAVA_TOOL_OPTIONS=-Dfile.encoding=UTF8;TZ="America/New_York"; export TZexport PATH="/usr/lib/jvm/java-1.7.0-openjdk-amd64/bin/:$PATH";time /home/mmartinez/jdk1.8.0_45/bin//java -Xmx4096m -cp /home/mmartinez/defects4j-repair/src/python/core/../../..//libs/astor.jar fr.inria.main.evolution.MainjGenProg -mode statement -location . -id Chart -dependencies lib/ -failing org.jfree.chart.block.junit.BorderArrangementTests: -package org.jfree -jvm4testexecution /usr/lib/jvm/java-1.7.0-openjdk-amd64/bin/ -jvm4evosuitetestexecution /home/mmartinez/jdk1.8.0_45/bin/ -javacompliancelevel 4 -maxgen 1000000 -seed 28 -scope package -maxtime 120  -stopfirst false -population 1 -srcjavafolder source/ -srctestfolder tests/ -binjavafolder build/ -bintestfolder build-tests/ -flthreshold 0.1  -validation  fr.inria.astor.core.validation.validators.RegressionValidation  -ESParameters -Dassertion_timeout=1800:-Dminimization_timeout=1800:-Djunit_check_timeout=1800:-Dwrite_junit_timeout=300:-Dinitialization_timeout=300:-Dglobal_timeout=18000:-Dsearch_budget=100000:-Dstopping_condition=MaxStatements:-Dno_runtime_dependency=true:-Dsandbox=false:-Dp_reflection_on_private=0.0:-Dreflection_start_percent=1.0:-Dp_functional_mocking=0.0:-Dfunctional_mocking_percent=1.0:-mem=2000 -testbystep  -ignoredtestcases org.apache.commons.lang.LocaleUtilsTest  -excludeRegression  -maxgen 100000000 ;echo "

Node: `hostname`
";echo "
Date: `date`
"; find /tmp/chart_13_Genprog_local_s1/outputMutation -name "*.class" -type f -delete;echo "removed classes 
"; find . -name bin  -type d -print0|xargs -0 rm -r --; zip -r -q out.zip /tmp/chart_13_Genprog_local_s1/outputMutation; echo "zipped 
";cp out.zip /home/mmartinez/defects4j-repair/src/python/core/../../../results/2016-june/Chart/seed/28/package/13/Genprog; echo "copied zip 
";rm -rf /tmp/chart_13_Genprog_local_s1;

[DEBUG] fr.inria.astor.core.loop.AstorCoreEngine.showResults(AstorCoreEngine.java:136) - End Repair Loops: Found solution
[DEBUG] fr.inria.astor.core.loop.AstorCoreEngine.showResults(AstorCoreEngine.java:137) - Solution stored at: /tmp/chart_13_Genprog_local_s1/./outputMutation/AstorMain-Chart//src/
[DEBUG] fr.inria.astor.core.loop.AstorCoreEngine.showResults(AstorCoreEngine.java:142) - 
Number solutions:25
[DEBUG] fr.inria.astor.core.loop.AstorCoreEngine.showResults(AstorCoreEngine.java:144) - f (sol): 0.0, [Variant id: 216 (SOL) , #gens: 176, #ops: 1, parent:215]
[DEBUG] fr.inria.astor.core.loop.AstorCoreEngine.showResults(AstorCoreEngine.java:144) - f (sol): 0.0, [Variant id: 338 (SOL) , #gens: 175, #ops: 1, parent:337]
[DEBUG] fr.inria.astor.core.loop.AstorCoreEngine.showResults(AstorCoreEngine.java:144) - f (sol): 0.0, [Variant id: 386 (SOL) , #gens: 176, #ops: 1, parent:385]
[DEBUG] fr.inria.astor.core.loop.AstorCoreEngine.showResults(AstorCoreEngine.java:144) - f (sol): 0.0, [Variant id: 440 (SOL) , #gens: 176, #ops: 1, parent:439]
[DEBUG] fr.inria.astor.core.loop.AstorCoreEngine.showResults(AstorCoreEngine.java:144) - f (sol): 0.0, [Variant id: 468 (SOL) , #gens: 177, #ops: 1, parent:467]
[DEBUG] fr.inria.astor.core.loop.AstorCoreEngine.showResults(AstorCoreEngine.java:144) - f (sol): 0.0, [Variant id: 540 (SOL) , #gens: 175, #ops: 1, parent:539]
[DEBUG] fr.inria.astor.core.loop.AstorCoreEngine.showResults(AstorCoreEngine.java:144) - f (sol): 0.0, [Variant id: 556 (SOL) , #gens: 175, #ops: 1, parent:555]
[DEBUG] fr.inria.astor.core.loop.AstorCoreEngine.showResults(AstorCoreEngine.java:144) - f (sol): 0.0, [Variant id: 608 (SOL) , #gens: 176, #ops: 1, parent:607]
[DEBUG] fr.inria.astor.core.loop.AstorCoreEngine.showResults(AstorCoreEngine.java:144) - f (sol): 0.0, [Variant id: 906 (SOL) , #gens: 175, #ops: 1, parent:905]
[DEBUG] fr.inria.astor.core.loop.AstorCoreEngine.showResults(AstorCoreEngine.java:144) - f (sol): 0.0, [Variant id: 938 (SOL) , #gens: 176, #ops: 1, parent:937]
[DEBUG] fr.inria.astor.core.loop.AstorCoreEngine.showResults(AstorCoreEngine.java:144) - f (sol): 0.0, [Variant id: 1018 (SOL) , #gens: 175, #ops: 1, parent:1017]
[DEBUG] fr.inria.astor.core.loop.AstorCoreEngine.showResults(AstorCoreEngine.java:144) - f (sol): 0.0, [Variant id: 1146 (SOL) , #gens: 177, #ops: 1, parent:1145]
[DEBUG] fr.inria.astor.core.loop.AstorCoreEngine.showResults(AstorCoreEngine.java:144) - f (sol): 0.0, [Variant id: 1150 (SOL) , #gens: 176, #ops: 1, parent:1149]
[DEBUG] fr.inria.astor.core.loop.AstorCoreEngine.showResults(AstorCoreEngine.java:144) - f (sol): 0.0, [Variant id: 1182 (SOL) , #gens: 175, #ops: 1, parent:1181]
[DEBUG] fr.inria.astor.core.loop.AstorCoreEngine.showResults(AstorCoreEngine.java:144) - f (sol): 0.0, [Variant id: 1256 (SOL) , #gens: 176, #ops: 1, parent:1255]
[DEBUG] fr.inria.astor.core.loop.AstorCoreEngine.showResults(AstorCoreEngine.java:144) - f (sol): 0.0, [Variant id: 1388 (SOL) , #gens: 177, #ops: 1, parent:1387]
[DEBUG] fr.inria.astor.core.loop.AstorCoreEngine.showResults(AstorCoreEngine.java:144) - f (sol): 0.0, [Variant id: 1490 (SOL) , #gens: 175, #ops: 1, parent:1489]
[DEBUG] fr.inria.astor.core.loop.AstorCoreEngine.showResults(AstorCoreEngine.java:144) - f (sol): 0.0, [Variant id: 1568 (SOL) , #gens: 176, #ops: 1, parent:1567]
[DEBUG] fr.inria.astor.core.loop.AstorCoreEngine.showResults(AstorCoreEngine.java:144) - f (sol): 0.0, [Variant id: 1582 (SOL) , #gens: 176, #ops: 1, parent:1581]
[DEBUG] fr.inria.astor.core.loop.AstorCoreEngine.showResults(AstorCoreEngine.java:144) - f (sol): 0.0, [Variant id: 1604 (SOL) , #gens: 175, #ops: 1, parent:1603]
[DEBUG] fr.inria.astor.core.loop.AstorCoreEngine.showResults(AstorCoreEngine.java:144) - f (sol): 0.0, [Variant id: 1616 (SOL) , #gens: 175, #ops: 1, parent:1615]
[DEBUG] fr.inria.astor.core.loop.AstorCoreEngine.showResults(AstorCoreEngine.java:144) - f (sol): 0.0, [Variant id: 1646 (SOL) , #gens: 175, #ops: 1, parent:1645]
[DEBUG] fr.inria.astor.core.loop.AstorCoreEngine.showResults(AstorCoreEngine.java:144) - f (sol): 0.0, [Variant id: 1950 (SOL) , #gens: 176, #ops: 1, parent:1949]
[DEBUG] fr.inria.astor.core.loop.AstorCoreEngine.showResults(AstorCoreEngine.java:144) - f (sol): 0.0, [Variant id: 1978 (SOL) , #gens: 176, #ops: 1, parent:1977]
[DEBUG] fr.inria.astor.core.loop.AstorCoreEngine.showResults(AstorCoreEngine.java:144) - f (sol): 0.0, [Variant id: 2030 (SOL) , #gens: 175, #ops: 1, parent:2029]
[DEBUG] fr.inria.astor.core.loop.AstorCoreEngine.showResults(AstorCoreEngine.java:146) - 
All variants:
[DEBUG] fr.inria.astor.core.loop.AstorCoreEngine.showResults(AstorCoreEngine.java:148) - f 1.0, [Variant id: 2031, #gens: 176, #ops: 0, parent:-]
[INFO ] fr.inria.astor.core.loop.AstorCoreEngine.showResults(AstorCoreEngine.java:152) - 
Solution details
[INFO ] fr.inria.astor.core.loop.AstorCoreEngine.showResults(AstorCoreEngine.java:153) - 
 --SOLUTIONS DESCRIPTION--

 ----
ProgramVariant 216
 
time(sec)= 626
operation: ReplaceOp
location= org.jfree.chart.block.BorderArrangement
line= 450
lineSuspiciousness= 1
original statement= w[2] = size.width
fixed statement= h[4] = h[2]
generation= 108
ingredientScope= LOCAL
validation=
failing: |true|0|5|[]|
manual_regression: |true|0|3597|[]|
evo_regression: |true|0|18|[]|
 ----
ProgramVariant 338
 
time(sec)= 943
operation: RemoveOp
location= org.jfree.chart.block.BorderArrangement
line= 450
lineSuspiciousness= 1
original statement= w[2] = size.width
fixed statement= 
generation= 169
ingredientScope= -
validation=
failing: |true|0|5|[]|
manual_regression: |true|0|3597|[]|
evo_regression: |true|0|18|[]|
 ----
ProgramVariant 386
 
time(sec)= 1180
operation: ReplaceOp
location= org.jfree.chart.block.BorderArrangement
line= 312
lineSuspiciousness= 1
original statement= h[3] = h[2]
fixed statement= org.jfree.chart.block.BorderArrangement.this.leftBlock = null
generation= 193
ingredientScope= LOCAL
validation=
failing: |true|0|5|[]|
manual_regression: |true|0|3597|[]|
evo_regression: |true|0|18|[]|
 ----
ProgramVariant 440
 
time(sec)= 1437
operation: ReplaceOp
location= org.jfree.chart.block.BorderArrangement
line= 453
lineSuspiciousness= 1
original statement= if ((org.jfree.chart.block.BorderArrangement.this.rightBlock) != null) {
	org.jfree.chart.block.RectangleConstraint c4 = new org.jfree.chart.block.RectangleConstraint(0.0 , new org.jfree.data.Range(0.0 , ((constraint.getWidth()) - (w[2]))) , org.jfree.chart.block.LengthConstraintType.RANGE , h[2] , null , org.jfree.chart.block.LengthConstraintType.FIXED);
	org.jfree.chart.util.Size2D size = org.jfree.chart.block.BorderArrangement.this.rightBlock.arrange(g2, c4);
	w[3] = size.width;
} 
fixed statement= if ((org.jfree.chart.block.BorderArrangement.this.centerBlock) != null) {
	org.jfree.chart.block.BorderArrangement.this.centerBlock.setBounds(new java.awt.geom.Rectangle2D.Double(w[2] , h[0] , w[4] , h[4]));
} 
generation= 220
ingredientScope= LOCAL
validation=
failing: |true|0|5|[]|
manual_regression: |true|0|3597|[]|
evo_regression: |true|0|18|[]|
 ----
ProgramVariant 468
 
time(sec)= 1654
operation: InsertBeforeOp
location= org.jfree.chart.block.BorderArrangement
line= 445
lineSuspiciousness= 1
original statement= org.jfree.chart.block.RectangleConstraint c3 = new org.jfree.chart.block.RectangleConstraint(0.0 , new org.jfree.data.Range(0.0 , constraint.getWidth()) , org.jfree.chart.block.LengthConstraintType.RANGE , h[2] , null , org.jfree.chart.block.LengthConstraintType.FIXED)
fixed statement= org.jfree.chart.block.BorderArrangement.this.rightBlock = null
generation= 234
ingredientScope= LOCAL
validation=
failing: |true|0|5|[]|
manual_regression: |true|0|3597|[]|
evo_regression: |true|0|18|[]|
 ----
ProgramVariant 540
 
time(sec)= 1962
operation: RemoveOp
location= org.jfree.chart.block.BorderArrangement
line= 444
lineSuspiciousness= 1
original statement= if ((org.jfree.chart.block.BorderArrangement.this.leftBlock) != null) {
	org.jfree.chart.block.RectangleConstraint c3 = new org.jfree.chart.block.RectangleConstraint(0.0 , new org.jfree.data.Range(0.0 , constraint.getWidth()) , org.jfree.chart.block.LengthConstraintType.RANGE , h[2] , null , org.jfree.chart.block.LengthConstraintType.FIXED);
	org.jfree.chart.util.Size2D size = org.jfree.chart.block.BorderArrangement.this.leftBlock.arrange(g2, c3);
	w[2] = size.width;
} 
fixed statement= 
generation= 270
ingredientScope= -
validation=
failing: |true|0|5|[]|
manual_regression: |true|0|3597|[]|
evo_regression: |true|0|18|[]|
 ----
ProgramVariant 556
 
time(sec)= 2159
operation: RemoveOp
location= org.jfree.chart.block.BorderArrangement
line= 450
lineSuspiciousness= 1
original statement= w[2] = size.width
fixed statement= 
generation= 278
ingredientScope= -
validation=
failing: |true|0|5|[]|
manual_regression: |true|0|3597|[]|
evo_regression: |true|0|18|[]|
 ----
ProgramVariant 608
 
time(sec)= 2423
operation: ReplaceOp
location= org.jfree.chart.block.BorderArrangement
line= 297
lineSuspiciousness= 1
original statement= w[2] = size.width
fixed statement= org.jfree.chart.block.BorderArrangement.this.leftBlock = null
generation= 304
ingredientScope= LOCAL
validation=
failing: |true|0|5|[]|
manual_regression: |true|0|3597|[]|
evo_regression: |true|0|18|[]|
 ----
ProgramVariant 906
 
time(sec)= 2976
operation: RemoveOp
location= org.jfree.chart.block.BorderArrangement
line= 453
lineSuspiciousness= 1
original statement= if ((org.jfree.chart.block.BorderArrangement.this.rightBlock) != null) {
	org.jfree.chart.block.RectangleConstraint c4 = new org.jfree.chart.block.RectangleConstraint(0.0 , new org.jfree.data.Range(0.0 , ((constraint.getWidth()) - (w[2]))) , org.jfree.chart.block.LengthConstraintType.RANGE , h[2] , null , org.jfree.chart.block.LengthConstraintType.FIXED);
	org.jfree.chart.util.Size2D size = org.jfree.chart.block.BorderArrangement.this.rightBlock.arrange(g2, c4);
	w[3] = size.width;
} 
fixed statement= 
generation= 453
ingredientScope= -
validation=
failing: |true|0|5|[]|
manual_regression: |true|0|3597|[]|
evo_regression: |true|0|18|[]|
 ----
ProgramVariant 938
 
time(sec)= 3203
operation: ReplaceOp
location= org.jfree.chart.block.BorderArrangement
line= 435
lineSuspiciousness= 1
original statement= w[1] = w[0]
fixed statement= org.jfree.chart.block.BorderArrangement.this.rightBlock = null
generation= 469
ingredientScope= LOCAL
validation=
failing: |true|0|5|[]|
manual_regression: |true|0|3597|[]|
evo_regression: |true|0|18|[]|
 ----
ProgramVariant 1018
 
time(sec)= 3462
operation: RemoveOp
location= org.jfree.chart.block.BorderArrangement
line= 453
lineSuspiciousness= 1
original statement= if ((org.jfree.chart.block.BorderArrangement.this.rightBlock) != null) {
	org.jfree.chart.block.RectangleConstraint c4 = new org.jfree.chart.block.RectangleConstraint(0.0 , new org.jfree.data.Range(0.0 , ((constraint.getWidth()) - (w[2]))) , org.jfree.chart.block.LengthConstraintType.RANGE , h[2] , null , org.jfree.chart.block.LengthConstraintType.FIXED);
	org.jfree.chart.util.Size2D size = org.jfree.chart.block.BorderArrangement.this.rightBlock.arrange(g2, c4);
	w[3] = size.width;
} 
fixed statement= 
generation= 509
ingredientScope= -
validation=
failing: |true|0|5|[]|
manual_regression: |true|0|3597|[]|
evo_regression: |true|0|18|[]|
 ----
ProgramVariant 1146
 
time(sec)= 3848
operation: InsertAfterOp
location= org.jfree.chart.block.BorderArrangement
line= 435
lineSuspiciousness= 1
original statement= w[1] = w[0]
fixed statement= org.jfree.chart.block.BorderArrangement.this.rightBlock = null
generation= 573
ingredientScope= LOCAL
validation=
failing: |true|0|5|[]|
manual_regression: |true|0|3597|[]|
evo_regression: |true|0|18|[]|
 ----
ProgramVariant 1150
 
time(sec)= 4028
operation: ReplaceOp
location= org.jfree.chart.block.BorderArrangement
line= 450
lineSuspiciousness= 1
original statement= w[2] = size.width
fixed statement= w[4] = ((constraint.getWidth()) - (w[3])) - (w[2])
generation= 575
ingredientScope= LOCAL
validation=
failing: |true|0|5|[]|
manual_regression: |true|0|3597|[]|
evo_regression: |true|0|18|[]|
 ----
ProgramVariant 1182
 
time(sec)= 4246
operation: RemoveOp
location= org.jfree.chart.block.BorderArrangement
line= 444
lineSuspiciousness= 1
original statement= if ((org.jfree.chart.block.BorderArrangement.this.leftBlock) != null) {
	org.jfree.chart.block.RectangleConstraint c3 = new org.jfree.chart.block.RectangleConstraint(0.0 , new org.jfree.data.Range(0.0 , constraint.getWidth()) , org.jfree.chart.block.LengthConstraintType.RANGE , h[2] , null , org.jfree.chart.block.LengthConstraintType.FIXED);
	org.jfree.chart.util.Size2D size = org.jfree.chart.block.BorderArrangement.this.leftBlock.arrange(g2, c3);
	w[2] = size.width;
} 
fixed statement= 
generation= 591
ingredientScope= -
validation=
failing: |true|0|5|[]|
manual_regression: |true|0|3597|[]|
evo_regression: |true|0|18|[]|
 ----
ProgramVariant 1256
 
time(sec)= 4531
operation: ReplaceOp
location= org.jfree.chart.block.BorderArrangement
line= 453
lineSuspiciousness= 1
original statement= if ((org.jfree.chart.block.BorderArrangement.this.rightBlock) != null) {
	org.jfree.chart.block.RectangleConstraint c4 = new org.jfree.chart.block.RectangleConstraint(0.0 , new org.jfree.data.Range(0.0 , ((constraint.getWidth()) - (w[2]))) , org.jfree.chart.block.LengthConstraintType.RANGE , h[2] , null , org.jfree.chart.block.LengthConstraintType.FIXED);
	org.jfree.chart.util.Size2D size = org.jfree.chart.block.BorderArrangement.this.rightBlock.arrange(g2, c4);
	w[3] = size.width;
} 
fixed statement= if ((org.jfree.chart.block.BorderArrangement.this.bottomBlock) != null) {
	org.jfree.chart.block.BorderArrangement.this.bottomBlock.setBounds(new java.awt.geom.Rectangle2D.Double(0.0 , ((h[0]) + (h[2])) , w[1] , h[1]));
} 
generation= 628
ingredientScope= LOCAL
validation=
failing: |true|0|5|[]|
manual_regression: |true|0|3597|[]|
evo_regression: |true|0|18|[]|
 ----
ProgramVariant 1388
 
time(sec)= 4882
operation: InsertBeforeOp
location= org.jfree.chart.block.BorderArrangement
line= 311
lineSuspiciousness= 1
original statement= h[2] = java.lang.Math.max(h[2], h[3])
fixed statement= org.jfree.chart.block.BorderArrangement.this.leftBlock = null
generation= 694
ingredientScope= LOCAL
validation=
failing: |true|0|5|[]|
manual_regression: |true|0|3597|[]|
evo_regression: |true|0|18|[]|
 ----
ProgramVariant 1490
 
time(sec)= 5211
operation: RemoveOp
location= org.jfree.chart.block.BorderArrangement
line= 450
lineSuspiciousness= 1
original statement= w[2] = size.width
fixed statement= 
generation= 745
ingredientScope= -
validation=
failing: |true|0|5|[]|
manual_regression: |true|0|3597|[]|
evo_regression: |true|0|18|[]|
 ----
ProgramVariant 1568
 
time(sec)= 5501
operation: ReplaceOp
location= org.jfree.chart.block.BorderArrangement
line= 312
lineSuspiciousness= 1
original statement= h[3] = h[2]
fixed statement= org.jfree.chart.block.BorderArrangement.this.rightBlock = null
generation= 784
ingredientScope= LOCAL
validation=
failing: |true|0|5|[]|
manual_regression: |true|0|3597|[]|
evo_regression: |true|0|18|[]|
 ----
ProgramVariant 1582
 
time(sec)= 5701
operation: ReplaceOp
location= org.jfree.chart.block.BorderArrangement
line= 444
lineSuspiciousness= 1
original statement= if ((org.jfree.chart.block.BorderArrangement.this.leftBlock) != null) {
	org.jfree.chart.block.RectangleConstraint c3 = new org.jfree.chart.block.RectangleConstraint(0.0 , new org.jfree.data.Range(0.0 , constraint.getWidth()) , org.jfree.chart.block.LengthConstraintType.RANGE , h[2] , null , org.jfree.chart.block.LengthConstraintType.FIXED);
	org.jfree.chart.util.Size2D size = org.jfree.chart.block.BorderArrangement.this.leftBlock.arrange(g2, c3);
	w[2] = size.width;
} 
fixed statement= if ((org.jfree.chart.block.BorderArrangement.this.bottomBlock) != null) {
	org.jfree.chart.block.BorderArrangement.this.bottomBlock.setBounds(new java.awt.geom.Rectangle2D.Double(0.0 , ((h[0]) + (h[2])) , w[1] , h[1]));
} 
generation= 791
ingredientScope= LOCAL
validation=
failing: |true|0|5|[]|
manual_regression: |true|0|3597|[]|
evo_regression: |true|0|18|[]|
 ----
ProgramVariant 1604
 
time(sec)= 5913
operation: RemoveOp
location= org.jfree.chart.block.BorderArrangement
line= 450
lineSuspiciousness= 1
original statement= w[2] = size.width
fixed statement= 
generation= 802
ingredientScope= -
validation=
failing: |true|0|5|[]|
manual_regression: |true|0|3597|[]|
evo_regression: |true|0|18|[]|
 ----
ProgramVariant 1616
 
time(sec)= 6100
operation: RemoveOp
location= org.jfree.chart.block.BorderArrangement
line= 453
lineSuspiciousness= 1
original statement= if ((org.jfree.chart.block.BorderArrangement.this.rightBlock) != null) {
	org.jfree.chart.block.RectangleConstraint c4 = new org.jfree.chart.block.RectangleConstraint(0.0 , new org.jfree.data.Range(0.0 , ((constraint.getWidth()) - (w[2]))) , org.jfree.chart.block.LengthConstraintType.RANGE , h[2] , null , org.jfree.chart.block.LengthConstraintType.FIXED);
	org.jfree.chart.util.Size2D size = org.jfree.chart.block.BorderArrangement.this.rightBlock.arrange(g2, c4);
	w[3] = size.width;
} 
fixed statement= 
generation= 808
ingredientScope= -
validation=
failing: |true|0|5|[]|
manual_regression: |true|0|3597|[]|
evo_regression: |true|0|18|[]|
 ----
ProgramVariant 1646
 
time(sec)= 6288
operation: RemoveOp
location= org.jfree.chart.block.BorderArrangement
line= 453
lineSuspiciousness= 1
original statement= if ((org.jfree.chart.block.BorderArrangement.this.rightBlock) != null) {
	org.jfree.chart.block.RectangleConstraint c4 = new org.jfree.chart.block.RectangleConstraint(0.0 , new org.jfree.data.Range(0.0 , ((constraint.getWidth()) - (w[2]))) , org.jfree.chart.block.LengthConstraintType.RANGE , h[2] , null , org.jfree.chart.block.LengthConstraintType.FIXED);
	org.jfree.chart.util.Size2D size = org.jfree.chart.block.BorderArrangement.this.rightBlock.arrange(g2, c4);
	w[3] = size.width;
} 
fixed statement= 
generation= 823
ingredientScope= -
validation=
failing: |true|0|5|[]|
manual_regression: |true|0|3597|[]|
evo_regression: |true|0|18|[]|
 ----
ProgramVariant 1950
 
time(sec)= 6824
operation: ReplaceOp
location= org.jfree.chart.block.BorderArrangement
line= 426
lineSuspiciousness= 1
original statement= w[0] = constraint.getWidth()
fixed statement= org.jfree.chart.block.BorderArrangement.this.leftBlock = null
generation= 975
ingredientScope= LOCAL
validation=
failing: |true|0|5|[]|
manual_regression: |true|0|3597|[]|
evo_regression: |true|0|18|[]|
 ----
ProgramVariant 1978
 
time(sec)= 7020
operation: ReplaceOp
location= org.jfree.chart.block.BorderArrangement
line= 435
lineSuspiciousness= 1
original statement= w[1] = w[0]
fixed statement= org.jfree.chart.block.BorderArrangement.this.leftBlock = null
generation= 989
ingredientScope= LOCAL
validation=
failing: |true|0|5|[]|
manual_regression: |true|0|3597|[]|
evo_regression: |true|0|18|[]|
 ----
ProgramVariant 2030
 
time(sec)= 7265
operation: RemoveOp
location= org.jfree.chart.block.BorderArrangement
line= 450
lineSuspiciousness= 1
original statement= w[2] = size.width
fixed statement= 
generation= 1015
ingredientScope= -
validation=
failing: |true|0|5|[]|
manual_regression: |true|0|3597|[]|
evo_regression: |true|0|18|[]|
[INFO ] fr.inria.main.evolution.AstorMain.run(AstorMain.java:397) - Time Total(s): 7327.609


Node: graphene-106.nancy.grid5000.fr


Date: Sat Jan 28 15:36:06 CET 2017

removed classes 

zipped 

copied zip 


