seed AstorRun 8 
export PATH="/home/mmartinez/defects4j/framework/bin:$PATH";export JAVA_TOOL_OPTIONS=-Dfile.encoding=UTF8;export PATH="/usr/lib/jvm/java-1.7.0-openjdk-amd64/bin/:$PATH";cd /home/mmartinez/projects/math/math_12;defects4j compile;cp -r /home/mmartinez/projects/math/math_12 /tmp/math_12_Genprog_local_s1;cd /tmp/math_12_Genprog_local_s1;mkdir lib/;cp -r /home/mmartinez/defects4j/framework/projects/lib/* lib/;cp -r /home/mmartinez/defects4j/framework/projects/Math/lib/* lib/;find . -type f -name "package-info.java" -delete;
/home/mmartinez/defects4j-repair/src/python/core/../../../results/2016-june/Math/seed/8/package/12/Genprog/result
cd /tmp/math_12_Genprog_local_s1;export JAVA_TOOL_OPTIONS=-Dfile.encoding=UTF8;TZ="America/New_York"; export TZexport PATH="/usr/lib/jvm/java-1.7.0-openjdk-amd64/bin/:$PATH";time /home/mmartinez/jdk1.8.0_45/bin//java -Xmx4096m -cp /home/mmartinez/defects4j-repair/src/python/core/../../..//libs/astor.jar fr.inria.main.evolution.MainjGenProg -mode statement -location . -id Math -dependencies lib/ -failing org.apache.commons.math3.distribution.GammaDistributionTest:org.apache.commons.math3.distribution.LogNormalDistributionTest:org.apache.commons.math3.distribution.NormalDistributionTest: -package org.apache.commons -jvm4testexecution /usr/lib/jvm/java-1.7.0-openjdk-amd64/bin/ -jvm4evosuitetestexecution /home/mmartinez/jdk1.8.0_45/bin/ -javacompliancelevel 5 -maxgen 1000000 -seed 8 -scope package -maxtime 120  -stopfirst false -population 1 -srcjavafolder src/main/java/ -srctestfolder src/test/java/ -binjavafolder target/classes/ -bintestfolder target/test-classes/ -flthreshold 0.1  -validation  fr.inria.astor.core.validation.validators.RegressionValidation  -ESParameters -Dassertion_timeout=1800:-Dminimization_timeout=1800:-Djunit_check_timeout=1800:-Dwrite_junit_timeout=300:-Dinitialization_timeout=300:-Dglobal_timeout=18000:-Dsearch_budget=100000:-Dstopping_condition=MaxStatements:-Dno_runtime_dependency=true:-Dsandbox=false:-Dp_reflection_on_private=0.0:-Dreflection_start_percent=1.0:-Dp_functional_mocking=0.0:-Dfunctional_mocking_percent=1.0:-mem=2000 -ignoredtestcases org.apache.commons.lang.LocaleUtilsTest  -excludeRegression  -maxgen 100000000 ;echo "

Node: `hostname`
";echo "
Date: `date`
"; find /tmp/math_12_Genprog_local_s1/outputMutation -name "*.class" -type f -delete;echo "removed classes 
"; find . -name bin  -type d -print0|xargs -0 rm -r --; zip -r -q out.zip /tmp/math_12_Genprog_local_s1/outputMutation; echo "zipped 
";cp out.zip /home/mmartinez/defects4j-repair/src/python/core/../../../results/2016-june/Math/seed/8/package/12/Genprog; echo "copied zip 
";rm -rf /tmp/math_12_Genprog_local_s1;

[DEBUG] fr.inria.astor.core.loop.AstorCoreEngine.showResults(AstorCoreEngine.java:136) - End Repair Loops: Found solution
[DEBUG] fr.inria.astor.core.loop.AstorCoreEngine.showResults(AstorCoreEngine.java:137) - Solution stored at: /tmp/math_12_Genprog_local_s1/./outputMutation/AstorMain-Math//src/
[DEBUG] fr.inria.astor.core.loop.AstorCoreEngine.showResults(AstorCoreEngine.java:142) - 
Number solutions:8
[DEBUG] fr.inria.astor.core.loop.AstorCoreEngine.showResults(AstorCoreEngine.java:144) - f (sol): 6.0, [Variant id: 236 (SOL) , #gens: 63, #ops: 1, parent:235]
[DEBUG] fr.inria.astor.core.loop.AstorCoreEngine.showResults(AstorCoreEngine.java:144) - f (sol): 6.0, [Variant id: 406 (SOL) , #gens: 63, #ops: 1, parent:405]
[DEBUG] fr.inria.astor.core.loop.AstorCoreEngine.showResults(AstorCoreEngine.java:144) - f (sol): 6.0, [Variant id: 682 (SOL) , #gens: 64, #ops: 1, parent:681]
[DEBUG] fr.inria.astor.core.loop.AstorCoreEngine.showResults(AstorCoreEngine.java:144) - f (sol): 6.0, [Variant id: 694 (SOL) , #gens: 63, #ops: 1, parent:693]
[DEBUG] fr.inria.astor.core.loop.AstorCoreEngine.showResults(AstorCoreEngine.java:144) - f (sol): 6.0, [Variant id: 992 (SOL) , #gens: 63, #ops: 1, parent:991]
[DEBUG] fr.inria.astor.core.loop.AstorCoreEngine.showResults(AstorCoreEngine.java:144) - f (sol): 6.0, [Variant id: 1354 (SOL) , #gens: 63, #ops: 1, parent:1353]
[DEBUG] fr.inria.astor.core.loop.AstorCoreEngine.showResults(AstorCoreEngine.java:144) - f (sol): 6.0, [Variant id: 1558 (SOL) , #gens: 63, #ops: 1, parent:1557]
[DEBUG] fr.inria.astor.core.loop.AstorCoreEngine.showResults(AstorCoreEngine.java:144) - f (sol): 6.0, [Variant id: 1600 (SOL) , #gens: 63, #ops: 1, parent:1599]
[DEBUG] fr.inria.astor.core.loop.AstorCoreEngine.showResults(AstorCoreEngine.java:146) - 
All variants:
[DEBUG] fr.inria.astor.core.loop.AstorCoreEngine.showResults(AstorCoreEngine.java:148) - f 3.0, [Variant id: 2077, #gens: 64, #ops: 0, parent:-]
[INFO ] fr.inria.astor.core.loop.AstorCoreEngine.showResults(AstorCoreEngine.java:152) - 
Solution details
[INFO ] fr.inria.astor.core.loop.AstorCoreEngine.showResults(AstorCoreEngine.java:153) - 
 --SOLUTIONS DESCRIPTION--

 ----
ProgramVariant 236
 
time(sec)= 908
operation: RemoveOp
location= org.apache.commons.math3.random.BitsStreamGenerator
line= 108
lineSuspiciousness= 0.175
original statement= nextGaussian = r * (org.apache.commons.math3.util.FastMath.sin(alpha))
fixed statement= 
generation= 118
ingredientScope= -
validation=
failing: |true|0|60|[]|
manual_regression: |false|5|4454|[testSampling(org.apache.commons.math3.distribution.MultivariateNormalMixtureModelDistributionTest): expected:<6.259990922080121> but was:<5.67028577848099>-, testParametersErrorMonteCarloObservations(org.apache.commons.math3.optim.nonlinear.vector.jacobian.AbstractLeastSquaresOptimizerTestValidation): expected:<2.8526657738980794> but was:<2.6554040543304582>-, testCircleFitting2(org.apache.commons.math3.optim.nonlinear.vector.jacobian.LevenbergMarquardtOptimizerTest): expected:<123.456> but was:<128.7984930856665>-, testParametersErrorMonteCarloObservations(org.apache.commons.math3.optimization.general.AbstractLeastSquaresOptimizerTestValidation): expected:<2.8526657738980794> but was:<2.6554040543304582>-, testCircleFitting2(org.apache.commons.math3.optimization.general.LevenbergMarquardtOptimizerTest): expected:<123.456> but was:<128.579278595889>-]|
evo_regression: |false|1|31|[test24(org.apache.commons.math3.random.BitsStreamGenerator_ESTest): expected:<-0.24720750404342587> but was:<-0.8801431512233246>-]|
 ----
ProgramVariant 406
 
time(sec)= 1518
operation: RemoveOp
location= org.apache.commons.math3.random.BitsStreamGenerator
line= 108
lineSuspiciousness= 0.175
original statement= nextGaussian = r * (org.apache.commons.math3.util.FastMath.sin(alpha))
fixed statement= 
generation= 203
ingredientScope= -
validation=
failing: |true|0|60|[]|
manual_regression: |false|5|4454|[testSampling(org.apache.commons.math3.distribution.MultivariateNormalMixtureModelDistributionTest): expected:<6.259990922080121> but was:<5.67028577848099>-, testParametersErrorMonteCarloObservations(org.apache.commons.math3.optim.nonlinear.vector.jacobian.AbstractLeastSquaresOptimizerTestValidation): expected:<2.8526657738980794> but was:<2.6554040543304582>-, testCircleFitting2(org.apache.commons.math3.optim.nonlinear.vector.jacobian.LevenbergMarquardtOptimizerTest): expected:<123.456> but was:<128.7984930856665>-, testParametersErrorMonteCarloObservations(org.apache.commons.math3.optimization.general.AbstractLeastSquaresOptimizerTestValidation): expected:<2.8526657738980794> but was:<2.6554040543304582>-, testCircleFitting2(org.apache.commons.math3.optimization.general.LevenbergMarquardtOptimizerTest): expected:<123.456> but was:<128.579278595889>-]|
evo_regression: |false|1|31|[test24(org.apache.commons.math3.random.BitsStreamGenerator_ESTest): expected:<-0.24720750404342587> but was:<-0.8801431512233246>-]|
 ----
ProgramVariant 682
 
time(sec)= 2452
operation: ReplaceOp
location= org.apache.commons.math3.random.BitsStreamGenerator
line= 108
lineSuspiciousness= 0.175
original statement= nextGaussian = r * (org.apache.commons.math3.util.FastMath.sin(alpha))
fixed statement= nextGaussian = java.lang.Double.NaN
generation= 341
ingredientScope= LOCAL
validation=
failing: |true|0|60|[]|
manual_regression: |false|5|4454|[testSampling(org.apache.commons.math3.distribution.MultivariateNormalMixtureModelDistributionTest): expected:<6.259990922080121> but was:<5.67028577848099>-, testParametersErrorMonteCarloObservations(org.apache.commons.math3.optim.nonlinear.vector.jacobian.AbstractLeastSquaresOptimizerTestValidation): expected:<2.8526657738980794> but was:<2.6554040543304582>-, testCircleFitting2(org.apache.commons.math3.optim.nonlinear.vector.jacobian.LevenbergMarquardtOptimizerTest): expected:<123.456> but was:<128.7984930856665>-, testParametersErrorMonteCarloObservations(org.apache.commons.math3.optimization.general.AbstractLeastSquaresOptimizerTestValidation): expected:<2.8526657738980794> but was:<2.6554040543304582>-, testCircleFitting2(org.apache.commons.math3.optimization.general.LevenbergMarquardtOptimizerTest): expected:<123.456> but was:<128.579278595889>-]|
evo_regression: |false|1|31|[test24(org.apache.commons.math3.random.BitsStreamGenerator_ESTest): expected:<-0.24720750404342587> but was:<-0.8801431512233246>-]|
 ----
ProgramVariant 694
 
time(sec)= 2722
operation: RemoveOp
location= org.apache.commons.math3.random.BitsStreamGenerator
line= 108
lineSuspiciousness= 0.175
original statement= nextGaussian = r * (org.apache.commons.math3.util.FastMath.sin(alpha))
fixed statement= 
generation= 347
ingredientScope= -
validation=
failing: |true|0|60|[]|
manual_regression: |false|5|4454|[testSampling(org.apache.commons.math3.distribution.MultivariateNormalMixtureModelDistributionTest): expected:<6.259990922080121> but was:<5.67028577848099>-, testParametersErrorMonteCarloObservations(org.apache.commons.math3.optim.nonlinear.vector.jacobian.AbstractLeastSquaresOptimizerTestValidation): expected:<2.8526657738980794> but was:<2.6554040543304582>-, testCircleFitting2(org.apache.commons.math3.optim.nonlinear.vector.jacobian.LevenbergMarquardtOptimizerTest): expected:<123.456> but was:<128.7984930856665>-, testParametersErrorMonteCarloObservations(org.apache.commons.math3.optimization.general.AbstractLeastSquaresOptimizerTestValidation): expected:<2.8526657738980794> but was:<2.6554040543304582>-, testCircleFitting2(org.apache.commons.math3.optimization.general.LevenbergMarquardtOptimizerTest): expected:<123.456> but was:<128.579278595889>-]|
evo_regression: |false|1|31|[test24(org.apache.commons.math3.random.BitsStreamGenerator_ESTest): expected:<-0.24720750404342587> but was:<-0.8801431512233246>-]|
 ----
ProgramVariant 992
 
time(sec)= 3694
operation: RemoveOp
location= org.apache.commons.math3.random.BitsStreamGenerator
line= 108
lineSuspiciousness= 0.175
original statement= nextGaussian = r * (org.apache.commons.math3.util.FastMath.sin(alpha))
fixed statement= 
generation= 496
ingredientScope= -
validation=
failing: |true|0|60|[]|
manual_regression: |false|5|4454|[testSampling(org.apache.commons.math3.distribution.MultivariateNormalMixtureModelDistributionTest): expected:<6.259990922080121> but was:<5.67028577848099>-, testParametersErrorMonteCarloObservations(org.apache.commons.math3.optim.nonlinear.vector.jacobian.AbstractLeastSquaresOptimizerTestValidation): expected:<2.8526657738980794> but was:<2.6554040543304582>-, testCircleFitting2(org.apache.commons.math3.optim.nonlinear.vector.jacobian.LevenbergMarquardtOptimizerTest): expected:<123.456> but was:<128.7984930856665>-, testParametersErrorMonteCarloObservations(org.apache.commons.math3.optimization.general.AbstractLeastSquaresOptimizerTestValidation): expected:<2.8526657738980794> but was:<2.6554040543304582>-, testCircleFitting2(org.apache.commons.math3.optimization.general.LevenbergMarquardtOptimizerTest): expected:<123.456> but was:<128.579278595889>-]|
evo_regression: |false|1|31|[test24(org.apache.commons.math3.random.BitsStreamGenerator_ESTest): expected:<-0.24720750404342587> but was:<-0.8801431512233246>-]|
 ----
ProgramVariant 1354
 
time(sec)= 4897
operation: RemoveOp
location= org.apache.commons.math3.random.BitsStreamGenerator
line= 108
lineSuspiciousness= 0.175
original statement= nextGaussian = r * (org.apache.commons.math3.util.FastMath.sin(alpha))
fixed statement= 
generation= 677
ingredientScope= -
validation=
failing: |true|0|60|[]|
manual_regression: |false|5|4454|[testSampling(org.apache.commons.math3.distribution.MultivariateNormalMixtureModelDistributionTest): expected:<6.259990922080121> but was:<5.67028577848099>-, testParametersErrorMonteCarloObservations(org.apache.commons.math3.optim.nonlinear.vector.jacobian.AbstractLeastSquaresOptimizerTestValidation): expected:<2.8526657738980794> but was:<2.6554040543304582>-, testCircleFitting2(org.apache.commons.math3.optim.nonlinear.vector.jacobian.LevenbergMarquardtOptimizerTest): expected:<123.456> but was:<128.7984930856665>-, testParametersErrorMonteCarloObservations(org.apache.commons.math3.optimization.general.AbstractLeastSquaresOptimizerTestValidation): expected:<2.8526657738980794> but was:<2.6554040543304582>-, testCircleFitting2(org.apache.commons.math3.optimization.general.LevenbergMarquardtOptimizerTest): expected:<123.456> but was:<128.579278595889>-]|
evo_regression: |false|1|31|[test24(org.apache.commons.math3.random.BitsStreamGenerator_ESTest): expected:<-0.24720750404342587> but was:<-0.8801431512233246>-]|
 ----
ProgramVariant 1558
 
time(sec)= 5678
operation: RemoveOp
location= org.apache.commons.math3.random.BitsStreamGenerator
line= 108
lineSuspiciousness= 0.175
original statement= nextGaussian = r * (org.apache.commons.math3.util.FastMath.sin(alpha))
fixed statement= 
generation= 779
ingredientScope= -
validation=
failing: |true|0|60|[]|
manual_regression: |false|5|4454|[testSampling(org.apache.commons.math3.distribution.MultivariateNormalMixtureModelDistributionTest): expected:<6.259990922080121> but was:<5.67028577848099>-, testParametersErrorMonteCarloObservations(org.apache.commons.math3.optim.nonlinear.vector.jacobian.AbstractLeastSquaresOptimizerTestValidation): expected:<2.8526657738980794> but was:<2.6554040543304582>-, testCircleFitting2(org.apache.commons.math3.optim.nonlinear.vector.jacobian.LevenbergMarquardtOptimizerTest): expected:<123.456> but was:<128.7984930856665>-, testParametersErrorMonteCarloObservations(org.apache.commons.math3.optimization.general.AbstractLeastSquaresOptimizerTestValidation): expected:<2.8526657738980794> but was:<2.6554040543304582>-, testCircleFitting2(org.apache.commons.math3.optimization.general.LevenbergMarquardtOptimizerTest): expected:<123.456> but was:<128.579278595889>-]|
evo_regression: |false|1|31|[test24(org.apache.commons.math3.random.BitsStreamGenerator_ESTest): expected:<-0.24720750404342587> but was:<-0.8801431512233246>-]|
 ----
ProgramVariant 1600
 
time(sec)= 6038
operation: RemoveOp
location= org.apache.commons.math3.random.BitsStreamGenerator
line= 108
lineSuspiciousness= 0.175
original statement= nextGaussian = r * (org.apache.commons.math3.util.FastMath.sin(alpha))
fixed statement= 
generation= 800
ingredientScope= -
validation=
failing: |true|0|60|[]|
manual_regression: |false|5|4454|[testSampling(org.apache.commons.math3.distribution.MultivariateNormalMixtureModelDistributionTest): expected:<6.259990922080121> but was:<5.67028577848099>-, testParametersErrorMonteCarloObservations(org.apache.commons.math3.optim.nonlinear.vector.jacobian.AbstractLeastSquaresOptimizerTestValidation): expected:<2.8526657738980794> but was:<2.6554040543304582>-, testCircleFitting2(org.apache.commons.math3.optim.nonlinear.vector.jacobian.LevenbergMarquardtOptimizerTest): expected:<123.456> but was:<128.7984930856665>-, testParametersErrorMonteCarloObservations(org.apache.commons.math3.optimization.general.AbstractLeastSquaresOptimizerTestValidation): expected:<2.8526657738980794> but was:<2.6554040543304582>-, testCircleFitting2(org.apache.commons.math3.optimization.general.LevenbergMarquardtOptimizerTest): expected:<123.456> but was:<128.579278595889>-]|
evo_regression: |false|1|31|[test24(org.apache.commons.math3.random.BitsStreamGenerator_ESTest): expected:<-0.24720750404342587> but was:<-0.8801431512233246>-]|
[INFO ] fr.inria.main.evolution.AstorMain.run(AstorMain.java:397) - Time Total(s): 8211.927


Node: graphene-15.nancy.grid5000.fr


Date: Thu Jan 12 22:34:38 CET 2017

removed classes 

zipped 

copied zip 


