seed AstorRun 26 
export PATH="/home/mmartinez/defects4j/framework/bin:$PATH";export JAVA_TOOL_OPTIONS=-Dfile.encoding=UTF8;export PATH="/usr/lib/jvm/java-1.7.0-openjdk-amd64/bin/:$PATH";cd /home/mmartinez/projects/chart/chart_25;defects4j compile;cp -r /home/mmartinez/projects/chart/chart_25 /tmp/chart_25_Genprog_local_s1;cd /tmp/chart_25_Genprog_local_s1;mkdir lib/;cp -r /home/mmartinez/defects4j/framework/projects/lib/* lib/;cp -r /home/mmartinez/defects4j/framework/projects/Chart/lib/* lib/;find . -type f -name "package-info.java" -delete;
/home/mmartinez/defects4j-repair/src/python/core/../../../results/2016-june/Chart/seed/26/package/25/Genprog/result
cd /tmp/chart_25_Genprog_local_s1;export JAVA_TOOL_OPTIONS=-Dfile.encoding=UTF8;TZ="America/New_York"; export TZexport PATH="/usr/lib/jvm/java-1.7.0-openjdk-amd64/bin/:$PATH";time /home/mmartinez/jdk1.8.0_45/bin//java -Xmx4096m -cp /home/mmartinez/defects4j-repair/src/python/core/../../..//libs/astor.jar fr.inria.main.evolution.MainjGenProg -mode statement -location . -id Chart -dependencies lib/ -failing org.jfree.chart.renderer.category.junit.StatisticalBarRendererTests:org.jfree.chart.renderer.category.junit.StatisticalBarRendererTests:org.jfree.chart.renderer.category.junit.StatisticalBarRendererTests:org.jfree.chart.renderer.category.junit.StatisticalBarRendererTests: -package org.jfree -jvm4testexecution /usr/lib/jvm/java-1.7.0-openjdk-amd64/bin/ -jvm4evosuitetestexecution /home/mmartinez/jdk1.8.0_45/bin/ -javacompliancelevel 4 -maxgen 1000000 -seed 26 -scope package -maxtime 120  -stopfirst false -population 1 -srcjavafolder source/ -srctestfolder tests/ -binjavafolder build/ -bintestfolder build-tests/ -flthreshold 0.1  -validation  fr.inria.astor.core.validation.validators.RegressionValidation  -ESParameters -Dassertion_timeout=1800:-Dminimization_timeout=1800:-Djunit_check_timeout=1800:-Dwrite_junit_timeout=300:-Dinitialization_timeout=300:-Dglobal_timeout=18000:-Dsearch_budget=100000:-Dstopping_condition=MaxStatements:-Dno_runtime_dependency=true:-Dsandbox=false:-Dp_reflection_on_private=0.0:-Dreflection_start_percent=1.0:-Dp_functional_mocking=0.0:-Dfunctional_mocking_percent=1.0:-mem=2000 -testbystep  -ignoredtestcases org.apache.commons.lang.LocaleUtilsTest  -excludeRegression  -maxgen 100000000 ;echo "

Node: `hostname`
";echo "
Date: `date`
"; find /tmp/chart_25_Genprog_local_s1/outputMutation -name "*.class" -type f -delete;echo "removed classes 
"; find . -name bin  -type d -print0|xargs -0 rm -r --; zip -r -q out.zip /tmp/chart_25_Genprog_local_s1/outputMutation; echo "zipped 
";cp out.zip /home/mmartinez/defects4j-repair/src/python/core/../../../results/2016-june/Chart/seed/26/package/25/Genprog; echo "copied zip 
";rm -rf /tmp/chart_25_Genprog_local_s1;

[DEBUG] fr.inria.astor.core.loop.AstorCoreEngine.showResults(AstorCoreEngine.java:136) - End Repair Loops: Found solution
[DEBUG] fr.inria.astor.core.loop.AstorCoreEngine.showResults(AstorCoreEngine.java:137) - Solution stored at: /tmp/chart_25_Genprog_local_s1/./outputMutation/AstorMain-Chart//src/
[DEBUG] fr.inria.astor.core.loop.AstorCoreEngine.showResults(AstorCoreEngine.java:142) - 
Number solutions:9
[DEBUG] fr.inria.astor.core.loop.AstorCoreEngine.showResults(AstorCoreEngine.java:144) - f (sol): 3.0, [Variant id: 242 (SOL) , #gens: 956, #ops: 1, parent:241]
[DEBUG] fr.inria.astor.core.loop.AstorCoreEngine.showResults(AstorCoreEngine.java:144) - f (sol): 3.0, [Variant id: 258 (SOL) , #gens: 956, #ops: 1, parent:257]
[DEBUG] fr.inria.astor.core.loop.AstorCoreEngine.showResults(AstorCoreEngine.java:144) - f (sol): 0.0, [Variant id: 322 (SOL) , #gens: 957, #ops: 1, parent:321]
[DEBUG] fr.inria.astor.core.loop.AstorCoreEngine.showResults(AstorCoreEngine.java:144) - f (sol): 1.0, [Variant id: 332 (SOL) , #gens: 955, #ops: 1, parent:331]
[DEBUG] fr.inria.astor.core.loop.AstorCoreEngine.showResults(AstorCoreEngine.java:144) - f (sol): 8.0, [Variant id: 490 (SOL) , #gens: 955, #ops: 1, parent:489]
[DEBUG] fr.inria.astor.core.loop.AstorCoreEngine.showResults(AstorCoreEngine.java:144) - f (sol): 38.0, [Variant id: 610 (SOL) , #gens: 955, #ops: 1, parent:609]
[DEBUG] fr.inria.astor.core.loop.AstorCoreEngine.showResults(AstorCoreEngine.java:144) - f (sol): 0.0, [Variant id: 634 (SOL) , #gens: 956, #ops: 1, parent:633]
[DEBUG] fr.inria.astor.core.loop.AstorCoreEngine.showResults(AstorCoreEngine.java:144) - f (sol): 1.0, [Variant id: 762 (SOL) , #gens: 955, #ops: 1, parent:761]
[DEBUG] fr.inria.astor.core.loop.AstorCoreEngine.showResults(AstorCoreEngine.java:144) - f (sol): 0.0, [Variant id: 838 (SOL) , #gens: 956, #ops: 1, parent:837]
[DEBUG] fr.inria.astor.core.loop.AstorCoreEngine.showResults(AstorCoreEngine.java:146) - 
All variants:
[DEBUG] fr.inria.astor.core.loop.AstorCoreEngine.showResults(AstorCoreEngine.java:148) - f 16.0, [Variant id: 1001, #gens: 956, #ops: 0, parent:-]
[INFO ] fr.inria.astor.core.loop.AstorCoreEngine.showResults(AstorCoreEngine.java:152) - 
Solution details
[INFO ] fr.inria.astor.core.loop.AstorCoreEngine.showResults(AstorCoreEngine.java:153) - 
 --SOLUTIONS DESCRIPTION--

 ----
ProgramVariant 242
 
time(sec)= 1042
operation: ReplaceOp
location= org.jfree.data.KeyedObjects
line= 132
lineSuspiciousness= 0.485
original statement= result = i
fixed statement= result = result + 1
generation= 121
ingredientScope= PACKAGE
validation=
failing: |true|0|36|[]|
manual_regression: |false|2|3243|[testInsertAndRetrieve(org.jfree.data.junit.KeyedObjectsTests): expected:<1.0> but was:<2.0>-, testInsertAndRetrieve(org.jfree.data.junit.KeyedObjectsTests): expected:<1.0> but was:<2.0>-]|
evo_regression: |false|1|35|[test26(org.jfree.data.KeyedObjects_ESTest): expected:<1> but was:<0>-]|
 ----
ProgramVariant 258
 
time(sec)= 1314
operation: ReplaceOp
location= org.jfree.data.KeyedObject
line= 94
lineSuspiciousness= 0.471
original statement= return org.jfree.data.KeyedObject.this.object
fixed statement= return null
generation= 129
ingredientScope= PACKAGE
validation=
failing: |true|0|36|[]|
manual_regression: |false|2|3243|[testInsertAndRetrieve(org.jfree.data.junit.KeyedObjectsTests): expected:<null> but was:<1.0>-, testInsertAndRetrieve(org.jfree.data.junit.KeyedObjectsTests): expected:<null> but was:<1.0>-]|
evo_regression: |false|1|10|[test8(org.jfree.data.KeyedObject_ESTest): expected same:<org.jfree.chart.util.StandardGradientPaintTransformer@2bedd42c> was not:<null>-]|
 ----
ProgramVariant 322
 
time(sec)= 1750
operation: InsertBeforeOp
location= org.jfree.data.KeyedObjects2D
line= 108
lineSuspiciousness= 0.516
original statement= java.lang.Object result = null
fixed statement= org.jfree.data.KeyedObjects2D.this.rowKeys = new java.util.ArrayList()
generation= 161
ingredientScope= LOCAL
validation=
failing: |true|0|36|[]|
manual_regression: |true|0|3243|[]|
evo_regression: |true|0|52|[]|
 ----
ProgramVariant 332
 
time(sec)= 2370
operation: RemoveOp
location= org.jfree.data.general.DatasetUtilities
line= 574
lineSuspiciousness= 0.4
original statement= for (int r = 0 ; r < rowCount ; r++) {
	for (int c = 0 ; c < columnCount ; c++) {
		if ((dataset.getValue(r, c)) != null) {
			return false;
		} 
	}
}
fixed statement= 
generation= 166
ingredientScope= -
validation=
failing: |true|0|36|[]|
manual_regression: |true|0|3243|[]|
evo_regression: |false|1|164|[test137(org.jfree.data.general.DatasetUtilities_ESTest): null-]|
 ----
ProgramVariant 490
 
time(sec)= 3309
operation: RemoveOp
location= org.jfree.data.KeyedObjects
line= 132
lineSuspiciousness= 0.485
original statement= result = i
fixed statement= 
generation= 245
ingredientScope= -
validation=
failing: |true|0|36|[]|
manual_regression: |false|2|3243|[testInsertAndRetrieve(org.jfree.data.junit.KeyedObjectsTests): expected:<null> but was:<1.0>-, testInsertAndRetrieve(org.jfree.data.junit.KeyedObjectsTests): expected:<null> but was:<1.0>-]|
evo_regression: |false|6|35|[test34(org.jfree.data.KeyedObjects_ESTest): expected:<0> but was:<-1>-, test06(org.jfree.data.KeyedObjects_ESTest): expected same:<org.jfree.data.KeyedObjects@22> was not:<null>-, test26(org.jfree.data.KeyedObjects_ESTest): expected:<1> but was:<-1>-, test24(org.jfree.data.KeyedObjects_ESTest): expected:<1> but was:<2>-, test03(org.jfree.data.KeyedObjects_ESTest): -1-, test01(org.jfree.data.KeyedObjects_ESTest): expected:<2> but was:<3>-]|
 ----
ProgramVariant 610
 
time(sec)= 3951
operation: RemoveOp
location= org.jfree.data.statistics.DefaultStatisticalCategoryDataset
line= 301
lineSuspiciousness= 0.632
original statement= org.jfree.data.statistics.DefaultStatisticalCategoryDataset.this.data.addObject(item, rowKey, columnKey)
fixed statement= 
generation= 305
ingredientScope= -
validation=
failing: |true|0|36|[]|
manual_regression: |true|0|3243|[]|
evo_regression: |false|38|74|[test10(org.jfree.data.statistics.DefaultStatisticalCategoryDataset_ESTest): Index: 0, Size: 0-, test12(org.jfree.data.statistics.DefaultStatisticalCategoryDataset_ESTest): Index: 0, Size: 0-, test56(org.jfree.data.statistics.DefaultStatisticalCategoryDataset_ESTest): Index: 0, Size: 0-, test11(org.jfree.data.statistics.DefaultStatisticalCategoryDataset_ESTest): Index: 0, Size: 0-, test55(org.jfree.data.statistics.DefaultStatisticalCategoryDataset_ESTest): null-, test14(org.jfree.data.statistics.DefaultStatisticalCategoryDataset_ESTest): expected:<1> but was:<-1>-, test58(org.jfree.data.statistics.DefaultStatisticalCategoryDataset_ESTest): Index: 0, Size: 0-, test13(org.jfree.data.statistics.DefaultStatisticalCategoryDataset_ESTest): expected:<0> but was:<-1>-, test57(org.jfree.data.statistics.DefaultStatisticalCategoryDataset_ESTest): Index: 0, Size: 0-, test15(org.jfree.data.statistics.DefaultStatisticalCategoryDataset_ESTest): expected:<1> but was:<0>-, test59(org.jfree.data.statistics.DefaultStatisticalCategoryDataset_ESTest): null-, ...and 28 failures more, test41(org.jfree.data.statistics.DefaultStatisticalCategoryDataset_ESTest): Expecting exception: NullPointerException-, ...and 28 failures more, test07(org.jfree.data.statistics.DefaultStatisticalCategoryDataset_ESTest): null-, ...and 28 failures more, test06(org.jfree.data.statistics.DefaultStatisticalCategoryDataset_ESTest): Index: 0, Size: 0-, ...and 28 failures more, test09(org.jfree.data.statistics.DefaultStatisticalCategoryDataset_ESTest): Index: 0, Size: 0-, ...and 28 failures more, test08(org.jfree.data.statistics.DefaultStatisticalCategoryDataset_ESTest): null-, ...and 28 failures more, test01(org.jfree.data.statistics.DefaultStatisticalCategoryDataset_ESTest): null-, ...and 28 failures more, test45(org.jfree.data.statistics.DefaultStatisticalCategoryDataset_ESTest): Index: 0, Size: 0-, ...and 28 failures more, test03(org.jfree.data.statistics.DefaultStatisticalCategoryDataset_ESTest): null-, ...and 28 failures more, test02(org.jfree.data.statistics.DefaultStatisticalCategoryDataset_ESTest): null-, ...and 28 failures more, test46(org.jfree.data.statistics.DefaultStatisticalCategoryDataset_ESTest): null-, ...and 28 failures more, test05(org.jfree.data.statistics.DefaultStatisticalCategoryDataset_ESTest): Index: 0, Size: 0-, ...and 28 failures more, test04(org.jfree.data.statistics.DefaultStatisticalCategoryDataset_ESTest): Index: 0, Size: 0-, ...and 28 failures more, test30(org.jfree.data.statistics.DefaultStatisticalCategoryDataset_ESTest): Expecting exception: NullPointerException-, ...and 28 failures more, test32(org.jfree.data.statistics.DefaultStatisticalCategoryDataset_ESTest): Expecting exception: NullPointerException-, ...and 28 failures more, test33(org.jfree.data.statistics.DefaultStatisticalCategoryDataset_ESTest): Index: 0, Size: 0-, ...and 28 failures more, test37(org.jfree.data.statistics.DefaultStatisticalCategoryDataset_ESTest): Expecting exception: NullPointerException-, ...and 28 failures more, test60(org.jfree.data.statistics.DefaultStatisticalCategoryDataset_ESTest): Index: 0, Size: 0-, ...and 28 failures more, test62(org.jfree.data.statistics.DefaultStatisticalCategoryDataset_ESTest): Index: 1, Size: 0-, ...and 28 failures more, test29(org.jfree.data.statistics.DefaultStatisticalCategoryDataset_ESTest): expected:<1> but was:<0>-, ...and 28 failures more, test28(org.jfree.data.statistics.DefaultStatisticalCategoryDataset_ESTest): expected:<1> but was:<-1>-, ...and 28 failures more, test21(org.jfree.data.statistics.DefaultStatisticalCategoryDataset_ESTest): null-, ...and 28 failures more, test23(org.jfree.data.statistics.DefaultStatisticalCategoryDataset_ESTest): Index: 0, Size: 0-, ...and 28 failures more, test22(org.jfree.data.statistics.DefaultStatisticalCategoryDataset_ESTest): null-, ...and 28 failures more, test25(org.jfree.data.statistics.DefaultStatisticalCategoryDataset_ESTest): Index: 0, Size: 0-, ...and 28 failures more, test24(org.jfree.data.statistics.DefaultStatisticalCategoryDataset_ESTest): Index: 0, Size: 0-, ...and 28 failures more, test27(org.jfree.data.statistics.DefaultStatisticalCategoryDataset_ESTest): expected:<0> but was:<-1>-, ...and 28 failures more, test26(org.jfree.data.statistics.DefaultStatisticalCategoryDataset_ESTest): Index: 0, Size: 0-, ...and 28 failures more]|
 ----
ProgramVariant 634
 
time(sec)= 5845
operation: ReplaceOp
location= org.jfree.chart.plot.CategoryPlot
line= 2673
lineSuspiciousness= 0.378
original statement= foundData = (render(g2, dataArea, i, state)) || foundData
fixed statement= org.jfree.chart.plot.CategoryPlot.this.datasetToRangeAxisMap = new org.jfree.chart.util.ObjectList()
generation= 317
ingredientScope= LOCAL
validation=
failing: |true|0|36|[]|
manual_regression: |true|0|3243|[]|
evo_regression: |true|0|231|[]|
 ----
ProgramVariant 762
 
time(sec)= 6367
operation: RemoveOp
location= org.jfree.data.general.DatasetUtilities
line= 574
lineSuspiciousness= 0.4
original statement= for (int r = 0 ; r < rowCount ; r++) {
	for (int c = 0 ; c < columnCount ; c++) {
		if ((dataset.getValue(r, c)) != null) {
			return false;
		} 
	}
}
fixed statement= 
generation= 381
ingredientScope= -
validation=
failing: |true|0|36|[]|
manual_regression: |true|0|3243|[]|
evo_regression: |false|1|164|[test137(org.jfree.data.general.DatasetUtilities_ESTest): null-]|
 ----
ProgramVariant 838
 
time(sec)= 6759
operation: ReplaceOp
location= org.jfree.chart.plot.CategoryPlot
line= 2868
lineSuspiciousness= 0.426
original statement= renderer.drawItem(g2, state, dataArea, org.jfree.chart.plot.CategoryPlot.this, domainAxis, rangeAxis, currentDataset, row, column, pass)
fixed statement= org.jfree.chart.plot.CategoryPlot.this.axisOffset.trim(dataArea)
generation= 419
ingredientScope= LOCAL
validation=
failing: |true|0|36|[]|
manual_regression: |true|0|3243|[]|
evo_regression: |true|0|231|[]|
[INFO ] fr.inria.main.evolution.AstorMain.run(AstorMain.java:397) - Time Total(s): 9082.637


Node: graphene-107.nancy.grid5000.fr


Date: Sat Jan 28 02:20:44 CET 2017

removed classes 

zipped 

copied zip 


