seed AstorRun 27 
export PATH="/home/mmartinez/defects4j/framework/bin:$PATH";export JAVA_TOOL_OPTIONS=-Dfile.encoding=UTF8;export PATH="/usr/lib/jvm/java-1.7.0-openjdk-amd64/bin/:$PATH";cd /home/mmartinez/projects/math/math_78;defects4j compile;cp -r /home/mmartinez/projects/math/math_78 /tmp/math_78_Genprog_local_s1;cd /tmp/math_78_Genprog_local_s1;mkdir lib/;cp -r /home/mmartinez/defects4j/framework/projects/lib/* lib/;cp -r /home/mmartinez/defects4j/framework/projects/Math/lib/* lib/;find . -type f -name "package-info.java" -delete;
/home/mmartinez/defects4j-repair/src/python/core/../../../results/2016-june/Math/seed/27/package/78/Genprog/result
cd /tmp/math_78_Genprog_local_s1;export JAVA_TOOL_OPTIONS=-Dfile.encoding=UTF8;TZ="America/New_York"; export TZexport PATH="/usr/lib/jvm/java-1.7.0-openjdk-amd64/bin/:$PATH";time /home/mmartinez/jdk1.8.0_45/bin//java -Xmx4096m -cp /home/mmartinez/defects4j-repair/src/python/core/../../..//libs/astor.jar fr.inria.main.evolution.MainjGenProg -mode statement -location . -id Math -dependencies lib/ -failing org.apache.commons.math.ode.events.EventStateTest: -package org.apache.commons -jvm4testexecution /usr/lib/jvm/java-1.7.0-openjdk-amd64/bin/ -jvm4evosuitetestexecution /home/mmartinez/jdk1.8.0_45/bin/ -javacompliancelevel 5 -maxgen 1000000 -seed 27 -scope package -maxtime 120  -stopfirst false -population 1 -srcjavafolder src/main/java/ -srctestfolder src/test/java/ -binjavafolder target/classes/ -bintestfolder target/test-classes/ -flthreshold 0.1  -validation  fr.inria.astor.core.validation.validators.RegressionValidation  -ESParameters -Dassertion_timeout=1800:-Dminimization_timeout=1800:-Djunit_check_timeout=1800:-Dwrite_junit_timeout=300:-Dinitialization_timeout=300:-Dglobal_timeout=18000:-Dsearch_budget=100000:-Dstopping_condition=MaxStatements:-Dno_runtime_dependency=true:-Dsandbox=false:-Dp_reflection_on_private=0.0:-Dreflection_start_percent=1.0:-Dp_functional_mocking=0.0:-Dfunctional_mocking_percent=1.0:-mem=2000 -testbystep  -ignoredtestcases org.apache.commons.lang.LocaleUtilsTest  -excludeRegression  -maxgen 100000000 ;echo "

Node: `hostname`
";echo "
Date: `date`
"; find /tmp/math_78_Genprog_local_s1/outputMutation -name "*.class" -type f -delete;echo "removed classes 
"; find . -name bin  -type d -print0|xargs -0 rm -r --; zip -r -q out.zip /tmp/math_78_Genprog_local_s1/outputMutation; echo "zipped 
";cp out.zip /home/mmartinez/defects4j-repair/src/python/core/../../../results/2016-june/Math/seed/27/package/78/Genprog; echo "copied zip 
";rm -rf /tmp/math_78_Genprog_local_s1;

[DEBUG] fr.inria.astor.core.loop.AstorCoreEngine.showResults(AstorCoreEngine.java:136) - End Repair Loops: Found solution
[DEBUG] fr.inria.astor.core.loop.AstorCoreEngine.showResults(AstorCoreEngine.java:137) - Solution stored at: /tmp/math_78_Genprog_local_s1/./outputMutation/AstorMain-Math//src/
[DEBUG] fr.inria.astor.core.loop.AstorCoreEngine.showResults(AstorCoreEngine.java:142) - 
Number solutions:46
[DEBUG] fr.inria.astor.core.loop.AstorCoreEngine.showResults(AstorCoreEngine.java:144) - f (sol): 6.0, [Variant id: 154 (SOL) , #gens: 62, #ops: 1, parent:153]
[DEBUG] fr.inria.astor.core.loop.AstorCoreEngine.showResults(AstorCoreEngine.java:144) - f (sol): 12.0, [Variant id: 230 (SOL) , #gens: 63, #ops: 1, parent:229]
[DEBUG] fr.inria.astor.core.loop.AstorCoreEngine.showResults(AstorCoreEngine.java:144) - f (sol): 6.0, [Variant id: 342 (SOL) , #gens: 62, #ops: 1, parent:341]
[DEBUG] fr.inria.astor.core.loop.AstorCoreEngine.showResults(AstorCoreEngine.java:144) - f (sol): 6.0, [Variant id: 464 (SOL) , #gens: 62, #ops: 1, parent:463]
[DEBUG] fr.inria.astor.core.loop.AstorCoreEngine.showResults(AstorCoreEngine.java:144) - f (sol): 0.0, [Variant id: 478 (SOL) , #gens: 64, #ops: 1, parent:477]
[DEBUG] fr.inria.astor.core.loop.AstorCoreEngine.showResults(AstorCoreEngine.java:144) - f (sol): 7.0, [Variant id: 646 (SOL) , #gens: 62, #ops: 1, parent:645]
[DEBUG] fr.inria.astor.core.loop.AstorCoreEngine.showResults(AstorCoreEngine.java:144) - f (sol): 9.0, [Variant id: 696 (SOL) , #gens: 62, #ops: 1, parent:695]
[DEBUG] fr.inria.astor.core.loop.AstorCoreEngine.showResults(AstorCoreEngine.java:144) - f (sol): 6.0, [Variant id: 892 (SOL) , #gens: 62, #ops: 1, parent:891]
[DEBUG] fr.inria.astor.core.loop.AstorCoreEngine.showResults(AstorCoreEngine.java:144) - f (sol): 5.0, [Variant id: 934 (SOL) , #gens: 64, #ops: 1, parent:933]
[DEBUG] fr.inria.astor.core.loop.AstorCoreEngine.showResults(AstorCoreEngine.java:144) - f (sol): 8.0, [Variant id: 940 (SOL) , #gens: 63, #ops: 1, parent:939]
[DEBUG] fr.inria.astor.core.loop.AstorCoreEngine.showResults(AstorCoreEngine.java:144) - f (sol): 7.0, [Variant id: 952 (SOL) , #gens: 62, #ops: 1, parent:951]
[DEBUG] fr.inria.astor.core.loop.AstorCoreEngine.showResults(AstorCoreEngine.java:144) - f (sol): 6.0, [Variant id: 1008 (SOL) , #gens: 62, #ops: 1, parent:1007]
[DEBUG] fr.inria.astor.core.loop.AstorCoreEngine.showResults(AstorCoreEngine.java:144) - f (sol): 6.0, [Variant id: 1184 (SOL) , #gens: 63, #ops: 1, parent:1183]
[DEBUG] fr.inria.astor.core.loop.AstorCoreEngine.showResults(AstorCoreEngine.java:144) - f (sol): 9.0, [Variant id: 1208 (SOL) , #gens: 62, #ops: 1, parent:1207]
[DEBUG] fr.inria.astor.core.loop.AstorCoreEngine.showResults(AstorCoreEngine.java:144) - f (sol): 44.0, [Variant id: 1406 (SOL) , #gens: 62, #ops: 1, parent:1405]
[DEBUG] fr.inria.astor.core.loop.AstorCoreEngine.showResults(AstorCoreEngine.java:144) - f (sol): 6.0, [Variant id: 1446 (SOL) , #gens: 63, #ops: 1, parent:1445]
[DEBUG] fr.inria.astor.core.loop.AstorCoreEngine.showResults(AstorCoreEngine.java:144) - f (sol): 9.0, [Variant id: 1570 (SOL) , #gens: 62, #ops: 1, parent:1569]
[DEBUG] fr.inria.astor.core.loop.AstorCoreEngine.showResults(AstorCoreEngine.java:144) - f (sol): 12.0, [Variant id: 1574 (SOL) , #gens: 62, #ops: 1, parent:1573]
[DEBUG] fr.inria.astor.core.loop.AstorCoreEngine.showResults(AstorCoreEngine.java:144) - f (sol): 19.0, [Variant id: 1678 (SOL) , #gens: 63, #ops: 1, parent:1677]
[DEBUG] fr.inria.astor.core.loop.AstorCoreEngine.showResults(AstorCoreEngine.java:144) - f (sol): 6.0, [Variant id: 1684 (SOL) , #gens: 62, #ops: 1, parent:1683]
[DEBUG] fr.inria.astor.core.loop.AstorCoreEngine.showResults(AstorCoreEngine.java:144) - f (sol): 9.0, [Variant id: 1724 (SOL) , #gens: 62, #ops: 1, parent:1723]
[DEBUG] fr.inria.astor.core.loop.AstorCoreEngine.showResults(AstorCoreEngine.java:144) - f (sol): 9.0, [Variant id: 1770 (SOL) , #gens: 63, #ops: 1, parent:1769]
[DEBUG] fr.inria.astor.core.loop.AstorCoreEngine.showResults(AstorCoreEngine.java:144) - f (sol): 9.0, [Variant id: 1828 (SOL) , #gens: 63, #ops: 1, parent:1827]
[DEBUG] fr.inria.astor.core.loop.AstorCoreEngine.showResults(AstorCoreEngine.java:144) - f (sol): 6.0, [Variant id: 1838 (SOL) , #gens: 62, #ops: 1, parent:1837]
[DEBUG] fr.inria.astor.core.loop.AstorCoreEngine.showResults(AstorCoreEngine.java:144) - f (sol): 6.0, [Variant id: 1852 (SOL) , #gens: 62, #ops: 1, parent:1851]
[DEBUG] fr.inria.astor.core.loop.AstorCoreEngine.showResults(AstorCoreEngine.java:144) - f (sol): 10.0, [Variant id: 1858 (SOL) , #gens: 63, #ops: 1, parent:1857]
[DEBUG] fr.inria.astor.core.loop.AstorCoreEngine.showResults(AstorCoreEngine.java:144) - f (sol): 6.0, [Variant id: 1994 (SOL) , #gens: 62, #ops: 1, parent:1993]
[DEBUG] fr.inria.astor.core.loop.AstorCoreEngine.showResults(AstorCoreEngine.java:144) - f (sol): 44.0, [Variant id: 2056 (SOL) , #gens: 62, #ops: 1, parent:2055]
[DEBUG] fr.inria.astor.core.loop.AstorCoreEngine.showResults(AstorCoreEngine.java:144) - f (sol): 6.0, [Variant id: 2068 (SOL) , #gens: 62, #ops: 1, parent:2067]
[DEBUG] fr.inria.astor.core.loop.AstorCoreEngine.showResults(AstorCoreEngine.java:144) - f (sol): 6.0, [Variant id: 2112 (SOL) , #gens: 62, #ops: 1, parent:2111]
[DEBUG] fr.inria.astor.core.loop.AstorCoreEngine.showResults(AstorCoreEngine.java:144) - f (sol): 44.0, [Variant id: 2162 (SOL) , #gens: 62, #ops: 1, parent:2161]
[DEBUG] fr.inria.astor.core.loop.AstorCoreEngine.showResults(AstorCoreEngine.java:144) - f (sol): 6.0, [Variant id: 2188 (SOL) , #gens: 63, #ops: 1, parent:2187]
[DEBUG] fr.inria.astor.core.loop.AstorCoreEngine.showResults(AstorCoreEngine.java:144) - f (sol): 12.0, [Variant id: 2268 (SOL) , #gens: 62, #ops: 1, parent:2267]
[DEBUG] fr.inria.astor.core.loop.AstorCoreEngine.showResults(AstorCoreEngine.java:144) - f (sol): 9.0, [Variant id: 2270 (SOL) , #gens: 63, #ops: 1, parent:2269]
[DEBUG] fr.inria.astor.core.loop.AstorCoreEngine.showResults(AstorCoreEngine.java:144) - f (sol): 6.0, [Variant id: 2272 (SOL) , #gens: 62, #ops: 1, parent:2271]
[DEBUG] fr.inria.astor.core.loop.AstorCoreEngine.showResults(AstorCoreEngine.java:144) - f (sol): 7.0, [Variant id: 2282 (SOL) , #gens: 62, #ops: 1, parent:2281]
[DEBUG] fr.inria.astor.core.loop.AstorCoreEngine.showResults(AstorCoreEngine.java:144) - f (sol): 12.0, [Variant id: 2290 (SOL) , #gens: 62, #ops: 1, parent:2289]
[DEBUG] fr.inria.astor.core.loop.AstorCoreEngine.showResults(AstorCoreEngine.java:144) - f (sol): 6.0, [Variant id: 2568 (SOL) , #gens: 62, #ops: 1, parent:2567]
[DEBUG] fr.inria.astor.core.loop.AstorCoreEngine.showResults(AstorCoreEngine.java:144) - f (sol): 5.0, [Variant id: 2606 (SOL) , #gens: 64, #ops: 1, parent:2605]
[DEBUG] fr.inria.astor.core.loop.AstorCoreEngine.showResults(AstorCoreEngine.java:144) - f (sol): 6.0, [Variant id: 2778 (SOL) , #gens: 62, #ops: 1, parent:2777]
[DEBUG] fr.inria.astor.core.loop.AstorCoreEngine.showResults(AstorCoreEngine.java:144) - f (sol): 12.0, [Variant id: 2890 (SOL) , #gens: 63, #ops: 1, parent:2889]
[DEBUG] fr.inria.astor.core.loop.AstorCoreEngine.showResults(AstorCoreEngine.java:144) - f (sol): 44.0, [Variant id: 2906 (SOL) , #gens: 62, #ops: 1, parent:2905]
[DEBUG] fr.inria.astor.core.loop.AstorCoreEngine.showResults(AstorCoreEngine.java:144) - f (sol): 6.0, [Variant id: 3050 (SOL) , #gens: 63, #ops: 1, parent:3049]
[DEBUG] fr.inria.astor.core.loop.AstorCoreEngine.showResults(AstorCoreEngine.java:144) - f (sol): 44.0, [Variant id: 3068 (SOL) , #gens: 62, #ops: 1, parent:3067]
[DEBUG] fr.inria.astor.core.loop.AstorCoreEngine.showResults(AstorCoreEngine.java:144) - f (sol): 9.0, [Variant id: 3192 (SOL) , #gens: 62, #ops: 1, parent:3191]
[DEBUG] fr.inria.astor.core.loop.AstorCoreEngine.showResults(AstorCoreEngine.java:144) - f (sol): 6.0, [Variant id: 3270 (SOL) , #gens: 63, #ops: 1, parent:3269]
[DEBUG] fr.inria.astor.core.loop.AstorCoreEngine.showResults(AstorCoreEngine.java:146) - 
All variants:
[DEBUG] fr.inria.astor.core.loop.AstorCoreEngine.showResults(AstorCoreEngine.java:148) - f 1.0, [Variant id: 3271, #gens: 63, #ops: 0, parent:-]
[INFO ] fr.inria.astor.core.loop.AstorCoreEngine.showResults(AstorCoreEngine.java:152) - 
Solution details
[INFO ] fr.inria.astor.core.loop.AstorCoreEngine.showResults(AstorCoreEngine.java:153) - 
 --SOLUTIONS DESCRIPTION--

 ----
ProgramVariant 154
 
time(sec)= 380
operation: RemoveOp
location= org.apache.commons.math.analysis.solvers.BrentSolver
line= 282
lineSuspiciousness= 0.302
original statement= delta = 0.5 * dx
fixed statement= 
generation= 77
ingredientScope= -
validation=
failing: |true|0|1|[]|
manual_regression: |false|3|2106|[testQuinticZero(org.apache.commons.math.analysis.solvers.BrentSolverTest): null-, testCumulative(org.apache.commons.math.distribution.BetaDistributionTest): Maximal number of iterations (100) exceeded-, testIllConditioned(org.apache.commons.math.optimization.general.NonLinearConjugateGradientOptimizerTest): -]|
evo_regression: |false|3|32|[test08(org.apache.commons.math.analysis.solvers.BrentSolver_ESTest): expected:<14> but was:<20>-, test21(org.apache.commons.math.analysis.solvers.BrentSolver_ESTest): expected:<15> but was:<16>-, test00(org.apache.commons.math.analysis.solvers.BrentSolver_ESTest): expected:<23> but was:<46>-]|
 ----
ProgramVariant 230
 
time(sec)= 587
operation: ReplaceOp
location= org.apache.commons.math.ConvergingAlgorithmImpl
line= 78
lineSuspiciousness= 0.103
original statement= absoluteAccuracy = accuracy
fixed statement= org.apache.commons.math.ConvergingAlgorithmImpl.this.maximalIterationCount = defaultMaximalIterationCount
generation= 115
ingredientScope= LOCAL
validation=
failing: |true|0|1|[]|
manual_regression: |false|10|2106|[testSmallStep(org.apache.commons.math.ode.FirstOrderConverterTest): null-, testDecreasingSteps(org.apache.commons.math.ode.nonstiff.ClassicalRungeKuttaIntegratorTest): null-, testUnstableDerivative(org.apache.commons.math.ode.nonstiff.DormandPrince853IntegratorTest): expected:<8.0> but was:<0.0>-, testEvents(org.apache.commons.math.ode.nonstiff.DormandPrince853IntegratorTest): null-, testDecreasingSteps(org.apache.commons.math.ode.nonstiff.GillIntegratorTest): null-, testUnstableDerivative(org.apache.commons.math.ode.nonstiff.GillIntegratorTest): expected:<8.0> but was:<7.700000249999773>-, testUnstableDerivative(org.apache.commons.math.ode.nonstiff.GraggBulirschStoerIntegratorTest): expected:<8.0> but was:<6.877740483045859>-, testDecreasingSteps(org.apache.commons.math.ode.nonstiff.MidpointIntegratorTest): null-, testDecreasingSteps(org.apache.commons.math.ode.nonstiff.ThreeEighthesIntegratorTest): null-, testQuinticMin(org.apache.commons.math.optimization.MultiStartUnivariateRealOptimizerTest): expected:<-0.27195612846834> but was:<-0.27195612961245835>-]|
evo_regression: |false|2|20|[test02(org.apache.commons.math.ConvergingAlgorithmImpl_ESTest): expected:<-1977.68> but was:<1.0E-15>-, test12(org.apache.commons.math.ConvergingAlgorithmImpl_ESTest): expected:<-61.07204788> but was:<1.0E-6>-]|
 ----
ProgramVariant 342
 
time(sec)= 770
operation: RemoveOp
location= org.apache.commons.math.analysis.solvers.BrentSolver
line= 282
lineSuspiciousness= 0.302
original statement= delta = 0.5 * dx
fixed statement= 
generation= 171
ingredientScope= -
validation=
failing: |true|0|1|[]|
manual_regression: |false|3|2106|[testQuinticZero(org.apache.commons.math.analysis.solvers.BrentSolverTest): null-, testCumulative(org.apache.commons.math.distribution.BetaDistributionTest): Maximal number of iterations (100) exceeded-, testIllConditioned(org.apache.commons.math.optimization.general.NonLinearConjugateGradientOptimizerTest): -]|
evo_regression: |false|3|32|[test08(org.apache.commons.math.analysis.solvers.BrentSolver_ESTest): expected:<14> but was:<20>-, test21(org.apache.commons.math.analysis.solvers.BrentSolver_ESTest): expected:<15> but was:<16>-, test00(org.apache.commons.math.analysis.solvers.BrentSolver_ESTest): expected:<23> but was:<46>-]|
 ----
ProgramVariant 464
 
time(sec)= 941
operation: RemoveOp
location= org.apache.commons.math.analysis.solvers.BrentSolver
line= 282
lineSuspiciousness= 0.302
original statement= delta = 0.5 * dx
fixed statement= 
generation= 232
ingredientScope= -
validation=
failing: |true|0|1|[]|
manual_regression: |false|3|2106|[testQuinticZero(org.apache.commons.math.analysis.solvers.BrentSolverTest): null-, testCumulative(org.apache.commons.math.distribution.BetaDistributionTest): Maximal number of iterations (100) exceeded-, testIllConditioned(org.apache.commons.math.optimization.general.NonLinearConjugateGradientOptimizerTest): -]|
evo_regression: |false|3|32|[test08(org.apache.commons.math.analysis.solvers.BrentSolver_ESTest): expected:<14> but was:<20>-, test21(org.apache.commons.math.analysis.solvers.BrentSolver_ESTest): expected:<15> but was:<16>-, test00(org.apache.commons.math.analysis.solvers.BrentSolver_ESTest): expected:<23> but was:<46>-]|
 ----
ProgramVariant 478
 
time(sec)= 1107
operation: InsertBeforeOp
location= org.apache.commons.math.ode.events.EventState
line= 172
lineSuspiciousness= 0.107
original statement= forward = interpolator.isForward()
fixed statement= final double t0 = interpolator.getPreviousTime()
generation= 239
ingredientScope= PACKAGE
validation=
failing: |true|0|1|[]|
manual_regression: |true|0|2106|[]|
evo_regression: |true|0|21|[]|
 ----
ProgramVariant 646
 
time(sec)= 1299
operation: RemoveOp
location= org.apache.commons.math.analysis.solvers.BrentSolver
line= 282
lineSuspiciousness= 0.302
original statement= delta = 0.5 * dx
fixed statement= 
generation= 323
ingredientScope= -
validation=
failing: |true|0|1|[]|
manual_regression: |false|4|2106|[testQuinticZero(org.apache.commons.math.analysis.solvers.BrentSolverTest): null-, testCumulative(org.apache.commons.math.distribution.BetaDistributionTest): Maximal number of iterations (100) exceeded-, testIllConditioned(org.apache.commons.math.optimization.general.NonLinearConjugateGradientOptimizerTest): -, testNextPoissonConsistency(org.apache.commons.math.random.AbstractRandomGeneratorTest): Chisquare test failed for mean = 87.0 p-value = 8.788455916597382E-4 chisquare statistic = 34.894498836601436.]|
evo_regression: |false|3|32|[test08(org.apache.commons.math.analysis.solvers.BrentSolver_ESTest): expected:<14> but was:<20>-, test21(org.apache.commons.math.analysis.solvers.BrentSolver_ESTest): expected:<15> but was:<16>-, test00(org.apache.commons.math.analysis.solvers.BrentSolver_ESTest): expected:<23> but was:<46>-]|
 ----
ProgramVariant 696
 
time(sec)= 1449
operation: RemoveOp
location= org.apache.commons.math.ode.events.EventState
line= 216
lineSuspiciousness= 0.108
original statement= solver.setAbsoluteAccuracy(convergence)
fixed statement= 
generation= 348
ingredientScope= -
validation=
failing: |true|0|1|[]|
manual_regression: |false|9|2106|[testSmallStep(org.apache.commons.math.ode.FirstOrderConverterTest): null-, testDecreasingSteps(org.apache.commons.math.ode.nonstiff.ClassicalRungeKuttaIntegratorTest): null-, testUnstableDerivative(org.apache.commons.math.ode.nonstiff.DormandPrince853IntegratorTest): expected:<8.0> but was:<0.0>-, testEvents(org.apache.commons.math.ode.nonstiff.DormandPrince853IntegratorTest): null-, testDecreasingSteps(org.apache.commons.math.ode.nonstiff.GillIntegratorTest): null-, testUnstableDerivative(org.apache.commons.math.ode.nonstiff.GillIntegratorTest): expected:<8.0> but was:<7.700000249999773>-, testUnstableDerivative(org.apache.commons.math.ode.nonstiff.GraggBulirschStoerIntegratorTest): expected:<8.0> but was:<6.877740483045859>-, testDecreasingSteps(org.apache.commons.math.ode.nonstiff.MidpointIntegratorTest): null-, testDecreasingSteps(org.apache.commons.math.ode.nonstiff.ThreeEighthesIntegratorTest): null-]|
evo_regression: |true|0|21|[]|
 ----
ProgramVariant 892
 
time(sec)= 1686
operation: RemoveOp
location= org.apache.commons.math.analysis.solvers.BrentSolver
line= 282
lineSuspiciousness= 0.302
original statement= delta = 0.5 * dx
fixed statement= 
generation= 446
ingredientScope= -
validation=
failing: |true|0|1|[]|
manual_regression: |false|3|2106|[testQuinticZero(org.apache.commons.math.analysis.solvers.BrentSolverTest): null-, testCumulative(org.apache.commons.math.distribution.BetaDistributionTest): Maximal number of iterations (100) exceeded-, testIllConditioned(org.apache.commons.math.optimization.general.NonLinearConjugateGradientOptimizerTest): -]|
evo_regression: |false|3|32|[test08(org.apache.commons.math.analysis.solvers.BrentSolver_ESTest): expected:<14> but was:<20>-, test21(org.apache.commons.math.analysis.solvers.BrentSolver_ESTest): expected:<15> but was:<16>-, test00(org.apache.commons.math.analysis.solvers.BrentSolver_ESTest): expected:<23> but was:<46>-]|
 ----
ProgramVariant 934
 
time(sec)= 1842
operation: InsertAfterOp
location= org.apache.commons.math.analysis.solvers.BrentSolver
line= 282
lineSuspiciousness= 0.302
original statement= delta = 0.5 * dx
fixed statement= delta = (x0 - x1) / (1 - (y0 / y1))
generation= 467
ingredientScope= PACKAGE
validation=
failing: |true|0|1|[]|
manual_regression: |false|2|2106|[testQuinticZero(org.apache.commons.math.analysis.solvers.BrentSolverTest): expected:<1.000000001346709> but was:<0.5>-, testCumulative(org.apache.commons.math.distribution.BetaDistributionTest): Maximal number of iterations (100) exceeded-]|
evo_regression: |false|3|32|[test08(org.apache.commons.math.analysis.solvers.BrentSolver_ESTest): Maximal number of iterations (100) exceeded-, test21(org.apache.commons.math.analysis.solvers.BrentSolver_ESTest): expected:<15> but was:<16>-, test00(org.apache.commons.math.analysis.solvers.BrentSolver_ESTest): expected:<23> but was:<54>-]|
 ----
ProgramVariant 940
 
time(sec)= 1969
operation: ReplaceOp
location= org.apache.commons.math.analysis.solvers.BrentSolver
line= 282
lineSuspiciousness= 0.302
original statement= delta = 0.5 * dx
fixed statement= y2 = y0
generation= 470
ingredientScope= LOCAL
validation=
failing: |true|0|1|[]|
manual_regression: |false|5|2106|[testQuinticZero(org.apache.commons.math.analysis.solvers.BrentSolverTest): Maximal number of iterations (100) exceeded-, testCumulative(org.apache.commons.math.distribution.BetaDistributionTest): expected:<0.1> but was:<0.0>-, testLargeDegreesOfFreedom(org.apache.commons.math.distribution.FDistributionTest): Maximal number of iterations (100) exceeded-, testCircleFitting(org.apache.commons.math.optimization.MultiStartDifferentiableMultivariateRealOptimizerTest): expected:<69.960161753> but was:<53.54677796547228>-, testIllConditioned(org.apache.commons.math.optimization.general.NonLinearConjugateGradientOptimizerTest): -]|
evo_regression: |false|3|32|[test08(org.apache.commons.math.analysis.solvers.BrentSolver_ESTest): expected:<14> but was:<5>-, test21(org.apache.commons.math.analysis.solvers.BrentSolver_ESTest): expected:<15> but was:<11>-, test00(org.apache.commons.math.analysis.solvers.BrentSolver_ESTest): expected:<23> but was:<29>-]|
 ----
ProgramVariant 952
 
time(sec)= 2099
operation: RemoveOp
location= org.apache.commons.math.analysis.solvers.BrentSolver
line= 282
lineSuspiciousness= 0.302
original statement= delta = 0.5 * dx
fixed statement= 
generation= 476
ingredientScope= -
validation=
failing: |true|0|1|[]|
manual_regression: |false|4|2106|[testQuinticZero(org.apache.commons.math.analysis.solvers.BrentSolverTest): null-, testCumulative(org.apache.commons.math.distribution.BetaDistributionTest): Maximal number of iterations (100) exceeded-, testIllConditioned(org.apache.commons.math.optimization.general.NonLinearConjugateGradientOptimizerTest): -, testNextPoissonConsistency(org.apache.commons.math.random.AbstractRandomGeneratorTest): Chisquare test failed for mean = 53.0 p-value = 3.8767466982725374E-5 chisquare statistic = 37.946932665720155.]|
evo_regression: |false|3|32|[test08(org.apache.commons.math.analysis.solvers.BrentSolver_ESTest): expected:<14> but was:<20>-, test21(org.apache.commons.math.analysis.solvers.BrentSolver_ESTest): expected:<15> but was:<16>-, test00(org.apache.commons.math.analysis.solvers.BrentSolver_ESTest): expected:<23> but was:<46>-]|
 ----
ProgramVariant 1008
 
time(sec)= 2238
operation: RemoveOp
location= org.apache.commons.math.analysis.solvers.BrentSolver
line= 282
lineSuspiciousness= 0.302
original statement= delta = 0.5 * dx
fixed statement= 
generation= 504
ingredientScope= -
validation=
failing: |true|0|1|[]|
manual_regression: |false|3|2106|[testQuinticZero(org.apache.commons.math.analysis.solvers.BrentSolverTest): null-, testCumulative(org.apache.commons.math.distribution.BetaDistributionTest): Maximal number of iterations (100) exceeded-, testIllConditioned(org.apache.commons.math.optimization.general.NonLinearConjugateGradientOptimizerTest): -]|
evo_regression: |false|3|32|[test08(org.apache.commons.math.analysis.solvers.BrentSolver_ESTest): expected:<14> but was:<20>-, test21(org.apache.commons.math.analysis.solvers.BrentSolver_ESTest): expected:<15> but was:<16>-, test00(org.apache.commons.math.analysis.solvers.BrentSolver_ESTest): expected:<23> but was:<46>-]|
 ----
ProgramVariant 1184
 
time(sec)= 2434
operation: ReplaceOp
location= org.apache.commons.math.analysis.solvers.BrentSolver
line= 282
lineSuspiciousness= 0.302
original statement= delta = 0.5 * dx
fixed statement= p1 = 1.0 - r3
generation= 592
ingredientScope= LOCAL
validation=
failing: |true|0|1|[]|
manual_regression: |false|3|2106|[testQuinticZero(org.apache.commons.math.analysis.solvers.BrentSolverTest): null-, testCumulative(org.apache.commons.math.distribution.BetaDistributionTest): Maximal number of iterations (100) exceeded-, testIllConditioned(org.apache.commons.math.optimization.general.NonLinearConjugateGradientOptimizerTest): -]|
evo_regression: |false|3|32|[test08(org.apache.commons.math.analysis.solvers.BrentSolver_ESTest): expected:<14> but was:<20>-, test21(org.apache.commons.math.analysis.solvers.BrentSolver_ESTest): expected:<15> but was:<16>-, test00(org.apache.commons.math.analysis.solvers.BrentSolver_ESTest): expected:<23> but was:<46>-]|
 ----
ProgramVariant 1208
 
time(sec)= 2567
operation: RemoveOp
location= org.apache.commons.math.ode.events.EventState
line= 216
lineSuspiciousness= 0.108
original statement= solver.setAbsoluteAccuracy(convergence)
fixed statement= 
generation= 604
ingredientScope= -
validation=
failing: |true|0|1|[]|
manual_regression: |false|9|2106|[testSmallStep(org.apache.commons.math.ode.FirstOrderConverterTest): null-, testDecreasingSteps(org.apache.commons.math.ode.nonstiff.ClassicalRungeKuttaIntegratorTest): null-, testUnstableDerivative(org.apache.commons.math.ode.nonstiff.DormandPrince853IntegratorTest): expected:<8.0> but was:<0.0>-, testEvents(org.apache.commons.math.ode.nonstiff.DormandPrince853IntegratorTest): null-, testDecreasingSteps(org.apache.commons.math.ode.nonstiff.GillIntegratorTest): null-, testUnstableDerivative(org.apache.commons.math.ode.nonstiff.GillIntegratorTest): expected:<8.0> but was:<7.700000249999773>-, testUnstableDerivative(org.apache.commons.math.ode.nonstiff.GraggBulirschStoerIntegratorTest): expected:<8.0> but was:<6.877740483045859>-, testDecreasingSteps(org.apache.commons.math.ode.nonstiff.MidpointIntegratorTest): null-, testDecreasingSteps(org.apache.commons.math.ode.nonstiff.ThreeEighthesIntegratorTest): null-]|
evo_regression: |true|0|21|[]|
 ----
ProgramVariant 1406
 
time(sec)= 2756
operation: RemoveOp
location= org.apache.commons.math.ode.events.EventState
line= 285
lineSuspiciousness= 0.107
original statement= t0 = t
fixed statement= 
generation= 703
ingredientScope= -
validation=
failing: |true|0|1|[]|
manual_regression: |false|44|2106|[testDecreasingSteps(org.apache.commons.math.ode.nonstiff.ClassicalRungeKuttaIntegratorTest): function values at endpoints do not have different signs.  Endpoints: 0, 5.7, Values: 21.969, 0.544-, testEvents(org.apache.commons.math.ode.nonstiff.DormandPrince54IntegratorTest): function values at endpoints do not have different signs.  Endpoints: 0, 5.165, Values: 18.004, 0.082-, testUnstableDerivative(org.apache.commons.math.ode.nonstiff.DormandPrince853IntegratorTest): function values at endpoints do not have different signs.  Endpoints: 0, 1, Values: -2, -1-, testEvents(org.apache.commons.math.ode.nonstiff.DormandPrince853IntegratorTest): function values at endpoints do not have different signs.  Endpoints: 0, 5.462, Values: 7.188, 0.37-, testDecreasingSteps(org.apache.commons.math.ode.nonstiff.GillIntegratorTest): function values at endpoints do not have different signs.  Endpoints: 0, 5.224, Values: 18.701, 0.138-, testUnstableDerivative(org.apache.commons.math.ode.nonstiff.GillIntegratorTest): function values at endpoints do not have different signs.  Endpoints: 0, 0.767, Values: -2, -1.233-, testUnstableDerivative(org.apache.commons.math.ode.nonstiff.GraggBulirschStoerIntegratorTest): function values at endpoints do not have different signs.  Endpoints: 0, 0.781, Values: -2, -1.219-, testEvents(org.apache.commons.math.ode.nonstiff.GraggBulirschStoerIntegratorTest): function values at endpoints do not have different signs.  Endpoints: 0, 1.942, Values: -5.731, -0-, testEvents(org.apache.commons.math.ode.nonstiff.HighamHall54IntegratorTest): function values at endpoints do not have different signs.  Endpoints: 0, 5.145, Values: 17.108, 0.061-, testDecreasingSteps(org.apache.commons.math.ode.nonstiff.MidpointIntegratorTest): function values at endpoints do not have different signs.  Endpoints: 0, 11.247, Values: 3.1, 0.286-, testDecreasingSteps(org.apache.commons.math.ode.nonstiff.ThreeEighthesIntegratorTest): function values at endpoints do not have different signs.  Endpoints: 0, 5.7, Values: 21.969, 0.544-]|
evo_regression: |true|0|21|[]|
 ----
ProgramVariant 1446
 
time(sec)= 2894
operation: ReplaceOp
location= org.apache.commons.math.analysis.solvers.BrentSolver
line= 282
lineSuspiciousness= 0.302
original statement= delta = 0.5 * dx
fixed statement= oldDelta = delta
generation= 723
ingredientScope= LOCAL
validation=
failing: |true|0|1|[]|
manual_regression: |false|3|2106|[testQuinticZero(org.apache.commons.math.analysis.solvers.BrentSolverTest): null-, testCumulative(org.apache.commons.math.distribution.BetaDistributionTest): Maximal number of iterations (100) exceeded-, testIllConditioned(org.apache.commons.math.optimization.general.NonLinearConjugateGradientOptimizerTest): -]|
evo_regression: |false|3|32|[test08(org.apache.commons.math.analysis.solvers.BrentSolver_ESTest): expected:<14> but was:<20>-, test21(org.apache.commons.math.analysis.solvers.BrentSolver_ESTest): expected:<15> but was:<16>-, test00(org.apache.commons.math.analysis.solvers.BrentSolver_ESTest): expected:<23> but was:<46>-]|
 ----
ProgramVariant 1570
 
time(sec)= 3075
operation: RemoveOp
location= org.apache.commons.math.ode.events.EventState
line= 216
lineSuspiciousness= 0.108
original statement= solver.setAbsoluteAccuracy(convergence)
fixed statement= 
generation= 785
ingredientScope= -
validation=
failing: |true|0|1|[]|
manual_regression: |false|9|2106|[testSmallStep(org.apache.commons.math.ode.FirstOrderConverterTest): null-, testDecreasingSteps(org.apache.commons.math.ode.nonstiff.ClassicalRungeKuttaIntegratorTest): null-, testUnstableDerivative(org.apache.commons.math.ode.nonstiff.DormandPrince853IntegratorTest): expected:<8.0> but was:<0.0>-, testEvents(org.apache.commons.math.ode.nonstiff.DormandPrince853IntegratorTest): null-, testDecreasingSteps(org.apache.commons.math.ode.nonstiff.GillIntegratorTest): null-, testUnstableDerivative(org.apache.commons.math.ode.nonstiff.GillIntegratorTest): expected:<8.0> but was:<7.700000249999773>-, testUnstableDerivative(org.apache.commons.math.ode.nonstiff.GraggBulirschStoerIntegratorTest): expected:<8.0> but was:<6.877740483045859>-, testDecreasingSteps(org.apache.commons.math.ode.nonstiff.MidpointIntegratorTest): null-, testDecreasingSteps(org.apache.commons.math.ode.nonstiff.ThreeEighthesIntegratorTest): null-]|
evo_regression: |true|0|21|[]|
 ----
ProgramVariant 1574
 
time(sec)= 3203
operation: RemoveOp
location= org.apache.commons.math.ConvergingAlgorithmImpl
line= 78
lineSuspiciousness= 0.103
original statement= absoluteAccuracy = accuracy
fixed statement= 
generation= 787
ingredientScope= -
validation=
failing: |true|0|1|[]|
manual_regression: |false|10|2106|[testSmallStep(org.apache.commons.math.ode.FirstOrderConverterTest): null-, testDecreasingSteps(org.apache.commons.math.ode.nonstiff.ClassicalRungeKuttaIntegratorTest): null-, testUnstableDerivative(org.apache.commons.math.ode.nonstiff.DormandPrince853IntegratorTest): expected:<8.0> but was:<0.0>-, testEvents(org.apache.commons.math.ode.nonstiff.DormandPrince853IntegratorTest): null-, testDecreasingSteps(org.apache.commons.math.ode.nonstiff.GillIntegratorTest): null-, testUnstableDerivative(org.apache.commons.math.ode.nonstiff.GillIntegratorTest): expected:<8.0> but was:<7.700000249999773>-, testUnstableDerivative(org.apache.commons.math.ode.nonstiff.GraggBulirschStoerIntegratorTest): expected:<8.0> but was:<6.877740483045859>-, testDecreasingSteps(org.apache.commons.math.ode.nonstiff.MidpointIntegratorTest): null-, testDecreasingSteps(org.apache.commons.math.ode.nonstiff.ThreeEighthesIntegratorTest): null-, testQuinticMin(org.apache.commons.math.optimization.MultiStartUnivariateRealOptimizerTest): expected:<-0.27195612846834> but was:<-0.27195612961245835>-]|
evo_regression: |false|2|20|[test02(org.apache.commons.math.ConvergingAlgorithmImpl_ESTest): expected:<-1977.68> but was:<1.0E-15>-, test12(org.apache.commons.math.ConvergingAlgorithmImpl_ESTest): expected:<-61.07204788> but was:<1.0E-6>-]|
 ----
ProgramVariant 1678
 
time(sec)= 3377
operation: ReplaceOp
location= org.apache.commons.math.ConvergingAlgorithmImpl
line= 93
lineSuspiciousness= 0.103
original statement= maximalIterationCount = count
fixed statement= absoluteAccuracy = defaultAbsoluteAccuracy
generation= 839
ingredientScope= LOCAL
validation=
failing: |true|0|1|[]|
manual_regression: |false|15|2106|[testParameters(org.apache.commons.math.analysis.integration.RombergIntegratorTest): Expecting IllegalArgumentException - bad iteration limits-, testParameters(org.apache.commons.math.analysis.integration.SimpsonIntegratorTest): Expecting IllegalArgumentException - bad iteration limits-, testParameters(org.apache.commons.math.analysis.integration.TrapezoidIntegratorTest): Expecting IllegalArgumentException - bad iteration limits-, testSmallStep(org.apache.commons.math.ode.FirstOrderConverterTest): null-, testDecreasingSteps(org.apache.commons.math.ode.nonstiff.ClassicalRungeKuttaIntegratorTest): null-, testUnstableDerivative(org.apache.commons.math.ode.nonstiff.DormandPrince853IntegratorTest): expected:<8.0> but was:<0.0>-, testEvents(org.apache.commons.math.ode.nonstiff.DormandPrince853IntegratorTest): null-, testDecreasingSteps(org.apache.commons.math.ode.nonstiff.GillIntegratorTest): null-, testUnstableDerivative(org.apache.commons.math.ode.nonstiff.GillIntegratorTest): expected:<8.0> but was:<7.700000249999773>-, testUnstableDerivative(org.apache.commons.math.ode.nonstiff.GraggBulirschStoerIntegratorTest): expected:<8.0> but was:<6.877740483045859>-, testEventsNoConvergence(org.apache.commons.math.ode.nonstiff.HighamHall54IntegratorTest): an exception should have been thrown-, testDecreasingSteps(org.apache.commons.math.ode.nonstiff.MidpointIntegratorTest): null-, testDecreasingSteps(org.apache.commons.math.ode.nonstiff.ThreeEighthesIntegratorTest): null-, testQuinticMin(org.apache.commons.math.optimization.MultiStartUnivariateRealOptimizerTest): expected:<-0.27195612846834> but was:<-0.27195612961245835>-, testQuinticMax(org.apache.commons.math.optimization.univariate.BrentMinimizerTest): an exception should have been thrown-]|
evo_regression: |false|4|20|[test16(org.apache.commons.math.ConvergingAlgorithmImpl_ESTest): expected:<-432> but was:<100>-, test04(org.apache.commons.math.ConvergingAlgorithmImpl_ESTest): expected:<0> but was:<100>-, test01(org.apache.commons.math.ConvergingAlgorithmImpl_ESTest): expected:<0> but was:<32>-, test10(org.apache.commons.math.ConvergingAlgorithmImpl_ESTest): expected:<0> but was:<32>-]|
 ----
ProgramVariant 1684
 
time(sec)= 3503
operation: RemoveOp
location= org.apache.commons.math.analysis.solvers.BrentSolver
line= 282
lineSuspiciousness= 0.302
original statement= delta = 0.5 * dx
fixed statement= 
generation= 842
ingredientScope= -
validation=
failing: |true|0|1|[]|
manual_regression: |false|3|2106|[testQuinticZero(org.apache.commons.math.analysis.solvers.BrentSolverTest): null-, testCumulative(org.apache.commons.math.distribution.BetaDistributionTest): Maximal number of iterations (100) exceeded-, testIllConditioned(org.apache.commons.math.optimization.general.NonLinearConjugateGradientOptimizerTest): -]|
evo_regression: |false|3|32|[test08(org.apache.commons.math.analysis.solvers.BrentSolver_ESTest): expected:<14> but was:<20>-, test21(org.apache.commons.math.analysis.solvers.BrentSolver_ESTest): expected:<15> but was:<16>-, test00(org.apache.commons.math.analysis.solvers.BrentSolver_ESTest): expected:<23> but was:<46>-]|
 ----
ProgramVariant 1724
 
time(sec)= 3641
operation: RemoveOp
location= org.apache.commons.math.ode.events.EventState
line= 216
lineSuspiciousness= 0.108
original statement= solver.setAbsoluteAccuracy(convergence)
fixed statement= 
generation= 862
ingredientScope= -
validation=
failing: |true|0|1|[]|
manual_regression: |false|9|2106|[testSmallStep(org.apache.commons.math.ode.FirstOrderConverterTest): null-, testDecreasingSteps(org.apache.commons.math.ode.nonstiff.ClassicalRungeKuttaIntegratorTest): null-, testUnstableDerivative(org.apache.commons.math.ode.nonstiff.DormandPrince853IntegratorTest): expected:<8.0> but was:<0.0>-, testEvents(org.apache.commons.math.ode.nonstiff.DormandPrince853IntegratorTest): null-, testDecreasingSteps(org.apache.commons.math.ode.nonstiff.GillIntegratorTest): null-, testUnstableDerivative(org.apache.commons.math.ode.nonstiff.GillIntegratorTest): expected:<8.0> but was:<7.700000249999773>-, testUnstableDerivative(org.apache.commons.math.ode.nonstiff.GraggBulirschStoerIntegratorTest): expected:<8.0> but was:<6.877740483045859>-, testDecreasingSteps(org.apache.commons.math.ode.nonstiff.MidpointIntegratorTest): null-, testDecreasingSteps(org.apache.commons.math.ode.nonstiff.ThreeEighthesIntegratorTest): null-]|
evo_regression: |true|0|21|[]|
 ----
ProgramVariant 1770
 
time(sec)= 3782
operation: ReplaceOp
location= org.apache.commons.math.ode.events.EventState
line= 216
lineSuspiciousness= 0.108
original statement= solver.setAbsoluteAccuracy(convergence)
fixed statement= interpolator.setInterpolatedTime(t0)
generation= 885
ingredientScope= PACKAGE
validation=
failing: |true|0|1|[]|
manual_regression: |false|9|2106|[testSmallStep(org.apache.commons.math.ode.FirstOrderConverterTest): null-, testDecreasingSteps(org.apache.commons.math.ode.nonstiff.ClassicalRungeKuttaIntegratorTest): null-, testUnstableDerivative(org.apache.commons.math.ode.nonstiff.DormandPrince853IntegratorTest): expected:<8.0> but was:<0.0>-, testEvents(org.apache.commons.math.ode.nonstiff.DormandPrince853IntegratorTest): null-, testDecreasingSteps(org.apache.commons.math.ode.nonstiff.GillIntegratorTest): null-, testUnstableDerivative(org.apache.commons.math.ode.nonstiff.GillIntegratorTest): expected:<8.0> but was:<7.700000249999773>-, testUnstableDerivative(org.apache.commons.math.ode.nonstiff.GraggBulirschStoerIntegratorTest): expected:<8.0> but was:<6.877740483045859>-, testDecreasingSteps(org.apache.commons.math.ode.nonstiff.MidpointIntegratorTest): null-, testDecreasingSteps(org.apache.commons.math.ode.nonstiff.ThreeEighthesIntegratorTest): null-]|
evo_regression: |true|0|21|[]|
 ----
ProgramVariant 1828
 
time(sec)= 3931
operation: ReplaceOp
location= org.apache.commons.math.ode.events.EventState
line= 216
lineSuspiciousness= 0.108
original statement= solver.setAbsoluteAccuracy(convergence)
fixed statement= solver.setMaximalIterationCount(maxIterationCount)
generation= 914
ingredientScope= LOCAL
validation=
failing: |true|0|1|[]|
manual_regression: |false|9|2106|[testSmallStep(org.apache.commons.math.ode.FirstOrderConverterTest): null-, testDecreasingSteps(org.apache.commons.math.ode.nonstiff.ClassicalRungeKuttaIntegratorTest): null-, testUnstableDerivative(org.apache.commons.math.ode.nonstiff.DormandPrince853IntegratorTest): expected:<8.0> but was:<0.0>-, testEvents(org.apache.commons.math.ode.nonstiff.DormandPrince853IntegratorTest): null-, testDecreasingSteps(org.apache.commons.math.ode.nonstiff.GillIntegratorTest): null-, testUnstableDerivative(org.apache.commons.math.ode.nonstiff.GillIntegratorTest): expected:<8.0> but was:<7.700000249999773>-, testUnstableDerivative(org.apache.commons.math.ode.nonstiff.GraggBulirschStoerIntegratorTest): expected:<8.0> but was:<6.877740483045859>-, testDecreasingSteps(org.apache.commons.math.ode.nonstiff.MidpointIntegratorTest): null-, testDecreasingSteps(org.apache.commons.math.ode.nonstiff.ThreeEighthesIntegratorTest): null-]|
evo_regression: |true|0|21|[]|
 ----
ProgramVariant 1838
 
time(sec)= 4059
operation: RemoveOp
location= org.apache.commons.math.analysis.solvers.BrentSolver
line= 282
lineSuspiciousness= 0.302
original statement= delta = 0.5 * dx
fixed statement= 
generation= 919
ingredientScope= -
validation=
failing: |true|0|1|[]|
manual_regression: |false|3|2106|[testQuinticZero(org.apache.commons.math.analysis.solvers.BrentSolverTest): null-, testCumulative(org.apache.commons.math.distribution.BetaDistributionTest): Maximal number of iterations (100) exceeded-, testIllConditioned(org.apache.commons.math.optimization.general.NonLinearConjugateGradientOptimizerTest): -]|
evo_regression: |false|3|32|[test08(org.apache.commons.math.analysis.solvers.BrentSolver_ESTest): expected:<14> but was:<20>-, test21(org.apache.commons.math.analysis.solvers.BrentSolver_ESTest): expected:<15> but was:<16>-, test00(org.apache.commons.math.analysis.solvers.BrentSolver_ESTest): expected:<23> but was:<46>-]|
 ----
ProgramVariant 1852
 
time(sec)= 4189
operation: RemoveOp
location= org.apache.commons.math.analysis.solvers.BrentSolver
line= 282
lineSuspiciousness= 0.302
original statement= delta = 0.5 * dx
fixed statement= 
generation= 926
ingredientScope= -
validation=
failing: |true|0|1|[]|
manual_regression: |false|3|2106|[testQuinticZero(org.apache.commons.math.analysis.solvers.BrentSolverTest): null-, testCumulative(org.apache.commons.math.distribution.BetaDistributionTest): Maximal number of iterations (100) exceeded-, testIllConditioned(org.apache.commons.math.optimization.general.NonLinearConjugateGradientOptimizerTest): -]|
evo_regression: |false|3|32|[test08(org.apache.commons.math.analysis.solvers.BrentSolver_ESTest): expected:<14> but was:<20>-, test21(org.apache.commons.math.analysis.solvers.BrentSolver_ESTest): expected:<15> but was:<16>-, test00(org.apache.commons.math.analysis.solvers.BrentSolver_ESTest): expected:<23> but was:<46>-]|
 ----
ProgramVariant 1858
 
time(sec)= 4319
operation: ReplaceOp
location= org.apache.commons.math.analysis.solvers.BrentSolver
line= 270
lineSuspiciousness= 0.171
original statement= p1 = ((r1 - 1.0) * (r2 - 1.0)) * (r3 - 1.0)
fixed statement= p1 = 1.0 - r3
generation= 929
ingredientScope= LOCAL
validation=
failing: |true|0|1|[]|
manual_regression: |false|4|2106|[testQuinticZero(org.apache.commons.math.analysis.solvers.BrentSolverTest): null-, testInverseCumulativeProbabilities(org.apache.commons.math.distribution.FDistributionTest): Incorrect inverse cumulative probability value returned for 0.999 expected:<20.80266> but was:<20.802664018063524>-, testCircleFitting(org.apache.commons.math.optimization.MultiStartDifferentiableMultivariateRealOptimizerTest): null-, testInference(org.apache.commons.math.stat.regression.SimpleRegressionTest): slope conf interval half-width expected:<2.97802204827> but was:<2.9780219094772504>-]|
evo_regression: |false|6|32|[test07(org.apache.commons.math.analysis.solvers.BrentSolver_ESTest): expected:<8> but was:<19>-, test08(org.apache.commons.math.analysis.solvers.BrentSolver_ESTest): expected:<14> but was:<18>-, test21(org.apache.commons.math.analysis.solvers.BrentSolver_ESTest): expected:<-797.9645340119044> but was:<-791.6813486479583>-, test00(org.apache.commons.math.analysis.solvers.BrentSolver_ESTest): expected:<23> but was:<39>-, test22(org.apache.commons.math.analysis.solvers.BrentSolver_ESTest): expected:<19> but was:<34>-, test27(org.apache.commons.math.analysis.solvers.BrentSolver_ESTest): expected:<8> but was:<9>-]|
 ----
ProgramVariant 1994
 
time(sec)= 4516
operation: RemoveOp
location= org.apache.commons.math.analysis.solvers.BrentSolver
line= 282
lineSuspiciousness= 0.302
original statement= delta = 0.5 * dx
fixed statement= 
generation= 997
ingredientScope= -
validation=
failing: |true|0|1|[]|
manual_regression: |false|3|2106|[testQuinticZero(org.apache.commons.math.analysis.solvers.BrentSolverTest): null-, testCumulative(org.apache.commons.math.distribution.BetaDistributionTest): Maximal number of iterations (100) exceeded-, testIllConditioned(org.apache.commons.math.optimization.general.NonLinearConjugateGradientOptimizerTest): -]|
evo_regression: |false|3|32|[test08(org.apache.commons.math.analysis.solvers.BrentSolver_ESTest): expected:<14> but was:<20>-, test21(org.apache.commons.math.analysis.solvers.BrentSolver_ESTest): expected:<15> but was:<16>-, test00(org.apache.commons.math.analysis.solvers.BrentSolver_ESTest): expected:<23> but was:<46>-]|
 ----
ProgramVariant 2056
 
time(sec)= 4658
operation: RemoveOp
location= org.apache.commons.math.ode.events.EventState
line= 285
lineSuspiciousness= 0.107
original statement= t0 = t
fixed statement= 
generation= 1028
ingredientScope= -
validation=
failing: |true|0|1|[]|
manual_regression: |false|44|2106|[testDecreasingSteps(org.apache.commons.math.ode.nonstiff.ClassicalRungeKuttaIntegratorTest): function values at endpoints do not have different signs.  Endpoints: 0, 5.7, Values: 21.969, 0.544-, testEvents(org.apache.commons.math.ode.nonstiff.DormandPrince54IntegratorTest): function values at endpoints do not have different signs.  Endpoints: 0, 5.165, Values: 18.004, 0.082-, testUnstableDerivative(org.apache.commons.math.ode.nonstiff.DormandPrince853IntegratorTest): function values at endpoints do not have different signs.  Endpoints: 0, 1, Values: -2, -1-, testEvents(org.apache.commons.math.ode.nonstiff.DormandPrince853IntegratorTest): function values at endpoints do not have different signs.  Endpoints: 0, 5.462, Values: 7.188, 0.37-, testDecreasingSteps(org.apache.commons.math.ode.nonstiff.GillIntegratorTest): function values at endpoints do not have different signs.  Endpoints: 0, 5.224, Values: 18.701, 0.138-, testUnstableDerivative(org.apache.commons.math.ode.nonstiff.GillIntegratorTest): function values at endpoints do not have different signs.  Endpoints: 0, 0.767, Values: -2, -1.233-, testUnstableDerivative(org.apache.commons.math.ode.nonstiff.GraggBulirschStoerIntegratorTest): function values at endpoints do not have different signs.  Endpoints: 0, 0.781, Values: -2, -1.219-, testEvents(org.apache.commons.math.ode.nonstiff.GraggBulirschStoerIntegratorTest): function values at endpoints do not have different signs.  Endpoints: 0, 1.942, Values: -5.731, -0-, testEvents(org.apache.commons.math.ode.nonstiff.HighamHall54IntegratorTest): function values at endpoints do not have different signs.  Endpoints: 0, 5.145, Values: 17.108, 0.061-, testDecreasingSteps(org.apache.commons.math.ode.nonstiff.MidpointIntegratorTest): function values at endpoints do not have different signs.  Endpoints: 0, 11.247, Values: 3.1, 0.286-, testDecreasingSteps(org.apache.commons.math.ode.nonstiff.ThreeEighthesIntegratorTest): function values at endpoints do not have different signs.  Endpoints: 0, 5.7, Values: 21.969, 0.544-]|
evo_regression: |true|0|21|[]|
 ----
ProgramVariant 2068
 
time(sec)= 4787
operation: RemoveOp
location= org.apache.commons.math.analysis.solvers.BrentSolver
line= 282
lineSuspiciousness= 0.302
original statement= delta = 0.5 * dx
fixed statement= 
generation= 1034
ingredientScope= -
validation=
failing: |true|0|1|[]|
manual_regression: |false|3|2106|[testQuinticZero(org.apache.commons.math.analysis.solvers.BrentSolverTest): null-, testCumulative(org.apache.commons.math.distribution.BetaDistributionTest): Maximal number of iterations (100) exceeded-, testIllConditioned(org.apache.commons.math.optimization.general.NonLinearConjugateGradientOptimizerTest): -]|
evo_regression: |false|3|32|[test08(org.apache.commons.math.analysis.solvers.BrentSolver_ESTest): expected:<14> but was:<20>-, test21(org.apache.commons.math.analysis.solvers.BrentSolver_ESTest): expected:<15> but was:<16>-, test00(org.apache.commons.math.analysis.solvers.BrentSolver_ESTest): expected:<23> but was:<46>-]|
 ----
ProgramVariant 2112
 
time(sec)= 4929
operation: RemoveOp
location= org.apache.commons.math.analysis.solvers.BrentSolver
line= 282
lineSuspiciousness= 0.302
original statement= delta = 0.5 * dx
fixed statement= 
generation= 1056
ingredientScope= -
validation=
failing: |true|0|1|[]|
manual_regression: |false|3|2106|[testQuinticZero(org.apache.commons.math.analysis.solvers.BrentSolverTest): null-, testCumulative(org.apache.commons.math.distribution.BetaDistributionTest): Maximal number of iterations (100) exceeded-, testIllConditioned(org.apache.commons.math.optimization.general.NonLinearConjugateGradientOptimizerTest): -]|
evo_regression: |false|3|32|[test08(org.apache.commons.math.analysis.solvers.BrentSolver_ESTest): expected:<14> but was:<20>-, test21(org.apache.commons.math.analysis.solvers.BrentSolver_ESTest): expected:<15> but was:<16>-, test00(org.apache.commons.math.analysis.solvers.BrentSolver_ESTest): expected:<23> but was:<46>-]|
 ----
ProgramVariant 2162
 
time(sec)= 5073
operation: RemoveOp
location= org.apache.commons.math.ode.events.EventState
line= 285
lineSuspiciousness= 0.107
original statement= t0 = t
fixed statement= 
generation= 1081
ingredientScope= -
validation=
failing: |true|0|1|[]|
manual_regression: |false|44|2106|[testDecreasingSteps(org.apache.commons.math.ode.nonstiff.ClassicalRungeKuttaIntegratorTest): function values at endpoints do not have different signs.  Endpoints: 0, 5.7, Values: 21.969, 0.544-, testEvents(org.apache.commons.math.ode.nonstiff.DormandPrince54IntegratorTest): function values at endpoints do not have different signs.  Endpoints: 0, 5.165, Values: 18.004, 0.082-, testUnstableDerivative(org.apache.commons.math.ode.nonstiff.DormandPrince853IntegratorTest): function values at endpoints do not have different signs.  Endpoints: 0, 1, Values: -2, -1-, testEvents(org.apache.commons.math.ode.nonstiff.DormandPrince853IntegratorTest): function values at endpoints do not have different signs.  Endpoints: 0, 5.462, Values: 7.188, 0.37-, testDecreasingSteps(org.apache.commons.math.ode.nonstiff.GillIntegratorTest): function values at endpoints do not have different signs.  Endpoints: 0, 5.224, Values: 18.701, 0.138-, testUnstableDerivative(org.apache.commons.math.ode.nonstiff.GillIntegratorTest): function values at endpoints do not have different signs.  Endpoints: 0, 0.767, Values: -2, -1.233-, testUnstableDerivative(org.apache.commons.math.ode.nonstiff.GraggBulirschStoerIntegratorTest): function values at endpoints do not have different signs.  Endpoints: 0, 0.781, Values: -2, -1.219-, testEvents(org.apache.commons.math.ode.nonstiff.GraggBulirschStoerIntegratorTest): function values at endpoints do not have different signs.  Endpoints: 0, 1.942, Values: -5.731, -0-, testEvents(org.apache.commons.math.ode.nonstiff.HighamHall54IntegratorTest): function values at endpoints do not have different signs.  Endpoints: 0, 5.145, Values: 17.108, 0.061-, testDecreasingSteps(org.apache.commons.math.ode.nonstiff.MidpointIntegratorTest): function values at endpoints do not have different signs.  Endpoints: 0, 11.247, Values: 3.1, 0.286-, testDecreasingSteps(org.apache.commons.math.ode.nonstiff.ThreeEighthesIntegratorTest): function values at endpoints do not have different signs.  Endpoints: 0, 5.7, Values: 21.969, 0.544-]|
evo_regression: |true|0|21|[]|
 ----
ProgramVariant 2188
 
time(sec)= 5209
operation: ReplaceOp
location= org.apache.commons.math.analysis.solvers.BrentSolver
line= 282
lineSuspiciousness= 0.302
original statement= delta = 0.5 * dx
fixed statement= oldDelta = x2 - x1
generation= 1094
ingredientScope= PACKAGE
validation=
failing: |true|0|1|[]|
manual_regression: |false|3|2106|[testQuinticZero(org.apache.commons.math.analysis.solvers.BrentSolverTest): null-, testCumulative(org.apache.commons.math.distribution.BetaDistributionTest): Maximal number of iterations (100) exceeded-, testIllConditioned(org.apache.commons.math.optimization.general.NonLinearConjugateGradientOptimizerTest): -]|
evo_regression: |false|3|32|[test08(org.apache.commons.math.analysis.solvers.BrentSolver_ESTest): expected:<14> but was:<20>-, test21(org.apache.commons.math.analysis.solvers.BrentSolver_ESTest): expected:<15> but was:<16>-, test00(org.apache.commons.math.analysis.solvers.BrentSolver_ESTest): expected:<23> but was:<46>-]|
 ----
ProgramVariant 2268
 
time(sec)= 5358
operation: RemoveOp
location= org.apache.commons.math.ConvergingAlgorithmImpl
line= 78
lineSuspiciousness= 0.103
original statement= absoluteAccuracy = accuracy
fixed statement= 
generation= 1134
ingredientScope= -
validation=
failing: |true|0|1|[]|
manual_regression: |false|10|2106|[testSmallStep(org.apache.commons.math.ode.FirstOrderConverterTest): null-, testDecreasingSteps(org.apache.commons.math.ode.nonstiff.ClassicalRungeKuttaIntegratorTest): null-, testUnstableDerivative(org.apache.commons.math.ode.nonstiff.DormandPrince853IntegratorTest): expected:<8.0> but was:<0.0>-, testEvents(org.apache.commons.math.ode.nonstiff.DormandPrince853IntegratorTest): null-, testDecreasingSteps(org.apache.commons.math.ode.nonstiff.GillIntegratorTest): null-, testUnstableDerivative(org.apache.commons.math.ode.nonstiff.GillIntegratorTest): expected:<8.0> but was:<7.700000249999773>-, testUnstableDerivative(org.apache.commons.math.ode.nonstiff.GraggBulirschStoerIntegratorTest): expected:<8.0> but was:<6.877740483045859>-, testDecreasingSteps(org.apache.commons.math.ode.nonstiff.MidpointIntegratorTest): null-, testDecreasingSteps(org.apache.commons.math.ode.nonstiff.ThreeEighthesIntegratorTest): null-, testQuinticMin(org.apache.commons.math.optimization.MultiStartUnivariateRealOptimizerTest): expected:<-0.27195612846834> but was:<-0.27195612961245835>-]|
evo_regression: |false|2|20|[test02(org.apache.commons.math.ConvergingAlgorithmImpl_ESTest): expected:<-1977.68> but was:<1.0E-15>-, test12(org.apache.commons.math.ConvergingAlgorithmImpl_ESTest): expected:<-61.07204788> but was:<1.0E-6>-]|
 ----
ProgramVariant 2270
 
time(sec)= 5487
operation: ReplaceOp
location= org.apache.commons.math.ode.events.EventState
line= 216
lineSuspiciousness= 0.108
original statement= solver.setAbsoluteAccuracy(convergence)
fixed statement= interpolator.setInterpolatedTime(tb)
generation= 1135
ingredientScope= LOCAL
validation=
failing: |true|0|1|[]|
manual_regression: |false|9|2106|[testSmallStep(org.apache.commons.math.ode.FirstOrderConverterTest): null-, testDecreasingSteps(org.apache.commons.math.ode.nonstiff.ClassicalRungeKuttaIntegratorTest): null-, testUnstableDerivative(org.apache.commons.math.ode.nonstiff.DormandPrince853IntegratorTest): expected:<8.0> but was:<0.0>-, testEvents(org.apache.commons.math.ode.nonstiff.DormandPrince853IntegratorTest): null-, testDecreasingSteps(org.apache.commons.math.ode.nonstiff.GillIntegratorTest): null-, testUnstableDerivative(org.apache.commons.math.ode.nonstiff.GillIntegratorTest): expected:<8.0> but was:<7.700000249999773>-, testUnstableDerivative(org.apache.commons.math.ode.nonstiff.GraggBulirschStoerIntegratorTest): expected:<8.0> but was:<6.877740483045859>-, testDecreasingSteps(org.apache.commons.math.ode.nonstiff.MidpointIntegratorTest): null-, testDecreasingSteps(org.apache.commons.math.ode.nonstiff.ThreeEighthesIntegratorTest): null-]|
evo_regression: |true|0|21|[]|
 ----
ProgramVariant 2272
 
time(sec)= 5613
operation: RemoveOp
location= org.apache.commons.math.analysis.solvers.BrentSolver
line= 282
lineSuspiciousness= 0.302
original statement= delta = 0.5 * dx
fixed statement= 
generation= 1136
ingredientScope= -
validation=
failing: |true|0|1|[]|
manual_regression: |false|3|2106|[testQuinticZero(org.apache.commons.math.analysis.solvers.BrentSolverTest): null-, testCumulative(org.apache.commons.math.distribution.BetaDistributionTest): Maximal number of iterations (100) exceeded-, testIllConditioned(org.apache.commons.math.optimization.general.NonLinearConjugateGradientOptimizerTest): -]|
evo_regression: |false|3|32|[test08(org.apache.commons.math.analysis.solvers.BrentSolver_ESTest): expected:<14> but was:<20>-, test21(org.apache.commons.math.analysis.solvers.BrentSolver_ESTest): expected:<15> but was:<16>-, test00(org.apache.commons.math.analysis.solvers.BrentSolver_ESTest): expected:<23> but was:<46>-]|
 ----
ProgramVariant 2282
 
time(sec)= 5740
operation: RemoveOp
location= org.apache.commons.math.analysis.solvers.BrentSolver
line= 282
lineSuspiciousness= 0.302
original statement= delta = 0.5 * dx
fixed statement= 
generation= 1141
ingredientScope= -
validation=
failing: |true|0|1|[]|
manual_regression: |false|4|2106|[testQuinticZero(org.apache.commons.math.analysis.solvers.BrentSolverTest): null-, testCumulative(org.apache.commons.math.distribution.BetaDistributionTest): Maximal number of iterations (100) exceeded-, testIllConditioned(org.apache.commons.math.optimization.general.NonLinearConjugateGradientOptimizerTest): -, testNextPoissonConsistency(org.apache.commons.math.random.RandomAdaptorTest): Chisquare test failed for mean = 820.1636238558258 p-value = 5.498896795308461E-4 chisquare statistic = 42.595390873925496.]|
evo_regression: |false|3|32|[test08(org.apache.commons.math.analysis.solvers.BrentSolver_ESTest): expected:<14> but was:<20>-, test21(org.apache.commons.math.analysis.solvers.BrentSolver_ESTest): expected:<15> but was:<16>-, test00(org.apache.commons.math.analysis.solvers.BrentSolver_ESTest): expected:<23> but was:<46>-]|
 ----
ProgramVariant 2290
 
time(sec)= 5870
operation: RemoveOp
location= org.apache.commons.math.ConvergingAlgorithmImpl
line= 78
lineSuspiciousness= 0.103
original statement= absoluteAccuracy = accuracy
fixed statement= 
generation= 1145
ingredientScope= -
validation=
failing: |true|0|1|[]|
manual_regression: |false|10|2106|[testSmallStep(org.apache.commons.math.ode.FirstOrderConverterTest): null-, testDecreasingSteps(org.apache.commons.math.ode.nonstiff.ClassicalRungeKuttaIntegratorTest): null-, testUnstableDerivative(org.apache.commons.math.ode.nonstiff.DormandPrince853IntegratorTest): expected:<8.0> but was:<0.0>-, testEvents(org.apache.commons.math.ode.nonstiff.DormandPrince853IntegratorTest): null-, testDecreasingSteps(org.apache.commons.math.ode.nonstiff.GillIntegratorTest): null-, testUnstableDerivative(org.apache.commons.math.ode.nonstiff.GillIntegratorTest): expected:<8.0> but was:<7.700000249999773>-, testUnstableDerivative(org.apache.commons.math.ode.nonstiff.GraggBulirschStoerIntegratorTest): expected:<8.0> but was:<6.877740483045859>-, testDecreasingSteps(org.apache.commons.math.ode.nonstiff.MidpointIntegratorTest): null-, testDecreasingSteps(org.apache.commons.math.ode.nonstiff.ThreeEighthesIntegratorTest): null-, testQuinticMin(org.apache.commons.math.optimization.MultiStartUnivariateRealOptimizerTest): expected:<-0.27195612846834> but was:<-0.27195612961245835>-]|
evo_regression: |false|2|20|[test02(org.apache.commons.math.ConvergingAlgorithmImpl_ESTest): expected:<-1977.68> but was:<1.0E-15>-, test12(org.apache.commons.math.ConvergingAlgorithmImpl_ESTest): expected:<-61.07204788> but was:<1.0E-6>-]|
 ----
ProgramVariant 2568
 
time(sec)= 6082
operation: RemoveOp
location= org.apache.commons.math.analysis.solvers.BrentSolver
line= 282
lineSuspiciousness= 0.302
original statement= delta = 0.5 * dx
fixed statement= 
generation= 1284
ingredientScope= -
validation=
failing: |true|0|1|[]|
manual_regression: |false|3|2106|[testQuinticZero(org.apache.commons.math.analysis.solvers.BrentSolverTest): null-, testCumulative(org.apache.commons.math.distribution.BetaDistributionTest): Maximal number of iterations (100) exceeded-, testIllConditioned(org.apache.commons.math.optimization.general.NonLinearConjugateGradientOptimizerTest): -]|
evo_regression: |false|3|32|[test08(org.apache.commons.math.analysis.solvers.BrentSolver_ESTest): expected:<14> but was:<20>-, test21(org.apache.commons.math.analysis.solvers.BrentSolver_ESTest): expected:<15> but was:<16>-, test00(org.apache.commons.math.analysis.solvers.BrentSolver_ESTest): expected:<23> but was:<46>-]|
 ----
ProgramVariant 2606
 
time(sec)= 6221
operation: InsertAfterOp
location= org.apache.commons.math.analysis.solvers.BrentSolver
line= 282
lineSuspiciousness= 0.302
original statement= delta = 0.5 * dx
fixed statement= delta = p / p1
generation= 1303
ingredientScope= LOCAL
validation=
failing: |true|0|1|[]|
manual_regression: |false|2|2106|[testQuinticZero(org.apache.commons.math.analysis.solvers.BrentSolverTest): null-, testCumulative(org.apache.commons.math.distribution.BetaDistributionTest): Maximal number of iterations (100) exceeded-]|
evo_regression: |false|3|32|[test08(org.apache.commons.math.analysis.solvers.BrentSolver_ESTest): Maximal number of iterations (100) exceeded-, test21(org.apache.commons.math.analysis.solvers.BrentSolver_ESTest): expected:<15> but was:<16>-, test00(org.apache.commons.math.analysis.solvers.BrentSolver_ESTest): expected:<23> but was:<54>-]|
 ----
ProgramVariant 2778
 
time(sec)= 6391
operation: RemoveOp
location= org.apache.commons.math.analysis.solvers.BrentSolver
line= 282
lineSuspiciousness= 0.302
original statement= delta = 0.5 * dx
fixed statement= 
generation= 1389
ingredientScope= -
validation=
failing: |true|0|1|[]|
manual_regression: |false|3|2106|[testQuinticZero(org.apache.commons.math.analysis.solvers.BrentSolverTest): null-, testCumulative(org.apache.commons.math.distribution.BetaDistributionTest): Maximal number of iterations (100) exceeded-, testIllConditioned(org.apache.commons.math.optimization.general.NonLinearConjugateGradientOptimizerTest): -]|
evo_regression: |false|3|32|[test08(org.apache.commons.math.analysis.solvers.BrentSolver_ESTest): expected:<14> but was:<20>-, test21(org.apache.commons.math.analysis.solvers.BrentSolver_ESTest): expected:<15> but was:<16>-, test00(org.apache.commons.math.analysis.solvers.BrentSolver_ESTest): expected:<23> but was:<46>-]|
 ----
ProgramVariant 2890
 
time(sec)= 6562
operation: ReplaceOp
location= org.apache.commons.math.ConvergingAlgorithmImpl
line= 78
lineSuspiciousness= 0.103
original statement= absoluteAccuracy = accuracy
fixed statement= org.apache.commons.math.ConvergingAlgorithmImpl.this.relativeAccuracy = defaultRelativeAccuracy
generation= 1445
ingredientScope= LOCAL
validation=
failing: |true|0|1|[]|
manual_regression: |false|10|2106|[testSmallStep(org.apache.commons.math.ode.FirstOrderConverterTest): null-, testDecreasingSteps(org.apache.commons.math.ode.nonstiff.ClassicalRungeKuttaIntegratorTest): null-, testUnstableDerivative(org.apache.commons.math.ode.nonstiff.DormandPrince853IntegratorTest): expected:<8.0> but was:<0.0>-, testEvents(org.apache.commons.math.ode.nonstiff.DormandPrince853IntegratorTest): null-, testDecreasingSteps(org.apache.commons.math.ode.nonstiff.GillIntegratorTest): null-, testUnstableDerivative(org.apache.commons.math.ode.nonstiff.GillIntegratorTest): expected:<8.0> but was:<7.700000249999773>-, testUnstableDerivative(org.apache.commons.math.ode.nonstiff.GraggBulirschStoerIntegratorTest): expected:<8.0> but was:<6.877740483045859>-, testDecreasingSteps(org.apache.commons.math.ode.nonstiff.MidpointIntegratorTest): null-, testDecreasingSteps(org.apache.commons.math.ode.nonstiff.ThreeEighthesIntegratorTest): null-, testQuinticMin(org.apache.commons.math.optimization.MultiStartUnivariateRealOptimizerTest): expected:<-0.27195612846834> but was:<-0.27195612961245835>-]|
evo_regression: |false|2|20|[test02(org.apache.commons.math.ConvergingAlgorithmImpl_ESTest): expected:<-1977.68> but was:<1.0E-15>-, test12(org.apache.commons.math.ConvergingAlgorithmImpl_ESTest): expected:<-61.07204788> but was:<1.0E-6>-]|
 ----
ProgramVariant 2906
 
time(sec)= 6694
operation: RemoveOp
location= org.apache.commons.math.ode.events.EventState
line= 285
lineSuspiciousness= 0.107
original statement= t0 = t
fixed statement= 
generation= 1453
ingredientScope= -
validation=
failing: |true|0|1|[]|
manual_regression: |false|44|2106|[testDecreasingSteps(org.apache.commons.math.ode.nonstiff.ClassicalRungeKuttaIntegratorTest): function values at endpoints do not have different signs.  Endpoints: 0, 5.7, Values: 21.969, 0.544-, testEvents(org.apache.commons.math.ode.nonstiff.DormandPrince54IntegratorTest): function values at endpoints do not have different signs.  Endpoints: 0, 5.165, Values: 18.004, 0.082-, testUnstableDerivative(org.apache.commons.math.ode.nonstiff.DormandPrince853IntegratorTest): function values at endpoints do not have different signs.  Endpoints: 0, 1, Values: -2, -1-, testEvents(org.apache.commons.math.ode.nonstiff.DormandPrince853IntegratorTest): function values at endpoints do not have different signs.  Endpoints: 0, 5.462, Values: 7.188, 0.37-, testDecreasingSteps(org.apache.commons.math.ode.nonstiff.GillIntegratorTest): function values at endpoints do not have different signs.  Endpoints: 0, 5.224, Values: 18.701, 0.138-, testUnstableDerivative(org.apache.commons.math.ode.nonstiff.GillIntegratorTest): function values at endpoints do not have different signs.  Endpoints: 0, 0.767, Values: -2, -1.233-, testUnstableDerivative(org.apache.commons.math.ode.nonstiff.GraggBulirschStoerIntegratorTest): function values at endpoints do not have different signs.  Endpoints: 0, 0.781, Values: -2, -1.219-, testEvents(org.apache.commons.math.ode.nonstiff.GraggBulirschStoerIntegratorTest): function values at endpoints do not have different signs.  Endpoints: 0, 1.942, Values: -5.731, -0-, testEvents(org.apache.commons.math.ode.nonstiff.HighamHall54IntegratorTest): function values at endpoints do not have different signs.  Endpoints: 0, 5.145, Values: 17.108, 0.061-, testDecreasingSteps(org.apache.commons.math.ode.nonstiff.MidpointIntegratorTest): function values at endpoints do not have different signs.  Endpoints: 0, 11.247, Values: 3.1, 0.286-, testDecreasingSteps(org.apache.commons.math.ode.nonstiff.ThreeEighthesIntegratorTest): function values at endpoints do not have different signs.  Endpoints: 0, 5.7, Values: 21.969, 0.544-]|
evo_regression: |true|0|21|[]|
 ----
ProgramVariant 3050
 
time(sec)= 6880
operation: ReplaceOp
location= org.apache.commons.math.analysis.solvers.BrentSolver
line= 283
lineSuspiciousness= 0.302
original statement= oldDelta = delta
fixed statement= delta = (x0 - x1) / (1 - (y0 / y1))
generation= 1525
ingredientScope= PACKAGE
validation=
failing: |true|0|1|[]|
manual_regression: |false|3|2106|[testQuinticZero(org.apache.commons.math.analysis.solvers.BrentSolverTest): expected:<1.000000001346709> but was:<0.5>-, testCumulative(org.apache.commons.math.distribution.BetaDistributionTest): Maximal number of iterations (100) exceeded-, testNextPoissonConsistency(org.apache.commons.math.random.AbstractRandomGeneratorTest): Chisquare test failed for mean = 98.0 p-value = 8.614085629865542E-4 chisquare statistic = 34.95121128387104.]|
evo_regression: |false|3|32|[test08(org.apache.commons.math.analysis.solvers.BrentSolver_ESTest): Maximal number of iterations (100) exceeded-, test21(org.apache.commons.math.analysis.solvers.BrentSolver_ESTest): expected:<15> but was:<16>-, test00(org.apache.commons.math.analysis.solvers.BrentSolver_ESTest): expected:<23> but was:<54>-]|
 ----
ProgramVariant 3068
 
time(sec)= 7014
operation: RemoveOp
location= org.apache.commons.math.ode.events.EventState
line= 285
lineSuspiciousness= 0.107
original statement= t0 = t
fixed statement= 
generation= 1534
ingredientScope= -
validation=
failing: |true|0|1|[]|
manual_regression: |false|44|2106|[testDecreasingSteps(org.apache.commons.math.ode.nonstiff.ClassicalRungeKuttaIntegratorTest): function values at endpoints do not have different signs.  Endpoints: 0, 5.7, Values: 21.969, 0.544-, testEvents(org.apache.commons.math.ode.nonstiff.DormandPrince54IntegratorTest): function values at endpoints do not have different signs.  Endpoints: 0, 5.165, Values: 18.004, 0.082-, testUnstableDerivative(org.apache.commons.math.ode.nonstiff.DormandPrince853IntegratorTest): function values at endpoints do not have different signs.  Endpoints: 0, 1, Values: -2, -1-, testEvents(org.apache.commons.math.ode.nonstiff.DormandPrince853IntegratorTest): function values at endpoints do not have different signs.  Endpoints: 0, 5.462, Values: 7.188, 0.37-, testDecreasingSteps(org.apache.commons.math.ode.nonstiff.GillIntegratorTest): function values at endpoints do not have different signs.  Endpoints: 0, 5.224, Values: 18.701, 0.138-, testUnstableDerivative(org.apache.commons.math.ode.nonstiff.GillIntegratorTest): function values at endpoints do not have different signs.  Endpoints: 0, 0.767, Values: -2, -1.233-, testUnstableDerivative(org.apache.commons.math.ode.nonstiff.GraggBulirschStoerIntegratorTest): function values at endpoints do not have different signs.  Endpoints: 0, 0.781, Values: -2, -1.219-, testEvents(org.apache.commons.math.ode.nonstiff.GraggBulirschStoerIntegratorTest): function values at endpoints do not have different signs.  Endpoints: 0, 1.942, Values: -5.731, -0-, testEvents(org.apache.commons.math.ode.nonstiff.HighamHall54IntegratorTest): function values at endpoints do not have different signs.  Endpoints: 0, 5.145, Values: 17.108, 0.061-, testDecreasingSteps(org.apache.commons.math.ode.nonstiff.MidpointIntegratorTest): function values at endpoints do not have different signs.  Endpoints: 0, 11.247, Values: 3.1, 0.286-, testDecreasingSteps(org.apache.commons.math.ode.nonstiff.ThreeEighthesIntegratorTest): function values at endpoints do not have different signs.  Endpoints: 0, 5.7, Values: 21.969, 0.544-]|
evo_regression: |true|0|21|[]|
 ----
ProgramVariant 3192
 
time(sec)= 7184
operation: RemoveOp
location= org.apache.commons.math.ode.events.EventState
line= 216
lineSuspiciousness= 0.108
original statement= solver.setAbsoluteAccuracy(convergence)
fixed statement= 
generation= 1596
ingredientScope= -
validation=
failing: |true|0|1|[]|
manual_regression: |false|9|2106|[testSmallStep(org.apache.commons.math.ode.FirstOrderConverterTest): null-, testDecreasingSteps(org.apache.commons.math.ode.nonstiff.ClassicalRungeKuttaIntegratorTest): null-, testUnstableDerivative(org.apache.commons.math.ode.nonstiff.DormandPrince853IntegratorTest): expected:<8.0> but was:<0.0>-, testEvents(org.apache.commons.math.ode.nonstiff.DormandPrince853IntegratorTest): null-, testDecreasingSteps(org.apache.commons.math.ode.nonstiff.GillIntegratorTest): null-, testUnstableDerivative(org.apache.commons.math.ode.nonstiff.GillIntegratorTest): expected:<8.0> but was:<7.700000249999773>-, testUnstableDerivative(org.apache.commons.math.ode.nonstiff.GraggBulirschStoerIntegratorTest): expected:<8.0> but was:<6.877740483045859>-, testDecreasingSteps(org.apache.commons.math.ode.nonstiff.MidpointIntegratorTest): null-, testDecreasingSteps(org.apache.commons.math.ode.nonstiff.ThreeEighthesIntegratorTest): null-]|
evo_regression: |true|0|21|[]|
 ----
ProgramVariant 3270
 
time(sec)= 7339
operation: ReplaceOp
location= org.apache.commons.math.analysis.solvers.BrentSolver
line= 282
lineSuspiciousness= 0.302
original statement= delta = 0.5 * dx
fixed statement= delta = p / p1
generation= 1635
ingredientScope= LOCAL
validation=
failing: |true|0|1|[]|
manual_regression: |false|3|2106|[testQuinticZero(org.apache.commons.math.analysis.solvers.BrentSolverTest): null-, testCumulative(org.apache.commons.math.distribution.BetaDistributionTest): Maximal number of iterations (100) exceeded-, testNextPoissonConsistency(org.apache.commons.math.random.RandomAdaptorTest): Chisquare test failed for mean = 19.0 p-value = 7.518379779001272E-4 chisquare statistic = 26.84518926765519.]|
evo_regression: |false|3|32|[test08(org.apache.commons.math.analysis.solvers.BrentSolver_ESTest): Maximal number of iterations (100) exceeded-, test21(org.apache.commons.math.analysis.solvers.BrentSolver_ESTest): expected:<15> but was:<16>-, test00(org.apache.commons.math.analysis.solvers.BrentSolver_ESTest): expected:<23> but was:<54>-]|
[INFO ] fr.inria.main.evolution.AstorMain.run(AstorMain.java:397) - Time Total(s): 7367.967


Node: graphene-10.nancy.grid5000.fr


Date: Sat Jan 28 15:40:13 CET 2017

removed classes 

zipped 

copied zip 


