seed AstorRun 27 
export PATH="/home/mmartinez/defects4j/framework/bin:$PATH";export JAVA_TOOL_OPTIONS=-Dfile.encoding=UTF8;export PATH="/usr/lib/jvm/java-1.7.0-openjdk-amd64/bin/:$PATH";cd /home/mmartinez/projects/math/math_95;defects4j compile;cp -r /home/mmartinez/projects/math/math_95 /tmp/math_95_Genprog_local_s1;cd /tmp/math_95_Genprog_local_s1;mkdir lib/;cp -r /home/mmartinez/defects4j/framework/projects/lib/* lib/;cp -r /home/mmartinez/defects4j/framework/projects/Math/lib/* lib/;find . -type f -name "package-info.java" -delete;
/home/mmartinez/defects4j-repair/src/python/core/../../../results/2016-june/Math/seed/27/package/95/Genprog/result
cd /tmp/math_95_Genprog_local_s1;export JAVA_TOOL_OPTIONS=-Dfile.encoding=UTF8;TZ="America/New_York"; export TZexport PATH="/usr/lib/jvm/java-1.7.0-openjdk-amd64/bin/:$PATH";time /home/mmartinez/jdk1.8.0_45/bin//java -Xmx4096m -cp /home/mmartinez/defects4j-repair/src/python/core/../../..//libs/astor.jar fr.inria.main.evolution.MainjGenProg -mode statement -location . -id Math -dependencies lib/ -failing org.apache.commons.math.distribution.FDistributionTest: -package org.apache.commons -jvm4testexecution /usr/lib/jvm/java-1.7.0-openjdk-amd64/bin/ -jvm4evosuitetestexecution /home/mmartinez/jdk1.8.0_45/bin/ -javacompliancelevel 6 -maxgen 1000000 -seed 27 -scope package -maxtime 120  -stopfirst false -population 1 -srcjavafolder src/java/ -srctestfolder src/test/ -binjavafolder target/classes/ -bintestfolder target/test-classes/ -flthreshold 0.1  -validation  fr.inria.astor.core.validation.validators.RegressionValidation  -ESParameters -Dassertion_timeout=1800:-Dminimization_timeout=1800:-Djunit_check_timeout=1800:-Dwrite_junit_timeout=300:-Dinitialization_timeout=300:-Dglobal_timeout=18000:-Dsearch_budget=100000:-Dstopping_condition=MaxStatements:-Dno_runtime_dependency=true:-Dsandbox=false:-Dp_reflection_on_private=0.0:-Dreflection_start_percent=1.0:-Dp_functional_mocking=0.0:-Dfunctional_mocking_percent=1.0:-mem=2000 -testbystep  -ignoredtestcases org.apache.commons.lang.LocaleUtilsTest  -excludeRegression  -maxgen 100000000 ;echo "

Node: `hostname`
";echo "
Date: `date`
"; find /tmp/math_95_Genprog_local_s1/outputMutation -name "*.class" -type f -delete;echo "removed classes 
"; find . -name bin  -type d -print0|xargs -0 rm -r --; zip -r -q out.zip /tmp/math_95_Genprog_local_s1/outputMutation; echo "zipped 
";cp out.zip /home/mmartinez/defects4j-repair/src/python/core/../../../results/2016-june/Math/seed/27/package/95/Genprog; echo "copied zip 
";rm -rf /tmp/math_95_Genprog_local_s1;

[DEBUG] fr.inria.astor.core.loop.AstorCoreEngine.showResults(AstorCoreEngine.java:136) - End Repair Loops: Found solution
[DEBUG] fr.inria.astor.core.loop.AstorCoreEngine.showResults(AstorCoreEngine.java:137) - Solution stored at: /tmp/math_95_Genprog_local_s1/./outputMutation/AstorMain-Math//src/
[DEBUG] fr.inria.astor.core.loop.AstorCoreEngine.showResults(AstorCoreEngine.java:142) - 
Number solutions:11
[DEBUG] fr.inria.astor.core.loop.AstorCoreEngine.showResults(AstorCoreEngine.java:144) - f (sol): 2.0, [Variant id: 686 (SOL) , #gens: 30, #ops: 1, parent:685]
[DEBUG] fr.inria.astor.core.loop.AstorCoreEngine.showResults(AstorCoreEngine.java:144) - f (sol): 2.0, [Variant id: 856 (SOL) , #gens: 30, #ops: 1, parent:855]
[DEBUG] fr.inria.astor.core.loop.AstorCoreEngine.showResults(AstorCoreEngine.java:144) - f (sol): 2.0, [Variant id: 1108 (SOL) , #gens: 31, #ops: 1, parent:1107]
[DEBUG] fr.inria.astor.core.loop.AstorCoreEngine.showResults(AstorCoreEngine.java:144) - f (sol): 3.0, [Variant id: 1164 (SOL) , #gens: 30, #ops: 1, parent:1163]
[DEBUG] fr.inria.astor.core.loop.AstorCoreEngine.showResults(AstorCoreEngine.java:144) - f (sol): 2.0, [Variant id: 1402 (SOL) , #gens: 30, #ops: 1, parent:1401]
[DEBUG] fr.inria.astor.core.loop.AstorCoreEngine.showResults(AstorCoreEngine.java:144) - f (sol): 2.0, [Variant id: 1648 (SOL) , #gens: 30, #ops: 1, parent:1647]
[DEBUG] fr.inria.astor.core.loop.AstorCoreEngine.showResults(AstorCoreEngine.java:144) - f (sol): 3.0, [Variant id: 1894 (SOL) , #gens: 30, #ops: 1, parent:1893]
[DEBUG] fr.inria.astor.core.loop.AstorCoreEngine.showResults(AstorCoreEngine.java:144) - f (sol): 2.0, [Variant id: 1908 (SOL) , #gens: 31, #ops: 1, parent:1907]
[DEBUG] fr.inria.astor.core.loop.AstorCoreEngine.showResults(AstorCoreEngine.java:144) - f (sol): 3.0, [Variant id: 2566 (SOL) , #gens: 30, #ops: 1, parent:2565]
[DEBUG] fr.inria.astor.core.loop.AstorCoreEngine.showResults(AstorCoreEngine.java:144) - f (sol): 3.0, [Variant id: 2784 (SOL) , #gens: 31, #ops: 1, parent:2783]
[DEBUG] fr.inria.astor.core.loop.AstorCoreEngine.showResults(AstorCoreEngine.java:144) - f (sol): 3.0, [Variant id: 3428 (SOL) , #gens: 30, #ops: 1, parent:3427]
[DEBUG] fr.inria.astor.core.loop.AstorCoreEngine.showResults(AstorCoreEngine.java:146) - 
All variants:
[DEBUG] fr.inria.astor.core.loop.AstorCoreEngine.showResults(AstorCoreEngine.java:148) - f 1.0, [Variant id: 4983, #gens: 30, #ops: 0, parent:-]
[INFO ] fr.inria.astor.core.loop.AstorCoreEngine.showResults(AstorCoreEngine.java:152) - 
Solution details
[INFO ] fr.inria.astor.core.loop.AstorCoreEngine.showResults(AstorCoreEngine.java:153) - 
 --SOLUTIONS DESCRIPTION--

 ----
ProgramVariant 686
 
time(sec)= 1562
operation: ReplaceOp
location= org.apache.commons.math.distribution.FDistributionImpl
line= 147
lineSuspiciousness= 0.258
original statement= ret = d / (d - 2.0)
fixed statement= ret = 0.0
generation= 343
ingredientScope= PACKAGE
validation=
failing: |true|0|9|[]|
manual_regression: |false|1|1298|[warning(junit.framework.TestSuite$1): Class org.apache.commons.math.ode.nonstiff.StepInterpolatorAbstractTest has no public constructor TestCase(String name) or TestCase()-]|
evo_regression: |false|1|21|[test04(org.apache.commons.math.distribution.FDistributionImpl_ESTest): expected:<404.7726930344664> but was:<0.0>-]|
 ----
ProgramVariant 856
 
time(sec)= 1691
operation: ReplaceOp
location= org.apache.commons.math.distribution.FDistributionImpl
line= 148
lineSuspiciousness= 0.258
original statement= return ret
fixed statement= return denominatorDegreesOfFreedom
generation= 428
ingredientScope= LOCAL
validation=
failing: |true|0|9|[]|
manual_regression: |false|1|1298|[warning(junit.framework.TestSuite$1): Class org.apache.commons.math.ode.nonstiff.StepInterpolatorAbstractTest has no public constructor TestCase(String name) or TestCase()-]|
evo_regression: |false|1|21|[test04(org.apache.commons.math.distribution.FDistributionImpl_ESTest): expected:<404.7726930344664> but was:<2.004953281969044>-]|
 ----
ProgramVariant 1108
 
time(sec)= 2359
operation: InsertAfterOp
location= org.apache.commons.math.distribution.FDistributionImpl
line= 147
lineSuspiciousness= 0.258
original statement= ret = d / (d - 2.0)
fixed statement= ret = 0.0
generation= 554
ingredientScope= PACKAGE
validation=
failing: |true|0|9|[]|
manual_regression: |false|1|1298|[warning(junit.framework.TestSuite$1): Class org.apache.commons.math.ode.nonstiff.StepInterpolatorAbstractTest has no public constructor TestCase(String name) or TestCase()-]|
evo_regression: |false|1|21|[test04(org.apache.commons.math.distribution.FDistributionImpl_ESTest): expected:<404.7726930344664> but was:<0.0>-]|
 ----
ProgramVariant 1164
 
time(sec)= 2723
operation: ReplaceOp
location= org.apache.commons.math.distribution.FDistributionImpl
line= 148
lineSuspiciousness= 0.258
original statement= return ret
fixed statement= return 1
generation= 582
ingredientScope= PACKAGE
validation=
failing: |true|0|9|[]|
manual_regression: |false|1|1298|[warning(junit.framework.TestSuite$1): Class org.apache.commons.math.ode.nonstiff.StepInterpolatorAbstractTest has no public constructor TestCase(String name) or TestCase()-]|
evo_regression: |false|2|21|[test05(org.apache.commons.math.distribution.FDistributionImpl_ESTest): expected:<-5.000000000000003E-16> but was:<1.0>-, test04(org.apache.commons.math.distribution.FDistributionImpl_ESTest): expected:<404.7726930344664> but was:<1.0>-]|
 ----
ProgramVariant 1402
 
time(sec)= 2985
operation: ReplaceOp
location= org.apache.commons.math.distribution.FDistributionImpl
line= 148
lineSuspiciousness= 0.258
original statement= return ret
fixed statement= return p
generation= 701
ingredientScope= PACKAGE
validation=
failing: |true|0|9|[]|
manual_regression: |false|1|1298|[warning(junit.framework.TestSuite$1): Class org.apache.commons.math.ode.nonstiff.StepInterpolatorAbstractTest has no public constructor TestCase(String name) or TestCase()-]|
evo_regression: |false|1|21|[test04(org.apache.commons.math.distribution.FDistributionImpl_ESTest): expected:<404.7726930344664> but was:<-1384.200004518>-]|
 ----
ProgramVariant 1648
 
time(sec)= 3259
operation: ReplaceOp
location= org.apache.commons.math.distribution.FDistributionImpl
line= 148
lineSuspiciousness= 0.258
original statement= return ret
fixed statement= return java.lang.Double.MIN_VALUE
generation= 824
ingredientScope= PACKAGE
validation=
failing: |true|0|9|[]|
manual_regression: |false|1|1298|[warning(junit.framework.TestSuite$1): Class org.apache.commons.math.ode.nonstiff.StepInterpolatorAbstractTest has no public constructor TestCase(String name) or TestCase()-]|
evo_regression: |false|1|21|[test04(org.apache.commons.math.distribution.FDistributionImpl_ESTest): expected:<404.7726930344664> but was:<4.9E-324>-]|
 ----
ProgramVariant 1894
 
time(sec)= 3546
operation: ReplaceOp
location= org.apache.commons.math.distribution.FDistributionImpl
line= 148
lineSuspiciousness= 0.258
original statement= return ret
fixed statement= return 1.0
generation= 947
ingredientScope= PACKAGE
validation=
failing: |true|0|9|[]|
manual_regression: |false|1|1298|[warning(junit.framework.TestSuite$1): Class org.apache.commons.math.ode.nonstiff.StepInterpolatorAbstractTest has no public constructor TestCase(String name) or TestCase()-]|
evo_regression: |false|2|21|[test05(org.apache.commons.math.distribution.FDistributionImpl_ESTest): expected:<-5.000000000000003E-16> but was:<1.0>-, test04(org.apache.commons.math.distribution.FDistributionImpl_ESTest): expected:<404.7726930344664> but was:<1.0>-]|
 ----
ProgramVariant 1908
 
time(sec)= 3651
operation: InsertBeforeOp
location= org.apache.commons.math.distribution.FDistributionImpl
line= 148
lineSuspiciousness= 0.258
original statement= return ret
fixed statement= ret = 0.0
generation= 954
ingredientScope= PACKAGE
validation=
failing: |true|0|9|[]|
manual_regression: |false|1|1298|[warning(junit.framework.TestSuite$1): Class org.apache.commons.math.ode.nonstiff.StepInterpolatorAbstractTest has no public constructor TestCase(String name) or TestCase()-]|
evo_regression: |false|1|21|[test04(org.apache.commons.math.distribution.FDistributionImpl_ESTest): expected:<404.7726930344664> but was:<0.0>-]|
 ----
ProgramVariant 2566
 
time(sec)= 4531
operation: ReplaceOp
location= org.apache.commons.math.distribution.FDistributionImpl
line= 147
lineSuspiciousness= 0.258
original statement= ret = d / (d - 2.0)
fixed statement= ret = 1.0
generation= 1283
ingredientScope= PACKAGE
validation=
failing: |true|0|9|[]|
manual_regression: |false|1|1298|[warning(junit.framework.TestSuite$1): Class org.apache.commons.math.ode.nonstiff.StepInterpolatorAbstractTest has no public constructor TestCase(String name) or TestCase()-]|
evo_regression: |false|2|21|[test05(org.apache.commons.math.distribution.FDistributionImpl_ESTest): expected:<-5.000000000000003E-16> but was:<1.0>-, test04(org.apache.commons.math.distribution.FDistributionImpl_ESTest): expected:<404.7726930344664> but was:<1.0>-]|
 ----
ProgramVariant 2784
 
time(sec)= 4674
operation: InsertAfterOp
location= org.apache.commons.math.distribution.FDistributionImpl
line= 147
lineSuspiciousness= 0.258
original statement= ret = d / (d - 2.0)
fixed statement= ret = 1.0
generation= 1392
ingredientScope= PACKAGE
validation=
failing: |true|0|9|[]|
manual_regression: |false|1|1298|[warning(junit.framework.TestSuite$1): Class org.apache.commons.math.ode.nonstiff.StepInterpolatorAbstractTest has no public constructor TestCase(String name) or TestCase()-]|
evo_regression: |false|2|21|[test05(org.apache.commons.math.distribution.FDistributionImpl_ESTest): expected:<-5.000000000000003E-16> but was:<1.0>-, test04(org.apache.commons.math.distribution.FDistributionImpl_ESTest): expected:<404.7726930344664> but was:<1.0>-]|
 ----
ProgramVariant 3428
 
time(sec)= 5732
operation: ReplaceOp
location= org.apache.commons.math.distribution.FDistributionImpl
line= 147
lineSuspiciousness= 0.258
original statement= ret = d / (d - 2.0)
fixed statement= ret = 0.5
generation= 1714
ingredientScope= PACKAGE
validation=
failing: |true|0|9|[]|
manual_regression: |false|1|1298|[warning(junit.framework.TestSuite$1): Class org.apache.commons.math.ode.nonstiff.StepInterpolatorAbstractTest has no public constructor TestCase(String name) or TestCase()-]|
evo_regression: |false|2|21|[test05(org.apache.commons.math.distribution.FDistributionImpl_ESTest): expected:<-5.000000000000003E-16> but was:<0.5>-, test04(org.apache.commons.math.distribution.FDistributionImpl_ESTest): expected:<404.7726930344664> but was:<0.5>-]|
[INFO ] fr.inria.main.evolution.AstorMain.run(AstorMain.java:397) - Time Total(s): 7304.289


Node: graphene-106.nancy.grid5000.fr


Date: Sat Jan 28 13:33:23 CET 2017

removed classes 

zipped 

copied zip 


