seed AstorRun 24 
export PATH="/home/mmartinez/defects4j/framework/bin:$PATH";export JAVA_TOOL_OPTIONS=-Dfile.encoding=UTF8;export PATH="/usr/lib/jvm/java-1.7.0-openjdk-amd64/bin/:$PATH";cd /home/mmartinez/projects/time/time_22;defects4j compile;cp -r /home/mmartinez/projects/time/time_22 /tmp/time_22_Genprog_local_s1;cd /tmp/time_22_Genprog_local_s1;mkdir lib/;cp -r /home/mmartinez/defects4j/framework/projects/lib/* lib/;cp -r /home/mmartinez/defects4j/framework/projects/Time/lib/* lib/;find . -type f -name "package-info.java" -delete;
/home/mmartinez/defects4j-repair/src/python/core/../../../results/2016-june/Time/seed/24/package/22/Genprog/result
cd /tmp/time_22_Genprog_local_s1;export JAVA_TOOL_OPTIONS=-Dfile.encoding=UTF8;TZ="America/New_York"; export TZexport PATH="/usr/lib/jvm/java-1.7.0-openjdk-amd64/bin/:$PATH";time /home/mmartinez/jdk1.8.0_45/bin//java -Xmx4096m -cp /home/mmartinez/defects4j-repair/src/python/core/../../..//libs/astor.jar fr.inria.main.evolution.MainjGenProg -mode statement -location . -id Time -dependencies lib/ -failing org.joda.time.TestDuration_Basics:org.joda.time.TestPeriod_Constructors: -package org.joda -jvm4testexecution /usr/lib/jvm/java-1.7.0-openjdk-amd64/bin/ -jvm4evosuitetestexecution /home/mmartinez/jdk1.8.0_45/bin/ -javacompliancelevel 5 -maxgen 1000000 -seed 24 -scope package -maxtime 120  -stopfirst false -population 1 -srcjavafolder src/main/java/ -srctestfolder src/test/java/ -binjavafolder build/classes/ -bintestfolder build/tests/ -flthreshold 0.1  -validation  fr.inria.astor.core.validation.validators.RegressionValidation  -ESParameters -Dassertion_timeout=1800:-Dminimization_timeout=1800:-Djunit_check_timeout=1800:-Dwrite_junit_timeout=300:-Dinitialization_timeout=300:-Dglobal_timeout=18000:-Dsearch_budget=100000:-Dstopping_condition=MaxStatements:-Dno_runtime_dependency=true:-Dsandbox=false:-Dp_reflection_on_private=0.0:-Dreflection_start_percent=1.0:-Dp_functional_mocking=0.0:-Dfunctional_mocking_percent=1.0:-mem=2000 -ignoredtestcases org.apache.commons.lang.LocaleUtilsTest  -excludeRegression  -maxgen 100000000 ;echo "

Node: `hostname`
";echo "
Date: `date`
"; find /tmp/time_22_Genprog_local_s1/outputMutation -name "*.class" -type f -delete;echo "removed classes 
"; find . -name bin  -type d -print0|xargs -0 rm -r --; zip -r -q out.zip /tmp/time_22_Genprog_local_s1/outputMutation; echo "zipped 
";cp out.zip /home/mmartinez/defects4j-repair/src/python/core/../../../results/2016-june/Time/seed/24/package/22/Genprog; echo "copied zip 
";rm -rf /tmp/time_22_Genprog_local_s1;

[DEBUG] fr.inria.astor.core.loop.AstorCoreEngine.showResults(AstorCoreEngine.java:136) - End Repair Loops: Found solution
[DEBUG] fr.inria.astor.core.loop.AstorCoreEngine.showResults(AstorCoreEngine.java:137) - Solution stored at: /tmp/time_22_Genprog_local_s1/./outputMutation/AstorMain-Time//src/
[DEBUG] fr.inria.astor.core.loop.AstorCoreEngine.showResults(AstorCoreEngine.java:142) - 
Number solutions:1
[DEBUG] fr.inria.astor.core.loop.AstorCoreEngine.showResults(AstorCoreEngine.java:144) - f (sol): 31.0, [Variant id: 926 (SOL) , #gens: 198, #ops: 1, parent:925]
[DEBUG] fr.inria.astor.core.loop.AstorCoreEngine.showResults(AstorCoreEngine.java:146) - 
All variants:
[DEBUG] fr.inria.astor.core.loop.AstorCoreEngine.showResults(AstorCoreEngine.java:148) - f 2.0, [Variant id: 5257, #gens: 198, #ops: 0, parent:-]
[INFO ] fr.inria.astor.core.loop.AstorCoreEngine.showResults(AstorCoreEngine.java:152) - 
Solution details
[INFO ] fr.inria.astor.core.loop.AstorCoreEngine.showResults(AstorCoreEngine.java:153) - 
 --SOLUTIONS DESCRIPTION--

 ----
ProgramVariant 926
 
time(sec)= 1396
operation: ReplaceOp
location= org.joda.time.tz.FixedDateTimeZone
line= 61
lineSuspiciousness= 0.249
original statement= return true
fixed statement= return false
generation= 463
ingredientScope= PACKAGE
validation=
failing: |true|0|145|[]|
manual_regression: |false|30|11489|[testIsFixed(org.joda.time.TestDateTimeZone): expected:<true> but was:<false>-, testIsFixed(org.joda.time.TestDateTimeZone): expected:<true> but was:<false>-, testDurationFields(org.joda.time.chrono.TestBuddhistChronology): expected:<true> but was:<false>-, testDurationFields(org.joda.time.chrono.TestCopticChronology): expected:<true> but was:<false>-, testDurationFields(org.joda.time.chrono.TestEthiopicChronology): expected:<true> but was:<false>-, testDurationFields(org.joda.time.chrono.TestGJChronology): expected:<true> but was:<false>-, testDurationFields(org.joda.time.chrono.TestGregorianChronology): expected:<true> but was:<false>-, testDurationFields(org.joda.time.chrono.TestIslamicChronology): expected:<true> but was:<false>-, testDurationFields(org.joda.time.chrono.TestJulianChronology): expected:<true> but was:<false>-, testDurationFields(org.joda.time.chrono.TestISOChronology): expected:<true> but was:<false>-, testFixed(org.joda.time.tz.TestBuilder): expected:<true> but was:<false>-, ...and 21 failures more, testIsFixed(org.joda.time.TestDateTimeZone): expected:<true> but was:<false>-, ...and 21 failures more, testDurationFields(org.joda.time.chrono.TestBuddhistChronology): expected:<true> but was:<false>-, ...and 21 failures more, testDurationFields(org.joda.time.chrono.TestCopticChronology): expected:<true> but was:<false>-, ...and 21 failures more, testDurationFields(org.joda.time.chrono.TestEthiopicChronology): expected:<true> but was:<false>-, ...and 21 failures more, testDurationFields(org.joda.time.chrono.TestGJChronology): expected:<true> but was:<false>-, ...and 21 failures more, testDurationFields(org.joda.time.chrono.TestGregorianChronology): expected:<true> but was:<false>-, ...and 21 failures more, testDurationFields(org.joda.time.chrono.TestIslamicChronology): expected:<true> but was:<false>-, ...and 21 failures more, testDurationFields(org.joda.time.chrono.TestJulianChronology): expected:<true> but was:<false>-, ...and 21 failures more, testDurationFields(org.joda.time.chrono.TestISOChronology): expected:<true> but was:<false>-, ...and 21 failures more, testDurationFields(org.joda.time.chrono.TestBuddhistChronology): expected:<true> but was:<false>-, ...and 21 failures more, testDurationFields(org.joda.time.chrono.TestCopticChronology): expected:<true> but was:<false>-, ...and 21 failures more, testDurationFields(org.joda.time.chrono.TestEthiopicChronology): expected:<true> but was:<false>-, ...and 21 failures more, testDurationFields(org.joda.time.chrono.TestGJChronology): expected:<true> but was:<false>-, ...and 21 failures more, testDurationFields(org.joda.time.chrono.TestGregorianChronology): expected:<true> but was:<false>-, ...and 21 failures more, testDurationFields(org.joda.time.chrono.TestISOChronology): expected:<true> but was:<false>-, ...and 21 failures more, testDurationFields(org.joda.time.chrono.TestIslamicChronology): expected:<true> but was:<false>-, ...and 21 failures more, testDurationFields(org.joda.time.chrono.TestJulianChronology): expected:<true> but was:<false>-, ...and 21 failures more, warning(junit.framework.TestSuite$1): Class org.joda.time.chrono.gj.MainTest has no public constructor TestCase(String name) or TestCase()-, ...and 21 failures more, testFixed(org.joda.time.tz.TestBuilder): expected:<true> but was:<false>-, ...and 21 failures more, testFixed(org.joda.time.tz.TestBuilder): expected:<true> but was:<false>-, ...and 21 failures more]|
evo_regression: |false|1|33|[test28(org.joda.time.tz.FixedDateTimeZone_ESTest): null-]|
[INFO ] fr.inria.main.evolution.AstorMain.run(AstorMain.java:397) - Time Total(s): 7645.872


Node: graphene-80.nancy.grid5000.fr


Date: Wed Jan 25 08:46:02 CET 2017

removed classes 

zipped 

copied zip 


