seed AstorRun 24 
export PATH="/home/mmartinez/defects4j/framework/bin:$PATH";export JAVA_TOOL_OPTIONS=-Dfile.encoding=UTF8;export PATH="/usr/lib/jvm/java-1.7.0-openjdk-amd64/bin/:$PATH";cd /home/mmartinez/projects/math/math_73;defects4j compile;cp -r /home/mmartinez/projects/math/math_73 /tmp/math_73_Genprog_local_s1;cd /tmp/math_73_Genprog_local_s1;mkdir lib/;cp -r /home/mmartinez/defects4j/framework/projects/lib/* lib/;cp -r /home/mmartinez/defects4j/framework/projects/Math/lib/* lib/;find . -type f -name "package-info.java" -delete;
/home/mmartinez/defects4j-repair/src/python/core/../../../results/2016-june/Math/seed/24/package/73/Genprog/result
cd /tmp/math_73_Genprog_local_s1;export JAVA_TOOL_OPTIONS=-Dfile.encoding=UTF8;TZ="America/New_York"; export TZexport PATH="/usr/lib/jvm/java-1.7.0-openjdk-amd64/bin/:$PATH";time /home/mmartinez/jdk1.8.0_45/bin//java -Xmx4096m -cp /home/mmartinez/defects4j-repair/src/python/core/../../..//libs/astor.jar fr.inria.main.evolution.MainjGenProg -mode statement -location . -id Math -dependencies lib/ -failing org.apache.commons.math.analysis.solvers.BrentSolverTest: -package org.apache.commons -jvm4testexecution /usr/lib/jvm/java-1.7.0-openjdk-amd64/bin/ -jvm4evosuitetestexecution /home/mmartinez/jdk1.8.0_45/bin/ -javacompliancelevel 5 -maxgen 1000000 -seed 24 -scope package -maxtime 120  -stopfirst false -population 1 -srcjavafolder src/main/java/ -srctestfolder src/test/java/ -binjavafolder target/classes/ -bintestfolder target/test-classes/ -flthreshold 0.1  -validation  fr.inria.astor.core.validation.validators.RegressionValidation  -ESParameters -Dassertion_timeout=1800:-Dminimization_timeout=1800:-Djunit_check_timeout=1800:-Dwrite_junit_timeout=300:-Dinitialization_timeout=300:-Dglobal_timeout=18000:-Dsearch_budget=100000:-Dstopping_condition=MaxStatements:-Dno_runtime_dependency=true:-Dsandbox=false:-Dp_reflection_on_private=0.0:-Dreflection_start_percent=1.0:-Dp_functional_mocking=0.0:-Dfunctional_mocking_percent=1.0:-mem=2000 -ignoredtestcases org.apache.commons.lang.LocaleUtilsTest  -excludeRegression  -maxgen 100000000 ;echo "

Node: `hostname`
";echo "
Date: `date`
"; find /tmp/math_73_Genprog_local_s1/outputMutation -name "*.class" -type f -delete;echo "removed classes 
"; find . -name bin  -type d -print0|xargs -0 rm -r --; zip -r -q out.zip /tmp/math_73_Genprog_local_s1/outputMutation; echo "zipped 
";cp out.zip /home/mmartinez/defects4j-repair/src/python/core/../../../results/2016-june/Math/seed/24/package/73/Genprog; echo "copied zip 
";rm -rf /tmp/math_73_Genprog_local_s1;

[DEBUG] fr.inria.astor.core.loop.AstorCoreEngine.showResults(AstorCoreEngine.java:136) - End Repair Loops: Found solution
[DEBUG] fr.inria.astor.core.loop.AstorCoreEngine.showResults(AstorCoreEngine.java:137) - Solution stored at: /tmp/math_73_Genprog_local_s1/./outputMutation/AstorMain-Math//src/
[DEBUG] fr.inria.astor.core.loop.AstorCoreEngine.showResults(AstorCoreEngine.java:142) - 
Number solutions:17
[DEBUG] fr.inria.astor.core.loop.AstorCoreEngine.showResults(AstorCoreEngine.java:144) - f (sol): 4.0, [Variant id: 688 (SOL) , #gens: 24, #ops: 1, parent:687]
[DEBUG] fr.inria.astor.core.loop.AstorCoreEngine.showResults(AstorCoreEngine.java:144) - f (sol): 4.0, [Variant id: 822 (SOL) , #gens: 24, #ops: 1, parent:821]
[DEBUG] fr.inria.astor.core.loop.AstorCoreEngine.showResults(AstorCoreEngine.java:144) - f (sol): 4.0, [Variant id: 984 (SOL) , #gens: 24, #ops: 1, parent:983]
[DEBUG] fr.inria.astor.core.loop.AstorCoreEngine.showResults(AstorCoreEngine.java:144) - f (sol): 7.0, [Variant id: 1354 (SOL) , #gens: 25, #ops: 1, parent:1353]
[DEBUG] fr.inria.astor.core.loop.AstorCoreEngine.showResults(AstorCoreEngine.java:144) - f (sol): 9.0, [Variant id: 2008 (SOL) , #gens: 25, #ops: 1, parent:2007]
[DEBUG] fr.inria.astor.core.loop.AstorCoreEngine.showResults(AstorCoreEngine.java:144) - f (sol): 4.0, [Variant id: 2022 (SOL) , #gens: 25, #ops: 1, parent:2021]
[DEBUG] fr.inria.astor.core.loop.AstorCoreEngine.showResults(AstorCoreEngine.java:144) - f (sol): 6.0, [Variant id: 4032 (SOL) , #gens: 25, #ops: 1, parent:4031]
[DEBUG] fr.inria.astor.core.loop.AstorCoreEngine.showResults(AstorCoreEngine.java:144) - f (sol): 9.0, [Variant id: 4218 (SOL) , #gens: 25, #ops: 1, parent:4217]
[DEBUG] fr.inria.astor.core.loop.AstorCoreEngine.showResults(AstorCoreEngine.java:144) - f (sol): 4.0, [Variant id: 4556 (SOL) , #gens: 25, #ops: 1, parent:4555]
[DEBUG] fr.inria.astor.core.loop.AstorCoreEngine.showResults(AstorCoreEngine.java:144) - f (sol): 7.0, [Variant id: 4570 (SOL) , #gens: 25, #ops: 1, parent:4569]
[DEBUG] fr.inria.astor.core.loop.AstorCoreEngine.showResults(AstorCoreEngine.java:144) - f (sol): 6.0, [Variant id: 4738 (SOL) , #gens: 25, #ops: 1, parent:4737]
[DEBUG] fr.inria.astor.core.loop.AstorCoreEngine.showResults(AstorCoreEngine.java:144) - f (sol): 9.0, [Variant id: 5198 (SOL) , #gens: 25, #ops: 1, parent:5197]
[DEBUG] fr.inria.astor.core.loop.AstorCoreEngine.showResults(AstorCoreEngine.java:144) - f (sol): 4.0, [Variant id: 6536 (SOL) , #gens: 25, #ops: 1, parent:6535]
[DEBUG] fr.inria.astor.core.loop.AstorCoreEngine.showResults(AstorCoreEngine.java:144) - f (sol): 9.0, [Variant id: 7180 (SOL) , #gens: 25, #ops: 1, parent:7179]
[DEBUG] fr.inria.astor.core.loop.AstorCoreEngine.showResults(AstorCoreEngine.java:144) - f (sol): 6.0, [Variant id: 8410 (SOL) , #gens: 25, #ops: 1, parent:8409]
[DEBUG] fr.inria.astor.core.loop.AstorCoreEngine.showResults(AstorCoreEngine.java:144) - f (sol): 6.0, [Variant id: 8654 (SOL) , #gens: 25, #ops: 1, parent:8653]
[DEBUG] fr.inria.astor.core.loop.AstorCoreEngine.showResults(AstorCoreEngine.java:144) - f (sol): 4.0, [Variant id: 9604 (SOL) , #gens: 25, #ops: 1, parent:9603]
[DEBUG] fr.inria.astor.core.loop.AstorCoreEngine.showResults(AstorCoreEngine.java:146) - 
All variants:
[DEBUG] fr.inria.astor.core.loop.AstorCoreEngine.showResults(AstorCoreEngine.java:148) - f 1.0, [Variant id: 11043, #gens: 24, #ops: 0, parent:-]
[INFO ] fr.inria.astor.core.loop.AstorCoreEngine.showResults(AstorCoreEngine.java:152) - 
Solution details
[INFO ] fr.inria.astor.core.loop.AstorCoreEngine.showResults(AstorCoreEngine.java:153) - 
 --SOLUTIONS DESCRIPTION--

 ----
ProgramVariant 688
 
time(sec)= 631
operation: ReplaceOp
location= org.apache.commons.math.analysis.solvers.BrentSolver
line= 138
lineSuspiciousness= 1
original statement= return solve(f, min, yMin, max, yMax, initial, yInitial)
fixed statement= return solve(f, min, initial)
generation= 344
ingredientScope= PACKAGE
validation=
failing: |true|0|6|[]|
manual_regression: |true|0|2140|[]|
evo_regression: |false|4|33|[test19(org.apache.commons.math.analysis.solvers.BrentSolver_ESTest): function values at endpoints do not have different signs.  Endpoints: -571.815, 1, 042.888, Values: -0.045, -0.12-, test21(org.apache.commons.math.analysis.solvers.BrentSolver_ESTest): Exception was not thrown in org.apache.commons.math.analysis.solvers.BrentSolver but in org.apache.commons.math.MathRuntimeException.createIllegalArgumentException(MathRuntimeException.java:305): org.evosuite.runtime.mock.java.lang.MockThrowable-, test00(org.apache.commons.math.analysis.solvers.BrentSolver_ESTest): function values at endpoints do not have different signs.  Endpoints: 2, 1, 678.1, Values: 6.389, ∞-, test04(org.apache.commons.math.analysis.solvers.BrentSolver_ESTest): expected:<18> but was:<0>-]|
 ----
ProgramVariant 822
 
time(sec)= 801
operation: ReplaceOp
location= org.apache.commons.math.analysis.solvers.BrentSolver
line= 138
lineSuspiciousness= 1
original statement= return solve(f, min, yMin, max, yMax, initial, yInitial)
fixed statement= return solve(f, min, max)
generation= 411
ingredientScope= PACKAGE
validation=
failing: |true|0|6|[]|
manual_regression: |true|0|2140|[]|
evo_regression: |false|4|33|[test19(org.apache.commons.math.analysis.solvers.BrentSolver_ESTest): function values at endpoints do not have different signs.  Endpoints: -571.815, 3, 418, Values: -0.045, -0.053-, test21(org.apache.commons.math.analysis.solvers.BrentSolver_ESTest): Exception was not thrown in org.apache.commons.math.analysis.solvers.BrentSolver but in org.apache.commons.math.MathRuntimeException.createIllegalArgumentException(MathRuntimeException.java:305): org.evosuite.runtime.mock.java.lang.MockThrowable-, test00(org.apache.commons.math.analysis.solvers.BrentSolver_ESTest): function values at endpoints do not have different signs.  Endpoints: 2, 23, 709, 527, 432, 466, 492, Values: 6.389, ∞-, test04(org.apache.commons.math.analysis.solvers.BrentSolver_ESTest): function values at endpoints do not have different signs.  Endpoints: -571.815, 2, 919.714, Values: -0.045, -0.923-]|
 ----
ProgramVariant 984
 
time(sec)= 961
operation: ReplaceOp
location= org.apache.commons.math.analysis.solvers.BrentSolver
line= 138
lineSuspiciousness= 1
original statement= return solve(f, min, yMin, max, yMax, initial, yInitial)
fixed statement= return solve(f, initial, max)
generation= 492
ingredientScope= PACKAGE
validation=
failing: |true|0|6|[]|
manual_regression: |true|0|2140|[]|
evo_regression: |false|4|33|[test19(org.apache.commons.math.analysis.solvers.BrentSolver_ESTest): function values at endpoints do not have different signs.  Endpoints: 1, 042.888, 3, 418, Values: -0.12, -0.053-, test21(org.apache.commons.math.analysis.solvers.BrentSolver_ESTest): Exception was not thrown in org.apache.commons.math.analysis.solvers.BrentSolver but in org.apache.commons.math.MathRuntimeException.createIllegalArgumentException(MathRuntimeException.java:305): org.evosuite.runtime.mock.java.lang.MockThrowable-, test00(org.apache.commons.math.analysis.solvers.BrentSolver_ESTest): function values at endpoints do not have different signs.  Endpoints: 1, 678.1, 23, 709, 527, 432, 466, 492, Values: ∞, ∞-, test04(org.apache.commons.math.analysis.solvers.BrentSolver_ESTest): expected:<18> but was:<0>-]|
 ----
ProgramVariant 1354
 
time(sec)= 1228
operation: InsertBeforeOp
location= org.apache.commons.math.analysis.solvers.BrentSolver
line= 120
lineSuspiciousness= 0.707
original statement= if ((yInitial * yMin) < 0) {
	return solve(f, min, yMin, initial, yInitial, min, yMin);
} 
fixed statement= verifyBracketing(min, max, f)
generation= 677
ingredientScope= PACKAGE
validation=
failing: |true|0|6|[]|
manual_regression: |true|0|2140|[]|
evo_regression: |false|7|33|[test19(org.apache.commons.math.analysis.solvers.BrentSolver_ESTest): function values at endpoints do not have different signs.  Endpoints: -571.815, 3, 418, Values: -0.045, -0.053-, test28(org.apache.commons.math.analysis.solvers.BrentSolver_ESTest): function values at endpoints do not have different signs.  Endpoints: -2, 899.101, 0, Values: -0.555, 0-, test09(org.apache.commons.math.analysis.solvers.BrentSolver_ESTest): Exception was not thrown in org.apache.commons.math.analysis.solvers.BrentSolver but in org.apache.commons.math.MathRuntimeException.createIllegalArgumentException(MathRuntimeException.java:305): org.evosuite.runtime.mock.java.lang.MockThrowable-, test21(org.apache.commons.math.analysis.solvers.BrentSolver_ESTest): Exception was not thrown in org.apache.commons.math.analysis.solvers.BrentSolver but in org.apache.commons.math.MathRuntimeException.createIllegalArgumentException(MathRuntimeException.java:305): org.evosuite.runtime.mock.java.lang.MockThrowable-, test00(org.apache.commons.math.analysis.solvers.BrentSolver_ESTest): function values at endpoints do not have different signs.  Endpoints: 2, 23, 709, 527, 432, 466, 492, Values: 6.389, ∞-, test03(org.apache.commons.math.analysis.solvers.BrentSolver_ESTest): function values at endpoints do not have different signs.  Endpoints: -2, 899.101, 0, Values: -0.555, 0-, test04(org.apache.commons.math.analysis.solvers.BrentSolver_ESTest): function values at endpoints do not have different signs.  Endpoints: -571.815, 2, 919.714, Values: -0.045, -0.923-]|
 ----
ProgramVariant 2008
 
time(sec)= 1743
operation: InsertBeforeOp
location= org.apache.commons.math.analysis.solvers.BrentSolver
line= 113
lineSuspiciousness= 0.707
original statement= double yMin = f.value(min)
fixed statement= verifyBracketing(min, max, f)
generation= 1004
ingredientScope= PACKAGE
validation=
failing: |true|0|6|[]|
manual_regression: |true|0|2140|[]|
evo_regression: |false|9|33|[test30(org.apache.commons.math.analysis.solvers.BrentSolver_ESTest): function values at endpoints do not have different signs.  Endpoints: 0, 4, 097.318, Values: 0, 0.63-, test19(org.apache.commons.math.analysis.solvers.BrentSolver_ESTest): function values at endpoints do not have different signs.  Endpoints: -571.815, 3, 418, Values: -0.045, -0.053-, test28(org.apache.commons.math.analysis.solvers.BrentSolver_ESTest): function values at endpoints do not have different signs.  Endpoints: -2, 899.101, 0, Values: -0.555, 0-, test09(org.apache.commons.math.analysis.solvers.BrentSolver_ESTest): Exception was not thrown in org.apache.commons.math.analysis.solvers.BrentSolver but in org.apache.commons.math.MathRuntimeException.createIllegalArgumentException(MathRuntimeException.java:305): org.evosuite.runtime.mock.java.lang.MockThrowable-, test21(org.apache.commons.math.analysis.solvers.BrentSolver_ESTest): Exception was not thrown in org.apache.commons.math.analysis.solvers.BrentSolver but in org.apache.commons.math.MathRuntimeException.createIllegalArgumentException(MathRuntimeException.java:305): org.evosuite.runtime.mock.java.lang.MockThrowable-, test20(org.apache.commons.math.analysis.solvers.BrentSolver_ESTest): function values at endpoints do not have different signs.  Endpoints: 0.5, 60.932, Values: -0, 839, 601, 403.761-, test00(org.apache.commons.math.analysis.solvers.BrentSolver_ESTest): function values at endpoints do not have different signs.  Endpoints: 2, 23, 709, 527, 432, 466, 492, Values: 6.389, ∞-, test03(org.apache.commons.math.analysis.solvers.BrentSolver_ESTest): function values at endpoints do not have different signs.  Endpoints: -2, 899.101, 0, Values: -0.555, 0-, test04(org.apache.commons.math.analysis.solvers.BrentSolver_ESTest): function values at endpoints do not have different signs.  Endpoints: -571.815, 2, 919.714, Values: -0.045, -0.923-]|
 ----
ProgramVariant 2022
 
time(sec)= 1817
operation: InsertAfterOp
location= org.apache.commons.math.analysis.solvers.BrentSolver
line= 126
lineSuspiciousness= 0.707
original statement= if ((java.lang.Math.abs(yMax)) <= (functionValueAccuracy)) {
	setResult(yMax, 0);
	return result;
} 
fixed statement= verifyBracketing(min, max, f)
generation= 1011
ingredientScope= PACKAGE
validation=
failing: |true|0|6|[]|
manual_regression: |true|0|2140|[]|
evo_regression: |false|4|33|[test19(org.apache.commons.math.analysis.solvers.BrentSolver_ESTest): function values at endpoints do not have different signs.  Endpoints: -571.815, 3, 418, Values: -0.045, -0.053-, test21(org.apache.commons.math.analysis.solvers.BrentSolver_ESTest): Exception was not thrown in org.apache.commons.math.analysis.solvers.BrentSolver but in org.apache.commons.math.MathRuntimeException.createIllegalArgumentException(MathRuntimeException.java:305): org.evosuite.runtime.mock.java.lang.MockThrowable-, test00(org.apache.commons.math.analysis.solvers.BrentSolver_ESTest): function values at endpoints do not have different signs.  Endpoints: 2, 23, 709, 527, 432, 466, 492, Values: 6.389, ∞-, test04(org.apache.commons.math.analysis.solvers.BrentSolver_ESTest): function values at endpoints do not have different signs.  Endpoints: -571.815, 2, 919.714, Values: -0.045, -0.923-]|
 ----
ProgramVariant 4032
 
time(sec)= 2953
operation: InsertAfterOp
location= org.apache.commons.math.analysis.solvers.BrentSolver
line= 120
lineSuspiciousness= 0.707
original statement= if ((yInitial * yMin) < 0) {
	return solve(f, min, yMin, initial, yInitial, min, yMin);
} 
fixed statement= verifyBracketing(min, max, f)
generation= 2016
ingredientScope= PACKAGE
validation=
failing: |true|0|6|[]|
manual_regression: |true|0|2140|[]|
evo_regression: |false|6|33|[test19(org.apache.commons.math.analysis.solvers.BrentSolver_ESTest): function values at endpoints do not have different signs.  Endpoints: -571.815, 3, 418, Values: -0.045, -0.053-, test28(org.apache.commons.math.analysis.solvers.BrentSolver_ESTest): function values at endpoints do not have different signs.  Endpoints: -2, 899.101, 0, Values: -0.555, 0-, test21(org.apache.commons.math.analysis.solvers.BrentSolver_ESTest): Exception was not thrown in org.apache.commons.math.analysis.solvers.BrentSolver but in org.apache.commons.math.MathRuntimeException.createIllegalArgumentException(MathRuntimeException.java:305): org.evosuite.runtime.mock.java.lang.MockThrowable-, test00(org.apache.commons.math.analysis.solvers.BrentSolver_ESTest): function values at endpoints do not have different signs.  Endpoints: 2, 23, 709, 527, 432, 466, 492, Values: 6.389, ∞-, test03(org.apache.commons.math.analysis.solvers.BrentSolver_ESTest): function values at endpoints do not have different signs.  Endpoints: -2, 899.101, 0, Values: -0.555, 0-, test04(org.apache.commons.math.analysis.solvers.BrentSolver_ESTest): function values at endpoints do not have different signs.  Endpoints: -571.815, 2, 919.714, Values: -0.045, -0.923-]|
 ----
ProgramVariant 4218
 
time(sec)= 3123
operation: InsertBeforeOp
location= org.apache.commons.math.analysis.solvers.BrentSolver
line= 114
lineSuspiciousness= 0.707
original statement= if ((java.lang.Math.abs(yMin)) <= (functionValueAccuracy)) {
	setResult(yMin, 0);
	return result;
} 
fixed statement= verifyBracketing(min, max, f)
generation= 2109
ingredientScope= PACKAGE
validation=
failing: |true|0|6|[]|
manual_regression: |true|0|2140|[]|
evo_regression: |false|9|33|[test30(org.apache.commons.math.analysis.solvers.BrentSolver_ESTest): function values at endpoints do not have different signs.  Endpoints: 0, 4, 097.318, Values: 0, 0.63-, test19(org.apache.commons.math.analysis.solvers.BrentSolver_ESTest): function values at endpoints do not have different signs.  Endpoints: -571.815, 3, 418, Values: -0.045, -0.053-, test28(org.apache.commons.math.analysis.solvers.BrentSolver_ESTest): function values at endpoints do not have different signs.  Endpoints: -2, 899.101, 0, Values: -0.555, 0-, test09(org.apache.commons.math.analysis.solvers.BrentSolver_ESTest): Exception was not thrown in org.apache.commons.math.analysis.solvers.BrentSolver but in org.apache.commons.math.MathRuntimeException.createIllegalArgumentException(MathRuntimeException.java:305): org.evosuite.runtime.mock.java.lang.MockThrowable-, test21(org.apache.commons.math.analysis.solvers.BrentSolver_ESTest): Exception was not thrown in org.apache.commons.math.analysis.solvers.BrentSolver but in org.apache.commons.math.MathRuntimeException.createIllegalArgumentException(MathRuntimeException.java:305): org.evosuite.runtime.mock.java.lang.MockThrowable-, test20(org.apache.commons.math.analysis.solvers.BrentSolver_ESTest): function values at endpoints do not have different signs.  Endpoints: 0.5, 60.932, Values: -0, 839, 601, 403.761-, test00(org.apache.commons.math.analysis.solvers.BrentSolver_ESTest): function values at endpoints do not have different signs.  Endpoints: 2, 23, 709, 527, 432, 466, 492, Values: 6.389, ∞-, test03(org.apache.commons.math.analysis.solvers.BrentSolver_ESTest): function values at endpoints do not have different signs.  Endpoints: -2, 899.101, 0, Values: -0.555, 0-, test04(org.apache.commons.math.analysis.solvers.BrentSolver_ESTest): function values at endpoints do not have different signs.  Endpoints: -571.815, 2, 919.714, Values: -0.045, -0.923-]|
 ----
ProgramVariant 4556
 
time(sec)= 3381
operation: InsertBeforeOp
location= org.apache.commons.math.analysis.solvers.BrentSolver
line= 138
lineSuspiciousness= 1
original statement= return solve(f, min, yMin, max, yMax, initial, yInitial)
fixed statement= verifyBracketing(min, max, f)
generation= 2278
ingredientScope= PACKAGE
validation=
failing: |true|0|6|[]|
manual_regression: |true|0|2140|[]|
evo_regression: |false|4|33|[test19(org.apache.commons.math.analysis.solvers.BrentSolver_ESTest): function values at endpoints do not have different signs.  Endpoints: -571.815, 3, 418, Values: -0.045, -0.053-, test21(org.apache.commons.math.analysis.solvers.BrentSolver_ESTest): Exception was not thrown in org.apache.commons.math.analysis.solvers.BrentSolver but in org.apache.commons.math.MathRuntimeException.createIllegalArgumentException(MathRuntimeException.java:305): org.evosuite.runtime.mock.java.lang.MockThrowable-, test00(org.apache.commons.math.analysis.solvers.BrentSolver_ESTest): function values at endpoints do not have different signs.  Endpoints: 2, 23, 709, 527, 432, 466, 492, Values: 6.389, ∞-, test04(org.apache.commons.math.analysis.solvers.BrentSolver_ESTest): function values at endpoints do not have different signs.  Endpoints: -571.815, 2, 919.714, Values: -0.045, -0.923-]|
 ----
ProgramVariant 4570
 
time(sec)= 3457
operation: InsertAfterOp
location= org.apache.commons.math.analysis.solvers.BrentSolver
line= 114
lineSuspiciousness= 0.707
original statement= if ((java.lang.Math.abs(yMin)) <= (functionValueAccuracy)) {
	setResult(yMin, 0);
	return result;
} 
fixed statement= verifyBracketing(min, max, f)
generation= 2285
ingredientScope= PACKAGE
validation=
failing: |true|0|6|[]|
manual_regression: |true|0|2140|[]|
evo_regression: |false|7|33|[test19(org.apache.commons.math.analysis.solvers.BrentSolver_ESTest): function values at endpoints do not have different signs.  Endpoints: -571.815, 3, 418, Values: -0.045, -0.053-, test28(org.apache.commons.math.analysis.solvers.BrentSolver_ESTest): function values at endpoints do not have different signs.  Endpoints: -2, 899.101, 0, Values: -0.555, 0-, test09(org.apache.commons.math.analysis.solvers.BrentSolver_ESTest): Exception was not thrown in org.apache.commons.math.analysis.solvers.BrentSolver but in org.apache.commons.math.MathRuntimeException.createIllegalArgumentException(MathRuntimeException.java:305): org.evosuite.runtime.mock.java.lang.MockThrowable-, test21(org.apache.commons.math.analysis.solvers.BrentSolver_ESTest): Exception was not thrown in org.apache.commons.math.analysis.solvers.BrentSolver but in org.apache.commons.math.MathRuntimeException.createIllegalArgumentException(MathRuntimeException.java:305): org.evosuite.runtime.mock.java.lang.MockThrowable-, test00(org.apache.commons.math.analysis.solvers.BrentSolver_ESTest): function values at endpoints do not have different signs.  Endpoints: 2, 23, 709, 527, 432, 466, 492, Values: 6.389, ∞-, test03(org.apache.commons.math.analysis.solvers.BrentSolver_ESTest): function values at endpoints do not have different signs.  Endpoints: -2, 899.101, 0, Values: -0.555, 0-, test04(org.apache.commons.math.analysis.solvers.BrentSolver_ESTest): function values at endpoints do not have different signs.  Endpoints: -571.815, 2, 919.714, Values: -0.045, -0.923-]|
 ----
ProgramVariant 4738
 
time(sec)= 3625
operation: InsertBeforeOp
location= org.apache.commons.math.analysis.solvers.BrentSolver
line= 126
lineSuspiciousness= 0.707
original statement= if ((java.lang.Math.abs(yMax)) <= (functionValueAccuracy)) {
	setResult(yMax, 0);
	return result;
} 
fixed statement= verifyBracketing(min, max, f)
generation= 2369
ingredientScope= PACKAGE
validation=
failing: |true|0|6|[]|
manual_regression: |true|0|2140|[]|
evo_regression: |false|6|33|[test19(org.apache.commons.math.analysis.solvers.BrentSolver_ESTest): function values at endpoints do not have different signs.  Endpoints: -571.815, 3, 418, Values: -0.045, -0.053-, test28(org.apache.commons.math.analysis.solvers.BrentSolver_ESTest): function values at endpoints do not have different signs.  Endpoints: -2, 899.101, 0, Values: -0.555, 0-, test21(org.apache.commons.math.analysis.solvers.BrentSolver_ESTest): Exception was not thrown in org.apache.commons.math.analysis.solvers.BrentSolver but in org.apache.commons.math.MathRuntimeException.createIllegalArgumentException(MathRuntimeException.java:305): org.evosuite.runtime.mock.java.lang.MockThrowable-, test00(org.apache.commons.math.analysis.solvers.BrentSolver_ESTest): function values at endpoints do not have different signs.  Endpoints: 2, 23, 709, 527, 432, 466, 492, Values: 6.389, ∞-, test03(org.apache.commons.math.analysis.solvers.BrentSolver_ESTest): function values at endpoints do not have different signs.  Endpoints: -2, 899.101, 0, Values: -0.555, 0-, test04(org.apache.commons.math.analysis.solvers.BrentSolver_ESTest): function values at endpoints do not have different signs.  Endpoints: -571.815, 2, 919.714, Values: -0.045, -0.923-]|
 ----
ProgramVariant 5198
 
time(sec)= 3902
operation: InsertAfterOp
location= org.apache.commons.math.analysis.solvers.BrentSolver
line= 113
lineSuspiciousness= 0.707
original statement= double yMin = f.value(min)
fixed statement= verifyBracketing(min, max, f)
generation= 2599
ingredientScope= PACKAGE
validation=
failing: |true|0|6|[]|
manual_regression: |true|0|2140|[]|
evo_regression: |false|9|33|[test30(org.apache.commons.math.analysis.solvers.BrentSolver_ESTest): function values at endpoints do not have different signs.  Endpoints: 0, 4, 097.318, Values: 0, 0.63-, test19(org.apache.commons.math.analysis.solvers.BrentSolver_ESTest): function values at endpoints do not have different signs.  Endpoints: -571.815, 3, 418, Values: -0.045, -0.053-, test28(org.apache.commons.math.analysis.solvers.BrentSolver_ESTest): function values at endpoints do not have different signs.  Endpoints: -2, 899.101, 0, Values: -0.555, 0-, test09(org.apache.commons.math.analysis.solvers.BrentSolver_ESTest): Exception was not thrown in org.apache.commons.math.analysis.solvers.BrentSolver but in org.apache.commons.math.MathRuntimeException.createIllegalArgumentException(MathRuntimeException.java:305): org.evosuite.runtime.mock.java.lang.MockThrowable-, test21(org.apache.commons.math.analysis.solvers.BrentSolver_ESTest): Exception was not thrown in org.apache.commons.math.analysis.solvers.BrentSolver but in org.apache.commons.math.MathRuntimeException.createIllegalArgumentException(MathRuntimeException.java:305): org.evosuite.runtime.mock.java.lang.MockThrowable-, test20(org.apache.commons.math.analysis.solvers.BrentSolver_ESTest): function values at endpoints do not have different signs.  Endpoints: 0.5, 60.932, Values: -0, 839, 601, 403.761-, test00(org.apache.commons.math.analysis.solvers.BrentSolver_ESTest): function values at endpoints do not have different signs.  Endpoints: 2, 23, 709, 527, 432, 466, 492, Values: 6.389, ∞-, test03(org.apache.commons.math.analysis.solvers.BrentSolver_ESTest): function values at endpoints do not have different signs.  Endpoints: -2, 899.101, 0, Values: -0.555, 0-, test04(org.apache.commons.math.analysis.solvers.BrentSolver_ESTest): function values at endpoints do not have different signs.  Endpoints: -571.815, 2, 919.714, Values: -0.045, -0.923-]|
 ----
ProgramVariant 6536
 
time(sec)= 4712
operation: InsertBeforeOp
location= org.apache.commons.math.analysis.solvers.BrentSolver
line= 132
lineSuspiciousness= 0.707
original statement= if ((yInitial * yMax) < 0) {
	return solve(f, initial, yInitial, max, yMax, initial, yInitial);
} 
fixed statement= verifyBracketing(min, max, f)
generation= 3268
ingredientScope= PACKAGE
validation=
failing: |true|0|6|[]|
manual_regression: |true|0|2140|[]|
evo_regression: |false|4|33|[test19(org.apache.commons.math.analysis.solvers.BrentSolver_ESTest): function values at endpoints do not have different signs.  Endpoints: -571.815, 3, 418, Values: -0.045, -0.053-, test21(org.apache.commons.math.analysis.solvers.BrentSolver_ESTest): Exception was not thrown in org.apache.commons.math.analysis.solvers.BrentSolver but in org.apache.commons.math.MathRuntimeException.createIllegalArgumentException(MathRuntimeException.java:305): org.evosuite.runtime.mock.java.lang.MockThrowable-, test00(org.apache.commons.math.analysis.solvers.BrentSolver_ESTest): function values at endpoints do not have different signs.  Endpoints: 2, 23, 709, 527, 432, 466, 492, Values: 6.389, ∞-, test04(org.apache.commons.math.analysis.solvers.BrentSolver_ESTest): function values at endpoints do not have different signs.  Endpoints: -571.815, 2, 919.714, Values: -0.045, -0.923-]|
 ----
ProgramVariant 7180
 
time(sec)= 5117
operation: InsertAfterOp
location= org.apache.commons.math.analysis.solvers.BrentSolver
line= 107
lineSuspiciousness= 0.707
original statement= if ((java.lang.Math.abs(yInitial)) <= (functionValueAccuracy)) {
	setResult(initial, 0);
	return result;
} 
fixed statement= verifyBracketing(min, max, f)
generation= 3590
ingredientScope= PACKAGE
validation=
failing: |true|0|6|[]|
manual_regression: |true|0|2140|[]|
evo_regression: |false|9|33|[test30(org.apache.commons.math.analysis.solvers.BrentSolver_ESTest): function values at endpoints do not have different signs.  Endpoints: 0, 4, 097.318, Values: 0, 0.63-, test19(org.apache.commons.math.analysis.solvers.BrentSolver_ESTest): function values at endpoints do not have different signs.  Endpoints: -571.815, 3, 418, Values: -0.045, -0.053-, test28(org.apache.commons.math.analysis.solvers.BrentSolver_ESTest): function values at endpoints do not have different signs.  Endpoints: -2, 899.101, 0, Values: -0.555, 0-, test09(org.apache.commons.math.analysis.solvers.BrentSolver_ESTest): Exception was not thrown in org.apache.commons.math.analysis.solvers.BrentSolver but in org.apache.commons.math.MathRuntimeException.createIllegalArgumentException(MathRuntimeException.java:305): org.evosuite.runtime.mock.java.lang.MockThrowable-, test21(org.apache.commons.math.analysis.solvers.BrentSolver_ESTest): Exception was not thrown in org.apache.commons.math.analysis.solvers.BrentSolver but in org.apache.commons.math.MathRuntimeException.createIllegalArgumentException(MathRuntimeException.java:305): org.evosuite.runtime.mock.java.lang.MockThrowable-, test20(org.apache.commons.math.analysis.solvers.BrentSolver_ESTest): function values at endpoints do not have different signs.  Endpoints: 0.5, 60.932, Values: -0, 839, 601, 403.761-, test00(org.apache.commons.math.analysis.solvers.BrentSolver_ESTest): function values at endpoints do not have different signs.  Endpoints: 2, 23, 709, 527, 432, 466, 492, Values: 6.389, ∞-, test03(org.apache.commons.math.analysis.solvers.BrentSolver_ESTest): function values at endpoints do not have different signs.  Endpoints: -2, 899.101, 0, Values: -0.555, 0-, test04(org.apache.commons.math.analysis.solvers.BrentSolver_ESTest): function values at endpoints do not have different signs.  Endpoints: -571.815, 2, 919.714, Values: -0.045, -0.923-]|
 ----
ProgramVariant 8410
 
time(sec)= 5841
operation: InsertBeforeOp
location= org.apache.commons.math.analysis.solvers.BrentSolver
line= 125
lineSuspiciousness= 0.707
original statement= double yMax = f.value(max)
fixed statement= verifyBracketing(min, max, f)
generation= 4205
ingredientScope= PACKAGE
validation=
failing: |true|0|6|[]|
manual_regression: |true|0|2140|[]|
evo_regression: |false|6|33|[test19(org.apache.commons.math.analysis.solvers.BrentSolver_ESTest): function values at endpoints do not have different signs.  Endpoints: -571.815, 3, 418, Values: -0.045, -0.053-, test28(org.apache.commons.math.analysis.solvers.BrentSolver_ESTest): function values at endpoints do not have different signs.  Endpoints: -2, 899.101, 0, Values: -0.555, 0-, test21(org.apache.commons.math.analysis.solvers.BrentSolver_ESTest): Exception was not thrown in org.apache.commons.math.analysis.solvers.BrentSolver but in org.apache.commons.math.MathRuntimeException.createIllegalArgumentException(MathRuntimeException.java:305): org.evosuite.runtime.mock.java.lang.MockThrowable-, test00(org.apache.commons.math.analysis.solvers.BrentSolver_ESTest): function values at endpoints do not have different signs.  Endpoints: 2, 23, 709, 527, 432, 466, 492, Values: 6.389, ∞-, test03(org.apache.commons.math.analysis.solvers.BrentSolver_ESTest): function values at endpoints do not have different signs.  Endpoints: -2, 899.101, 0, Values: -0.555, 0-, test04(org.apache.commons.math.analysis.solvers.BrentSolver_ESTest): function values at endpoints do not have different signs.  Endpoints: -571.815, 2, 919.714, Values: -0.045, -0.923-]|
 ----
ProgramVariant 8654
 
time(sec)= 6094
operation: InsertAfterOp
location= org.apache.commons.math.analysis.solvers.BrentSolver
line= 125
lineSuspiciousness= 0.707
original statement= double yMax = f.value(max)
fixed statement= verifyBracketing(min, max, f)
generation= 4327
ingredientScope= PACKAGE
validation=
failing: |true|0|6|[]|
manual_regression: |true|0|2140|[]|
evo_regression: |false|6|33|[test19(org.apache.commons.math.analysis.solvers.BrentSolver_ESTest): function values at endpoints do not have different signs.  Endpoints: -571.815, 3, 418, Values: -0.045, -0.053-, test28(org.apache.commons.math.analysis.solvers.BrentSolver_ESTest): function values at endpoints do not have different signs.  Endpoints: -2, 899.101, 0, Values: -0.555, 0-, test21(org.apache.commons.math.analysis.solvers.BrentSolver_ESTest): Exception was not thrown in org.apache.commons.math.analysis.solvers.BrentSolver but in org.apache.commons.math.MathRuntimeException.createIllegalArgumentException(MathRuntimeException.java:305): org.evosuite.runtime.mock.java.lang.MockThrowable-, test00(org.apache.commons.math.analysis.solvers.BrentSolver_ESTest): function values at endpoints do not have different signs.  Endpoints: 2, 23, 709, 527, 432, 466, 492, Values: 6.389, ∞-, test03(org.apache.commons.math.analysis.solvers.BrentSolver_ESTest): function values at endpoints do not have different signs.  Endpoints: -2, 899.101, 0, Values: -0.555, 0-, test04(org.apache.commons.math.analysis.solvers.BrentSolver_ESTest): function values at endpoints do not have different signs.  Endpoints: -571.815, 2, 919.714, Values: -0.045, -0.923-]|
 ----
ProgramVariant 9604
 
time(sec)= 6667
operation: InsertAfterOp
location= org.apache.commons.math.analysis.solvers.BrentSolver
line= 132
lineSuspiciousness= 0.707
original statement= if ((yInitial * yMax) < 0) {
	return solve(f, initial, yInitial, max, yMax, initial, yInitial);
} 
fixed statement= verifyBracketing(min, max, f)
generation= 4802
ingredientScope= PACKAGE
validation=
failing: |true|0|6|[]|
manual_regression: |true|0|2140|[]|
evo_regression: |false|4|33|[test19(org.apache.commons.math.analysis.solvers.BrentSolver_ESTest): function values at endpoints do not have different signs.  Endpoints: -571.815, 3, 418, Values: -0.045, -0.053-, test21(org.apache.commons.math.analysis.solvers.BrentSolver_ESTest): Exception was not thrown in org.apache.commons.math.analysis.solvers.BrentSolver but in org.apache.commons.math.MathRuntimeException.createIllegalArgumentException(MathRuntimeException.java:305): org.evosuite.runtime.mock.java.lang.MockThrowable-, test00(org.apache.commons.math.analysis.solvers.BrentSolver_ESTest): function values at endpoints do not have different signs.  Endpoints: 2, 23, 709, 527, 432, 466, 492, Values: 6.389, ∞-, test04(org.apache.commons.math.analysis.solvers.BrentSolver_ESTest): function values at endpoints do not have different signs.  Endpoints: -571.815, 2, 919.714, Values: -0.045, -0.923-]|
[INFO ] fr.inria.main.evolution.AstorMain.run(AstorMain.java:397) - Time Total(s): 7279.931


Node: grimoire-7.nancy.grid5000.fr


Date: Wed Jan 25 04:11:21 CET 2017

removed classes 

zipped 

copied zip 


