seed AstorRun 20 
export PATH="/home/mmartinez/defects4j/framework/bin:$PATH";export JAVA_TOOL_OPTIONS=-Dfile.encoding=UTF8;export PATH="/usr/lib/jvm/java-1.7.0-openjdk-amd64/bin/:$PATH";cd /home/mmartinez/projects/math/math_104;defects4j compile;cp -r /home/mmartinez/projects/math/math_104 /tmp/math_104_Genprog_local_s1;cd /tmp/math_104_Genprog_local_s1;mkdir lib/;cp -r /home/mmartinez/defects4j/framework/projects/lib/* lib/;cp -r /home/mmartinez/defects4j/framework/projects/Math/lib/* lib/;find . -type f -name "package-info.java" -delete;
/home/mmartinez/defects4j-repair/src/python/core/../../../results/2016-june/Math/seed/20/package/104/Genprog/result
cd /tmp/math_104_Genprog_local_s1;export JAVA_TOOL_OPTIONS=-Dfile.encoding=UTF8;TZ="America/New_York"; export TZexport PATH="/usr/lib/jvm/java-1.7.0-openjdk-amd64/bin/:$PATH";time /home/mmartinez/jdk1.8.0_45/bin//java -Xmx4096m -cp /home/mmartinez/defects4j-repair/src/python/core/../../..//libs/astor.jar fr.inria.main.evolution.MainjGenProg -mode statement -location . -id Math -dependencies lib/ -failing org.apache.commons.math.special.GammaTest: -package org.apache.commons -jvm4testexecution /usr/lib/jvm/java-1.7.0-openjdk-amd64/bin/ -jvm4evosuitetestexecution /home/mmartinez/jdk1.8.0_45/bin/ -javacompliancelevel 3 -maxgen 1000000 -seed 20 -scope package -maxtime 120  -stopfirst false -population 1 -srcjavafolder src/java/ -srctestfolder src/test/ -binjavafolder target/classes/ -bintestfolder target/test-classes/ -flthreshold 0.1  -validation  fr.inria.astor.core.validation.validators.RegressionValidation  -ESParameters -Dassertion_timeout=1800:-Dminimization_timeout=1800:-Djunit_check_timeout=1800:-Dwrite_junit_timeout=300:-Dinitialization_timeout=300:-Dglobal_timeout=18000:-Dsearch_budget=100000:-Dstopping_condition=MaxStatements:-Dno_runtime_dependency=true:-Dsandbox=false:-Dp_reflection_on_private=0.0:-Dreflection_start_percent=1.0:-Dp_functional_mocking=0.0:-Dfunctional_mocking_percent=1.0:-mem=2000 -ignoredtestcases org.apache.commons.lang.LocaleUtilsTest  -excludeRegression  -maxgen 100000000 ;echo "

Node: `hostname`
";echo "
Date: `date`
"; find /tmp/math_104_Genprog_local_s1/outputMutation -name "*.class" -type f -delete;echo "removed classes 
"; find . -name bin  -type d -print0|xargs -0 rm -r --; zip -r -q out.zip /tmp/math_104_Genprog_local_s1/outputMutation; echo "zipped 
";cp out.zip /home/mmartinez/defects4j-repair/src/python/core/../../../results/2016-june/Math/seed/20/package/104/Genprog; echo "copied zip 
";rm -rf /tmp/math_104_Genprog_local_s1;

[DEBUG] fr.inria.astor.core.loop.AstorCoreEngine.showResults(AstorCoreEngine.java:136) - End Repair Loops: Found solution
[DEBUG] fr.inria.astor.core.loop.AstorCoreEngine.showResults(AstorCoreEngine.java:137) - Solution stored at: /tmp/math_104_Genprog_local_s1/./outputMutation/AstorMain-Math//src/
[DEBUG] fr.inria.astor.core.loop.AstorCoreEngine.showResults(AstorCoreEngine.java:142) - 
Number solutions:3
[DEBUG] fr.inria.astor.core.loop.AstorCoreEngine.showResults(AstorCoreEngine.java:144) - f (sol): 35.0, [Variant id: 1034 (SOL) , #gens: 21, #ops: 1, parent:1033]
[DEBUG] fr.inria.astor.core.loop.AstorCoreEngine.showResults(AstorCoreEngine.java:144) - f (sol): 35.0, [Variant id: 1628 (SOL) , #gens: 21, #ops: 1, parent:1627]
[DEBUG] fr.inria.astor.core.loop.AstorCoreEngine.showResults(AstorCoreEngine.java:144) - f (sol): 35.0, [Variant id: 2534 (SOL) , #gens: 20, #ops: 1, parent:2533]
[DEBUG] fr.inria.astor.core.loop.AstorCoreEngine.showResults(AstorCoreEngine.java:146) - 
All variants:
[DEBUG] fr.inria.astor.core.loop.AstorCoreEngine.showResults(AstorCoreEngine.java:148) - f 1.0, [Variant id: 2535, #gens: 20, #ops: 0, parent:-]
[INFO ] fr.inria.astor.core.loop.AstorCoreEngine.showResults(AstorCoreEngine.java:152) - 
Solution details
[INFO ] fr.inria.astor.core.loop.AstorCoreEngine.showResults(AstorCoreEngine.java:153) - 
 --SOLUTIONS DESCRIPTION--

 ----
ProgramVariant 1034
 
time(sec)= 4566
operation: InsertAfterOp
location= org.apache.commons.math.special.Gamma
line= 182
lineSuspiciousness= 0.102
original statement= ret = (java.lang.Math.exp((((-x) + (a * (java.lang.Math.log(x)))) - (org.apache.commons.math.special.Gamma.logGamma(a))))) * sum
fixed statement= ret = 1.0 - (org.apache.commons.math.special.Gamma.regularizedGammaQ(a, x, epsilon, maxIterations))
generation= 517
ingredientScope= LOCAL
validation=
failing: |true|0|11|[]|
manual_regression: |false|31|1001|[testSmallDf(org.apache.commons.math.distribution.ChiSquareDistributionTest): null-, testInverseCumulativeProbabilities(org.apache.commons.math.distribution.ChiSquareDistributionTest): null-, testCumulativeProbabilities(org.apache.commons.math.distribution.ChiSquareDistributionTest): null-, testConsistency(org.apache.commons.math.distribution.ChiSquareDistributionTest): null-, testProbabilities(org.apache.commons.math.distribution.GammaDistributionTest): null-, testValues(org.apache.commons.math.distribution.GammaDistributionTest): null-, testInverseCumulativeProbabilities(org.apache.commons.math.distribution.GammaDistributionTest): null-, testCumulativeProbabilities(org.apache.commons.math.distribution.GammaDistributionTest): null-, testConsistency(org.apache.commons.math.distribution.GammaDistributionTest): null-, testSetStandardDeviation(org.apache.commons.math.distribution.NormalDistributionTest): null-, testQuantiles(org.apache.commons.math.distribution.NormalDistributionTest): null-, ...and 21 failures more, testSetMean(org.apache.commons.math.distribution.NormalDistributionTest): null-, ...and 21 failures more, testInverseCumulativeProbabilities(org.apache.commons.math.distribution.NormalDistributionTest): null-, ...and 21 failures more, testCumulativeProbabilities(org.apache.commons.math.distribution.NormalDistributionTest): null-, ...and 21 failures more, testConsistency(org.apache.commons.math.distribution.NormalDistributionTest): null-, ...and 21 failures more, testDegenerateInverseCumulativeProbability(org.apache.commons.math.distribution.PoissonDistributionTest): null-, ...and 21 failures more, testLargeMeanInverseCumulativeProbability(org.apache.commons.math.distribution.PoissonDistributionTest): null-, ...and 21 failures more, testNormalApproximateProbability(org.apache.commons.math.distribution.PoissonDistributionTest): null-, ...and 21 failures more, testLargeMeanCumulativeProbability(org.apache.commons.math.distribution.PoissonDistributionTest): null-, ...and 21 failures more, testInverseCumulativeProbabilities(org.apache.commons.math.distribution.PoissonDistributionTest): null-, ...and 21 failures more, testCumulativeProbabilities(org.apache.commons.math.distribution.PoissonDistributionTest): null-, ...and 21 failures more, testErf1960(org.apache.commons.math.special.ErfTest): null-, ...and 21 failures more, testErf2576(org.apache.commons.math.special.ErfTest): null-, ...and 21 failures more, testErf2807(org.apache.commons.math.special.ErfTest): null-, ...and 21 failures more, testErf3291(org.apache.commons.math.special.ErfTest): null-, ...and 21 failures more, testChiSquareIndependence(org.apache.commons.math.stat.inference.ChiSquareFactoryTest): null-, ...and 21 failures more, testChiSquare(org.apache.commons.math.stat.inference.ChiSquareFactoryTest): null-, ...and 21 failures more, testChiSquareIndependence(org.apache.commons.math.stat.inference.ChiSquareTestTest): null-, ...and 21 failures more, testChiSquare(org.apache.commons.math.stat.inference.ChiSquareTestTest): null-, ...and 21 failures more, testChiSquareIndependence(org.apache.commons.math.stat.inference.TestUtilsTest): null-, ...and 21 failures more, testChiSquare(org.apache.commons.math.stat.inference.TestUtilsTest): null-, ...and 21 failures more]|
evo_regression: |false|4|29|[test18(org.apache.commons.math.special.Gamma_ESTest): null-, test10(org.apache.commons.math.special.Gamma_ESTest): null-, test03(org.apache.commons.math.special.Gamma_ESTest): null-, test21(org.apache.commons.math.special.Gamma_ESTest): null-]|
 ----
ProgramVariant 1628
 
time(sec)= 5818
operation: InsertAfterOp
location= org.apache.commons.math.special.Gamma
line= 179
lineSuspiciousness= 0.102
original statement= if (n >= maxIterations) {
	throw new org.apache.commons.math.MaxIterationsExceededException(maxIterations);
} else {
	ret = (java.lang.Math.exp((((-x) + (a * (java.lang.Math.log(x)))) - (org.apache.commons.math.special.Gamma.logGamma(a))))) * sum;
}
fixed statement= ret = 1.0 - (org.apache.commons.math.special.Gamma.regularizedGammaQ(a, x, epsilon, maxIterations))
generation= 814
ingredientScope= LOCAL
validation=
failing: |true|0|11|[]|
manual_regression: |false|31|1001|[testSmallDf(org.apache.commons.math.distribution.ChiSquareDistributionTest): null-, testInverseCumulativeProbabilities(org.apache.commons.math.distribution.ChiSquareDistributionTest): null-, testCumulativeProbabilities(org.apache.commons.math.distribution.ChiSquareDistributionTest): null-, testConsistency(org.apache.commons.math.distribution.ChiSquareDistributionTest): null-, testProbabilities(org.apache.commons.math.distribution.GammaDistributionTest): null-, testValues(org.apache.commons.math.distribution.GammaDistributionTest): null-, testInverseCumulativeProbabilities(org.apache.commons.math.distribution.GammaDistributionTest): null-, testCumulativeProbabilities(org.apache.commons.math.distribution.GammaDistributionTest): null-, testConsistency(org.apache.commons.math.distribution.GammaDistributionTest): null-, testSetStandardDeviation(org.apache.commons.math.distribution.NormalDistributionTest): null-, testQuantiles(org.apache.commons.math.distribution.NormalDistributionTest): null-, ...and 21 failures more, testSetMean(org.apache.commons.math.distribution.NormalDistributionTest): null-, ...and 21 failures more, testInverseCumulativeProbabilities(org.apache.commons.math.distribution.NormalDistributionTest): null-, ...and 21 failures more, testCumulativeProbabilities(org.apache.commons.math.distribution.NormalDistributionTest): null-, ...and 21 failures more, testConsistency(org.apache.commons.math.distribution.NormalDistributionTest): null-, ...and 21 failures more, testDegenerateInverseCumulativeProbability(org.apache.commons.math.distribution.PoissonDistributionTest): null-, ...and 21 failures more, testLargeMeanInverseCumulativeProbability(org.apache.commons.math.distribution.PoissonDistributionTest): null-, ...and 21 failures more, testNormalApproximateProbability(org.apache.commons.math.distribution.PoissonDistributionTest): null-, ...and 21 failures more, testLargeMeanCumulativeProbability(org.apache.commons.math.distribution.PoissonDistributionTest): null-, ...and 21 failures more, testInverseCumulativeProbabilities(org.apache.commons.math.distribution.PoissonDistributionTest): null-, ...and 21 failures more, testCumulativeProbabilities(org.apache.commons.math.distribution.PoissonDistributionTest): null-, ...and 21 failures more, testErf1960(org.apache.commons.math.special.ErfTest): null-, ...and 21 failures more, testErf2576(org.apache.commons.math.special.ErfTest): null-, ...and 21 failures more, testErf2807(org.apache.commons.math.special.ErfTest): null-, ...and 21 failures more, testErf3291(org.apache.commons.math.special.ErfTest): null-, ...and 21 failures more, testChiSquareIndependence(org.apache.commons.math.stat.inference.ChiSquareFactoryTest): null-, ...and 21 failures more, testChiSquare(org.apache.commons.math.stat.inference.ChiSquareFactoryTest): null-, ...and 21 failures more, testChiSquareIndependence(org.apache.commons.math.stat.inference.ChiSquareTestTest): null-, ...and 21 failures more, testChiSquare(org.apache.commons.math.stat.inference.ChiSquareTestTest): null-, ...and 21 failures more, testChiSquareIndependence(org.apache.commons.math.stat.inference.TestUtilsTest): null-, ...and 21 failures more, testChiSquare(org.apache.commons.math.stat.inference.TestUtilsTest): null-, ...and 21 failures more]|
evo_regression: |false|4|29|[test18(org.apache.commons.math.special.Gamma_ESTest): null-, test10(org.apache.commons.math.special.Gamma_ESTest): null-, test03(org.apache.commons.math.special.Gamma_ESTest): null-, test21(org.apache.commons.math.special.Gamma_ESTest): null-]|
 ----
ProgramVariant 2534
 
time(sec)= 7265
operation: ReplaceOp
location= org.apache.commons.math.special.Gamma
line= 182
lineSuspiciousness= 0.102
original statement= ret = (java.lang.Math.exp((((-x) + (a * (java.lang.Math.log(x)))) - (org.apache.commons.math.special.Gamma.logGamma(a))))) * sum
fixed statement= ret = 1.0 - (org.apache.commons.math.special.Gamma.regularizedGammaQ(a, x, epsilon, maxIterations))
generation= 1267
ingredientScope= LOCAL
validation=
failing: |true|0|11|[]|
manual_regression: |false|31|1001|[testSmallDf(org.apache.commons.math.distribution.ChiSquareDistributionTest): null-, testInverseCumulativeProbabilities(org.apache.commons.math.distribution.ChiSquareDistributionTest): null-, testCumulativeProbabilities(org.apache.commons.math.distribution.ChiSquareDistributionTest): null-, testConsistency(org.apache.commons.math.distribution.ChiSquareDistributionTest): null-, testProbabilities(org.apache.commons.math.distribution.GammaDistributionTest): null-, testValues(org.apache.commons.math.distribution.GammaDistributionTest): null-, testInverseCumulativeProbabilities(org.apache.commons.math.distribution.GammaDistributionTest): null-, testCumulativeProbabilities(org.apache.commons.math.distribution.GammaDistributionTest): null-, testConsistency(org.apache.commons.math.distribution.GammaDistributionTest): null-, testSetStandardDeviation(org.apache.commons.math.distribution.NormalDistributionTest): null-, testQuantiles(org.apache.commons.math.distribution.NormalDistributionTest): null-, ...and 21 failures more, testSetMean(org.apache.commons.math.distribution.NormalDistributionTest): null-, ...and 21 failures more, testInverseCumulativeProbabilities(org.apache.commons.math.distribution.NormalDistributionTest): null-, ...and 21 failures more, testCumulativeProbabilities(org.apache.commons.math.distribution.NormalDistributionTest): null-, ...and 21 failures more, testConsistency(org.apache.commons.math.distribution.NormalDistributionTest): null-, ...and 21 failures more, testDegenerateInverseCumulativeProbability(org.apache.commons.math.distribution.PoissonDistributionTest): null-, ...and 21 failures more, testLargeMeanInverseCumulativeProbability(org.apache.commons.math.distribution.PoissonDistributionTest): null-, ...and 21 failures more, testNormalApproximateProbability(org.apache.commons.math.distribution.PoissonDistributionTest): null-, ...and 21 failures more, testLargeMeanCumulativeProbability(org.apache.commons.math.distribution.PoissonDistributionTest): null-, ...and 21 failures more, testInverseCumulativeProbabilities(org.apache.commons.math.distribution.PoissonDistributionTest): null-, ...and 21 failures more, testCumulativeProbabilities(org.apache.commons.math.distribution.PoissonDistributionTest): null-, ...and 21 failures more, testErf1960(org.apache.commons.math.special.ErfTest): null-, ...and 21 failures more, testErf2576(org.apache.commons.math.special.ErfTest): null-, ...and 21 failures more, testErf2807(org.apache.commons.math.special.ErfTest): null-, ...and 21 failures more, testErf3291(org.apache.commons.math.special.ErfTest): null-, ...and 21 failures more, testChiSquareIndependence(org.apache.commons.math.stat.inference.ChiSquareFactoryTest): null-, ...and 21 failures more, testChiSquare(org.apache.commons.math.stat.inference.ChiSquareFactoryTest): null-, ...and 21 failures more, testChiSquareIndependence(org.apache.commons.math.stat.inference.ChiSquareTestTest): null-, ...and 21 failures more, testChiSquare(org.apache.commons.math.stat.inference.ChiSquareTestTest): null-, ...and 21 failures more, testChiSquareIndependence(org.apache.commons.math.stat.inference.TestUtilsTest): null-, ...and 21 failures more, testChiSquare(org.apache.commons.math.stat.inference.TestUtilsTest): null-, ...and 21 failures more]|
evo_regression: |false|4|29|[test18(org.apache.commons.math.special.Gamma_ESTest): null-, test10(org.apache.commons.math.special.Gamma_ESTest): null-, test03(org.apache.commons.math.special.Gamma_ESTest): null-, test21(org.apache.commons.math.special.Gamma_ESTest): null-]|
[INFO ] fr.inria.main.evolution.AstorMain.run(AstorMain.java:397) - Time Total(s): 7280.068


Node: graphite-1.nancy.grid5000.fr


Date: Fri Jan 20 00:59:32 CET 2017

removed classes 

zipped 

copied zip 


