seed AstorRun 3 
export PATH="/home/mmartinez/defects4j/framework/bin:$PATH";export JAVA_TOOL_OPTIONS=-Dfile.encoding=UTF8;export PATH="/usr/lib/jvm/java-1.7.0-openjdk-amd64/bin/:$PATH";cd /home/mmartinez/projects/math/math_58;defects4j compile;cp -r /home/mmartinez/projects/math/math_58 /tmp/math_58_Genprog_local_s1;cd /tmp/math_58_Genprog_local_s1;mkdir lib/;cp -r /home/mmartinez/defects4j/framework/projects/lib/* lib/;cp -r /home/mmartinez/defects4j/framework/projects/Math/lib/* lib/;find . -type f -name "package-info.java" -delete;
/home/mmartinez/defects4j-repair/src/python/core/../../../results/2016-june/Math/seed/3/package/58/Genprog/result
cd /tmp/math_58_Genprog_local_s1;export JAVA_TOOL_OPTIONS=-Dfile.encoding=UTF8;TZ="America/New_York"; export TZexport PATH="/usr/lib/jvm/java-1.7.0-openjdk-amd64/bin/:$PATH";time /home/mmartinez/jdk1.8.0_45/bin//java -Xmx4096m -cp /home/mmartinez/defects4j-repair/src/python/core/../../..//libs/astor.jar fr.inria.main.evolution.MainjGenProg -mode statement -location . -id Math -dependencies lib/ -failing org.apache.commons.math.optimization.fitting.GaussianFitterTest: -package org.apache.commons -jvm4testexecution /usr/lib/jvm/java-1.7.0-openjdk-amd64/bin/ -jvm4evosuitetestexecution /home/mmartinez/jdk1.8.0_45/bin/ -javacompliancelevel 5 -maxgen 1000000 -seed 3 -scope package -maxtime 120  -stopfirst false -population 1 -srcjavafolder src/main/java/ -srctestfolder src/test/java/ -binjavafolder target/classes/ -bintestfolder target/test-classes/ -flthreshold 0.1  -validation  fr.inria.astor.core.validation.validators.RegressionValidation  -ESParameters -Dassertion_timeout=1800:-Dminimization_timeout=1800:-Djunit_check_timeout=1800:-Dwrite_junit_timeout=300:-Dinitialization_timeout=300:-Dglobal_timeout=18000:-Dsearch_budget=100000:-Dstopping_condition=MaxStatements:-Dno_runtime_dependency=true:-Dsandbox=false:-Dp_reflection_on_private=0.0:-Dreflection_start_percent=1.0:-Dp_functional_mocking=0.0:-Dfunctional_mocking_percent=1.0:-mem=2000 -ignoredtestcases org.apache.commons.lang.LocaleUtilsTest  -excludeRegression  -maxgen 100000000 ;echo "

Node: `hostname`
";echo "
Date: `date`
"; find /tmp/math_58_Genprog_local_s1/outputMutation -name "*.class" -type f -delete;echo "removed classes 
"; find . -name bin  -type d -print0|xargs -0 rm -r --; zip -r -q out.zip /tmp/math_58_Genprog_local_s1/outputMutation; echo "zipped 
";cp out.zip /home/mmartinez/defects4j-repair/src/python/core/../../../results/2016-june/Math/seed/3/package/58/Genprog; echo "copied zip 
";rm -rf /tmp/math_58_Genprog_local_s1;

[DEBUG] fr.inria.astor.core.loop.AstorCoreEngine.showResults(AstorCoreEngine.java:136) - End Repair Loops: Found solution
[DEBUG] fr.inria.astor.core.loop.AstorCoreEngine.showResults(AstorCoreEngine.java:137) - Solution stored at: /tmp/math_58_Genprog_local_s1/./outputMutation/AstorMain-Math//src/
[DEBUG] fr.inria.astor.core.loop.AstorCoreEngine.showResults(AstorCoreEngine.java:142) - 
Number solutions:27
[DEBUG] fr.inria.astor.core.loop.AstorCoreEngine.showResults(AstorCoreEngine.java:144) - f (sol): 4.0, [Variant id: 46 (SOL) , #gens: 398, #ops: 1, parent:45]
[DEBUG] fr.inria.astor.core.loop.AstorCoreEngine.showResults(AstorCoreEngine.java:144) - f (sol): 4.0, [Variant id: 154 (SOL) , #gens: 398, #ops: 1, parent:153]
[DEBUG] fr.inria.astor.core.loop.AstorCoreEngine.showResults(AstorCoreEngine.java:144) - f (sol): 4.0, [Variant id: 350 (SOL) , #gens: 398, #ops: 1, parent:349]
[DEBUG] fr.inria.astor.core.loop.AstorCoreEngine.showResults(AstorCoreEngine.java:144) - f (sol): 5.0, [Variant id: 392 (SOL) , #gens: 398, #ops: 1, parent:391]
[DEBUG] fr.inria.astor.core.loop.AstorCoreEngine.showResults(AstorCoreEngine.java:144) - f (sol): 4.0, [Variant id: 422 (SOL) , #gens: 400, #ops: 1, parent:421]
[DEBUG] fr.inria.astor.core.loop.AstorCoreEngine.showResults(AstorCoreEngine.java:144) - f (sol): 11.0, [Variant id: 430 (SOL) , #gens: 398, #ops: 1, parent:429]
[DEBUG] fr.inria.astor.core.loop.AstorCoreEngine.showResults(AstorCoreEngine.java:144) - f (sol): 6.0, [Variant id: 466 (SOL) , #gens: 399, #ops: 1, parent:465]
[DEBUG] fr.inria.astor.core.loop.AstorCoreEngine.showResults(AstorCoreEngine.java:144) - f (sol): 8.0, [Variant id: 498 (SOL) , #gens: 399, #ops: 1, parent:497]
[DEBUG] fr.inria.astor.core.loop.AstorCoreEngine.showResults(AstorCoreEngine.java:144) - f (sol): 5.0, [Variant id: 516 (SOL) , #gens: 398, #ops: 1, parent:515]
[DEBUG] fr.inria.astor.core.loop.AstorCoreEngine.showResults(AstorCoreEngine.java:144) - f (sol): 4.0, [Variant id: 690 (SOL) , #gens: 398, #ops: 1, parent:689]
[DEBUG] fr.inria.astor.core.loop.AstorCoreEngine.showResults(AstorCoreEngine.java:144) - f (sol): 4.0, [Variant id: 704 (SOL) , #gens: 398, #ops: 1, parent:703]
[DEBUG] fr.inria.astor.core.loop.AstorCoreEngine.showResults(AstorCoreEngine.java:144) - f (sol): 7.0, [Variant id: 780 (SOL) , #gens: 400, #ops: 1, parent:779]
[DEBUG] fr.inria.astor.core.loop.AstorCoreEngine.showResults(AstorCoreEngine.java:144) - f (sol): 6.0, [Variant id: 782 (SOL) , #gens: 398, #ops: 1, parent:781]
[DEBUG] fr.inria.astor.core.loop.AstorCoreEngine.showResults(AstorCoreEngine.java:144) - f (sol): 4.0, [Variant id: 808 (SOL) , #gens: 398, #ops: 1, parent:807]
[DEBUG] fr.inria.astor.core.loop.AstorCoreEngine.showResults(AstorCoreEngine.java:144) - f (sol): 4.0, [Variant id: 830 (SOL) , #gens: 398, #ops: 1, parent:829]
[DEBUG] fr.inria.astor.core.loop.AstorCoreEngine.showResults(AstorCoreEngine.java:144) - f (sol): 5.0, [Variant id: 924 (SOL) , #gens: 398, #ops: 1, parent:923]
[DEBUG] fr.inria.astor.core.loop.AstorCoreEngine.showResults(AstorCoreEngine.java:144) - f (sol): 15.0, [Variant id: 1080 (SOL) , #gens: 399, #ops: 1, parent:1079]
[DEBUG] fr.inria.astor.core.loop.AstorCoreEngine.showResults(AstorCoreEngine.java:144) - f (sol): 4.0, [Variant id: 1098 (SOL) , #gens: 400, #ops: 1, parent:1097]
[DEBUG] fr.inria.astor.core.loop.AstorCoreEngine.showResults(AstorCoreEngine.java:144) - f (sol): 4.0, [Variant id: 1100 (SOL) , #gens: 398, #ops: 1, parent:1099]
[DEBUG] fr.inria.astor.core.loop.AstorCoreEngine.showResults(AstorCoreEngine.java:144) - f (sol): 9.0, [Variant id: 1128 (SOL) , #gens: 400, #ops: 1, parent:1127]
[DEBUG] fr.inria.astor.core.loop.AstorCoreEngine.showResults(AstorCoreEngine.java:144) - f (sol): 6.0, [Variant id: 1152 (SOL) , #gens: 398, #ops: 1, parent:1151]
[DEBUG] fr.inria.astor.core.loop.AstorCoreEngine.showResults(AstorCoreEngine.java:144) - f (sol): 4.0, [Variant id: 1196 (SOL) , #gens: 398, #ops: 1, parent:1195]
[DEBUG] fr.inria.astor.core.loop.AstorCoreEngine.showResults(AstorCoreEngine.java:144) - f (sol): 11.0, [Variant id: 1220 (SOL) , #gens: 398, #ops: 1, parent:1219]
[DEBUG] fr.inria.astor.core.loop.AstorCoreEngine.showResults(AstorCoreEngine.java:144) - f (sol): 6.0, [Variant id: 1376 (SOL) , #gens: 398, #ops: 1, parent:1375]
[DEBUG] fr.inria.astor.core.loop.AstorCoreEngine.showResults(AstorCoreEngine.java:144) - f (sol): 6.0, [Variant id: 1392 (SOL) , #gens: 398, #ops: 1, parent:1391]
[DEBUG] fr.inria.astor.core.loop.AstorCoreEngine.showResults(AstorCoreEngine.java:144) - f (sol): 12.0, [Variant id: 1498 (SOL) , #gens: 398, #ops: 1, parent:1497]
[DEBUG] fr.inria.astor.core.loop.AstorCoreEngine.showResults(AstorCoreEngine.java:144) - f (sol): 11.0, [Variant id: 1516 (SOL) , #gens: 398, #ops: 1, parent:1515]
[DEBUG] fr.inria.astor.core.loop.AstorCoreEngine.showResults(AstorCoreEngine.java:146) - 
All variants:
[DEBUG] fr.inria.astor.core.loop.AstorCoreEngine.showResults(AstorCoreEngine.java:148) - f 1.0, [Variant id: 1517, #gens: 399, #ops: 0, parent:-]
[INFO ] fr.inria.astor.core.loop.AstorCoreEngine.showResults(AstorCoreEngine.java:152) - 
Solution details
[INFO ] fr.inria.astor.core.loop.AstorCoreEngine.showResults(AstorCoreEngine.java:153) - 
 --SOLUTIONS DESCRIPTION--

 ----
ProgramVariant 46
 
time(sec)= 173
operation: RemoveOp
location= org.apache.commons.math.analysis.function.Gaussian
line= 183
lineSuspiciousness= 0.408
original statement= throw new org.apache.commons.math.exception.NotStrictlyPositiveException(param[2])
fixed statement= 
generation= 23
ingredientScope= -
validation=
failing: |true|0|8|[]|
manual_regression: |false|2|2299|[testParametricUsage3(org.apache.commons.math.analysis.function.GaussianTest): Expected exception: org.apache.commons.math.exception.NotStrictlyPositiveException-, testParametricUsage6(org.apache.commons.math.analysis.function.GaussianTest): Expected exception: org.apache.commons.math.exception.NotStrictlyPositiveException-]|
evo_regression: |false|2|14|[test00(org.apache.commons.math.analysis.function.Gaussian_ESTest): Expecting exception: RuntimeException-, test12(org.apache.commons.math.analysis.function.Gaussian_ESTest): Expecting exception: RuntimeException-]|
 ----
ProgramVariant 154
 
time(sec)= 719
operation: RemoveOp
location= org.apache.commons.math.analysis.function.Gaussian
line= 128
lineSuspiciousness= 0.224
original statement= validateParameters(param)
fixed statement= 
generation= 77
ingredientScope= -
validation=
failing: |true|0|8|[]|
manual_regression: |false|3|2299|[testParametricUsage1(org.apache.commons.math.analysis.function.GaussianTest): Unexpected exception, expected<org.apache.commons.math.exception.NullArgumentException> but was<java.lang.NullPointerException>-, testParametricUsage2(org.apache.commons.math.analysis.function.GaussianTest): Unexpected exception, expected<org.apache.commons.math.exception.DimensionMismatchException> but was<java.lang.ArrayIndexOutOfBoundsException>-, testParametricUsage3(org.apache.commons.math.analysis.function.GaussianTest): Expected exception: org.apache.commons.math.exception.NotStrictlyPositiveException-]|
evo_regression: |false|1|14|[test12(org.apache.commons.math.analysis.function.Gaussian_ESTest): Expecting exception: RuntimeException-]|
 ----
ProgramVariant 350
 
time(sec)= 1324
operation: RemoveOp
location= org.apache.commons.math.analysis.function.Gaussian
line= 182
lineSuspiciousness= 0.224
original statement= if ((param[2]) <= 0) {
	throw new org.apache.commons.math.exception.NotStrictlyPositiveException(param[2]);
} 
fixed statement= 
generation= 175
ingredientScope= -
validation=
failing: |true|0|8|[]|
manual_regression: |false|2|2299|[testParametricUsage3(org.apache.commons.math.analysis.function.GaussianTest): Expected exception: org.apache.commons.math.exception.NotStrictlyPositiveException-, testParametricUsage6(org.apache.commons.math.analysis.function.GaussianTest): Expected exception: org.apache.commons.math.exception.NotStrictlyPositiveException-]|
evo_regression: |false|2|14|[test00(org.apache.commons.math.analysis.function.Gaussian_ESTest): Expecting exception: RuntimeException-, test12(org.apache.commons.math.analysis.function.Gaussian_ESTest): Expecting exception: RuntimeException-]|
 ----
ProgramVariant 392
 
time(sec)= 1819
operation: RemoveOp
location= org.apache.commons.math.optimization.general.LevenbergMarquardtOptimizer
line= 417
lineSuspiciousness= 0.151
original statement= cost = previousCost
fixed statement= 
generation= 196
ingredientScope= -
validation=
failing: |true|0|8|[]|
manual_regression: |false|5|2299|[testControlParameters(org.apache.commons.math.optimization.general.LevenbergMarquardtOptimizerTest): null-, testMinpackBrownDennis(org.apache.commons.math.optimization.general.MinpackTest): expected:<292.954288244866> but was:<292.9542714768772>-, testMinpackFreudensteinRoth(org.apache.commons.math.optimization.general.MinpackTest): expected:<11.4124844654993> but was:<11.412714378707147>-, testMinpackKowalikOsborne(org.apache.commons.math.optimization.general.MinpackTest): expected:<0.0175364017658228> but was:<0.042362000797352556>-, testMinpackChebyquad(org.apache.commons.math.optimization.general.MinpackTest): expected:<0.166708783805937> but was:<0.3988782883224861>-]|
evo_regression: |true|0|3|[]|
 ----
ProgramVariant 422
 
time(sec)= 1911
operation: InsertAfterOp
location= org.apache.commons.math.optimization.general.LevenbergMarquardtOptimizer
line= 813
lineSuspiciousness= 0.1
original statement= double betak = 1.0 / (ak2 - (akk * alpha))
fixed statement= lmPar = 0
generation= 211
ingredientScope= LOCAL
validation=
failing: |true|0|8|[]|
manual_regression: |false|4|2299|[testNoError(org.apache.commons.math.optimization.fitting.PolynomialFitterTest): expected:<0.0> but was:<1.0124972902771311E-6>-, testMinpackBrownDennis(org.apache.commons.math.optimization.general.MinpackTest): expected:<-11.59125141003> but was:<-11.591655450857541>-, testMinpackKowalikOsborne(org.apache.commons.math.optimization.general.MinpackTest): expected:<0.191262653354071> but was:<0.19130208464240828>-, testMinpackBard(org.apache.commons.math.optimization.general.MinpackTest): expected:<-1.58848033259565E8> but was:<-1.5886491236406106E8>-]|
evo_regression: |true|0|3|[]|
 ----
ProgramVariant 430
 
time(sec)= 1996
operation: RemoveOp
location= org.apache.commons.math.optimization.general.LevenbergMarquardtOptimizer
line= 581
lineSuspiciousness= 0.151
original statement= dxNorm = org.apache.commons.math.util.FastMath.sqrt(dxNorm)
fixed statement= 
generation= 215
ingredientScope= -
validation=
failing: |true|0|8|[]|
manual_regression: |false|11|2299|[testMath372(org.apache.commons.math.optimization.fitting.CurveFitterTest): expected:<2411.0> but was:<17789.49074631393>-, testNoError(org.apache.commons.math.optimization.fitting.PolynomialFitterTest): expected:<0.0> but was:<0.639706924260931>-, testMinpackBrownDennis(org.apache.commons.math.optimization.general.MinpackTest): expected:<292.954288244866> but was:<2815.438390917735>-, testMinpackRosenbrok(org.apache.commons.math.optimization.general.MinpackTest): null-, testMinpackMeyer(org.apache.commons.math.optimization.general.MinpackTest): expected:<9.37794514651874> but was:<41153.4665537137>-, testMinpackFreudensteinRoth(org.apache.commons.math.optimization.general.MinpackTest): expected:<11.4124844654993> but was:<11.41279913867149>-, testMinpackWatson(org.apache.commons.math.optimization.general.MinpackTest): null-, testMinpackKowalikOsborne(org.apache.commons.math.optimization.general.MinpackTest): null-, testMinpackChebyquad(org.apache.commons.math.optimization.general.MinpackTest): expected:<0.199490672309881> but was:<0.235619108471061>-, testMinpackBard(org.apache.commons.math.optimization.general.MinpackTest): null-, testMinpackBrownAlmostLinear(org.apache.commons.math.optimization.general.MinpackTest): expected:<0.979430303349862> but was:<0.9999999999999973>-, ...and 1 failures more]|
evo_regression: |true|0|3|[]|
 ----
ProgramVariant 466
 
time(sec)= 2221
operation: ReplaceOp
location= org.apache.commons.math.optimization.general.LevenbergMarquardtOptimizer
line= 578
lineSuspiciousness= 0.151
original statement= work3[pj] = s
fixed statement= work1[pj] = sPar * (diag[pj])
generation= 233
ingredientScope= LOCAL
validation=
failing: |true|0|8|[]|
manual_regression: |false|6|2299|[testNoError(org.apache.commons.math.optimization.fitting.PolynomialFitterTest): expected:<0.0> but was:<395.37888349824647>-, testMinpackBrownDennis(org.apache.commons.math.optimization.general.MinpackTest): expected:<292.954288244866> but was:<293.02659228227924>-, testMinpackMeyer(org.apache.commons.math.optimization.general.MinpackTest): expected:<9.37794514651874> but was:<3337.7170716323553>-, testMinpackWatson(org.apache.commons.math.optimization.general.MinpackTest): expected:<0.00118311459212384> but was:<0.07620593608265219>-, testMinpackKowalikOsborne(org.apache.commons.math.optimization.general.MinpackTest): expected:<728675.473768287> but was:<446115.372935024>-, testMinpackBard(org.apache.commons.math.optimization.general.MinpackTest): expected:<-1.58848033259565E8> but was:<-9.059446028114274E7>-]|
evo_regression: |true|0|3|[]|
 ----
ProgramVariant 498
 
time(sec)= 2312
operation: ReplaceOp
location= org.apache.commons.math.optimization.general.LevenbergMarquardtOptimizer
line= 578
lineSuspiciousness= 0.151
original statement= work3[pj] = s
fixed statement= paru = 2.2251E-308 / (org.apache.commons.math.util.FastMath.min(delta, 0.1))
generation= 249
ingredientScope= LOCAL
validation=
failing: |true|0|8|[]|
manual_regression: |false|8|2299|[testNoError(org.apache.commons.math.optimization.fitting.PolynomialFitterTest): expected:<0.0> but was:<395.37888349824647>-, testMinpackLinearRank1(org.apache.commons.math.optimization.general.MinpackTest): expected:<3.48263016573496> but was:<3.497348325874905>-, testMinpackBrownDennis(org.apache.commons.math.optimization.general.MinpackTest): expected:<292.954288244866> but was:<293.02659228227924>-, testMinpackMeyer(org.apache.commons.math.optimization.general.MinpackTest): expected:<9.37794514651874> but was:<3337.7170716323553>-, testMinpackWatson(org.apache.commons.math.optimization.general.MinpackTest): expected:<0.00118311459212384> but was:<0.07620593608265219>-, testMinpackKowalikOsborne(org.apache.commons.math.optimization.general.MinpackTest): expected:<728675.473768287> but was:<446115.372935024>-, testMinpackLinearRank1ZeroColsAndRows(org.apache.commons.math.optimization.general.MinpackTest): expected:<3.6917294022424563> but was:<3.6922638719354826>-, testMinpackBard(org.apache.commons.math.optimization.general.MinpackTest): expected:<-1.58848033259565E8> but was:<-9.059446028114274E7>-]|
evo_regression: |true|0|3|[]|
 ----
ProgramVariant 516
 
time(sec)= 2649
operation: RemoveOp
location= org.apache.commons.math.optimization.general.LevenbergMarquardtOptimizer
line= 417
lineSuspiciousness= 0.151
original statement= cost = previousCost
fixed statement= 
generation= 258
ingredientScope= -
validation=
failing: |true|0|8|[]|
manual_regression: |false|5|2299|[testControlParameters(org.apache.commons.math.optimization.general.LevenbergMarquardtOptimizerTest): null-, testMinpackBrownDennis(org.apache.commons.math.optimization.general.MinpackTest): expected:<292.954288244866> but was:<292.9542714768772>-, testMinpackFreudensteinRoth(org.apache.commons.math.optimization.general.MinpackTest): expected:<11.4124844654993> but was:<11.412714378707147>-, testMinpackKowalikOsborne(org.apache.commons.math.optimization.general.MinpackTest): expected:<0.0175364017658228> but was:<0.042362000797352556>-, testMinpackChebyquad(org.apache.commons.math.optimization.general.MinpackTest): expected:<0.166708783805937> but was:<0.3988782883224861>-]|
evo_regression: |true|0|3|[]|
 ----
ProgramVariant 690
 
time(sec)= 3177
operation: RemoveOp
location= org.apache.commons.math.analysis.function.Gaussian
line= 128
lineSuspiciousness= 0.224
original statement= validateParameters(param)
fixed statement= 
generation= 345
ingredientScope= -
validation=
failing: |true|0|8|[]|
manual_regression: |false|3|2299|[testParametricUsage1(org.apache.commons.math.analysis.function.GaussianTest): Unexpected exception, expected<org.apache.commons.math.exception.NullArgumentException> but was<java.lang.NullPointerException>-, testParametricUsage2(org.apache.commons.math.analysis.function.GaussianTest): Unexpected exception, expected<org.apache.commons.math.exception.DimensionMismatchException> but was<java.lang.ArrayIndexOutOfBoundsException>-, testParametricUsage3(org.apache.commons.math.analysis.function.GaussianTest): Expected exception: org.apache.commons.math.exception.NotStrictlyPositiveException-]|
evo_regression: |false|1|14|[test12(org.apache.commons.math.analysis.function.Gaussian_ESTest): Expecting exception: RuntimeException-]|
 ----
ProgramVariant 704
 
time(sec)= 3268
operation: RemoveOp
location= org.apache.commons.math.analysis.function.Gaussian
line= 182
lineSuspiciousness= 0.224
original statement= if ((param[2]) <= 0) {
	throw new org.apache.commons.math.exception.NotStrictlyPositiveException(param[2]);
} 
fixed statement= 
generation= 352
ingredientScope= -
validation=
failing: |true|0|8|[]|
manual_regression: |false|2|2299|[testParametricUsage3(org.apache.commons.math.analysis.function.GaussianTest): Expected exception: org.apache.commons.math.exception.NotStrictlyPositiveException-, testParametricUsage6(org.apache.commons.math.analysis.function.GaussianTest): Expected exception: org.apache.commons.math.exception.NotStrictlyPositiveException-]|
evo_regression: |false|2|14|[test00(org.apache.commons.math.analysis.function.Gaussian_ESTest): Expecting exception: RuntimeException-, test12(org.apache.commons.math.analysis.function.Gaussian_ESTest): Expecting exception: RuntimeException-]|
 ----
ProgramVariant 780
 
time(sec)= 3545
operation: InsertBeforeOp
location= org.apache.commons.math.optimization.general.LevenbergMarquardtOptimizer
line= 572
lineSuspiciousness= 0.151
original statement= determineLMDirection(qy, work1, work2, work3)
fixed statement= parl = org.apache.commons.math.util.FastMath.max(parl, lmPar)
generation= 390
ingredientScope= LOCAL
validation=
failing: |true|0|8|[]|
manual_regression: |false|7|2299|[testMinpackBrownDennis(org.apache.commons.math.optimization.general.MinpackTest): expected:<292.954288244866> but was:<292.9542799595799>-, testMinpackMeyer(org.apache.commons.math.optimization.general.MinpackTest): null-, testMinpackFreudensteinRoth(org.apache.commons.math.optimization.general.MinpackTest): expected:<11.4124844654993> but was:<11.412770703342117>-, testMinpackKowalikOsborne(org.apache.commons.math.optimization.general.MinpackTest): expected:<728675.473768287> but was:<383957.51428118994>-, testMinpackChebyquad(org.apache.commons.math.optimization.general.MinpackTest): expected:<0.199490672309881> but was:<0.23561910847106002>-, testMinpackBard(org.apache.commons.math.optimization.general.MinpackTest): expected:<-1.58848033259565E8> but was:<-7.828763466122054E7>-, testMinpackBrownAlmostLinear(org.apache.commons.math.optimization.general.MinpackTest): expected:<0.0> but was:<1.0000000045612916>-]|
evo_regression: |true|0|3|[]|
 ----
ProgramVariant 782
 
time(sec)= 3627
operation: RemoveOp
location= org.apache.commons.math.optimization.general.LevenbergMarquardtOptimizer
line= 578
lineSuspiciousness= 0.151
original statement= work3[pj] = s
fixed statement= 
generation= 391
ingredientScope= -
validation=
failing: |true|0|8|[]|
manual_regression: |false|6|2299|[testNoError(org.apache.commons.math.optimization.fitting.PolynomialFitterTest): expected:<0.0> but was:<395.37888349824647>-, testMinpackBrownDennis(org.apache.commons.math.optimization.general.MinpackTest): expected:<292.954288244866> but was:<293.02659228227924>-, testMinpackMeyer(org.apache.commons.math.optimization.general.MinpackTest): expected:<9.37794514651874> but was:<3337.7170716323553>-, testMinpackWatson(org.apache.commons.math.optimization.general.MinpackTest): expected:<0.00118311459212384> but was:<0.07620593608265219>-, testMinpackKowalikOsborne(org.apache.commons.math.optimization.general.MinpackTest): expected:<728675.473768287> but was:<446115.372935024>-, testMinpackBard(org.apache.commons.math.optimization.general.MinpackTest): expected:<-1.58848033259565E8> but was:<-9.059446028114274E7>-]|
evo_regression: |true|0|3|[]|
 ----
ProgramVariant 808
 
time(sec)= 3726
operation: RemoveOp
location= org.apache.commons.math.analysis.function.Gaussian
line= 128
lineSuspiciousness= 0.224
original statement= validateParameters(param)
fixed statement= 
generation= 404
ingredientScope= -
validation=
failing: |true|0|8|[]|
manual_regression: |false|3|2299|[testParametricUsage1(org.apache.commons.math.analysis.function.GaussianTest): Unexpected exception, expected<org.apache.commons.math.exception.NullArgumentException> but was<java.lang.NullPointerException>-, testParametricUsage2(org.apache.commons.math.analysis.function.GaussianTest): Unexpected exception, expected<org.apache.commons.math.exception.DimensionMismatchException> but was<java.lang.ArrayIndexOutOfBoundsException>-, testParametricUsage3(org.apache.commons.math.analysis.function.GaussianTest): Expected exception: org.apache.commons.math.exception.NotStrictlyPositiveException-]|
evo_regression: |false|1|14|[test12(org.apache.commons.math.analysis.function.Gaussian_ESTest): Expecting exception: RuntimeException-]|
 ----
ProgramVariant 830
 
time(sec)= 3940
operation: RemoveOp
location= org.apache.commons.math.analysis.function.Gaussian
line= 182
lineSuspiciousness= 0.224
original statement= if ((param[2]) <= 0) {
	throw new org.apache.commons.math.exception.NotStrictlyPositiveException(param[2]);
} 
fixed statement= 
generation= 415
ingredientScope= -
validation=
failing: |true|0|8|[]|
manual_regression: |false|2|2299|[testParametricUsage3(org.apache.commons.math.analysis.function.GaussianTest): Expected exception: org.apache.commons.math.exception.NotStrictlyPositiveException-, testParametricUsage6(org.apache.commons.math.analysis.function.GaussianTest): Expected exception: org.apache.commons.math.exception.NotStrictlyPositiveException-]|
evo_regression: |false|2|14|[test00(org.apache.commons.math.analysis.function.Gaussian_ESTest): Expecting exception: RuntimeException-, test12(org.apache.commons.math.analysis.function.Gaussian_ESTest): Expecting exception: RuntimeException-]|
 ----
ProgramVariant 924
 
time(sec)= 4537
operation: RemoveOp
location= org.apache.commons.math.optimization.general.LevenbergMarquardtOptimizer
line= 417
lineSuspiciousness= 0.151
original statement= cost = previousCost
fixed statement= 
generation= 462
ingredientScope= -
validation=
failing: |true|0|8|[]|
manual_regression: |false|5|2299|[testControlParameters(org.apache.commons.math.optimization.general.LevenbergMarquardtOptimizerTest): null-, testMinpackBrownDennis(org.apache.commons.math.optimization.general.MinpackTest): expected:<292.954288244866> but was:<292.9542714768772>-, testMinpackFreudensteinRoth(org.apache.commons.math.optimization.general.MinpackTest): expected:<11.4124844654993> but was:<11.412714378707147>-, testMinpackKowalikOsborne(org.apache.commons.math.optimization.general.MinpackTest): expected:<0.0175364017658228> but was:<0.042362000797352556>-, testMinpackChebyquad(org.apache.commons.math.optimization.general.MinpackTest): expected:<0.166708783805937> but was:<0.3988782883224861>-]|
evo_regression: |true|0|3|[]|
 ----
ProgramVariant 1080
 
time(sec)= 5136
operation: ReplaceOp
location= org.apache.commons.math.optimization.general.LevenbergMarquardtOptimizer
line= 417
lineSuspiciousness= 0.151
original statement= cost = previousCost
fixed statement= cost = org.apache.commons.math.util.FastMath.sqrt(cost)
generation= 540
ingredientScope= PACKAGE
validation=
failing: |true|0|8|[]|
manual_regression: |false|15|2299|[testMath372(org.apache.commons.math.optimization.fitting.CurveFitterTest): expected:<2411.0> but was:<17789.490746314925>-, testIllConditioned(org.apache.commons.math.optimization.general.LevenbergMarquardtOptimizerTest): expected:<0.0> but was:<2.5835911035870754E-7>-, testCircleFittingBadInit(org.apache.commons.math.optimization.general.LevenbergMarquardtOptimizerTest): expected:<0.043> but was:<0.17620190770972183>-, testMinpackLinearRank1(org.apache.commons.math.optimization.general.MinpackTest): expected:<1.4638501094228> but was:<1.20989673502444>-, testMinpackBrownDennis(org.apache.commons.math.optimization.general.MinpackTest): expected:<292.954288244866> but was:<53.060700353613754>-, testMinpackJennrichSampson(org.apache.commons.math.optimization.general.MinpackTest): expected:<11.1517793413499> but was:<8.036516307772827>-, testMinpackRosenbrok(org.apache.commons.math.optimization.general.MinpackTest): expected:<0.0> but was:<36.606870338693355>-, testMinpackHelicalValley(org.apache.commons.math.optimization.general.MinpackTest): expected:<0.0> but was:<6.1406562745622235>-, testMinpackMeyer(org.apache.commons.math.optimization.general.MinpackTest): expected:<9.37794514651874> but was:<202.86305221379672>-, testMinpackLinearFullRank(org.apache.commons.math.optimization.general.MinpackTest): expected:<6.70820393249937> but was:<2.590020064111352>-, testMinpackFreudensteinRoth(org.apache.commons.math.optimization.general.MinpackTest): expected:<6.99887517584575> but was:<2.8371703166110547>-, ...and 5 failures more, testMinpackWatson(org.apache.commons.math.optimization.general.MinpackTest): expected:<0.00118311459212513> but was:<0.034396432840144445>-, ...and 5 failures more, testMinpackChebyquad(org.apache.commons.math.optimization.general.MinpackTest): expected:<0.0593032355046727> but was:<0.24352255705805576>-, ...and 5 failures more, testMinpackLinearRank1ZeroColsAndRows(org.apache.commons.math.optimization.general.MinpackTest): expected:<1.909727421264462> but was:<1.3819288770643958>-, ...and 5 failures more, testMinpackBrownAlmostLinear(org.apache.commons.math.optimization.general.MinpackTest): expected:<0.979430303349865> but was:<0.9999999999999999>-, ...and 5 failures more]|
evo_regression: |true|0|3|[]|
 ----
ProgramVariant 1098
 
time(sec)= 5243
operation: InsertBeforeOp
location= org.apache.commons.math.optimization.general.LevenbergMarquardtOptimizer
line= 849
lineSuspiciousness= 0.101
original statement= y[i] -= gamma * (weightedResidualJacobian[i][pk])
fixed statement= lmPar = 0
generation= 549
ingredientScope= LOCAL
validation=
failing: |true|0|8|[]|
manual_regression: |false|4|2299|[testNoError(org.apache.commons.math.optimization.fitting.PolynomialFitterTest): expected:<0.0> but was:<1.0124972902771311E-6>-, testMinpackBrownDennis(org.apache.commons.math.optimization.general.MinpackTest): expected:<-11.59125141003> but was:<-11.591655450857541>-, testMinpackKowalikOsborne(org.apache.commons.math.optimization.general.MinpackTest): expected:<0.191262653354071> but was:<0.19130208464240828>-, testMinpackBard(org.apache.commons.math.optimization.general.MinpackTest): expected:<-1.58848033259565E8> but was:<-1.5886491236406106E8>-]|
evo_regression: |true|0|3|[]|
 ----
ProgramVariant 1100
 
time(sec)= 5324
operation: RemoveOp
location= org.apache.commons.math.analysis.function.Gaussian
line= 182
lineSuspiciousness= 0.224
original statement= if ((param[2]) <= 0) {
	throw new org.apache.commons.math.exception.NotStrictlyPositiveException(param[2]);
} 
fixed statement= 
generation= 550
ingredientScope= -
validation=
failing: |true|0|8|[]|
manual_regression: |false|2|2299|[testParametricUsage3(org.apache.commons.math.analysis.function.GaussianTest): Expected exception: org.apache.commons.math.exception.NotStrictlyPositiveException-, testParametricUsage6(org.apache.commons.math.analysis.function.GaussianTest): Expected exception: org.apache.commons.math.exception.NotStrictlyPositiveException-]|
evo_regression: |false|2|14|[test00(org.apache.commons.math.analysis.function.Gaussian_ESTest): Expecting exception: RuntimeException-, test12(org.apache.commons.math.analysis.function.Gaussian_ESTest): Expecting exception: RuntimeException-]|
 ----
ProgramVariant 1128
 
time(sec)= 5434
operation: InsertBeforeOp
location= org.apache.commons.math.optimization.general.LevenbergMarquardtOptimizer
line= 431
lineSuspiciousness= 0.101
original statement= if (((((org.apache.commons.math.util.FastMath.abs(actRed)) <= (costRelativeTolerance)) && (preRed <= (costRelativeTolerance))) && (ratio <= 2.0)) || (delta <= ((parRelativeTolerance) * xNorm))) {
	return current;
} 
fixed statement= qTy(qtf)
generation= 564
ingredientScope= LOCAL
validation=
failing: |true|0|8|[]|
manual_regression: |false|9|2299|[testMinpackBrownDennis(org.apache.commons.math.optimization.general.MinpackTest): expected:<292.954288244866> but was:<292.9639321705117>-, testMinpackJennrichSampson(org.apache.commons.math.optimization.general.MinpackTest): expected:<0.2578199266368004> but was:<0.2578380405507458>-, testMinpackMeyer(org.apache.commons.math.optimization.general.MinpackTest): null-, testMinpackFreudensteinRoth(org.apache.commons.math.optimization.general.MinpackTest): expected:<6.9988751744895> but was:<7.003763020067253>-, testMinpackOsborne1(org.apache.commons.math.optimization.general.MinpackTest): expected:<0.00739249260904843> but was:<0.007590198208705202>-, testMinpackWatson(org.apache.commons.math.optimization.general.MinpackTest): expected:<0.00118311459212513> but was:<1.5275547586438816>-, testMinpackKowalikOsborne(org.apache.commons.math.optimization.general.MinpackTest): expected:<0.032052192917937> but was:<0.0331305776280076>-, testMinpackChebyquad(org.apache.commons.math.optimization.general.MinpackTest): expected:<0.0593032355046727> but was:<0.05930369406167352>-, testMinpackBrownAlmostLinear(org.apache.commons.math.optimization.general.MinpackTest): expected:<0.0> but was:<8.163234782749729E8>-]|
evo_regression: |true|0|3|[]|
 ----
ProgramVariant 1152
 
time(sec)= 5614
operation: RemoveOp
location= org.apache.commons.math.optimization.general.LevenbergMarquardtOptimizer
line= 391
lineSuspiciousness= 0.147
original statement= if (((lmPar) == 0) || (ratio >= 0.75)) {
	delta = 2 * lmNorm;
	lmPar *= 0.5;
} 
fixed statement= 
generation= 576
ingredientScope= -
validation=
failing: |true|0|8|[]|
manual_regression: |false|6|2299|[testMinpackBrownDennis(org.apache.commons.math.optimization.general.MinpackTest): expected:<-11.59125141003> but was:<-11.5916567006682>-, testMinpackFreudensteinRoth(org.apache.commons.math.optimization.general.MinpackTest): expected:<11.4124844654993> but was:<11.412977810416637>-, testMinpackWatson(org.apache.commons.math.optimization.general.MinpackTest): null-, testMinpackKowalikOsborne(org.apache.commons.math.optimization.general.MinpackTest): null-, testMinpackBard(org.apache.commons.math.optimization.general.MinpackTest): expected:<4.17476870138539> but was:<4.174787822367045>-, testMinpackBrownAlmostLinear(org.apache.commons.math.optimization.general.MinpackTest): expected:<1.0> but was:<0.9794303033498643>-]|
evo_regression: |true|0|3|[]|
 ----
ProgramVariant 1196
 
time(sec)= 5982
operation: RemoveOp
location= org.apache.commons.math.analysis.function.Gaussian
line= 183
lineSuspiciousness= 0.408
original statement= throw new org.apache.commons.math.exception.NotStrictlyPositiveException(param[2])
fixed statement= 
generation= 598
ingredientScope= -
validation=
failing: |true|0|8|[]|
manual_regression: |false|2|2299|[testParametricUsage3(org.apache.commons.math.analysis.function.GaussianTest): Expected exception: org.apache.commons.math.exception.NotStrictlyPositiveException-, testParametricUsage6(org.apache.commons.math.analysis.function.GaussianTest): Expected exception: org.apache.commons.math.exception.NotStrictlyPositiveException-]|
evo_regression: |false|2|14|[test00(org.apache.commons.math.analysis.function.Gaussian_ESTest): Expecting exception: RuntimeException-, test12(org.apache.commons.math.analysis.function.Gaussian_ESTest): Expecting exception: RuntimeException-]|
 ----
ProgramVariant 1220
 
time(sec)= 6080
operation: RemoveOp
location= org.apache.commons.math.optimization.general.LevenbergMarquardtOptimizer
line= 581
lineSuspiciousness= 0.151
original statement= dxNorm = org.apache.commons.math.util.FastMath.sqrt(dxNorm)
fixed statement= 
generation= 610
ingredientScope= -
validation=
failing: |true|0|8|[]|
manual_regression: |false|11|2299|[testMath372(org.apache.commons.math.optimization.fitting.CurveFitterTest): expected:<2411.0> but was:<17789.49074631393>-, testNoError(org.apache.commons.math.optimization.fitting.PolynomialFitterTest): expected:<0.0> but was:<0.639706924260931>-, testMinpackBrownDennis(org.apache.commons.math.optimization.general.MinpackTest): expected:<292.954288244866> but was:<2815.438390917735>-, testMinpackRosenbrok(org.apache.commons.math.optimization.general.MinpackTest): null-, testMinpackMeyer(org.apache.commons.math.optimization.general.MinpackTest): expected:<9.37794514651874> but was:<41153.4665537137>-, testMinpackFreudensteinRoth(org.apache.commons.math.optimization.general.MinpackTest): expected:<11.4124844654993> but was:<11.41279913867149>-, testMinpackWatson(org.apache.commons.math.optimization.general.MinpackTest): null-, testMinpackKowalikOsborne(org.apache.commons.math.optimization.general.MinpackTest): null-, testMinpackChebyquad(org.apache.commons.math.optimization.general.MinpackTest): expected:<0.199490672309881> but was:<0.235619108471061>-, testMinpackBard(org.apache.commons.math.optimization.general.MinpackTest): null-, testMinpackBrownAlmostLinear(org.apache.commons.math.optimization.general.MinpackTest): expected:<0.979430303349862> but was:<0.9999999999999973>-, ...and 1 failures more]|
evo_regression: |true|0|3|[]|
 ----
ProgramVariant 1376
 
time(sec)= 6863
operation: RemoveOp
location= org.apache.commons.math.optimization.general.LevenbergMarquardtOptimizer
line= 391
lineSuspiciousness= 0.147
original statement= if (((lmPar) == 0) || (ratio >= 0.75)) {
	delta = 2 * lmNorm;
	lmPar *= 0.5;
} 
fixed statement= 
generation= 688
ingredientScope= -
validation=
failing: |true|0|8|[]|
manual_regression: |false|6|2299|[testMinpackBrownDennis(org.apache.commons.math.optimization.general.MinpackTest): expected:<-11.59125141003> but was:<-11.5916567006682>-, testMinpackFreudensteinRoth(org.apache.commons.math.optimization.general.MinpackTest): expected:<11.4124844654993> but was:<11.412977810416637>-, testMinpackWatson(org.apache.commons.math.optimization.general.MinpackTest): null-, testMinpackKowalikOsborne(org.apache.commons.math.optimization.general.MinpackTest): null-, testMinpackBard(org.apache.commons.math.optimization.general.MinpackTest): expected:<4.17476870138539> but was:<4.174787822367045>-, testMinpackBrownAlmostLinear(org.apache.commons.math.optimization.general.MinpackTest): expected:<1.0> but was:<0.9794303033498643>-]|
evo_regression: |true|0|3|[]|
 ----
ProgramVariant 1392
 
time(sec)= 6954
operation: RemoveOp
location= org.apache.commons.math.optimization.general.LevenbergMarquardtOptimizer
line= 578
lineSuspiciousness= 0.151
original statement= work3[pj] = s
fixed statement= 
generation= 696
ingredientScope= -
validation=
failing: |true|0|8|[]|
manual_regression: |false|6|2299|[testNoError(org.apache.commons.math.optimization.fitting.PolynomialFitterTest): expected:<0.0> but was:<395.37888349824647>-, testMinpackBrownDennis(org.apache.commons.math.optimization.general.MinpackTest): expected:<292.954288244866> but was:<293.02659228227924>-, testMinpackMeyer(org.apache.commons.math.optimization.general.MinpackTest): expected:<9.37794514651874> but was:<3337.7170716323553>-, testMinpackWatson(org.apache.commons.math.optimization.general.MinpackTest): expected:<0.00118311459212384> but was:<0.07620593608265219>-, testMinpackKowalikOsborne(org.apache.commons.math.optimization.general.MinpackTest): expected:<728675.473768287> but was:<446115.372935024>-, testMinpackBard(org.apache.commons.math.optimization.general.MinpackTest): expected:<-1.58848033259565E8> but was:<-9.059446028114274E7>-]|
evo_regression: |true|0|3|[]|
 ----
ProgramVariant 1498
 
time(sec)= 7243
operation: RemoveOp
location= org.apache.commons.math.optimization.general.LevenbergMarquardtOptimizer
line= 581
lineSuspiciousness= 0.151
original statement= dxNorm = org.apache.commons.math.util.FastMath.sqrt(dxNorm)
fixed statement= 
generation= 749
ingredientScope= -
validation=
failing: |true|0|8|[]|
manual_regression: |false|12|2299|[testSampling(org.apache.commons.math.distribution.GammaDistributionTest): Chisquare test failed p-value = 6.166026192701013E-4 chisquare statistic = 17.288.]|
evo_regression: |true|0|3|[]|
 ----
ProgramVariant 1516
 
time(sec)= 7333
operation: RemoveOp
location= org.apache.commons.math.optimization.general.LevenbergMarquardtOptimizer
line= 581
lineSuspiciousness= 0.151
original statement= dxNorm = org.apache.commons.math.util.FastMath.sqrt(dxNorm)
fixed statement= 
generation= 758
ingredientScope= -
validation=
failing: |true|0|8|[]|
manual_regression: |false|11|2299|[testMath372(org.apache.commons.math.optimization.fitting.CurveFitterTest): expected:<2411.0> but was:<17789.49074631393>-, testNoError(org.apache.commons.math.optimization.fitting.PolynomialFitterTest): expected:<0.0> but was:<0.639706924260931>-, testMinpackBrownDennis(org.apache.commons.math.optimization.general.MinpackTest): expected:<292.954288244866> but was:<2815.438390917735>-, testMinpackRosenbrok(org.apache.commons.math.optimization.general.MinpackTest): null-, testMinpackMeyer(org.apache.commons.math.optimization.general.MinpackTest): expected:<9.37794514651874> but was:<41153.4665537137>-, testMinpackFreudensteinRoth(org.apache.commons.math.optimization.general.MinpackTest): expected:<11.4124844654993> but was:<11.41279913867149>-, testMinpackWatson(org.apache.commons.math.optimization.general.MinpackTest): null-, testMinpackKowalikOsborne(org.apache.commons.math.optimization.general.MinpackTest): null-, testMinpackChebyquad(org.apache.commons.math.optimization.general.MinpackTest): expected:<0.199490672309881> but was:<0.235619108471061>-, testMinpackBard(org.apache.commons.math.optimization.general.MinpackTest): null-, testMinpackBrownAlmostLinear(org.apache.commons.math.optimization.general.MinpackTest): expected:<0.979430303349862> but was:<0.9999999999999973>-, ...and 1 failures more]|
evo_regression: |true|0|3|[]|
[INFO ] fr.inria.main.evolution.AstorMain.run(AstorMain.java:397) - Time Total(s): 7454.683


Node: grimoire-6.nancy.grid5000.fr


Date: Wed Jan 18 01:37:18 CET 2017

removed classes 

zipped 

copied zip 


