seed AstorRun 17 
export PATH="/home/mmartinez/defects4j/framework/bin:$PATH";export JAVA_TOOL_OPTIONS=-Dfile.encoding=UTF8;export PATH="/usr/lib/jvm/java-1.7.0-openjdk-amd64/bin/:$PATH";cd /home/mmartinez/projects/math/math_82;defects4j compile;cp -r /home/mmartinez/projects/math/math_82 /tmp/math_82_Genprog_local_s1;cd /tmp/math_82_Genprog_local_s1;mkdir lib/;cp -r /home/mmartinez/defects4j/framework/projects/lib/* lib/;cp -r /home/mmartinez/defects4j/framework/projects/Math/lib/* lib/;find . -type f -name "package-info.java" -delete;
/home/mmartinez/defects4j-repair/src/python/core/../../../results/2016-june/Math/seed/17/package/82/Genprog/result
cd /tmp/math_82_Genprog_local_s1;export JAVA_TOOL_OPTIONS=-Dfile.encoding=UTF8;TZ="America/New_York"; export TZexport PATH="/usr/lib/jvm/java-1.7.0-openjdk-amd64/bin/:$PATH";time /home/mmartinez/jdk1.8.0_45/bin//java -Xmx4096m -cp /home/mmartinez/defects4j-repair/src/python/core/../../..//libs/astor.jar fr.inria.main.evolution.MainjGenProg -mode statement -location . -id Math -dependencies lib/ -failing org.apache.commons.math.optimization.linear.SimplexSolverTest: -package org.apache.commons -jvm4testexecution /usr/lib/jvm/java-1.7.0-openjdk-amd64/bin/ -jvm4evosuitetestexecution /home/mmartinez/jdk1.8.0_45/bin/ -javacompliancelevel 5 -maxgen 1000000 -seed 17 -scope package -maxtime 120  -stopfirst false -population 1 -srcjavafolder src/main/java/ -srctestfolder src/test/java/ -binjavafolder target/classes/ -bintestfolder target/test-classes/ -flthreshold 0.1  -validation  fr.inria.astor.core.validation.validators.RegressionValidation  -ESParameters -Dassertion_timeout=1800:-Dminimization_timeout=1800:-Djunit_check_timeout=1800:-Dwrite_junit_timeout=300:-Dinitialization_timeout=300:-Dglobal_timeout=18000:-Dsearch_budget=100000:-Dstopping_condition=MaxStatements:-Dno_runtime_dependency=true:-Dsandbox=false:-Dp_reflection_on_private=0.0:-Dreflection_start_percent=1.0:-Dp_functional_mocking=0.0:-Dfunctional_mocking_percent=1.0:-mem=2000 -ignoredtestcases org.apache.commons.lang.LocaleUtilsTest  -excludeRegression  -maxgen 100000000 ;echo "

Node: `hostname`
";echo "
Date: `date`
"; find /tmp/math_82_Genprog_local_s1/outputMutation -name "*.class" -type f -delete;echo "removed classes 
"; find . -name bin  -type d -print0|xargs -0 rm -r --; zip -r -q out.zip /tmp/math_82_Genprog_local_s1/outputMutation; echo "zipped 
";cp out.zip /home/mmartinez/defects4j-repair/src/python/core/../../../results/2016-june/Math/seed/17/package/82/Genprog; echo "copied zip 
";rm -rf /tmp/math_82_Genprog_local_s1;

[DEBUG] fr.inria.astor.core.loop.AstorCoreEngine.showResults(AstorCoreEngine.java:136) - End Repair Loops: Found solution
[DEBUG] fr.inria.astor.core.loop.AstorCoreEngine.showResults(AstorCoreEngine.java:137) - Solution stored at: /tmp/math_82_Genprog_local_s1/./outputMutation/AstorMain-Math//src/
[DEBUG] fr.inria.astor.core.loop.AstorCoreEngine.showResults(AstorCoreEngine.java:142) - 
Number solutions:7
[DEBUG] fr.inria.astor.core.loop.AstorCoreEngine.showResults(AstorCoreEngine.java:144) - f (sol): 0.0, [Variant id: 1094 (SOL) , #gens: 143, #ops: 1, parent:1093]
[DEBUG] fr.inria.astor.core.loop.AstorCoreEngine.showResults(AstorCoreEngine.java:144) - f (sol): 0.0, [Variant id: 1426 (SOL) , #gens: 143, #ops: 1, parent:1425]
[DEBUG] fr.inria.astor.core.loop.AstorCoreEngine.showResults(AstorCoreEngine.java:144) - f (sol): 0.0, [Variant id: 2552 (SOL) , #gens: 143, #ops: 1, parent:2551]
[DEBUG] fr.inria.astor.core.loop.AstorCoreEngine.showResults(AstorCoreEngine.java:144) - f (sol): 0.0, [Variant id: 3284 (SOL) , #gens: 143, #ops: 1, parent:3283]
[DEBUG] fr.inria.astor.core.loop.AstorCoreEngine.showResults(AstorCoreEngine.java:144) - f (sol): 0.0, [Variant id: 4922 (SOL) , #gens: 143, #ops: 1, parent:4921]
[DEBUG] fr.inria.astor.core.loop.AstorCoreEngine.showResults(AstorCoreEngine.java:144) - f (sol): 0.0, [Variant id: 5322 (SOL) , #gens: 143, #ops: 1, parent:5321]
[DEBUG] fr.inria.astor.core.loop.AstorCoreEngine.showResults(AstorCoreEngine.java:144) - f (sol): 0.0, [Variant id: 5588 (SOL) , #gens: 143, #ops: 1, parent:5587]
[DEBUG] fr.inria.astor.core.loop.AstorCoreEngine.showResults(AstorCoreEngine.java:146) - 
All variants:
[DEBUG] fr.inria.astor.core.loop.AstorCoreEngine.showResults(AstorCoreEngine.java:148) - f 1.0, [Variant id: 6149, #gens: 144, #ops: 0, parent:-]
[INFO ] fr.inria.astor.core.loop.AstorCoreEngine.showResults(AstorCoreEngine.java:152) - 
Solution details
[INFO ] fr.inria.astor.core.loop.AstorCoreEngine.showResults(AstorCoreEngine.java:153) - 
 --SOLUTIONS DESCRIPTION--

 ----
ProgramVariant 1094
 
time(sec)= 1416
operation: RemoveOp
location= org.apache.commons.math.optimization.linear.SimplexSolver
line= 63
lineSuspiciousness= 0.267
original statement= minValue = tableau.getEntry(0, i)
fixed statement= 
generation= 547
ingredientScope= -
validation=
failing: |true|0|14|[]|
manual_regression: |true|0|2056|[]|
evo_regression: |true|0|17|[]|
 ----
ProgramVariant 1426
 
time(sec)= 2097
operation: RemoveOp
location= org.apache.commons.math.optimization.linear.SimplexSolver
line= 63
lineSuspiciousness= 0.267
original statement= minValue = tableau.getEntry(0, i)
fixed statement= 
generation= 713
ingredientScope= -
validation=
failing: |true|0|14|[]|
manual_regression: |true|0|2056|[]|
evo_regression: |true|0|17|[]|
 ----
ProgramVariant 2552
 
time(sec)= 3185
operation: RemoveOp
location= org.apache.commons.math.optimization.linear.SimplexSolver
line= 63
lineSuspiciousness= 0.267
original statement= minValue = tableau.getEntry(0, i)
fixed statement= 
generation= 1276
ingredientScope= -
validation=
failing: |true|0|14|[]|
manual_regression: |true|0|2056|[]|
evo_regression: |true|0|17|[]|
 ----
ProgramVariant 3284
 
time(sec)= 3925
operation: RemoveOp
location= org.apache.commons.math.optimization.linear.SimplexSolver
line= 63
lineSuspiciousness= 0.267
original statement= minValue = tableau.getEntry(0, i)
fixed statement= 
generation= 1642
ingredientScope= -
validation=
failing: |true|0|14|[]|
manual_regression: |true|0|2056|[]|
evo_regression: |true|0|17|[]|
 ----
ProgramVariant 4922
 
time(sec)= 6099
operation: RemoveOp
location= org.apache.commons.math.optimization.linear.SimplexSolver
line= 63
lineSuspiciousness= 0.267
original statement= minValue = tableau.getEntry(0, i)
fixed statement= 
generation= 2461
ingredientScope= -
validation=
failing: |true|0|14|[]|
manual_regression: |true|0|2056|[]|
evo_regression: |true|0|17|[]|
 ----
ProgramVariant 5322
 
time(sec)= 6565
operation: RemoveOp
location= org.apache.commons.math.optimization.linear.SimplexSolver
line= 63
lineSuspiciousness= 0.267
original statement= minValue = tableau.getEntry(0, i)
fixed statement= 
generation= 2661
ingredientScope= -
validation=
failing: |true|0|14|[]|
manual_regression: |true|0|2056|[]|
evo_regression: |true|0|17|[]|
 ----
ProgramVariant 5588
 
time(sec)= 6800
operation: RemoveOp
location= org.apache.commons.math.optimization.linear.SimplexSolver
line= 63
lineSuspiciousness= 0.267
original statement= minValue = tableau.getEntry(0, i)
fixed statement= 
generation= 2794
ingredientScope= -
validation=
failing: |true|0|14|[]|
manual_regression: |true|0|2056|[]|
evo_regression: |true|0|17|[]|
[INFO ] fr.inria.main.evolution.AstorMain.run(AstorMain.java:397) - Time Total(s): 7546.951


Node: graphene-18.nancy.grid5000.fr


Date: Thu Jan 19 02:05:53 CET 2017

removed classes 

zipped 

copied zip 


