seed AstorRun 23 
export PATH="/home/mmartinez/defects4j/framework/bin:$PATH";export JAVA_TOOL_OPTIONS=-Dfile.encoding=UTF8;export PATH="/usr/lib/jvm/java-1.7.0-openjdk-amd64/bin/:$PATH";cd /home/mmartinez/projects/chart/chart_3;defects4j compile;cp -r /home/mmartinez/projects/chart/chart_3 /tmp/chart_3_Genprog_local_s1;cd /tmp/chart_3_Genprog_local_s1;mkdir lib/;cp -r /home/mmartinez/defects4j/framework/projects/lib/* lib/;cp -r /home/mmartinez/defects4j/framework/projects/Chart/lib/* lib/;find . -type f -name "package-info.java" -delete;
/home/mmartinez/defects4j-repair/src/python/core/../../../results/2016-june/Chart/seed/23/package/3/Genprog/result
cd /tmp/chart_3_Genprog_local_s1;export JAVA_TOOL_OPTIONS=-Dfile.encoding=UTF8;TZ="America/New_York"; export TZexport PATH="/usr/lib/jvm/java-1.7.0-openjdk-amd64/bin/:$PATH";time /home/mmartinez/jdk1.8.0_45/bin//java -Xmx4096m -cp /home/mmartinez/defects4j-repair/src/python/core/../../..//libs/astor.jar fr.inria.main.evolution.MainjGenProg -mode statement -location . -id Chart -dependencies lib/ -failing org.jfree.data.time.junit.TimeSeriesTests: -package org.jfree -jvm4testexecution /usr/lib/jvm/java-1.7.0-openjdk-amd64/bin/ -jvm4evosuitetestexecution /home/mmartinez/jdk1.8.0_45/bin/ -javacompliancelevel 4 -maxgen 1000000 -seed 23 -scope package -maxtime 120  -stopfirst false -population 1 -srcjavafolder source/ -srctestfolder tests/ -binjavafolder build/ -bintestfolder build-tests/ -flthreshold 0.1  -validation  fr.inria.astor.core.validation.validators.RegressionValidation  -ESParameters -Dassertion_timeout=1800:-Dminimization_timeout=1800:-Djunit_check_timeout=1800:-Dwrite_junit_timeout=300:-Dinitialization_timeout=300:-Dglobal_timeout=18000:-Dsearch_budget=100000:-Dstopping_condition=MaxStatements:-Dno_runtime_dependency=true:-Dsandbox=false:-Dp_reflection_on_private=0.0:-Dreflection_start_percent=1.0:-Dp_functional_mocking=0.0:-Dfunctional_mocking_percent=1.0:-mem=2000 -testbystep  -ignoredtestcases org.apache.commons.lang.LocaleUtilsTest  -excludeRegression  -maxgen 100000000 ;echo "

Node: `hostname`
";echo "
Date: `date`
"; find /tmp/chart_3_Genprog_local_s1/outputMutation -name "*.class" -type f -delete;echo "removed classes 
"; find . -name bin  -type d -print0|xargs -0 rm -r --; zip -r -q out.zip /tmp/chart_3_Genprog_local_s1/outputMutation; echo "zipped 
";cp out.zip /home/mmartinez/defects4j-repair/src/python/core/../../../results/2016-june/Chart/seed/23/package/3/Genprog; echo "copied zip 
";rm -rf /tmp/chart_3_Genprog_local_s1;

[DEBUG] fr.inria.astor.core.loop.AstorCoreEngine.showResults(AstorCoreEngine.java:136) - End Repair Loops: Found solution
[DEBUG] fr.inria.astor.core.loop.AstorCoreEngine.showResults(AstorCoreEngine.java:137) - Solution stored at: /tmp/chart_3_Genprog_local_s1/./outputMutation/AstorMain-Chart//src/
[DEBUG] fr.inria.astor.core.loop.AstorCoreEngine.showResults(AstorCoreEngine.java:142) - 
Number solutions:3
[DEBUG] fr.inria.astor.core.loop.AstorCoreEngine.showResults(AstorCoreEngine.java:144) - f (sol): 0.0, [Variant id: 1766 (SOL) , #gens: 76, #ops: 1, parent:1765]
[DEBUG] fr.inria.astor.core.loop.AstorCoreEngine.showResults(AstorCoreEngine.java:144) - f (sol): 0.0, [Variant id: 3570 (SOL) , #gens: 76, #ops: 1, parent:3569]
[DEBUG] fr.inria.astor.core.loop.AstorCoreEngine.showResults(AstorCoreEngine.java:144) - f (sol): 0.0, [Variant id: 4946 (SOL) , #gens: 76, #ops: 1, parent:4945]
[DEBUG] fr.inria.astor.core.loop.AstorCoreEngine.showResults(AstorCoreEngine.java:146) - 
All variants:
[DEBUG] fr.inria.astor.core.loop.AstorCoreEngine.showResults(AstorCoreEngine.java:148) - f 1.0, [Variant id: 5105, #gens: 75, #ops: 0, parent:-]
[INFO ] fr.inria.astor.core.loop.AstorCoreEngine.showResults(AstorCoreEngine.java:152) - 
Solution details
[INFO ] fr.inria.astor.core.loop.AstorCoreEngine.showResults(AstorCoreEngine.java:153) - 
 --SOLUTIONS DESCRIPTION--

 ----
ProgramVariant 1766
 
time(sec)= 2805
operation: InsertAfterOp
location= org.jfree.data.time.TimeSeries
line= 580
lineSuspiciousness= 0.151
original statement= java.lang.Class c = item.getPeriod().getClass()
fixed statement= updateBoundsForRemovedItem(item)
generation= 883
ingredientScope= LOCAL
validation=
failing: |true|0|37|[]|
manual_regression: |true|0|4390|[]|
evo_regression: |true|0|131|[]|
 ----
ProgramVariant 3570
 
time(sec)= 5196
operation: InsertAfterOp
location= org.jfree.data.time.TimeSeries
line= 627
lineSuspiciousness= 0.151
original statement= updateBoundsForAddedItem(item)
fixed statement= updateBoundsForRemovedItem(item)
generation= 1785
ingredientScope= LOCAL
validation=
failing: |true|0|37|[]|
manual_regression: |true|0|4390|[]|
evo_regression: |true|0|131|[]|
 ----
ProgramVariant 4946
 
time(sec)= 7011
operation: InsertBeforeOp
location= org.jfree.data.time.TimeSeries
line= 596
lineSuspiciousness= 0.151
original statement= boolean added = false
fixed statement= updateBoundsForRemovedItem(item)
generation= 2473
ingredientScope= LOCAL
validation=
failing: |true|0|37|[]|
manual_regression: |true|0|4390|[]|
evo_regression: |true|0|131|[]|
[INFO ] fr.inria.main.evolution.AstorMain.run(AstorMain.java:397) - Time Total(s): 7343.207


Node: graphene-57.nancy.grid5000.fr


Date: Mon Feb 13 01:05:45 CET 2017

removed classes 

zipped 

copied zip 


