seed AstorRun 2 
export PATH="/home/mmartinez/defects4j/framework/bin:$PATH";export JAVA_TOOL_OPTIONS=-Dfile.encoding=UTF8;export PATH="/usr/lib/jvm/java-1.7.0-openjdk-amd64/bin/:$PATH";cd /home/mmartinez/projects/chart/chart_1;defects4j compile;cp -r /home/mmartinez/projects/chart/chart_1 /tmp/chart_1_Genprog_local_s1;cd /tmp/chart_1_Genprog_local_s1;mkdir lib/;cp -r /home/mmartinez/defects4j/framework/projects/lib/* lib/;cp -r /home/mmartinez/defects4j/framework/projects/Chart/lib/* lib/;find . -type f -name "package-info.java" -delete;
/home/mmartinez/defects4j-repair/src/python/core/../../../results/2016-june/Chart/seed/2/package/1/Genprog/result
cd /tmp/chart_1_Genprog_local_s1;export JAVA_TOOL_OPTIONS=-Dfile.encoding=UTF8;TZ="America/New_York"; export TZexport PATH="/usr/lib/jvm/java-1.7.0-openjdk-amd64/bin/:$PATH";time /home/mmartinez/jdk1.8.0_45/bin//java -Xmx4096m -cp /home/mmartinez/defects4j-repair/src/python/core/../../..//libs/astor.jar fr.inria.main.evolution.MainjGenProg -mode statement -location . -id Chart -dependencies lib/ -failing org.jfree.chart.renderer.category.junit.AbstractCategoryItemRendererTests: -package org.jfree -jvm4testexecution /usr/lib/jvm/java-1.7.0-openjdk-amd64/bin/ -jvm4evosuitetestexecution /home/mmartinez/jdk1.8.0_45/bin/ -javacompliancelevel 4 -maxgen 1000000 -seed 2 -scope package -maxtime 120  -stopfirst false -population 1 -srcjavafolder source/ -srctestfolder tests/ -binjavafolder build/ -bintestfolder build-tests/ -flthreshold 0.1  -validation  fr.inria.astor.core.validation.validators.RegressionValidation  -ESParameters -Dassertion_timeout=1800:-Dminimization_timeout=1800:-Djunit_check_timeout=1800:-Dwrite_junit_timeout=300:-Dinitialization_timeout=300:-Dglobal_timeout=18000:-Dsearch_budget=100000:-Dstopping_condition=MaxStatements:-Dno_runtime_dependency=true:-Dsandbox=false:-Dp_reflection_on_private=0.0:-Dreflection_start_percent=1.0:-Dp_functional_mocking=0.0:-Dfunctional_mocking_percent=1.0:-mem=2000 -ignoredtestcases org.apache.commons.lang.LocaleUtilsTest  -excludeRegression  -maxgen 100000000 ;echo "

Node: `hostname`
";echo "
Date: `date`
"; find /tmp/chart_1_Genprog_local_s1/outputMutation -name "*.class" -type f -delete;echo "removed classes 
"; find . -name bin  -type d -print0|xargs -0 rm -r --; zip -r -q out.zip /tmp/chart_1_Genprog_local_s1/outputMutation; echo "zipped 
";cp out.zip /home/mmartinez/defects4j-repair/src/python/core/../../../results/2016-june/Chart/seed/2/package/1/Genprog; echo "copied zip 
";rm -rf /tmp/chart_1_Genprog_local_s1;

[DEBUG] fr.inria.astor.core.loop.AstorCoreEngine.showResults(AstorCoreEngine.java:136) - End Repair Loops: Found solution
[DEBUG] fr.inria.astor.core.loop.AstorCoreEngine.showResults(AstorCoreEngine.java:137) - Solution stored at: /tmp/chart_1_Genprog_local_s1/./outputMutation/AstorMain-Chart//src/
[DEBUG] fr.inria.astor.core.loop.AstorCoreEngine.showResults(AstorCoreEngine.java:142) - 
Number solutions:14
[DEBUG] fr.inria.astor.core.loop.AstorCoreEngine.showResults(AstorCoreEngine.java:144) - f (sol): 0.0, [Variant id: 22 (SOL) , #gens: 30, #ops: 1, parent:21]
[DEBUG] fr.inria.astor.core.loop.AstorCoreEngine.showResults(AstorCoreEngine.java:144) - f (sol): 0.0, [Variant id: 180 (SOL) , #gens: 30, #ops: 1, parent:179]
[DEBUG] fr.inria.astor.core.loop.AstorCoreEngine.showResults(AstorCoreEngine.java:144) - f (sol): 0.0, [Variant id: 304 (SOL) , #gens: 31, #ops: 1, parent:303]
[DEBUG] fr.inria.astor.core.loop.AstorCoreEngine.showResults(AstorCoreEngine.java:144) - f (sol): 0.0, [Variant id: 354 (SOL) , #gens: 30, #ops: 1, parent:353]
[DEBUG] fr.inria.astor.core.loop.AstorCoreEngine.showResults(AstorCoreEngine.java:144) - f (sol): 0.0, [Variant id: 398 (SOL) , #gens: 30, #ops: 1, parent:397]
[DEBUG] fr.inria.astor.core.loop.AstorCoreEngine.showResults(AstorCoreEngine.java:144) - f (sol): 0.0, [Variant id: 548 (SOL) , #gens: 30, #ops: 1, parent:547]
[DEBUG] fr.inria.astor.core.loop.AstorCoreEngine.showResults(AstorCoreEngine.java:144) - f (sol): 0.0, [Variant id: 652 (SOL) , #gens: 30, #ops: 1, parent:651]
[DEBUG] fr.inria.astor.core.loop.AstorCoreEngine.showResults(AstorCoreEngine.java:144) - f (sol): 0.0, [Variant id: 670 (SOL) , #gens: 30, #ops: 1, parent:669]
[DEBUG] fr.inria.astor.core.loop.AstorCoreEngine.showResults(AstorCoreEngine.java:144) - f (sol): 0.0, [Variant id: 676 (SOL) , #gens: 31, #ops: 1, parent:675]
[DEBUG] fr.inria.astor.core.loop.AstorCoreEngine.showResults(AstorCoreEngine.java:144) - f (sol): 0.0, [Variant id: 748 (SOL) , #gens: 30, #ops: 1, parent:747]
[DEBUG] fr.inria.astor.core.loop.AstorCoreEngine.showResults(AstorCoreEngine.java:144) - f (sol): 0.0, [Variant id: 874 (SOL) , #gens: 30, #ops: 1, parent:873]
[DEBUG] fr.inria.astor.core.loop.AstorCoreEngine.showResults(AstorCoreEngine.java:144) - f (sol): 0.0, [Variant id: 974 (SOL) , #gens: 30, #ops: 1, parent:973]
[DEBUG] fr.inria.astor.core.loop.AstorCoreEngine.showResults(AstorCoreEngine.java:144) - f (sol): 0.0, [Variant id: 1184 (SOL) , #gens: 31, #ops: 1, parent:1183]
[DEBUG] fr.inria.astor.core.loop.AstorCoreEngine.showResults(AstorCoreEngine.java:144) - f (sol): 0.0, [Variant id: 1518 (SOL) , #gens: 31, #ops: 1, parent:1517]
[DEBUG] fr.inria.astor.core.loop.AstorCoreEngine.showResults(AstorCoreEngine.java:146) - 
All variants:
[DEBUG] fr.inria.astor.core.loop.AstorCoreEngine.showResults(AstorCoreEngine.java:148) - f 1.0, [Variant id: 1649, #gens: 31, #ops: 0, parent:-]
[INFO ] fr.inria.astor.core.loop.AstorCoreEngine.showResults(AstorCoreEngine.java:152) - 
Solution details
[INFO ] fr.inria.astor.core.loop.AstorCoreEngine.showResults(AstorCoreEngine.java:153) - 
 --SOLUTIONS DESCRIPTION--

 ----
ProgramVariant 22
 
time(sec)= 299
operation: RemoveOp
location= org.jfree.chart.renderer.category.AbstractCategoryItemRenderer
line= 1797
lineSuspiciousness= 0.162
original statement= if (dataset != null) {
	return result;
} 
fixed statement= 
generation= 11
ingredientScope= -
validation=
failing: |true|0|10|[]|
manual_regression: |true|0|4402|[]|
evo_regression: |true|0|94|[]|
 ----
ProgramVariant 180
 
time(sec)= 782
operation: RemoveOp
location= org.jfree.chart.renderer.category.AbstractCategoryItemRenderer
line= 1797
lineSuspiciousness= 0.162
original statement= if (dataset != null) {
	return result;
} 
fixed statement= 
generation= 90
ingredientScope= -
validation=
failing: |true|0|10|[]|
manual_regression: |true|0|4402|[]|
evo_regression: |true|0|94|[]|
 ----
ProgramVariant 304
 
time(sec)= 1436
operation: ReplaceOp
location= org.jfree.chart.renderer.category.AbstractCategoryItemRenderer
line= 1797
lineSuspiciousness= 0.162
original statement= if (dataset != null) {
	return result;
} 
fixed statement= if (dataset != null) {
	org.jfree.chart.renderer.category.AbstractCategoryItemRenderer.this.rowCount = dataset.getRowCount();
	org.jfree.chart.renderer.category.AbstractCategoryItemRenderer.this.columnCount = dataset.getColumnCount();
} else {
	org.jfree.chart.renderer.category.AbstractCategoryItemRenderer.this.rowCount = 0;
	org.jfree.chart.renderer.category.AbstractCategoryItemRenderer.this.columnCount = 0;
}
generation= 152
ingredientScope= LOCAL
validation=
failing: |true|0|10|[]|
manual_regression: |true|0|4402|[]|
evo_regression: |true|0|94|[]|
 ----
ProgramVariant 354
 
time(sec)= 1711
operation: RemoveOp
location= org.jfree.chart.renderer.category.AbstractCategoryItemRenderer
line= 1798
lineSuspiciousness= 0.162
original statement= return result
fixed statement= 
generation= 177
ingredientScope= -
validation=
failing: |true|0|10|[]|
manual_regression: |true|0|4402|[]|
evo_regression: |true|0|94|[]|
 ----
ProgramVariant 398
 
time(sec)= 1906
operation: RemoveOp
location= org.jfree.chart.renderer.category.AbstractCategoryItemRenderer
line= 1797
lineSuspiciousness= 0.162
original statement= if (dataset != null) {
	return result;
} 
fixed statement= 
generation= 199
ingredientScope= -
validation=
failing: |true|0|10|[]|
manual_regression: |true|0|4402|[]|
evo_regression: |true|0|94|[]|
 ----
ProgramVariant 548
 
time(sec)= 2416
operation: RemoveOp
location= org.jfree.chart.renderer.category.AbstractCategoryItemRenderer
line= 1797
lineSuspiciousness= 0.162
original statement= if (dataset != null) {
	return result;
} 
fixed statement= 
generation= 274
ingredientScope= -
validation=
failing: |true|0|10|[]|
manual_regression: |true|0|4402|[]|
evo_regression: |true|0|94|[]|
 ----
ProgramVariant 652
 
time(sec)= 3086
operation: RemoveOp
location= org.jfree.chart.renderer.category.AbstractCategoryItemRenderer
line= 1797
lineSuspiciousness= 0.162
original statement= if (dataset != null) {
	return result;
} 
fixed statement= 
generation= 326
ingredientScope= -
validation=
failing: |true|0|10|[]|
manual_regression: |true|0|4402|[]|
evo_regression: |true|0|94|[]|
 ----
ProgramVariant 670
 
time(sec)= 3208
operation: RemoveOp
location= org.jfree.chart.renderer.category.AbstractCategoryItemRenderer
line= 1798
lineSuspiciousness= 0.162
original statement= return result
fixed statement= 
generation= 335
ingredientScope= -
validation=
failing: |true|0|10|[]|
manual_regression: |true|0|4402|[]|
evo_regression: |true|0|94|[]|
 ----
ProgramVariant 676
 
time(sec)= 3332
operation: ReplaceOp
location= org.jfree.chart.renderer.category.AbstractCategoryItemRenderer
line= 1797
lineSuspiciousness= 0.162
original statement= if (dataset != null) {
	return result;
} 
fixed statement= if (dataset == null) {
	return null;
} 
generation= 338
ingredientScope= LOCAL
validation=
failing: |true|0|10|[]|
manual_regression: |true|0|4402|[]|
evo_regression: |true|0|94|[]|
 ----
ProgramVariant 748
 
time(sec)= 3801
operation: RemoveOp
location= org.jfree.chart.renderer.category.AbstractCategoryItemRenderer
line= 1797
lineSuspiciousness= 0.162
original statement= if (dataset != null) {
	return result;
} 
fixed statement= 
generation= 374
ingredientScope= -
validation=
failing: |true|0|10|[]|
manual_regression: |true|0|4402|[]|
evo_regression: |true|0|94|[]|
 ----
ProgramVariant 874
 
time(sec)= 4211
operation: RemoveOp
location= org.jfree.chart.renderer.category.AbstractCategoryItemRenderer
line= 1797
lineSuspiciousness= 0.162
original statement= if (dataset != null) {
	return result;
} 
fixed statement= 
generation= 437
ingredientScope= -
validation=
failing: |true|0|10|[]|
manual_regression: |true|0|4402|[]|
evo_regression: |true|0|94|[]|
 ----
ProgramVariant 974
 
time(sec)= 4529
operation: RemoveOp
location= org.jfree.chart.renderer.category.AbstractCategoryItemRenderer
line= 1798
lineSuspiciousness= 0.162
original statement= return result
fixed statement= 
generation= 487
ingredientScope= -
validation=
failing: |true|0|10|[]|
manual_regression: |true|0|4402|[]|
evo_regression: |true|0|94|[]|
 ----
ProgramVariant 1184
 
time(sec)= 5311
operation: ReplaceOp
location= org.jfree.chart.renderer.category.AbstractCategoryItemRenderer
line= 1797
lineSuspiciousness= 0.162
original statement= if (dataset != null) {
	return result;
} 
fixed statement= if ((org.jfree.chart.renderer.category.AbstractCategoryItemRenderer.this.plot) == null) {
	return result;
} 
generation= 592
ingredientScope= LOCAL
validation=
failing: |true|0|10|[]|
manual_regression: |true|0|4402|[]|
evo_regression: |true|0|94|[]|
 ----
ProgramVariant 1518
 
time(sec)= 6796
operation: ReplaceOp
location= org.jfree.chart.renderer.category.AbstractCategoryItemRenderer
line= 1797
lineSuspiciousness= 0.162
original statement= if (dataset != null) {
	return result;
} 
fixed statement= if (plot == null) {
	throw new java.lang.IllegalArgumentException("Null 'plot' argument.");
} 
generation= 759
ingredientScope= LOCAL
validation=
failing: |true|0|10|[]|
manual_regression: |true|0|4402|[]|
evo_regression: |true|0|94|[]|
[INFO ] fr.inria.main.evolution.AstorMain.run(AstorMain.java:397) - Time Total(s): 7959.795


Node: graphene-113.nancy.grid5000.fr


Date: Tue Jan 17 23:45:05 CET 2017

removed classes 

zipped 

copied zip 


