seed AstorRun 2 
export PATH="/home/mmartinez/defects4j/framework/bin:$PATH";export JAVA_TOOL_OPTIONS=-Dfile.encoding=UTF8;export PATH="/usr/lib/jvm/java-1.7.0-openjdk-amd64/bin/:$PATH";cd /home/mmartinez/projects/math/math_85;defects4j compile;cp -r /home/mmartinez/projects/math/math_85 /tmp/math_85_Genprog_local_s1;cd /tmp/math_85_Genprog_local_s1;mkdir lib/;cp -r /home/mmartinez/defects4j/framework/projects/lib/* lib/;cp -r /home/mmartinez/defects4j/framework/projects/Math/lib/* lib/;find . -type f -name "package-info.java" -delete;
/home/mmartinez/defects4j-repair/src/python/core/../../../results/2016-june/Math/seed/2/package/85/Genprog/result
cd /tmp/math_85_Genprog_local_s1;export JAVA_TOOL_OPTIONS=-Dfile.encoding=UTF8;TZ="America/New_York"; export TZexport PATH="/usr/lib/jvm/java-1.7.0-openjdk-amd64/bin/:$PATH";time /home/mmartinez/jdk1.8.0_45/bin//java -Xmx4096m -cp /home/mmartinez/defects4j-repair/src/python/core/../../..//libs/astor.jar fr.inria.main.evolution.MainjGenProg -mode statement -location . -id Math -dependencies lib/ -failing org.apache.commons.math.distribution.NormalDistributionTest: -package org.apache.commons -jvm4testexecution /usr/lib/jvm/java-1.7.0-openjdk-amd64/bin/ -jvm4evosuitetestexecution /home/mmartinez/jdk1.8.0_45/bin/ -javacompliancelevel 5 -maxgen 1000000 -seed 2 -scope package -maxtime 120  -stopfirst false -population 1 -srcjavafolder src/java/ -srctestfolder src/test/ -binjavafolder target/classes/ -bintestfolder target/test-classes/ -flthreshold 0.1  -validation  fr.inria.astor.core.validation.validators.RegressionValidation  -ESParameters -Dassertion_timeout=1800:-Dminimization_timeout=1800:-Djunit_check_timeout=1800:-Dwrite_junit_timeout=300:-Dinitialization_timeout=300:-Dglobal_timeout=18000:-Dsearch_budget=100000:-Dstopping_condition=MaxStatements:-Dno_runtime_dependency=true:-Dsandbox=false:-Dp_reflection_on_private=0.0:-Dreflection_start_percent=1.0:-Dp_functional_mocking=0.0:-Dfunctional_mocking_percent=1.0:-mem=2000 -ignoredtestcases org.apache.commons.lang.LocaleUtilsTest  -excludeRegression  -maxgen 100000000 ;echo "

Node: `hostname`
";echo "
Date: `date`
"; find /tmp/math_85_Genprog_local_s1/outputMutation -name "*.class" -type f -delete;echo "removed classes 
"; find . -name bin  -type d -print0|xargs -0 rm -r --; zip -r -q out.zip /tmp/math_85_Genprog_local_s1/outputMutation; echo "zipped 
";cp out.zip /home/mmartinez/defects4j-repair/src/python/core/../../../results/2016-june/Math/seed/2/package/85/Genprog; echo "copied zip 
";rm -rf /tmp/math_85_Genprog_local_s1;

[DEBUG] fr.inria.astor.core.loop.AstorCoreEngine.showResults(AstorCoreEngine.java:136) - End Repair Loops: Found solution
[DEBUG] fr.inria.astor.core.loop.AstorCoreEngine.showResults(AstorCoreEngine.java:137) - Solution stored at: /tmp/math_85_Genprog_local_s1/./outputMutation/AstorMain-Math//src/
[DEBUG] fr.inria.astor.core.loop.AstorCoreEngine.showResults(AstorCoreEngine.java:142) - 
Number solutions:15
[DEBUG] fr.inria.astor.core.loop.AstorCoreEngine.showResults(AstorCoreEngine.java:144) - f (sol): 3.0, [Variant id: 188 (SOL) , #gens: 63, #ops: 1, parent:187]
[DEBUG] fr.inria.astor.core.loop.AstorCoreEngine.showResults(AstorCoreEngine.java:144) - f (sol): 3.0, [Variant id: 338 (SOL) , #gens: 63, #ops: 1, parent:337]
[DEBUG] fr.inria.astor.core.loop.AstorCoreEngine.showResults(AstorCoreEngine.java:144) - f (sol): 3.0, [Variant id: 512 (SOL) , #gens: 63, #ops: 1, parent:511]
[DEBUG] fr.inria.astor.core.loop.AstorCoreEngine.showResults(AstorCoreEngine.java:144) - f (sol): 3.0, [Variant id: 718 (SOL) , #gens: 63, #ops: 1, parent:717]
[DEBUG] fr.inria.astor.core.loop.AstorCoreEngine.showResults(AstorCoreEngine.java:144) - f (sol): 3.0, [Variant id: 730 (SOL) , #gens: 63, #ops: 1, parent:729]
[DEBUG] fr.inria.astor.core.loop.AstorCoreEngine.showResults(AstorCoreEngine.java:144) - f (sol): 3.0, [Variant id: 1118 (SOL) , #gens: 63, #ops: 1, parent:1117]
[DEBUG] fr.inria.astor.core.loop.AstorCoreEngine.showResults(AstorCoreEngine.java:144) - f (sol): 3.0, [Variant id: 1252 (SOL) , #gens: 63, #ops: 1, parent:1251]
[DEBUG] fr.inria.astor.core.loop.AstorCoreEngine.showResults(AstorCoreEngine.java:144) - f (sol): 3.0, [Variant id: 1354 (SOL) , #gens: 64, #ops: 1, parent:1353]
[DEBUG] fr.inria.astor.core.loop.AstorCoreEngine.showResults(AstorCoreEngine.java:144) - f (sol): 3.0, [Variant id: 1456 (SOL) , #gens: 63, #ops: 1, parent:1455]
[DEBUG] fr.inria.astor.core.loop.AstorCoreEngine.showResults(AstorCoreEngine.java:144) - f (sol): 3.0, [Variant id: 1512 (SOL) , #gens: 63, #ops: 1, parent:1511]
[DEBUG] fr.inria.astor.core.loop.AstorCoreEngine.showResults(AstorCoreEngine.java:144) - f (sol): 3.0, [Variant id: 1520 (SOL) , #gens: 63, #ops: 1, parent:1519]
[DEBUG] fr.inria.astor.core.loop.AstorCoreEngine.showResults(AstorCoreEngine.java:144) - f (sol): 3.0, [Variant id: 1592 (SOL) , #gens: 63, #ops: 1, parent:1591]
[DEBUG] fr.inria.astor.core.loop.AstorCoreEngine.showResults(AstorCoreEngine.java:144) - f (sol): 3.0, [Variant id: 1784 (SOL) , #gens: 63, #ops: 1, parent:1783]
[DEBUG] fr.inria.astor.core.loop.AstorCoreEngine.showResults(AstorCoreEngine.java:144) - f (sol): 3.0, [Variant id: 2120 (SOL) , #gens: 63, #ops: 1, parent:2119]
[DEBUG] fr.inria.astor.core.loop.AstorCoreEngine.showResults(AstorCoreEngine.java:144) - f (sol): 3.0, [Variant id: 2310 (SOL) , #gens: 63, #ops: 1, parent:2309]
[DEBUG] fr.inria.astor.core.loop.AstorCoreEngine.showResults(AstorCoreEngine.java:146) - 
All variants:
[DEBUG] fr.inria.astor.core.loop.AstorCoreEngine.showResults(AstorCoreEngine.java:148) - f 1.0, [Variant id: 2319, #gens: 64, #ops: 0, parent:-]
[INFO ] fr.inria.astor.core.loop.AstorCoreEngine.showResults(AstorCoreEngine.java:152) - 
Solution details
[INFO ] fr.inria.astor.core.loop.AstorCoreEngine.showResults(AstorCoreEngine.java:153) - 
 --SOLUTIONS DESCRIPTION--

 ----
ProgramVariant 188
 
time(sec)= 1720
operation: RemoveOp
location= org.apache.commons.math.analysis.solvers.UnivariateRealSolverUtils
line= 199
lineSuspiciousness= 1
original statement= throw new org.apache.commons.math.ConvergenceException(("number of iterations={0}, maximum iterations={1}, " + ("initial={2}, lower bound={3}, upper bound={4}, final a value={5}, " + "final b value={6}, f(a)={7}, f(b)={8}")) , numIterations , maximumIterations , initial , lowerBound , upperBound , a , b , fa , fb)
fixed statement= 
generation= 94
ingredientScope= -
validation=
failing: |true|0|13|[]|
manual_regression: |true|0|1983|[]|
evo_regression: |false|3|25|[test15(org.apache.commons.math.analysis.solvers.UnivariateRealSolverUtils_ESTest): Expecting exception: Exception-, test16(org.apache.commons.math.analysis.solvers.UnivariateRealSolverUtils_ESTest): Expecting exception: Exception-, test11(org.apache.commons.math.analysis.solvers.UnivariateRealSolverUtils_ESTest): Expecting exception: Exception-]|
 ----
ProgramVariant 338
 
time(sec)= 2232
operation: RemoveOp
location= org.apache.commons.math.analysis.solvers.UnivariateRealSolverUtils
line= 199
lineSuspiciousness= 1
original statement= throw new org.apache.commons.math.ConvergenceException(("number of iterations={0}, maximum iterations={1}, " + ("initial={2}, lower bound={3}, upper bound={4}, final a value={5}, " + "final b value={6}, f(a)={7}, f(b)={8}")) , numIterations , maximumIterations , initial , lowerBound , upperBound , a , b , fa , fb)
fixed statement= 
generation= 169
ingredientScope= -
validation=
failing: |true|0|13|[]|
manual_regression: |true|0|1983|[]|
evo_regression: |false|3|25|[test15(org.apache.commons.math.analysis.solvers.UnivariateRealSolverUtils_ESTest): Expecting exception: Exception-, test16(org.apache.commons.math.analysis.solvers.UnivariateRealSolverUtils_ESTest): Expecting exception: Exception-, test11(org.apache.commons.math.analysis.solvers.UnivariateRealSolverUtils_ESTest): Expecting exception: Exception-]|
 ----
ProgramVariant 512
 
time(sec)= 2397
operation: RemoveOp
location= org.apache.commons.math.analysis.solvers.UnivariateRealSolverUtils
line= 199
lineSuspiciousness= 1
original statement= throw new org.apache.commons.math.ConvergenceException(("number of iterations={0}, maximum iterations={1}, " + ("initial={2}, lower bound={3}, upper bound={4}, final a value={5}, " + "final b value={6}, f(a)={7}, f(b)={8}")) , numIterations , maximumIterations , initial , lowerBound , upperBound , a , b , fa , fb)
fixed statement= 
generation= 256
ingredientScope= -
validation=
failing: |true|0|13|[]|
manual_regression: |true|0|1983|[]|
evo_regression: |false|3|25|[test15(org.apache.commons.math.analysis.solvers.UnivariateRealSolverUtils_ESTest): Expecting exception: Exception-, test16(org.apache.commons.math.analysis.solvers.UnivariateRealSolverUtils_ESTest): Expecting exception: Exception-, test11(org.apache.commons.math.analysis.solvers.UnivariateRealSolverUtils_ESTest): Expecting exception: Exception-]|
 ----
ProgramVariant 718
 
time(sec)= 2795
operation: RemoveOp
location= org.apache.commons.math.analysis.solvers.UnivariateRealSolverUtils
line= 199
lineSuspiciousness= 1
original statement= throw new org.apache.commons.math.ConvergenceException(("number of iterations={0}, maximum iterations={1}, " + ("initial={2}, lower bound={3}, upper bound={4}, final a value={5}, " + "final b value={6}, f(a)={7}, f(b)={8}")) , numIterations , maximumIterations , initial , lowerBound , upperBound , a , b , fa , fb)
fixed statement= 
generation= 359
ingredientScope= -
validation=
failing: |true|0|13|[]|
manual_regression: |true|0|1983|[]|
evo_regression: |false|3|25|[test15(org.apache.commons.math.analysis.solvers.UnivariateRealSolverUtils_ESTest): Expecting exception: Exception-, test16(org.apache.commons.math.analysis.solvers.UnivariateRealSolverUtils_ESTest): Expecting exception: Exception-, test11(org.apache.commons.math.analysis.solvers.UnivariateRealSolverUtils_ESTest): Expecting exception: Exception-]|
 ----
ProgramVariant 730
 
time(sec)= 2867
operation: RemoveOp
location= org.apache.commons.math.analysis.solvers.UnivariateRealSolverUtils
line= 199
lineSuspiciousness= 1
original statement= throw new org.apache.commons.math.ConvergenceException(("number of iterations={0}, maximum iterations={1}, " + ("initial={2}, lower bound={3}, upper bound={4}, final a value={5}, " + "final b value={6}, f(a)={7}, f(b)={8}")) , numIterations , maximumIterations , initial , lowerBound , upperBound , a , b , fa , fb)
fixed statement= 
generation= 365
ingredientScope= -
validation=
failing: |true|0|13|[]|
manual_regression: |true|0|1983|[]|
evo_regression: |false|3|25|[test15(org.apache.commons.math.analysis.solvers.UnivariateRealSolverUtils_ESTest): Expecting exception: Exception-, test16(org.apache.commons.math.analysis.solvers.UnivariateRealSolverUtils_ESTest): Expecting exception: Exception-, test11(org.apache.commons.math.analysis.solvers.UnivariateRealSolverUtils_ESTest): Expecting exception: Exception-]|
 ----
ProgramVariant 1118
 
time(sec)= 3656
operation: RemoveOp
location= org.apache.commons.math.analysis.solvers.UnivariateRealSolverUtils
line= 199
lineSuspiciousness= 1
original statement= throw new org.apache.commons.math.ConvergenceException(("number of iterations={0}, maximum iterations={1}, " + ("initial={2}, lower bound={3}, upper bound={4}, final a value={5}, " + "final b value={6}, f(a)={7}, f(b)={8}")) , numIterations , maximumIterations , initial , lowerBound , upperBound , a , b , fa , fb)
fixed statement= 
generation= 559
ingredientScope= -
validation=
failing: |true|0|13|[]|
manual_regression: |true|0|1983|[]|
evo_regression: |false|3|25|[test15(org.apache.commons.math.analysis.solvers.UnivariateRealSolverUtils_ESTest): Expecting exception: Exception-, test16(org.apache.commons.math.analysis.solvers.UnivariateRealSolverUtils_ESTest): Expecting exception: Exception-, test11(org.apache.commons.math.analysis.solvers.UnivariateRealSolverUtils_ESTest): Expecting exception: Exception-]|
 ----
ProgramVariant 1252
 
time(sec)= 3921
operation: RemoveOp
location= org.apache.commons.math.analysis.solvers.UnivariateRealSolverUtils
line= 199
lineSuspiciousness= 1
original statement= throw new org.apache.commons.math.ConvergenceException(("number of iterations={0}, maximum iterations={1}, " + ("initial={2}, lower bound={3}, upper bound={4}, final a value={5}, " + "final b value={6}, f(a)={7}, f(b)={8}")) , numIterations , maximumIterations , initial , lowerBound , upperBound , a , b , fa , fb)
fixed statement= 
generation= 626
ingredientScope= -
validation=
failing: |true|0|13|[]|
manual_regression: |true|0|1983|[]|
evo_regression: |false|3|25|[test15(org.apache.commons.math.analysis.solvers.UnivariateRealSolverUtils_ESTest): Expecting exception: Exception-, test16(org.apache.commons.math.analysis.solvers.UnivariateRealSolverUtils_ESTest): Expecting exception: Exception-, test11(org.apache.commons.math.analysis.solvers.UnivariateRealSolverUtils_ESTest): Expecting exception: Exception-]|
 ----
ProgramVariant 1354
 
time(sec)= 4155
operation: ReplaceOp
location= org.apache.commons.math.analysis.solvers.UnivariateRealSolverUtils
line= 198
lineSuspiciousness= 0.243
original statement= if ((fa * fb) >= 0.0) {
	throw new org.apache.commons.math.ConvergenceException(("number of iterations={0}, maximum iterations={1}, " + ("initial={2}, lower bound={3}, upper bound={4}, final a value={5}, " + "final b value={6}, f(a)={7}, f(b)={8}")) , numIterations , maximumIterations , initial , lowerBound , upperBound , a , b , fa , fb);
} 
fixed statement= if (function == null) {
	throw org.apache.commons.math.MathRuntimeException.createIllegalArgumentException("function is null");
} 
generation= 677
ingredientScope= LOCAL
validation=
failing: |true|0|13|[]|
manual_regression: |true|0|1983|[]|
evo_regression: |false|3|25|[test15(org.apache.commons.math.analysis.solvers.UnivariateRealSolverUtils_ESTest): Expecting exception: Exception-, test16(org.apache.commons.math.analysis.solvers.UnivariateRealSolverUtils_ESTest): Expecting exception: Exception-, test11(org.apache.commons.math.analysis.solvers.UnivariateRealSolverUtils_ESTest): Expecting exception: Exception-]|
 ----
ProgramVariant 1456
 
time(sec)= 4862
operation: RemoveOp
location= org.apache.commons.math.analysis.solvers.UnivariateRealSolverUtils
line= 199
lineSuspiciousness= 1
original statement= throw new org.apache.commons.math.ConvergenceException(("number of iterations={0}, maximum iterations={1}, " + ("initial={2}, lower bound={3}, upper bound={4}, final a value={5}, " + "final b value={6}, f(a)={7}, f(b)={8}")) , numIterations , maximumIterations , initial , lowerBound , upperBound , a , b , fa , fb)
fixed statement= 
generation= 728
ingredientScope= -
validation=
failing: |true|0|13|[]|
manual_regression: |true|0|1983|[]|
evo_regression: |false|3|25|[test15(org.apache.commons.math.analysis.solvers.UnivariateRealSolverUtils_ESTest): Expecting exception: Exception-, test16(org.apache.commons.math.analysis.solvers.UnivariateRealSolverUtils_ESTest): Expecting exception: Exception-, test11(org.apache.commons.math.analysis.solvers.UnivariateRealSolverUtils_ESTest): Expecting exception: Exception-]|
 ----
ProgramVariant 1512
 
time(sec)= 5194
operation: RemoveOp
location= org.apache.commons.math.analysis.solvers.UnivariateRealSolverUtils
line= 199
lineSuspiciousness= 1
original statement= throw new org.apache.commons.math.ConvergenceException(("number of iterations={0}, maximum iterations={1}, " + ("initial={2}, lower bound={3}, upper bound={4}, final a value={5}, " + "final b value={6}, f(a)={7}, f(b)={8}")) , numIterations , maximumIterations , initial , lowerBound , upperBound , a , b , fa , fb)
fixed statement= 
generation= 756
ingredientScope= -
validation=
failing: |true|0|13|[]|
manual_regression: |true|0|1983|[]|
evo_regression: |false|3|25|[test15(org.apache.commons.math.analysis.solvers.UnivariateRealSolverUtils_ESTest): Expecting exception: Exception-, test16(org.apache.commons.math.analysis.solvers.UnivariateRealSolverUtils_ESTest): Expecting exception: Exception-, test11(org.apache.commons.math.analysis.solvers.UnivariateRealSolverUtils_ESTest): Expecting exception: Exception-]|
 ----
ProgramVariant 1520
 
time(sec)= 5384
operation: RemoveOp
location= org.apache.commons.math.analysis.solvers.UnivariateRealSolverUtils
line= 199
lineSuspiciousness= 1
original statement= throw new org.apache.commons.math.ConvergenceException(("number of iterations={0}, maximum iterations={1}, " + ("initial={2}, lower bound={3}, upper bound={4}, final a value={5}, " + "final b value={6}, f(a)={7}, f(b)={8}")) , numIterations , maximumIterations , initial , lowerBound , upperBound , a , b , fa , fb)
fixed statement= 
generation= 760
ingredientScope= -
validation=
failing: |true|0|13|[]|
manual_regression: |true|0|1983|[]|
evo_regression: |false|3|25|[test15(org.apache.commons.math.analysis.solvers.UnivariateRealSolverUtils_ESTest): Expecting exception: Exception-, test16(org.apache.commons.math.analysis.solvers.UnivariateRealSolverUtils_ESTest): Expecting exception: Exception-, test11(org.apache.commons.math.analysis.solvers.UnivariateRealSolverUtils_ESTest): Expecting exception: Exception-]|
 ----
ProgramVariant 1592
 
time(sec)= 5480
operation: RemoveOp
location= org.apache.commons.math.analysis.solvers.UnivariateRealSolverUtils
line= 199
lineSuspiciousness= 1
original statement= throw new org.apache.commons.math.ConvergenceException(("number of iterations={0}, maximum iterations={1}, " + ("initial={2}, lower bound={3}, upper bound={4}, final a value={5}, " + "final b value={6}, f(a)={7}, f(b)={8}")) , numIterations , maximumIterations , initial , lowerBound , upperBound , a , b , fa , fb)
fixed statement= 
generation= 796
ingredientScope= -
validation=
failing: |true|0|13|[]|
manual_regression: |true|0|1983|[]|
evo_regression: |false|3|25|[test15(org.apache.commons.math.analysis.solvers.UnivariateRealSolverUtils_ESTest): Expecting exception: Exception-, test16(org.apache.commons.math.analysis.solvers.UnivariateRealSolverUtils_ESTest): Expecting exception: Exception-, test11(org.apache.commons.math.analysis.solvers.UnivariateRealSolverUtils_ESTest): Expecting exception: Exception-]|
 ----
ProgramVariant 1784
 
time(sec)= 5842
operation: RemoveOp
location= org.apache.commons.math.analysis.solvers.UnivariateRealSolverUtils
line= 199
lineSuspiciousness= 1
original statement= throw new org.apache.commons.math.ConvergenceException(("number of iterations={0}, maximum iterations={1}, " + ("initial={2}, lower bound={3}, upper bound={4}, final a value={5}, " + "final b value={6}, f(a)={7}, f(b)={8}")) , numIterations , maximumIterations , initial , lowerBound , upperBound , a , b , fa , fb)
fixed statement= 
generation= 892
ingredientScope= -
validation=
failing: |true|0|13|[]|
manual_regression: |true|0|1983|[]|
evo_regression: |false|3|25|[test15(org.apache.commons.math.analysis.solvers.UnivariateRealSolverUtils_ESTest): Expecting exception: Exception-, test16(org.apache.commons.math.analysis.solvers.UnivariateRealSolverUtils_ESTest): Expecting exception: Exception-, test11(org.apache.commons.math.analysis.solvers.UnivariateRealSolverUtils_ESTest): Expecting exception: Exception-]|
 ----
ProgramVariant 2120
 
time(sec)= 6677
operation: RemoveOp
location= org.apache.commons.math.analysis.solvers.UnivariateRealSolverUtils
line= 199
lineSuspiciousness= 1
original statement= throw new org.apache.commons.math.ConvergenceException(("number of iterations={0}, maximum iterations={1}, " + ("initial={2}, lower bound={3}, upper bound={4}, final a value={5}, " + "final b value={6}, f(a)={7}, f(b)={8}")) , numIterations , maximumIterations , initial , lowerBound , upperBound , a , b , fa , fb)
fixed statement= 
generation= 1060
ingredientScope= -
validation=
failing: |true|0|13|[]|
manual_regression: |true|0|1983|[]|
evo_regression: |false|3|25|[test15(org.apache.commons.math.analysis.solvers.UnivariateRealSolverUtils_ESTest): Expecting exception: Exception-, test16(org.apache.commons.math.analysis.solvers.UnivariateRealSolverUtils_ESTest): Expecting exception: Exception-, test11(org.apache.commons.math.analysis.solvers.UnivariateRealSolverUtils_ESTest): Expecting exception: Exception-]|
 ----
ProgramVariant 2310
 
time(sec)= 7224
operation: RemoveOp
location= org.apache.commons.math.analysis.solvers.UnivariateRealSolverUtils
line= 198
lineSuspiciousness= 0.243
original statement= if ((fa * fb) >= 0.0) {
	throw new org.apache.commons.math.ConvergenceException(("number of iterations={0}, maximum iterations={1}, " + ("initial={2}, lower bound={3}, upper bound={4}, final a value={5}, " + "final b value={6}, f(a)={7}, f(b)={8}")) , numIterations , maximumIterations , initial , lowerBound , upperBound , a , b , fa , fb);
} 
fixed statement= 
generation= 1155
ingredientScope= -
validation=
failing: |true|0|13|[]|
manual_regression: |true|0|1983|[]|
evo_regression: |false|3|25|[test15(org.apache.commons.math.analysis.solvers.UnivariateRealSolverUtils_ESTest): Expecting exception: Exception-, test16(org.apache.commons.math.analysis.solvers.UnivariateRealSolverUtils_ESTest): Expecting exception: Exception-, test11(org.apache.commons.math.analysis.solvers.UnivariateRealSolverUtils_ESTest): Expecting exception: Exception-]|
[INFO ] fr.inria.main.evolution.AstorMain.run(AstorMain.java:397) - Time Total(s): 7388.848


Node: graphene-12.nancy.grid5000.fr


Date: Wed Jan 18 01:44:33 CET 2017

removed classes 

zipped 

copied zip 


