seed AstorRun 6 
export PATH="/home/mmartinez/defects4j/framework/bin:$PATH";export JAVA_TOOL_OPTIONS=-Dfile.encoding=UTF8;export PATH="/usr/lib/jvm/java-1.7.0-openjdk-amd64/bin/:$PATH";cd /home/mmartinez/projects/math/math_23;defects4j compile;cp -r /home/mmartinez/projects/math/math_23 /tmp/math_23_Genprog_local_s1;cd /tmp/math_23_Genprog_local_s1;mkdir lib/;cp -r /home/mmartinez/defects4j/framework/projects/lib/* lib/;cp -r /home/mmartinez/defects4j/framework/projects/Math/lib/* lib/;find . -type f -name "package-info.java" -delete;
/home/mmartinez/defects4j-repair/src/python/core/../../../results/2016-june/Math/seed/6/package/23/Genprog/result
cd /tmp/math_23_Genprog_local_s1;export JAVA_TOOL_OPTIONS=-Dfile.encoding=UTF8;TZ="America/New_York"; export TZexport PATH="/usr/lib/jvm/java-1.7.0-openjdk-amd64/bin/:$PATH";time /home/mmartinez/jdk1.8.0_45/bin//java -Xmx4096m -cp /home/mmartinez/defects4j-repair/src/python/core/../../..//libs/astor.jar fr.inria.main.evolution.MainjGenProg -mode statement -location . -id Math -dependencies lib/ -failing org.apache.commons.math3.optimization.univariate.BrentOptimizerTest: -package org.apache.commons -jvm4testexecution /usr/lib/jvm/java-1.7.0-openjdk-amd64/bin/ -jvm4evosuitetestexecution /home/mmartinez/jdk1.8.0_45/bin/ -javacompliancelevel 5 -maxgen 1000000 -seed 6 -scope package -maxtime 120  -stopfirst false -population 1 -srcjavafolder src/main/java/ -srctestfolder src/test/java/ -binjavafolder target/classes/ -bintestfolder target/test-classes/ -flthreshold 0.1  -validation  fr.inria.astor.core.validation.validators.RegressionValidation  -ESParameters -Dassertion_timeout=1800:-Dminimization_timeout=1800:-Djunit_check_timeout=1800:-Dwrite_junit_timeout=300:-Dinitialization_timeout=300:-Dglobal_timeout=18000:-Dsearch_budget=100000:-Dstopping_condition=MaxStatements:-Dno_runtime_dependency=true:-Dsandbox=false:-Dp_reflection_on_private=0.0:-Dreflection_start_percent=1.0:-Dp_functional_mocking=0.0:-Dfunctional_mocking_percent=1.0:-mem=2000 -ignoredtestcases org.apache.commons.lang.LocaleUtilsTest  -excludeRegression  -maxgen 100000000 ;echo "

Node: `hostname`
";echo "
Date: `date`
"; find /tmp/math_23_Genprog_local_s1/outputMutation -name "*.class" -type f -delete;echo "removed classes 
"; find . -name bin  -type d -print0|xargs -0 rm -r --; zip -r -q out.zip /tmp/math_23_Genprog_local_s1/outputMutation; echo "zipped 
";cp out.zip /home/mmartinez/defects4j-repair/src/python/core/../../../results/2016-june/Math/seed/6/package/23/Genprog; echo "copied zip 
";rm -rf /tmp/math_23_Genprog_local_s1;

[DEBUG] fr.inria.astor.core.loop.AstorCoreEngine.showResults(AstorCoreEngine.java:136) - End Repair Loops: Found solution
[DEBUG] fr.inria.astor.core.loop.AstorCoreEngine.showResults(AstorCoreEngine.java:137) - Solution stored at: /tmp/math_23_Genprog_local_s1/./outputMutation/AstorMain-Math//src/
[DEBUG] fr.inria.astor.core.loop.AstorCoreEngine.showResults(AstorCoreEngine.java:142) - 
Number solutions:7
[DEBUG] fr.inria.astor.core.loop.AstorCoreEngine.showResults(AstorCoreEngine.java:144) - f (sol): 8.0, [Variant id: 788 (SOL) , #gens: 111, #ops: 1, parent:787]
[DEBUG] fr.inria.astor.core.loop.AstorCoreEngine.showResults(AstorCoreEngine.java:144) - f (sol): 5.0, [Variant id: 1352 (SOL) , #gens: 112, #ops: 1, parent:1351]
[DEBUG] fr.inria.astor.core.loop.AstorCoreEngine.showResults(AstorCoreEngine.java:144) - f (sol): 6.0, [Variant id: 1468 (SOL) , #gens: 111, #ops: 1, parent:1467]
[DEBUG] fr.inria.astor.core.loop.AstorCoreEngine.showResults(AstorCoreEngine.java:144) - f (sol): 5.0, [Variant id: 1740 (SOL) , #gens: 112, #ops: 1, parent:1739]
[DEBUG] fr.inria.astor.core.loop.AstorCoreEngine.showResults(AstorCoreEngine.java:144) - f (sol): 5.0, [Variant id: 1798 (SOL) , #gens: 112, #ops: 1, parent:1797]
[DEBUG] fr.inria.astor.core.loop.AstorCoreEngine.showResults(AstorCoreEngine.java:144) - f (sol): 5.0, [Variant id: 3016 (SOL) , #gens: 112, #ops: 1, parent:3015]
[DEBUG] fr.inria.astor.core.loop.AstorCoreEngine.showResults(AstorCoreEngine.java:144) - f (sol): 5.0, [Variant id: 3054 (SOL) , #gens: 112, #ops: 1, parent:3053]
[DEBUG] fr.inria.astor.core.loop.AstorCoreEngine.showResults(AstorCoreEngine.java:146) - 
All variants:
[DEBUG] fr.inria.astor.core.loop.AstorCoreEngine.showResults(AstorCoreEngine.java:148) - f 1.0, [Variant id: 3307, #gens: 111, #ops: 0, parent:-]
[INFO ] fr.inria.astor.core.loop.AstorCoreEngine.showResults(AstorCoreEngine.java:152) - 
Solution details
[INFO ] fr.inria.astor.core.loop.AstorCoreEngine.showResults(AstorCoreEngine.java:153) - 
 --SOLUTIONS DESCRIPTION--

 ----
ProgramVariant 788
 
time(sec)= 1464
operation: ReplaceOp
location= org.apache.commons.math3.analysis.function.StepFunction
line= 99
lineSuspiciousness= 0.316
original statement= return fx
fixed statement= return org.apache.commons.math3.util.FastMath.cos(x)
generation= 394
ingredientScope= PACKAGE
validation=
failing: |true|0|10|[]|
manual_regression: |false|3|4031|[testSomeValues(org.apache.commons.math3.analysis.function.StepFunctionTest): expected:<4.0> but was:<NaN>-, testEndpointBehavior(org.apache.commons.math3.analysis.function.StepFunctionTest): expected:<1.0> but was:<0.8775825618903728>-, testHeaviside(org.apache.commons.math3.analysis.function.StepFunctionTest): expected:<0.0> but was:<NaN>-]|
evo_regression: |false|5|11|[test01(org.apache.commons.math3.analysis.function.StepFunction_ESTest): expected:<0.0> but was:<1.0>-, test00(org.apache.commons.math3.analysis.function.StepFunction_ESTest): expected:<0.0> but was:<-0.5973448602736168>-, test04(org.apache.commons.math3.analysis.function.StepFunction_ESTest): expected:<-1.0> but was:<0.5403023058681398>-, test03(org.apache.commons.math3.analysis.function.StepFunction_ESTest): expected:<1.2599210498948732> but was:<-0.8881075012790534>-, test02(org.apache.commons.math3.analysis.function.StepFunction_ESTest): expected:<-1.0> but was:<-0.31292351376084865>-]|
 ----
ProgramVariant 1352
 
time(sec)= 2880
operation: InsertAfterOp
location= org.apache.commons.math3.analysis.function.StepFunction
line= 89
lineSuspiciousness= 0.316
original statement= fx = ordinate[((-index) - 2)]
fixed statement= return org.apache.commons.math3.util.FastMath.log1p(x)
generation= 676
ingredientScope= PACKAGE
validation=
failing: |true|0|10|[]|
manual_regression: |false|3|4031|[testSomeValues(org.apache.commons.math3.analysis.function.StepFunctionTest): expected:<-1.0> but was:<-0.5108256237659907>-, testEndpointBehavior(org.apache.commons.math3.analysis.function.StepFunctionTest): expected:<1.0> but was:<0.0>-, testHeaviside(org.apache.commons.math3.analysis.function.StepFunctionTest): expected:<0.0> but was:<-4.9E-324>-]|
evo_regression: |false|2|11|[test00(org.apache.commons.math3.analysis.function.StepFunction_ESTest): expected:<0.0> but was:<8.015421237690962>-, test03(org.apache.commons.math3.analysis.function.StepFunction_ESTest): expected:<1.2599210498948732> but was:<8.13973227971767>-]|
 ----
ProgramVariant 1468
 
time(sec)= 3214
operation: ReplaceOp
location= org.apache.commons.math3.analysis.function.StepFunction
line= 99
lineSuspiciousness= 0.316
original statement= return fx
fixed statement= return org.apache.commons.math3.util.FastMath.tanh(x)
generation= 734
ingredientScope= PACKAGE
validation=
failing: |true|0|10|[]|
manual_regression: |false|3|4031|[testSomeValues(org.apache.commons.math3.analysis.function.StepFunctionTest): expected:<4.0> but was:<-1.0>-, testEndpointBehavior(org.apache.commons.math3.analysis.function.StepFunctionTest): expected:<1.0> but was:<0.0>-, testHeaviside(org.apache.commons.math3.analysis.function.StepFunctionTest): expected:<0.0> but was:<-1.0>-]|
evo_regression: |false|3|11|[test00(org.apache.commons.math3.analysis.function.StepFunction_ESTest): expected:<0.0> but was:<1.0>-, test04(org.apache.commons.math3.analysis.function.StepFunction_ESTest): expected:<-1.0> but was:<-0.7615941559557649>-, test03(org.apache.commons.math3.analysis.function.StepFunction_ESTest): expected:<1.2599210498948732> but was:<1.0>-]|
 ----
ProgramVariant 1740
 
time(sec)= 3847
operation: InsertAfterOp
location= org.apache.commons.math3.analysis.function.StepFunction
line= 89
lineSuspiciousness= 0.316
original statement= fx = ordinate[((-index) - 2)]
fixed statement= return org.apache.commons.math3.util.FastMath.sqrt(x)
generation= 870
ingredientScope= PACKAGE
validation=
failing: |true|0|10|[]|
manual_regression: |false|3|4031|[testSomeValues(org.apache.commons.math3.analysis.function.StepFunctionTest): expected:<-1.0> but was:<NaN>-, testEndpointBehavior(org.apache.commons.math3.analysis.function.StepFunctionTest): expected:<1.0> but was:<0.0>-, testHeaviside(org.apache.commons.math3.analysis.function.StepFunctionTest): expected:<0.0> but was:<NaN>-]|
evo_regression: |false|2|11|[test00(org.apache.commons.math3.analysis.function.StepFunction_ESTest): expected:<0.0> but was:<55.01167453763989>-, test03(org.apache.commons.math3.analysis.function.StepFunction_ESTest): expected:<1.2599210498948732> but was:<58.540584213005594>-]|
 ----
ProgramVariant 1798
 
time(sec)= 4103
operation: InsertAfterOp
location= org.apache.commons.math3.analysis.function.StepFunction
line= 89
lineSuspiciousness= 0.316
original statement= fx = ordinate[((-index) - 2)]
fixed statement= return x
generation= 899
ingredientScope= PACKAGE
validation=
failing: |true|0|10|[]|
manual_regression: |false|3|4031|[testSomeValues(org.apache.commons.math3.analysis.function.StepFunctionTest): expected:<-1.0> but was:<-0.4>-, testEndpointBehavior(org.apache.commons.math3.analysis.function.StepFunctionTest): expected:<1.0> but was:<0.0>-, testHeaviside(org.apache.commons.math3.analysis.function.StepFunctionTest): expected:<0.0> but was:<-4.9E-324>-]|
evo_regression: |false|2|11|[test00(org.apache.commons.math3.analysis.function.StepFunction_ESTest): expected:<0.0> but was:<3026.284335435217>-, test03(org.apache.commons.math3.analysis.function.StepFunction_ESTest): expected:<1.2599210498948732> but was:<3427.0>-]|
 ----
ProgramVariant 3016
 
time(sec)= 6606
operation: InsertAfterOp
location= org.apache.commons.math3.analysis.function.StepFunction
line= 89
lineSuspiciousness= 0.316
original statement= fx = ordinate[((-index) - 2)]
fixed statement= return org.apache.commons.math3.util.FastMath.log(x)
generation= 1508
ingredientScope= PACKAGE
validation=
failing: |true|0|10|[]|
manual_regression: |false|3|4031|[testSomeValues(org.apache.commons.math3.analysis.function.StepFunctionTest): expected:<-1.0> but was:<NaN>-, testEndpointBehavior(org.apache.commons.math3.analysis.function.StepFunctionTest): expected:<1.0> but was:<-Infinity>-, testHeaviside(org.apache.commons.math3.analysis.function.StepFunctionTest): expected:<0.0> but was:<NaN>-]|
evo_regression: |false|2|11|[test00(org.apache.commons.math3.analysis.function.StepFunction_ESTest): expected:<0.0> but was:<8.015090854056625>-, test03(org.apache.commons.math3.analysis.function.StepFunction_ESTest): expected:<1.2599210498948732> but was:<8.139440521874608>-]|
 ----
ProgramVariant 3054
 
time(sec)= 6855
operation: InsertAfterOp
location= org.apache.commons.math3.analysis.function.StepFunction
line= 90
lineSuspiciousness= 0.316
original statement= if (index >= 0) {
	fx = ordinate[index];
} else {
	fx = ordinate[0];
}
fixed statement= return -x
generation= 1527
ingredientScope= PACKAGE
validation=
failing: |true|0|10|[]|
manual_regression: |false|3|4031|[testSomeValues(org.apache.commons.math3.analysis.function.StepFunctionTest): expected:<4.0> but was:<Infinity>-, testEndpointBehavior(org.apache.commons.math3.analysis.function.StepFunctionTest): expected:<-0.0> but was:<1.0>-, testHeaviside(org.apache.commons.math3.analysis.function.StepFunctionTest): expected:<0.0> but was:<Infinity>-]|
evo_regression: |false|2|11|[test04(org.apache.commons.math3.analysis.function.StepFunction_ESTest): expected:<-1.0> but was:<1.0>-, test02(org.apache.commons.math3.analysis.function.StepFunction_ESTest): expected:<-1.0> but was:<2831.827507632>-]|
[INFO ] fr.inria.main.evolution.AstorMain.run(AstorMain.java:397) - Time Total(s): 7914.124


Node: graphene-84.nancy.grid5000.fr


Date: Thu Jan 12 02:26:19 CET 2017

removed classes 

zipped 

copied zip 


