seed AstorRun 4 
export PATH="/home/mmartinez/defects4j/framework/bin:$PATH";export JAVA_TOOL_OPTIONS=-Dfile.encoding=UTF8;export PATH="/usr/lib/jvm/java-1.7.0-openjdk-amd64/bin/:$PATH";cd /home/mmartinez/projects/math/math_82;defects4j compile;cp -r /home/mmartinez/projects/math/math_82 /tmp/math_82_Genprog_local_s1;cd /tmp/math_82_Genprog_local_s1;mkdir lib/;cp -r /home/mmartinez/defects4j/framework/projects/lib/* lib/;cp -r /home/mmartinez/defects4j/framework/projects/Math/lib/* lib/;find . -type f -name "package-info.java" -delete;
/home/mmartinez/defects4j-repair/src/python/core/../../../results/2016-june/Math/seed/4/package/82/Genprog/result
cd /tmp/math_82_Genprog_local_s1;export JAVA_TOOL_OPTIONS=-Dfile.encoding=UTF8;TZ="America/New_York"; export TZexport PATH="/usr/lib/jvm/java-1.7.0-openjdk-amd64/bin/:$PATH";time /home/mmartinez/jdk1.8.0_45/bin//java -Xmx4096m -cp /home/mmartinez/defects4j-repair/src/python/core/../../..//libs/astor.jar fr.inria.main.evolution.MainjGenProg -mode statement -location . -id Math -dependencies lib/ -failing org.apache.commons.math.optimization.linear.SimplexSolverTest: -package org.apache.commons -jvm4testexecution /usr/lib/jvm/java-1.7.0-openjdk-amd64/bin/ -jvm4evosuitetestexecution /home/mmartinez/jdk1.8.0_45/bin/ -javacompliancelevel 5 -maxgen 1000000 -seed 4 -scope package -maxtime 120  -stopfirst false -population 1 -srcjavafolder src/main/java/ -srctestfolder src/test/java/ -binjavafolder target/classes/ -bintestfolder target/test-classes/ -flthreshold 0.1  -validation  fr.inria.astor.core.validation.validators.RegressionValidation  -ESParameters -Dassertion_timeout=1800:-Dminimization_timeout=1800:-Djunit_check_timeout=1800:-Dwrite_junit_timeout=300:-Dinitialization_timeout=300:-Dglobal_timeout=18000:-Dsearch_budget=100000:-Dstopping_condition=MaxStatements:-Dno_runtime_dependency=true:-Dsandbox=false:-Dp_reflection_on_private=0.0:-Dreflection_start_percent=1.0:-Dp_functional_mocking=0.0:-Dfunctional_mocking_percent=1.0:-mem=2000 -ignoredtestcases org.apache.commons.lang.LocaleUtilsTest  -excludeRegression  -maxgen 100000000 ;echo "

Node: `hostname`
";echo "
Date: `date`
"; find /tmp/math_82_Genprog_local_s1/outputMutation -name "*.class" -type f -delete;echo "removed classes 
"; find . -name bin  -type d -print0|xargs -0 rm -r --; zip -r -q out.zip /tmp/math_82_Genprog_local_s1/outputMutation; echo "zipped 
";cp out.zip /home/mmartinez/defects4j-repair/src/python/core/../../../results/2016-june/Math/seed/4/package/82/Genprog; echo "copied zip 
";rm -rf /tmp/math_82_Genprog_local_s1;

[DEBUG] fr.inria.astor.core.loop.AstorCoreEngine.showResults(AstorCoreEngine.java:136) - End Repair Loops: Found solution
[DEBUG] fr.inria.astor.core.loop.AstorCoreEngine.showResults(AstorCoreEngine.java:137) - Solution stored at: /tmp/math_82_Genprog_local_s1/./outputMutation/AstorMain-Math//src/
[DEBUG] fr.inria.astor.core.loop.AstorCoreEngine.showResults(AstorCoreEngine.java:142) - 
Number solutions:6
[DEBUG] fr.inria.astor.core.loop.AstorCoreEngine.showResults(AstorCoreEngine.java:144) - f (sol): 0.0, [Variant id: 1562 (SOL) , #gens: 143, #ops: 1, parent:1561]
[DEBUG] fr.inria.astor.core.loop.AstorCoreEngine.showResults(AstorCoreEngine.java:144) - f (sol): 0.0, [Variant id: 2684 (SOL) , #gens: 143, #ops: 1, parent:2683]
[DEBUG] fr.inria.astor.core.loop.AstorCoreEngine.showResults(AstorCoreEngine.java:144) - f (sol): 0.0, [Variant id: 4824 (SOL) , #gens: 143, #ops: 1, parent:4823]
[DEBUG] fr.inria.astor.core.loop.AstorCoreEngine.showResults(AstorCoreEngine.java:144) - f (sol): 0.0, [Variant id: 5290 (SOL) , #gens: 143, #ops: 1, parent:5289]
[DEBUG] fr.inria.astor.core.loop.AstorCoreEngine.showResults(AstorCoreEngine.java:144) - f (sol): 0.0, [Variant id: 5626 (SOL) , #gens: 143, #ops: 1, parent:5625]
[DEBUG] fr.inria.astor.core.loop.AstorCoreEngine.showResults(AstorCoreEngine.java:144) - f (sol): 0.0, [Variant id: 6272 (SOL) , #gens: 143, #ops: 1, parent:6271]
[DEBUG] fr.inria.astor.core.loop.AstorCoreEngine.showResults(AstorCoreEngine.java:146) - 
All variants:
[DEBUG] fr.inria.astor.core.loop.AstorCoreEngine.showResults(AstorCoreEngine.java:148) - f 1.0, [Variant id: 8271, #gens: 144, #ops: 0, parent:-]
[INFO ] fr.inria.astor.core.loop.AstorCoreEngine.showResults(AstorCoreEngine.java:152) - 
Solution details
[INFO ] fr.inria.astor.core.loop.AstorCoreEngine.showResults(AstorCoreEngine.java:153) - 
 --SOLUTIONS DESCRIPTION--

 ----
ProgramVariant 1562
 
time(sec)= 1341
operation: RemoveOp
location= org.apache.commons.math.optimization.linear.SimplexSolver
line= 63
lineSuspiciousness= 0.267
original statement= minValue = tableau.getEntry(0, i)
fixed statement= 
generation= 781
ingredientScope= -
validation=
failing: |true|0|14|[]|
manual_regression: |true|0|2056|[]|
evo_regression: |true|0|16|[]|
 ----
ProgramVariant 2684
 
time(sec)= 2162
operation: RemoveOp
location= org.apache.commons.math.optimization.linear.SimplexSolver
line= 63
lineSuspiciousness= 0.267
original statement= minValue = tableau.getEntry(0, i)
fixed statement= 
generation= 1342
ingredientScope= -
validation=
failing: |true|0|14|[]|
manual_regression: |true|0|2056|[]|
evo_regression: |true|0|16|[]|
 ----
ProgramVariant 4824
 
time(sec)= 4400
operation: RemoveOp
location= org.apache.commons.math.optimization.linear.SimplexSolver
line= 63
lineSuspiciousness= 0.267
original statement= minValue = tableau.getEntry(0, i)
fixed statement= 
generation= 2412
ingredientScope= -
validation=
failing: |true|0|14|[]|
manual_regression: |true|0|2056|[]|
evo_regression: |true|0|16|[]|
 ----
ProgramVariant 5290
 
time(sec)= 4895
operation: RemoveOp
location= org.apache.commons.math.optimization.linear.SimplexSolver
line= 63
lineSuspiciousness= 0.267
original statement= minValue = tableau.getEntry(0, i)
fixed statement= 
generation= 2645
ingredientScope= -
validation=
failing: |true|0|14|[]|
manual_regression: |true|0|2056|[]|
evo_regression: |true|0|16|[]|
 ----
ProgramVariant 5626
 
time(sec)= 5152
operation: RemoveOp
location= org.apache.commons.math.optimization.linear.SimplexSolver
line= 63
lineSuspiciousness= 0.267
original statement= minValue = tableau.getEntry(0, i)
fixed statement= 
generation= 2813
ingredientScope= -
validation=
failing: |true|0|14|[]|
manual_regression: |true|0|2056|[]|
evo_regression: |true|0|16|[]|
 ----
ProgramVariant 6272
 
time(sec)= 5716
operation: RemoveOp
location= org.apache.commons.math.optimization.linear.SimplexSolver
line= 63
lineSuspiciousness= 0.267
original statement= minValue = tableau.getEntry(0, i)
fixed statement= 
generation= 3136
ingredientScope= -
validation=
failing: |true|0|14|[]|
manual_regression: |true|0|2056|[]|
evo_regression: |true|0|16|[]|
[INFO ] fr.inria.main.evolution.AstorMain.run(AstorMain.java:397) - Time Total(s): 7478.638


Node: grisou-49.nancy.grid5000.fr


Date: Tue Jan 10 21:51:02 CET 2017

removed classes 

zipped 

copied zip 


