seed AstorRun 28 
export PATH="/home/mmartinez/defects4j/framework/bin:$PATH";export JAVA_TOOL_OPTIONS=-Dfile.encoding=UTF8;export PATH="/usr/lib/jvm/java-1.7.0-openjdk-amd64/bin/:$PATH";cd /home/mmartinez/projects/math/math_24;defects4j compile;cp -r /home/mmartinez/projects/math/math_24 /tmp/math_24_Genprog_local_s1;cd /tmp/math_24_Genprog_local_s1;mkdir lib/;cp -r /home/mmartinez/defects4j/framework/projects/lib/* lib/;cp -r /home/mmartinez/defects4j/framework/projects/Math/lib/* lib/;find . -type f -name "package-info.java" -delete;
/home/mmartinez/defects4j-repair/src/python/core/../../../results/2016-june/Math/seed/28/package/24/Genprog/result
cd /tmp/math_24_Genprog_local_s1;export JAVA_TOOL_OPTIONS=-Dfile.encoding=UTF8;TZ="America/New_York"; export TZexport PATH="/usr/lib/jvm/java-1.7.0-openjdk-amd64/bin/:$PATH";time /home/mmartinez/jdk1.8.0_45/bin//java -Xmx4096m -cp /home/mmartinez/defects4j-repair/src/python/core/../../..//libs/astor.jar fr.inria.main.evolution.MainjGenProg -mode statement -location . -id Math -dependencies lib/ -failing org.apache.commons.math3.optimization.univariate.BrentOptimizerTest: -package org.apache.commons -jvm4testexecution /usr/lib/jvm/java-1.7.0-openjdk-amd64/bin/ -jvm4evosuitetestexecution /home/mmartinez/jdk1.8.0_45/bin/ -javacompliancelevel 5 -maxgen 1000000 -seed 28 -scope package -maxtime 120  -stopfirst false -population 1 -srcjavafolder src/main/java/ -srctestfolder src/test/java/ -binjavafolder target/classes/ -bintestfolder target/test-classes/ -flthreshold 0.1  -validation  fr.inria.astor.core.validation.validators.RegressionValidation  -ESParameters -Dassertion_timeout=1800:-Dminimization_timeout=1800:-Djunit_check_timeout=1800:-Dwrite_junit_timeout=300:-Dinitialization_timeout=300:-Dglobal_timeout=18000:-Dsearch_budget=100000:-Dstopping_condition=MaxStatements:-Dno_runtime_dependency=true:-Dsandbox=false:-Dp_reflection_on_private=0.0:-Dreflection_start_percent=1.0:-Dp_functional_mocking=0.0:-Dfunctional_mocking_percent=1.0:-mem=2000 -testbystep  -ignoredtestcases org.apache.commons.lang.LocaleUtilsTest  -excludeRegression  -maxgen 100000000 ;echo "

Node: `hostname`
";echo "
Date: `date`
"; find /tmp/math_24_Genprog_local_s1/outputMutation -name "*.class" -type f -delete;echo "removed classes 
"; find . -name bin  -type d -print0|xargs -0 rm -r --; zip -r -q out.zip /tmp/math_24_Genprog_local_s1/outputMutation; echo "zipped 
";cp out.zip /home/mmartinez/defects4j-repair/src/python/core/../../../results/2016-june/Math/seed/28/package/24/Genprog; echo "copied zip 
";rm -rf /tmp/math_24_Genprog_local_s1;

[DEBUG] fr.inria.astor.core.loop.AstorCoreEngine.showResults(AstorCoreEngine.java:136) - End Repair Loops: Found solution
[DEBUG] fr.inria.astor.core.loop.AstorCoreEngine.showResults(AstorCoreEngine.java:137) - Solution stored at: /tmp/math_24_Genprog_local_s1/./outputMutation/AstorMain-Math//src/
[DEBUG] fr.inria.astor.core.loop.AstorCoreEngine.showResults(AstorCoreEngine.java:142) - 
Number solutions:8
[DEBUG] fr.inria.astor.core.loop.AstorCoreEngine.showResults(AstorCoreEngine.java:144) - f (sol): 1.0, [Variant id: 244 (SOL) , #gens: 204, #ops: 1, parent:243]
[DEBUG] fr.inria.astor.core.loop.AstorCoreEngine.showResults(AstorCoreEngine.java:144) - f (sol): 2.0, [Variant id: 268 (SOL) , #gens: 202, #ops: 1, parent:267]
[DEBUG] fr.inria.astor.core.loop.AstorCoreEngine.showResults(AstorCoreEngine.java:144) - f (sol): 5.0, [Variant id: 384 (SOL) , #gens: 202, #ops: 1, parent:383]
[DEBUG] fr.inria.astor.core.loop.AstorCoreEngine.showResults(AstorCoreEngine.java:144) - f (sol): 2.0, [Variant id: 424 (SOL) , #gens: 202, #ops: 1, parent:423]
[DEBUG] fr.inria.astor.core.loop.AstorCoreEngine.showResults(AstorCoreEngine.java:144) - f (sol): 6.0, [Variant id: 670 (SOL) , #gens: 204, #ops: 1, parent:669]
[DEBUG] fr.inria.astor.core.loop.AstorCoreEngine.showResults(AstorCoreEngine.java:144) - f (sol): 6.0, [Variant id: 888 (SOL) , #gens: 203, #ops: 1, parent:887]
[DEBUG] fr.inria.astor.core.loop.AstorCoreEngine.showResults(AstorCoreEngine.java:144) - f (sol): 5.0, [Variant id: 1382 (SOL) , #gens: 204, #ops: 1, parent:1381]
[DEBUG] fr.inria.astor.core.loop.AstorCoreEngine.showResults(AstorCoreEngine.java:144) - f (sol): 2.0, [Variant id: 1390 (SOL) , #gens: 202, #ops: 1, parent:1389]
[DEBUG] fr.inria.astor.core.loop.AstorCoreEngine.showResults(AstorCoreEngine.java:146) - 
All variants:
[DEBUG] fr.inria.astor.core.loop.AstorCoreEngine.showResults(AstorCoreEngine.java:148) - f 1.0, [Variant id: 1629, #gens: 203, #ops: 0, parent:-]
[INFO ] fr.inria.astor.core.loop.AstorCoreEngine.showResults(AstorCoreEngine.java:152) - 
Solution details
[INFO ] fr.inria.astor.core.loop.AstorCoreEngine.showResults(AstorCoreEngine.java:153) - 
 --SOLUTIONS DESCRIPTION--

 ----
ProgramVariant 244
 
time(sec)= 897
operation: InsertAfterOp
location= org.apache.commons.math3.optimization.univariate.BrentOptimizer
line= 211
lineSuspiciousness= 0.218
original statement= u = x + tol1
fixed statement= b = lo
generation= 122
ingredientScope= LOCAL
validation=
failing: |true|0|9|[]|
manual_regression: |false|1|3971|[testSinMin(org.apache.commons.math3.optimization.univariate.UnivariateMultiStartOptimizerTest): null-]|
evo_regression: |true|0|14|[]|
 ----
ProgramVariant 268
 
time(sec)= 2063
operation: RemoveOp
location= org.apache.commons.math3.analysis.FunctionUtils
line= 146
lineSuspiciousness= 0.408
original statement= r += f[i].value(x)
fixed statement= 
generation= 134
ingredientScope= -
validation=
failing: |true|0|9|[]|
manual_regression: |false|1|3971|[testAdd(org.apache.commons.math3.analysis.FunctionUtilsTest): expected:<4.5> but was:<0.5>-]|
evo_regression: |false|1|23|[test12(org.apache.commons.math3.analysis.FunctionUtils_ESTest): Expecting exception: NullPointerException-]|
 ----
ProgramVariant 384
 
time(sec)= 2896
operation: RemoveOp
location= org.apache.commons.math3.analysis.function.StepFunction
line= 87
lineSuspiciousness= 0.289
original statement= if (index < (-1)) {
	fx = ordinate[((-index) - 2)];
} else {
	if (index >= 0) {
		fx = ordinate[index];
	} else {
		fx = ordinate[0];
	}
}
fixed statement= 
generation= 192
ingredientScope= -
validation=
failing: |true|0|9|[]|
manual_regression: |false|3|3971|[testSomeValues(org.apache.commons.math3.analysis.function.StepFunctionTest): expected:<4.0> but was:<0.0>-, testEndpointBehavior(org.apache.commons.math3.analysis.function.StepFunctionTest): expected:<1.0> but was:<0.0>-, testHeaviside(org.apache.commons.math3.analysis.function.StepFunctionTest): expected:<1.0> but was:<0.0>-]|
evo_regression: |false|2|11|[test03(org.apache.commons.math3.analysis.function.StepFunction_ESTest): expected:<2.092571258544922> but was:<0.0>-, test02(org.apache.commons.math3.analysis.function.StepFunction_ESTest): expected:<-2128.05> but was:<0.0>-]|
 ----
ProgramVariant 424
 
time(sec)= 3189
operation: RemoveOp
location= org.apache.commons.math3.analysis.FunctionUtils
line= 146
lineSuspiciousness= 0.408
original statement= r += f[i].value(x)
fixed statement= 
generation= 212
ingredientScope= -
validation=
failing: |true|0|9|[]|
manual_regression: |false|1|3971|[testAdd(org.apache.commons.math3.analysis.FunctionUtilsTest): expected:<4.5> but was:<0.5>-]|
evo_regression: |false|1|23|[test12(org.apache.commons.math3.analysis.FunctionUtils_ESTest): Expecting exception: NullPointerException-]|
 ----
ProgramVariant 670
 
time(sec)= 4183
operation: InsertAfterOp
location= org.apache.commons.math3.analysis.function.StepFunction
line= 90
lineSuspiciousness= 0.289
original statement= if (index >= 0) {
	fx = ordinate[index];
} else {
	fx = ordinate[0];
}
fixed statement= return org.apache.commons.math3.util.FastMath.log10(x)
generation= 335
ingredientScope= PACKAGE
validation=
failing: |true|0|9|[]|
manual_regression: |false|3|3971|[testSomeValues(org.apache.commons.math3.analysis.function.StepFunctionTest): expected:<4.0> but was:<NaN>-, testEndpointBehavior(org.apache.commons.math3.analysis.function.StepFunctionTest): expected:<-Infinity> but was:<1.0>-, testHeaviside(org.apache.commons.math3.analysis.function.StepFunctionTest): expected:<0.0> but was:<NaN>-]|
evo_regression: |false|3|11|[test00(org.apache.commons.math3.analysis.function.StepFunction_ESTest): expected:<0.0> but was:<-Infinity>-, test04(org.apache.commons.math3.analysis.function.StepFunction_ESTest): expected:<0.0> but was:<-Infinity>-, test02(org.apache.commons.math3.analysis.function.StepFunction_ESTest): expected:<-2128.05> but was:<NaN>-]|
 ----
ProgramVariant 888
 
time(sec)= 5272
operation: ReplaceOp
location= org.apache.commons.math3.analysis.function.StepFunction
line= 99
lineSuspiciousness= 0.289
original statement= return fx
fixed statement= return org.apache.commons.math3.util.FastMath.expm1(x)
generation= 444
ingredientScope= PACKAGE
validation=
failing: |true|0|9|[]|
manual_regression: |false|3|3971|[testSomeValues(org.apache.commons.math3.analysis.function.StepFunctionTest): expected:<4.0> but was:<-1.0>-, testEndpointBehavior(org.apache.commons.math3.analysis.function.StepFunctionTest): expected:<1.0> but was:<0.0>-, testHeaviside(org.apache.commons.math3.analysis.function.StepFunctionTest): expected:<0.0> but was:<-1.0>-]|
evo_regression: |false|3|11|[test01(org.apache.commons.math3.analysis.function.StepFunction_ESTest): expected:<0.0> but was:<Infinity>-, test03(org.apache.commons.math3.analysis.function.StepFunction_ESTest): expected:<2.092571258544922> but was:<Infinity>-, test02(org.apache.commons.math3.analysis.function.StepFunction_ESTest): expected:<-2128.05> but was:<-1.0>-]|
 ----
ProgramVariant 1382
 
time(sec)= 6558
operation: InsertAfterOp
location= org.apache.commons.math3.analysis.function.StepFunction
line= 89
lineSuspiciousness= 0.289
original statement= fx = ordinate[((-index) - 2)]
fixed statement= return org.apache.commons.math3.util.FastMath.signum(x)
generation= 691
ingredientScope= PACKAGE
validation=
failing: |true|0|9|[]|
manual_regression: |false|3|3971|[testSomeValues(org.apache.commons.math3.analysis.function.StepFunctionTest): expected:<0.4> but was:<1.0>-, testEndpointBehavior(org.apache.commons.math3.analysis.function.StepFunctionTest): expected:<1.0> but was:<0.0>-, testHeaviside(org.apache.commons.math3.analysis.function.StepFunctionTest): expected:<0.0> but was:<-1.0>-]|
evo_regression: |false|2|11|[test01(org.apache.commons.math3.analysis.function.StepFunction_ESTest): expected:<0.0> but was:<1.0>-, test03(org.apache.commons.math3.analysis.function.StepFunction_ESTest): expected:<2.092571258544922> but was:<1.0>-]|
 ----
ProgramVariant 1390
 
time(sec)= 6776
operation: RemoveOp
location= org.apache.commons.math3.analysis.FunctionUtils
line= 146
lineSuspiciousness= 0.408
original statement= r += f[i].value(x)
fixed statement= 
generation= 695
ingredientScope= -
validation=
failing: |true|0|9|[]|
manual_regression: |false|1|3971|[testAdd(org.apache.commons.math3.analysis.FunctionUtilsTest): expected:<4.5> but was:<0.5>-]|
evo_regression: |false|1|23|[test12(org.apache.commons.math3.analysis.FunctionUtils_ESTest): Expecting exception: NullPointerException-]|
[INFO ] fr.inria.main.evolution.AstorMain.run(AstorMain.java:397) - Time Total(s): 7748.463


Node: grisou-21.nancy.grid5000.fr


Date: Sat Jan 28 13:37:56 CET 2017

removed classes 

zipped 

copied zip 


