seed AstorRun 26 
export PATH="/home/mmartinez/defects4j/framework/bin:$PATH";export JAVA_TOOL_OPTIONS=-Dfile.encoding=UTF8;export PATH="/usr/lib/jvm/java-1.7.0-openjdk-amd64/bin/:$PATH";cd /home/mmartinez/projects/math/math_24;defects4j compile;cp -r /home/mmartinez/projects/math/math_24 /tmp/math_24_Genprog_local_s1;cd /tmp/math_24_Genprog_local_s1;mkdir lib/;cp -r /home/mmartinez/defects4j/framework/projects/lib/* lib/;cp -r /home/mmartinez/defects4j/framework/projects/Math/lib/* lib/;find . -type f -name "package-info.java" -delete;
/home/mmartinez/defects4j-repair/src/python/core/../../../results/2016-june/Math/seed/26/package/24/Genprog/result
cd /tmp/math_24_Genprog_local_s1;export JAVA_TOOL_OPTIONS=-Dfile.encoding=UTF8;TZ="America/New_York"; export TZexport PATH="/usr/lib/jvm/java-1.7.0-openjdk-amd64/bin/:$PATH";time /home/mmartinez/jdk1.8.0_45/bin//java -Xmx4096m -cp /home/mmartinez/defects4j-repair/src/python/core/../../..//libs/astor.jar fr.inria.main.evolution.MainjGenProg -mode statement -location . -id Math -dependencies lib/ -failing org.apache.commons.math3.optimization.univariate.BrentOptimizerTest: -package org.apache.commons -jvm4testexecution /usr/lib/jvm/java-1.7.0-openjdk-amd64/bin/ -jvm4evosuitetestexecution /home/mmartinez/jdk1.8.0_45/bin/ -javacompliancelevel 5 -maxgen 1000000 -seed 26 -scope package -maxtime 120  -stopfirst false -population 1 -srcjavafolder src/main/java/ -srctestfolder src/test/java/ -binjavafolder target/classes/ -bintestfolder target/test-classes/ -flthreshold 0.1  -validation  fr.inria.astor.core.validation.validators.RegressionValidation  -ESParameters -Dassertion_timeout=1800:-Dminimization_timeout=1800:-Djunit_check_timeout=1800:-Dwrite_junit_timeout=300:-Dinitialization_timeout=300:-Dglobal_timeout=18000:-Dsearch_budget=100000:-Dstopping_condition=MaxStatements:-Dno_runtime_dependency=true:-Dsandbox=false:-Dp_reflection_on_private=0.0:-Dreflection_start_percent=1.0:-Dp_functional_mocking=0.0:-Dfunctional_mocking_percent=1.0:-mem=2000 -testbystep  -ignoredtestcases org.apache.commons.lang.LocaleUtilsTest  -excludeRegression  -maxgen 100000000 ;echo "

Node: `hostname`
";echo "
Date: `date`
"; find /tmp/math_24_Genprog_local_s1/outputMutation -name "*.class" -type f -delete;echo "removed classes 
"; find . -name bin  -type d -print0|xargs -0 rm -r --; zip -r -q out.zip /tmp/math_24_Genprog_local_s1/outputMutation; echo "zipped 
";cp out.zip /home/mmartinez/defects4j-repair/src/python/core/../../../results/2016-june/Math/seed/26/package/24/Genprog; echo "copied zip 
";rm -rf /tmp/math_24_Genprog_local_s1;

[DEBUG] fr.inria.astor.core.loop.AstorCoreEngine.showResults(AstorCoreEngine.java:136) - End Repair Loops: Found solution
[DEBUG] fr.inria.astor.core.loop.AstorCoreEngine.showResults(AstorCoreEngine.java:137) - Solution stored at: /tmp/math_24_Genprog_local_s1/./outputMutation/AstorMain-Math//src/
[DEBUG] fr.inria.astor.core.loop.AstorCoreEngine.showResults(AstorCoreEngine.java:142) - 
Number solutions:11
[DEBUG] fr.inria.astor.core.loop.AstorCoreEngine.showResults(AstorCoreEngine.java:144) - f (sol): 5.0, [Variant id: 238 (SOL) , #gens: 202, #ops: 1, parent:237]
[DEBUG] fr.inria.astor.core.loop.AstorCoreEngine.showResults(AstorCoreEngine.java:144) - f (sol): 2.0, [Variant id: 240 (SOL) , #gens: 202, #ops: 1, parent:239]
[DEBUG] fr.inria.astor.core.loop.AstorCoreEngine.showResults(AstorCoreEngine.java:144) - f (sol): 4.0, [Variant id: 264 (SOL) , #gens: 203, #ops: 1, parent:263]
[DEBUG] fr.inria.astor.core.loop.AstorCoreEngine.showResults(AstorCoreEngine.java:144) - f (sol): 2.0, [Variant id: 546 (SOL) , #gens: 202, #ops: 1, parent:545]
[DEBUG] fr.inria.astor.core.loop.AstorCoreEngine.showResults(AstorCoreEngine.java:144) - f (sol): 2.0, [Variant id: 698 (SOL) , #gens: 202, #ops: 1, parent:697]
[DEBUG] fr.inria.astor.core.loop.AstorCoreEngine.showResults(AstorCoreEngine.java:144) - f (sol): 5.0, [Variant id: 916 (SOL) , #gens: 202, #ops: 1, parent:915]
[DEBUG] fr.inria.astor.core.loop.AstorCoreEngine.showResults(AstorCoreEngine.java:144) - f (sol): 2.0, [Variant id: 1054 (SOL) , #gens: 202, #ops: 1, parent:1053]
[DEBUG] fr.inria.astor.core.loop.AstorCoreEngine.showResults(AstorCoreEngine.java:144) - f (sol): 2.0, [Variant id: 1072 (SOL) , #gens: 202, #ops: 1, parent:1071]
[DEBUG] fr.inria.astor.core.loop.AstorCoreEngine.showResults(AstorCoreEngine.java:144) - f (sol): 5.0, [Variant id: 1356 (SOL) , #gens: 202, #ops: 1, parent:1355]
[DEBUG] fr.inria.astor.core.loop.AstorCoreEngine.showResults(AstorCoreEngine.java:144) - f (sol): 5.0, [Variant id: 1494 (SOL) , #gens: 202, #ops: 1, parent:1493]
[DEBUG] fr.inria.astor.core.loop.AstorCoreEngine.showResults(AstorCoreEngine.java:144) - f (sol): 5.0, [Variant id: 1824 (SOL) , #gens: 202, #ops: 1, parent:1823]
[DEBUG] fr.inria.astor.core.loop.AstorCoreEngine.showResults(AstorCoreEngine.java:146) - 
All variants:
[DEBUG] fr.inria.astor.core.loop.AstorCoreEngine.showResults(AstorCoreEngine.java:148) - f 1.0, [Variant id: 2001, #gens: 203, #ops: 0, parent:-]
[INFO ] fr.inria.astor.core.loop.AstorCoreEngine.showResults(AstorCoreEngine.java:152) - 
Solution details
[INFO ] fr.inria.astor.core.loop.AstorCoreEngine.showResults(AstorCoreEngine.java:153) - 
 --SOLUTIONS DESCRIPTION--

 ----
ProgramVariant 238
 
time(sec)= 993
operation: RemoveOp
location= org.apache.commons.math3.analysis.function.StepFunction
line= 89
lineSuspiciousness= 0.289
original statement= fx = ordinate[((-index) - 2)]
fixed statement= 
generation= 119
ingredientScope= -
validation=
failing: |true|0|9|[]|
manual_regression: |false|3|3971|[testSomeValues(org.apache.commons.math3.analysis.function.StepFunctionTest): expected:<-1.0> but was:<0.0>-, testEndpointBehavior(org.apache.commons.math3.analysis.function.StepFunctionTest): expected:<1.0> but was:<0.0>-, testHeaviside(org.apache.commons.math3.analysis.function.StepFunctionTest): expected:<1.0> but was:<0.0>-]|
evo_regression: |false|2|12|[test01(org.apache.commons.math3.analysis.function.StepFunction_ESTest): expected:<1299.175> but was:<0.0>-, test02(org.apache.commons.math3.analysis.function.StepFunction_ESTest): expected:<-3594.0931433> but was:<0.0>-]|
 ----
ProgramVariant 240
 
time(sec)= 1495
operation: RemoveOp
location= org.apache.commons.math3.analysis.FunctionUtils
line= 145
lineSuspiciousness= 0.408
original statement= for (int i = 1 ; i < (f.length) ; i++) {
	r += f[i].value(x);
}
fixed statement= 
generation= 120
ingredientScope= -
validation=
failing: |true|0|9|[]|
manual_regression: |false|1|3971|[testAdd(org.apache.commons.math3.analysis.FunctionUtilsTest): expected:<4.5> but was:<0.5>-]|
evo_regression: |false|1|26|[test11(org.apache.commons.math3.analysis.FunctionUtils_ESTest): Expecting exception: NullPointerException-]|
 ----
ProgramVariant 264
 
time(sec)= 1769
operation: ReplaceOp
location= org.apache.commons.math3.analysis.function.StepFunction
line= 87
lineSuspiciousness= 0.289
original statement= if (index < (-1)) {
	fx = ordinate[((-index) - 2)];
} else {
	if (index >= 0) {
		fx = ordinate[index];
	} else {
		fx = ordinate[0];
	}
}
fixed statement= if (index >= 0) {
	fx = ordinate[index];
} else {
	fx = ordinate[0];
}
generation= 132
ingredientScope= LOCAL
validation=
failing: |true|0|9|[]|
manual_regression: |false|3|3971|[testSomeValues(org.apache.commons.math3.analysis.function.StepFunctionTest): expected:<-1.0> but was:<4.0>-, testEndpointBehavior(org.apache.commons.math3.analysis.function.StepFunctionTest): expected:<2.0> but was:<1.0>-, testHeaviside(org.apache.commons.math3.analysis.function.StepFunctionTest): expected:<1.0> but was:<0.0>-]|
evo_regression: |false|1|12|[test04(org.apache.commons.math3.analysis.function.StepFunction_ESTest): expected:<0.0> but was:<-3594.0931433>-]|
 ----
ProgramVariant 546
 
time(sec)= 2680
operation: RemoveOp
location= org.apache.commons.math3.analysis.FunctionUtils
line= 145
lineSuspiciousness= 0.408
original statement= for (int i = 1 ; i < (f.length) ; i++) {
	r += f[i].value(x);
}
fixed statement= 
generation= 273
ingredientScope= -
validation=
failing: |true|0|9|[]|
manual_regression: |false|1|3971|[testAdd(org.apache.commons.math3.analysis.FunctionUtilsTest): expected:<4.5> but was:<0.5>-]|
evo_regression: |false|1|26|[test11(org.apache.commons.math3.analysis.FunctionUtils_ESTest): Expecting exception: NullPointerException-]|
 ----
ProgramVariant 698
 
time(sec)= 3111
operation: RemoveOp
location= org.apache.commons.math3.analysis.FunctionUtils
line= 145
lineSuspiciousness= 0.408
original statement= for (int i = 1 ; i < (f.length) ; i++) {
	r += f[i].value(x);
}
fixed statement= 
generation= 349
ingredientScope= -
validation=
failing: |true|0|9|[]|
manual_regression: |false|1|3971|[testAdd(org.apache.commons.math3.analysis.FunctionUtilsTest): expected:<4.5> but was:<0.5>-]|
evo_regression: |false|1|26|[test11(org.apache.commons.math3.analysis.FunctionUtils_ESTest): Expecting exception: NullPointerException-]|
 ----
ProgramVariant 916
 
time(sec)= 3874
operation: RemoveOp
location= org.apache.commons.math3.analysis.function.StepFunction
line= 89
lineSuspiciousness= 0.289
original statement= fx = ordinate[((-index) - 2)]
fixed statement= 
generation= 458
ingredientScope= -
validation=
failing: |true|0|9|[]|
manual_regression: |false|3|3971|[testSomeValues(org.apache.commons.math3.analysis.function.StepFunctionTest): expected:<-1.0> but was:<0.0>-, testEndpointBehavior(org.apache.commons.math3.analysis.function.StepFunctionTest): expected:<1.0> but was:<0.0>-, testHeaviside(org.apache.commons.math3.analysis.function.StepFunctionTest): expected:<1.0> but was:<0.0>-]|
evo_regression: |false|2|12|[test01(org.apache.commons.math3.analysis.function.StepFunction_ESTest): expected:<1299.175> but was:<0.0>-, test02(org.apache.commons.math3.analysis.function.StepFunction_ESTest): expected:<-3594.0931433> but was:<0.0>-]|
 ----
ProgramVariant 1054
 
time(sec)= 4351
operation: RemoveOp
location= org.apache.commons.math3.analysis.FunctionUtils
line= 146
lineSuspiciousness= 0.408
original statement= r += f[i].value(x)
fixed statement= 
generation= 527
ingredientScope= -
validation=
failing: |true|0|9|[]|
manual_regression: |false|1|3971|[testAdd(org.apache.commons.math3.analysis.FunctionUtilsTest): expected:<4.5> but was:<0.5>-]|
evo_regression: |false|1|26|[test11(org.apache.commons.math3.analysis.FunctionUtils_ESTest): Expecting exception: NullPointerException-]|
 ----
ProgramVariant 1072
 
time(sec)= 4607
operation: RemoveOp
location= org.apache.commons.math3.analysis.FunctionUtils
line= 146
lineSuspiciousness= 0.408
original statement= r += f[i].value(x)
fixed statement= 
generation= 536
ingredientScope= -
validation=
failing: |true|0|9|[]|
manual_regression: |false|1|3971|[testAdd(org.apache.commons.math3.analysis.FunctionUtilsTest): expected:<4.5> but was:<0.5>-]|
evo_regression: |false|1|26|[test11(org.apache.commons.math3.analysis.FunctionUtils_ESTest): Expecting exception: NullPointerException-]|
 ----
ProgramVariant 1356
 
time(sec)= 5574
operation: RemoveOp
location= org.apache.commons.math3.analysis.function.StepFunction
line= 87
lineSuspiciousness= 0.289
original statement= if (index < (-1)) {
	fx = ordinate[((-index) - 2)];
} else {
	if (index >= 0) {
		fx = ordinate[index];
	} else {
		fx = ordinate[0];
	}
}
fixed statement= 
generation= 678
ingredientScope= -
validation=
failing: |true|0|9|[]|
manual_regression: |false|3|3971|[testSomeValues(org.apache.commons.math3.analysis.function.StepFunctionTest): expected:<4.0> but was:<0.0>-, testEndpointBehavior(org.apache.commons.math3.analysis.function.StepFunctionTest): expected:<1.0> but was:<0.0>-, testHeaviside(org.apache.commons.math3.analysis.function.StepFunctionTest): expected:<1.0> but was:<0.0>-]|
evo_regression: |false|2|12|[test01(org.apache.commons.math3.analysis.function.StepFunction_ESTest): expected:<1299.175> but was:<0.0>-, test02(org.apache.commons.math3.analysis.function.StepFunction_ESTest): expected:<-3594.0931433> but was:<0.0>-]|
 ----
ProgramVariant 1494
 
time(sec)= 6083
operation: RemoveOp
location= org.apache.commons.math3.analysis.function.StepFunction
line= 87
lineSuspiciousness= 0.289
original statement= if (index < (-1)) {
	fx = ordinate[((-index) - 2)];
} else {
	if (index >= 0) {
		fx = ordinate[index];
	} else {
		fx = ordinate[0];
	}
}
fixed statement= 
generation= 747
ingredientScope= -
validation=
failing: |true|0|9|[]|
manual_regression: |false|3|3971|[testSomeValues(org.apache.commons.math3.analysis.function.StepFunctionTest): expected:<4.0> but was:<0.0>-, testEndpointBehavior(org.apache.commons.math3.analysis.function.StepFunctionTest): expected:<1.0> but was:<0.0>-, testHeaviside(org.apache.commons.math3.analysis.function.StepFunctionTest): expected:<1.0> but was:<0.0>-]|
evo_regression: |false|2|12|[test01(org.apache.commons.math3.analysis.function.StepFunction_ESTest): expected:<1299.175> but was:<0.0>-, test02(org.apache.commons.math3.analysis.function.StepFunction_ESTest): expected:<-3594.0931433> but was:<0.0>-]|
 ----
ProgramVariant 1824
 
time(sec)= 6920
operation: RemoveOp
location= org.apache.commons.math3.analysis.function.StepFunction
line= 87
lineSuspiciousness= 0.289
original statement= if (index < (-1)) {
	fx = ordinate[((-index) - 2)];
} else {
	if (index >= 0) {
		fx = ordinate[index];
	} else {
		fx = ordinate[0];
	}
}
fixed statement= 
generation= 912
ingredientScope= -
validation=
failing: |true|0|9|[]|
manual_regression: |false|3|3971|[testSomeValues(org.apache.commons.math3.analysis.function.StepFunctionTest): expected:<4.0> but was:<0.0>-, testEndpointBehavior(org.apache.commons.math3.analysis.function.StepFunctionTest): expected:<1.0> but was:<0.0>-, testHeaviside(org.apache.commons.math3.analysis.function.StepFunctionTest): expected:<1.0> but was:<0.0>-]|
evo_regression: |false|2|12|[test01(org.apache.commons.math3.analysis.function.StepFunction_ESTest): expected:<1299.175> but was:<0.0>-, test02(org.apache.commons.math3.analysis.function.StepFunction_ESTest): expected:<-3594.0931433> but was:<0.0>-]|
[INFO ] fr.inria.main.evolution.AstorMain.run(AstorMain.java:397) - Time Total(s): 7730.732


Node: grisou-13.nancy.grid5000.fr


Date: Fri Jan 27 23:43:54 CET 2017

removed classes 

zipped 

copied zip 


