seed AstorRun 5 
export PATH="/home/mmartinez/defects4j/framework/bin:$PATH";export JAVA_TOOL_OPTIONS=-Dfile.encoding=UTF8;export PATH="/usr/lib/jvm/java-1.7.0-openjdk-amd64/bin/:$PATH";cd /home/mmartinez/projects/math/math_80;defects4j compile;cp -r /home/mmartinez/projects/math/math_80 /tmp/math_80_Genprog_local_s1;cd /tmp/math_80_Genprog_local_s1;mkdir lib/;cp -r /home/mmartinez/defects4j/framework/projects/lib/* lib/;cp -r /home/mmartinez/defects4j/framework/projects/Math/lib/* lib/;find . -type f -name "package-info.java" -delete;
/home/mmartinez/defects4j-repair/src/python/core/../../../results/2016-june/Math/seed/5/package/80/Genprog/result
cd /tmp/math_80_Genprog_local_s1;export JAVA_TOOL_OPTIONS=-Dfile.encoding=UTF8;TZ="America/New_York"; export TZexport PATH="/usr/lib/jvm/java-1.7.0-openjdk-amd64/bin/:$PATH";time /home/mmartinez/jdk1.8.0_45/bin//java -Xmx4096m -cp /home/mmartinez/defects4j-repair/src/python/core/../../..//libs/astor.jar fr.inria.main.evolution.MainjGenProg -mode statement -location . -id Math -dependencies lib/ -failing org.apache.commons.math.linear.EigenDecompositionImplTest: -package org.apache.commons -jvm4testexecution /usr/lib/jvm/java-1.7.0-openjdk-amd64/bin/ -jvm4evosuitetestexecution /home/mmartinez/jdk1.8.0_45/bin/ -javacompliancelevel 5 -maxgen 1000000 -seed 5 -scope package -maxtime 120  -stopfirst false -population 1 -srcjavafolder src/main/java/ -srctestfolder src/test/java/ -binjavafolder target/classes/ -bintestfolder target/test-classes/ -flthreshold 0.1  -validation  fr.inria.astor.core.validation.validators.RegressionValidation  -ESParameters -Dassertion_timeout=1800:-Dminimization_timeout=1800:-Djunit_check_timeout=1800:-Dwrite_junit_timeout=300:-Dinitialization_timeout=300:-Dglobal_timeout=18000:-Dsearch_budget=100000:-Dstopping_condition=MaxStatements:-Dno_runtime_dependency=true:-Dsandbox=false:-Dp_reflection_on_private=0.0:-Dreflection_start_percent=1.0:-Dp_functional_mocking=0.0:-Dfunctional_mocking_percent=1.0:-mem=2000 -ignoredtestcases org.apache.commons.lang.LocaleUtilsTest  -excludeRegression  -maxgen 100000000 ;echo "

Node: `hostname`
";echo "
Date: `date`
"; find /tmp/math_80_Genprog_local_s1/outputMutation -name "*.class" -type f -delete;echo "removed classes 
"; find . -name bin  -type d -print0|xargs -0 rm -r --; zip -r -q out.zip /tmp/math_80_Genprog_local_s1/outputMutation; echo "zipped 
";cp out.zip /home/mmartinez/defects4j-repair/src/python/core/../../../results/2016-june/Math/seed/5/package/80/Genprog; echo "copied zip 
";rm -rf /tmp/math_80_Genprog_local_s1;

[DEBUG] fr.inria.astor.core.loop.AstorCoreEngine.showResults(AstorCoreEngine.java:136) - End Repair Loops: Found solution
[DEBUG] fr.inria.astor.core.loop.AstorCoreEngine.showResults(AstorCoreEngine.java:137) - Solution stored at: /tmp/math_80_Genprog_local_s1/./outputMutation/AstorMain-Math//src/
[DEBUG] fr.inria.astor.core.loop.AstorCoreEngine.showResults(AstorCoreEngine.java:142) - 
Number solutions:6
[DEBUG] fr.inria.astor.core.loop.AstorCoreEngine.showResults(AstorCoreEngine.java:144) - f (sol): 4.0, [Variant id: 250 (SOL) , #gens: 633, #ops: 1, parent:249]
[DEBUG] fr.inria.astor.core.loop.AstorCoreEngine.showResults(AstorCoreEngine.java:144) - f (sol): 3.0, [Variant id: 258 (SOL) , #gens: 634, #ops: 1, parent:257]
[DEBUG] fr.inria.astor.core.loop.AstorCoreEngine.showResults(AstorCoreEngine.java:144) - f (sol): 3.0, [Variant id: 990 (SOL) , #gens: 634, #ops: 1, parent:989]
[DEBUG] fr.inria.astor.core.loop.AstorCoreEngine.showResults(AstorCoreEngine.java:144) - f (sol): 3.0, [Variant id: 1188 (SOL) , #gens: 634, #ops: 1, parent:1187]
[DEBUG] fr.inria.astor.core.loop.AstorCoreEngine.showResults(AstorCoreEngine.java:144) - f (sol): 3.0, [Variant id: 1334 (SOL) , #gens: 634, #ops: 1, parent:1333]
[DEBUG] fr.inria.astor.core.loop.AstorCoreEngine.showResults(AstorCoreEngine.java:144) - f (sol): 3.0, [Variant id: 1518 (SOL) , #gens: 634, #ops: 1, parent:1517]
[DEBUG] fr.inria.astor.core.loop.AstorCoreEngine.showResults(AstorCoreEngine.java:146) - 
All variants:
[DEBUG] fr.inria.astor.core.loop.AstorCoreEngine.showResults(AstorCoreEngine.java:148) - f 1.0, [Variant id: 1911, #gens: 634, #ops: 0, parent:-]
[INFO ] fr.inria.astor.core.loop.AstorCoreEngine.showResults(AstorCoreEngine.java:152) - 
Solution details
[INFO ] fr.inria.astor.core.loop.AstorCoreEngine.showResults(AstorCoreEngine.java:153) - 
 --SOLUTIONS DESCRIPTION--

 ----
ProgramVariant 250
 
time(sec)= 2257
operation: RemoveOp
location= org.apache.commons.math.linear.EigenDecompositionImpl
line= 1136
lineSuspiciousness= 0.707
original statement= for (int i = 0 ; i < j ; i += 4) {
	for (int k = 0 ; k < 4 ; k += step) {
		final double tmp = work[(i + k)];
		work[(i + k)] = work[(j - k)];
		work[(j - k)] = tmp;
	}
	j -= 4;
}
fixed statement= 
generation= 125
ingredientScope= -
validation=
failing: |true|0|18|[]|
manual_regression: |false|1|2084|[testNextPoissonConsistency(org.apache.commons.math.random.RandomDataTest): Chisquare test failed for mean = 85.0 p-value = 9.962687131310766E-4 chisquare statistic = 32.91990412995327.]|
evo_regression: |false|3|44|[test14(org.apache.commons.math.linear.EigenDecompositionImpl_ESTest): expected:<1.7895108220129965E11> but was:<-8.411321389717049E10>-, test25(org.apache.commons.math.linear.EigenDecompositionImpl_ESTest): expected:<1.0234192088492192E19> but was:<-1.4480730907127386E16>-, test21(org.apache.commons.math.linear.EigenDecompositionImpl_ESTest): expected:<19.083979455793298> but was:<-3.678812270394057E-15>-]|
 ----
ProgramVariant 258
 
time(sec)= 2334
operation: ReplaceOp
location= org.apache.commons.math.linear.EigenDecompositionImpl
line= 1139
lineSuspiciousness= 0.707
original statement= work[(i + k)] = work[(j - k)]
fixed statement= tau = 0.25 * (dMin2)
generation= 129
ingredientScope= LOCAL
validation=
failing: |true|0|18|[]|
manual_regression: |true|0|2084|[]|
evo_regression: |false|3|44|[test14(org.apache.commons.math.linear.EigenDecompositionImpl_ESTest): expected:<1.7895108220129965E11> but was:<-9.6698642556305712E16>-, test25(org.apache.commons.math.linear.EigenDecompositionImpl_ESTest): expected:<1.0234192088492192E19> but was:<-1.4480730907127386E16>-, test21(org.apache.commons.math.linear.EigenDecompositionImpl_ESTest): expected:<19.083979455793298> but was:<-6.764327348814714>-]|
 ----
ProgramVariant 990
 
time(sec)= 4396
operation: ReplaceOp
location= org.apache.commons.math.linear.EigenDecompositionImpl
line= 1136
lineSuspiciousness= 0.707
original statement= for (int i = 0 ; i < j ; i += 4) {
	for (int k = 0 ; k < 4 ; k += step) {
		final double tmp = work[(i + k)];
		work[(i + k)] = work[(j - k)];
		work[(j - k)] = tmp;
	}
	j -= 4;
}
fixed statement= for (int i = 0 ; i < (squaredSecondary.length) ; ++i) {
	final double s = secondary[i];
	squaredSecondary[i] = s * s;
}
generation= 495
ingredientScope= LOCAL
validation=
failing: |true|0|18|[]|
manual_regression: |true|0|2084|[]|
evo_regression: |false|3|44|[test14(org.apache.commons.math.linear.EigenDecompositionImpl_ESTest): expected:<1.7895108220129965E11> but was:<-8.411321389717049E10>-, test25(org.apache.commons.math.linear.EigenDecompositionImpl_ESTest): expected:<1.0234192088492192E19> but was:<-1.4480730907127386E16>-, test21(org.apache.commons.math.linear.EigenDecompositionImpl_ESTest): expected:<19.083979455793298> but was:<-3.678812270394057E-15>-]|
 ----
ProgramVariant 1188
 
time(sec)= 4987
operation: ReplaceOp
location= org.apache.commons.math.linear.EigenDecompositionImpl
line= 1139
lineSuspiciousness= 0.707
original statement= work[(i + k)] = work[(j - k)]
fixed statement= squaredSecondary = new double[secondary.length]
generation= 594
ingredientScope= LOCAL
validation=
failing: |true|0|18|[]|
manual_regression: |true|0|2084|[]|
evo_regression: |false|3|44|[test14(org.apache.commons.math.linear.EigenDecompositionImpl_ESTest): expected:<1.7895108220129965E11> but was:<-9.6698642556305712E16>-, test25(org.apache.commons.math.linear.EigenDecompositionImpl_ESTest): expected:<1.0234192088492192E19> but was:<-1.4480730907127386E16>-, test21(org.apache.commons.math.linear.EigenDecompositionImpl_ESTest): expected:<19.083979455793298> but was:<-6.764327348814714>-]|
 ----
ProgramVariant 1334
 
time(sec)= 5677
operation: ReplaceOp
location= org.apache.commons.math.linear.EigenDecompositionImpl
line= 1139
lineSuspiciousness= 0.707
original statement= work[(i + k)] = work[(j - k)]
fixed statement= tType = -5
generation= 667
ingredientScope= LOCAL
validation=
failing: |true|0|18|[]|
manual_regression: |true|0|2084|[]|
evo_regression: |false|3|44|[test14(org.apache.commons.math.linear.EigenDecompositionImpl_ESTest): expected:<1.7895108220129965E11> but was:<-9.6698642556305712E16>-, test25(org.apache.commons.math.linear.EigenDecompositionImpl_ESTest): expected:<1.0234192088492192E19> but was:<-1.4480730907127386E16>-, test21(org.apache.commons.math.linear.EigenDecompositionImpl_ESTest): expected:<19.083979455793298> but was:<-6.764327348814714>-]|
 ----
ProgramVariant 1518
 
time(sec)= 6170
operation: ReplaceOp
location= org.apache.commons.math.linear.EigenDecompositionImpl
line= 1139
lineSuspiciousness= 0.707
original statement= work[(i + k)] = work[(j - k)]
fixed statement= g = 0.25
generation= 759
ingredientScope= LOCAL
validation=
failing: |true|0|18|[]|
manual_regression: |true|0|2084|[]|
evo_regression: |false|3|44|[test14(org.apache.commons.math.linear.EigenDecompositionImpl_ESTest): expected:<1.7895108220129965E11> but was:<-9.6698642556305712E16>-, test25(org.apache.commons.math.linear.EigenDecompositionImpl_ESTest): expected:<1.0234192088492192E19> but was:<-1.4480730907127386E16>-, test21(org.apache.commons.math.linear.EigenDecompositionImpl_ESTest): expected:<19.083979455793298> but was:<-6.764327348814714>-]|
[INFO ] fr.inria.main.evolution.AstorMain.run(AstorMain.java:397) - Time Total(s): 7530.394


Node: grisou-19.nancy.grid5000.fr


Date: Wed Jan 11 23:44:16 CET 2017

removed classes 

zipped 

copied zip 


