seed AstorRun 8 
export PATH="/home/mmartinez/defects4j/framework/bin:$PATH";export JAVA_TOOL_OPTIONS=-Dfile.encoding=UTF8;export PATH="/usr/lib/jvm/java-1.7.0-openjdk-amd64/bin/:$PATH";cd /home/mmartinez/projects/math/math_8;defects4j compile;cp -r /home/mmartinez/projects/math/math_8 /tmp/math_8_Genprog_local_s1;cd /tmp/math_8_Genprog_local_s1;mkdir lib/;cp -r /home/mmartinez/defects4j/framework/projects/lib/* lib/;cp -r /home/mmartinez/defects4j/framework/projects/Math/lib/* lib/;find . -type f -name "package-info.java" -delete;
/home/mmartinez/defects4j-repair/src/python/core/../../../results/2016-june/Math/seed/8/package/8/Genprog/result
cd /tmp/math_8_Genprog_local_s1;export JAVA_TOOL_OPTIONS=-Dfile.encoding=UTF8;TZ="America/New_York"; export TZexport PATH="/usr/lib/jvm/java-1.7.0-openjdk-amd64/bin/:$PATH";time /home/mmartinez/jdk1.8.0_45/bin//java -Xmx4096m -cp /home/mmartinez/defects4j-repair/src/python/core/../../..//libs/astor.jar fr.inria.main.evolution.MainjGenProg -mode statement -location . -id Math -dependencies lib/ -failing org.apache.commons.math3.distribution.DiscreteRealDistributionTest: -package org.apache.commons -jvm4testexecution /usr/lib/jvm/java-1.7.0-openjdk-amd64/bin/ -jvm4evosuitetestexecution /home/mmartinez/jdk1.8.0_45/bin/ -javacompliancelevel 5 -maxgen 1000000 -seed 8 -scope package -maxtime 120  -stopfirst false -population 1 -srcjavafolder src/main/java/ -srctestfolder src/test/java/ -binjavafolder target/classes/ -bintestfolder target/test-classes/ -flthreshold 0.1  -validation  fr.inria.astor.core.validation.validators.RegressionValidation  -ESParameters -Dassertion_timeout=1800:-Dminimization_timeout=1800:-Djunit_check_timeout=1800:-Dwrite_junit_timeout=300:-Dinitialization_timeout=300:-Dglobal_timeout=18000:-Dsearch_budget=100000:-Dstopping_condition=MaxStatements:-Dno_runtime_dependency=true:-Dsandbox=false:-Dp_reflection_on_private=0.0:-Dreflection_start_percent=1.0:-Dp_functional_mocking=0.0:-Dfunctional_mocking_percent=1.0:-mem=2000 -ignoredtestcases org.apache.commons.lang.LocaleUtilsTest  -excludeRegression  -maxgen 100000000 ;echo "

Node: `hostname`
";echo "
Date: `date`
"; find /tmp/math_8_Genprog_local_s1/outputMutation -name "*.class" -type f -delete;echo "removed classes 
"; find . -name bin  -type d -print0|xargs -0 rm -r --; zip -r -q out.zip /tmp/math_8_Genprog_local_s1/outputMutation; echo "zipped 
";cp out.zip /home/mmartinez/defects4j-repair/src/python/core/../../../results/2016-june/Math/seed/8/package/8/Genprog; echo "copied zip 
";rm -rf /tmp/math_8_Genprog_local_s1;

[DEBUG] fr.inria.astor.core.loop.AstorCoreEngine.showResults(AstorCoreEngine.java:136) - End Repair Loops: Found solution
[DEBUG] fr.inria.astor.core.loop.AstorCoreEngine.showResults(AstorCoreEngine.java:137) - Solution stored at: /tmp/math_8_Genprog_local_s1/./outputMutation/AstorMain-Math//src/
[DEBUG] fr.inria.astor.core.loop.AstorCoreEngine.showResults(AstorCoreEngine.java:142) - 
Number solutions:18
[DEBUG] fr.inria.astor.core.loop.AstorCoreEngine.showResults(AstorCoreEngine.java:144) - f (sol): 2.0, [Variant id: 74 (SOL) , #gens: 23, #ops: 1, parent:73]
[DEBUG] fr.inria.astor.core.loop.AstorCoreEngine.showResults(AstorCoreEngine.java:144) - f (sol): 2.0, [Variant id: 100 (SOL) , #gens: 23, #ops: 1, parent:99]
[DEBUG] fr.inria.astor.core.loop.AstorCoreEngine.showResults(AstorCoreEngine.java:144) - f (sol): 2.0, [Variant id: 114 (SOL) , #gens: 23, #ops: 1, parent:113]
[DEBUG] fr.inria.astor.core.loop.AstorCoreEngine.showResults(AstorCoreEngine.java:144) - f (sol): 2.0, [Variant id: 124 (SOL) , #gens: 23, #ops: 1, parent:123]
[DEBUG] fr.inria.astor.core.loop.AstorCoreEngine.showResults(AstorCoreEngine.java:144) - f (sol): 2.0, [Variant id: 172 (SOL) , #gens: 23, #ops: 1, parent:171]
[DEBUG] fr.inria.astor.core.loop.AstorCoreEngine.showResults(AstorCoreEngine.java:144) - f (sol): 2.0, [Variant id: 216 (SOL) , #gens: 23, #ops: 1, parent:215]
[DEBUG] fr.inria.astor.core.loop.AstorCoreEngine.showResults(AstorCoreEngine.java:144) - f (sol): 2.0, [Variant id: 238 (SOL) , #gens: 23, #ops: 1, parent:237]
[DEBUG] fr.inria.astor.core.loop.AstorCoreEngine.showResults(AstorCoreEngine.java:144) - f (sol): 2.0, [Variant id: 268 (SOL) , #gens: 23, #ops: 1, parent:267]
[DEBUG] fr.inria.astor.core.loop.AstorCoreEngine.showResults(AstorCoreEngine.java:144) - f (sol): 2.0, [Variant id: 270 (SOL) , #gens: 23, #ops: 1, parent:269]
[DEBUG] fr.inria.astor.core.loop.AstorCoreEngine.showResults(AstorCoreEngine.java:144) - f (sol): 2.0, [Variant id: 274 (SOL) , #gens: 23, #ops: 1, parent:273]
[DEBUG] fr.inria.astor.core.loop.AstorCoreEngine.showResults(AstorCoreEngine.java:144) - f (sol): 2.0, [Variant id: 304 (SOL) , #gens: 23, #ops: 1, parent:303]
[DEBUG] fr.inria.astor.core.loop.AstorCoreEngine.showResults(AstorCoreEngine.java:144) - f (sol): 2.0, [Variant id: 324 (SOL) , #gens: 23, #ops: 1, parent:323]
[DEBUG] fr.inria.astor.core.loop.AstorCoreEngine.showResults(AstorCoreEngine.java:144) - f (sol): 2.0, [Variant id: 366 (SOL) , #gens: 23, #ops: 1, parent:365]
[DEBUG] fr.inria.astor.core.loop.AstorCoreEngine.showResults(AstorCoreEngine.java:144) - f (sol): 2.0, [Variant id: 388 (SOL) , #gens: 23, #ops: 1, parent:387]
[DEBUG] fr.inria.astor.core.loop.AstorCoreEngine.showResults(AstorCoreEngine.java:144) - f (sol): 2.0, [Variant id: 396 (SOL) , #gens: 23, #ops: 1, parent:395]
[DEBUG] fr.inria.astor.core.loop.AstorCoreEngine.showResults(AstorCoreEngine.java:144) - f (sol): 2.0, [Variant id: 414 (SOL) , #gens: 23, #ops: 1, parent:413]
[DEBUG] fr.inria.astor.core.loop.AstorCoreEngine.showResults(AstorCoreEngine.java:144) - f (sol): 2.0, [Variant id: 476 (SOL) , #gens: 23, #ops: 1, parent:475]
[DEBUG] fr.inria.astor.core.loop.AstorCoreEngine.showResults(AstorCoreEngine.java:144) - f (sol): 2.0, [Variant id: 542 (SOL) , #gens: 23, #ops: 1, parent:541]
[DEBUG] fr.inria.astor.core.loop.AstorCoreEngine.showResults(AstorCoreEngine.java:146) - 
All variants:
[DEBUG] fr.inria.astor.core.loop.AstorCoreEngine.showResults(AstorCoreEngine.java:148) - f 1.0, [Variant id: 543, #gens: 24, #ops: 0, parent:-]
[INFO ] fr.inria.astor.core.loop.AstorCoreEngine.showResults(AstorCoreEngine.java:152) - 
Solution details
[INFO ] fr.inria.astor.core.loop.AstorCoreEngine.showResults(AstorCoreEngine.java:153) - 
 --SOLUTIONS DESCRIPTION--

 ----
ProgramVariant 74
 
time(sec)= 1101
operation: RemoveOp
location= org.apache.commons.math3.distribution.DiscreteDistribution
line= 190
lineSuspiciousness= 0.707
original statement= out[i] = sample()
fixed statement= 
generation= 37
ingredientScope= -
validation=
failing: |true|0|13|[]|
manual_regression: |true|0|4782|[]|
evo_regression: |false|2|21|[test03(org.apache.commons.math3.distribution.DiscreteDistribution_ESTest): Expecting exception: NullPointerException-, test04(org.apache.commons.math3.distribution.DiscreteDistribution_ESTest): Expecting exception: ArrayStoreException-]|
 ----
ProgramVariant 100
 
time(sec)= 1484
operation: RemoveOp
location= org.apache.commons.math3.distribution.DiscreteDistribution
line= 189
lineSuspiciousness= 0.707
original statement= for (int i = 0 ; i < sampleSize ; i++) {
	out[i] = sample();
}
fixed statement= 
generation= 50
ingredientScope= -
validation=
failing: |true|0|13|[]|
manual_regression: |true|0|4782|[]|
evo_regression: |false|2|21|[test03(org.apache.commons.math3.distribution.DiscreteDistribution_ESTest): Expecting exception: NullPointerException-, test04(org.apache.commons.math3.distribution.DiscreteDistribution_ESTest): Expecting exception: ArrayStoreException-]|
 ----
ProgramVariant 114
 
time(sec)= 1816
operation: RemoveOp
location= org.apache.commons.math3.distribution.DiscreteDistribution
line= 190
lineSuspiciousness= 0.707
original statement= out[i] = sample()
fixed statement= 
generation= 57
ingredientScope= -
validation=
failing: |true|0|13|[]|
manual_regression: |true|0|4782|[]|
evo_regression: |false|2|21|[test03(org.apache.commons.math3.distribution.DiscreteDistribution_ESTest): Expecting exception: NullPointerException-, test04(org.apache.commons.math3.distribution.DiscreteDistribution_ESTest): Expecting exception: ArrayStoreException-]|
 ----
ProgramVariant 124
 
time(sec)= 2096
operation: RemoveOp
location= org.apache.commons.math3.distribution.DiscreteDistribution
line= 190
lineSuspiciousness= 0.707
original statement= out[i] = sample()
fixed statement= 
generation= 62
ingredientScope= -
validation=
failing: |true|0|13|[]|
manual_regression: |true|0|4782|[]|
evo_regression: |false|2|21|[test03(org.apache.commons.math3.distribution.DiscreteDistribution_ESTest): Expecting exception: NullPointerException-, test04(org.apache.commons.math3.distribution.DiscreteDistribution_ESTest): Expecting exception: ArrayStoreException-]|
 ----
ProgramVariant 172
 
time(sec)= 2592
operation: RemoveOp
location= org.apache.commons.math3.distribution.DiscreteDistribution
line= 189
lineSuspiciousness= 0.707
original statement= for (int i = 0 ; i < sampleSize ; i++) {
	out[i] = sample();
}
fixed statement= 
generation= 86
ingredientScope= -
validation=
failing: |true|0|13|[]|
manual_regression: |true|0|4782|[]|
evo_regression: |false|2|21|[test03(org.apache.commons.math3.distribution.DiscreteDistribution_ESTest): Expecting exception: NullPointerException-, test04(org.apache.commons.math3.distribution.DiscreteDistribution_ESTest): Expecting exception: ArrayStoreException-]|
 ----
ProgramVariant 216
 
time(sec)= 3000
operation: RemoveOp
location= org.apache.commons.math3.distribution.DiscreteDistribution
line= 190
lineSuspiciousness= 0.707
original statement= out[i] = sample()
fixed statement= 
generation= 108
ingredientScope= -
validation=
failing: |true|0|13|[]|
manual_regression: |true|0|4782|[]|
evo_regression: |false|2|21|[test03(org.apache.commons.math3.distribution.DiscreteDistribution_ESTest): Expecting exception: NullPointerException-, test04(org.apache.commons.math3.distribution.DiscreteDistribution_ESTest): Expecting exception: ArrayStoreException-]|
 ----
ProgramVariant 238
 
time(sec)= 3369
operation: RemoveOp
location= org.apache.commons.math3.distribution.DiscreteDistribution
line= 189
lineSuspiciousness= 0.707
original statement= for (int i = 0 ; i < sampleSize ; i++) {
	out[i] = sample();
}
fixed statement= 
generation= 119
ingredientScope= -
validation=
failing: |true|0|13|[]|
manual_regression: |true|0|4782|[]|
evo_regression: |false|2|21|[test03(org.apache.commons.math3.distribution.DiscreteDistribution_ESTest): Expecting exception: NullPointerException-, test04(org.apache.commons.math3.distribution.DiscreteDistribution_ESTest): Expecting exception: ArrayStoreException-]|
 ----
ProgramVariant 268
 
time(sec)= 3814
operation: RemoveOp
location= org.apache.commons.math3.distribution.DiscreteDistribution
line= 190
lineSuspiciousness= 0.707
original statement= out[i] = sample()
fixed statement= 
generation= 134
ingredientScope= -
validation=
failing: |true|0|13|[]|
manual_regression: |true|0|4782|[]|
evo_regression: |false|2|21|[test03(org.apache.commons.math3.distribution.DiscreteDistribution_ESTest): Expecting exception: NullPointerException-, test04(org.apache.commons.math3.distribution.DiscreteDistribution_ESTest): Expecting exception: ArrayStoreException-]|
 ----
ProgramVariant 270
 
time(sec)= 4081
operation: RemoveOp
location= org.apache.commons.math3.distribution.DiscreteDistribution
line= 189
lineSuspiciousness= 0.707
original statement= for (int i = 0 ; i < sampleSize ; i++) {
	out[i] = sample();
}
fixed statement= 
generation= 135
ingredientScope= -
validation=
failing: |true|0|13|[]|
manual_regression: |true|0|4782|[]|
evo_regression: |false|2|21|[test03(org.apache.commons.math3.distribution.DiscreteDistribution_ESTest): Expecting exception: NullPointerException-, test04(org.apache.commons.math3.distribution.DiscreteDistribution_ESTest): Expecting exception: ArrayStoreException-]|
 ----
ProgramVariant 274
 
time(sec)= 4348
operation: RemoveOp
location= org.apache.commons.math3.distribution.DiscreteDistribution
line= 189
lineSuspiciousness= 0.707
original statement= for (int i = 0 ; i < sampleSize ; i++) {
	out[i] = sample();
}
fixed statement= 
generation= 137
ingredientScope= -
validation=
failing: |true|0|13|[]|
manual_regression: |true|0|4782|[]|
evo_regression: |false|2|21|[test03(org.apache.commons.math3.distribution.DiscreteDistribution_ESTest): Expecting exception: NullPointerException-, test04(org.apache.commons.math3.distribution.DiscreteDistribution_ESTest): Expecting exception: ArrayStoreException-]|
 ----
ProgramVariant 304
 
time(sec)= 4663
operation: RemoveOp
location= org.apache.commons.math3.distribution.DiscreteDistribution
line= 190
lineSuspiciousness= 0.707
original statement= out[i] = sample()
fixed statement= 
generation= 152
ingredientScope= -
validation=
failing: |true|0|13|[]|
manual_regression: |true|0|4782|[]|
evo_regression: |false|2|21|[test03(org.apache.commons.math3.distribution.DiscreteDistribution_ESTest): Expecting exception: NullPointerException-, test04(org.apache.commons.math3.distribution.DiscreteDistribution_ESTest): Expecting exception: ArrayStoreException-]|
 ----
ProgramVariant 324
 
time(sec)= 4988
operation: RemoveOp
location= org.apache.commons.math3.distribution.DiscreteDistribution
line= 189
lineSuspiciousness= 0.707
original statement= for (int i = 0 ; i < sampleSize ; i++) {
	out[i] = sample();
}
fixed statement= 
generation= 162
ingredientScope= -
validation=
failing: |true|0|13|[]|
manual_regression: |true|0|4782|[]|
evo_regression: |false|2|21|[test03(org.apache.commons.math3.distribution.DiscreteDistribution_ESTest): Expecting exception: NullPointerException-, test04(org.apache.commons.math3.distribution.DiscreteDistribution_ESTest): Expecting exception: ArrayStoreException-]|
 ----
ProgramVariant 366
 
time(sec)= 5436
operation: RemoveOp
location= org.apache.commons.math3.distribution.DiscreteDistribution
line= 190
lineSuspiciousness= 0.707
original statement= out[i] = sample()
fixed statement= 
generation= 183
ingredientScope= -
validation=
failing: |true|0|13|[]|
manual_regression: |true|0|4782|[]|
evo_regression: |false|2|21|[test03(org.apache.commons.math3.distribution.DiscreteDistribution_ESTest): Expecting exception: NullPointerException-, test04(org.apache.commons.math3.distribution.DiscreteDistribution_ESTest): Expecting exception: ArrayStoreException-]|
 ----
ProgramVariant 388
 
time(sec)= 5759
operation: RemoveOp
location= org.apache.commons.math3.distribution.DiscreteDistribution
line= 190
lineSuspiciousness= 0.707
original statement= out[i] = sample()
fixed statement= 
generation= 194
ingredientScope= -
validation=
failing: |true|0|13|[]|
manual_regression: |true|0|4782|[]|
evo_regression: |false|2|21|[test03(org.apache.commons.math3.distribution.DiscreteDistribution_ESTest): Expecting exception: NullPointerException-, test04(org.apache.commons.math3.distribution.DiscreteDistribution_ESTest): Expecting exception: ArrayStoreException-]|
 ----
ProgramVariant 396
 
time(sec)= 6031
operation: RemoveOp
location= org.apache.commons.math3.distribution.DiscreteDistribution
line= 189
lineSuspiciousness= 0.707
original statement= for (int i = 0 ; i < sampleSize ; i++) {
	out[i] = sample();
}
fixed statement= 
generation= 198
ingredientScope= -
validation=
failing: |true|0|13|[]|
manual_regression: |true|0|4782|[]|
evo_regression: |false|2|21|[test03(org.apache.commons.math3.distribution.DiscreteDistribution_ESTest): Expecting exception: NullPointerException-, test04(org.apache.commons.math3.distribution.DiscreteDistribution_ESTest): Expecting exception: ArrayStoreException-]|
 ----
ProgramVariant 414
 
time(sec)= 6354
operation: RemoveOp
location= org.apache.commons.math3.distribution.DiscreteDistribution
line= 189
lineSuspiciousness= 0.707
original statement= for (int i = 0 ; i < sampleSize ; i++) {
	out[i] = sample();
}
fixed statement= 
generation= 207
ingredientScope= -
validation=
failing: |true|0|13|[]|
manual_regression: |true|0|4782|[]|
evo_regression: |false|2|21|[test03(org.apache.commons.math3.distribution.DiscreteDistribution_ESTest): Expecting exception: NullPointerException-, test04(org.apache.commons.math3.distribution.DiscreteDistribution_ESTest): Expecting exception: ArrayStoreException-]|
 ----
ProgramVariant 476
 
time(sec)= 6769
operation: RemoveOp
location= org.apache.commons.math3.distribution.DiscreteDistribution
line= 189
lineSuspiciousness= 0.707
original statement= for (int i = 0 ; i < sampleSize ; i++) {
	out[i] = sample();
}
fixed statement= 
generation= 238
ingredientScope= -
validation=
failing: |true|0|13|[]|
manual_regression: |true|0|4782|[]|
evo_regression: |false|2|21|[test03(org.apache.commons.math3.distribution.DiscreteDistribution_ESTest): Expecting exception: NullPointerException-, test04(org.apache.commons.math3.distribution.DiscreteDistribution_ESTest): Expecting exception: ArrayStoreException-]|
 ----
ProgramVariant 542
 
time(sec)= 7368
operation: RemoveOp
location= org.apache.commons.math3.distribution.DiscreteDistribution
line= 189
lineSuspiciousness= 0.707
original statement= for (int i = 0 ; i < sampleSize ; i++) {
	out[i] = sample();
}
fixed statement= 
generation= 271
ingredientScope= -
validation=
failing: |true|0|13|[]|
manual_regression: |true|0|4782|[]|
evo_regression: |false|2|21|[test03(org.apache.commons.math3.distribution.DiscreteDistribution_ESTest): Expecting exception: NullPointerException-, test04(org.apache.commons.math3.distribution.DiscreteDistribution_ESTest): Expecting exception: ArrayStoreException-]|
[INFO ] fr.inria.main.evolution.AstorMain.run(AstorMain.java:397) - Time Total(s): 8303.921


Node: graphene-130.nancy.grid5000.fr


Date: Thu Jan 12 22:36:11 CET 2017

removed classes 

zipped 

copied zip 


