seed AstorRun 2 
export PATH="/home/mmartinez/defects4j/framework/bin:$PATH";export JAVA_TOOL_OPTIONS=-Dfile.encoding=UTF8;export PATH="/usr/lib/jvm/java-1.7.0-openjdk-amd64/bin/:$PATH";cd /home/mmartinez/projects/math/math_81;defects4j compile;cp -r /home/mmartinez/projects/math/math_81 /tmp/math_81_Genprog_local_s1;cd /tmp/math_81_Genprog_local_s1;mkdir lib/;cp -r /home/mmartinez/defects4j/framework/projects/lib/* lib/;cp -r /home/mmartinez/defects4j/framework/projects/Math/lib/* lib/;find . -type f -name "package-info.java" -delete;
/home/mmartinez/defects4j-repair/src/python/core/../../../results/2016-june/Math/seed/2/package/81/Genprog/result
cd /tmp/math_81_Genprog_local_s1;export JAVA_TOOL_OPTIONS=-Dfile.encoding=UTF8;TZ="America/New_York"; export TZexport PATH="/usr/lib/jvm/java-1.7.0-openjdk-amd64/bin/:$PATH";time /home/mmartinez/jdk1.8.0_45/bin//java -Xmx4096m -cp /home/mmartinez/defects4j-repair/src/python/core/../../..//libs/astor.jar fr.inria.main.evolution.MainjGenProg -mode statement -location . -id Math -dependencies lib/ -failing org.apache.commons.math.linear.EigenDecompositionImplTest: -package org.apache.commons -jvm4testexecution /usr/lib/jvm/java-1.7.0-openjdk-amd64/bin/ -jvm4evosuitetestexecution /home/mmartinez/jdk1.8.0_45/bin/ -javacompliancelevel 5 -maxgen 1000000 -seed 2 -scope package -maxtime 120  -stopfirst false -population 1 -srcjavafolder src/main/java/ -srctestfolder src/test/java/ -binjavafolder target/classes/ -bintestfolder target/test-classes/ -flthreshold 0.1  -validation  fr.inria.astor.core.validation.validators.RegressionValidation  -ESParameters -Dassertion_timeout=1800:-Dminimization_timeout=1800:-Djunit_check_timeout=1800:-Dwrite_junit_timeout=300:-Dinitialization_timeout=300:-Dglobal_timeout=18000:-Dsearch_budget=100000:-Dstopping_condition=MaxStatements:-Dno_runtime_dependency=true:-Dsandbox=false:-Dp_reflection_on_private=0.0:-Dreflection_start_percent=1.0:-Dp_functional_mocking=0.0:-Dfunctional_mocking_percent=1.0:-mem=2000 -ignoredtestcases org.apache.commons.lang.LocaleUtilsTest  -excludeRegression  -maxgen 100000000 ;echo "

Node: `hostname`
";echo "
Date: `date`
"; find /tmp/math_81_Genprog_local_s1/outputMutation -name "*.class" -type f -delete;echo "removed classes 
"; find . -name bin  -type d -print0|xargs -0 rm -r --; zip -r -q out.zip /tmp/math_81_Genprog_local_s1/outputMutation; echo "zipped 
";cp out.zip /home/mmartinez/defects4j-repair/src/python/core/../../../results/2016-june/Math/seed/2/package/81/Genprog; echo "copied zip 
";rm -rf /tmp/math_81_Genprog_local_s1;

[DEBUG] fr.inria.astor.core.loop.AstorCoreEngine.showResults(AstorCoreEngine.java:136) - End Repair Loops: Found solution
[DEBUG] fr.inria.astor.core.loop.AstorCoreEngine.showResults(AstorCoreEngine.java:137) - Solution stored at: /tmp/math_81_Genprog_local_s1/./outputMutation/AstorMain-Math//src/
[DEBUG] fr.inria.astor.core.loop.AstorCoreEngine.showResults(AstorCoreEngine.java:142) - 
Number solutions:11
[DEBUG] fr.inria.astor.core.loop.AstorCoreEngine.showResults(AstorCoreEngine.java:144) - f (sol): 3.0, [Variant id: 60 (SOL) , #gens: 352, #ops: 1, parent:59]
[DEBUG] fr.inria.astor.core.loop.AstorCoreEngine.showResults(AstorCoreEngine.java:144) - f (sol): 1.0, [Variant id: 110 (SOL) , #gens: 351, #ops: 1, parent:109]
[DEBUG] fr.inria.astor.core.loop.AstorCoreEngine.showResults(AstorCoreEngine.java:144) - f (sol): 0.0, [Variant id: 200 (SOL) , #gens: 351, #ops: 1, parent:199]
[DEBUG] fr.inria.astor.core.loop.AstorCoreEngine.showResults(AstorCoreEngine.java:144) - f (sol): 1.0, [Variant id: 248 (SOL) , #gens: 351, #ops: 1, parent:247]
[DEBUG] fr.inria.astor.core.loop.AstorCoreEngine.showResults(AstorCoreEngine.java:144) - f (sol): 1.0, [Variant id: 288 (SOL) , #gens: 350, #ops: 1, parent:287]
[DEBUG] fr.inria.astor.core.loop.AstorCoreEngine.showResults(AstorCoreEngine.java:144) - f (sol): 1.0, [Variant id: 502 (SOL) , #gens: 350, #ops: 1, parent:501]
[DEBUG] fr.inria.astor.core.loop.AstorCoreEngine.showResults(AstorCoreEngine.java:144) - f (sol): 1.0, [Variant id: 508 (SOL) , #gens: 350, #ops: 1, parent:507]
[DEBUG] fr.inria.astor.core.loop.AstorCoreEngine.showResults(AstorCoreEngine.java:144) - f (sol): 0.0, [Variant id: 566 (SOL) , #gens: 351, #ops: 1, parent:565]
[DEBUG] fr.inria.astor.core.loop.AstorCoreEngine.showResults(AstorCoreEngine.java:144) - f (sol): 2.0, [Variant id: 578 (SOL) , #gens: 351, #ops: 1, parent:577]
[DEBUG] fr.inria.astor.core.loop.AstorCoreEngine.showResults(AstorCoreEngine.java:144) - f (sol): 1.0, [Variant id: 580 (SOL) , #gens: 351, #ops: 1, parent:579]
[DEBUG] fr.inria.astor.core.loop.AstorCoreEngine.showResults(AstorCoreEngine.java:144) - f (sol): 1.0, [Variant id: 600 (SOL) , #gens: 351, #ops: 1, parent:599]
[DEBUG] fr.inria.astor.core.loop.AstorCoreEngine.showResults(AstorCoreEngine.java:146) - 
All variants:
[DEBUG] fr.inria.astor.core.loop.AstorCoreEngine.showResults(AstorCoreEngine.java:148) - f 1.0, [Variant id: 641, #gens: 351, #ops: 0, parent:-]
[INFO ] fr.inria.astor.core.loop.AstorCoreEngine.showResults(AstorCoreEngine.java:152) - 
Solution details
[INFO ] fr.inria.astor.core.loop.AstorCoreEngine.showResults(AstorCoreEngine.java:153) - 
 --SOLUTIONS DESCRIPTION--

 ----
ProgramVariant 60
 
time(sec)= 3135
operation: InsertBeforeOp
location= org.apache.commons.math.linear.EigenDecompositionImpl
line= 1523
lineSuspiciousness= 0.316
original statement= tau = s
fixed statement= s = java.lang.Math.min(s, (a2 - (b1 + b2)))
generation= 30
ingredientScope= LOCAL
validation=
failing: |true|0|17|[]|
manual_regression: |false|1|2101|[testNextPoissonConsistency(org.apache.commons.math.random.AbstractRandomGeneratorTest): Chisquare test failed for mean = 44.0 p-value = 4.120287450342097E-4 chisquare statistic = 30.160116793042057.]|
evo_regression: |false|2|51|[test24(org.apache.commons.math.linear.EigenDecompositionImpl_ESTest): expected:<-7.932533887188367E10> but was:<-7.932533899186122E10>-, test29(org.apache.commons.math.linear.EigenDecompositionImpl_ESTest): -]|
 ----
ProgramVariant 110
 
time(sec)= 3469
operation: ReplaceOp
location= org.apache.commons.math.linear.EigenDecompositionImpl
line= 1520
lineSuspiciousness= 0.316
original statement= if (a2 < cnst1) {
	s = (gam * (1 - (java.lang.Math.sqrt(a2)))) / (1 + a2);
} 
fixed statement= if ((dMin1) == (dN1)) {
	tau = 0.5 * (dMin1);
} 
generation= 55
ingredientScope= LOCAL
validation=
failing: |true|0|17|[]|
manual_regression: |true|0|2101|[]|
evo_regression: |false|1|51|[test24(org.apache.commons.math.linear.EigenDecompositionImpl_ESTest): expected:<-7.932533887188367E10> but was:<-7.932529783304147E10>-]|
 ----
ProgramVariant 200
 
time(sec)= 4181
operation: ReplaceOp
location= org.apache.commons.math.linear.EigenDecompositionImpl
line= 1543
lineSuspiciousness= 0.577
original statement= if ((end - start) > 2) {
	b2 = (work[(nn - 13)]) / (work[(nn - 15)]);
	a2 = a2 + b2;
	for (int i4 = nn - 17 ; i4 >= (((4 * start) + 2) + (pingPong)) ; i4 -= 4) {
		if (b2 == 0.0) {
			break;
		} 
		b1 = b2;
		if ((work[i4]) > (work[(i4 - 2)])) {
			return ;
		} 
		b2 = b2 * ((work[i4]) / (work[(i4 - 2)]));
		a2 = a2 + b2;
		if (((100 * (java.lang.Math.max(b2, b1))) < a2) || (cnst1 < a2)) {
			break;
		} 
	}
	a2 = cnst3 * a2;
} 
fixed statement= if (b2 == 0.0) {
	break;
} 
generation= 100
ingredientScope= LOCAL
validation=
failing: |true|0|17|[]|
manual_regression: |true|0|2101|[]|
evo_regression: |true|0|51|[]|
 ----
ProgramVariant 248
 
time(sec)= 4718
operation: ReplaceOp
location= org.apache.commons.math.linear.EigenDecompositionImpl
line= 1480
lineSuspiciousness= 0.5
original statement= a2 = 0.0
fixed statement= tType = 0
generation= 124
ingredientScope= LOCAL
validation=
failing: |true|0|17|[]|
manual_regression: |true|0|2101|[]|
evo_regression: |false|1|51|[test24(org.apache.commons.math.linear.EigenDecompositionImpl_ESTest): expected:<-7.932533887188367E10> but was:<-7.932529783295558E10>-]|
 ----
ProgramVariant 288
 
time(sec)= 4951
operation: RemoveOp
location= org.apache.commons.math.linear.EigenDecompositionImpl
line= 1480
lineSuspiciousness= 0.5
original statement= a2 = 0.0
fixed statement= 
generation= 144
ingredientScope= -
validation=
failing: |true|0|17|[]|
manual_regression: |true|0|2101|[]|
evo_regression: |false|1|51|[test24(org.apache.commons.math.linear.EigenDecompositionImpl_ESTest): expected:<-7.932533887188367E10> but was:<-7.932529783295558E10>-]|
 ----
ProgramVariant 502
 
time(sec)= 6012
operation: RemoveOp
location= org.apache.commons.math.linear.EigenDecompositionImpl
line= 1484
lineSuspiciousness= 0.5
original statement= b2 = (work[(nn - 5)]) / (work[(nn - 7)])
fixed statement= 
generation= 251
ingredientScope= -
validation=
failing: |true|0|17|[]|
manual_regression: |true|0|2101|[]|
evo_regression: |false|1|51|[test24(org.apache.commons.math.linear.EigenDecompositionImpl_ESTest): expected:<-7.932533887188367E10> but was:<-7.932529783295552E10>-]|
 ----
ProgramVariant 508
 
time(sec)= 6092
operation: RemoveOp
location= org.apache.commons.math.linear.EigenDecompositionImpl
line= 1484
lineSuspiciousness= 0.5
original statement= b2 = (work[(nn - 5)]) / (work[(nn - 7)])
fixed statement= 
generation= 254
ingredientScope= -
validation=
failing: |true|0|17|[]|
manual_regression: |true|0|2101|[]|
evo_regression: |false|1|51|[test24(org.apache.commons.math.linear.EigenDecompositionImpl_ESTest): expected:<-7.932533887188367E10> but was:<-7.932529783295552E10>-]|
 ----
ProgramVariant 566
 
time(sec)= 6750
operation: ReplaceOp
location= org.apache.commons.math.linear.EigenDecompositionImpl
line= 1543
lineSuspiciousness= 0.577
original statement= if ((end - start) > 2) {
	b2 = (work[(nn - 13)]) / (work[(nn - 15)]);
	a2 = a2 + b2;
	for (int i4 = nn - 17 ; i4 >= (((4 * start) + 2) + (pingPong)) ; i4 -= 4) {
		if (b2 == 0.0) {
			break;
		} 
		b1 = b2;
		if ((work[i4]) > (work[(i4 - 2)])) {
			return ;
		} 
		b2 = b2 * ((work[i4]) / (work[(i4 - 2)]));
		a2 = a2 + b2;
		if (((100 * (java.lang.Math.max(b2, b1))) < a2) || (cnst1 < a2)) {
			break;
		} 
	}
	a2 = cnst3 * a2;
} 
fixed statement= if ((work[(nn - 9)]) > (work[(nn - 11)])) {
	return ;
} 
generation= 283
ingredientScope= LOCAL
validation=
failing: |true|0|17|[]|
manual_regression: |true|0|2101|[]|
evo_regression: |true|0|51|[]|
 ----
ProgramVariant 578
 
time(sec)= 6833
operation: ReplaceOp
location= org.apache.commons.math.linear.EigenDecompositionImpl
line= 1520
lineSuspiciousness= 0.316
original statement= if (a2 < cnst1) {
	s = (gam * (1 - (java.lang.Math.sqrt(a2)))) / (1 + a2);
} 
fixed statement= if ((dMin1) > 0.0) {
	tau = ((tau) + (dMin)) * (1.0 - (2.0 * (org.apache.commons.math.util.MathUtils.EPSILON)));
	tType -= 11;
} else {
	tau *= 0.25;
	tType -= 12;
}
generation= 289
ingredientScope= LOCAL
validation=
failing: |true|0|17|[]|
manual_regression: |false|1|2101|[testNextPoissonConsistency(org.apache.commons.math.random.RandomDataTest): Chisquare test failed for mean = 98.0 p-value = 8.257870776301468E-4 chisquare statistic = 35.0706104295948.]|
evo_regression: |false|1|51|[test24(org.apache.commons.math.linear.EigenDecompositionImpl_ESTest): expected:<-7.932533887188367E10> but was:<-7.932529783304147E10>-]|
 ----
ProgramVariant 580
 
time(sec)= 6908
operation: ReplaceOp
location= org.apache.commons.math.linear.EigenDecompositionImpl
line= 1480
lineSuspiciousness= 0.5
original statement= a2 = 0.0
fixed statement= g = 0.25
generation= 290
ingredientScope= LOCAL
validation=
failing: |true|0|17|[]|
manual_regression: |true|0|2101|[]|
evo_regression: |false|1|51|[test24(org.apache.commons.math.linear.EigenDecompositionImpl_ESTest): expected:<-7.932533887188367E10> but was:<-7.932529783295558E10>-]|
 ----
ProgramVariant 600
 
time(sec)= 7138
operation: ReplaceOp
location= org.apache.commons.math.linear.EigenDecompositionImpl
line= 1521
lineSuspiciousness= 0.316
original statement= s = (gam * (1 - (java.lang.Math.sqrt(a2)))) / (1 + a2)
fixed statement= tType = -8
generation= 300
ingredientScope= LOCAL
validation=
failing: |true|0|17|[]|
manual_regression: |true|0|2101|[]|
evo_regression: |false|1|51|[test24(org.apache.commons.math.linear.EigenDecompositionImpl_ESTest): expected:<-7.932533887188367E10> but was:<-7.932529783304147E10>-]|
[INFO ] fr.inria.main.evolution.AstorMain.run(AstorMain.java:397) - Time Total(s): 7506.401


Node: graphene-126.nancy.grid5000.fr


Date: Wed Jan 18 02:02:11 CET 2017

removed classes 

zipped 

copied zip 


