seed AstorRun 16 
export PATH="/home/mmartinez/defects4j/framework/bin:$PATH";export JAVA_TOOL_OPTIONS=-Dfile.encoding=UTF8;export PATH="/usr/lib/jvm/java-1.7.0-openjdk-amd64/bin/:$PATH";cd /home/mmartinez/projects/math/math_24;defects4j compile;cp -r /home/mmartinez/projects/math/math_24 /tmp/math_24_Genprog_local_s1;cd /tmp/math_24_Genprog_local_s1;mkdir lib/;cp -r /home/mmartinez/defects4j/framework/projects/lib/* lib/;cp -r /home/mmartinez/defects4j/framework/projects/Math/lib/* lib/;find . -type f -name "package-info.java" -delete;
/home/mmartinez/defects4j-repair/src/python/core/../../../results/2016-june/Math/seed/16/package/24/Genprog/result
cd /tmp/math_24_Genprog_local_s1;export JAVA_TOOL_OPTIONS=-Dfile.encoding=UTF8;TZ="America/New_York"; export TZexport PATH="/usr/lib/jvm/java-1.7.0-openjdk-amd64/bin/:$PATH";time /home/mmartinez/jdk1.8.0_45/bin//java -Xmx4096m -cp /home/mmartinez/defects4j-repair/src/python/core/../../..//libs/astor.jar fr.inria.main.evolution.MainjGenProg -mode statement -location . -id Math -dependencies lib/ -failing org.apache.commons.math3.optimization.univariate.BrentOptimizerTest: -package org.apache.commons -jvm4testexecution /usr/lib/jvm/java-1.7.0-openjdk-amd64/bin/ -jvm4evosuitetestexecution /home/mmartinez/jdk1.8.0_45/bin/ -javacompliancelevel 5 -maxgen 1000000 -seed 16 -scope package -maxtime 120  -stopfirst false -population 1 -srcjavafolder src/main/java/ -srctestfolder src/test/java/ -binjavafolder target/classes/ -bintestfolder target/test-classes/ -flthreshold 0.1  -validation  fr.inria.astor.core.validation.validators.RegressionValidation  -ESParameters -Dassertion_timeout=1800:-Dminimization_timeout=1800:-Djunit_check_timeout=1800:-Dwrite_junit_timeout=300:-Dinitialization_timeout=300:-Dglobal_timeout=18000:-Dsearch_budget=100000:-Dstopping_condition=MaxStatements:-Dno_runtime_dependency=true:-Dsandbox=false:-Dp_reflection_on_private=0.0:-Dreflection_start_percent=1.0:-Dp_functional_mocking=0.0:-Dfunctional_mocking_percent=1.0:-mem=2000 -ignoredtestcases org.apache.commons.lang.LocaleUtilsTest  -excludeRegression  -maxgen 100000000 ;echo "

Node: `hostname`
";echo "
Date: `date`
"; find /tmp/math_24_Genprog_local_s1/outputMutation -name "*.class" -type f -delete;echo "removed classes 
"; find . -name bin  -type d -print0|xargs -0 rm -r --; zip -r -q out.zip /tmp/math_24_Genprog_local_s1/outputMutation; echo "zipped 
";cp out.zip /home/mmartinez/defects4j-repair/src/python/core/../../../results/2016-june/Math/seed/16/package/24/Genprog; echo "copied zip 
";rm -rf /tmp/math_24_Genprog_local_s1;

[DEBUG] fr.inria.astor.core.loop.AstorCoreEngine.showResults(AstorCoreEngine.java:136) - End Repair Loops: Found solution
[DEBUG] fr.inria.astor.core.loop.AstorCoreEngine.showResults(AstorCoreEngine.java:137) - Solution stored at: /tmp/math_24_Genprog_local_s1/./outputMutation/AstorMain-Math//src/
[DEBUG] fr.inria.astor.core.loop.AstorCoreEngine.showResults(AstorCoreEngine.java:142) - 
Number solutions:16
[DEBUG] fr.inria.astor.core.loop.AstorCoreEngine.showResults(AstorCoreEngine.java:144) - f (sol): 4.0, [Variant id: 34 (SOL) , #gens: 118, #ops: 1, parent:33]
[DEBUG] fr.inria.astor.core.loop.AstorCoreEngine.showResults(AstorCoreEngine.java:144) - f (sol): 7.0, [Variant id: 70 (SOL) , #gens: 117, #ops: 1, parent:69]
[DEBUG] fr.inria.astor.core.loop.AstorCoreEngine.showResults(AstorCoreEngine.java:144) - f (sol): 1.0, [Variant id: 106 (SOL) , #gens: 117, #ops: 1, parent:105]
[DEBUG] fr.inria.astor.core.loop.AstorCoreEngine.showResults(AstorCoreEngine.java:144) - f (sol): 6.0, [Variant id: 134 (SOL) , #gens: 118, #ops: 1, parent:133]
[DEBUG] fr.inria.astor.core.loop.AstorCoreEngine.showResults(AstorCoreEngine.java:144) - f (sol): 7.0, [Variant id: 200 (SOL) , #gens: 117, #ops: 1, parent:199]
[DEBUG] fr.inria.astor.core.loop.AstorCoreEngine.showResults(AstorCoreEngine.java:144) - f (sol): 4.0, [Variant id: 212 (SOL) , #gens: 119, #ops: 1, parent:211]
[DEBUG] fr.inria.astor.core.loop.AstorCoreEngine.showResults(AstorCoreEngine.java:144) - f (sol): 1.0, [Variant id: 356 (SOL) , #gens: 117, #ops: 1, parent:355]
[DEBUG] fr.inria.astor.core.loop.AstorCoreEngine.showResults(AstorCoreEngine.java:144) - f (sol): 7.0, [Variant id: 410 (SOL) , #gens: 117, #ops: 1, parent:409]
[DEBUG] fr.inria.astor.core.loop.AstorCoreEngine.showResults(AstorCoreEngine.java:144) - f (sol): 5.0, [Variant id: 532 (SOL) , #gens: 119, #ops: 1, parent:531]
[DEBUG] fr.inria.astor.core.loop.AstorCoreEngine.showResults(AstorCoreEngine.java:144) - f (sol): 1.0, [Variant id: 588 (SOL) , #gens: 117, #ops: 1, parent:587]
[DEBUG] fr.inria.astor.core.loop.AstorCoreEngine.showResults(AstorCoreEngine.java:144) - f (sol): 1.0, [Variant id: 598 (SOL) , #gens: 119, #ops: 1, parent:597]
[DEBUG] fr.inria.astor.core.loop.AstorCoreEngine.showResults(AstorCoreEngine.java:144) - f (sol): 4.0, [Variant id: 708 (SOL) , #gens: 119, #ops: 1, parent:707]
[DEBUG] fr.inria.astor.core.loop.AstorCoreEngine.showResults(AstorCoreEngine.java:144) - f (sol): 6.0, [Variant id: 792 (SOL) , #gens: 118, #ops: 1, parent:791]
[DEBUG] fr.inria.astor.core.loop.AstorCoreEngine.showResults(AstorCoreEngine.java:144) - f (sol): 7.0, [Variant id: 1198 (SOL) , #gens: 118, #ops: 1, parent:1197]
[DEBUG] fr.inria.astor.core.loop.AstorCoreEngine.showResults(AstorCoreEngine.java:144) - f (sol): 1.0, [Variant id: 1226 (SOL) , #gens: 117, #ops: 1, parent:1225]
[DEBUG] fr.inria.astor.core.loop.AstorCoreEngine.showResults(AstorCoreEngine.java:144) - f (sol): 7.0, [Variant id: 1370 (SOL) , #gens: 117, #ops: 1, parent:1369]
[DEBUG] fr.inria.astor.core.loop.AstorCoreEngine.showResults(AstorCoreEngine.java:146) - 
All variants:
[DEBUG] fr.inria.astor.core.loop.AstorCoreEngine.showResults(AstorCoreEngine.java:148) - f 1.0, [Variant id: 1531, #gens: 118, #ops: 0, parent:-]
[INFO ] fr.inria.astor.core.loop.AstorCoreEngine.showResults(AstorCoreEngine.java:152) - 
Solution details
[INFO ] fr.inria.astor.core.loop.AstorCoreEngine.showResults(AstorCoreEngine.java:153) - 
 --SOLUTIONS DESCRIPTION--

 ----
ProgramVariant 34
 
time(sec)= 356
operation: ReplaceOp
location= org.apache.commons.math3.analysis.function.StepFunction
line= 89
lineSuspiciousness= 0.354
original statement= fx = ordinate[((-index) - 2)]
fixed statement= fx = ordinate[0]
generation= 17
ingredientScope= LOCAL
validation=
failing: |true|0|9|[]|
manual_regression: |false|3|4030|[testSomeValues(org.apache.commons.math3.analysis.function.StepFunctionTest): expected:<-1.0> but was:<4.0>-, testEndpointBehavior(org.apache.commons.math3.analysis.function.StepFunctionTest): expected:<2.0> but was:<1.0>-, testHeaviside(org.apache.commons.math3.analysis.function.StepFunctionTest): expected:<1.0> but was:<0.0>-]|
evo_regression: |false|1|11|[test03(org.apache.commons.math3.analysis.function.StepFunction_ESTest): expected:<0.0> but was:<-666.3966378>-]|
 ----
ProgramVariant 70
 
time(sec)= 621
operation: RemoveOp
location= org.apache.commons.math3.analysis.function.StepFunction
line= 87
lineSuspiciousness= 0.354
original statement= if (index < (-1)) {
	fx = ordinate[((-index) - 2)];
} else {
	if (index >= 0) {
		fx = ordinate[index];
	} else {
		fx = ordinate[0];
	}
}
fixed statement= 
generation= 35
ingredientScope= -
validation=
failing: |true|0|9|[]|
manual_regression: |false|3|4030|[testSomeValues(org.apache.commons.math3.analysis.function.StepFunctionTest): expected:<4.0> but was:<0.0>-, testEndpointBehavior(org.apache.commons.math3.analysis.function.StepFunctionTest): expected:<1.0> but was:<0.0>-, testHeaviside(org.apache.commons.math3.analysis.function.StepFunctionTest): expected:<1.0> but was:<0.0>-]|
evo_regression: |false|4|11|[test01(org.apache.commons.math3.analysis.function.StepFunction_ESTest): expected:<-1.0> but was:<0.0>-, test00(org.apache.commons.math3.analysis.function.StepFunction_ESTest): expected:<-1.0> but was:<0.0>-, test04(org.apache.commons.math3.analysis.function.StepFunction_ESTest): expected:<-467.0> but was:<0.0>-, test02(org.apache.commons.math3.analysis.function.StepFunction_ESTest): expected:<101.0> but was:<0.0>-]|
 ----
ProgramVariant 106
 
time(sec)= 1583
operation: RemoveOp
location= org.apache.commons.math3.analysis.FunctionUtils
line= 146
lineSuspiciousness= 0.5
original statement= r += f[i].value(x)
fixed statement= 
generation= 53
ingredientScope= -
validation=
failing: |true|0|9|[]|
manual_regression: |false|1|4030|[testAdd(org.apache.commons.math3.analysis.FunctionUtilsTest): expected:<4.5> but was:<0.5>-]|
evo_regression: |true|0|25|[]|
 ----
ProgramVariant 134
 
time(sec)= 1906
operation: ReplaceOp
location= org.apache.commons.math3.analysis.function.StepFunction
line= 99
lineSuspiciousness= 0.354
original statement= return fx
fixed statement= return org.apache.commons.math3.util.FastMath.ceil(x)
generation= 67
ingredientScope= PACKAGE
validation=
failing: |true|0|9|[]|
manual_regression: |false|3|4030|[testSomeValues(org.apache.commons.math3.analysis.function.StepFunctionTest): expected:<4.0> but was:<-Infinity>-, testEndpointBehavior(org.apache.commons.math3.analysis.function.StepFunctionTest): expected:<1.0> but was:<0.0>-, testHeaviside(org.apache.commons.math3.analysis.function.StepFunctionTest): expected:<0.0> but was:<-Infinity>-]|
evo_regression: |false|3|11|[test01(org.apache.commons.math3.analysis.function.StepFunction_ESTest): expected:<-1.0> but was:<0.0>-, test03(org.apache.commons.math3.analysis.function.StepFunction_ESTest): expected:<0.0> but was:<633.0>-, test02(org.apache.commons.math3.analysis.function.StepFunction_ESTest): expected:<101.0> but was:<0.0>-]|
 ----
ProgramVariant 200
 
time(sec)= 2316
operation: RemoveOp
location= org.apache.commons.math3.analysis.function.StepFunction
line= 87
lineSuspiciousness= 0.354
original statement= if (index < (-1)) {
	fx = ordinate[((-index) - 2)];
} else {
	if (index >= 0) {
		fx = ordinate[index];
	} else {
		fx = ordinate[0];
	}
}
fixed statement= 
generation= 100
ingredientScope= -
validation=
failing: |true|0|9|[]|
manual_regression: |false|3|4030|[testSomeValues(org.apache.commons.math3.analysis.function.StepFunctionTest): expected:<4.0> but was:<0.0>-, testEndpointBehavior(org.apache.commons.math3.analysis.function.StepFunctionTest): expected:<1.0> but was:<0.0>-, testHeaviside(org.apache.commons.math3.analysis.function.StepFunctionTest): expected:<1.0> but was:<0.0>-]|
evo_regression: |false|4|11|[test01(org.apache.commons.math3.analysis.function.StepFunction_ESTest): expected:<-1.0> but was:<0.0>-, test00(org.apache.commons.math3.analysis.function.StepFunction_ESTest): expected:<-1.0> but was:<0.0>-, test04(org.apache.commons.math3.analysis.function.StepFunction_ESTest): expected:<-467.0> but was:<0.0>-, test02(org.apache.commons.math3.analysis.function.StepFunction_ESTest): expected:<101.0> but was:<0.0>-]|
 ----
ProgramVariant 212
 
time(sec)= 2525
operation: InsertAfterOp
location= org.apache.commons.math3.analysis.function.StepFunction
line= 96
lineSuspiciousness= 0.354
original statement= fx = ordinate[0]
fixed statement= return -x
generation= 106
ingredientScope= PACKAGE
validation=
failing: |true|0|9|[]|
manual_regression: |false|3|4030|[testSomeValues(org.apache.commons.math3.analysis.function.StepFunctionTest): expected:<4.0> but was:<Infinity>-, testEndpointBehavior(org.apache.commons.math3.analysis.function.StepFunctionTest): expected:<8.0> but was:<1.0>-, testHeaviside(org.apache.commons.math3.analysis.function.StepFunctionTest): expected:<0.0> but was:<Infinity>-]|
evo_regression: |false|1|11|[test02(org.apache.commons.math3.analysis.function.StepFunction_ESTest): expected:<101.0> but was:<-0.0>-]|
 ----
ProgramVariant 356
 
time(sec)= 3002
operation: RemoveOp
location= org.apache.commons.math3.analysis.FunctionUtils
line= 145
lineSuspiciousness= 0.5
original statement= for (int i = 1 ; i < (f.length) ; i++) {
	r += f[i].value(x);
}
fixed statement= 
generation= 178
ingredientScope= -
validation=
failing: |true|0|9|[]|
manual_regression: |false|1|4030|[testAdd(org.apache.commons.math3.analysis.FunctionUtilsTest): expected:<4.5> but was:<0.5>-]|
evo_regression: |true|0|25|[]|
 ----
ProgramVariant 410
 
time(sec)= 3244
operation: RemoveOp
location= org.apache.commons.math3.analysis.function.StepFunction
line= 87
lineSuspiciousness= 0.354
original statement= if (index < (-1)) {
	fx = ordinate[((-index) - 2)];
} else {
	if (index >= 0) {
		fx = ordinate[index];
	} else {
		fx = ordinate[0];
	}
}
fixed statement= 
generation= 205
ingredientScope= -
validation=
failing: |true|0|9|[]|
manual_regression: |false|3|4030|[testSomeValues(org.apache.commons.math3.analysis.function.StepFunctionTest): expected:<4.0> but was:<0.0>-, testEndpointBehavior(org.apache.commons.math3.analysis.function.StepFunctionTest): expected:<1.0> but was:<0.0>-, testHeaviside(org.apache.commons.math3.analysis.function.StepFunctionTest): expected:<1.0> but was:<0.0>-]|
evo_regression: |false|4|11|[test01(org.apache.commons.math3.analysis.function.StepFunction_ESTest): expected:<-1.0> but was:<0.0>-, test00(org.apache.commons.math3.analysis.function.StepFunction_ESTest): expected:<-1.0> but was:<0.0>-, test04(org.apache.commons.math3.analysis.function.StepFunction_ESTest): expected:<-467.0> but was:<0.0>-, test02(org.apache.commons.math3.analysis.function.StepFunction_ESTest): expected:<101.0> but was:<0.0>-]|
 ----
ProgramVariant 532
 
time(sec)= 3651
operation: InsertAfterOp
location= org.apache.commons.math3.analysis.function.StepFunction
line= 89
lineSuspiciousness= 0.354
original statement= fx = ordinate[((-index) - 2)]
fixed statement= return org.apache.commons.math3.util.FastMath.acosh(x)
generation= 266
ingredientScope= PACKAGE
validation=
failing: |true|0|9|[]|
manual_regression: |false|3|4030|[testSomeValues(org.apache.commons.math3.analysis.function.StepFunctionTest): expected:<-1.0> but was:<NaN>-, testEndpointBehavior(org.apache.commons.math3.analysis.function.StepFunctionTest): expected:<1.0> but was:<NaN>-, testHeaviside(org.apache.commons.math3.analysis.function.StepFunctionTest): expected:<0.0> but was:<NaN>-]|
evo_regression: |false|2|11|[test01(org.apache.commons.math3.analysis.function.StepFunction_ESTest): expected:<-1.0> but was:<NaN>-, test03(org.apache.commons.math3.analysis.function.StepFunction_ESTest): expected:<0.0> but was:<7.143616978778248>-]|
 ----
ProgramVariant 588
 
time(sec)= 3945
operation: RemoveOp
location= org.apache.commons.math3.analysis.FunctionUtils
line= 145
lineSuspiciousness= 0.5
original statement= for (int i = 1 ; i < (f.length) ; i++) {
	r += f[i].value(x);
}
fixed statement= 
generation= 294
ingredientScope= -
validation=
failing: |true|0|9|[]|
manual_regression: |false|1|4030|[testAdd(org.apache.commons.math3.analysis.FunctionUtilsTest): expected:<4.5> but was:<0.5>-]|
evo_regression: |true|0|25|[]|
 ----
ProgramVariant 598
 
time(sec)= 4326
operation: InsertAfterOp
location= org.apache.commons.math3.optimization.univariate.BrentOptimizer
line= 211
lineSuspiciousness= 0.267
original statement= u = x + tol1
fixed statement= if (u < x) {
	a = u;
} else {
	b = u;
}
generation= 299
ingredientScope= LOCAL
validation=
failing: |true|0|9|[]|
manual_regression: |false|1|4030|[testSinMin(org.apache.commons.math3.optimization.univariate.UnivariateMultiStartOptimizerTest): null-]|
evo_regression: |true|0|12|[]|
 ----
ProgramVariant 708
 
time(sec)= 4874
operation: InsertAfterOp
location= org.apache.commons.math3.analysis.function.StepFunction
line= 96
lineSuspiciousness= 0.354
original statement= fx = ordinate[0]
fixed statement= return org.apache.commons.math3.util.FastMath.abs(x)
generation= 354
ingredientScope= PACKAGE
validation=
failing: |true|0|9|[]|
manual_regression: |false|3|4030|[testSomeValues(org.apache.commons.math3.analysis.function.StepFunctionTest): expected:<4.0> but was:<Infinity>-, testEndpointBehavior(org.apache.commons.math3.analysis.function.StepFunctionTest): expected:<8.0> but was:<1.0>-, testHeaviside(org.apache.commons.math3.analysis.function.StepFunctionTest): expected:<0.0> but was:<Infinity>-]|
evo_regression: |false|1|11|[test02(org.apache.commons.math3.analysis.function.StepFunction_ESTest): expected:<101.0> but was:<0.0>-]|
 ----
ProgramVariant 792
 
time(sec)= 5320
operation: ReplaceOp
location= org.apache.commons.math3.analysis.function.StepFunction
line= 99
lineSuspiciousness= 0.354
original statement= return fx
fixed statement= return org.apache.commons.math3.util.FastMath.floor(x)
generation= 396
ingredientScope= PACKAGE
validation=
failing: |true|0|9|[]|
manual_regression: |false|3|4030|[testSomeValues(org.apache.commons.math3.analysis.function.StepFunctionTest): expected:<4.0> but was:<-Infinity>-, testEndpointBehavior(org.apache.commons.math3.analysis.function.StepFunctionTest): expected:<1.0> but was:<0.0>-, testHeaviside(org.apache.commons.math3.analysis.function.StepFunctionTest): expected:<0.0> but was:<-Infinity>-]|
evo_regression: |false|3|11|[test01(org.apache.commons.math3.analysis.function.StepFunction_ESTest): expected:<-1.0> but was:<0.0>-, test03(org.apache.commons.math3.analysis.function.StepFunction_ESTest): expected:<0.0> but was:<633.0>-, test02(org.apache.commons.math3.analysis.function.StepFunction_ESTest): expected:<101.0> but was:<0.0>-]|
 ----
ProgramVariant 1198
 
time(sec)= 6070
operation: ReplaceOp
location= org.apache.commons.math3.analysis.function.StepFunction
line= 99
lineSuspiciousness= 0.354
original statement= return fx
fixed statement= return org.apache.commons.math3.util.FastMath.ulp(x)
generation= 599
ingredientScope= PACKAGE
validation=
failing: |true|0|9|[]|
manual_regression: |false|3|4030|[testSomeValues(org.apache.commons.math3.analysis.function.StepFunctionTest): expected:<4.0> but was:<Infinity>-, testEndpointBehavior(org.apache.commons.math3.analysis.function.StepFunctionTest): expected:<1.0> but was:<4.9E-324>-, testHeaviside(org.apache.commons.math3.analysis.function.StepFunctionTest): expected:<0.0> but was:<Infinity>-]|
evo_regression: |false|4|11|[test01(org.apache.commons.math3.analysis.function.StepFunction_ESTest): expected:<-1.0> but was:<4.9E-324>-, test00(org.apache.commons.math3.analysis.function.StepFunction_ESTest): expected:<-1.0> but was:<2.220446049250313E-16>-, test04(org.apache.commons.math3.analysis.function.StepFunction_ESTest): expected:<-467.0> but was:<5.6843418860808015E-14>-, test02(org.apache.commons.math3.analysis.function.StepFunction_ESTest): expected:<101.0> but was:<4.9E-324>-]|
 ----
ProgramVariant 1226
 
time(sec)= 6268
operation: RemoveOp
location= org.apache.commons.math3.analysis.FunctionUtils
line= 146
lineSuspiciousness= 0.5
original statement= r += f[i].value(x)
fixed statement= 
generation= 613
ingredientScope= -
validation=
failing: |true|0|9|[]|
manual_regression: |false|1|4030|[testAdd(org.apache.commons.math3.analysis.FunctionUtilsTest): expected:<4.5> but was:<0.5>-]|
evo_regression: |true|0|25|[]|
 ----
ProgramVariant 1370
 
time(sec)= 6937
operation: RemoveOp
location= org.apache.commons.math3.analysis.function.StepFunction
line= 87
lineSuspiciousness= 0.354
original statement= if (index < (-1)) {
	fx = ordinate[((-index) - 2)];
} else {
	if (index >= 0) {
		fx = ordinate[index];
	} else {
		fx = ordinate[0];
	}
}
fixed statement= 
generation= 685
ingredientScope= -
validation=
failing: |true|0|9|[]|
manual_regression: |false|3|4030|[testSomeValues(org.apache.commons.math3.analysis.function.StepFunctionTest): expected:<4.0> but was:<0.0>-, testEndpointBehavior(org.apache.commons.math3.analysis.function.StepFunctionTest): expected:<1.0> but was:<0.0>-, testHeaviside(org.apache.commons.math3.analysis.function.StepFunctionTest): expected:<1.0> but was:<0.0>-]|
evo_regression: |false|4|11|[test01(org.apache.commons.math3.analysis.function.StepFunction_ESTest): expected:<-1.0> but was:<0.0>-, test00(org.apache.commons.math3.analysis.function.StepFunction_ESTest): expected:<-1.0> but was:<0.0>-, test04(org.apache.commons.math3.analysis.function.StepFunction_ESTest): expected:<-467.0> but was:<0.0>-, test02(org.apache.commons.math3.analysis.function.StepFunction_ESTest): expected:<101.0> but was:<0.0>-]|
[INFO ] fr.inria.main.evolution.AstorMain.run(AstorMain.java:397) - Time Total(s): 7834.767


Node: graphene-74.nancy.grid5000.fr


Date: Sun Jan 15 22:40:39 CET 2017

removed classes 

zipped 

copied zip 


