seed AstorRun 1 
export PATH="/home/mmartinez/defects4j/framework/bin:$PATH";export JAVA_TOOL_OPTIONS=-Dfile.encoding=UTF8;export PATH="/usr/lib/jvm/java-1.7.0-openjdk-amd64/bin/:$PATH";cd /home/mmartinez/projects/time/time_11;defects4j compile;cp -r /home/mmartinez/projects/time/time_11 /tmp/time_11_Genprog_local_s1;cd /tmp/time_11_Genprog_local_s1;mkdir lib/;cp -r /home/mmartinez/defects4j/framework/projects/lib/* lib/;cp -r /home/mmartinez/defects4j/framework/projects/Time/lib/* lib/;find . -type f -name "package-info.java" -delete;
/home/mmartinez/defects4j-repair/src/python/core/../../../results/2016-june/Time/seed/1/package/11/Genprog/result
cd /tmp/time_11_Genprog_local_s1;export JAVA_TOOL_OPTIONS=-Dfile.encoding=UTF8;TZ="America/New_York"; export TZexport PATH="/usr/lib/jvm/java-1.7.0-openjdk-amd64/bin/:$PATH";time /home/mmartinez/jdk1.8.0_45/bin//java -Xmx4096m -cp /home/mmartinez/defects4j-repair/src/python/core/../../..//libs/astor.jar fr.inria.main.evolution.MainjGenProg -mode statement -location . -id Time -dependencies lib/ -failing org.joda.time.tz.TestCompiler: -package org.joda -jvm4testexecution /usr/lib/jvm/java-1.7.0-openjdk-amd64/bin/ -jvm4evosuitetestexecution /home/mmartinez/jdk1.8.0_45/bin/ -javacompliancelevel 5 -maxgen 1000000 -seed 1 -scope package -maxtime 120  -stopfirst false -population 1 -srcjavafolder src/main/java/ -srctestfolder src/test/java/ -binjavafolder target/classes/ -bintestfolder target/test-classes/ -flthreshold 0.1  -validation  fr.inria.astor.core.validation.validators.RegressionValidation  -ESParameters -Dassertion_timeout=1800:-Dminimization_timeout=1800:-Djunit_check_timeout=1800:-Dwrite_junit_timeout=300:-Dinitialization_timeout=300:-Dglobal_timeout=18000:-Dsearch_budget=100000:-Dstopping_condition=MaxStatements:-Dno_runtime_dependency=true:-Dsandbox=false:-Dp_reflection_on_private=0.0:-Dreflection_start_percent=1.0:-Dp_functional_mocking=0.0:-Dfunctional_mocking_percent=1.0:-mem=2000 -ignoredtestcases org.apache.commons.lang.LocaleUtilsTest  -excludeRegression  -maxgen 100000000 ;echo "

Node: `hostname`
";echo "
Date: `date`
"; find /tmp/time_11_Genprog_local_s1/outputMutation -name "*.class" -type f -delete;echo "removed classes 
"; find . -name bin  -type d -print0|xargs -0 rm -r --; zip -r -q out.zip /tmp/time_11_Genprog_local_s1/outputMutation; echo "zipped 
";cp out.zip /home/mmartinez/defects4j-repair/src/python/core/../../../results/2016-june/Time/seed/1/package/11/Genprog; echo "copied zip 
";rm -rf /tmp/time_11_Genprog_local_s1;

[DEBUG] fr.inria.astor.core.loop.AstorCoreEngine.showResults(AstorCoreEngine.java:136) - End Repair Loops: Found solution
[DEBUG] fr.inria.astor.core.loop.AstorCoreEngine.showResults(AstorCoreEngine.java:137) - Solution stored at: /tmp/time_11_Genprog_local_s1/./outputMutation/AstorMain-Time//src/
[DEBUG] fr.inria.astor.core.loop.AstorCoreEngine.showResults(AstorCoreEngine.java:142) - 
Number solutions:26
[DEBUG] fr.inria.astor.core.loop.AstorCoreEngine.showResults(AstorCoreEngine.java:144) - f (sol): 0.0, [Variant id: 70 (SOL) , #gens: 207, #ops: 1, parent:69]
[DEBUG] fr.inria.astor.core.loop.AstorCoreEngine.showResults(AstorCoreEngine.java:144) - f (sol): 0.0, [Variant id: 106 (SOL) , #gens: 208, #ops: 1, parent:105]
[DEBUG] fr.inria.astor.core.loop.AstorCoreEngine.showResults(AstorCoreEngine.java:144) - f (sol): 0.0, [Variant id: 282 (SOL) , #gens: 207, #ops: 1, parent:281]
[DEBUG] fr.inria.astor.core.loop.AstorCoreEngine.showResults(AstorCoreEngine.java:144) - f (sol): 0.0, [Variant id: 288 (SOL) , #gens: 208, #ops: 1, parent:287]
[DEBUG] fr.inria.astor.core.loop.AstorCoreEngine.showResults(AstorCoreEngine.java:144) - f (sol): 0.0, [Variant id: 492 (SOL) , #gens: 209, #ops: 1, parent:491]
[DEBUG] fr.inria.astor.core.loop.AstorCoreEngine.showResults(AstorCoreEngine.java:144) - f (sol): 0.0, [Variant id: 600 (SOL) , #gens: 207, #ops: 1, parent:599]
[DEBUG] fr.inria.astor.core.loop.AstorCoreEngine.showResults(AstorCoreEngine.java:144) - f (sol): 0.0, [Variant id: 610 (SOL) , #gens: 207, #ops: 1, parent:609]
[DEBUG] fr.inria.astor.core.loop.AstorCoreEngine.showResults(AstorCoreEngine.java:144) - f (sol): 0.0, [Variant id: 648 (SOL) , #gens: 207, #ops: 1, parent:647]
[DEBUG] fr.inria.astor.core.loop.AstorCoreEngine.showResults(AstorCoreEngine.java:144) - f (sol): 0.0, [Variant id: 710 (SOL) , #gens: 209, #ops: 1, parent:709]
[DEBUG] fr.inria.astor.core.loop.AstorCoreEngine.showResults(AstorCoreEngine.java:144) - f (sol): 0.0, [Variant id: 744 (SOL) , #gens: 207, #ops: 1, parent:743]
[DEBUG] fr.inria.astor.core.loop.AstorCoreEngine.showResults(AstorCoreEngine.java:144) - f (sol): 0.0, [Variant id: 780 (SOL) , #gens: 208, #ops: 1, parent:779]
[DEBUG] fr.inria.astor.core.loop.AstorCoreEngine.showResults(AstorCoreEngine.java:144) - f (sol): 0.0, [Variant id: 824 (SOL) , #gens: 207, #ops: 1, parent:823]
[DEBUG] fr.inria.astor.core.loop.AstorCoreEngine.showResults(AstorCoreEngine.java:144) - f (sol): 0.0, [Variant id: 972 (SOL) , #gens: 207, #ops: 1, parent:971]
[DEBUG] fr.inria.astor.core.loop.AstorCoreEngine.showResults(AstorCoreEngine.java:144) - f (sol): 0.0, [Variant id: 974 (SOL) , #gens: 207, #ops: 1, parent:973]
[DEBUG] fr.inria.astor.core.loop.AstorCoreEngine.showResults(AstorCoreEngine.java:144) - f (sol): 0.0, [Variant id: 1014 (SOL) , #gens: 207, #ops: 1, parent:1013]
[DEBUG] fr.inria.astor.core.loop.AstorCoreEngine.showResults(AstorCoreEngine.java:144) - f (sol): 0.0, [Variant id: 1040 (SOL) , #gens: 208, #ops: 1, parent:1039]
[DEBUG] fr.inria.astor.core.loop.AstorCoreEngine.showResults(AstorCoreEngine.java:144) - f (sol): 0.0, [Variant id: 1088 (SOL) , #gens: 207, #ops: 1, parent:1087]
[DEBUG] fr.inria.astor.core.loop.AstorCoreEngine.showResults(AstorCoreEngine.java:144) - f (sol): 0.0, [Variant id: 1116 (SOL) , #gens: 207, #ops: 1, parent:1115]
[DEBUG] fr.inria.astor.core.loop.AstorCoreEngine.showResults(AstorCoreEngine.java:144) - f (sol): 0.0, [Variant id: 1170 (SOL) , #gens: 207, #ops: 1, parent:1169]
[DEBUG] fr.inria.astor.core.loop.AstorCoreEngine.showResults(AstorCoreEngine.java:144) - f (sol): 0.0, [Variant id: 1322 (SOL) , #gens: 209, #ops: 1, parent:1321]
[DEBUG] fr.inria.astor.core.loop.AstorCoreEngine.showResults(AstorCoreEngine.java:144) - f (sol): 0.0, [Variant id: 1384 (SOL) , #gens: 208, #ops: 1, parent:1383]
[DEBUG] fr.inria.astor.core.loop.AstorCoreEngine.showResults(AstorCoreEngine.java:144) - f (sol): 0.0, [Variant id: 1454 (SOL) , #gens: 207, #ops: 1, parent:1453]
[DEBUG] fr.inria.astor.core.loop.AstorCoreEngine.showResults(AstorCoreEngine.java:144) - f (sol): 0.0, [Variant id: 1494 (SOL) , #gens: 208, #ops: 1, parent:1493]
[DEBUG] fr.inria.astor.core.loop.AstorCoreEngine.showResults(AstorCoreEngine.java:144) - f (sol): 0.0, [Variant id: 1496 (SOL) , #gens: 208, #ops: 1, parent:1495]
[DEBUG] fr.inria.astor.core.loop.AstorCoreEngine.showResults(AstorCoreEngine.java:144) - f (sol): 0.0, [Variant id: 1540 (SOL) , #gens: 207, #ops: 1, parent:1539]
[DEBUG] fr.inria.astor.core.loop.AstorCoreEngine.showResults(AstorCoreEngine.java:144) - f (sol): 0.0, [Variant id: 1550 (SOL) , #gens: 208, #ops: 1, parent:1549]
[DEBUG] fr.inria.astor.core.loop.AstorCoreEngine.showResults(AstorCoreEngine.java:146) - 
All variants:
[DEBUG] fr.inria.astor.core.loop.AstorCoreEngine.showResults(AstorCoreEngine.java:148) - f 1.0, [Variant id: 1551, #gens: 208, #ops: 0, parent:-]
[INFO ] fr.inria.astor.core.loop.AstorCoreEngine.showResults(AstorCoreEngine.java:152) - 
Solution details
[INFO ] fr.inria.astor.core.loop.AstorCoreEngine.showResults(AstorCoreEngine.java:153) - 
 --SOLUTIONS DESCRIPTION--

 ----
ProgramVariant 70
 
time(sec)= 620
operation: RemoveOp
location= org.joda.time.tz.DateTimeZoneBuilder
line= 1460
lineSuspiciousness= 0.866
original statement= if (org.joda.time.tz.ZoneInfoCompiler.verbose()) {
	java.lang.System.out.println(("Fixing duplicate recurrent name key - " + (tailZone.iStartRecurrence.getNameKey())));
} 
fixed statement= 
generation= 35
ingredientScope= -
validation=
failing: |true|0|8|[]|
manual_regression: |true|0|11852|[warning(junit.framework.TestSuite$1): Class org.joda.time.chrono.gj.MainTest has no public constructor TestCase(String name) or TestCase()-]|
evo_regression: |true|0|45|[]|
 ----
ProgramVariant 106
 
time(sec)= 781
operation: ReplaceOp
location= org.joda.time.tz.DateTimeZoneBuilder
line= 1460
lineSuspiciousness= 0.866
original statement= if (org.joda.time.tz.ZoneInfoCompiler.verbose()) {
	java.lang.System.out.println(("Fixing duplicate recurrent name key - " + (tailZone.iStartRecurrence.getNameKey())));
} 
fixed statement= if (id == null) {
	return null;
} 
generation= 53
ingredientScope= PACKAGE
validation=
failing: |true|0|8|[]|
manual_regression: |true|0|11852|[warning(junit.framework.TestSuite$1): Class org.joda.time.chrono.gj.MainTest has no public constructor TestCase(String name) or TestCase()-]|
evo_regression: |true|0|45|[]|
 ----
ProgramVariant 282
 
time(sec)= 1253
operation: RemoveOp
location= org.joda.time.tz.DateTimeZoneBuilder
line= 1154
lineSuspiciousness= 0.354
original statement= return new org.joda.time.tz.DateTimeZoneBuilder.DSTZone(id , iStandardOffset , startRule.iRecurrence , endRule.iRecurrence)
fixed statement= 
generation= 141
ingredientScope= -
validation=
failing: |true|0|8|[]|
manual_regression: |true|0|11852|[warning(junit.framework.TestSuite$1): Class org.joda.time.chrono.gj.MainTest has no public constructor TestCase(String name) or TestCase()-]|
evo_regression: |true|0|45|[]|
 ----
ProgramVariant 288
 
time(sec)= 1345
operation: ReplaceOp
location= org.joda.time.tz.DateTimeZoneBuilder
line= 371
lineSuspiciousness= 0.327
original statement= if ((tailZone == null) && (i == (ruleSetCount - 1))) {
	tailZone = rs.buildTailZone(id);
} 
fixed statement= if ("UTC".equalsIgnoreCase(id)) {
	return org.joda.time.DateTimeZone.UTC;
} 
generation= 144
ingredientScope= PACKAGE
validation=
failing: |true|0|8|[]|
manual_regression: |true|0|11852|[warning(junit.framework.TestSuite$1): Class org.joda.time.chrono.gj.MainTest has no public constructor TestCase(String name) or TestCase()-]|
evo_regression: |true|0|45|[]|
 ----
ProgramVariant 492
 
time(sec)= 2017
operation: InsertBeforeOp
location= org.joda.time.tz.DateTimeZoneBuilder
line= 1154
lineSuspiciousness= 0.354
original statement= return new org.joda.time.tz.DateTimeZoneBuilder.DSTZone(id , iStandardOffset , startRule.iRecurrence , endRule.iRecurrence)
fixed statement= org.joda.time.tz.ZoneInfoCompiler.cVerbose.set(java.lang.Boolean.FALSE)
generation= 246
ingredientScope= PACKAGE
validation=
failing: |true|0|8|[]|
manual_regression: |true|0|11852|[warning(junit.framework.TestSuite$1): Class org.joda.time.chrono.gj.MainTest has no public constructor TestCase(String name) or TestCase()-]|
evo_regression: |true|0|45|[]|
 ----
ProgramVariant 600
 
time(sec)= 2326
operation: RemoveOp
location= org.joda.time.tz.DateTimeZoneBuilder
line= 1460
lineSuspiciousness= 0.866
original statement= if (org.joda.time.tz.ZoneInfoCompiler.verbose()) {
	java.lang.System.out.println(("Fixing duplicate recurrent name key - " + (tailZone.iStartRecurrence.getNameKey())));
} 
fixed statement= 
generation= 300
ingredientScope= -
validation=
failing: |true|0|8|[]|
manual_regression: |true|0|11852|[warning(junit.framework.TestSuite$1): Class org.joda.time.chrono.gj.MainTest has no public constructor TestCase(String name) or TestCase()-]|
evo_regression: |true|0|45|[]|
 ----
ProgramVariant 610
 
time(sec)= 2424
operation: RemoveOp
location= org.joda.time.tz.DateTimeZoneBuilder
line= 371
lineSuspiciousness= 0.327
original statement= if ((tailZone == null) && (i == (ruleSetCount - 1))) {
	tailZone = rs.buildTailZone(id);
} 
fixed statement= 
generation= 305
ingredientScope= -
validation=
failing: |true|0|8|[]|
manual_regression: |true|0|11852|[warning(junit.framework.TestSuite$1): Class org.joda.time.chrono.gj.MainTest has no public constructor TestCase(String name) or TestCase()-]|
evo_regression: |true|0|45|[]|
 ----
ProgramVariant 648
 
time(sec)= 2573
operation: RemoveOp
location= org.joda.time.tz.DateTimeZoneBuilder
line= 1154
lineSuspiciousness= 0.354
original statement= return new org.joda.time.tz.DateTimeZoneBuilder.DSTZone(id , iStandardOffset , startRule.iRecurrence , endRule.iRecurrence)
fixed statement= 
generation= 324
ingredientScope= -
validation=
failing: |true|0|8|[]|
manual_regression: |true|0|11852|[warning(junit.framework.TestSuite$1): Class org.joda.time.chrono.gj.MainTest has no public constructor TestCase(String name) or TestCase()-]|
evo_regression: |true|0|45|[]|
 ----
ProgramVariant 710
 
time(sec)= 2797
operation: InsertBeforeOp
location= org.joda.time.tz.DateTimeZoneBuilder
line= 424
lineSuspiciousness= 0.327
original statement= long newLocal = (tr.getMillis()) + offsetForNew
fixed statement= org.joda.time.tz.ZoneInfoCompiler.cVerbose.set(java.lang.Boolean.FALSE)
generation= 355
ingredientScope= PACKAGE
validation=
failing: |true|0|8|[]|
manual_regression: |true|0|11852|[warning(junit.framework.TestSuite$1): Class org.joda.time.chrono.gj.MainTest has no public constructor TestCase(String name) or TestCase()-]|
evo_regression: |true|0|45|[]|
 ----
ProgramVariant 744
 
time(sec)= 3075
operation: RemoveOp
location= org.joda.time.tz.DateTimeZoneBuilder
line= 1460
lineSuspiciousness= 0.866
original statement= if (org.joda.time.tz.ZoneInfoCompiler.verbose()) {
	java.lang.System.out.println(("Fixing duplicate recurrent name key - " + (tailZone.iStartRecurrence.getNameKey())));
} 
fixed statement= 
generation= 372
ingredientScope= -
validation=
failing: |true|0|8|[]|
manual_regression: |true|0|11852|[warning(junit.framework.TestSuite$1): Class org.joda.time.chrono.gj.MainTest has no public constructor TestCase(String name) or TestCase()-]|
evo_regression: |true|0|45|[]|
 ----
ProgramVariant 780
 
time(sec)= 3227
operation: ReplaceOp
location= org.joda.time.tz.DateTimeZoneBuilder
line= 1457
lineSuspiciousness= 0.327
original statement= if (tailZone != null) {
	if (tailZone.iStartRecurrence.getNameKey().equals(tailZone.iEndRecurrence.getNameKey())) {
		if (org.joda.time.tz.ZoneInfoCompiler.verbose()) {
			java.lang.System.out.println(("Fixing duplicate recurrent name key - " + (tailZone.iStartRecurrence.getNameKey())));
		} 
		if ((tailZone.iStartRecurrence.getSaveMillis()) > 0) {
			tailZone = new org.joda.time.tz.DateTimeZoneBuilder.DSTZone(tailZone.getID() , tailZone.iStandardOffset , tailZone.iStartRecurrence.renameAppend("-Summer") , tailZone.iEndRecurrence);
		} else {
			tailZone = new org.joda.time.tz.DateTimeZoneBuilder.DSTZone(tailZone.getID() , tailZone.iStandardOffset , tailZone.iStartRecurrence , tailZone.iEndRecurrence.renameAppend("-Summer"));
		}
	} 
} 
fixed statement= if ((org.joda.time.tz.ZoneInfoCompiler.cLenientISO) == null) {
	org.joda.time.tz.ZoneInfoCompiler.cLenientISO = org.joda.time.chrono.LenientChronology.getInstance(org.joda.time.chrono.ISOChronology.getInstanceUTC());
} 
generation= 390
ingredientScope= PACKAGE
validation=
failing: |true|0|8|[]|
manual_regression: |true|0|11852|[warning(junit.framework.TestSuite$1): Class org.joda.time.chrono.gj.MainTest has no public constructor TestCase(String name) or TestCase()-]|
evo_regression: |true|0|45|[]|
 ----
ProgramVariant 824
 
time(sec)= 3386
operation: RemoveOp
location= org.joda.time.tz.DateTimeZoneBuilder
line= 372
lineSuspiciousness= 0.327
original statement= tailZone = rs.buildTailZone(id)
fixed statement= 
generation= 412
ingredientScope= -
validation=
failing: |true|0|8|[]|
manual_regression: |true|0|11852|[warning(junit.framework.TestSuite$1): Class org.joda.time.chrono.gj.MainTest has no public constructor TestCase(String name) or TestCase()-]|
evo_regression: |true|0|45|[]|
 ----
ProgramVariant 972
 
time(sec)= 4079
operation: RemoveOp
location= org.joda.time.tz.DateTimeZoneBuilder
line= 1154
lineSuspiciousness= 0.354
original statement= return new org.joda.time.tz.DateTimeZoneBuilder.DSTZone(id , iStandardOffset , startRule.iRecurrence , endRule.iRecurrence)
fixed statement= 
generation= 486
ingredientScope= -
validation=
failing: |true|0|8|[]|
manual_regression: |true|0|11852|[warning(junit.framework.TestSuite$1): Class org.joda.time.chrono.gj.MainTest has no public constructor TestCase(String name) or TestCase()-]|
evo_regression: |true|0|45|[]|
 ----
ProgramVariant 974
 
time(sec)= 4160
operation: RemoveOp
location= org.joda.time.tz.DateTimeZoneBuilder
line= 1154
lineSuspiciousness= 0.354
original statement= return new org.joda.time.tz.DateTimeZoneBuilder.DSTZone(id , iStandardOffset , startRule.iRecurrence , endRule.iRecurrence)
fixed statement= 
generation= 487
ingredientScope= -
validation=
failing: |true|0|8|[]|
manual_regression: |true|0|11852|[warning(junit.framework.TestSuite$1): Class org.joda.time.chrono.gj.MainTest has no public constructor TestCase(String name) or TestCase()-]|
evo_regression: |true|0|45|[]|
 ----
ProgramVariant 1014
 
time(sec)= 4471
operation: RemoveOp
location= org.joda.time.tz.DateTimeZoneBuilder
line= 372
lineSuspiciousness= 0.327
original statement= tailZone = rs.buildTailZone(id)
fixed statement= 
generation= 507
ingredientScope= -
validation=
failing: |true|0|8|[]|
manual_regression: |true|0|11852|[warning(junit.framework.TestSuite$1): Class org.joda.time.chrono.gj.MainTest has no public constructor TestCase(String name) or TestCase()-]|
evo_regression: |true|0|45|[]|
 ----
ProgramVariant 1040
 
time(sec)= 4646
operation: ReplaceOp
location= org.joda.time.tz.DateTimeZoneBuilder
line= 1144
lineSuspiciousness= 0.327
original statement= if (((startRule.getToYear()) == (java.lang.Integer.MAX_VALUE)) && ((endRule.getToYear()) == (java.lang.Integer.MAX_VALUE))) {
	return new org.joda.time.tz.DateTimeZoneBuilder.DSTZone(id , iStandardOffset , startRule.iRecurrence , endRule.iRecurrence);
} 
fixed statement= if (id == null) {
	throw new java.lang.IllegalArgumentException();
} 
generation= 520
ingredientScope= LOCAL
validation=
failing: |true|0|8|[]|
manual_regression: |true|0|11852|[warning(junit.framework.TestSuite$1): Class org.joda.time.chrono.gj.MainTest has no public constructor TestCase(String name) or TestCase()-]|
evo_regression: |true|0|45|[]|
 ----
ProgramVariant 1088
 
time(sec)= 4958
operation: RemoveOp
location= org.joda.time.tz.DateTimeZoneBuilder
line= 371
lineSuspiciousness= 0.327
original statement= if ((tailZone == null) && (i == (ruleSetCount - 1))) {
	tailZone = rs.buildTailZone(id);
} 
fixed statement= 
generation= 544
ingredientScope= -
validation=
failing: |true|0|8|[]|
manual_regression: |true|0|11852|[warning(junit.framework.TestSuite$1): Class org.joda.time.chrono.gj.MainTest has no public constructor TestCase(String name) or TestCase()-]|
evo_regression: |true|0|45|[]|
 ----
ProgramVariant 1116
 
time(sec)= 5099
operation: RemoveOp
location= org.joda.time.tz.DateTimeZoneBuilder
line= 1144
lineSuspiciousness= 0.327
original statement= if (((startRule.getToYear()) == (java.lang.Integer.MAX_VALUE)) && ((endRule.getToYear()) == (java.lang.Integer.MAX_VALUE))) {
	return new org.joda.time.tz.DateTimeZoneBuilder.DSTZone(id , iStandardOffset , startRule.iRecurrence , endRule.iRecurrence);
} 
fixed statement= 
generation= 558
ingredientScope= -
validation=
failing: |true|0|8|[]|
manual_regression: |true|0|11852|[warning(junit.framework.TestSuite$1): Class org.joda.time.chrono.gj.MainTest has no public constructor TestCase(String name) or TestCase()-]|
evo_regression: |true|0|45|[]|
 ----
ProgramVariant 1170
 
time(sec)= 5423
operation: RemoveOp
location= org.joda.time.tz.DateTimeZoneBuilder
line= 1154
lineSuspiciousness= 0.354
original statement= return new org.joda.time.tz.DateTimeZoneBuilder.DSTZone(id , iStandardOffset , startRule.iRecurrence , endRule.iRecurrence)
fixed statement= 
generation= 585
ingredientScope= -
validation=
failing: |true|0|8|[]|
manual_regression: |true|0|11852|[warning(junit.framework.TestSuite$1): Class org.joda.time.chrono.gj.MainTest has no public constructor TestCase(String name) or TestCase()-]|
evo_regression: |true|0|45|[]|
 ----
ProgramVariant 1322
 
time(sec)= 6015
operation: InsertAfterOp
location= org.joda.time.tz.DateTimeZoneBuilder
line= 1394
lineSuspiciousness= 0.327
original statement= long[] trans = new long[size]
fixed statement= org.joda.time.tz.ZoneInfoCompiler.cVerbose.set(java.lang.Boolean.FALSE)
generation= 661
ingredientScope= PACKAGE
validation=
failing: |true|0|8|[]|
manual_regression: |true|0|11852|[warning(junit.framework.TestSuite$1): Class org.joda.time.chrono.gj.MainTest has no public constructor TestCase(String name) or TestCase()-]|
evo_regression: |true|0|45|[]|
 ----
ProgramVariant 1384
 
time(sec)= 6252
operation: ReplaceOp
location= org.joda.time.tz.DateTimeZoneBuilder
line= 371
lineSuspiciousness= 0.327
original statement= if ((tailZone == null) && (i == (ruleSetCount - 1))) {
	tailZone = rs.buildTailZone(id);
} 
fixed statement= if ((org.joda.time.tz.ZoneInfoCompiler.cLenientISO) == null) {
	org.joda.time.tz.ZoneInfoCompiler.cLenientISO = org.joda.time.chrono.LenientChronology.getInstance(org.joda.time.chrono.ISOChronology.getInstanceUTC());
} 
generation= 692
ingredientScope= PACKAGE
validation=
failing: |true|0|8|[]|
manual_regression: |true|0|11852|[warning(junit.framework.TestSuite$1): Class org.joda.time.chrono.gj.MainTest has no public constructor TestCase(String name) or TestCase()-]|
evo_regression: |true|0|45|[]|
 ----
ProgramVariant 1454
 
time(sec)= 6623
operation: RemoveOp
location= org.joda.time.tz.DateTimeZoneBuilder
line= 1457
lineSuspiciousness= 0.327
original statement= if (tailZone != null) {
	if (tailZone.iStartRecurrence.getNameKey().equals(tailZone.iEndRecurrence.getNameKey())) {
		if (org.joda.time.tz.ZoneInfoCompiler.verbose()) {
			java.lang.System.out.println(("Fixing duplicate recurrent name key - " + (tailZone.iStartRecurrence.getNameKey())));
		} 
		if ((tailZone.iStartRecurrence.getSaveMillis()) > 0) {
			tailZone = new org.joda.time.tz.DateTimeZoneBuilder.DSTZone(tailZone.getID() , tailZone.iStandardOffset , tailZone.iStartRecurrence.renameAppend("-Summer") , tailZone.iEndRecurrence);
		} else {
			tailZone = new org.joda.time.tz.DateTimeZoneBuilder.DSTZone(tailZone.getID() , tailZone.iStandardOffset , tailZone.iStartRecurrence , tailZone.iEndRecurrence.renameAppend("-Summer"));
		}
	} 
} 
fixed statement= 
generation= 727
ingredientScope= -
validation=
failing: |true|0|8|[]|
manual_regression: |true|0|11852|[warning(junit.framework.TestSuite$1): Class org.joda.time.chrono.gj.MainTest has no public constructor TestCase(String name) or TestCase()-]|
evo_regression: |true|0|45|[]|
 ----
ProgramVariant 1494
 
time(sec)= 6781
operation: ReplaceOp
location= org.joda.time.tz.DateTimeZoneBuilder
line= 1141
lineSuspiciousness= 0.327
original statement= if ((iRules.size()) == 2) {
	org.joda.time.tz.DateTimeZoneBuilder.Rule startRule = iRules.get(0);
	org.joda.time.tz.DateTimeZoneBuilder.Rule endRule = iRules.get(1);
	if (((startRule.getToYear()) == (java.lang.Integer.MAX_VALUE)) && ((endRule.getToYear()) == (java.lang.Integer.MAX_VALUE))) {
		return new org.joda.time.tz.DateTimeZoneBuilder.DSTZone(id , iStandardOffset , startRule.iRecurrence , endRule.iRecurrence);
	} 
} 
fixed statement= if (id == null) {
	return null;
} 
generation= 747
ingredientScope= PACKAGE
validation=
failing: |true|0|8|[]|
manual_regression: |true|0|11852|[warning(junit.framework.TestSuite$1): Class org.joda.time.chrono.gj.MainTest has no public constructor TestCase(String name) or TestCase()-]|
evo_regression: |true|0|45|[]|
 ----
ProgramVariant 1496
 
time(sec)= 6883
operation: ReplaceOp
location= org.joda.time.tz.DateTimeZoneBuilder
line= 1141
lineSuspiciousness= 0.327
original statement= if ((iRules.size()) == 2) {
	org.joda.time.tz.DateTimeZoneBuilder.Rule startRule = iRules.get(0);
	org.joda.time.tz.DateTimeZoneBuilder.Rule endRule = iRules.get(1);
	if (((startRule.getToYear()) == (java.lang.Integer.MAX_VALUE)) && ((endRule.getToYear()) == (java.lang.Integer.MAX_VALUE))) {
		return new org.joda.time.tz.DateTimeZoneBuilder.DSTZone(id , iStandardOffset , startRule.iRecurrence , endRule.iRecurrence);
	} 
} 
fixed statement= if ((org.joda.time.tz.ZoneInfoCompiler.cStartOfYear) == null) {
	org.joda.time.tz.ZoneInfoCompiler.cStartOfYear = new org.joda.time.tz.ZoneInfoCompiler.DateTimeOfYear();
} 
generation= 748
ingredientScope= PACKAGE
validation=
failing: |true|0|8|[]|
manual_regression: |true|0|11852|[warning(junit.framework.TestSuite$1): Class org.joda.time.chrono.gj.MainTest has no public constructor TestCase(String name) or TestCase()-]|
evo_regression: |true|0|45|[]|
 ----
ProgramVariant 1540
 
time(sec)= 7053
operation: RemoveOp
location= org.joda.time.tz.DateTimeZoneBuilder
line= 371
lineSuspiciousness= 0.327
original statement= if ((tailZone == null) && (i == (ruleSetCount - 1))) {
	tailZone = rs.buildTailZone(id);
} 
fixed statement= 
generation= 770
ingredientScope= -
validation=
failing: |true|0|8|[]|
manual_regression: |true|0|11852|[warning(junit.framework.TestSuite$1): Class org.joda.time.chrono.gj.MainTest has no public constructor TestCase(String name) or TestCase()-]|
evo_regression: |true|0|45|[]|
 ----
ProgramVariant 1550
 
time(sec)= 7279
operation: ReplaceOp
location= org.joda.time.tz.DateTimeZoneBuilder
line= 371
lineSuspiciousness= 0.327
original statement= if ((tailZone == null) && (i == (ruleSetCount - 1))) {
	tailZone = rs.buildTailZone(id);
} 
fixed statement= if (tailZone != null) {
	break;
} 
generation= 775
ingredientScope= LOCAL
validation=
failing: |true|0|8|[]|
manual_regression: |true|0|11852|[warning(junit.framework.TestSuite$1): Class org.joda.time.chrono.gj.MainTest has no public constructor TestCase(String name) or TestCase()-]|
evo_regression: |true|0|45|[]|
[INFO ] fr.inria.main.evolution.AstorMain.run(AstorMain.java:397) - Time Total(s): 7534.583


Node: griffon-10.nancy.grid5000.fr


Date: Tue Jan 17 01:55:57 CET 2017

removed classes 

zipped 

copied zip 


