seed AstorRun 2 
export PATH="/home/mmartinez/defects4j/framework/bin:$PATH";export JAVA_TOOL_OPTIONS=-Dfile.encoding=UTF8;export PATH="/usr/lib/jvm/java-1.7.0-openjdk-amd64/bin/:$PATH";cd /home/mmartinez/projects/chart/chart_25;defects4j compile;cp -r /home/mmartinez/projects/chart/chart_25 /tmp/chart_25_Genprog_local_s1;cd /tmp/chart_25_Genprog_local_s1;mkdir lib/;cp -r /home/mmartinez/defects4j/framework/projects/lib/* lib/;cp -r /home/mmartinez/defects4j/framework/projects/Chart/lib/* lib/;find . -type f -name "package-info.java" -delete;
/home/mmartinez/defects4j-repair/src/python/core/../../../results/2016-june/Chart/seed/2/package/25/Genprog/result
cd /tmp/chart_25_Genprog_local_s1;export JAVA_TOOL_OPTIONS=-Dfile.encoding=UTF8;TZ="America/New_York"; export TZexport PATH="/usr/lib/jvm/java-1.7.0-openjdk-amd64/bin/:$PATH";time /home/mmartinez/jdk1.8.0_45/bin//java -Xmx4096m -cp /home/mmartinez/defects4j-repair/src/python/core/../../..//libs/astor.jar fr.inria.main.evolution.MainjGenProg -mode statement -location . -id Chart -dependencies lib/ -failing org.jfree.chart.renderer.category.junit.StatisticalBarRendererTests:org.jfree.chart.renderer.category.junit.StatisticalBarRendererTests:org.jfree.chart.renderer.category.junit.StatisticalBarRendererTests:org.jfree.chart.renderer.category.junit.StatisticalBarRendererTests: -package org.jfree -jvm4testexecution /usr/lib/jvm/java-1.7.0-openjdk-amd64/bin/ -jvm4evosuitetestexecution /home/mmartinez/jdk1.8.0_45/bin/ -javacompliancelevel 4 -maxgen 1000000 -seed 2 -scope package -maxtime 120  -stopfirst false -population 1 -srcjavafolder source/ -srctestfolder tests/ -binjavafolder build/ -bintestfolder build-tests/ -flthreshold 0.1  -validation  fr.inria.astor.core.validation.validators.RegressionValidation  -ESParameters -Dassertion_timeout=1800:-Dminimization_timeout=1800:-Djunit_check_timeout=1800:-Dwrite_junit_timeout=300:-Dinitialization_timeout=300:-Dglobal_timeout=18000:-Dsearch_budget=100000:-Dstopping_condition=MaxStatements:-Dno_runtime_dependency=true:-Dsandbox=false:-Dp_reflection_on_private=0.0:-Dreflection_start_percent=1.0:-Dp_functional_mocking=0.0:-Dfunctional_mocking_percent=1.0:-mem=2000 -ignoredtestcases org.apache.commons.lang.LocaleUtilsTest  -excludeRegression  -maxgen 100000000 ;echo "

Node: `hostname`
";echo "
Date: `date`
"; find /tmp/chart_25_Genprog_local_s1/outputMutation -name "*.class" -type f -delete;echo "removed classes 
"; find . -name bin  -type d -print0|xargs -0 rm -r --; zip -r -q out.zip /tmp/chart_25_Genprog_local_s1/outputMutation; echo "zipped 
";cp out.zip /home/mmartinez/defects4j-repair/src/python/core/../../../results/2016-june/Chart/seed/2/package/25/Genprog; echo "copied zip 
";rm -rf /tmp/chart_25_Genprog_local_s1;

[DEBUG] fr.inria.astor.core.loop.AstorCoreEngine.showResults(AstorCoreEngine.java:136) - End Repair Loops: Found solution
[DEBUG] fr.inria.astor.core.loop.AstorCoreEngine.showResults(AstorCoreEngine.java:137) - Solution stored at: /tmp/chart_25_Genprog_local_s1/./outputMutation/AstorMain-Chart//src/
[DEBUG] fr.inria.astor.core.loop.AstorCoreEngine.showResults(AstorCoreEngine.java:142) - 
Number solutions:14
[DEBUG] fr.inria.astor.core.loop.AstorCoreEngine.showResults(AstorCoreEngine.java:144) - f (sol): 23.0, [Variant id: 416 (SOL) , #gens: 955, #ops: 1, parent:415]
[DEBUG] fr.inria.astor.core.loop.AstorCoreEngine.showResults(AstorCoreEngine.java:144) - f (sol): 17.0, [Variant id: 436 (SOL) , #gens: 955, #ops: 1, parent:435]
[DEBUG] fr.inria.astor.core.loop.AstorCoreEngine.showResults(AstorCoreEngine.java:144) - f (sol): 3.0, [Variant id: 554 (SOL) , #gens: 955, #ops: 1, parent:553]
[DEBUG] fr.inria.astor.core.loop.AstorCoreEngine.showResults(AstorCoreEngine.java:144) - f (sol): 0.0, [Variant id: 662 (SOL) , #gens: 955, #ops: 1, parent:661]
[DEBUG] fr.inria.astor.core.loop.AstorCoreEngine.showResults(AstorCoreEngine.java:144) - f (sol): 0.0, [Variant id: 834 (SOL) , #gens: 956, #ops: 1, parent:833]
[DEBUG] fr.inria.astor.core.loop.AstorCoreEngine.showResults(AstorCoreEngine.java:144) - f (sol): 0.0, [Variant id: 1108 (SOL) , #gens: 955, #ops: 1, parent:1107]
[DEBUG] fr.inria.astor.core.loop.AstorCoreEngine.showResults(AstorCoreEngine.java:144) - f (sol): 11.0, [Variant id: 1116 (SOL) , #gens: 956, #ops: 1, parent:1115]
[DEBUG] fr.inria.astor.core.loop.AstorCoreEngine.showResults(AstorCoreEngine.java:144) - f (sol): 0.0, [Variant id: 1122 (SOL) , #gens: 955, #ops: 1, parent:1121]
[DEBUG] fr.inria.astor.core.loop.AstorCoreEngine.showResults(AstorCoreEngine.java:144) - f (sol): 18.0, [Variant id: 1296 (SOL) , #gens: 955, #ops: 1, parent:1295]
[DEBUG] fr.inria.astor.core.loop.AstorCoreEngine.showResults(AstorCoreEngine.java:144) - f (sol): 18.0, [Variant id: 1396 (SOL) , #gens: 955, #ops: 1, parent:1395]
[DEBUG] fr.inria.astor.core.loop.AstorCoreEngine.showResults(AstorCoreEngine.java:144) - f (sol): 3.0, [Variant id: 1452 (SOL) , #gens: 957, #ops: 1, parent:1451]
[DEBUG] fr.inria.astor.core.loop.AstorCoreEngine.showResults(AstorCoreEngine.java:144) - f (sol): 0.0, [Variant id: 1466 (SOL) , #gens: 957, #ops: 1, parent:1465]
[DEBUG] fr.inria.astor.core.loop.AstorCoreEngine.showResults(AstorCoreEngine.java:144) - f (sol): 11.0, [Variant id: 1470 (SOL) , #gens: 956, #ops: 1, parent:1469]
[DEBUG] fr.inria.astor.core.loop.AstorCoreEngine.showResults(AstorCoreEngine.java:144) - f (sol): 0.0, [Variant id: 1578 (SOL) , #gens: 955, #ops: 1, parent:1577]
[DEBUG] fr.inria.astor.core.loop.AstorCoreEngine.showResults(AstorCoreEngine.java:146) - 
All variants:
[DEBUG] fr.inria.astor.core.loop.AstorCoreEngine.showResults(AstorCoreEngine.java:148) - f 16.0, [Variant id: 1653, #gens: 956, #ops: 0, parent:-]
[INFO ] fr.inria.astor.core.loop.AstorCoreEngine.showResults(AstorCoreEngine.java:152) - 
Solution details
[INFO ] fr.inria.astor.core.loop.AstorCoreEngine.showResults(AstorCoreEngine.java:153) - 
 --SOLUTIONS DESCRIPTION--

 ----
ProgramVariant 416
 
time(sec)= 1289
operation: RemoveOp
location= org.jfree.data.KeyedObjects
line= 193
lineSuspiciousness= 0.417
original statement= org.jfree.data.KeyedObjects.this.data.add(ko)
fixed statement= 
generation= 208
ingredientScope= -
validation=
failing: |true|0|36|[]|
manual_regression: |false|2|3243|[testInsertAndRetrieve(org.jfree.data.junit.KeyedObjectsTests): expected:<null> but was:<A>-, testInsertAndRetrieve(org.jfree.data.junit.KeyedObjectsTests): expected:<null> but was:<A>-]|
evo_regression: |false|21|36|[test19(org.jfree.data.KeyedObjects_ESTest): Index: 0, Size: 0-, test17(org.jfree.data.KeyedObjects_ESTest): expected:<Yf#> but was:<null>-, test15(org.jfree.data.KeyedObjects_ESTest): Expecting exception: NullPointerException-, test16(org.jfree.data.KeyedObjects_ESTest): expected:<0> but was:<-1>-, test13(org.jfree.data.KeyedObjects_ESTest): Expecting exception: NullPointerException-, test14(org.jfree.data.KeyedObjects_ESTest): Expecting exception: NullPointerException-, test33(org.jfree.data.KeyedObjects_ESTest): expected:<1> but was:<0>-, test12(org.jfree.data.KeyedObjects_ESTest): Expecting exception: NullPointerException-, test10(org.jfree.data.KeyedObjects_ESTest): -1-, test08(org.jfree.data.KeyedObjects_ESTest): expected:<2> but was:<0>-, test09(org.jfree.data.KeyedObjects_ESTest): Expecting exception: NullPointerException-, ...and 11 failures more, test06(org.jfree.data.KeyedObjects_ESTest): expected:<8> but was:<null>-, ...and 11 failures more, test07(org.jfree.data.KeyedObjects_ESTest): expected:<1> but was:<0>-, ...and 11 failures more, test04(org.jfree.data.KeyedObjects_ESTest): -1-, ...and 11 failures more, test27(org.jfree.data.KeyedObjects_ESTest): null-, ...and 11 failures more, test24(org.jfree.data.KeyedObjects_ESTest): expected:<1> but was:<0>-, ...and 11 failures more, test25(org.jfree.data.KeyedObjects_ESTest): null-, ...and 11 failures more, test00(org.jfree.data.KeyedObjects_ESTest): null-, ...and 11 failures more, test22(org.jfree.data.KeyedObjects_ESTest): expected:<1> but was:<0>-, ...and 11 failures more, test01(org.jfree.data.KeyedObjects_ESTest): expected:<2> but was:<0>-, ...and 11 failures more, test23(org.jfree.data.KeyedObjects_ESTest): expected:<1> but was:<0>-, ...and 11 failures more]|
 ----
ProgramVariant 436
 
time(sec)= 1449
operation: RemoveOp
location= org.jfree.data.KeyedObjects2D
line= 232
lineSuspiciousness= 0.447
original statement= org.jfree.data.KeyedObjects2D.this.rowKeys.add(rowKey)
fixed statement= 
generation= 218
ingredientScope= -
validation=
failing: |true|0|36|[]|
manual_regression: |false|2|3243|[testGetLegendItem(org.jfree.chart.renderer.category.junit.BoxAndWhiskerRendererTests): Index: 0, Size: 0-, testGetLegendItem(org.jfree.chart.renderer.category.junit.BoxAndWhiskerRendererTests): Index: 0, Size: 0-]|
evo_regression: |false|15|49|[test30(org.jfree.data.KeyedObjects2D_ESTest): Expecting exception: NullPointerException-, test38(org.jfree.data.KeyedObjects2D_ESTest): -1-, test37(org.jfree.data.KeyedObjects2D_ESTest): null-, test29(org.jfree.data.KeyedObjects2D_ESTest): Expecting exception: NullPointerException-, test28(org.jfree.data.KeyedObjects2D_ESTest): Expecting exception: NullPointerException-, test24(org.jfree.data.KeyedObjects2D_ESTest): Expecting exception: NullPointerException-, test10(org.jfree.data.KeyedObjects2D_ESTest): expected:<0> but was:<-1>-, test12(org.jfree.data.KeyedObjects2D_ESTest): expected:<1> but was:<0>-, test13(org.jfree.data.KeyedObjects2D_ESTest): expected:<> but was:<null>-, test07(org.jfree.data.KeyedObjects2D_ESTest): expected:<1> but was:<0>-, test06(org.jfree.data.KeyedObjects2D_ESTest): Index: 0, Size: 0-, ...and 5 failures more, test09(org.jfree.data.KeyedObjects2D_ESTest): Index: 0, Size: 0-, ...and 5 failures more, test08(org.jfree.data.KeyedObjects2D_ESTest): Index: 0, Size: 0-, ...and 5 failures more, test45(org.jfree.data.KeyedObjects2D_ESTest): null-, ...and 5 failures more, test02(org.jfree.data.KeyedObjects2D_ESTest): expected:<2> but was:<0>-, ...and 5 failures more]|
 ----
ProgramVariant 554
 
time(sec)= 2093
operation: RemoveOp
location= org.jfree.data.KeyedObjects2D
line= 113
lineSuspiciousness= 0.516
original statement= result = rowData.getObject(columnKey)
fixed statement= 
generation= 277
ingredientScope= -
validation=
failing: |true|0|36|[]|
manual_regression: |true|0|3243|[]|
evo_regression: |false|3|49|[test37(org.jfree.data.KeyedObjects2D_ESTest): null-, test28(org.jfree.data.KeyedObjects2D_ESTest): Expecting exception: NullPointerException-, test45(org.jfree.data.KeyedObjects2D_ESTest): null-]|
 ----
ProgramVariant 662
 
time(sec)= 3523
operation: RemoveOp
location= org.jfree.chart.plot.CategoryPlot
line= 2865
lineSuspiciousness= 0.426
original statement= for (int column = 0 ; column < columnCount ; column++) {
	if ((org.jfree.chart.plot.CategoryPlot.this.rowRenderingOrder) == (org.jfree.chart.util.SortOrder.ASCENDING)) {
		for (int row = 0 ; row < rowCount ; row++) {
			renderer.drawItem(g2, state, dataArea, org.jfree.chart.plot.CategoryPlot.this, domainAxis, rangeAxis, currentDataset, row, column, pass);
		}
	} else {
		for (int row = rowCount - 1 ; row >= 0 ; row--) {
			renderer.drawItem(g2, state, dataArea, org.jfree.chart.plot.CategoryPlot.this, domainAxis, rangeAxis, currentDataset, row, column, pass);
		}
	}
}
fixed statement= 
generation= 331
ingredientScope= -
validation=
failing: |true|0|36|[]|
manual_regression: |true|0|3243|[]|
evo_regression: |true|0|236|[]|
 ----
ProgramVariant 834
 
time(sec)= 4005
operation: ReplaceOp
location= org.jfree.chart.plot.CategoryPlot
line= 2867
lineSuspiciousness= 0.426
original statement= for (int row = 0 ; row < rowCount ; row++) {
	renderer.drawItem(g2, state, dataArea, org.jfree.chart.plot.CategoryPlot.this, domainAxis, rangeAxis, currentDataset, row, column, pass);
}
fixed statement= for (int i = 0 ; i < (org.jfree.chart.plot.CategoryPlot.this.renderers.size()) ; i++) {
	drawDomainMarkers(g2, dataArea, i, org.jfree.chart.util.Layer.FOREGROUND);
}
generation= 417
ingredientScope= LOCAL
validation=
failing: |true|0|36|[]|
manual_regression: |true|0|3243|[]|
evo_regression: |true|0|236|[]|
 ----
ProgramVariant 1108
 
time(sec)= 4850
operation: RemoveOp
location= org.jfree.chart.plot.CategoryPlot
line= 2864
lineSuspiciousness= 0.408
original statement= if ((org.jfree.chart.plot.CategoryPlot.this.columnRenderingOrder) == (org.jfree.chart.util.SortOrder.ASCENDING)) {
	for (int column = 0 ; column < columnCount ; column++) {
		if ((org.jfree.chart.plot.CategoryPlot.this.rowRenderingOrder) == (org.jfree.chart.util.SortOrder.ASCENDING)) {
			for (int row = 0 ; row < rowCount ; row++) {
				renderer.drawItem(g2, state, dataArea, org.jfree.chart.plot.CategoryPlot.this, domainAxis, rangeAxis, currentDataset, row, column, pass);
			}
		} else {
			for (int row = rowCount - 1 ; row >= 0 ; row--) {
				renderer.drawItem(g2, state, dataArea, org.jfree.chart.plot.CategoryPlot.this, domainAxis, rangeAxis, currentDataset, row, column, pass);
			}
		}
	}
} else {
	for (int column = columnCount - 1 ; column >= 0 ; column--) {
		if ((org.jfree.chart.plot.CategoryPlot.this.rowRenderingOrder) == (org.jfree.chart.util.SortOrder.ASCENDING)) {
			for (int row = 0 ; row < rowCount ; row++) {
				renderer.drawItem(g2, state, dataArea, org.jfree.chart.plot.CategoryPlot.this, domainAxis, rangeAxis, currentDataset, row, column, pass);
			}
		} else {
			for (int row = rowCount - 1 ; row >= 0 ; row--) {
				renderer.drawItem(g2, state, dataArea, org.jfree.chart.plot.CategoryPlot.this, domainAxis, rangeAxis, currentDataset, row, column, pass);
			}
		}
	}
}
fixed statement= 
generation= 554
ingredientScope= -
validation=
failing: |true|0|36|[]|
manual_regression: |true|0|3243|[]|
evo_regression: |true|0|236|[]|
 ----
ProgramVariant 1116
 
time(sec)= 5009
operation: ReplaceOp
location= org.jfree.data.statistics.DefaultStatisticalCategoryDataset
line= 113
lineSuspiciousness= 0.816
original statement= return result
fixed statement= return null
generation= 558
ingredientScope= PACKAGE
validation=
failing: |true|0|36|[]|
manual_regression: |true|0|3243|[]|
evo_regression: |false|11|71|[test50(org.jfree.data.statistics.DefaultStatisticalCategoryDataset_ESTest): null-, test17(org.jfree.data.statistics.DefaultStatisticalCategoryDataset_ESTest): null-, test19(org.jfree.data.statistics.DefaultStatisticalCategoryDataset_ESTest): null-, test56(org.jfree.data.statistics.DefaultStatisticalCategoryDataset_ESTest): null-, test57(org.jfree.data.statistics.DefaultStatisticalCategoryDataset_ESTest): null-, test16(org.jfree.data.statistics.DefaultStatisticalCategoryDataset_ESTest): null-, test41(org.jfree.data.statistics.DefaultStatisticalCategoryDataset_ESTest): null-, test07(org.jfree.data.statistics.DefaultStatisticalCategoryDataset_ESTest): null-, test06(org.jfree.data.statistics.DefaultStatisticalCategoryDataset_ESTest): null-, test21(org.jfree.data.statistics.DefaultStatisticalCategoryDataset_ESTest): null-, test22(org.jfree.data.statistics.DefaultStatisticalCategoryDataset_ESTest): null-, ...and 1 failures more]|
 ----
ProgramVariant 1122
 
time(sec)= 5093
operation: RemoveOp
location= org.jfree.chart.plot.CategoryPlot
line= 2864
lineSuspiciousness= 0.408
original statement= if ((org.jfree.chart.plot.CategoryPlot.this.columnRenderingOrder) == (org.jfree.chart.util.SortOrder.ASCENDING)) {
	for (int column = 0 ; column < columnCount ; column++) {
		if ((org.jfree.chart.plot.CategoryPlot.this.rowRenderingOrder) == (org.jfree.chart.util.SortOrder.ASCENDING)) {
			for (int row = 0 ; row < rowCount ; row++) {
				renderer.drawItem(g2, state, dataArea, org.jfree.chart.plot.CategoryPlot.this, domainAxis, rangeAxis, currentDataset, row, column, pass);
			}
		} else {
			for (int row = rowCount - 1 ; row >= 0 ; row--) {
				renderer.drawItem(g2, state, dataArea, org.jfree.chart.plot.CategoryPlot.this, domainAxis, rangeAxis, currentDataset, row, column, pass);
			}
		}
	}
} else {
	for (int column = columnCount - 1 ; column >= 0 ; column--) {
		if ((org.jfree.chart.plot.CategoryPlot.this.rowRenderingOrder) == (org.jfree.chart.util.SortOrder.ASCENDING)) {
			for (int row = 0 ; row < rowCount ; row++) {
				renderer.drawItem(g2, state, dataArea, org.jfree.chart.plot.CategoryPlot.this, domainAxis, rangeAxis, currentDataset, row, column, pass);
			}
		} else {
			for (int row = rowCount - 1 ; row >= 0 ; row--) {
				renderer.drawItem(g2, state, dataArea, org.jfree.chart.plot.CategoryPlot.this, domainAxis, rangeAxis, currentDataset, row, column, pass);
			}
		}
	}
}
fixed statement= 
generation= 561
ingredientScope= -
validation=
failing: |true|0|36|[]|
manual_regression: |true|0|3243|[]|
evo_regression: |true|0|236|[]|
 ----
ProgramVariant 1296
 
time(sec)= 5637
operation: RemoveOp
location= org.jfree.data.KeyedObjects2D
line= 238
lineSuspiciousness= 0.447
original statement= if (columnIndex < 0) {
	org.jfree.data.KeyedObjects2D.this.columnKeys.add(columnKey);
} 
fixed statement= 
generation= 648
ingredientScope= -
validation=
failing: |true|0|36|[]|
manual_regression: |true|0|3243|[]|
evo_regression: |false|18|49|[test39(org.jfree.data.KeyedObjects2D_ESTest): expected:<1> but was:<0>-, test32(org.jfree.data.KeyedObjects2D_ESTest): Index: 0, Size: 0-, test31(org.jfree.data.KeyedObjects2D_ESTest): Index: 0, Size: 0-, test38(org.jfree.data.KeyedObjects2D_ESTest): expected:<1> but was:<0>-, test37(org.jfree.data.KeyedObjects2D_ESTest): expected:<1> but was:<0>-, test28(org.jfree.data.KeyedObjects2D_ESTest): Expecting exception: NullPointerException-, test21(org.jfree.data.KeyedObjects2D_ESTest): Index: 0, Size: 0-, test18(org.jfree.data.KeyedObjects2D_ESTest): expected:<1> but was:<0>-, test17(org.jfree.data.KeyedObjects2D_ESTest): expected:<1> but was:<-1>-, test11(org.jfree.data.KeyedObjects2D_ESTest): expected:<1> but was:<0>-, test14(org.jfree.data.KeyedObjects2D_ESTest): Index: 0, Size: 0-, ...and 8 failures more, test16(org.jfree.data.KeyedObjects2D_ESTest): expected:<0> but was:<-1>-, ...and 8 failures more, test15(org.jfree.data.KeyedObjects2D_ESTest): Index: 0, Size: 0-, ...and 8 failures more, test07(org.jfree.data.KeyedObjects2D_ESTest): Index: 0, Size: 0-, ...and 8 failures more, test06(org.jfree.data.KeyedObjects2D_ESTest): expected:<1> but was:<0>-, ...and 8 failures more, test01(org.jfree.data.KeyedObjects2D_ESTest): expected:<1> but was:<0>-, ...and 8 failures more, test45(org.jfree.data.KeyedObjects2D_ESTest): expected:<1> but was:<0>-, ...and 8 failures more, test04(org.jfree.data.KeyedObjects2D_ESTest): expected:<1> but was:<0>-, ...and 8 failures more]|
 ----
ProgramVariant 1396
 
time(sec)= 6068
operation: RemoveOp
location= org.jfree.data.KeyedObjects2D
line= 239
lineSuspiciousness= 0.447
original statement= org.jfree.data.KeyedObjects2D.this.columnKeys.add(columnKey)
fixed statement= 
generation= 698
ingredientScope= -
validation=
failing: |true|0|36|[]|
manual_regression: |true|0|3243|[]|
evo_regression: |false|18|49|[test39(org.jfree.data.KeyedObjects2D_ESTest): expected:<1> but was:<0>-, test32(org.jfree.data.KeyedObjects2D_ESTest): Index: 0, Size: 0-, test31(org.jfree.data.KeyedObjects2D_ESTest): Index: 0, Size: 0-, test38(org.jfree.data.KeyedObjects2D_ESTest): expected:<1> but was:<0>-, test37(org.jfree.data.KeyedObjects2D_ESTest): expected:<1> but was:<0>-, test28(org.jfree.data.KeyedObjects2D_ESTest): Expecting exception: NullPointerException-, test21(org.jfree.data.KeyedObjects2D_ESTest): Index: 0, Size: 0-, test18(org.jfree.data.KeyedObjects2D_ESTest): expected:<1> but was:<0>-, test17(org.jfree.data.KeyedObjects2D_ESTest): expected:<1> but was:<-1>-, test11(org.jfree.data.KeyedObjects2D_ESTest): expected:<1> but was:<0>-, test14(org.jfree.data.KeyedObjects2D_ESTest): Index: 0, Size: 0-, ...and 8 failures more, test16(org.jfree.data.KeyedObjects2D_ESTest): expected:<0> but was:<-1>-, ...and 8 failures more, test15(org.jfree.data.KeyedObjects2D_ESTest): Index: 0, Size: 0-, ...and 8 failures more, test07(org.jfree.data.KeyedObjects2D_ESTest): Index: 0, Size: 0-, ...and 8 failures more, test06(org.jfree.data.KeyedObjects2D_ESTest): expected:<1> but was:<0>-, ...and 8 failures more, test01(org.jfree.data.KeyedObjects2D_ESTest): expected:<1> but was:<0>-, ...and 8 failures more, test45(org.jfree.data.KeyedObjects2D_ESTest): expected:<1> but was:<0>-, ...and 8 failures more, test04(org.jfree.data.KeyedObjects2D_ESTest): expected:<1> but was:<0>-, ...and 8 failures more]|
 ----
ProgramVariant 1452
 
time(sec)= 6530
operation: InsertBeforeOp
location= org.jfree.chart.block.BorderArrangement
line= 252
lineSuspiciousness= 0.309
original statement= if ((org.jfree.chart.block.BorderArrangement.this.centerBlock) != null) {
	org.jfree.chart.block.BorderArrangement.this.centerBlock.setBounds(new java.awt.geom.Rectangle2D.Double(w[2] , h[0] , ((width - (w[2])) - (w[3])) , centerHeight));
} 
fixed statement= height = java.lang.Double.POSITIVE_INFINITY
generation= 726
ingredientScope= PACKAGE
validation=
failing: |true|0|36|[]|
manual_regression: |false|2|3243|[testSizing(org.jfree.chart.block.junit.BorderArrangementTests): expected:<0.0> but was:<Infinity>-, testSizing(org.jfree.chart.block.junit.BorderArrangementTests): expected:<0.0> but was:<Infinity>-]|
evo_regression: |false|1|16|[test07(org.jfree.chart.block.BorderArrangement_ESTest): expected:<0.0> but was:<Infinity>-]|
 ----
ProgramVariant 1466
 
time(sec)= 6676
operation: InsertAfterOp
location= org.jfree.chart.plot.CategoryPlot
line= 3334
lineSuspiciousness= 0.408
original statement= result.add(category)
fixed statement= org.jfree.chart.plot.CategoryPlot.this.datasets = new org.jfree.chart.util.ObjectList()
generation= 733
ingredientScope= LOCAL
validation=
failing: |true|0|36|[]|
manual_regression: |true|0|3243|[]|
evo_regression: |true|0|236|[]|
 ----
ProgramVariant 1470
 
time(sec)= 6759
operation: ReplaceOp
location= org.jfree.data.statistics.DefaultStatisticalCategoryDataset
line= 111
lineSuspiciousness= 0.816
original statement= result = masd.getMean()
fixed statement= org.jfree.data.statistics.DefaultStatisticalCategoryDataset.this.minimumRangeValueIncStdDev = java.lang.Double.NaN
generation= 735
ingredientScope= LOCAL
validation=
failing: |true|0|36|[]|
manual_regression: |true|0|3243|[]|
evo_regression: |false|11|71|[test50(org.jfree.data.statistics.DefaultStatisticalCategoryDataset_ESTest): null-, test17(org.jfree.data.statistics.DefaultStatisticalCategoryDataset_ESTest): null-, test19(org.jfree.data.statistics.DefaultStatisticalCategoryDataset_ESTest): null-, test56(org.jfree.data.statistics.DefaultStatisticalCategoryDataset_ESTest): null-, test57(org.jfree.data.statistics.DefaultStatisticalCategoryDataset_ESTest): null-, test16(org.jfree.data.statistics.DefaultStatisticalCategoryDataset_ESTest): null-, test41(org.jfree.data.statistics.DefaultStatisticalCategoryDataset_ESTest): null-, test07(org.jfree.data.statistics.DefaultStatisticalCategoryDataset_ESTest): null-, test06(org.jfree.data.statistics.DefaultStatisticalCategoryDataset_ESTest): null-, test21(org.jfree.data.statistics.DefaultStatisticalCategoryDataset_ESTest): null-, test22(org.jfree.data.statistics.DefaultStatisticalCategoryDataset_ESTest): null-, ...and 1 failures more]|
 ----
ProgramVariant 1578
 
time(sec)= 7068
operation: RemoveOp
location= org.jfree.chart.plot.CategoryPlot
line= 2868
lineSuspiciousness= 0.426
original statement= renderer.drawItem(g2, state, dataArea, org.jfree.chart.plot.CategoryPlot.this, domainAxis, rangeAxis, currentDataset, row, column, pass)
fixed statement= 
generation= 789
ingredientScope= -
validation=
failing: |true|0|36|[]|
manual_regression: |true|0|3243|[]|
evo_regression: |true|0|236|[]|
[INFO ] fr.inria.main.evolution.AstorMain.run(AstorMain.java:397) - Time Total(s): 8807.436


Node: grisou-14.nancy.grid5000.fr


Date: Tue Jan 17 23:57:47 CET 2017

removed classes 

zipped 

copied zip 


