seed AstorRun 26 
export PATH="/home/mmartinez/defects4j/framework/bin:$PATH";export JAVA_TOOL_OPTIONS=-Dfile.encoding=UTF8;export PATH="/usr/lib/jvm/java-1.7.0-openjdk-amd64/bin/:$PATH";cd /home/mmartinez/projects/math/math_50;defects4j compile;cp -r /home/mmartinez/projects/math/math_50 /tmp/math_50_Genprog_local_s1;cd /tmp/math_50_Genprog_local_s1;mkdir lib/;cp -r /home/mmartinez/defects4j/framework/projects/lib/* lib/;cp -r /home/mmartinez/defects4j/framework/projects/Math/lib/* lib/;find . -type f -name "package-info.java" -delete;
/home/mmartinez/defects4j-repair/src/python/core/../../../results/2016-june/Math/seed/26/package/50/Genprog/result
cd /tmp/math_50_Genprog_local_s1;export JAVA_TOOL_OPTIONS=-Dfile.encoding=UTF8;TZ="America/New_York"; export TZexport PATH="/usr/lib/jvm/java-1.7.0-openjdk-amd64/bin/:$PATH";time /home/mmartinez/jdk1.8.0_45/bin//java -Xmx4096m -cp /home/mmartinez/defects4j-repair/src/python/core/../../..//libs/astor.jar fr.inria.main.evolution.MainjGenProg -mode statement -location . -id Math -dependencies lib/ -failing org.apache.commons.math.analysis.solvers.RegulaFalsiSolverTest: -package org.apache.commons -jvm4testexecution /usr/lib/jvm/java-1.7.0-openjdk-amd64/bin/ -jvm4evosuitetestexecution /home/mmartinez/jdk1.8.0_45/bin/ -javacompliancelevel 5 -maxgen 1000000 -seed 26 -scope package -maxtime 120  -stopfirst false -population 1 -srcjavafolder src/main/java/ -srctestfolder src/test/java/ -binjavafolder target/classes/ -bintestfolder target/test-classes/ -flthreshold 0.1  -validation  fr.inria.astor.core.validation.validators.RegressionValidation  -ESParameters -Dassertion_timeout=1800:-Dminimization_timeout=1800:-Djunit_check_timeout=1800:-Dwrite_junit_timeout=300:-Dinitialization_timeout=300:-Dglobal_timeout=18000:-Dsearch_budget=100000:-Dstopping_condition=MaxStatements:-Dno_runtime_dependency=true:-Dsandbox=false:-Dp_reflection_on_private=0.0:-Dreflection_start_percent=1.0:-Dp_functional_mocking=0.0:-Dfunctional_mocking_percent=1.0:-mem=2000 -testbystep  -ignoredtestcases org.apache.commons.lang.LocaleUtilsTest  -excludeRegression  -maxgen 100000000 ;echo "

Node: `hostname`
";echo "
Date: `date`
"; find /tmp/math_50_Genprog_local_s1/outputMutation -name "*.class" -type f -delete;echo "removed classes 
"; find . -name bin  -type d -print0|xargs -0 rm -r --; zip -r -q out.zip /tmp/math_50_Genprog_local_s1/outputMutation; echo "zipped 
";cp out.zip /home/mmartinez/defects4j-repair/src/python/core/../../../results/2016-june/Math/seed/26/package/50/Genprog; echo "copied zip 
";rm -rf /tmp/math_50_Genprog_local_s1;

[DEBUG] fr.inria.astor.core.loop.AstorCoreEngine.showResults(AstorCoreEngine.java:136) - End Repair Loops: Found solution
[DEBUG] fr.inria.astor.core.loop.AstorCoreEngine.showResults(AstorCoreEngine.java:137) - Solution stored at: /tmp/math_50_Genprog_local_s1/./outputMutation/AstorMain-Math//src/
[DEBUG] fr.inria.astor.core.loop.AstorCoreEngine.showResults(AstorCoreEngine.java:142) - 
Number solutions:27
[DEBUG] fr.inria.astor.core.loop.AstorCoreEngine.showResults(AstorCoreEngine.java:144) - f (sol): 0.0, [Variant id: 32 (SOL) , #gens: 37, #ops: 1, parent:31]
[DEBUG] fr.inria.astor.core.loop.AstorCoreEngine.showResults(AstorCoreEngine.java:144) - f (sol): 0.0, [Variant id: 138 (SOL) , #gens: 37, #ops: 1, parent:137]
[DEBUG] fr.inria.astor.core.loop.AstorCoreEngine.showResults(AstorCoreEngine.java:144) - f (sol): 0.0, [Variant id: 162 (SOL) , #gens: 36, #ops: 1, parent:161]
[DEBUG] fr.inria.astor.core.loop.AstorCoreEngine.showResults(AstorCoreEngine.java:144) - f (sol): 0.0, [Variant id: 180 (SOL) , #gens: 37, #ops: 1, parent:179]
[DEBUG] fr.inria.astor.core.loop.AstorCoreEngine.showResults(AstorCoreEngine.java:144) - f (sol): 0.0, [Variant id: 214 (SOL) , #gens: 36, #ops: 1, parent:213]
[DEBUG] fr.inria.astor.core.loop.AstorCoreEngine.showResults(AstorCoreEngine.java:144) - f (sol): 0.0, [Variant id: 246 (SOL) , #gens: 36, #ops: 1, parent:245]
[DEBUG] fr.inria.astor.core.loop.AstorCoreEngine.showResults(AstorCoreEngine.java:144) - f (sol): 0.0, [Variant id: 290 (SOL) , #gens: 37, #ops: 1, parent:289]
[DEBUG] fr.inria.astor.core.loop.AstorCoreEngine.showResults(AstorCoreEngine.java:144) - f (sol): 0.0, [Variant id: 346 (SOL) , #gens: 36, #ops: 1, parent:345]
[DEBUG] fr.inria.astor.core.loop.AstorCoreEngine.showResults(AstorCoreEngine.java:144) - f (sol): 0.0, [Variant id: 370 (SOL) , #gens: 37, #ops: 1, parent:369]
[DEBUG] fr.inria.astor.core.loop.AstorCoreEngine.showResults(AstorCoreEngine.java:144) - f (sol): 1.0, [Variant id: 492 (SOL) , #gens: 36, #ops: 1, parent:491]
[DEBUG] fr.inria.astor.core.loop.AstorCoreEngine.showResults(AstorCoreEngine.java:144) - f (sol): 0.0, [Variant id: 516 (SOL) , #gens: 37, #ops: 1, parent:515]
[DEBUG] fr.inria.astor.core.loop.AstorCoreEngine.showResults(AstorCoreEngine.java:144) - f (sol): 0.0, [Variant id: 528 (SOL) , #gens: 37, #ops: 1, parent:527]
[DEBUG] fr.inria.astor.core.loop.AstorCoreEngine.showResults(AstorCoreEngine.java:144) - f (sol): 11.0, [Variant id: 546 (SOL) , #gens: 36, #ops: 1, parent:545]
[DEBUG] fr.inria.astor.core.loop.AstorCoreEngine.showResults(AstorCoreEngine.java:144) - f (sol): 0.0, [Variant id: 598 (SOL) , #gens: 36, #ops: 1, parent:597]
[DEBUG] fr.inria.astor.core.loop.AstorCoreEngine.showResults(AstorCoreEngine.java:144) - f (sol): 0.0, [Variant id: 622 (SOL) , #gens: 36, #ops: 1, parent:621]
[DEBUG] fr.inria.astor.core.loop.AstorCoreEngine.showResults(AstorCoreEngine.java:144) - f (sol): 0.0, [Variant id: 652 (SOL) , #gens: 36, #ops: 1, parent:651]
[DEBUG] fr.inria.astor.core.loop.AstorCoreEngine.showResults(AstorCoreEngine.java:144) - f (sol): 0.0, [Variant id: 668 (SOL) , #gens: 36, #ops: 1, parent:667]
[DEBUG] fr.inria.astor.core.loop.AstorCoreEngine.showResults(AstorCoreEngine.java:144) - f (sol): 11.0, [Variant id: 828 (SOL) , #gens: 36, #ops: 1, parent:827]
[DEBUG] fr.inria.astor.core.loop.AstorCoreEngine.showResults(AstorCoreEngine.java:144) - f (sol): 0.0, [Variant id: 942 (SOL) , #gens: 36, #ops: 1, parent:941]
[DEBUG] fr.inria.astor.core.loop.AstorCoreEngine.showResults(AstorCoreEngine.java:144) - f (sol): 0.0, [Variant id: 952 (SOL) , #gens: 38, #ops: 1, parent:951]
[DEBUG] fr.inria.astor.core.loop.AstorCoreEngine.showResults(AstorCoreEngine.java:144) - f (sol): 0.0, [Variant id: 1004 (SOL) , #gens: 36, #ops: 1, parent:1003]
[DEBUG] fr.inria.astor.core.loop.AstorCoreEngine.showResults(AstorCoreEngine.java:144) - f (sol): 0.0, [Variant id: 1048 (SOL) , #gens: 36, #ops: 1, parent:1047]
[DEBUG] fr.inria.astor.core.loop.AstorCoreEngine.showResults(AstorCoreEngine.java:144) - f (sol): 11.0, [Variant id: 1086 (SOL) , #gens: 36, #ops: 1, parent:1085]
[DEBUG] fr.inria.astor.core.loop.AstorCoreEngine.showResults(AstorCoreEngine.java:144) - f (sol): 0.0, [Variant id: 1116 (SOL) , #gens: 36, #ops: 1, parent:1115]
[DEBUG] fr.inria.astor.core.loop.AstorCoreEngine.showResults(AstorCoreEngine.java:144) - f (sol): 11.0, [Variant id: 1170 (SOL) , #gens: 36, #ops: 1, parent:1169]
[DEBUG] fr.inria.astor.core.loop.AstorCoreEngine.showResults(AstorCoreEngine.java:144) - f (sol): 11.0, [Variant id: 1188 (SOL) , #gens: 36, #ops: 1, parent:1187]
[DEBUG] fr.inria.astor.core.loop.AstorCoreEngine.showResults(AstorCoreEngine.java:144) - f (sol): 0.0, [Variant id: 1196 (SOL) , #gens: 36, #ops: 1, parent:1195]
[DEBUG] fr.inria.astor.core.loop.AstorCoreEngine.showResults(AstorCoreEngine.java:146) - 
All variants:
[DEBUG] fr.inria.astor.core.loop.AstorCoreEngine.showResults(AstorCoreEngine.java:148) - f 1.0, [Variant id: 1197, #gens: 37, #ops: 0, parent:-]
[INFO ] fr.inria.astor.core.loop.AstorCoreEngine.showResults(AstorCoreEngine.java:152) - 
Solution details
[INFO ] fr.inria.astor.core.loop.AstorCoreEngine.showResults(AstorCoreEngine.java:153) - 
 --SOLUTIONS DESCRIPTION--

 ----
ProgramVariant 32
 
time(sec)= 398
operation: ReplaceOp
location= org.apache.commons.math.analysis.solvers.BaseSecantSolver
line= 188
lineSuspiciousness= 0.707
original statement= x0 = 0.5 * ((x0 + x1) - (org.apache.commons.math.util.FastMath.max((rtol * (org.apache.commons.math.util.FastMath.abs(x1))), atol)))
fixed statement= f0 = computeObjectiveValue(x0)
generation= 16
ingredientScope= LOCAL
validation=
failing: |true|0|9|[]|
manual_regression: |true|0|2897|[]|
evo_regression: |true|0|36|[]|
 ----
ProgramVariant 138
 
time(sec)= 818
operation: ReplaceOp
location= org.apache.commons.math.analysis.solvers.BaseSecantSolver
line= 188
lineSuspiciousness= 0.707
original statement= x0 = 0.5 * ((x0 + x1) - (org.apache.commons.math.util.FastMath.max((rtol * (org.apache.commons.math.util.FastMath.abs(x1))), atol)))
fixed statement= x1 = x
generation= 69
ingredientScope= LOCAL
validation=
failing: |true|0|9|[]|
manual_regression: |true|0|2897|[]|
evo_regression: |true|0|36|[]|
 ----
ProgramVariant 162
 
time(sec)= 1014
operation: RemoveOp
location= org.apache.commons.math.analysis.solvers.BaseSecantSolver
line= 188
lineSuspiciousness= 0.707
original statement= x0 = 0.5 * ((x0 + x1) - (org.apache.commons.math.util.FastMath.max((rtol * (org.apache.commons.math.util.FastMath.abs(x1))), atol)))
fixed statement= 
generation= 81
ingredientScope= -
validation=
failing: |true|0|9|[]|
manual_regression: |true|0|2897|[]|
evo_regression: |true|0|36|[]|
 ----
ProgramVariant 180
 
time(sec)= 1296
operation: ReplaceOp
location= org.apache.commons.math.analysis.solvers.BaseSecantSolver
line= 189
lineSuspiciousness= 0.707
original statement= f0 = computeObjectiveValue(x0)
fixed statement= f0 = f1
generation= 90
ingredientScope= LOCAL
validation=
failing: |true|0|9|[]|
manual_regression: |true|0|2897|[]|
evo_regression: |true|0|36|[]|
 ----
ProgramVariant 214
 
time(sec)= 1526
operation: RemoveOp
location= org.apache.commons.math.analysis.solvers.BaseSecantSolver
line= 188
lineSuspiciousness= 0.707
original statement= x0 = 0.5 * ((x0 + x1) - (org.apache.commons.math.util.FastMath.max((rtol * (org.apache.commons.math.util.FastMath.abs(x1))), atol)))
fixed statement= 
generation= 107
ingredientScope= -
validation=
failing: |true|0|9|[]|
manual_regression: |true|0|2897|[]|
evo_regression: |true|0|36|[]|
 ----
ProgramVariant 246
 
time(sec)= 1805
operation: RemoveOp
location= org.apache.commons.math.analysis.solvers.BaseSecantSolver
line= 188
lineSuspiciousness= 0.707
original statement= x0 = 0.5 * ((x0 + x1) - (org.apache.commons.math.util.FastMath.max((rtol * (org.apache.commons.math.util.FastMath.abs(x1))), atol)))
fixed statement= 
generation= 123
ingredientScope= -
validation=
failing: |true|0|9|[]|
manual_regression: |true|0|2897|[]|
evo_regression: |true|0|36|[]|
 ----
ProgramVariant 290
 
time(sec)= 2071
operation: ReplaceOp
location= org.apache.commons.math.analysis.solvers.BaseSecantSolver
line= 188
lineSuspiciousness= 0.707
original statement= x0 = 0.5 * ((x0 + x1) - (org.apache.commons.math.util.FastMath.max((rtol * (org.apache.commons.math.util.FastMath.abs(x1))), atol)))
fixed statement= org.apache.commons.math.analysis.solvers.BaseSecantSolver.this.allowed = org.apache.commons.math.analysis.solvers.AllowedSolution.ANY_SIDE
generation= 145
ingredientScope= LOCAL
validation=
failing: |true|0|9|[]|
manual_regression: |true|0|2897|[]|
evo_regression: |true|0|36|[]|
 ----
ProgramVariant 346
 
time(sec)= 2388
operation: RemoveOp
location= org.apache.commons.math.analysis.solvers.BaseSecantSolver
line= 188
lineSuspiciousness= 0.707
original statement= x0 = 0.5 * ((x0 + x1) - (org.apache.commons.math.util.FastMath.max((rtol * (org.apache.commons.math.util.FastMath.abs(x1))), atol)))
fixed statement= 
generation= 173
ingredientScope= -
validation=
failing: |true|0|9|[]|
manual_regression: |true|0|2897|[]|
evo_regression: |true|0|36|[]|
 ----
ProgramVariant 370
 
time(sec)= 2667
operation: ReplaceOp
location= org.apache.commons.math.analysis.solvers.BaseSecantSolver
line= 188
lineSuspiciousness= 0.707
original statement= x0 = 0.5 * ((x0 + x1) - (org.apache.commons.math.util.FastMath.max((rtol * (org.apache.commons.math.util.FastMath.abs(x1))), atol)))
fixed statement= f1 = fx
generation= 185
ingredientScope= LOCAL
validation=
failing: |true|0|9|[]|
manual_regression: |true|0|2897|[]|
evo_regression: |true|0|36|[]|
 ----
ProgramVariant 492
 
time(sec)= 3200
operation: RemoveOp
location= org.apache.commons.math.analysis.solvers.BaseSecantSolver
line= 188
lineSuspiciousness= 0.707
original statement= x0 = 0.5 * ((x0 + x1) - (org.apache.commons.math.util.FastMath.max((rtol * (org.apache.commons.math.util.FastMath.abs(x1))), atol)))
fixed statement= 
generation= 246
ingredientScope= -
validation=
failing: |true|0|9|[]|
manual_regression: |false|1|2897|[testNextDigest(org.apache.commons.math.random.ValueServerTest): mean expected:<5.069831575018909> but was:<5.175509558930152>-]|
evo_regression: |true|0|36|[]|
 ----
ProgramVariant 516
 
time(sec)= 3413
operation: ReplaceOp
location= org.apache.commons.math.analysis.solvers.BaseSecantSolver
line= 188
lineSuspiciousness= 0.707
original statement= x0 = 0.5 * ((x0 + x1) - (org.apache.commons.math.util.FastMath.max((rtol * (org.apache.commons.math.util.FastMath.abs(x1))), atol)))
fixed statement= f0 = f1
generation= 258
ingredientScope= LOCAL
validation=
failing: |true|0|9|[]|
manual_regression: |true|0|2897|[]|
evo_regression: |true|0|36|[]|
 ----
ProgramVariant 528
 
time(sec)= 3597
operation: ReplaceOp
location= org.apache.commons.math.analysis.solvers.BaseSecantSolver
line= 188
lineSuspiciousness= 0.707
original statement= x0 = 0.5 * ((x0 + x1) - (org.apache.commons.math.util.FastMath.max((rtol * (org.apache.commons.math.util.FastMath.abs(x1))), atol)))
fixed statement= inverted = !inverted
generation= 264
ingredientScope= LOCAL
validation=
failing: |true|0|9|[]|
manual_regression: |true|0|2897|[]|
evo_regression: |true|0|36|[]|
 ----
ProgramVariant 546
 
time(sec)= 3782
operation: RemoveOp
location= org.apache.commons.math.analysis.solvers.BaseSecantSolver
line= 178
lineSuspiciousness= 0.151
original statement= switch (method) {
	case ILLINOIS :
		f0 *= 0.5;
		break;
	case PEGASUS :
		f0 *= f1 / (f1 + fx);
		break;
	case REGULA_FALSI :
		if (x == x1) {
			x0 = 0.5 * ((x0 + x1) - (org.apache.commons.math.util.FastMath.max((rtol * (org.apache.commons.math.util.FastMath.abs(x1))), atol)));
			f0 = computeObjectiveValue(x0);
		} 
		break;
	default :
		throw new org.apache.commons.math.exception.MathInternalError();
}
fixed statement= 
generation= 273
ingredientScope= -
validation=
failing: |true|0|9|[]|
manual_regression: |false|3|2897|[testQuinticZero(org.apache.commons.math.analysis.solvers.IllinoisSolverTest): null-, testQuinticZero(org.apache.commons.math.analysis.solvers.PegasusSolverTest): null-, testOverlappingEvents1(org.apache.commons.math.ode.events.OverlappingEventsTest): illegal state: maximal count (999) exceeded: evaluations-]|
evo_regression: |false|8|36|[test35(org.apache.commons.math.analysis.solvers.BaseSecantSolver_ESTest): illegal state: maximal count (248) exceeded: evaluations-, test28(org.apache.commons.math.analysis.solvers.BaseSecantSolver_ESTest): illegal state: maximal count (1, 282) exceeded: evaluations-, test29(org.apache.commons.math.analysis.solvers.BaseSecantSolver_ESTest): illegal state: maximal count (1, 282) exceeded: evaluations-, test27(org.apache.commons.math.analysis.solvers.BaseSecantSolver_ESTest): illegal state: maximal count (1, 282) exceeded: evaluations-, test22(org.apache.commons.math.analysis.solvers.BaseSecantSolver_ESTest): illegal state: maximal count (1, 282) exceeded: evaluations-, test23(org.apache.commons.math.analysis.solvers.BaseSecantSolver_ESTest): expected:<1699.601625592078> but was:<1756.1502933566944>-, test20(org.apache.commons.math.analysis.solvers.BaseSecantSolver_ESTest): illegal state: maximal count (1, 282) exceeded: evaluations-, test21(org.apache.commons.math.analysis.solvers.BaseSecantSolver_ESTest): illegal state: maximal count (1, 282) exceeded: evaluations-]|
 ----
ProgramVariant 598
 
time(sec)= 4110
operation: RemoveOp
location= org.apache.commons.math.analysis.solvers.BaseSecantSolver
line= 188
lineSuspiciousness= 0.707
original statement= x0 = 0.5 * ((x0 + x1) - (org.apache.commons.math.util.FastMath.max((rtol * (org.apache.commons.math.util.FastMath.abs(x1))), atol)))
fixed statement= 
generation= 299
ingredientScope= -
validation=
failing: |true|0|9|[]|
manual_regression: |true|0|2897|[]|
evo_regression: |true|0|36|[]|
 ----
ProgramVariant 622
 
time(sec)= 4312
operation: RemoveOp
location= org.apache.commons.math.analysis.solvers.BaseSecantSolver
line= 188
lineSuspiciousness= 0.707
original statement= x0 = 0.5 * ((x0 + x1) - (org.apache.commons.math.util.FastMath.max((rtol * (org.apache.commons.math.util.FastMath.abs(x1))), atol)))
fixed statement= 
generation= 311
ingredientScope= -
validation=
failing: |true|0|9|[]|
manual_regression: |true|0|2897|[]|
evo_regression: |true|0|36|[]|
 ----
ProgramVariant 652
 
time(sec)= 4540
operation: RemoveOp
location= org.apache.commons.math.analysis.solvers.BaseSecantSolver
line= 188
lineSuspiciousness= 0.707
original statement= x0 = 0.5 * ((x0 + x1) - (org.apache.commons.math.util.FastMath.max((rtol * (org.apache.commons.math.util.FastMath.abs(x1))), atol)))
fixed statement= 
generation= 326
ingredientScope= -
validation=
failing: |true|0|9|[]|
manual_regression: |true|0|2897|[]|
evo_regression: |true|0|36|[]|
 ----
ProgramVariant 668
 
time(sec)= 4728
operation: RemoveOp
location= org.apache.commons.math.analysis.solvers.BaseSecantSolver
line= 188
lineSuspiciousness= 0.707
original statement= x0 = 0.5 * ((x0 + x1) - (org.apache.commons.math.util.FastMath.max((rtol * (org.apache.commons.math.util.FastMath.abs(x1))), atol)))
fixed statement= 
generation= 334
ingredientScope= -
validation=
failing: |true|0|9|[]|
manual_regression: |true|0|2897|[]|
evo_regression: |true|0|36|[]|
 ----
ProgramVariant 828
 
time(sec)= 5189
operation: RemoveOp
location= org.apache.commons.math.analysis.solvers.BaseSecantSolver
line= 178
lineSuspiciousness= 0.151
original statement= switch (method) {
	case ILLINOIS :
		f0 *= 0.5;
		break;
	case PEGASUS :
		f0 *= f1 / (f1 + fx);
		break;
	case REGULA_FALSI :
		if (x == x1) {
			x0 = 0.5 * ((x0 + x1) - (org.apache.commons.math.util.FastMath.max((rtol * (org.apache.commons.math.util.FastMath.abs(x1))), atol)));
			f0 = computeObjectiveValue(x0);
		} 
		break;
	default :
		throw new org.apache.commons.math.exception.MathInternalError();
}
fixed statement= 
generation= 414
ingredientScope= -
validation=
failing: |true|0|9|[]|
manual_regression: |false|3|2897|[testQuinticZero(org.apache.commons.math.analysis.solvers.IllinoisSolverTest): null-, testQuinticZero(org.apache.commons.math.analysis.solvers.PegasusSolverTest): null-, testOverlappingEvents1(org.apache.commons.math.ode.events.OverlappingEventsTest): illegal state: maximal count (999) exceeded: evaluations-]|
evo_regression: |false|8|36|[test35(org.apache.commons.math.analysis.solvers.BaseSecantSolver_ESTest): illegal state: maximal count (248) exceeded: evaluations-, test28(org.apache.commons.math.analysis.solvers.BaseSecantSolver_ESTest): illegal state: maximal count (1, 282) exceeded: evaluations-, test29(org.apache.commons.math.analysis.solvers.BaseSecantSolver_ESTest): illegal state: maximal count (1, 282) exceeded: evaluations-, test27(org.apache.commons.math.analysis.solvers.BaseSecantSolver_ESTest): illegal state: maximal count (1, 282) exceeded: evaluations-, test22(org.apache.commons.math.analysis.solvers.BaseSecantSolver_ESTest): illegal state: maximal count (1, 282) exceeded: evaluations-, test23(org.apache.commons.math.analysis.solvers.BaseSecantSolver_ESTest): expected:<1699.601625592078> but was:<1756.1502933566944>-, test20(org.apache.commons.math.analysis.solvers.BaseSecantSolver_ESTest): illegal state: maximal count (1, 282) exceeded: evaluations-, test21(org.apache.commons.math.analysis.solvers.BaseSecantSolver_ESTest): illegal state: maximal count (1, 282) exceeded: evaluations-]|
 ----
ProgramVariant 942
 
time(sec)= 5558
operation: RemoveOp
location= org.apache.commons.math.analysis.solvers.BaseSecantSolver
line= 188
lineSuspiciousness= 0.707
original statement= x0 = 0.5 * ((x0 + x1) - (org.apache.commons.math.util.FastMath.max((rtol * (org.apache.commons.math.util.FastMath.abs(x1))), atol)))
fixed statement= 
generation= 471
ingredientScope= -
validation=
failing: |true|0|9|[]|
manual_regression: |true|0|2897|[]|
evo_regression: |true|0|36|[]|
 ----
ProgramVariant 952
 
time(sec)= 5777
operation: InsertAfterOp
location= org.apache.commons.math.analysis.solvers.BaseSecantSolver
line= 188
lineSuspiciousness= 0.707
original statement= x0 = 0.5 * ((x0 + x1) - (org.apache.commons.math.util.FastMath.max((rtol * (org.apache.commons.math.util.FastMath.abs(x1))), atol)))
fixed statement= double y0 = computeObjectiveValue(x0)
generation= 476
ingredientScope= PACKAGE
validation=
failing: |true|0|9|[]|
manual_regression: |true|0|2897|[]|
evo_regression: |true|0|36|[]|
 ----
ProgramVariant 1004
 
time(sec)= 6078
operation: RemoveOp
location= org.apache.commons.math.analysis.solvers.BaseSecantSolver
line= 188
lineSuspiciousness= 0.707
original statement= x0 = 0.5 * ((x0 + x1) - (org.apache.commons.math.util.FastMath.max((rtol * (org.apache.commons.math.util.FastMath.abs(x1))), atol)))
fixed statement= 
generation= 502
ingredientScope= -
validation=
failing: |true|0|9|[]|
manual_regression: |true|0|2897|[]|
evo_regression: |true|0|36|[]|
 ----
ProgramVariant 1048
 
time(sec)= 6292
operation: RemoveOp
location= org.apache.commons.math.analysis.solvers.BaseSecantSolver
line= 188
lineSuspiciousness= 0.707
original statement= x0 = 0.5 * ((x0 + x1) - (org.apache.commons.math.util.FastMath.max((rtol * (org.apache.commons.math.util.FastMath.abs(x1))), atol)))
fixed statement= 
generation= 524
ingredientScope= -
validation=
failing: |true|0|9|[]|
manual_regression: |true|0|2897|[]|
evo_regression: |true|0|36|[]|
 ----
ProgramVariant 1086
 
time(sec)= 6500
operation: RemoveOp
location= org.apache.commons.math.analysis.solvers.BaseSecantSolver
line= 178
lineSuspiciousness= 0.151
original statement= switch (method) {
	case ILLINOIS :
		f0 *= 0.5;
		break;
	case PEGASUS :
		f0 *= f1 / (f1 + fx);
		break;
	case REGULA_FALSI :
		if (x == x1) {
			x0 = 0.5 * ((x0 + x1) - (org.apache.commons.math.util.FastMath.max((rtol * (org.apache.commons.math.util.FastMath.abs(x1))), atol)));
			f0 = computeObjectiveValue(x0);
		} 
		break;
	default :
		throw new org.apache.commons.math.exception.MathInternalError();
}
fixed statement= 
generation= 543
ingredientScope= -
validation=
failing: |true|0|9|[]|
manual_regression: |false|3|2897|[testQuinticZero(org.apache.commons.math.analysis.solvers.IllinoisSolverTest): null-, testQuinticZero(org.apache.commons.math.analysis.solvers.PegasusSolverTest): null-, testOverlappingEvents1(org.apache.commons.math.ode.events.OverlappingEventsTest): illegal state: maximal count (999) exceeded: evaluations-]|
evo_regression: |false|8|36|[test35(org.apache.commons.math.analysis.solvers.BaseSecantSolver_ESTest): illegal state: maximal count (248) exceeded: evaluations-, test28(org.apache.commons.math.analysis.solvers.BaseSecantSolver_ESTest): illegal state: maximal count (1, 282) exceeded: evaluations-, test29(org.apache.commons.math.analysis.solvers.BaseSecantSolver_ESTest): illegal state: maximal count (1, 282) exceeded: evaluations-, test27(org.apache.commons.math.analysis.solvers.BaseSecantSolver_ESTest): illegal state: maximal count (1, 282) exceeded: evaluations-, test22(org.apache.commons.math.analysis.solvers.BaseSecantSolver_ESTest): illegal state: maximal count (1, 282) exceeded: evaluations-, test23(org.apache.commons.math.analysis.solvers.BaseSecantSolver_ESTest): expected:<1699.601625592078> but was:<1756.1502933566944>-, test20(org.apache.commons.math.analysis.solvers.BaseSecantSolver_ESTest): illegal state: maximal count (1, 282) exceeded: evaluations-, test21(org.apache.commons.math.analysis.solvers.BaseSecantSolver_ESTest): illegal state: maximal count (1, 282) exceeded: evaluations-]|
 ----
ProgramVariant 1116
 
time(sec)= 6758
operation: RemoveOp
location= org.apache.commons.math.analysis.solvers.BaseSecantSolver
line= 188
lineSuspiciousness= 0.707
original statement= x0 = 0.5 * ((x0 + x1) - (org.apache.commons.math.util.FastMath.max((rtol * (org.apache.commons.math.util.FastMath.abs(x1))), atol)))
fixed statement= 
generation= 558
ingredientScope= -
validation=
failing: |true|0|9|[]|
manual_regression: |true|0|2897|[]|
evo_regression: |true|0|36|[]|
 ----
ProgramVariant 1170
 
time(sec)= 7001
operation: RemoveOp
location= org.apache.commons.math.analysis.solvers.BaseSecantSolver
line= 178
lineSuspiciousness= 0.151
original statement= switch (method) {
	case ILLINOIS :
		f0 *= 0.5;
		break;
	case PEGASUS :
		f0 *= f1 / (f1 + fx);
		break;
	case REGULA_FALSI :
		if (x == x1) {
			x0 = 0.5 * ((x0 + x1) - (org.apache.commons.math.util.FastMath.max((rtol * (org.apache.commons.math.util.FastMath.abs(x1))), atol)));
			f0 = computeObjectiveValue(x0);
		} 
		break;
	default :
		throw new org.apache.commons.math.exception.MathInternalError();
}
fixed statement= 
generation= 585
ingredientScope= -
validation=
failing: |true|0|9|[]|
manual_regression: |false|3|2897|[testQuinticZero(org.apache.commons.math.analysis.solvers.IllinoisSolverTest): null-, testQuinticZero(org.apache.commons.math.analysis.solvers.PegasusSolverTest): null-, testOverlappingEvents1(org.apache.commons.math.ode.events.OverlappingEventsTest): illegal state: maximal count (999) exceeded: evaluations-]|
evo_regression: |false|8|36|[test35(org.apache.commons.math.analysis.solvers.BaseSecantSolver_ESTest): illegal state: maximal count (248) exceeded: evaluations-, test28(org.apache.commons.math.analysis.solvers.BaseSecantSolver_ESTest): illegal state: maximal count (1, 282) exceeded: evaluations-, test29(org.apache.commons.math.analysis.solvers.BaseSecantSolver_ESTest): illegal state: maximal count (1, 282) exceeded: evaluations-, test27(org.apache.commons.math.analysis.solvers.BaseSecantSolver_ESTest): illegal state: maximal count (1, 282) exceeded: evaluations-, test22(org.apache.commons.math.analysis.solvers.BaseSecantSolver_ESTest): illegal state: maximal count (1, 282) exceeded: evaluations-, test23(org.apache.commons.math.analysis.solvers.BaseSecantSolver_ESTest): expected:<1699.601625592078> but was:<1756.1502933566944>-, test20(org.apache.commons.math.analysis.solvers.BaseSecantSolver_ESTest): illegal state: maximal count (1, 282) exceeded: evaluations-, test21(org.apache.commons.math.analysis.solvers.BaseSecantSolver_ESTest): illegal state: maximal count (1, 282) exceeded: evaluations-]|
 ----
ProgramVariant 1188
 
time(sec)= 7204
operation: RemoveOp
location= org.apache.commons.math.analysis.solvers.BaseSecantSolver
line= 178
lineSuspiciousness= 0.151
original statement= switch (method) {
	case ILLINOIS :
		f0 *= 0.5;
		break;
	case PEGASUS :
		f0 *= f1 / (f1 + fx);
		break;
	case REGULA_FALSI :
		if (x == x1) {
			x0 = 0.5 * ((x0 + x1) - (org.apache.commons.math.util.FastMath.max((rtol * (org.apache.commons.math.util.FastMath.abs(x1))), atol)));
			f0 = computeObjectiveValue(x0);
		} 
		break;
	default :
		throw new org.apache.commons.math.exception.MathInternalError();
}
fixed statement= 
generation= 594
ingredientScope= -
validation=
failing: |true|0|9|[]|
manual_regression: |false|3|2897|[testQuinticZero(org.apache.commons.math.analysis.solvers.IllinoisSolverTest): null-, testQuinticZero(org.apache.commons.math.analysis.solvers.PegasusSolverTest): null-, testOverlappingEvents1(org.apache.commons.math.ode.events.OverlappingEventsTest): illegal state: maximal count (999) exceeded: evaluations-]|
evo_regression: |false|8|36|[test35(org.apache.commons.math.analysis.solvers.BaseSecantSolver_ESTest): illegal state: maximal count (248) exceeded: evaluations-, test28(org.apache.commons.math.analysis.solvers.BaseSecantSolver_ESTest): illegal state: maximal count (1, 282) exceeded: evaluations-, test29(org.apache.commons.math.analysis.solvers.BaseSecantSolver_ESTest): illegal state: maximal count (1, 282) exceeded: evaluations-, test27(org.apache.commons.math.analysis.solvers.BaseSecantSolver_ESTest): illegal state: maximal count (1, 282) exceeded: evaluations-, test22(org.apache.commons.math.analysis.solvers.BaseSecantSolver_ESTest): illegal state: maximal count (1, 282) exceeded: evaluations-, test23(org.apache.commons.math.analysis.solvers.BaseSecantSolver_ESTest): expected:<1699.601625592078> but was:<1756.1502933566944>-, test20(org.apache.commons.math.analysis.solvers.BaseSecantSolver_ESTest): illegal state: maximal count (1, 282) exceeded: evaluations-, test21(org.apache.commons.math.analysis.solvers.BaseSecantSolver_ESTest): illegal state: maximal count (1, 282) exceeded: evaluations-]|
 ----
ProgramVariant 1196
 
time(sec)= 7398
operation: RemoveOp
location= org.apache.commons.math.analysis.solvers.BaseSecantSolver
line= 188
lineSuspiciousness= 0.707
original statement= x0 = 0.5 * ((x0 + x1) - (org.apache.commons.math.util.FastMath.max((rtol * (org.apache.commons.math.util.FastMath.abs(x1))), atol)))
fixed statement= 
generation= 598
ingredientScope= -
validation=
failing: |true|0|9|[]|
manual_regression: |true|0|2897|[]|
evo_regression: |true|0|36|[]|
[INFO ] fr.inria.main.evolution.AstorMain.run(AstorMain.java:397) - Time Total(s): 7557.98


Node: grimoire-2.nancy.grid5000.fr


Date: Fri Jan 27 23:37:53 CET 2017

removed classes 

zipped 

copied zip 


