seed AstorRun 19 
export PATH="/home/mmartinez/defects4j/framework/bin:$PATH";export JAVA_TOOL_OPTIONS=-Dfile.encoding=UTF8;export PATH="/usr/lib/jvm/java-1.7.0-openjdk-amd64/bin/:$PATH";cd /home/mmartinez/projects/math/math_8;defects4j compile;cp -r /home/mmartinez/projects/math/math_8 /tmp/math_8_Genprog_local_s1;cd /tmp/math_8_Genprog_local_s1;mkdir lib/;cp -r /home/mmartinez/defects4j/framework/projects/lib/* lib/;cp -r /home/mmartinez/defects4j/framework/projects/Math/lib/* lib/;find . -type f -name "package-info.java" -delete;
/home/mmartinez/defects4j-repair/src/python/core/../../../results/2016-june/Math/seed/19/package/8/Genprog/result
cd /tmp/math_8_Genprog_local_s1;export JAVA_TOOL_OPTIONS=-Dfile.encoding=UTF8;TZ="America/New_York"; export TZexport PATH="/usr/lib/jvm/java-1.7.0-openjdk-amd64/bin/:$PATH";time /home/mmartinez/jdk1.8.0_45/bin//java -Xmx4096m -cp /home/mmartinez/defects4j-repair/src/python/core/../../..//libs/astor.jar fr.inria.main.evolution.MainjGenProg -mode statement -location . -id Math -dependencies lib/ -failing org.apache.commons.math3.distribution.DiscreteRealDistributionTest: -package org.apache.commons -jvm4testexecution /usr/lib/jvm/java-1.7.0-openjdk-amd64/bin/ -jvm4evosuitetestexecution /home/mmartinez/jdk1.8.0_45/bin/ -javacompliancelevel 5 -maxgen 1000000 -seed 19 -scope package -maxtime 120  -stopfirst false -population 1 -srcjavafolder src/main/java/ -srctestfolder src/test/java/ -binjavafolder target/classes/ -bintestfolder target/test-classes/ -flthreshold 0.1  -validation  fr.inria.astor.core.validation.validators.RegressionValidation  -ESParameters -Dassertion_timeout=1800:-Dminimization_timeout=1800:-Djunit_check_timeout=1800:-Dwrite_junit_timeout=300:-Dinitialization_timeout=300:-Dglobal_timeout=18000:-Dsearch_budget=100000:-Dstopping_condition=MaxStatements:-Dno_runtime_dependency=true:-Dsandbox=false:-Dp_reflection_on_private=0.0:-Dreflection_start_percent=1.0:-Dp_functional_mocking=0.0:-Dfunctional_mocking_percent=1.0:-mem=2000 -ignoredtestcases org.apache.commons.lang.LocaleUtilsTest  -excludeRegression  -maxgen 100000000 ;echo "

Node: `hostname`
";echo "
Date: `date`
"; find /tmp/math_8_Genprog_local_s1/outputMutation -name "*.class" -type f -delete;echo "removed classes 
"; find . -name bin  -type d -print0|xargs -0 rm -r --; zip -r -q out.zip /tmp/math_8_Genprog_local_s1/outputMutation; echo "zipped 
";cp out.zip /home/mmartinez/defects4j-repair/src/python/core/../../../results/2016-june/Math/seed/19/package/8/Genprog; echo "copied zip 
";rm -rf /tmp/math_8_Genprog_local_s1;

[DEBUG] fr.inria.astor.core.loop.AstorCoreEngine.showResults(AstorCoreEngine.java:136) - End Repair Loops: Found solution
[DEBUG] fr.inria.astor.core.loop.AstorCoreEngine.showResults(AstorCoreEngine.java:137) - Solution stored at: /tmp/math_8_Genprog_local_s1/./outputMutation/AstorMain-Math//src/
[DEBUG] fr.inria.astor.core.loop.AstorCoreEngine.showResults(AstorCoreEngine.java:142) - 
Number solutions:19
[DEBUG] fr.inria.astor.core.loop.AstorCoreEngine.showResults(AstorCoreEngine.java:144) - f (sol): 1.0, [Variant id: 6 (SOL) , #gens: 23, #ops: 1, parent:5]
[DEBUG] fr.inria.astor.core.loop.AstorCoreEngine.showResults(AstorCoreEngine.java:144) - f (sol): 1.0, [Variant id: 14 (SOL) , #gens: 23, #ops: 1, parent:13]
[DEBUG] fr.inria.astor.core.loop.AstorCoreEngine.showResults(AstorCoreEngine.java:144) - f (sol): 1.0, [Variant id: 114 (SOL) , #gens: 23, #ops: 1, parent:113]
[DEBUG] fr.inria.astor.core.loop.AstorCoreEngine.showResults(AstorCoreEngine.java:144) - f (sol): 1.0, [Variant id: 176 (SOL) , #gens: 23, #ops: 1, parent:175]
[DEBUG] fr.inria.astor.core.loop.AstorCoreEngine.showResults(AstorCoreEngine.java:144) - f (sol): 1.0, [Variant id: 210 (SOL) , #gens: 23, #ops: 1, parent:209]
[DEBUG] fr.inria.astor.core.loop.AstorCoreEngine.showResults(AstorCoreEngine.java:144) - f (sol): 1.0, [Variant id: 236 (SOL) , #gens: 23, #ops: 1, parent:235]
[DEBUG] fr.inria.astor.core.loop.AstorCoreEngine.showResults(AstorCoreEngine.java:144) - f (sol): 1.0, [Variant id: 244 (SOL) , #gens: 23, #ops: 1, parent:243]
[DEBUG] fr.inria.astor.core.loop.AstorCoreEngine.showResults(AstorCoreEngine.java:144) - f (sol): 1.0, [Variant id: 248 (SOL) , #gens: 23, #ops: 1, parent:247]
[DEBUG] fr.inria.astor.core.loop.AstorCoreEngine.showResults(AstorCoreEngine.java:144) - f (sol): 1.0, [Variant id: 288 (SOL) , #gens: 23, #ops: 1, parent:287]
[DEBUG] fr.inria.astor.core.loop.AstorCoreEngine.showResults(AstorCoreEngine.java:144) - f (sol): 1.0, [Variant id: 374 (SOL) , #gens: 23, #ops: 1, parent:373]
[DEBUG] fr.inria.astor.core.loop.AstorCoreEngine.showResults(AstorCoreEngine.java:144) - f (sol): 1.0, [Variant id: 434 (SOL) , #gens: 23, #ops: 1, parent:433]
[DEBUG] fr.inria.astor.core.loop.AstorCoreEngine.showResults(AstorCoreEngine.java:144) - f (sol): 1.0, [Variant id: 446 (SOL) , #gens: 23, #ops: 1, parent:445]
[DEBUG] fr.inria.astor.core.loop.AstorCoreEngine.showResults(AstorCoreEngine.java:144) - f (sol): 1.0, [Variant id: 454 (SOL) , #gens: 23, #ops: 1, parent:453]
[DEBUG] fr.inria.astor.core.loop.AstorCoreEngine.showResults(AstorCoreEngine.java:144) - f (sol): 1.0, [Variant id: 484 (SOL) , #gens: 23, #ops: 1, parent:483]
[DEBUG] fr.inria.astor.core.loop.AstorCoreEngine.showResults(AstorCoreEngine.java:144) - f (sol): 1.0, [Variant id: 498 (SOL) , #gens: 23, #ops: 1, parent:497]
[DEBUG] fr.inria.astor.core.loop.AstorCoreEngine.showResults(AstorCoreEngine.java:144) - f (sol): 1.0, [Variant id: 508 (SOL) , #gens: 23, #ops: 1, parent:507]
[DEBUG] fr.inria.astor.core.loop.AstorCoreEngine.showResults(AstorCoreEngine.java:144) - f (sol): 1.0, [Variant id: 536 (SOL) , #gens: 23, #ops: 1, parent:535]
[DEBUG] fr.inria.astor.core.loop.AstorCoreEngine.showResults(AstorCoreEngine.java:144) - f (sol): 1.0, [Variant id: 552 (SOL) , #gens: 23, #ops: 1, parent:551]
[DEBUG] fr.inria.astor.core.loop.AstorCoreEngine.showResults(AstorCoreEngine.java:144) - f (sol): 1.0, [Variant id: 570 (SOL) , #gens: 23, #ops: 1, parent:569]
[DEBUG] fr.inria.astor.core.loop.AstorCoreEngine.showResults(AstorCoreEngine.java:146) - 
All variants:
[DEBUG] fr.inria.astor.core.loop.AstorCoreEngine.showResults(AstorCoreEngine.java:148) - f 1.0, [Variant id: 571, #gens: 24, #ops: 0, parent:-]
[INFO ] fr.inria.astor.core.loop.AstorCoreEngine.showResults(AstorCoreEngine.java:152) - 
Solution details
[INFO ] fr.inria.astor.core.loop.AstorCoreEngine.showResults(AstorCoreEngine.java:153) - 
 --SOLUTIONS DESCRIPTION--

 ----
ProgramVariant 6
 
time(sec)= 443
operation: RemoveOp
location= org.apache.commons.math3.distribution.DiscreteDistribution
line= 190
lineSuspiciousness= 0.707
original statement= out[i] = sample()
fixed statement= 
generation= 3
ingredientScope= -
validation=
failing: |true|0|13|[]|
manual_regression: |true|0|4782|[]|
evo_regression: |false|1|19|[test02(org.apache.commons.math3.distribution.DiscreteDistribution_ESTest): Expecting exception: NullPointerException-]|
 ----
ProgramVariant 14
 
time(sec)= 723
operation: RemoveOp
location= org.apache.commons.math3.distribution.DiscreteDistribution
line= 190
lineSuspiciousness= 0.707
original statement= out[i] = sample()
fixed statement= 
generation= 7
ingredientScope= -
validation=
failing: |true|0|13|[]|
manual_regression: |true|0|4782|[]|
evo_regression: |false|1|19|[test02(org.apache.commons.math3.distribution.DiscreteDistribution_ESTest): Expecting exception: NullPointerException-]|
 ----
ProgramVariant 114
 
time(sec)= 1352
operation: RemoveOp
location= org.apache.commons.math3.distribution.DiscreteDistribution
line= 189
lineSuspiciousness= 0.707
original statement= for (int i = 0 ; i < sampleSize ; i++) {
	out[i] = sample();
}
fixed statement= 
generation= 57
ingredientScope= -
validation=
failing: |true|0|13|[]|
manual_regression: |true|0|4782|[]|
evo_regression: |false|1|19|[test02(org.apache.commons.math3.distribution.DiscreteDistribution_ESTest): Expecting exception: NullPointerException-]|
 ----
ProgramVariant 176
 
time(sec)= 1800
operation: RemoveOp
location= org.apache.commons.math3.distribution.DiscreteDistribution
line= 190
lineSuspiciousness= 0.707
original statement= out[i] = sample()
fixed statement= 
generation= 88
ingredientScope= -
validation=
failing: |true|0|13|[]|
manual_regression: |true|0|4782|[]|
evo_regression: |false|1|19|[test02(org.apache.commons.math3.distribution.DiscreteDistribution_ESTest): Expecting exception: NullPointerException-]|
 ----
ProgramVariant 210
 
time(sec)= 2179
operation: RemoveOp
location= org.apache.commons.math3.distribution.DiscreteDistribution
line= 189
lineSuspiciousness= 0.707
original statement= for (int i = 0 ; i < sampleSize ; i++) {
	out[i] = sample();
}
fixed statement= 
generation= 105
ingredientScope= -
validation=
failing: |true|0|13|[]|
manual_regression: |true|0|4782|[]|
evo_regression: |false|1|19|[test02(org.apache.commons.math3.distribution.DiscreteDistribution_ESTest): Expecting exception: NullPointerException-]|
 ----
ProgramVariant 236
 
time(sec)= 2633
operation: RemoveOp
location= org.apache.commons.math3.distribution.DiscreteDistribution
line= 189
lineSuspiciousness= 0.707
original statement= for (int i = 0 ; i < sampleSize ; i++) {
	out[i] = sample();
}
fixed statement= 
generation= 118
ingredientScope= -
validation=
failing: |true|0|13|[]|
manual_regression: |true|0|4782|[]|
evo_regression: |false|1|19|[test02(org.apache.commons.math3.distribution.DiscreteDistribution_ESTest): Expecting exception: NullPointerException-]|
 ----
ProgramVariant 244
 
time(sec)= 2936
operation: RemoveOp
location= org.apache.commons.math3.distribution.DiscreteDistribution
line= 189
lineSuspiciousness= 0.707
original statement= for (int i = 0 ; i < sampleSize ; i++) {
	out[i] = sample();
}
fixed statement= 
generation= 122
ingredientScope= -
validation=
failing: |true|0|13|[]|
manual_regression: |true|0|4782|[]|
evo_regression: |false|1|19|[test02(org.apache.commons.math3.distribution.DiscreteDistribution_ESTest): Expecting exception: NullPointerException-]|
 ----
ProgramVariant 248
 
time(sec)= 3211
operation: RemoveOp
location= org.apache.commons.math3.distribution.DiscreteDistribution
line= 190
lineSuspiciousness= 0.707
original statement= out[i] = sample()
fixed statement= 
generation= 124
ingredientScope= -
validation=
failing: |true|0|13|[]|
manual_regression: |true|0|4782|[]|
evo_regression: |false|1|19|[test02(org.apache.commons.math3.distribution.DiscreteDistribution_ESTest): Expecting exception: NullPointerException-]|
 ----
ProgramVariant 288
 
time(sec)= 3579
operation: RemoveOp
location= org.apache.commons.math3.distribution.DiscreteDistribution
line= 189
lineSuspiciousness= 0.707
original statement= for (int i = 0 ; i < sampleSize ; i++) {
	out[i] = sample();
}
fixed statement= 
generation= 144
ingredientScope= -
validation=
failing: |true|0|13|[]|
manual_regression: |true|0|4782|[]|
evo_regression: |false|1|19|[test02(org.apache.commons.math3.distribution.DiscreteDistribution_ESTest): Expecting exception: NullPointerException-]|
 ----
ProgramVariant 374
 
time(sec)= 4390
operation: RemoveOp
location= org.apache.commons.math3.distribution.DiscreteDistribution
line= 189
lineSuspiciousness= 0.707
original statement= for (int i = 0 ; i < sampleSize ; i++) {
	out[i] = sample();
}
fixed statement= 
generation= 187
ingredientScope= -
validation=
failing: |true|0|13|[]|
manual_regression: |true|0|4782|[]|
evo_regression: |false|1|19|[test02(org.apache.commons.math3.distribution.DiscreteDistribution_ESTest): Expecting exception: NullPointerException-]|
 ----
ProgramVariant 434
 
time(sec)= 4954
operation: RemoveOp
location= org.apache.commons.math3.distribution.DiscreteDistribution
line= 190
lineSuspiciousness= 0.707
original statement= out[i] = sample()
fixed statement= 
generation= 217
ingredientScope= -
validation=
failing: |true|0|13|[]|
manual_regression: |true|0|4782|[]|
evo_regression: |false|1|19|[test02(org.apache.commons.math3.distribution.DiscreteDistribution_ESTest): Expecting exception: NullPointerException-]|
 ----
ProgramVariant 446
 
time(sec)= 5252
operation: RemoveOp
location= org.apache.commons.math3.distribution.DiscreteDistribution
line= 190
lineSuspiciousness= 0.707
original statement= out[i] = sample()
fixed statement= 
generation= 223
ingredientScope= -
validation=
failing: |true|0|13|[]|
manual_regression: |true|0|4782|[]|
evo_regression: |false|1|19|[test02(org.apache.commons.math3.distribution.DiscreteDistribution_ESTest): Expecting exception: NullPointerException-]|
 ----
ProgramVariant 454
 
time(sec)= 5535
operation: RemoveOp
location= org.apache.commons.math3.distribution.DiscreteDistribution
line= 190
lineSuspiciousness= 0.707
original statement= out[i] = sample()
fixed statement= 
generation= 227
ingredientScope= -
validation=
failing: |true|0|13|[]|
manual_regression: |true|0|4782|[]|
evo_regression: |false|1|19|[test02(org.apache.commons.math3.distribution.DiscreteDistribution_ESTest): Expecting exception: NullPointerException-]|
 ----
ProgramVariant 484
 
time(sec)= 5861
operation: RemoveOp
location= org.apache.commons.math3.distribution.DiscreteDistribution
line= 190
lineSuspiciousness= 0.707
original statement= out[i] = sample()
fixed statement= 
generation= 242
ingredientScope= -
validation=
failing: |true|0|13|[]|
manual_regression: |true|0|4782|[]|
evo_regression: |false|1|19|[test02(org.apache.commons.math3.distribution.DiscreteDistribution_ESTest): Expecting exception: NullPointerException-]|
 ----
ProgramVariant 498
 
time(sec)= 6167
operation: RemoveOp
location= org.apache.commons.math3.distribution.DiscreteDistribution
line= 190
lineSuspiciousness= 0.707
original statement= out[i] = sample()
fixed statement= 
generation= 249
ingredientScope= -
validation=
failing: |true|0|13|[]|
manual_regression: |true|0|4782|[]|
evo_regression: |false|1|19|[test02(org.apache.commons.math3.distribution.DiscreteDistribution_ESTest): Expecting exception: NullPointerException-]|
 ----
ProgramVariant 508
 
time(sec)= 6471
operation: RemoveOp
location= org.apache.commons.math3.distribution.DiscreteDistribution
line= 190
lineSuspiciousness= 0.707
original statement= out[i] = sample()
fixed statement= 
generation= 254
ingredientScope= -
validation=
failing: |true|0|13|[]|
manual_regression: |true|0|4782|[]|
evo_regression: |false|1|19|[test02(org.apache.commons.math3.distribution.DiscreteDistribution_ESTest): Expecting exception: NullPointerException-]|
 ----
ProgramVariant 536
 
time(sec)= 6829
operation: RemoveOp
location= org.apache.commons.math3.distribution.DiscreteDistribution
line= 190
lineSuspiciousness= 0.707
original statement= out[i] = sample()
fixed statement= 
generation= 268
ingredientScope= -
validation=
failing: |true|0|13|[]|
manual_regression: |true|0|4782|[]|
evo_regression: |false|1|19|[test02(org.apache.commons.math3.distribution.DiscreteDistribution_ESTest): Expecting exception: NullPointerException-]|
 ----
ProgramVariant 552
 
time(sec)= 7184
operation: RemoveOp
location= org.apache.commons.math3.distribution.DiscreteDistribution
line= 190
lineSuspiciousness= 0.707
original statement= out[i] = sample()
fixed statement= 
generation= 276
ingredientScope= -
validation=
failing: |true|0|13|[]|
manual_regression: |true|0|4782|[]|
evo_regression: |false|1|19|[test02(org.apache.commons.math3.distribution.DiscreteDistribution_ESTest): Expecting exception: NullPointerException-]|
 ----
ProgramVariant 570
 
time(sec)= 7508
operation: RemoveOp
location= org.apache.commons.math3.distribution.DiscreteDistribution
line= 189
lineSuspiciousness= 0.707
original statement= for (int i = 0 ; i < sampleSize ; i++) {
	out[i] = sample();
}
fixed statement= 
generation= 285
ingredientScope= -
validation=
failing: |true|0|13|[]|
manual_regression: |true|0|4782|[]|
evo_regression: |false|1|19|[test02(org.apache.commons.math3.distribution.DiscreteDistribution_ESTest): Expecting exception: NullPointerException-]|
[INFO ] fr.inria.main.evolution.AstorMain.run(AstorMain.java:397) - Time Total(s): 8430.186


Node: graphene-102.nancy.grid5000.fr


Date: Fri Jan 20 07:55:11 CET 2017

removed classes 

zipped 

copied zip 


