seed AstorRun 17 
export PATH="/home/mmartinez/defects4j/framework/bin:$PATH";export JAVA_TOOL_OPTIONS=-Dfile.encoding=UTF8;export PATH="/usr/lib/jvm/java-1.7.0-openjdk-amd64/bin/:$PATH";cd /home/mmartinez/projects/math/math_95;defects4j compile;cp -r /home/mmartinez/projects/math/math_95 /tmp/math_95_Genprog_local_s1;cd /tmp/math_95_Genprog_local_s1;mkdir lib/;cp -r /home/mmartinez/defects4j/framework/projects/lib/* lib/;cp -r /home/mmartinez/defects4j/framework/projects/Math/lib/* lib/;find . -type f -name "package-info.java" -delete;
/home/mmartinez/defects4j-repair/src/python/core/../../../results/2016-june/Math/seed/17/package/95/Genprog/result
cd /tmp/math_95_Genprog_local_s1;export JAVA_TOOL_OPTIONS=-Dfile.encoding=UTF8;TZ="America/New_York"; export TZexport PATH="/usr/lib/jvm/java-1.7.0-openjdk-amd64/bin/:$PATH";time /home/mmartinez/jdk1.8.0_45/bin//java -Xmx4096m -cp /home/mmartinez/defects4j-repair/src/python/core/../../..//libs/astor.jar fr.inria.main.evolution.MainjGenProg -mode statement -location . -id Math -dependencies lib/ -failing org.apache.commons.math.distribution.FDistributionTest: -package org.apache.commons -jvm4testexecution /usr/lib/jvm/java-1.7.0-openjdk-amd64/bin/ -jvm4evosuitetestexecution /home/mmartinez/jdk1.8.0_45/bin/ -javacompliancelevel 6 -maxgen 1000000 -seed 17 -scope package -maxtime 120  -stopfirst false -population 1 -srcjavafolder src/java/ -srctestfolder src/test/ -binjavafolder target/classes/ -bintestfolder target/test-classes/ -flthreshold 0.1  -validation  fr.inria.astor.core.validation.validators.RegressionValidation  -ESParameters -Dassertion_timeout=1800:-Dminimization_timeout=1800:-Djunit_check_timeout=1800:-Dwrite_junit_timeout=300:-Dinitialization_timeout=300:-Dglobal_timeout=18000:-Dsearch_budget=100000:-Dstopping_condition=MaxStatements:-Dno_runtime_dependency=true:-Dsandbox=false:-Dp_reflection_on_private=0.0:-Dreflection_start_percent=1.0:-Dp_functional_mocking=0.0:-Dfunctional_mocking_percent=1.0:-mem=2000 -ignoredtestcases org.apache.commons.lang.LocaleUtilsTest  -excludeRegression  -maxgen 100000000 ;echo "

Node: `hostname`
";echo "
Date: `date`
"; find /tmp/math_95_Genprog_local_s1/outputMutation -name "*.class" -type f -delete;echo "removed classes 
"; find . -name bin  -type d -print0|xargs -0 rm -r --; zip -r -q out.zip /tmp/math_95_Genprog_local_s1/outputMutation; echo "zipped 
";cp out.zip /home/mmartinez/defects4j-repair/src/python/core/../../../results/2016-june/Math/seed/17/package/95/Genprog; echo "copied zip 
";rm -rf /tmp/math_95_Genprog_local_s1;

[DEBUG] fr.inria.astor.core.loop.AstorCoreEngine.showResults(AstorCoreEngine.java:136) - End Repair Loops: Found solution
[DEBUG] fr.inria.astor.core.loop.AstorCoreEngine.showResults(AstorCoreEngine.java:137) - Solution stored at: /tmp/math_95_Genprog_local_s1/./outputMutation/AstorMain-Math//src/
[DEBUG] fr.inria.astor.core.loop.AstorCoreEngine.showResults(AstorCoreEngine.java:142) - 
Number solutions:8
[DEBUG] fr.inria.astor.core.loop.AstorCoreEngine.showResults(AstorCoreEngine.java:144) - f (sol): 3.0, [Variant id: 70 (SOL) , #gens: 31, #ops: 1, parent:69]
[DEBUG] fr.inria.astor.core.loop.AstorCoreEngine.showResults(AstorCoreEngine.java:144) - f (sol): 2.0, [Variant id: 354 (SOL) , #gens: 30, #ops: 1, parent:353]
[DEBUG] fr.inria.astor.core.loop.AstorCoreEngine.showResults(AstorCoreEngine.java:144) - f (sol): 2.0, [Variant id: 982 (SOL) , #gens: 30, #ops: 1, parent:981]
[DEBUG] fr.inria.astor.core.loop.AstorCoreEngine.showResults(AstorCoreEngine.java:144) - f (sol): 2.0, [Variant id: 1076 (SOL) , #gens: 30, #ops: 1, parent:1075]
[DEBUG] fr.inria.astor.core.loop.AstorCoreEngine.showResults(AstorCoreEngine.java:144) - f (sol): 3.0, [Variant id: 1098 (SOL) , #gens: 30, #ops: 1, parent:1097]
[DEBUG] fr.inria.astor.core.loop.AstorCoreEngine.showResults(AstorCoreEngine.java:144) - f (sol): 2.0, [Variant id: 1108 (SOL) , #gens: 30, #ops: 1, parent:1107]
[DEBUG] fr.inria.astor.core.loop.AstorCoreEngine.showResults(AstorCoreEngine.java:144) - f (sol): 3.0, [Variant id: 1542 (SOL) , #gens: 30, #ops: 1, parent:1541]
[DEBUG] fr.inria.astor.core.loop.AstorCoreEngine.showResults(AstorCoreEngine.java:144) - f (sol): 2.0, [Variant id: 1546 (SOL) , #gens: 30, #ops: 1, parent:1545]
[DEBUG] fr.inria.astor.core.loop.AstorCoreEngine.showResults(AstorCoreEngine.java:146) - 
All variants:
[DEBUG] fr.inria.astor.core.loop.AstorCoreEngine.showResults(AstorCoreEngine.java:148) - f 1.0, [Variant id: 4579, #gens: 30, #ops: 0, parent:-]
[INFO ] fr.inria.astor.core.loop.AstorCoreEngine.showResults(AstorCoreEngine.java:152) - 
Solution details
[INFO ] fr.inria.astor.core.loop.AstorCoreEngine.showResults(AstorCoreEngine.java:153) - 
 --SOLUTIONS DESCRIPTION--

 ----
ProgramVariant 70
 
time(sec)= 266
operation: InsertAfterOp
location= org.apache.commons.math.distribution.FDistributionImpl
line= 147
lineSuspiciousness= 0.258
original statement= ret = d / (d - 2.0)
fixed statement= ret = 0.5
generation= 35
ingredientScope= PACKAGE
validation=
failing: |true|0|9|[]|
manual_regression: |true|0|1298|[warning(junit.framework.TestSuite$1): Class org.apache.commons.math.ode.nonstiff.StepInterpolatorAbstractTest has no public constructor TestCase(String name) or TestCase()-]|
evo_regression: |false|3|20|[test17(org.apache.commons.math.distribution.FDistributionImpl_ESTest): Expecting exception: IllegalArgumentException-, test03(org.apache.commons.math.distribution.FDistributionImpl_ESTest): expected:<1.001514114346824> but was:<0.5>-, test04(org.apache.commons.math.distribution.FDistributionImpl_ESTest): expected:<-5.000000000000025E-15> but was:<0.5>-]|
 ----
ProgramVariant 354
 
time(sec)= 919
operation: ReplaceOp
location= org.apache.commons.math.distribution.FDistributionImpl
line= 148
lineSuspiciousness= 0.258
original statement= return ret
fixed statement= return 0
generation= 177
ingredientScope= PACKAGE
validation=
failing: |true|0|9|[]|
manual_regression: |true|0|1298|[warning(junit.framework.TestSuite$1): Class org.apache.commons.math.ode.nonstiff.StepInterpolatorAbstractTest has no public constructor TestCase(String name) or TestCase()-]|
evo_regression: |false|2|20|[test17(org.apache.commons.math.distribution.FDistributionImpl_ESTest): Expecting exception: IllegalArgumentException-, test03(org.apache.commons.math.distribution.FDistributionImpl_ESTest): expected:<1.001514114346824> but was:<0.0>-]|
 ----
ProgramVariant 982
 
time(sec)= 2278
operation: ReplaceOp
location= org.apache.commons.math.distribution.FDistributionImpl
line= 147
lineSuspiciousness= 0.258
original statement= ret = d / (d - 2.0)
fixed statement= ret = 1.0
generation= 491
ingredientScope= PACKAGE
validation=
failing: |true|0|9|[]|
manual_regression: |true|0|1298|[warning(junit.framework.TestSuite$1): Class org.apache.commons.math.ode.nonstiff.StepInterpolatorAbstractTest has no public constructor TestCase(String name) or TestCase()-]|
evo_regression: |false|2|20|[test17(org.apache.commons.math.distribution.FDistributionImpl_ESTest): Expecting exception: IllegalArgumentException-, test04(org.apache.commons.math.distribution.FDistributionImpl_ESTest): expected:<-5.000000000000025E-15> but was:<1.0>-]|
 ----
ProgramVariant 1076
 
time(sec)= 2364
operation: ReplaceOp
location= org.apache.commons.math.distribution.FDistributionImpl
line= 148
lineSuspiciousness= 0.258
original statement= return ret
fixed statement= return 0.0
generation= 538
ingredientScope= PACKAGE
validation=
failing: |true|0|9|[]|
manual_regression: |true|0|1298|[warning(junit.framework.TestSuite$1): Class org.apache.commons.math.ode.nonstiff.StepInterpolatorAbstractTest has no public constructor TestCase(String name) or TestCase()-]|
evo_regression: |false|2|20|[test17(org.apache.commons.math.distribution.FDistributionImpl_ESTest): Expecting exception: IllegalArgumentException-, test03(org.apache.commons.math.distribution.FDistributionImpl_ESTest): expected:<1.001514114346824> but was:<0.0>-]|
 ----
ProgramVariant 1098
 
time(sec)= 2445
operation: ReplaceOp
location= org.apache.commons.math.distribution.FDistributionImpl
line= 148
lineSuspiciousness= 0.258
original statement= return ret
fixed statement= return numeratorDegreesOfFreedom
generation= 549
ingredientScope= LOCAL
validation=
failing: |true|0|9|[]|
manual_regression: |true|0|1298|[warning(junit.framework.TestSuite$1): Class org.apache.commons.math.ode.nonstiff.StepInterpolatorAbstractTest has no public constructor TestCase(String name) or TestCase()-]|
evo_regression: |false|3|20|[test17(org.apache.commons.math.distribution.FDistributionImpl_ESTest): Expecting exception: IllegalArgumentException-, test03(org.apache.commons.math.distribution.FDistributionImpl_ESTest): expected:<1.001514114346824> but was:<1322.9042>-, test04(org.apache.commons.math.distribution.FDistributionImpl_ESTest): expected:<-5.000000000000025E-15> but was:<1591.17301>-]|
 ----
ProgramVariant 1108
 
time(sec)= 2517
operation: ReplaceOp
location= org.apache.commons.math.distribution.FDistributionImpl
line= 148
lineSuspiciousness= 0.258
original statement= return ret
fixed statement= return p
generation= 554
ingredientScope= PACKAGE
validation=
failing: |true|0|9|[]|
manual_regression: |true|0|1298|[warning(junit.framework.TestSuite$1): Class org.apache.commons.math.ode.nonstiff.StepInterpolatorAbstractTest has no public constructor TestCase(String name) or TestCase()-]|
evo_regression: |false|2|20|[test17(org.apache.commons.math.distribution.FDistributionImpl_ESTest): Expecting exception: IllegalArgumentException-, test03(org.apache.commons.math.distribution.FDistributionImpl_ESTest): expected:<1.001514114346824> but was:<1322.9042>-]|
 ----
ProgramVariant 1542
 
time(sec)= 3650
operation: ReplaceOp
location= org.apache.commons.math.distribution.FDistributionImpl
line= 147
lineSuspiciousness= 0.258
original statement= ret = d / (d - 2.0)
fixed statement= ret = 0.5
generation= 771
ingredientScope= PACKAGE
validation=
failing: |true|0|9|[]|
manual_regression: |true|0|1298|[warning(junit.framework.TestSuite$1): Class org.apache.commons.math.ode.nonstiff.StepInterpolatorAbstractTest has no public constructor TestCase(String name) or TestCase()-]|
evo_regression: |false|3|20|[test17(org.apache.commons.math.distribution.FDistributionImpl_ESTest): Expecting exception: IllegalArgumentException-, test03(org.apache.commons.math.distribution.FDistributionImpl_ESTest): expected:<1.001514114346824> but was:<0.5>-, test04(org.apache.commons.math.distribution.FDistributionImpl_ESTest): expected:<-5.000000000000025E-15> but was:<0.5>-]|
 ----
ProgramVariant 1546
 
time(sec)= 3720
operation: ReplaceOp
location= org.apache.commons.math.distribution.FDistributionImpl
line= 147
lineSuspiciousness= 0.258
original statement= ret = d / (d - 2.0)
fixed statement= ret = 0.0
generation= 773
ingredientScope= PACKAGE
validation=
failing: |true|0|9|[]|
manual_regression: |true|0|1298|[warning(junit.framework.TestSuite$1): Class org.apache.commons.math.ode.nonstiff.StepInterpolatorAbstractTest has no public constructor TestCase(String name) or TestCase()-]|
evo_regression: |false|2|20|[test17(org.apache.commons.math.distribution.FDistributionImpl_ESTest): Expecting exception: IllegalArgumentException-, test03(org.apache.commons.math.distribution.FDistributionImpl_ESTest): expected:<1.001514114346824> but was:<0.0>-]|
[INFO ] fr.inria.main.evolution.AstorMain.run(AstorMain.java:397) - Time Total(s): 7305.243


Node: graphene-133.nancy.grid5000.fr


Date: Thu Jan 19 01:52:50 CET 2017

removed classes 

zipped 

copied zip 


