seed AstorRun 16 
export PATH="/home/mmartinez/defects4j/framework/bin:$PATH";export JAVA_TOOL_OPTIONS=-Dfile.encoding=UTF8;export PATH="/usr/lib/jvm/java-1.7.0-openjdk-amd64/bin/:$PATH";cd /home/mmartinez/projects/chart/chart_25;defects4j compile;cp -r /home/mmartinez/projects/chart/chart_25 /tmp/chart_25_Genprog_local_s1;cd /tmp/chart_25_Genprog_local_s1;mkdir lib/;cp -r /home/mmartinez/defects4j/framework/projects/lib/* lib/;cp -r /home/mmartinez/defects4j/framework/projects/Chart/lib/* lib/;find . -type f -name "package-info.java" -delete;
/home/mmartinez/defects4j-repair/src/python/core/../../../results/2016-june/Chart/seed/16/package/25/Genprog/result
cd /tmp/chart_25_Genprog_local_s1;export JAVA_TOOL_OPTIONS=-Dfile.encoding=UTF8;TZ="America/New_York"; export TZexport PATH="/usr/lib/jvm/java-1.7.0-openjdk-amd64/bin/:$PATH";time /home/mmartinez/jdk1.8.0_45/bin//java -Xmx4096m -cp /home/mmartinez/defects4j-repair/src/python/core/../../..//libs/astor.jar fr.inria.main.evolution.MainjGenProg -mode statement -location . -id Chart -dependencies lib/ -failing org.jfree.chart.renderer.category.junit.StatisticalBarRendererTests:org.jfree.chart.renderer.category.junit.StatisticalBarRendererTests:org.jfree.chart.renderer.category.junit.StatisticalBarRendererTests:org.jfree.chart.renderer.category.junit.StatisticalBarRendererTests: -package org.jfree -jvm4testexecution /usr/lib/jvm/java-1.7.0-openjdk-amd64/bin/ -jvm4evosuitetestexecution /home/mmartinez/jdk1.8.0_45/bin/ -javacompliancelevel 4 -maxgen 1000000 -seed 16 -scope package -maxtime 120  -stopfirst false -population 1 -srcjavafolder source/ -srctestfolder tests/ -binjavafolder build/ -bintestfolder build-tests/ -flthreshold 0.1  -validation  fr.inria.astor.core.validation.validators.RegressionValidation  -ESParameters -Dassertion_timeout=1800:-Dminimization_timeout=1800:-Djunit_check_timeout=1800:-Dwrite_junit_timeout=300:-Dinitialization_timeout=300:-Dglobal_timeout=18000:-Dsearch_budget=100000:-Dstopping_condition=MaxStatements:-Dno_runtime_dependency=true:-Dsandbox=false:-Dp_reflection_on_private=0.0:-Dreflection_start_percent=1.0:-Dp_functional_mocking=0.0:-Dfunctional_mocking_percent=1.0:-mem=2000 -ignoredtestcases org.apache.commons.lang.LocaleUtilsTest  -excludeRegression  -maxgen 100000000 ;echo "

Node: `hostname`
";echo "
Date: `date`
"; find /tmp/chart_25_Genprog_local_s1/outputMutation -name "*.class" -type f -delete;echo "removed classes 
"; find . -name bin  -type d -print0|xargs -0 rm -r --; zip -r -q out.zip /tmp/chart_25_Genprog_local_s1/outputMutation; echo "zipped 
";cp out.zip /home/mmartinez/defects4j-repair/src/python/core/../../../results/2016-june/Chart/seed/16/package/25/Genprog; echo "copied zip 
";rm -rf /tmp/chart_25_Genprog_local_s1;

[DEBUG] fr.inria.astor.core.loop.AstorCoreEngine.showResults(AstorCoreEngine.java:136) - End Repair Loops: Found solution
[DEBUG] fr.inria.astor.core.loop.AstorCoreEngine.showResults(AstorCoreEngine.java:137) - Solution stored at: /tmp/chart_25_Genprog_local_s1/./outputMutation/AstorMain-Chart//src/
[DEBUG] fr.inria.astor.core.loop.AstorCoreEngine.showResults(AstorCoreEngine.java:142) - 
Number solutions:9
[DEBUG] fr.inria.astor.core.loop.AstorCoreEngine.showResults(AstorCoreEngine.java:144) - f (sol): 0.0, [Variant id: 124 (SOL) , #gens: 955, #ops: 1, parent:123]
[DEBUG] fr.inria.astor.core.loop.AstorCoreEngine.showResults(AstorCoreEngine.java:144) - f (sol): 0.0, [Variant id: 202 (SOL) , #gens: 955, #ops: 1, parent:201]
[DEBUG] fr.inria.astor.core.loop.AstorCoreEngine.showResults(AstorCoreEngine.java:144) - f (sol): 0.0, [Variant id: 470 (SOL) , #gens: 955, #ops: 1, parent:469]
[DEBUG] fr.inria.astor.core.loop.AstorCoreEngine.showResults(AstorCoreEngine.java:144) - f (sol): 0.0, [Variant id: 724 (SOL) , #gens: 956, #ops: 1, parent:723]
[DEBUG] fr.inria.astor.core.loop.AstorCoreEngine.showResults(AstorCoreEngine.java:144) - f (sol): 0.0, [Variant id: 746 (SOL) , #gens: 955, #ops: 1, parent:745]
[DEBUG] fr.inria.astor.core.loop.AstorCoreEngine.showResults(AstorCoreEngine.java:144) - f (sol): 0.0, [Variant id: 864 (SOL) , #gens: 955, #ops: 1, parent:863]
[DEBUG] fr.inria.astor.core.loop.AstorCoreEngine.showResults(AstorCoreEngine.java:144) - f (sol): 3.0, [Variant id: 956 (SOL) , #gens: 956, #ops: 1, parent:955]
[DEBUG] fr.inria.astor.core.loop.AstorCoreEngine.showResults(AstorCoreEngine.java:144) - f (sol): 18.0, [Variant id: 1080 (SOL) , #gens: 955, #ops: 1, parent:1079]
[DEBUG] fr.inria.astor.core.loop.AstorCoreEngine.showResults(AstorCoreEngine.java:144) - f (sol): 3.0, [Variant id: 1164 (SOL) , #gens: 956, #ops: 1, parent:1163]
[DEBUG] fr.inria.astor.core.loop.AstorCoreEngine.showResults(AstorCoreEngine.java:146) - 
All variants:
[DEBUG] fr.inria.astor.core.loop.AstorCoreEngine.showResults(AstorCoreEngine.java:148) - f 16.0, [Variant id: 1397, #gens: 956, #ops: 0, parent:-]
[INFO ] fr.inria.astor.core.loop.AstorCoreEngine.showResults(AstorCoreEngine.java:152) - 
Solution details
[INFO ] fr.inria.astor.core.loop.AstorCoreEngine.showResults(AstorCoreEngine.java:153) - 
 --SOLUTIONS DESCRIPTION--

 ----
ProgramVariant 124
 
time(sec)= 1694
operation: RemoveOp
location= org.jfree.chart.plot.CategoryPlot
line= 2855
lineSuspiciousness= 0.378
original statement= if (hasData && (renderer != null)) {
	foundData = true;
	org.jfree.chart.renderer.category.CategoryItemRendererState state = renderer.initialise(g2, dataArea, org.jfree.chart.plot.CategoryPlot.this, index, info);
	int columnCount = currentDataset.getColumnCount();
	int rowCount = currentDataset.getRowCount();
	int passCount = renderer.getPassCount();
	for (int pass = 0 ; pass < passCount ; pass++) {
		if ((org.jfree.chart.plot.CategoryPlot.this.columnRenderingOrder) == (org.jfree.chart.util.SortOrder.ASCENDING)) {
			for (int column = 0 ; column < columnCount ; column++) {
				if ((org.jfree.chart.plot.CategoryPlot.this.rowRenderingOrder) == (org.jfree.chart.util.SortOrder.ASCENDING)) {
					for (int row = 0 ; row < rowCount ; row++) {
						renderer.drawItem(g2, state, dataArea, org.jfree.chart.plot.CategoryPlot.this, domainAxis, rangeAxis, currentDataset, row, column, pass);
					}
				} else {
					for (int row = rowCount - 1 ; row >= 0 ; row--) {
						renderer.drawItem(g2, state, dataArea, org.jfree.chart.plot.CategoryPlot.this, domainAxis, rangeAxis, currentDataset, row, column, pass);
					}
				}
			}
		} else {
			for (int column = columnCount - 1 ; column >= 0 ; column--) {
				if ((org.jfree.chart.plot.CategoryPlot.this.rowRenderingOrder) == (org.jfree.chart.util.SortOrder.ASCENDING)) {
					for (int row = 0 ; row < rowCount ; row++) {
						renderer.drawItem(g2, state, dataArea, org.jfree.chart.plot.CategoryPlot.this, domainAxis, rangeAxis, currentDataset, row, column, pass);
					}
				} else {
					for (int row = rowCount - 1 ; row >= 0 ; row--) {
						renderer.drawItem(g2, state, dataArea, org.jfree.chart.plot.CategoryPlot.this, domainAxis, rangeAxis, currentDataset, row, column, pass);
					}
				}
			}
		}
	}
} 
fixed statement= 
generation= 62
ingredientScope= -
validation=
failing: |true|0|36|[]|
manual_regression: |true|0|3243|[]|
evo_regression: |true|0|247|[]|
 ----
ProgramVariant 202
 
time(sec)= 2016
operation: RemoveOp
location= org.jfree.chart.plot.CategoryPlot
line= 2629
lineSuspiciousness= 0.378
original statement= if (order == (org.jfree.chart.plot.DatasetRenderingOrder.FORWARD)) {
	int datasetCount = org.jfree.chart.plot.CategoryPlot.this.datasets.size();
	for (int i = 0 ; i < datasetCount ; i++) {
		org.jfree.chart.renderer.category.CategoryItemRenderer r = getRenderer(i);
		if (r != null) {
			org.jfree.chart.axis.CategoryAxis domainAxis = getDomainAxisForDataset(i);
			org.jfree.chart.axis.ValueAxis rangeAxis = getRangeAxisForDataset(i);
			r.drawAnnotations(g2, dataArea, domainAxis, rangeAxis, org.jfree.chart.util.Layer.BACKGROUND, state);
		} 
	}
	for (int i = 0 ; i < datasetCount ; i++) {
		foundData = (render(g2, dataArea, i, state)) || foundData;
	}
	for (int i = 0 ; i < datasetCount ; i++) {
		org.jfree.chart.renderer.category.CategoryItemRenderer r = getRenderer(i);
		if (r != null) {
			org.jfree.chart.axis.CategoryAxis domainAxis = getDomainAxisForDataset(i);
			org.jfree.chart.axis.ValueAxis rangeAxis = getRangeAxisForDataset(i);
			r.drawAnnotations(g2, dataArea, domainAxis, rangeAxis, org.jfree.chart.util.Layer.FOREGROUND, state);
		} 
	}
} else {
	int datasetCount = org.jfree.chart.plot.CategoryPlot.this.datasets.size();
	for (int i = datasetCount - 1 ; i >= 0 ; i--) {
		org.jfree.chart.renderer.category.CategoryItemRenderer r = getRenderer(i);
		if (r != null) {
			org.jfree.chart.axis.CategoryAxis domainAxis = getDomainAxisForDataset(i);
			org.jfree.chart.axis.ValueAxis rangeAxis = getRangeAxisForDataset(i);
			r.drawAnnotations(g2, dataArea, domainAxis, rangeAxis, org.jfree.chart.util.Layer.BACKGROUND, state);
		} 
	}
	for (int i = (org.jfree.chart.plot.CategoryPlot.this.datasets.size()) - 1 ; i >= 0 ; i--) {
		foundData = (render(g2, dataArea, i, state)) || foundData;
	}
	for (int i = datasetCount - 1 ; i >= 0 ; i--) {
		org.jfree.chart.renderer.category.CategoryItemRenderer r = getRenderer(i);
		if (r != null) {
			org.jfree.chart.axis.CategoryAxis domainAxis = getDomainAxisForDataset(i);
			org.jfree.chart.axis.ValueAxis rangeAxis = getRangeAxisForDataset(i);
			r.drawAnnotations(g2, dataArea, domainAxis, rangeAxis, org.jfree.chart.util.Layer.FOREGROUND, state);
		} 
	}
}
fixed statement= 
generation= 101
ingredientScope= -
validation=
failing: |true|0|36|[]|
manual_regression: |true|0|3243|[]|
evo_regression: |true|0|247|[]|
 ----
ProgramVariant 470
 
time(sec)= 3283
operation: RemoveOp
location= org.jfree.chart.plot.CategoryPlot
line= 2863
lineSuspiciousness= 0.408
original statement= for (int pass = 0 ; pass < passCount ; pass++) {
	if ((org.jfree.chart.plot.CategoryPlot.this.columnRenderingOrder) == (org.jfree.chart.util.SortOrder.ASCENDING)) {
		for (int column = 0 ; column < columnCount ; column++) {
			if ((org.jfree.chart.plot.CategoryPlot.this.rowRenderingOrder) == (org.jfree.chart.util.SortOrder.ASCENDING)) {
				for (int row = 0 ; row < rowCount ; row++) {
					renderer.drawItem(g2, state, dataArea, org.jfree.chart.plot.CategoryPlot.this, domainAxis, rangeAxis, currentDataset, row, column, pass);
				}
			} else {
				for (int row = rowCount - 1 ; row >= 0 ; row--) {
					renderer.drawItem(g2, state, dataArea, org.jfree.chart.plot.CategoryPlot.this, domainAxis, rangeAxis, currentDataset, row, column, pass);
				}
			}
		}
	} else {
		for (int column = columnCount - 1 ; column >= 0 ; column--) {
			if ((org.jfree.chart.plot.CategoryPlot.this.rowRenderingOrder) == (org.jfree.chart.util.SortOrder.ASCENDING)) {
				for (int row = 0 ; row < rowCount ; row++) {
					renderer.drawItem(g2, state, dataArea, org.jfree.chart.plot.CategoryPlot.this, domainAxis, rangeAxis, currentDataset, row, column, pass);
				}
			} else {
				for (int row = rowCount - 1 ; row >= 0 ; row--) {
					renderer.drawItem(g2, state, dataArea, org.jfree.chart.plot.CategoryPlot.this, domainAxis, rangeAxis, currentDataset, row, column, pass);
				}
			}
		}
	}
}
fixed statement= 
generation= 235
ingredientScope= -
validation=
failing: |true|0|36|[]|
manual_regression: |true|0|3243|[]|
evo_regression: |true|0|247|[]|
 ----
ProgramVariant 724
 
time(sec)= 4208
operation: ReplaceOp
location= org.jfree.chart.plot.CategoryPlot
line= 2673
lineSuspiciousness= 0.378
original statement= foundData = (render(g2, dataArea, i, state)) || foundData
fixed statement= foundData = true
generation= 362
ingredientScope= LOCAL
validation=
failing: |true|0|36|[]|
manual_regression: |true|0|3243|[]|
evo_regression: |true|0|247|[]|
 ----
ProgramVariant 746
 
time(sec)= 4366
operation: RemoveOp
location= org.jfree.chart.plot.CategoryPlot
line= 2867
lineSuspiciousness= 0.426
original statement= for (int row = 0 ; row < rowCount ; row++) {
	renderer.drawItem(g2, state, dataArea, org.jfree.chart.plot.CategoryPlot.this, domainAxis, rangeAxis, currentDataset, row, column, pass);
}
fixed statement= 
generation= 373
ingredientScope= -
validation=
failing: |true|0|36|[]|
manual_regression: |true|0|3243|[]|
evo_regression: |true|0|247|[]|
 ----
ProgramVariant 864
 
time(sec)= 5014
operation: RemoveOp
location= org.jfree.chart.renderer.category.StatisticalBarRenderer
line= 207
lineSuspiciousness= 0.894
original statement= if (orientation == (org.jfree.chart.plot.PlotOrientation.HORIZONTAL)) {
	drawHorizontalItem(g2, state, dataArea, plot, domainAxis, rangeAxis, statData, row, column);
} else {
	if (orientation == (org.jfree.chart.plot.PlotOrientation.VERTICAL)) {
		drawVerticalItem(g2, state, dataArea, plot, domainAxis, rangeAxis, statData, row, column);
	} 
}
fixed statement= 
generation= 432
ingredientScope= -
validation=
failing: |true|0|36|[]|
manual_regression: |true|0|3243|[]|
evo_regression: |true|0|14|[]|
 ----
ProgramVariant 956
 
time(sec)= 5487
operation: ReplaceOp
location= org.jfree.data.statistics.DefaultStatisticalCategoryDataset
line= 126
lineSuspiciousness= 0.816
original statement= return getMeanValue(row, column)
fixed statement= return null
generation= 478
ingredientScope= PACKAGE
validation=
failing: |true|0|36|[]|
manual_regression: |true|0|3243|[]|
evo_regression: |false|3|71|[test05(org.jfree.data.statistics.DefaultStatisticalCategoryDataset_ESTest): null-, test29(org.jfree.data.statistics.DefaultStatisticalCategoryDataset_ESTest): Expecting exception: ArrayIndexOutOfBoundsException-, test65(org.jfree.data.statistics.DefaultStatisticalCategoryDataset_ESTest): Expecting exception: IndexOutOfBoundsException-]|
 ----
ProgramVariant 1080
 
time(sec)= 6095
operation: RemoveOp
location= org.jfree.data.KeyedObjects2D
line= 232
lineSuspiciousness= 0.447
original statement= org.jfree.data.KeyedObjects2D.this.rowKeys.add(rowKey)
fixed statement= 
generation= 540
ingredientScope= -
validation=
failing: |true|0|36|[]|
manual_regression: |false|2|3243|[testGetLegendItem(org.jfree.chart.renderer.category.junit.BoxAndWhiskerRendererTests): Index: 0, Size: 0-, testGetLegendItem(org.jfree.chart.renderer.category.junit.BoxAndWhiskerRendererTests): Index: 0, Size: 0-]|
evo_regression: |false|16|49|[test36(org.jfree.data.KeyedObjects2D_ESTest): Index: 0, Size: 0-, test28(org.jfree.data.KeyedObjects2D_ESTest): Expecting exception: NullPointerException-, test27(org.jfree.data.KeyedObjects2D_ESTest): Expecting exception: NullPointerException-, test17(org.jfree.data.KeyedObjects2D_ESTest): Expecting exception: NullPointerException-, test10(org.jfree.data.KeyedObjects2D_ESTest): expected:<1> but was:<-1>-, test12(org.jfree.data.KeyedObjects2D_ESTest): expected:<> but was:<null>-, test11(org.jfree.data.KeyedObjects2D_ESTest): expected:<1> but was:<0>-, test07(org.jfree.data.KeyedObjects2D_ESTest): Index: 0, Size: 0-, test06(org.jfree.data.KeyedObjects2D_ESTest): expected:<1> but was:<0>-, test09(org.jfree.data.KeyedObjects2D_ESTest): expected:<0> but was:<-1>-, test08(org.jfree.data.KeyedObjects2D_ESTest): Index: 0, Size: 0-, ...and 6 failures more, test01(org.jfree.data.KeyedObjects2D_ESTest): expected:<2> but was:<0>-, ...and 6 failures more, test44(org.jfree.data.KeyedObjects2D_ESTest): Index: 0, Size: 0-, ...and 6 failures more, test03(org.jfree.data.KeyedObjects2D_ESTest): Expecting exception: NullPointerException-, ...and 6 failures more, test05(org.jfree.data.KeyedObjects2D_ESTest): -1-, ...and 6 failures more, test04(org.jfree.data.KeyedObjects2D_ESTest): Expecting exception: NullPointerException-, ...and 6 failures more]|
 ----
ProgramVariant 1164
 
time(sec)= 6384
operation: ReplaceOp
location= org.jfree.data.KeyedObjects2D
line= 113
lineSuspiciousness= 0.516
original statement= result = rowData.getObject(columnKey)
fixed statement= org.jfree.data.KeyedObjects2D.this.rowKeys = new java.util.ArrayList()
generation= 582
ingredientScope= LOCAL
validation=
failing: |true|0|36|[]|
manual_regression: |true|0|3243|[]|
evo_regression: |false|3|49|[test29(org.jfree.data.KeyedObjects2D_ESTest): expected same:<null> was not:<org.jfree.data.KeyedObjects@14>-, test27(org.jfree.data.KeyedObjects2D_ESTest): Expecting exception: NullPointerException-, test01(org.jfree.data.KeyedObjects2D_ESTest): expected:<2> but was:<0>-]|
[INFO ] fr.inria.main.evolution.AstorMain.run(AstorMain.java:397) - Time Total(s): 9062.359


Node: graphene-119.nancy.grid5000.fr


Date: Mon Jan 16 01:21:52 CET 2017

removed classes 

zipped 

copied zip 


