seed AstorRun 12 
export PATH="/home/mmartinez/defects4j/framework/bin:$PATH";export JAVA_TOOL_OPTIONS=-Dfile.encoding=UTF8;export PATH="/usr/lib/jvm/java-1.7.0-openjdk-amd64/bin/:$PATH";cd /home/mmartinez/projects/chart/chart_1;defects4j compile;cp -r /home/mmartinez/projects/chart/chart_1 /tmp/chart_1_Genprog_local_s1;cd /tmp/chart_1_Genprog_local_s1;mkdir lib/;cp -r /home/mmartinez/defects4j/framework/projects/lib/* lib/;cp -r /home/mmartinez/defects4j/framework/projects/Chart/lib/* lib/;find . -type f -name "package-info.java" -delete;
/home/mmartinez/defects4j-repair/src/python/core/../../../results/2016-june/Chart/seed/12/package/1/Genprog/result
cd /tmp/chart_1_Genprog_local_s1;export JAVA_TOOL_OPTIONS=-Dfile.encoding=UTF8;TZ="America/New_York"; export TZexport PATH="/usr/lib/jvm/java-1.7.0-openjdk-amd64/bin/:$PATH";time /home/mmartinez/jdk1.8.0_45/bin//java -Xmx4096m -cp /home/mmartinez/defects4j-repair/src/python/core/../../..//libs/astor.jar fr.inria.main.evolution.MainjGenProg -mode statement -location . -id Chart -dependencies lib/ -failing org.jfree.chart.renderer.category.junit.AbstractCategoryItemRendererTests: -package org.jfree -jvm4testexecution /usr/lib/jvm/java-1.7.0-openjdk-amd64/bin/ -jvm4evosuitetestexecution /home/mmartinez/jdk1.8.0_45/bin/ -javacompliancelevel 4 -maxgen 1000000 -seed 12 -scope package -maxtime 120  -stopfirst false -population 1 -srcjavafolder source/ -srctestfolder tests/ -binjavafolder build/ -bintestfolder build-tests/ -flthreshold 0.1  -validation  fr.inria.astor.core.validation.validators.RegressionValidation  -ESParameters -Dassertion_timeout=1800:-Dminimization_timeout=1800:-Djunit_check_timeout=1800:-Dwrite_junit_timeout=300:-Dinitialization_timeout=300:-Dglobal_timeout=18000:-Dsearch_budget=100000:-Dstopping_condition=MaxStatements:-Dno_runtime_dependency=true:-Dsandbox=false:-Dp_reflection_on_private=0.0:-Dreflection_start_percent=1.0:-Dp_functional_mocking=0.0:-Dfunctional_mocking_percent=1.0:-mem=2000 -ignoredtestcases org.apache.commons.lang.LocaleUtilsTest  -excludeRegression  -maxgen 100000000 ;echo "

Node: `hostname`
";echo "
Date: `date`
"; find /tmp/chart_1_Genprog_local_s1/outputMutation -name "*.class" -type f -delete;echo "removed classes 
"; find . -name bin  -type d -print0|xargs -0 rm -r --; zip -r -q out.zip /tmp/chart_1_Genprog_local_s1/outputMutation; echo "zipped 
";cp out.zip /home/mmartinez/defects4j-repair/src/python/core/../../../results/2016-june/Chart/seed/12/package/1/Genprog; echo "copied zip 
";rm -rf /tmp/chart_1_Genprog_local_s1;

[DEBUG] fr.inria.astor.core.loop.AstorCoreEngine.showResults(AstorCoreEngine.java:136) - End Repair Loops: Found solution
[DEBUG] fr.inria.astor.core.loop.AstorCoreEngine.showResults(AstorCoreEngine.java:137) - Solution stored at: /tmp/chart_1_Genprog_local_s1/./outputMutation/AstorMain-Chart//src/
[DEBUG] fr.inria.astor.core.loop.AstorCoreEngine.showResults(AstorCoreEngine.java:142) - 
Number solutions:16
[DEBUG] fr.inria.astor.core.loop.AstorCoreEngine.showResults(AstorCoreEngine.java:144) - f (sol): 0.0, [Variant id: 128 (SOL) , #gens: 30, #ops: 1, parent:127]
[DEBUG] fr.inria.astor.core.loop.AstorCoreEngine.showResults(AstorCoreEngine.java:144) - f (sol): 0.0, [Variant id: 152 (SOL) , #gens: 30, #ops: 1, parent:151]
[DEBUG] fr.inria.astor.core.loop.AstorCoreEngine.showResults(AstorCoreEngine.java:144) - f (sol): 0.0, [Variant id: 186 (SOL) , #gens: 30, #ops: 1, parent:185]
[DEBUG] fr.inria.astor.core.loop.AstorCoreEngine.showResults(AstorCoreEngine.java:144) - f (sol): 0.0, [Variant id: 364 (SOL) , #gens: 30, #ops: 1, parent:363]
[DEBUG] fr.inria.astor.core.loop.AstorCoreEngine.showResults(AstorCoreEngine.java:144) - f (sol): 0.0, [Variant id: 472 (SOL) , #gens: 30, #ops: 1, parent:471]
[DEBUG] fr.inria.astor.core.loop.AstorCoreEngine.showResults(AstorCoreEngine.java:144) - f (sol): 0.0, [Variant id: 482 (SOL) , #gens: 30, #ops: 1, parent:481]
[DEBUG] fr.inria.astor.core.loop.AstorCoreEngine.showResults(AstorCoreEngine.java:144) - f (sol): 0.0, [Variant id: 536 (SOL) , #gens: 30, #ops: 1, parent:535]
[DEBUG] fr.inria.astor.core.loop.AstorCoreEngine.showResults(AstorCoreEngine.java:144) - f (sol): 0.0, [Variant id: 598 (SOL) , #gens: 31, #ops: 1, parent:597]
[DEBUG] fr.inria.astor.core.loop.AstorCoreEngine.showResults(AstorCoreEngine.java:144) - f (sol): 0.0, [Variant id: 632 (SOL) , #gens: 31, #ops: 1, parent:631]
[DEBUG] fr.inria.astor.core.loop.AstorCoreEngine.showResults(AstorCoreEngine.java:144) - f (sol): 0.0, [Variant id: 922 (SOL) , #gens: 30, #ops: 1, parent:921]
[DEBUG] fr.inria.astor.core.loop.AstorCoreEngine.showResults(AstorCoreEngine.java:144) - f (sol): 0.0, [Variant id: 1116 (SOL) , #gens: 30, #ops: 1, parent:1115]
[DEBUG] fr.inria.astor.core.loop.AstorCoreEngine.showResults(AstorCoreEngine.java:144) - f (sol): 0.0, [Variant id: 1118 (SOL) , #gens: 30, #ops: 1, parent:1117]
[DEBUG] fr.inria.astor.core.loop.AstorCoreEngine.showResults(AstorCoreEngine.java:144) - f (sol): 0.0, [Variant id: 1300 (SOL) , #gens: 30, #ops: 1, parent:1299]
[DEBUG] fr.inria.astor.core.loop.AstorCoreEngine.showResults(AstorCoreEngine.java:144) - f (sol): 0.0, [Variant id: 1462 (SOL) , #gens: 31, #ops: 1, parent:1461]
[DEBUG] fr.inria.astor.core.loop.AstorCoreEngine.showResults(AstorCoreEngine.java:144) - f (sol): 0.0, [Variant id: 1548 (SOL) , #gens: 30, #ops: 1, parent:1547]
[DEBUG] fr.inria.astor.core.loop.AstorCoreEngine.showResults(AstorCoreEngine.java:144) - f (sol): 0.0, [Variant id: 1630 (SOL) , #gens: 30, #ops: 1, parent:1629]
[DEBUG] fr.inria.astor.core.loop.AstorCoreEngine.showResults(AstorCoreEngine.java:146) - 
All variants:
[DEBUG] fr.inria.astor.core.loop.AstorCoreEngine.showResults(AstorCoreEngine.java:148) - f 1.0, [Variant id: 1663, #gens: 31, #ops: 0, parent:-]
[INFO ] fr.inria.astor.core.loop.AstorCoreEngine.showResults(AstorCoreEngine.java:152) - 
Solution details
[INFO ] fr.inria.astor.core.loop.AstorCoreEngine.showResults(AstorCoreEngine.java:153) - 
 --SOLUTIONS DESCRIPTION--

 ----
ProgramVariant 128
 
time(sec)= 922
operation: RemoveOp
location= org.jfree.chart.renderer.category.AbstractCategoryItemRenderer
line= 1798
lineSuspiciousness= 0.162
original statement= return result
fixed statement= 
generation= 64
ingredientScope= -
validation=
failing: |true|0|10|[]|
manual_regression: |true|0|4402|[]|
evo_regression: |true|0|95|[]|
 ----
ProgramVariant 152
 
time(sec)= 1058
operation: RemoveOp
location= org.jfree.chart.renderer.category.AbstractCategoryItemRenderer
line= 1797
lineSuspiciousness= 0.162
original statement= if (dataset != null) {
	return result;
} 
fixed statement= 
generation= 76
ingredientScope= -
validation=
failing: |true|0|10|[]|
manual_regression: |true|0|4402|[]|
evo_regression: |true|0|95|[]|
 ----
ProgramVariant 186
 
time(sec)= 1235
operation: RemoveOp
location= org.jfree.chart.renderer.category.AbstractCategoryItemRenderer
line= 1798
lineSuspiciousness= 0.162
original statement= return result
fixed statement= 
generation= 93
ingredientScope= -
validation=
failing: |true|0|10|[]|
manual_regression: |true|0|4402|[]|
evo_regression: |true|0|95|[]|
 ----
ProgramVariant 364
 
time(sec)= 1719
operation: RemoveOp
location= org.jfree.chart.renderer.category.AbstractCategoryItemRenderer
line= 1798
lineSuspiciousness= 0.162
original statement= return result
fixed statement= 
generation= 182
ingredientScope= -
validation=
failing: |true|0|10|[]|
manual_regression: |true|0|4402|[]|
evo_regression: |true|0|95|[]|
 ----
ProgramVariant 472
 
time(sec)= 2149
operation: RemoveOp
location= org.jfree.chart.renderer.category.AbstractCategoryItemRenderer
line= 1798
lineSuspiciousness= 0.162
original statement= return result
fixed statement= 
generation= 236
ingredientScope= -
validation=
failing: |true|0|10|[]|
manual_regression: |true|0|4402|[]|
evo_regression: |true|0|95|[]|
 ----
ProgramVariant 482
 
time(sec)= 2260
operation: RemoveOp
location= org.jfree.chart.renderer.category.AbstractCategoryItemRenderer
line= 1798
lineSuspiciousness= 0.162
original statement= return result
fixed statement= 
generation= 241
ingredientScope= -
validation=
failing: |true|0|10|[]|
manual_regression: |true|0|4402|[]|
evo_regression: |true|0|95|[]|
 ----
ProgramVariant 536
 
time(sec)= 2455
operation: RemoveOp
location= org.jfree.chart.renderer.category.AbstractCategoryItemRenderer
line= 1798
lineSuspiciousness= 0.162
original statement= return result
fixed statement= 
generation= 268
ingredientScope= -
validation=
failing: |true|0|10|[]|
manual_regression: |true|0|4402|[]|
evo_regression: |true|0|95|[]|
 ----
ProgramVariant 598
 
time(sec)= 2993
operation: ReplaceOp
location= org.jfree.chart.renderer.category.AbstractCategoryItemRenderer
line= 1797
lineSuspiciousness= 0.162
original statement= if (dataset != null) {
	return result;
} 
fixed statement= if ((org.jfree.chart.renderer.category.AbstractCategoryItemRenderer.this.plot) == null) {
	return result;
} 
generation= 299
ingredientScope= LOCAL
validation=
failing: |true|0|10|[]|
manual_regression: |true|0|4402|[]|
evo_regression: |true|0|95|[]|
 ----
ProgramVariant 632
 
time(sec)= 3341
operation: ReplaceOp
location= org.jfree.chart.renderer.category.AbstractCategoryItemRenderer
line= 1797
lineSuspiciousness= 0.162
original statement= if (dataset != null) {
	return result;
} 
fixed statement= if (dataset == null) {
	return null;
} 
generation= 316
ingredientScope= LOCAL
validation=
failing: |true|0|10|[]|
manual_regression: |true|0|4402|[]|
evo_regression: |true|0|95|[]|
 ----
ProgramVariant 922
 
time(sec)= 4384
operation: RemoveOp
location= org.jfree.chart.renderer.category.AbstractCategoryItemRenderer
line= 1798
lineSuspiciousness= 0.162
original statement= return result
fixed statement= 
generation= 461
ingredientScope= -
validation=
failing: |true|0|10|[]|
manual_regression: |true|0|4402|[]|
evo_regression: |true|0|95|[]|
 ----
ProgramVariant 1116
 
time(sec)= 5019
operation: RemoveOp
location= org.jfree.chart.renderer.category.AbstractCategoryItemRenderer
line= 1797
lineSuspiciousness= 0.162
original statement= if (dataset != null) {
	return result;
} 
fixed statement= 
generation= 558
ingredientScope= -
validation=
failing: |true|0|10|[]|
manual_regression: |true|0|4402|[]|
evo_regression: |true|0|95|[]|
 ----
ProgramVariant 1118
 
time(sec)= 5111
operation: RemoveOp
location= org.jfree.chart.renderer.category.AbstractCategoryItemRenderer
line= 1798
lineSuspiciousness= 0.162
original statement= return result
fixed statement= 
generation= 559
ingredientScope= -
validation=
failing: |true|0|10|[]|
manual_regression: |true|0|4402|[]|
evo_regression: |true|0|95|[]|
 ----
ProgramVariant 1300
 
time(sec)= 5833
operation: RemoveOp
location= org.jfree.chart.renderer.category.AbstractCategoryItemRenderer
line= 1798
lineSuspiciousness= 0.162
original statement= return result
fixed statement= 
generation= 650
ingredientScope= -
validation=
failing: |true|0|10|[]|
manual_regression: |true|0|4402|[]|
evo_regression: |true|0|95|[]|
 ----
ProgramVariant 1462
 
time(sec)= 6526
operation: ReplaceOp
location= org.jfree.chart.renderer.category.AbstractCategoryItemRenderer
line= 1797
lineSuspiciousness= 0.162
original statement= if (dataset != null) {
	return result;
} 
fixed statement= if (plot == null) {
	throw new java.lang.IllegalArgumentException("Null 'plot' argument.");
} 
generation= 731
ingredientScope= LOCAL
validation=
failing: |true|0|10|[]|
manual_regression: |true|0|4402|[]|
evo_regression: |true|0|95|[]|
 ----
ProgramVariant 1548
 
time(sec)= 6846
operation: RemoveOp
location= org.jfree.chart.renderer.category.AbstractCategoryItemRenderer
line= 1797
lineSuspiciousness= 0.162
original statement= if (dataset != null) {
	return result;
} 
fixed statement= 
generation= 774
ingredientScope= -
validation=
failing: |true|0|10|[]|
manual_regression: |true|0|4402|[]|
evo_regression: |true|0|95|[]|
 ----
ProgramVariant 1630
 
time(sec)= 7146
operation: RemoveOp
location= org.jfree.chart.renderer.category.AbstractCategoryItemRenderer
line= 1798
lineSuspiciousness= 0.162
original statement= return result
fixed statement= 
generation= 815
ingredientScope= -
validation=
failing: |true|0|10|[]|
manual_regression: |true|0|4402|[]|
evo_regression: |true|0|95|[]|
[INFO ] fr.inria.main.evolution.AstorMain.run(AstorMain.java:397) - Time Total(s): 7976.307


Node: graphene-90.nancy.grid5000.fr


Date: Sun Jan 15 13:17:57 CET 2017

removed classes 

zipped 

copied zip 

ssGenerations(AstorCoreEngine.java:220) - 
**
*-Parent Variant: [Variant id: 1673, #gens: 31, #ops: 0, parent:-]
[DEBUG] fr.inria.astor.core.loop.AstorCoreEngine.createNewProgramVariant(AstorCoreEngine.java:436) - 
--Child created id: 1674
[DEBUG] fr.inria.astor.core.loop.AstorCoreEngine.modifyProgramVariant(AstorCoreEngine.java:504) - --Creating new operations for variant [Variant id: 1674, #gens: 31, #ops: 0, parent:1673]
[DEBUG] fr.inria.astor.core.loop.AstorCoreEngine.modifyProgramVariant(AstorCoreEngine.java:517) - ---analyzing modificationPoint position: 19
[DEBUG] fr.inria.astor.core.loop.AstorCoreEngine.modifyProgramVariant(AstorCoreEngine.java:540) - operation RemoveOp: `datasetChanged(event) ` ---> `-` at pos 5 of parent `{ 	org.jfree.data.categor[...]`
[DEBUG] fr.inria.astor.core.loop.AstorCoreEngine.modifyProgramVariant(AstorCoreEngine.java:562) - 
--Summary Creation: for variant [Variant id: 1674, #gens: 30, #ops: 1, parent:1673] gen mutated: 1 , gen not mut: 0, gen not applied  0
 
[DEBUG] fr.inria.astor.core.loop.AstorCoreEngine.processCreatedVariant(AstorCoreEngine.java:390) - -The child compiles: id 1674
[DEBUG] fr.inria.astor.core.validation.executors.JUnitExecutorProcess.printCommandToExecute(JUnitExecutorProcess.java:140) - Executing process: 
/usr/lib/jvm/java-1.7.0-openjdk-amd64/bin//java  -Xmx2048m  -cp  /tmp/chart_1_Genprog_local_s1/./lib/jtestex-0.0.1.jar:/tmp/chart_1_Genprog_local_s1/./outputMutation/AstorMain-Chart/bin/variant-1674/:/tmp/chart_1_Genprog_local_s1/lib/:/tmp/chart_1_Genprog_local_s1/lib/junit-4.11.jar:/tmp/chart_1_Genprog_local_s1/lib/jtestex-0.0.1.jar:/tmp/chart_1_Genprog_local_s1/lib/junit.jar:/tmp/chart_1_Genprog_local_s1/lib/cobertura-2.0.3.jar:/tmp/chart_1_Genprog_local_s1/lib/iText-2.1.4.jar:/tmp/chart_1_Genprog_local_s1/lib/fixran-0.0.1.jar:/tmp/chart_1_Genprog_local_s1/lib/evosuite-master-1.0.4-SNAPSHOT.jar:/tmp/chart_1_Genprog_local_s1/lib/servlet.jar:/tmp/chart_1_Genprog_local_s1/./outputMutation/AstorMain-Chart/bin/default/:/home/mmartinez/defects4j-repair/src/python/core/../../../libs/astor.jar:  JUnitExternalExecutor  org.jfree.chart.renderer.category.junit.AbstractCategoryItemRendererTests

seed AstorRun 12 
export PATH="/home/mmartinez/defects4j/framework/bin:$PATH";export JAVA_TOOL_OPTIONS=-Dfile.encoding=UTF8;export PATH="/usr/lib/jvm/java-1.7.0-openjdk-amd64/bin/:$PATH";cd /home/mmartinez/projects/chart/chart_1;defects4j compile;cp -r /home/mmartinez/projects/chart/chart_1 /tmp/chart_1_Genprog_local_s1;cd /tmp/chart_1_Genprog_local_s1;mkdir lib/;cp -r /home/mmartinez/defects4j/framework/projects/lib/* lib/;cp -r /home/mmartinez/defects4j/framework/projects/Chart/lib/* lib/;find . -type f -name "package-info.java" -delete;
/home/mmartinez/defects4j-repair/src/python/core/../../../results/2016-june/Chart/seed/12/package/1/Genprog/result
cd /tmp/chart_1_Genprog_local_s1;export JAVA_TOOL_OPTIONS=-Dfile.encoding=UTF8;TZ="America/New_York"; export TZexport PATH="/usr/lib/jvm/java-1.7.0-openjdk-amd64/bin/:$PATH";time /home/mmartinez/jdk1.8.0_45/bin//java -Xmx4096m -cp /home/mmartinez/defects4j-repair/src/python/core/../../..//libs/astor.jar fr.inria.main.evolution.MainjGenProg -mode statement -location . -id Chart -dependencies lib/ -failing org.jfree.chart.renderer.category.junit.AbstractCategoryItemRendererTests: -package org.jfree -jvm4testexecution /usr/lib/jvm/java-1.7.0-openjdk-amd64/bin/ -jvm4evosuitetestexecution /home/mmartinez/jdk1.8.0_45/bin/ -javacompliancelevel 4 -maxgen 1000000 -seed 12 -scope package -maxtime 120  -stopfirst false -population 1 -srcjavafolder source/ -srctestfolder tests/ -binjavafolder build/ -bintestfolder build-tests/ -flthreshold 0.1  -validation  fr.inria.astor.core.validation.validators.RegressionValidation  -ESParameters -Dassertion_timeout=1800:-Dminimization_timeout=1800:-Djunit_check_timeout=1800:-Dwrite_junit_timeout=300:-Dinitialization_timeout=300:-Dglobal_timeout=18000:-Dsearch_budget=100000:-Dstopping_condition=MaxStatements:-Dno_runtime_dependency=true:-Dsandbox=false:-Dp_reflection_on_private=0.0:-Dreflection_start_percent=1.0:-Dp_functional_mocking=0.0:-Dfunctional_mocking_percent=1.0:-mem=2000 -ignoredtestcases org.apache.commons.lang.LocaleUtilsTest  -excludeRegression  -maxgen 100000000 ;echo "

Node: `hostname`
";echo "
Date: `date`
"; find /tmp/chart_1_Genprog_local_s1/outputMutation -name "*.class" -type f -delete;echo "removed classes 
"; find . -name bin  -type d -print0|xargs -0 rm -r --; zip -r -q out.zip /tmp/chart_1_Genprog_local_s1/outputMutation; echo "zipped 
";cp out.zip /home/mmartinez/defects4j-repair/src/python/core/../../../results/2016-june/Chart/seed/12/package/1/Genprog; echo "copied zip 
";rm -rf /tmp/chart_1_Genprog_local_s1;

[DEBUG] fr.inria.astor.core.loop.AstorCoreEngine.showResults(AstorCoreEngine.java:136) - End Repair Loops: Found solution
[DEBUG] fr.inria.astor.core.loop.AstorCoreEngine.showResults(AstorCoreEngine.java:137) - Solution stored at: /tmp/chart_1_Genprog_local_s1/./outputMutation/AstorMain-Chart//src/
[DEBUG] fr.inria.astor.core.loop.AstorCoreEngine.showResults(AstorCoreEngine.java:142) - 
Number solutions:16
[DEBUG] fr.inria.astor.core.loop.AstorCoreEngine.showResults(AstorCoreEngine.java:144) - f (sol): 0.0, [Variant id: 128 (SOL) , #gens: 30, #ops: 1, parent:127]
[DEBUG] fr.inria.astor.core.loop.AstorCoreEngine.showResults(AstorCoreEngine.java:144) - f (sol): 0.0, [Variant id: 152 (SOL) , #gens: 30, #ops: 1, parent:151]
[DEBUG] fr.inria.astor.core.loop.AstorCoreEngine.showResults(AstorCoreEngine.java:144) - f (sol): 0.0, [Variant id: 186 (SOL) , #gens: 30, #ops: 1, parent:185]
[DEBUG] fr.inria.astor.core.loop.AstorCoreEngine.showResults(AstorCoreEngine.java:144) - f (sol): 0.0, [Variant id: 364 (SOL) , #gens: 30, #ops: 1, parent:363]
[DEBUG] fr.inria.astor.core.loop.AstorCoreEngine.showResults(AstorCoreEngine.java:144) - f (sol): 0.0, [Variant id: 472 (SOL) , #gens: 30, #ops: 1, parent:471]
[DEBUG] fr.inria.astor.core.loop.AstorCoreEngine.showResults(AstorCoreEngine.java:144) - f (sol): 0.0, [Variant id: 482 (SOL) , #gens: 30, #ops: 1, parent:481]
[DEBUG] fr.inria.astor.core.loop.AstorCoreEngine.showResults(AstorCoreEngine.java:144) - f (sol): 0.0, [Variant id: 536 (SOL) , #gens: 30, #ops: 1, parent:535]
[DEBUG] fr.inria.astor.core.loop.AstorCoreEngine.showResults(AstorCoreEngine.java:144) - f (sol): 0.0, [Variant id: 598 (SOL) , #gens: 31, #ops: 1, parent:597]
[DEBUG] fr.inria.astor.core.loop.AstorCoreEngine.showResults(AstorCoreEngine.java:144) - f (sol): 0.0, [Variant id: 632 (SOL) , #gens: 31, #ops: 1, parent:631]
[DEBUG] fr.inria.astor.core.loop.AstorCoreEngine.showResults(AstorCoreEngine.java:144) - f (sol): 0.0, [Variant id: 922 (SOL) , #gens: 30, #ops: 1, parent:921]
[DEBUG] fr.inria.astor.core.loop.AstorCoreEngine.showResults(AstorCoreEngine.java:144) - f (sol): 0.0, [Variant id: 1116 (SOL) , #gens: 30, #ops: 1, parent:1115]
[DEBUG] fr.inria.astor.core.loop.AstorCoreEngine.showResults(AstorCoreEngine.java:144) - f (sol): 0.0, [Variant id: 1118 (SOL) , #gens: 30, #ops: 1, parent:1117]
[DEBUG] fr.inria.astor.core.loop.AstorCoreEngine.showResults(AstorCoreEngine.java:144) - f (sol): 0.0, [Variant id: 1300 (SOL) , #gens: 30, #ops: 1, parent:1299]
[DEBUG] fr.inria.astor.core.loop.AstorCoreEngine.showResults(AstorCoreEngine.java:144) - f (sol): 0.0, [Variant id: 1462 (SOL) , #gens: 31, #ops: 1, parent:1461]
[DEBUG] fr.inria.astor.core.loop.AstorCoreEngine.showResults(AstorCoreEngine.java:144) - f (sol): 0.0, [Variant id: 1548 (SOL) , #gens: 30, #ops: 1, parent:1547]
[DEBUG] fr.inria.astor.core.loop.AstorCoreEngine.showResults(AstorCoreEngine.java:144) - f (sol): 0.0, [Variant id: 1630 (SOL) , #gens: 30, #ops: 1, parent:1629]
[DEBUG] fr.inria.astor.core.loop.AstorCoreEngine.showResults(AstorCoreEngine.java:146) - 
All variants:
[DEBUG] fr.inria.astor.core.loop.AstorCoreEngine.showResults(AstorCoreEngine.java:148) - f 1.0, [Variant id: 1663, #gens: 31, #ops: 0, parent:-]
[INFO ] fr.inria.astor.core.loop.AstorCoreEngine.showResults(AstorCoreEngine.java:152) - 
Solution details
[INFO ] fr.inria.astor.core.loop.AstorCoreEngine.showResults(AstorCoreEngine.java:153) - 
 --SOLUTIONS DESCRIPTION--

 ----
ProgramVariant 128
 
time(sec)= 922
operation: RemoveOp
location= org.jfree.chart.renderer.category.AbstractCategoryItemRenderer
line= 1798
lineSuspiciousness= 0.162
original statement= return result
fixed statement= 
generation= 64
ingredientScope= -
validation=
failing: |true|0|10|[]|
manual_regression: |true|0|4402|[]|
evo_regression: |true|0|95|[]|
 ----
ProgramVariant 152
 
time(sec)= 1058
operation: RemoveOp
location= org.jfree.chart.renderer.category.AbstractCategoryItemRenderer
line= 1797
lineSuspiciousness= 0.162
original statement= if (dataset != null) {
	return result;
} 
fixed statement= 
generation= 76
ingredientScope= -
validation=
failing: |true|0|10|[]|
manual_regression: |true|0|4402|[]|
evo_regression: |true|0|95|[]|
 ----
ProgramVariant 186
 
time(sec)= 1235
operation: RemoveOp
location= org.jfree.chart.renderer.category.AbstractCategoryItemRenderer
line= 1798
lineSuspiciousness= 0.162
original statement= return result
fixed statement= 
generation= 93
ingredientScope= -
validation=
failing: |true|0|10|[]|
manual_regression: |true|0|4402|[]|
evo_regression: |true|0|95|[]|
 ----
ProgramVariant 364
 
time(sec)= 1719
operation: RemoveOp
location= org.jfree.chart.renderer.category.AbstractCategoryItemRenderer
line= 1798
lineSuspiciousness= 0.162
original statement= return result
fixed statement= 
generation= 182
ingredientScope= -
validation=
failing: |true|0|10|[]|
manual_regression: |true|0|4402|[]|
evo_regression: |true|0|95|[]|
 ----
ProgramVariant 472
 
time(sec)= 2149
operation: RemoveOp
location= org.jfree.chart.renderer.category.AbstractCategoryItemRenderer
line= 1798
lineSuspiciousness= 0.162
original statement= return result
fixed statement= 
generation= 236
ingredientScope= -
validation=
failing: |true|0|10|[]|
manual_regression: |true|0|4402|[]|
evo_regression: |true|0|95|[]|
 ----
ProgramVariant 482
 
time(sec)= 2260
operation: RemoveOp
location= org.jfree.chart.renderer.category.AbstractCategoryItemRenderer
line= 1798
lineSuspiciousness= 0.162
original statement= return result
fixed statement= 
generation= 241
ingredientScope= -
validation=
failing: |true|0|10|[]|
manual_regression: |true|0|4402|[]|
evo_regression: |true|0|95|[]|
 ----
ProgramVariant 536
 
time(sec)= 2455
operation: RemoveOp
location= org.jfree.chart.renderer.category.AbstractCategoryItemRenderer
line= 1798
lineSuspiciousness= 0.162
original statement= return result
fixed statement= 
generation= 268
ingredientScope= -
validation=
failing: |true|0|10|[]|
manual_regression: |true|0|4402|[]|
evo_regression: |true|0|95|[]|
 ----
ProgramVariant 598
 
time(sec)= 2993
operation: ReplaceOp
location= org.jfree.chart.renderer.category.AbstractCategoryItemRenderer
line= 1797
lineSuspiciousness= 0.162
original statement= if (dataset != null) {
	return result;
} 
fixed statement= if ((org.jfree.chart.renderer.category.AbstractCategoryItemRenderer.this.plot) == null) {
	return result;
} 
generation= 299
ingredientScope= LOCAL
validation=
failing: |true|0|10|[]|
manual_regression: |true|0|4402|[]|
evo_regression: |true|0|95|[]|
 ----
ProgramVariant 632
 
time(sec)= 3341
operation: ReplaceOp
location= org.jfree.chart.renderer.category.AbstractCategoryItemRenderer
line= 1797
lineSuspiciousness= 0.162
original statement= if (dataset != null) {
	return result;
} 
fixed statement= if (dataset == null) {
	return null;
} 
generation= 316
ingredientScope= LOCAL
validation=
failing: |true|0|10|[]|
manual_regression: |true|0|4402|[]|
evo_regression: |true|0|95|[]|
 ----
ProgramVariant 922
 
time(sec)= 4384
operation: RemoveOp
location= org.jfree.chart.renderer.category.AbstractCategoryItemRenderer
line= 1798
lineSuspiciousness= 0.162
original statement= return result
fixed statement= 
generation= 461
ingredientScope= -
validation=
failing: |true|0|10|[]|
manual_regression: |true|0|4402|[]|
evo_regression: |true|0|95|[]|
 ----
ProgramVariant 1116
 
time(sec)= 5019
operation: RemoveOp
location= org.jfree.chart.renderer.category.AbstractCategoryItemRenderer
line= 1797
lineSuspiciousness= 0.162
original statement= if (dataset != null) {
	return result;
} 
fixed statement= 
generation= 558
ingredientScope= -
validation=
failing: |true|0|10|[]|
manual_regression: |true|0|4402|[]|
evo_regression: |true|0|95|[]|
 ----
ProgramVariant 1118
 
time(sec)= 5111
operation: RemoveOp
location= org.jfree.chart.renderer.category.AbstractCategoryItemRenderer
line= 1798
lineSuspiciousness= 0.162
original statement= return result
fixed statement= 
generation= 559
ingredientScope= -
validation=
failing: |true|0|10|[]|
manual_regression: |true|0|4402|[]|
evo_regression: |true|0|95|[]|
 ----
ProgramVariant 1300
 
time(sec)= 5833
operation: RemoveOp
location= org.jfree.chart.renderer.category.AbstractCategoryItemRenderer
line= 1798
lineSuspiciousness= 0.162
original statement= return result
fixed statement= 
generation= 650
ingredientScope= -
validation=
failing: |true|0|10|[]|
manual_regression: |true|0|4402|[]|
evo_regression: |true|0|95|[]|
 ----
ProgramVariant 1462
 
time(sec)= 6526
operation: ReplaceOp
location= org.jfree.chart.renderer.category.AbstractCategoryItemRenderer
line= 1797
lineSuspiciousness= 0.162
original statement= if (dataset != null) {
	return result;
} 
fixed statement= if (plot == null) {
	throw new java.lang.IllegalArgumentException("Null 'plot' argument.");
} 
generation= 731
ingredientScope= LOCAL
validation=
failing: |true|0|10|[]|
manual_regression: |true|0|4402|[]|
evo_regression: |true|0|95|[]|
 ----
ProgramVariant 1548
 
time(sec)= 6846
operation: RemoveOp
location= org.jfree.chart.renderer.category.AbstractCategoryItemRenderer
line= 1797
lineSuspiciousness= 0.162
original statement= if (dataset != null) {
	return result;
} 
fixed statement= 
generation= 774
ingredientScope= -
validation=
failing: |true|0|10|[]|
manual_regression: |true|0|4402|[]|
evo_regression: |true|0|95|[]|
 ----
ProgramVariant 1630
 
time(sec)= 7146
operation: RemoveOp
location= org.jfree.chart.renderer.category.AbstractCategoryItemRenderer
line= 1798
lineSuspiciousness= 0.162
original statement= return result
fixed statement= 
generation= 815
ingredientScope= -
validation=
failing: |true|0|10|[]|
manual_regression: |true|0|4402|[]|
evo_regression: |true|0|95|[]|
[INFO ] fr.inria.main.evolution.AstorMain.run(AstorMain.java:397) - Time Total(s): 7976.307


Node: graphene-90.nancy.grid5000.fr


Date: Sun Jan 15 13:17:57 CET 2017

removed classes 

zipped 

copied zip 

ssGenerations(AstorCoreEngine.java:220) - 
**
*-Parent Variant: [Variant id: 1673, #gens: 31, #ops: 0, parent:-]
[DEBUG] fr.inria.astor.core.loop.AstorCoreEngine.createNewProgramVariant(AstorCoreEngine.java:436) - 
--Child created id: 1674
[DEBUG] fr.inria.astor.core.loop.AstorCoreEngine.modifyProgramVariant(AstorCoreEngine.java:504) - --Creating new operations for variant [Variant id: 1674, #gens: 31, #ops: 0, parent:1673]
[DEBUG] fr.inria.astor.core.loop.AstorCoreEngine.modifyProgramVariant(AstorCoreEngine.java:517) - ---analyzing modificationPoint position: 19
[DEBUG] fr.inria.astor.core.loop.AstorCoreEngine.modifyProgramVariant(AstorCoreEngine.java:540) - operation RemoveOp: `datasetChanged(event) ` ---> `-` at pos 5 of parent `{ 	org.jfree.data.categor[...]`
[DEBUG] fr.inria.astor.core.loop.AstorCoreEngine.modifyProgramVariant(AstorCoreEngine.java:562) - 
--Summary Creation: for variant [Variant id: 1674, #gens: 30, #ops: 1, parent:1673] gen mutated: 1 , gen not mut: 0, gen not applied  0
 
[DEBUG] fr.inria.astor.core.loop.AstorCoreEngine.processCreatedVariant(AstorCoreEngine.java:390) - -The child compiles: id 1674
[DEBUG] fr.inria.astor.core.validation.executors.JUnitExecutorProcess.printCommandToExecute(JUnitExecutorProcess.java:140) - Executing process: 
/usr/lib/jvm/java-1.7.0-openjdk-amd64/bin//java  -Xmx2048m  -cp  /tmp/chart_1_Genprog_local_s1/./lib/jtestex-0.0.1.jar:/tmp/chart_1_Genprog_local_s1/./outputMutation/AstorMain-Chart/bin/variant-1674/:/tmp/chart_1_Genprog_local_s1/lib/:/tmp/chart_1_Genprog_local_s1/lib/junit-4.11.jar:/tmp/chart_1_Genprog_local_s1/lib/jtestex-0.0.1.jar:/tmp/chart_1_Genprog_local_s1/lib/junit.jar:/tmp/chart_1_Genprog_local_s1/lib/cobertura-2.0.3.jar:/tmp/chart_1_Genprog_local_s1/lib/iText-2.1.4.jar:/tmp/chart_1_Genprog_local_s1/lib/fixran-0.0.1.jar:/tmp/chart_1_Genprog_local_s1/lib/evosuite-master-1.0.4-SNAPSHOT.jar:/tmp/chart_1_Genprog_local_s1/lib/servlet.jar:/tmp/chart_1_Genprog_local_s1/./outputMutation/AstorMain-Chart/bin/default/:/home/mmartinez/defects4j-repair/src/python/core/../../../libs/astor.jar:  JUnitExternalExecutor  org.jfree.chart.renderer.category.junit.AbstractCategoryItemRendererTests
[DEBUG] fr.inria.astor.core.validation.executors.JUnitExecutorProcess.execute(JUnitExecutorProcess.java:77) - Execution time 0 seconds
[DEBUG] fr.inria.astor.core.validation.executors.JUnitExecutorProcess.execute(JUnitExecutorProcess.java:80) - Running Exit Value
[DEBUG] fr.inria.astor.core.validation.validators.RegressionValidation.validate(RegressionValidation.java:23) - Failing Val: |false|1|10|[test2947660(org.jfree.chart.renderer.category.junit.AbstractCategoryItemRendererTests): expected:<1> but was:<0>-]|
[DEBUG] fr.inria.astor.core.loop.AstorCoreEngine.processCreatedVariant(AstorCoreEngine.java:395) - -Valid?: false, fitness 1.0
[DEBUG] fr.inria.astor.core.loop.AstorCoreEngine.undoSingleGeneration(AstorCoreEngine.java:487) - ---Undoing: gnrtn(837): RemoveOp: `datasetChanged(event) ` ---> `-` at pos 5 of parent `{ 	org.jfree.data.categor[...]`
[DEBUG] fr.inria.astor.core.loop.AstorCoreEngine.prepareNextGeneration(AstorCoreEngine.java:284) - 
End analysis generation - 
Solutions found:--> ()
[DEBUG] fr.inria.astor.core.loop.population.FitnessPopulationController.selectProgramVariantsForNextGeneration(FitnessPopulationController.java:52) - Variants to next generation from: 2-->IDs: (1673(f=1.0), 1674(f=1.0), )
[DEBUG] fr.inria.astor.core.loop.population.FitnessPopulationController.selectProgramVariantsForNextGeneration(FitnessPopulationController.java:61) - Selected to next generation: IDs2--> (1673(f=1.0), )
[DEBUG] fr.inria.astor.core.loop.AstorCoreEngine.startEvolution(AstorCoreEngine.java:121) - 
----------Running generation/iteraction 838, population size: 1
[DEBUG] fr.inria.astor.core.loop.AstorCoreEngine.processGenerations(AstorCoreEngine.java:211) - 
***** Generation 838
[DEBUG] fr.inria.astor.core.loop.AstorCoreEngine.processGenerations(AstorCoreEngine.java:220) - 
**
*-Parent Variant: [Variant id: 1675, #gens: 31, #ops: 0, parent:-]
[DEBUG] fr.inria.astor.core.loop.AstorCoreEngine.createNewProgramVariant(AstorCoreEngine.java:436) - 
--Child created id: 1676
[DEBUG] fr.inria.astor.core.loop.AstorCoreEngine.modifyProgramVariant(AstorCoreEngine.java:504) - --Creating new operations for variant [Variant id: 1676, #gens: 31, #ops: 0, parent:1675]
[DEBUG] fr.inria.astor.core.loop.AstorCoreEngine.modifyProgramVariant(AstorCoreEngine.java:517) - ---analyzing modificationPoint position: 18
[DEBUG] fr.inria.astor.core.loop.AstorCoreEngine.modifyProgramVariant(AstorCoreEngine.java:540) - operation InsertBeforeOp: `org.jfree.data.event.Data[...] ` ---> `org.jfree.chart.plot.XYPl[...]` at pos 4 of parent `{ 	org.jfree.data.categor[...]`
[DEBUG] fr.inria.astor.core.loop.spaces.operators.AstorOperator.addPoint(AstorOperator.java:108) - ---ModificPoint=CategoryPlot line: 1362, el: CtAssignmentImpl
[DEBUG] fr.inria.astor.core.loop.spaces.operators.AstorOperator.addPoint(AstorOperator.java:109) - ---InsertBeforeOp: `org.jfree.data.event.Data[...] ` ---> `org.jfree.chart.plot.XYPl[...]` at pos 4 of parent `{ 	org.jfree.data.categor[...]`
[DEBUG] fr.inria.astor.core.loop.AstorCoreEngine.modifyProgramVariant(AstorCoreEngine.java:562) - 
--Summary Creation: for variant [Variant id: 1676, #gens: 32, #ops: 1, parent:1675] gen mutated: 1 , gen not mut: 0, gen not applied  0
 
[DEBUG] fr.inria.astor.core.loop.AstorCoreEngine.undoSingleGeneration(AstorCoreEngine.java:487) - ---Undoing: gnrtn(838): InsertBeforeOp: `org.jfree.data.event.Data[...] ` ---> `org.jfree.chart.plot.XYPl[...]` at pos 4 of parent `{ 	org.jfree.data.categor[...]`
[DEBUG] fr.inria.astor.core.loop.AstorCoreEngine.prepareNextGeneration(AstorCoreEngine.java:284) - 
End analysis generation - 
Solutions found:--> ()
[DEBUG] fr.inria.astor.core.loop.population.FitnessPopulationController.selectProgramVariantsForNextGeneration(FitnessPopulationController.java:52) - Variants to next generation from: 2-->IDs: (1675(f=1.0), 1676(f=1.7976931348623157E308), )
[DEBUG] fr.inria.astor.core.loop.population.FitnessPopulationController.selectProgramVariantsForNextGeneration(FitnessPopulationController.java:61) - Selected to next generation: IDs2--> (1675(f=1.0), )
[DEBUG] fr.inria.astor.core.loop.AstorCoreEngine.startEvolution(AstorCoreEngine.java:121) - 
----------Running generation/iteraction 839, population size: 1
[DEBUG] fr.inria.astor.core.loop.AstorCoreEngine.processGenerations(AstorCoreEngine.java:211) - 
***** Generation 839
[DEBUG] fr.inria.astor.core.loop.AstorCoreEngine.processGenerations(AstorCoreEngine.java:220) - 
**
*-Parent Variant: [Variant id: 1677, #gens: 31, #ops: 0, parent:-]
[DEBUG] fr.inria.astor.core.loop.AstorCoreEngine.createNewProgramVariant(AstorCoreEngine.java:436) - 
--Child created id: 1678
[DEBUG] fr.inria.astor.core.loop.AstorCoreEngine.modifyProgramVariant(AstorCoreEngine.java:504) - --Creating new operations for variant [Variant id: 1678, #gens: 31, #ops: 0, parent:1677]
[DEBUG] fr.inria.astor.core.loop.AstorCoreEngine.modifyProgramVariant(AstorCoreEngine.java:517) - ---analyzing modificationPoint position: 15
[DEBUG] fr.inria.astor.core.loop.AstorCoreEngine.modifyProgramVariant(AstorCoreEngine.java:540) - operation InsertAfterOp: `if (existing != null) { 	[...] ` ---> `java.awt.Rectangle rect =[...]` at pos 1 of parent `{ 	org.jfree.data.categor[...]`
[DEBUG] fr.inria.astor.core.loop.spaces.operators.AstorOperator.addPoint(AstorOperator.java:108) - ---ModificPoint=CategoryPlot line: 1353, el: CtLocalVariableImpl
[DEBUG] fr.inria.astor.core.loop.spaces.operators.AstorOperator.addPoint(AstorOperator.java:109) - ---InsertAfterOp: `if (existing != null) { 	[...] ` ---> `java.awt.Rectangle rect =[...]` at pos 1 of parent `{ 	org.jfree.data.categor[...]`
[DEBUG] fr.inria.astor.core.loop.AstorCoreEngine.modifyProgramVariant(AstorCoreEngine.java:562) - 
--Summary Creation: for variant [Variant id: 1678, #gens: 32, #ops: 1, parent:1677] gen mutated: 1 , gen not mut: 0, gen not applied  0
 
[DEBUG] fr.inria.astor.core.loop.AstorCoreEngine.processCreatedVariant(AstorCoreEngine.java:390) - -The child compiles: id 1678
[DEBUG] fr.inria.astor.core.validation.executors.JUnitExecutorProcess.printCommandToExecute(JUnitExecutorProcess.java:140) - Executing process: 
/usr/lib/jvm/java-1.7.0-openjdk-amd64/bin//java  -Xmx2048m  -cp  /tmp/chart_1_Genprog_local_s1/./lib/jtestex-0.0.1.jar:/tmp/chart_1_Genprog_local_s1/./outputMutation/AstorMain-Chart/bin/variant-1678/:/tmp/chart_1_Genprog_local_s1/lib/:/tmp/chart_1_Genprog_local_s1/lib/junit-4.11.jar:/tmp/chart_1_Genprog_local_s1/lib/jtestex-0.0.1.jar:/tmp/chart_1_Genprog_local_s1/lib/junit.jar:/tmp/chart_1_Genprog_local_s1/lib/cobertura-2.0.3.jar:/tmp/chart_1_Genprog_local_s1/lib/iText-2.1.4.jar:/tmp/chart_1_Genprog_local_s1/lib/fixran-0.0.1.jar:/tmp/chart_1_Genprog_local_s1/lib/evosuite-master-1.0.4-SNAPSHOT.jar:/tmp/chart_1_Genprog_local_s1/lib/servlet.jar:/tmp/chart_1_Genprog_local_s1/./outputMutation/AstorMain-Chart/bin/default/:/home/mmartinez/defects4j-repair/src/python/core/../../../libs/astor.jar:  JUnitExternalExecutor  org.jfree.chart.renderer.category.junit.AbstractCategoryItemRendererTests
[DEBUG] fr.inria.astor.core.validation.executors.JUnitExecutorProcess.execute(JUnitExecutorProcess.java:77) - Execution time 0 seconds
[DEBUG] fr.inria.astor.core.validation.executors.JUnitExecutorProcess.execute(JUnitExecutorProcess.java:80) - Running Exit Value
[DEBUG] fr.inria.astor.core.validation.validators.RegressionValidation.validate(RegressionValidation.java:23) - Failing Val: |false|1|10|[test2947660(org.jfree.chart.renderer.category.junit.AbstractCategoryItemRendererTests): expected:<1> but was:<0>-]|
[DEBUG] fr.inria.astor.core.loop.AstorCoreEngine.processCreatedVariant(AstorCoreEngine.java:395) - -Valid?: false, fitness 1.0
[DEBUG] fr.inria.astor.core.loop.AstorCoreEngine.undoSingleGeneration(AstorCoreEngine.java:487) - ---Undoing: gnrtn(839): InsertAfterOp: `if (existing != null) { 	[...] ` ---> `java.awt.Rectangle rect =[...]` at pos 1 of parent `{ 	org.jfree.data.categor[...]`
[DEBUG] fr.inria.astor.core.loop.AstorCoreEngine.prepareNextGeneration(AstorCoreEngine.java:284) - 
End analysis generation - 
Solutions found:--> ()
[DEBUG] fr.inria.astor.core.loop.population.FitnessPopulationController.selectProgramVariantsForNextGeneration(FitnessPopulationController.java:52) - Variants to next generation from: 2-->IDs: (1677(f=1.0), 1678(f=1.0), )
[DEBUG] fr.inria.astor.core.loop.population.FitnessPopulationController.selectProgramVariantsForNextGeneration(FitnessPopulationController.java:61) - Selected to next generation: IDs2--> (1677(f=1.0), )
[DEBUG] fr.inria.astor.core.loop.AstorCoreEngine.startEvolution(AstorCoreEngine.java:121) - 
----------Running generation/iteraction 840, population size: 1
[DEBUG] fr.inria.astor.core.loop.AstorCoreEngine.processGenerations(AstorCoreEngine.java:211) - 
***** Generation 840
[DEBUG] fr.inria.astor.core.loop.AstorCoreEngine.processGenerations(AstorCoreEngine.java:220) - 
**
*-Parent Variant: [Variant id: 1679, #gens: 31, #ops: 0, parent:-]
[DEBUG] fr.inria.astor.core.loop.AstorCoreEngine.createNewProgramVariant(AstorCoreEngine.java:436) - 
--Child created id: 1680
[DEBUG] fr.inria.astor.core.loop.AstorCoreEngine.modifyProgramVariant(AstorCoreEngine.java:504) - --Creating new operations for variant [Variant id: 1680, #gens: 31, #ops: 0, parent:1679]
[DEBUG] fr.inria.astor.core.loop.AstorCoreEngine.modifyProgramVariant(AstorCoreEngine.java:517) - ---analyzing modificationPoint position: 10
[DEBUG] fr.inria.astor.core.loop.AstorCoreEngine.modifyProgramVariant(AstorCoreEngine.java:540) - operation RemoveOp: `if (notify) { 	fireChange[...] ` ---> `-` at pos 6 of parent `{ 	org.jfree.chart.render[...]`
[DEBUG] fr.inria.astor.core.loop.AstorCoreEngine.modifyProgramVariant(AstorCoreEngine.java:562) - 
--Summary Creation: for variant [Variant id: 1680, #gens: 30, #ops: 1, parent:1679] gen mutated: 1 , gen not mut: 0, gen not applied  0
 
[DEBUG] fr.inria.astor.core.loop.AstorCoreEngine.processCreatedVariant(AstorCoreEngine.java:390) - -The child compiles: id 1680
[DEBUG] fr.inria.astor.core.validation.executors.JUnitExecutorProcess.printCommandToExecute(JUnitExecutorProcess.java:140) - Executing process: 
/usr/lib/jvm/java-1.7.0-openjdk-amd64/bin//java  -Xmx2048m  -cp  /tmp/chart_1_Genprog_local_s1/./lib/jtestex-0.0.1.jar:/tmp/chart_1_Genprog_local_s1/./outputMutation/AstorMain-Chart/bin/variant-1680/:/tmp/chart_1_Genprog_local_s1/lib/:/tmp/chart_1_Genprog_local_s1/lib/junit-4.11.jar:/tmp/chart_1_Genprog_local_s1/lib/jtestex-0.0.1.jar:/tmp/chart_1_Genprog_local_s1/lib/junit.jar:/tmp/chart_1_Genprog_local_s1/lib/cobertura-2.0.3.jar:/tmp/chart_1_Genprog_local_s1/lib/iText-2.1.4.jar:/tmp/chart_1_Genprog_local_s1/lib/fixran-0.0.1.jar:/tmp/chart_1_Genprog_local_s1/lib/evosuite-master-1.0.4-SNAPSHOT.jar:/tmp/chart_1_Genprog_local_s1/lib/servlet.jar:/tmp/chart_1_Genprog_local_s1/./outputMutation/AstorMain-Chart/bin/default/:/home/mmartinez/defects4j-repair/src/python/core/../../../libs/astor.jar:  JUnitExternalExecutor  org.jfree.chart.renderer.category.junit.AbstractCategoryItemRendererTests
[DEBUG] fr.inria.astor.core.validation.executors.JUnitExecutorProcess.execute(JUnitExecutorProcess.java:77) - Execution time 0 seconds
[DEBUG] fr.inria.astor.core.validation.executors.JUnitExecutorProcess.execute(JUnitExecutorProcess.java:80) - Running Exit Value
[DEBUG] fr.inria.astor.core.validation.validators.RegressionValidation.validate(RegressionValidation.java:23) - Failing Val: |false|1|10|[test2947660(org.jfree.chart.renderer.category.junit.AbstractCategoryItemRendererTests): expected:<1> but was:<0>-]|
[DEBUG] fr.inria.astor.core.loop.AstorCoreEngine.processCreatedVariant(AstorCoreEngine.java:395) - -Valid?: false, fitness 1.0
[DEBUG] fr.inria.astor.core.loop.AstorCoreEngine.undoSingleGeneration(AstorCoreEngine.java:487) - ---Undoing: gnrtn(840): RemoveOp: `if (notify) { 	fireChange[...] ` ---> `-` at pos 6 of parent `{ 	org.jfree.chart.render[...]`
[DEBUG] fr.inria.astor.core.loop.AstorCoreEngine.prepareNextGeneration(AstorCoreEngine.java:284) - 
End analysis generation - 
Solutions found:--> ()
[DEBUG] fr.inria.astor.core.loop.population.FitnessPopulationController.selectProgramVariantsForNextGeneration(FitnessPopulationController.java:52) - Variants to next generation from: 2-->IDs: (1679(f=1.0), 1680(f=1.0), )
[DEBUG] fr.inria.astor.core.loop.population.FitnessPopulationController.selectProgramVariantsForNextGeneration(FitnessPopulationController.java:61) - Selected to next generation: IDs2--> (1679(f=1.0), )
[DEBUG] fr.inria.astor.core.loop.AstorCoreEngine.startEvolution(AstorCoreEngine.java:121) - 
----------Running generation/iteraction 841, population size: 1
[DEBUG] fr.inria.astor.core.loop.AstorCoreEngine.processGenerations(AstorCoreEngine.java:211) - 
***** Generation 841
[DEBUG] fr.inria.astor.core.loop.AstorCoreEngine.processGenerations(AstorCoreEngine.java:220) - 
**
*-Parent Variant: [Variant id: 1681, #gens: 31, #ops: 0, parent:-]
[DEBUG] fr.inria.astor.core.loop.AstorCoreEngine.createNewProgramVariant(AstorCoreEngine.java:436) - 
--Child created id: 1682
[DEBUG] fr.inria.astor.core.loop.AstorCoreEngine.modifyProgramVariant(AstorCoreEngine.java:504) - --Creating new operations for variant [Variant id: 1682, #gens: 31, #ops: 0, parent:1681]
[DEBUG] fr.inria.astor.core.loop.AstorCoreEngine.modifyProgramVariant(AstorCoreEngine.java:517) - ---analyzing modificationPoint position: 27
[DEBUG] fr.inria.astor.core.loop.AstorCoreEngine.modifyProgramVariant(AstorCoreEngine.java:540) - operation InsertAfterOp: `if (dataset != null) { 	r[...] ` ---> `double current = 0.0` at pos 4 of parent `{ 	org.jfree.chart.Legend[...]`
[DEBUG] fr.inria.astor.core.loop.spaces.operators.AstorOperator.addPoint(AstorOperator.java:108) - ---ModificPoint=AbstractCategoryItemRenderer line: 1797, el: CtLocalVariableImpl
[DEBUG] fr.inria.astor.core.loop.spaces.operators.AstorOperator.addPoint(AstorOperator.java:109) - ---InsertAfterOp: `if (dataset != null) { 	r[...] ` ---> `double current = 0.0` at pos 4 of parent `{ 	org.jfree.chart.Legend[...]`
[DEBUG] fr.inria.astor.core.loop.AstorCoreEngine.modifyProgramVariant(AstorCoreEngine.java:562) - 
--Summary Creation: for variant [Variant id: 1682, #gens: 32, #ops: 1, parent:1681] gen mutated: 1 , gen not mut: 0, gen not applied  0
 
[DEBUG] fr.inria.astor.core.loop.AstorCoreEngine.processCreatedVariant(AstorCoreEngine.java:390) - -The child compiles: id 1682
[DEBUG] fr.inria.astor.core.validation.executors.JUnitExecutorProcess.printCommandToExecute(JUnitExecutorProcess.java:140) - Executing process: 
/usr/lib/jvm/java-1.7.0-openjdk-amd64/bin//java  -Xmx2048m  -cp  /tmp/chart_1_Genprog_local_s1/./lib/jtestex-0.0.1.jar:/tmp/chart_1_Genprog_local_s1/./outputMutation/AstorMain-Chart/bin/variant-1682/:/tmp/chart_1_Genprog_local_s1/lib/:/tmp/chart_1_Genprog_local_s1/lib/junit-4.11.jar:/tmp/chart_1_Genprog_local_s1/lib/jtestex-0.0.1.jar:/tmp/chart_1_Genprog_local_s1/lib/junit.jar:/tmp/chart_1_Genprog_local_s1/lib/cobertura-2.0.3.jar:/tmp/chart_1_Genprog_local_s1/lib/iText-2.1.4.jar:/tmp/chart_1_Genprog_local_s1/lib/fixran-0.0.1.jar:/tmp/chart_1_Genprog_local_s1/lib/evosuite-master-1.0.4-SNAPSHOT.jar:/tmp/chart_1_Genprog_local_s1/lib/servlet.jar:/tmp/chart_1_Genprog_local_s1/./outputMutation/AstorMain-Chart/bin/default/:/home/mmartinez/defects4j-repair/src/python/core/../../../libs/astor.jar:  JUnitExternalExecutor  org.jfree.chart.renderer.category.junit.AbstractCategoryItemRendererTests
[DEBUG] fr.inria.astor.core.validation.executors.JUnitExecutorProcess.execute(JUnitExecutorProcess.java:77) - Execution time 0 seconds
[DEBUG] fr.inria.astor.core.validation.executors.JUnitExecutorProcess.execute(JUnitExecutorProcess.java:80) - Running Exit Value
[DEBUG] fr.inria.astor.core.validation.validators.RegressionValidation.validate(RegressionValidation.java:23) - Failing Val: |false|1|10|[test2947660(org.jfree.chart.renderer.category.junit.AbstractCategoryItemRendererTests): expected:<1> but was:<0>-]|
[DEBUG] fr.inria.astor.core.loop.AstorCoreEngine.processCreatedVariant(AstorCoreEngine.java:395) - -Valid?: false, fitness 1.0
[DEBUG] fr.inria.astor.core.loop.AstorCoreEngine.undoSingleGeneration(AstorCoreEngine.java:487) - ---Undoing: gnrtn(841): InsertAfterOp: `if (dataset != null) { 	r[...] ` ---> `double current = 0.0` at pos 4 of parent `{ 	org.jfree.chart.Legend[...]`
[DEBUG] fr.inria.astor.core.loop.AstorCoreEngine.prepareNextGeneration(AstorCoreEngine.java:284) - 
End analysis generation - 
Solutions found:--> ()
[DEBUG] fr.inria.astor.core.loop.population.FitnessPopulationController.selectProgramVariantsForNextGeneration(FitnessPopulationController.java:52) - Variants to next generation from: 2-->IDs: (1681(f=1.0), 1682(f=1.0), )
[DEBUG] fr.inria.astor.core.loop.population.FitnessPopulationController.selectProgramVariantsForNextGeneration(FitnessPopulationController.java:61) - Selected to next generation: IDs2--> (1681(f=1.0), )
[DEBUG] fr.inria.astor.core.loop.AstorCoreEngine.startEvolution(AstorCoreEngine.java:121) - 
----------Running generation/iteraction 842, population size: 1
[DEBUG] fr.inria.astor.core.loop.AstorCoreEngine.processGenerations(AstorCoreEngine.java:211) - 
***** Generation 842
[DEBUG] fr.inria.astor.core.loop.AstorCoreEngine.processGenerations(AstorCoreEngine.java:220) - 
**
*-Parent Variant: [Variant id: 1683, #gens: 31, #ops: 0, parent:-]
[DEBUG] fr.inria.astor.core.loop.AstorCoreEngine.createNewProgramVariant(AstorCoreEngine.java:436) - 
--Child created id: 1684
[DEBUG] fr.inria.astor.core.loop.AstorCoreEngine.modifyProgramVariant(AstorCoreEngine.java:504) - --Creating new operations for variant [Variant id: 1684, #gens: 31, #ops: 0, parent:1683]
[DEBUG] fr.inria.astor.core.loop.AstorCoreEngine.modifyProgramVariant(AstorCoreEngine.java:517) - ---analyzing modificationPoint position: 25
[DEBUG] fr.inria.astor.core.loop.AstorCoreEngine.modifyProgramVariant(AstorCoreEngine.java:540) - operation ReplaceOp: `int index = org.jfree.cha[...] ` ---> `double translatedBase` at pos 2 of parent `{ 	org.jfree.chart.Legend[...]`
[DEBUG] fr.inria.astor.core.loop.spaces.operators.AstorOperator.addPoint(AstorOperator.java:108) - ---ModificPoint=AbstractCategoryItemRenderer line: 1795, el: CtLocalVariableImpl
[DEBUG] fr.inria.astor.core.loop.spaces.operators.AstorOperator.addPoint(AstorOperator.java:109) - ---ReplaceOp: `int index = org.jfree.cha[...] ` ---> `double translatedBase` at pos 2 of parent `{ 	org.jfree.chart.Legend[...]`
[DEBUG] fr.inria.astor.core.loop.AstorCoreEngine.modifyProgramVariant(AstorCoreEngine.java:562) - 
--Summary Creation: for variant [Variant id: 1684, #gens: 31, #ops: 1, parent:1683] gen mutated: 1 , gen not mut: 0, gen not applied  0
 
[DEBUG] fr.inria.astor.core.loop.AstorCoreEngine.undoSingleGeneration(AstorCoreEngine.java:487) - ---Undoing: gnrtn(842): ReplaceOp: `int index = org.jfree.cha[...] ` ---> `double translatedBase` at pos 2 of parent `{ 	org.jfree.chart.Legend[...]`
[DEBUG] fr.inria.astor.core.loop.AstorCoreEngine.prepareNextGeneration(AstorCoreEngine.java:284) - 
End analysis generation - 
Solutions found:--> ()
[DEBUG] fr.inria.astor.core.loop.population.FitnessPopulationController.selectProgramVariantsForNextGeneration(FitnessPopulationController.java:52) - Variants to next generation from: 2-->IDs: (1683(f=1.0), 1684(f=1.7976931348623157E308), )
[DEBUG] fr.inria.astor.core.loop.population.FitnessPopulationController.selectProgramVariantsForNextGeneration(FitnessPopulationController.java:61) - Selected to next generation: IDs2--> (1683(f=1.0), )
[DEBUG] fr.inria.astor.core.loop.AstorCoreEngine.startEvolution(AstorCoreEngine.java:121) - 
----------Running generation/iteraction 843, population size: 1
[DEBUG] fr.inria.astor.core.loop.AstorCoreEngine.processGenerations(AstorCoreEngine.java:211) - 
***** Generation 843
[DEBUG] fr.inria.astor.core.loop.AstorCoreEngine.processGenerations(AstorCoreEngine.java:220) - 
**
*-Parent Variant: [Variant id: 1685, #gens: 31, #ops: 0, parent:-]
[DEBUG] fr.inria.astor.core.loop.AstorCoreEngine.createNewProgramVariant(AstorCoreEngine.java:436) - 
--Child created id: 1686
[DEBUG] fr.inria.astor.core.loop.AstorCoreEngine.modifyProgramVariant(AstorCoreEngine.java:504) - --Creating new operations for variant [Variant id: 1686, #gens: 31, #ops: 0, parent:1685]
[DEBUG] fr.inria.astor.core.loop.AstorCoreEngine.modifyProgramVariant(AstorCoreEngine.java:517) - ---analyzing modificationPoint position: 0
[DEBUG] fr.inria.astor.core.loop.AstorCoreEngine.modifyProgramVariant(AstorCoreEngine.java:540) - operation InsertBeforeOp: `return result ` ---> `java.awt.Shape box = null` at pos 0 of parent `{ 	return result; }`
[DEBUG] fr.inria.astor.core.loop.spaces.operators.AstorOperator.addPoint(AstorOperator.java:108) - ---ModificPoint=AbstractCategoryItemRenderer line: 1793, el: CtLocalVariableImpl
[DEBUG] fr.inria.astor.core.loop.spaces.operators.AstorOperator.addPoint(AstorOperator.java:109) - ---InsertBeforeOp: `return result ` ---> `java.awt.Shape box = null` at pos 0 of parent `{ 	return result; }`
[DEBUG] fr.inria.astor.core.loop.AstorCoreEngine.modifyProgramVariant(AstorCoreEngine.java:562) - 
--Summary Creation: for variant [Variant id: 1686, #gens: 32, #ops: 1, parent:1685] gen mutated: 1 , gen not mut: 0, gen not applied  0
 
[DEBUG] fr.inria.astor.core.loop.AstorCoreEngine.processCreatedVariant(AstorCoreEngine.java:390) - -The child compiles: id 1686
[DEBUG] fr.inria.astor.core.validation.executors.JUnitExecutorProcess.printCommandToExecute(JUnitExecutorProcess.java:140) - Executing process: 
/usr/lib/jvm/java-1.7.0-openjdk-amd64/bin//java  -Xmx2048m  -cp  /tmp/chart_1_Genprog_local_s1/./lib/jtestex-0.0.1.jar:/tmp/chart_1_Genprog_local_s1/./outputMutation/AstorMain-Chart/bin/variant-1686/:/tmp/chart_1_Genprog_local_s1/lib/:/tmp/chart_1_Genprog_local_s1/lib/junit-4.11.jar:/tmp/chart_1_Genprog_local_s1/lib/jtestex-0.0.1.jar:/tmp/chart_1_Genprog_local_s1/lib/junit.jar:/tmp/chart_1_Genprog_local_s1/lib/cobertura-2.0.3.jar:/tmp/chart_1_Genprog_local_s1/lib/iText-2.1.4.jar:/tmp/chart_1_Genprog_local_s1/lib/fixran-0.0.1.jar:/tmp/chart_1_Genprog_local_s1/lib/evosuite-master-1.0.4-SNAPSHOT.jar:/tmp/chart_1_Genprog_local_s1/lib/servlet.jar:/tmp/chart_1_Genprog_local_s1/./outputMutation/AstorMain-Chart/bin/default/:/home/mmartinez/defects4j-repair/src/python/core/../../../libs/astor.jar:  JUnitExternalExecutor  org.jfree.chart.renderer.category.junit.AbstractCategoryItemRendererTests
[DEBUG] fr.inria.astor.core.validation.executors.JUnitExecutorProcess.execute(JUnitExecutorProcess.java:77) - Execution time 0 seconds
[DEBUG] fr.inria.astor.core.validation.executors.JUnitExecutorProcess.execute(JUnitExecutorProcess.java:80) - Running Exit Value
[DEBUG] fr.inria.astor.core.validation.validators.RegressionValidation.validate(RegressionValidation.java:23) - Failing Val: |false|1|10|[test2947660(org.jfree.chart.renderer.category.junit.AbstractCategoryItemRendererTests): expected:<1> but was:<0>-]|
[DEBUG] fr.inria.astor.core.loop.AstorCoreEngine.processCreatedVariant(AstorCoreEngine.java:395) - -Valid?: false, fitness 1.0
[DEBUG] fr.inria.astor.core.loop.AstorCoreEngine.undoSingleGeneration(AstorCoreEngine.java:487) - ---Undoing: gnrtn(843): InsertBeforeOp: `return result ` ---> `java.awt.Shape box = null` at pos 0 of parent `{ 	java.awt.Shape box = n[...]`
[DEBUG] fr.inria.astor.core.loop.AstorCoreEngine.prepareNextGeneration(AstorCoreEngine.java:284) - 
End analysis generation - 
Solutions found:--> ()
[DEBUG] fr.inria.astor.core.loop.population.FitnessPopulationController.selectProgramVariantsForNextGeneration(FitnessPopulationController.java:52) - Variants to next generation from: 2-->IDs: (1685(f=1.0), 1686(f=1.0), )
[DEBUG] fr.inria.astor.core.loop.population.FitnessPopulationController.selectProgramVariantsForNextGeneration(FitnessPopulationController.java:61) - Selected to next generation: IDs2--> (1685(f=1.0), )
[DEBUG] fr.inria.astor.core.loop.AstorCoreEngine.startEvolution(AstorCoreEngine.java:121) - 
----------Running generation/iteraction 844, population size: 1
[DEBUG] fr.inria.astor.core.loop.AstorCoreEngine.processGenerations(AstorCoreEngine.java:211) - 
***** Generation 844
[DEBUG] fr.inria.astor.core.loop.AstorCoreEngine.processGenerations(AstorCoreEngine.java:220) - 
**
*-Parent Variant: [Variant id: 1687, #gens: 31, #ops: 0, parent:-]
[DEBUG] fr.inria.astor.core.loop.AstorCoreEngine.createNewProgramVariant(AstorCoreEngine.java:436) - 
--Child created id: 1688
[DEBUG] fr.inria.astor.core.loop.AstorCoreEngine.modifyProgramVariant(AstorCoreEngine.java:504) - --Creating new operations for variant [Variant id: 1688, #gens: 31, #ops: 0, parent:1687]
[DEBUG] fr.inria.astor.core.loop.AstorCoreEngine.modifyProgramVariant(AstorCoreEngine.java:517) - ---analyzing modificationPoint position: 29
[DEBUG] fr.inria.astor.core.loop.AstorCoreEngine.modifyProgramVariant(AstorCoreEngine.java:540) - operation InsertBeforeOp: `return org.jfree.chart.Le[...] ` ---> `return false` at pos 0 of parent `{ 	return org.jfree.chart[...]`
[DEBUG] fr.inria.astor.core.loop.spaces.operators.AstorOperator.addPoint(AstorOperator.java:108) - ---ModificPoint=LegendItemCollection line: 107, el: CtReturnImpl
[DEBUG] fr.inria.astor.core.loop.spaces.operators.AstorOperator.addPoint(AstorOperator.java:109) - ---InsertBeforeOp: `return org.jfree.chart.Le[...] ` ---> `return false` at pos 0 of parent `{ 	return org.jfree.chart[...]`
[DEBUG] fr.inria.astor.core.loop.AstorCoreEngine.modifyProgramVariant(AstorCoreEngine.java:562) - 
--Summary Creation: for variant [Variant id: 1688, #gens: 32, #ops: 1, parent:1687] gen mutated: 1 , gen not mut: 0, gen not applied  0
 
[DEBUG] fr.inria.astor.core.loop.AstorCoreEngine.undoSingleGeneration(AstorCoreEngine.java:487) - ---Undoing: gnrtn(844): InsertBeforeOp: `return org.jfree.chart.Le[...] ` ---> `return false` at pos 0 of parent `{ 	return false; 	return [...]`
[DEBUG] fr.inria.astor.core.loop.AstorCoreEngine.prepareNextGeneration(AstorCoreEngine.java:284) - 
End analysis generation - 
Solutions found:--> ()
[DEBUG] fr.inria.astor.core.loop.population.FitnessPopulationController.selectProgramVariantsForNextGeneration(FitnessPopulationController.java:52) - Variants to next generation from: 2-->IDs: (1687(f=1.0), 1688(f=1.7976931348623157E308), )
[DEBUG] fr.inria.astor.core.loop.population.FitnessPopulationController.selectProgramVariantsForNextGeneration(FitnessPopulationController.java:61) - Selected to next generation: IDs2--> (1687(f=1.0), )
[DEBUG] fr.inria.astor.core.loop.AstorCoreEngine.startEvolution(AstorCoreEngine.java:121) - 
----------Running generation/iteraction 845, population size: 1
[DEBUG] fr.inria.astor.core.loop.AstorCoreEngine.processGenerations(AstorCoreEngine.java:211) - 
***** Generation 845
[DEBUG] fr.inria.astor.core.loop.AstorCoreEngine.processGenerations(AstorCoreEngine.java:220) - 
**
*-Parent Variant: [Variant id: 1689, #gens: 31, #ops: 0, parent:-]
[DEBUG] fr.inria.astor.core.loop.AstorCoreEngine.createNewProgramVariant(AstorCoreEngine.java:436) - 
--Child created id: 1690
[DEBUG] fr.inria.astor.core.loop.AstorCoreEngine.modifyProgramVariant(AstorCoreEngine.java:504) - --Creating new operations for variant [Variant id: 1690, #gens: 31, #ops: 0, parent:1689]
[DEBUG] fr.inria.astor.core.loop.AstorCoreEngine.modifyProgramVariant(AstorCoreEngine.java:517) - ---analyzing modificationPoint position: 9
[DEBUG] fr.inria.astor.core.loop.AstorCoreEngine.modifyProgramVariant(AstorCoreEngine.java:540) - operation ReplaceOp: `configureRangeAxes() ` ---> `org.jfree.chart.plot.Cate[...]` at pos 5 of parent `{ 	org.jfree.chart.render[...]`
[DEBUG] fr.inria.astor.core.loop.spaces.operators.AstorOperator.addPoint(AstorOperator.java:108) - ---ModificPoint=CategoryPlot line: 1679, el: CtInvocationImpl
[DEBUG] fr.inria.astor.core.loop.spaces.operators.AstorOperator.addPoint(AstorOperator.java:109) - ---ReplaceOp: `configureRangeAxes() ` ---> `org.jfree.chart.plot.Cate[...]` at pos 5 of parent `{ 	org.jfree.chart.render[...]`
[DEBUG] fr.inria.astor.core.loop.AstorCoreEngine.modifyProgramVariant(AstorCoreEngine.java:562) - 
--Summary Creation: for variant [Variant id: 1690, #gens: 31, #ops: 1, parent:1689] gen mutated: 1 , gen not mut: 0, gen not applied  0
 
[DEBUG] fr.inria.astor.core.loop.AstorCoreEngine.processCreatedVariant(AstorCoreEngine.java:390) - -The child compiles: id 1690
[DEBUG] fr.inria.astor.core.validation.executors.JUnitExecutorProcess.printCommandToExecute(JUnitExecutorProcess.java:140) - Executing process: 
/usr/lib/jvm/java-1.7.0-openjdk-amd64/bin//java  -Xmx2048m  -cp  /tmp/chart_1_Genprog_local_s1/./lib/jtestex-0.0.1.jar:/tmp/chart_1_Genprog_local_s1/./outputMutation/AstorMain-Chart/bin/variant-1690/:/tmp/chart_1_Genprog_local_s1/lib/:/tmp/chart_1_Genprog_local_s1/lib/junit-4.11.jar:/tmp/chart_1_Genprog_local_s1/lib/jtestex-0.0.1.jar:/tmp/chart_1_Genprog_local_s1/lib/junit.jar:/tmp/chart_1_Genprog_local_s1/lib/cobertura-2.0.3.jar:/tmp/chart_1_Genprog_local_s1/lib/iText-2.1.4.jar:/tmp/chart_1_Genprog_local_s1/lib/fixran-0.0.1.jar:/tmp/chart_1_Genprog_local_s1/lib/evosuite-master-1.0.4-SNAPSHOT.jar:/tmp/chart_1_Genprog_local_s1/lib/servlet.jar:/tmp/chart_1_Genprog_local_s1/./outputMutation/AstorMain-Chart/bin/default/:/home/mmartinez/defects4j-repair/src/python/core/../../../libs/astor.jar:  JUnitExternalExecutor  org.jfree.chart.renderer.category.junit.AbstractCategoryItemRendererTests
[DEBUG] fr.inria.astor.core.validation.executors.JUnitExecutorProcess.execute(JUnitExecutorProcess.java:77) - Execution time 0 seconds
[DEBUG] fr.inria.astor.core.validation.executors.JUnitExecutorProcess.execute(JUnitExecutorProcess.java:80) - Running Exit Value
[DEBUG] fr.inria.astor.core.validation.validators.RegressionValidation.validate(RegressionValidation.java:23) - Failing Val: |false|1|10|[test2947660(org.jfree.chart.renderer.category.junit.AbstractCategoryItemRendererTests): expected:<1> but was:<0>-]|
[DEBUG] fr.inria.astor.core.loop.AstorCoreEngine.processCreatedVariant(AstorCoreEngine.java:395) - -Valid?: false, fitness 1.0
[DEBUG] fr.inria.astor.core.loop.AstorCoreEngine.undoSingleGeneration(AstorCoreEngine.java:487) - ---Undoing: gnrtn(845): ReplaceOp: `configureRangeAxes() ` ---> `org.jfree.chart.plot.Cate[...]` at pos 5 of parent `{ 	org.jfree.chart.render[...]`
[DEBUG] fr.inria.astor.core.loop.AstorCoreEngine.prepareNextGeneration(AstorCoreEngine.java:284) - 
End analysis generation - 
Solutions found:--> ()
[DEBUG] fr.inria.astor.core.loop.population.FitnessPopulationController.selectProgramVariantsForNextGeneration(FitnessPopulationController.java:52) - Variants to next generation from: 2-->IDs: (1689(f=1.0), 1690(f=1.0), )
[DEBUG] fr.inria.astor.core.loop.population.FitnessPopulationController.selectProgramVariantsForNextGeneration(FitnessPopulationController.java:61) - Selected to next generation: IDs2--> (1689(f=1.0), )
[INFO ] fr.inria.astor.core.loop.AstorCoreEngine.belowMaxTime(AstorCoreEngine.java:172) - 
 No more time for operating
[INFO ] fr.inria.astor.core.loop.AstorCoreEngine.startEvolution(AstorCoreEngine.java:128) - Time Repair Loop (s): 7273.719
[INFO ] fr.inria.astor.core.loop.AstorCoreEngine.showResults(AstorCoreEngine.java:134) - 

