seed AstorRun 3 
export PATH="/home/mmartinez/defects4j/framework/bin:$PATH";export JAVA_TOOL_OPTIONS=-Dfile.encoding=UTF8;export PATH="/usr/lib/jvm/java-1.7.0-openjdk-amd64/bin/:$PATH";cd /home/mmartinez/projects/math/math_40;defects4j compile;cp -r /home/mmartinez/projects/math/math_40 /tmp/math_40_Genprog_local_s1;cd /tmp/math_40_Genprog_local_s1;mkdir lib/;cp -r /home/mmartinez/defects4j/framework/projects/lib/* lib/;cp -r /home/mmartinez/defects4j/framework/projects/Math/lib/* lib/;find . -type f -name "package-info.java" -delete;
/home/mmartinez/defects4j-repair/src/python/core/../../../results/2016-june/Math/seed/3/package/40/Genprog/result
cd /tmp/math_40_Genprog_local_s1;export JAVA_TOOL_OPTIONS=-Dfile.encoding=UTF8;TZ="America/New_York"; export TZexport PATH="/usr/lib/jvm/java-1.7.0-openjdk-amd64/bin/:$PATH";time /home/mmartinez/jdk1.8.0_45/bin//java -Xmx4096m -cp /home/mmartinez/defects4j-repair/src/python/core/../../..//libs/astor.jar fr.inria.main.evolution.MainjGenProg -mode statement -location . -id Math -dependencies lib/ -failing org.apache.commons.math.analysis.solvers.BracketingNthOrderBrentSolverTest: -package org.apache.commons -jvm4testexecution /usr/lib/jvm/java-1.7.0-openjdk-amd64/bin/ -jvm4evosuitetestexecution /home/mmartinez/jdk1.8.0_45/bin/ -javacompliancelevel 5 -maxgen 1000000 -seed 3 -scope package -maxtime 120  -stopfirst false -population 1 -srcjavafolder src/main/java/ -srctestfolder src/test/java/ -binjavafolder target/classes/ -bintestfolder target/test-classes/ -flthreshold 0.1  -validation  fr.inria.astor.core.validation.validators.RegressionValidation  -ESParameters -Dassertion_timeout=1800:-Dminimization_timeout=1800:-Djunit_check_timeout=1800:-Dwrite_junit_timeout=300:-Dinitialization_timeout=300:-Dglobal_timeout=18000:-Dsearch_budget=100000:-Dstopping_condition=MaxStatements:-Dno_runtime_dependency=true:-Dsandbox=false:-Dp_reflection_on_private=0.0:-Dreflection_start_percent=1.0:-Dp_functional_mocking=0.0:-Dfunctional_mocking_percent=1.0:-mem=2000 -ignoredtestcases org.apache.commons.lang.LocaleUtilsTest  -excludeRegression  -maxgen 100000000 ;echo "

Node: `hostname`
";echo "
Date: `date`
"; find /tmp/math_40_Genprog_local_s1/outputMutation -name "*.class" -type f -delete;echo "removed classes 
"; find . -name bin  -type d -print0|xargs -0 rm -r --; zip -r -q out.zip /tmp/math_40_Genprog_local_s1/outputMutation; echo "zipped 
";cp out.zip /home/mmartinez/defects4j-repair/src/python/core/../../../results/2016-june/Math/seed/3/package/40/Genprog; echo "copied zip 
";rm -rf /tmp/math_40_Genprog_local_s1;

[DEBUG] fr.inria.astor.core.loop.AstorCoreEngine.showResults(AstorCoreEngine.java:136) - End Repair Loops: Found solution
[DEBUG] fr.inria.astor.core.loop.AstorCoreEngine.showResults(AstorCoreEngine.java:137) - Solution stored at: /tmp/math_40_Genprog_local_s1/./outputMutation/AstorMain-Math//src/
[DEBUG] fr.inria.astor.core.loop.AstorCoreEngine.showResults(AstorCoreEngine.java:142) - 
Number solutions:7
[DEBUG] fr.inria.astor.core.loop.AstorCoreEngine.showResults(AstorCoreEngine.java:144) - f (sol): 4.0, [Variant id: 24 (SOL) , #gens: 84, #ops: 1, parent:23]
[DEBUG] fr.inria.astor.core.loop.AstorCoreEngine.showResults(AstorCoreEngine.java:144) - f (sol): 4.0, [Variant id: 212 (SOL) , #gens: 84, #ops: 1, parent:211]
[DEBUG] fr.inria.astor.core.loop.AstorCoreEngine.showResults(AstorCoreEngine.java:144) - f (sol): 4.0, [Variant id: 488 (SOL) , #gens: 84, #ops: 1, parent:487]
[DEBUG] fr.inria.astor.core.loop.AstorCoreEngine.showResults(AstorCoreEngine.java:144) - f (sol): 4.0, [Variant id: 636 (SOL) , #gens: 84, #ops: 1, parent:635]
[DEBUG] fr.inria.astor.core.loop.AstorCoreEngine.showResults(AstorCoreEngine.java:144) - f (sol): 4.0, [Variant id: 906 (SOL) , #gens: 84, #ops: 1, parent:905]
[DEBUG] fr.inria.astor.core.loop.AstorCoreEngine.showResults(AstorCoreEngine.java:144) - f (sol): 4.0, [Variant id: 1034 (SOL) , #gens: 84, #ops: 1, parent:1033]
[DEBUG] fr.inria.astor.core.loop.AstorCoreEngine.showResults(AstorCoreEngine.java:144) - f (sol): 4.0, [Variant id: 1076 (SOL) , #gens: 84, #ops: 1, parent:1075]
[DEBUG] fr.inria.astor.core.loop.AstorCoreEngine.showResults(AstorCoreEngine.java:146) - 
All variants:
[DEBUG] fr.inria.astor.core.loop.AstorCoreEngine.showResults(AstorCoreEngine.java:148) - f 1.0, [Variant id: 1077, #gens: 85, #ops: 0, parent:-]
[INFO ] fr.inria.astor.core.loop.AstorCoreEngine.showResults(AstorCoreEngine.java:152) - 
Solution details
[INFO ] fr.inria.astor.core.loop.AstorCoreEngine.showResults(AstorCoreEngine.java:153) - 
 --SOLUTIONS DESCRIPTION--

 ----
ProgramVariant 24
 
time(sec)= 1411
operation: RemoveOp
location= org.apache.commons.math.util.Incrementor
line= 151
lineSuspiciousness= 0.167
original statement= maxCountCallback.trigger(maximalCount)
fixed statement= 
generation= 12
ingredientScope= -
validation=
failing: |true|0|15|[]|
evo_regression: |false|4|15|[test03(org.apache.commons.math.util.Incrementor_ESTest): Expecting exception: NullPointerException-, test04(org.apache.commons.math.util.Incrementor_ESTest): Expecting exception: IllegalStateException-, test05(org.apache.commons.math.util.Incrementor_ESTest): Expecting exception: NullPointerException-, test10(org.apache.commons.math.util.Incrementor_ESTest): Expecting exception: IllegalStateException-]|
 ----
ProgramVariant 212
 
time(sec)= 2977
operation: RemoveOp
location= org.apache.commons.math.util.Incrementor
line= 151
lineSuspiciousness= 0.167
original statement= maxCountCallback.trigger(maximalCount)
fixed statement= 
generation= 106
ingredientScope= -
validation=
failing: |true|0|15|[]|
evo_regression: |false|4|15|[test03(org.apache.commons.math.util.Incrementor_ESTest): Expecting exception: NullPointerException-, test04(org.apache.commons.math.util.Incrementor_ESTest): Expecting exception: IllegalStateException-, test05(org.apache.commons.math.util.Incrementor_ESTest): Expecting exception: NullPointerException-, test10(org.apache.commons.math.util.Incrementor_ESTest): Expecting exception: IllegalStateException-]|
 ----
ProgramVariant 488
 
time(sec)= 4837
operation: RemoveOp
location= org.apache.commons.math.util.Incrementor
line= 151
lineSuspiciousness= 0.167
original statement= maxCountCallback.trigger(maximalCount)
fixed statement= 
generation= 244
ingredientScope= -
validation=
failing: |true|0|15|[]|
evo_regression: |false|4|15|[test03(org.apache.commons.math.util.Incrementor_ESTest): Expecting exception: NullPointerException-, test04(org.apache.commons.math.util.Incrementor_ESTest): Expecting exception: IllegalStateException-, test05(org.apache.commons.math.util.Incrementor_ESTest): Expecting exception: NullPointerException-, test10(org.apache.commons.math.util.Incrementor_ESTest): Expecting exception: IllegalStateException-]|
 ----
ProgramVariant 636
 
time(sec)= 5781
operation: RemoveOp
location= org.apache.commons.math.analysis.solvers.BaseAbstractUnivariateRealSolver
line= 296
lineSuspiciousness= 0.408
original statement= throw new org.apache.commons.math.exception.TooManyEvaluationsException(e.getMax())
fixed statement= 
generation= 318
ingredientScope= -
validation=
failing: |true|0|15|[]|
manual_regression: |false|2|3135|[testQuinticZero(org.apache.commons.math.analysis.solvers.BrentSolverTest): Expected TooManyEvaluationsException-, testEventsNoConvergence(org.apache.commons.math.ode.nonstiff.HighamHall54IntegratorTest): an exception should have been thrown-]|
evo_regression: |false|2|22|[test11(org.apache.commons.math.analysis.solvers.BaseAbstractUnivariateRealSolver_ESTest): Expecting exception: IllegalStateException-, test12(org.apache.commons.math.analysis.solvers.BaseAbstractUnivariateRealSolver_ESTest): null-]|
 ----
ProgramVariant 906
 
time(sec)= 6598
operation: RemoveOp
location= org.apache.commons.math.analysis.solvers.BaseAbstractUnivariateRealSolver
line= 296
lineSuspiciousness= 0.408
original statement= throw new org.apache.commons.math.exception.TooManyEvaluationsException(e.getMax())
fixed statement= 
generation= 453
ingredientScope= -
validation=
failing: |true|0|15|[]|
manual_regression: |false|2|3135|[testQuinticZero(org.apache.commons.math.analysis.solvers.BrentSolverTest): Expected TooManyEvaluationsException-, testEventsNoConvergence(org.apache.commons.math.ode.nonstiff.HighamHall54IntegratorTest): an exception should have been thrown-]|
evo_regression: |false|2|22|[test11(org.apache.commons.math.analysis.solvers.BaseAbstractUnivariateRealSolver_ESTest): Expecting exception: IllegalStateException-, test12(org.apache.commons.math.analysis.solvers.BaseAbstractUnivariateRealSolver_ESTest): null-]|
 ----
ProgramVariant 1034
 
time(sec)= 7039
operation: RemoveOp
location= org.apache.commons.math.analysis.solvers.BaseAbstractUnivariateRealSolver
line= 296
lineSuspiciousness= 0.408
original statement= throw new org.apache.commons.math.exception.TooManyEvaluationsException(e.getMax())
fixed statement= 
generation= 517
ingredientScope= -
validation=
failing: |true|0|15|[]|
manual_regression: |false|2|3135|[testQuinticZero(org.apache.commons.math.analysis.solvers.BrentSolverTest): Expected TooManyEvaluationsException-, testEventsNoConvergence(org.apache.commons.math.ode.nonstiff.HighamHall54IntegratorTest): an exception should have been thrown-]|
evo_regression: |false|2|22|[test11(org.apache.commons.math.analysis.solvers.BaseAbstractUnivariateRealSolver_ESTest): Expecting exception: IllegalStateException-, test12(org.apache.commons.math.analysis.solvers.BaseAbstractUnivariateRealSolver_ESTest): null-]|
 ----
ProgramVariant 1076
 
time(sec)= 7321
operation: RemoveOp
location= org.apache.commons.math.analysis.solvers.BaseAbstractUnivariateRealSolver
line= 296
lineSuspiciousness= 0.408
original statement= throw new org.apache.commons.math.exception.TooManyEvaluationsException(e.getMax())
fixed statement= 
generation= 538
ingredientScope= -
validation=
failing: |true|0|15|[]|
manual_regression: |false|2|3135|[testQuinticZero(org.apache.commons.math.analysis.solvers.BrentSolverTest): Expected TooManyEvaluationsException-, testEventsNoConvergence(org.apache.commons.math.ode.nonstiff.HighamHall54IntegratorTest): an exception should have been thrown-]|
evo_regression: |false|2|22|[test11(org.apache.commons.math.analysis.solvers.BaseAbstractUnivariateRealSolver_ESTest): Expecting exception: IllegalStateException-, test12(org.apache.commons.math.analysis.solvers.BaseAbstractUnivariateRealSolver_ESTest): null-]|
[INFO ] fr.inria.main.evolution.AstorMain.run(AstorMain.java:397) - Time Total(s): 7651.633


Node: graphene-114.nancy.grid5000.fr


Date: Wed Jan 18 01:41:31 CET 2017

removed classes 

zipped 

copied zip 


