seed AstorRun 21 
export PATH="/home/mmartinez/defects4j/framework/bin:$PATH";export JAVA_TOOL_OPTIONS=-Dfile.encoding=UTF8;export PATH="/usr/lib/jvm/java-1.7.0-openjdk-amd64/bin/:$PATH";cd /home/mmartinez/projects/chart/chart_3;defects4j compile;cp -r /home/mmartinez/projects/chart/chart_3 /tmp/chart_3_Genprog_local_s1;cd /tmp/chart_3_Genprog_local_s1;mkdir lib/;cp -r /home/mmartinez/defects4j/framework/projects/lib/* lib/;cp -r /home/mmartinez/defects4j/framework/projects/Chart/lib/* lib/;find . -type f -name "package-info.java" -delete;
/home/mmartinez/defects4j-repair/src/python/core/../../../results/2016-june/Chart/seed/21/package/3/Genprog/result
cd /tmp/chart_3_Genprog_local_s1;export JAVA_TOOL_OPTIONS=-Dfile.encoding=UTF8;TZ="America/New_York"; export TZexport PATH="/usr/lib/jvm/java-1.7.0-openjdk-amd64/bin/:$PATH";time /home/mmartinez/jdk1.8.0_45/bin//java -Xmx4096m -cp /home/mmartinez/defects4j-repair/src/python/core/../../..//libs/astor.jar fr.inria.main.evolution.MainjGenProg -mode statement -location . -id Chart -dependencies lib/ -failing org.jfree.data.time.junit.TimeSeriesTests: -package org.jfree -jvm4testexecution /usr/lib/jvm/java-1.7.0-openjdk-amd64/bin/ -jvm4evosuitetestexecution /home/mmartinez/jdk1.8.0_45/bin/ -javacompliancelevel 4 -maxgen 1000000 -seed 21 -scope package -maxtime 120  -stopfirst false -population 1 -srcjavafolder source/ -srctestfolder tests/ -binjavafolder build/ -bintestfolder build-tests/ -flthreshold 0.1  -validation  fr.inria.astor.core.validation.validators.RegressionValidation  -ESParameters -Dassertion_timeout=1800:-Dminimization_timeout=1800:-Djunit_check_timeout=1800:-Dwrite_junit_timeout=300:-Dinitialization_timeout=300:-Dglobal_timeout=18000:-Dsearch_budget=100000:-Dstopping_condition=MaxStatements:-Dno_runtime_dependency=true:-Dsandbox=false:-Dp_reflection_on_private=0.0:-Dreflection_start_percent=1.0:-Dp_functional_mocking=0.0:-Dfunctional_mocking_percent=1.0:-mem=2000 -ignoredtestcases org.apache.commons.lang.LocaleUtilsTest  -excludeRegression  -maxgen 100000000 ;echo "

Node: `hostname`
";echo "
Date: `date`
"; find /tmp/chart_3_Genprog_local_s1/outputMutation -name "*.class" -type f -delete;echo "removed classes 
"; find . -name bin  -type d -print0|xargs -0 rm -r --; zip -r -q out.zip /tmp/chart_3_Genprog_local_s1/outputMutation; echo "zipped 
";cp out.zip /home/mmartinez/defects4j-repair/src/python/core/../../../results/2016-june/Chart/seed/21/package/3/Genprog; echo "copied zip 
";rm -rf /tmp/chart_3_Genprog_local_s1;

[DEBUG] fr.inria.astor.core.loop.AstorCoreEngine.showResults(AstorCoreEngine.java:136) - End Repair Loops: Found solution
[DEBUG] fr.inria.astor.core.loop.AstorCoreEngine.showResults(AstorCoreEngine.java:137) - Solution stored at: /tmp/chart_3_Genprog_local_s1/./outputMutation/AstorMain-Chart//src/
[DEBUG] fr.inria.astor.core.loop.AstorCoreEngine.showResults(AstorCoreEngine.java:142) - 
Number solutions:7
[DEBUG] fr.inria.astor.core.loop.AstorCoreEngine.showResults(AstorCoreEngine.java:144) - f (sol): 0.0, [Variant id: 212 (SOL) , #gens: 75, #ops: 1, parent:211]
[DEBUG] fr.inria.astor.core.loop.AstorCoreEngine.showResults(AstorCoreEngine.java:144) - f (sol): 0.0, [Variant id: 394 (SOL) , #gens: 76, #ops: 1, parent:393]
[DEBUG] fr.inria.astor.core.loop.AstorCoreEngine.showResults(AstorCoreEngine.java:144) - f (sol): 0.0, [Variant id: 1194 (SOL) , #gens: 76, #ops: 1, parent:1193]
[DEBUG] fr.inria.astor.core.loop.AstorCoreEngine.showResults(AstorCoreEngine.java:144) - f (sol): 0.0, [Variant id: 1594 (SOL) , #gens: 76, #ops: 1, parent:1593]
[DEBUG] fr.inria.astor.core.loop.AstorCoreEngine.showResults(AstorCoreEngine.java:144) - f (sol): 0.0, [Variant id: 1948 (SOL) , #gens: 76, #ops: 1, parent:1947]
[DEBUG] fr.inria.astor.core.loop.AstorCoreEngine.showResults(AstorCoreEngine.java:144) - f (sol): 0.0, [Variant id: 4026 (SOL) , #gens: 76, #ops: 1, parent:4025]
[DEBUG] fr.inria.astor.core.loop.AstorCoreEngine.showResults(AstorCoreEngine.java:144) - f (sol): 0.0, [Variant id: 4160 (SOL) , #gens: 76, #ops: 1, parent:4159]
[DEBUG] fr.inria.astor.core.loop.AstorCoreEngine.showResults(AstorCoreEngine.java:146) - 
All variants:
[DEBUG] fr.inria.astor.core.loop.AstorCoreEngine.showResults(AstorCoreEngine.java:148) - f 1.0, [Variant id: 4915, #gens: 75, #ops: 0, parent:-]
[INFO ] fr.inria.astor.core.loop.AstorCoreEngine.showResults(AstorCoreEngine.java:152) - 
Solution details
[INFO ] fr.inria.astor.core.loop.AstorCoreEngine.showResults(AstorCoreEngine.java:153) - 
 --SOLUTIONS DESCRIPTION--

 ----
ProgramVariant 212
 
time(sec)= 601
operation: ReplaceOp
location= org.jfree.data.time.TimeSeries
line= 638
lineSuspiciousness= 0.151
original statement= fireSeriesChanged()
fixed statement= updateBoundsForRemovedItem(item)
generation= 106
ingredientScope= LOCAL
validation=
failing: |true|0|37|[]|
manual_regression: |true|0|4390|[]|
evo_regression: |true|0|122|[]|
 ----
ProgramVariant 394
 
time(sec)= 889
operation: InsertAfterOp
location= org.jfree.data.time.TimeSeries
line= 580
lineSuspiciousness= 0.151
original statement= java.lang.Class c = item.getPeriod().getClass()
fixed statement= updateBoundsForRemovedItem(item)
generation= 197
ingredientScope= LOCAL
validation=
failing: |true|0|37|[]|
manual_regression: |true|0|4390|[]|
evo_regression: |true|0|122|[]|
 ----
ProgramVariant 1194
 
time(sec)= 2169
operation: InsertAfterOp
location= org.jfree.data.time.TimeSeries
line= 627
lineSuspiciousness= 0.151
original statement= updateBoundsForAddedItem(item)
fixed statement= updateBoundsForRemovedItem(item)
generation= 597
ingredientScope= LOCAL
validation=
failing: |true|0|37|[]|
manual_regression: |true|0|4390|[]|
evo_regression: |true|0|122|[]|
 ----
ProgramVariant 1594
 
time(sec)= 2790
operation: InsertAfterOp
location= org.jfree.data.time.TimeSeries
line= 564
lineSuspiciousness= 0.447
original statement= add(item, true)
fixed statement= findBoundsByIteration()
generation= 797
ingredientScope= LOCAL
validation=
failing: |true|0|37|[]|
manual_regression: |true|0|4390|[]|
evo_regression: |true|0|122|[]|
 ----
ProgramVariant 1948
 
time(sec)= 3292
operation: InsertBeforeOp
location= org.jfree.data.time.TimeSeries
line= 584
lineSuspiciousness= 0.152
original statement= if (!(org.jfree.data.time.TimeSeries.this.timePeriodClass.equals(c))) {
	java.lang.StringBuffer b = new java.lang.StringBuffer();
	b.append("You are trying to add data where the time period class ");
	b.append("is ");
	b.append(item.getPeriod().getClass().getName());
	b.append(", but the TimeSeries is expecting an instance of ");
	b.append(org.jfree.data.time.TimeSeries.this.timePeriodClass.getName());
	b.append(".");
	throw new org.jfree.data.general.SeriesException(b.toString());
} 
fixed statement= findBoundsByIteration()
generation= 974
ingredientScope= LOCAL
validation=
failing: |true|0|37|[]|
manual_regression: |true|0|4390|[]|
evo_regression: |true|0|122|[]|
 ----
ProgramVariant 4026
 
time(sec)= 6131
operation: InsertBeforeOp
location= org.jfree.data.time.TimeSeries
line= 598
lineSuspiciousness= 0.151
original statement= if (count == 0) {
	org.jfree.data.time.TimeSeries.this.data.add(item);
	added = true;
} else {
	org.jfree.data.time.RegularTimePeriod last = getTimePeriod(((getItemCount()) - 1));
	if ((item.getPeriod().compareTo(last)) > 0) {
		org.jfree.data.time.TimeSeries.this.data.add(item);
		added = true;
	} else {
		int index = java.util.Collections.binarySearch(org.jfree.data.time.TimeSeries.this.data, item);
		if (index < 0) {
			org.jfree.data.time.TimeSeries.this.data.add(((-index) - 1), item);
			added = true;
		} else {
			java.lang.StringBuffer b = new java.lang.StringBuffer();
			b.append("You are attempting to add an observation for ");
			b.append("the time period ");
			b.append(item.getPeriod().toString());
			b.append(" but the series already contains an observation");
			b.append(" for that time period. Duplicates are not ");
			b.append("permitted.  Try using the addOrUpdate() method.");
			throw new org.jfree.data.general.SeriesException(b.toString());
		}
	}
}
fixed statement= updateBoundsForRemovedItem(item)
generation= 2013
ingredientScope= LOCAL
validation=
failing: |true|0|37|[]|
manual_regression: |true|0|4390|[]|
evo_regression: |true|0|122|[]|
 ----
ProgramVariant 4160
 
time(sec)= 6362
operation: InsertAfterOp
location= org.jfree.data.time.TimeSeries
line= 629
lineSuspiciousness= 0.151
original statement= if ((getItemCount()) > (org.jfree.data.time.TimeSeries.this.maximumItemCount)) {
	org.jfree.data.time.TimeSeriesDataItem d = ((org.jfree.data.time.TimeSeriesDataItem)(org.jfree.data.time.TimeSeries.this.data.remove(0)));
	updateBoundsForRemovedItem(d);
} 
fixed statement= findBoundsByIteration()
generation= 2080
ingredientScope= LOCAL
validation=
failing: |true|0|37|[]|
manual_regression: |true|0|4390|[]|
evo_regression: |true|0|122|[]|
[INFO ] fr.inria.main.evolution.AstorMain.run(AstorMain.java:397) - Time Total(s): 7355.381


Node: graphene-87.nancy.grid5000.fr


Date: Sun Jan 22 19:50:17 CET 2017

removed classes 

zipped 

copied zip 


