seed AstorRun 10 
export PATH="/home/mmartinez/defects4j/framework/bin:$PATH";export JAVA_TOOL_OPTIONS=-Dfile.encoding=UTF8;export PATH="/usr/lib/jvm/java-1.7.0-openjdk-amd64/bin/:$PATH";cd /home/mmartinez/projects/math/math_58;defects4j compile;cp -r /home/mmartinez/projects/math/math_58 /tmp/math_58_Genprog_local_s1;cd /tmp/math_58_Genprog_local_s1;mkdir lib/;cp -r /home/mmartinez/defects4j/framework/projects/lib/* lib/;cp -r /home/mmartinez/defects4j/framework/projects/Math/lib/* lib/;find . -type f -name "package-info.java" -delete;
/home/mmartinez/defects4j-repair/src/python/core/../../../results/2016-june/Math/seed/10/package/58/Genprog/result
cd /tmp/math_58_Genprog_local_s1;export JAVA_TOOL_OPTIONS=-Dfile.encoding=UTF8;TZ="America/New_York"; export TZexport PATH="/usr/lib/jvm/java-1.7.0-openjdk-amd64/bin/:$PATH";time /home/mmartinez/jdk1.8.0_45/bin//java -Xmx4096m -cp /home/mmartinez/defects4j-repair/src/python/core/../../..//libs/astor.jar fr.inria.main.evolution.MainjGenProg -mode statement -location . -id Math -dependencies lib/ -failing org.apache.commons.math.optimization.fitting.GaussianFitterTest: -package org.apache.commons -jvm4testexecution /usr/lib/jvm/java-1.7.0-openjdk-amd64/bin/ -jvm4evosuitetestexecution /home/mmartinez/jdk1.8.0_45/bin/ -javacompliancelevel 5 -maxgen 1000000 -seed 10 -scope package -maxtime 120  -stopfirst false -population 1 -srcjavafolder src/main/java/ -srctestfolder src/test/java/ -binjavafolder target/classes/ -bintestfolder target/test-classes/ -flthreshold 0.1  -validation  fr.inria.astor.core.validation.validators.RegressionValidation  -ESParameters -Dassertion_timeout=1800:-Dminimization_timeout=1800:-Djunit_check_timeout=1800:-Dwrite_junit_timeout=300:-Dinitialization_timeout=300:-Dglobal_timeout=18000:-Dsearch_budget=100000:-Dstopping_condition=MaxStatements:-Dno_runtime_dependency=true:-Dsandbox=false:-Dp_reflection_on_private=0.0:-Dreflection_start_percent=1.0:-Dp_functional_mocking=0.0:-Dfunctional_mocking_percent=1.0:-mem=2000 -ignoredtestcases org.apache.commons.lang.LocaleUtilsTest  -excludeRegression  -maxgen 100000000 ;echo "

Node: `hostname`
";echo "
Date: `date`
"; find /tmp/math_58_Genprog_local_s1/outputMutation -name "*.class" -type f -delete;echo "removed classes 
"; find . -name bin  -type d -print0|xargs -0 rm -r --; zip -r -q out.zip /tmp/math_58_Genprog_local_s1/outputMutation; echo "zipped 
";cp out.zip /home/mmartinez/defects4j-repair/src/python/core/../../../results/2016-june/Math/seed/10/package/58/Genprog; echo "copied zip 
";rm -rf /tmp/math_58_Genprog_local_s1;

[DEBUG] fr.inria.astor.core.loop.AstorCoreEngine.showResults(AstorCoreEngine.java:136) - End Repair Loops: Found solution
[DEBUG] fr.inria.astor.core.loop.AstorCoreEngine.showResults(AstorCoreEngine.java:137) - Solution stored at: /tmp/math_58_Genprog_local_s1/./outputMutation/AstorMain-Math//src/
[DEBUG] fr.inria.astor.core.loop.AstorCoreEngine.showResults(AstorCoreEngine.java:142) - 
Number solutions:9
[DEBUG] fr.inria.astor.core.loop.AstorCoreEngine.showResults(AstorCoreEngine.java:144) - f (sol): 4.0, [Variant id: 16 (SOL) , #gens: 398, #ops: 1, parent:15]
[DEBUG] fr.inria.astor.core.loop.AstorCoreEngine.showResults(AstorCoreEngine.java:144) - f (sol): 6.0, [Variant id: 314 (SOL) , #gens: 399, #ops: 1, parent:313]
[DEBUG] fr.inria.astor.core.loop.AstorCoreEngine.showResults(AstorCoreEngine.java:144) - f (sol): 9.0, [Variant id: 430 (SOL) , #gens: 398, #ops: 1, parent:429]
[DEBUG] fr.inria.astor.core.loop.AstorCoreEngine.showResults(AstorCoreEngine.java:144) - f (sol): 11.0, [Variant id: 620 (SOL) , #gens: 399, #ops: 1, parent:619]
[DEBUG] fr.inria.astor.core.loop.AstorCoreEngine.showResults(AstorCoreEngine.java:144) - f (sol): 6.0, [Variant id: 814 (SOL) , #gens: 398, #ops: 1, parent:813]
[DEBUG] fr.inria.astor.core.loop.AstorCoreEngine.showResults(AstorCoreEngine.java:144) - f (sol): 4.0, [Variant id: 1060 (SOL) , #gens: 399, #ops: 1, parent:1059]
[DEBUG] fr.inria.astor.core.loop.AstorCoreEngine.showResults(AstorCoreEngine.java:144) - f (sol): 4.0, [Variant id: 1092 (SOL) , #gens: 399, #ops: 1, parent:1091]
[DEBUG] fr.inria.astor.core.loop.AstorCoreEngine.showResults(AstorCoreEngine.java:144) - f (sol): 6.0, [Variant id: 1308 (SOL) , #gens: 399, #ops: 1, parent:1307]
[DEBUG] fr.inria.astor.core.loop.AstorCoreEngine.showResults(AstorCoreEngine.java:144) - f (sol): 11.0, [Variant id: 1720 (SOL) , #gens: 399, #ops: 1, parent:1719]
[DEBUG] fr.inria.astor.core.loop.AstorCoreEngine.showResults(AstorCoreEngine.java:146) - 
All variants:
[DEBUG] fr.inria.astor.core.loop.AstorCoreEngine.showResults(AstorCoreEngine.java:148) - f 1.0, [Variant id: 1721, #gens: 399, #ops: 0, parent:-]
[INFO ] fr.inria.astor.core.loop.AstorCoreEngine.showResults(AstorCoreEngine.java:152) - 
Solution details
[INFO ] fr.inria.astor.core.loop.AstorCoreEngine.showResults(AstorCoreEngine.java:153) - 
 --SOLUTIONS DESCRIPTION--

 ----
ProgramVariant 16
 
time(sec)= 137
operation: RemoveOp
location= org.apache.commons.math.analysis.function.Gaussian
line= 183
lineSuspiciousness= 0.408
original statement= throw new org.apache.commons.math.exception.NotStrictlyPositiveException(param[2])
fixed statement= 
generation= 8
ingredientScope= -
validation=
failing: |true|0|8|[]|
manual_regression: |false|2|2299|[testParametricUsage3(org.apache.commons.math.analysis.function.GaussianTest): Expected exception: org.apache.commons.math.exception.NotStrictlyPositiveException-, testParametricUsage6(org.apache.commons.math.analysis.function.GaussianTest): Expected exception: org.apache.commons.math.exception.NotStrictlyPositiveException-]|
evo_regression: |false|2|16|[test00(org.apache.commons.math.analysis.function.Gaussian_ESTest): Expecting exception: RuntimeException-, test14(org.apache.commons.math.analysis.function.Gaussian_ESTest): Expecting exception: RuntimeException-]|
 ----
ProgramVariant 314
 
time(sec)= 1521
operation: ReplaceOp
location= org.apache.commons.math.optimization.general.LevenbergMarquardtOptimizer
line= 392
lineSuspiciousness= 0.101
original statement= delta = 2 * lmNorm
fixed statement= xNorm = 0
generation= 157
ingredientScope= LOCAL
validation=
failing: |true|0|8|[]|
manual_regression: |false|6|2299|[testMinpackBrownDennis(org.apache.commons.math.optimization.general.MinpackTest): expected:<-11.59125141003> but was:<-11.59152808667747>-, testMinpackFreudensteinRoth(org.apache.commons.math.optimization.general.MinpackTest): expected:<11.4124844654993> but was:<11.412977810416637>-, testMinpackWatson(org.apache.commons.math.optimization.general.MinpackTest): null-, testMinpackKowalikOsborne(org.apache.commons.math.optimization.general.MinpackTest): expected:<0.191262653354071> but was:<0.1913004857340172>-, testMinpackBard(org.apache.commons.math.optimization.general.MinpackTest): expected:<4.17476870138539> but was:<4.174787813395771>-, testMinpackBrownAlmostLinear(org.apache.commons.math.optimization.general.MinpackTest): expected:<1.0> but was:<0.9794303033498643>-]|
evo_regression: |true|0|3|[]|
 ----
ProgramVariant 430
 
time(sec)= 1920
operation: RemoveOp
location= org.apache.commons.math.optimization.general.LevenbergMarquardtOptimizer
line= 620
lineSuspiciousness= 0.162
original statement= lmPar = org.apache.commons.math.util.FastMath.max(parl, ((lmPar) + correction))
fixed statement= 
generation= 215
ingredientScope= -
validation=
failing: |true|0|8|[]|
manual_regression: |false|9|2299|[testMinpackBrownDennis(org.apache.commons.math.optimization.general.MinpackTest): expected:<292.954288244866> but was:<292.95426693599694>-, testMinpackMeyer(org.apache.commons.math.optimization.general.MinpackTest): null-, testMinpackFreudensteinRoth(org.apache.commons.math.optimization.general.MinpackTest): expected:<11.4124844654993> but was:<11.412770703342117>-, testMinpackOsborne2(org.apache.commons.math.optimization.general.MinpackTest): expected:<0.904300082378518> but was:<0.9042807984936891>-, testMinpackWatson(org.apache.commons.math.optimization.general.MinpackTest): expected:<2.17310402539845E-5> but was:<12.222062769464388>-, testMinpackKowalikOsborne(org.apache.commons.math.optimization.general.MinpackTest): expected:<728675.473768287> but was:<368074.07348482724>-, testMinpackChebyquad(org.apache.commons.math.optimization.general.MinpackTest): expected:<0.199490672309881> but was:<0.235619108471061>-, testMinpackBard(org.apache.commons.math.optimization.general.MinpackTest): expected:<-1.58848033259565E8> but was:<-8.513250204578142E7>-, testMinpackBrownAlmostLinear(org.apache.commons.math.optimization.general.MinpackTest): expected:<0.0> but was:<1.0000000045612916>-]|
evo_regression: |true|0|3|[]|
 ----
ProgramVariant 620
 
time(sec)= 2626
operation: ReplaceOp
location= org.apache.commons.math.optimization.general.LevenbergMarquardtOptimizer
line= 593
lineSuspiciousness= 0.162
original statement= for (int j = 0 ; j < (solvedCols) ; ++j) {
	int pj = permutation[j];
	work1[pj] = ((work3[pj]) * (diag[pj])) / dxNorm;
}
fixed statement= for (int j = 0 ; j < (solvedCols) ; ++j) {
	int pj = permutation[j];
	double sum = 0;
	for (int i = 0 ; i < j ; ++i) {
		sum += (weightedResidualJacobian[i][pj]) * (work1[permutation[i]]);
	}
	double s = ((work1[pj]) - sum) / (diagR[pj]);
	work1[pj] = s;
	sum2 += s * s;
}
generation= 310
ingredientScope= LOCAL
validation=
failing: |true|0|8|[]|
manual_regression: |false|11|2299|[testNoError(org.apache.commons.math.optimization.fitting.PolynomialFitterTest): expected:<0.0> but was:<4.053375811246545>-, testMinpackLinearRank1(org.apache.commons.math.optimization.general.MinpackTest): null-, testMinpackBrownDennis(org.apache.commons.math.optimization.general.MinpackTest): expected:<292.954288244866> but was:<292.9548518753448>-, testMinpackMeyer(org.apache.commons.math.optimization.general.MinpackTest): null-, testMinpackFreudensteinRoth(org.apache.commons.math.optimization.general.MinpackTest): expected:<11.4124844654993> but was:<11.413038616785451>-, testMinpackWatson(org.apache.commons.math.optimization.general.MinpackTest): expected:<0.00118311459212513> but was:<0.3114197345593415>-, testMinpackKowalikOsborne(org.apache.commons.math.optimization.general.MinpackTest): expected:<0.191262653354071> but was:<0.19130007277161842>-, testMinpackChebyquad(org.apache.commons.math.optimization.general.MinpackTest): expected:<0.199490672309881> but was:<0.23561910847105993>-, testMinpackLinearRank1ZeroColsAndRows(org.apache.commons.math.optimization.general.MinpackTest): null-, testMinpackBard(org.apache.commons.math.optimization.general.MinpackTest): expected:<-1.58848033259565E8> but was:<-8.511477569537345E7>-, testMinpackBrownAlmostLinear(org.apache.commons.math.optimization.general.MinpackTest): expected:<0.0> but was:<1.0000000044497197>-, ...and 1 failures more]|
evo_regression: |true|0|3|[]|
 ----
ProgramVariant 814
 
time(sec)= 3371
operation: RemoveOp
location= org.apache.commons.math.optimization.general.LevenbergMarquardtOptimizer
line= 391
lineSuspiciousness= 0.147
original statement= if (((lmPar) == 0) || (ratio >= 0.75)) {
	delta = 2 * lmNorm;
	lmPar *= 0.5;
} 
fixed statement= 
generation= 407
ingredientScope= -
validation=
failing: |true|0|8|[]|
manual_regression: |false|6|2299|[testMinpackBrownDennis(org.apache.commons.math.optimization.general.MinpackTest): expected:<-11.59125141003> but was:<-11.5916567006682>-, testMinpackFreudensteinRoth(org.apache.commons.math.optimization.general.MinpackTest): expected:<11.4124844654993> but was:<11.412977810416637>-, testMinpackWatson(org.apache.commons.math.optimization.general.MinpackTest): null-, testMinpackKowalikOsborne(org.apache.commons.math.optimization.general.MinpackTest): null-, testMinpackBard(org.apache.commons.math.optimization.general.MinpackTest): expected:<4.17476870138539> but was:<4.174787822367045>-, testMinpackBrownAlmostLinear(org.apache.commons.math.optimization.general.MinpackTest): expected:<1.0> but was:<0.9794303033498643>-]|
evo_regression: |true|0|3|[]|
 ----
ProgramVariant 1060
 
time(sec)= 4277
operation: ReplaceOp
location= org.apache.commons.math.analysis.function.Gaussian
line= 182
lineSuspiciousness= 0.224
original statement= if ((param[2]) <= 0) {
	throw new org.apache.commons.math.exception.NotStrictlyPositiveException(param[2]);
} 
fixed statement= if (param == null) {
	throw new org.apache.commons.math.exception.NullArgumentException();
} 
generation= 530
ingredientScope= LOCAL
validation=
failing: |true|0|8|[]|
manual_regression: |false|2|2299|[testParametricUsage3(org.apache.commons.math.analysis.function.GaussianTest): Expected exception: org.apache.commons.math.exception.NotStrictlyPositiveException-, testParametricUsage6(org.apache.commons.math.analysis.function.GaussianTest): Expected exception: org.apache.commons.math.exception.NotStrictlyPositiveException-]|
evo_regression: |false|2|16|[test00(org.apache.commons.math.analysis.function.Gaussian_ESTest): Expecting exception: RuntimeException-, test14(org.apache.commons.math.analysis.function.Gaussian_ESTest): Expecting exception: RuntimeException-]|
 ----
ProgramVariant 1092
 
time(sec)= 4505
operation: ReplaceOp
location= org.apache.commons.math.analysis.function.Gaussian
line= 182
lineSuspiciousness= 0.224
original statement= if ((param[2]) <= 0) {
	throw new org.apache.commons.math.exception.NotStrictlyPositiveException(param[2]);
} 
fixed statement= if ((param.length) != 3) {
	throw new org.apache.commons.math.exception.DimensionMismatchException(param.length , 3);
} 
generation= 546
ingredientScope= LOCAL
validation=
failing: |true|0|8|[]|
manual_regression: |false|2|2299|[testParametricUsage3(org.apache.commons.math.analysis.function.GaussianTest): Expected exception: org.apache.commons.math.exception.NotStrictlyPositiveException-, testParametricUsage6(org.apache.commons.math.analysis.function.GaussianTest): Expected exception: org.apache.commons.math.exception.NotStrictlyPositiveException-]|
evo_regression: |false|2|16|[test00(org.apache.commons.math.analysis.function.Gaussian_ESTest): Expecting exception: RuntimeException-, test14(org.apache.commons.math.analysis.function.Gaussian_ESTest): Expecting exception: RuntimeException-]|
 ----
ProgramVariant 1308
 
time(sec)= 5704
operation: ReplaceOp
location= org.apache.commons.math.optimization.general.LevenbergMarquardtOptimizer
line= 391
lineSuspiciousness= 0.147
original statement= if (((lmPar) == 0) || (ratio >= 0.75)) {
	delta = 2 * lmNorm;
	lmPar *= 0.5;
} 
fixed statement= if (firstIteration) {
	delta = org.apache.commons.math.util.FastMath.min(delta, lmNorm);
} 
generation= 654
ingredientScope= LOCAL
validation=
failing: |true|0|8|[]|
manual_regression: |false|6|2299|[testMinpackBrownDennis(org.apache.commons.math.optimization.general.MinpackTest): expected:<-11.59125141003> but was:<-11.5916567006682>-, testMinpackFreudensteinRoth(org.apache.commons.math.optimization.general.MinpackTest): expected:<11.4124844654993> but was:<11.412977810416637>-, testMinpackWatson(org.apache.commons.math.optimization.general.MinpackTest): null-, testMinpackKowalikOsborne(org.apache.commons.math.optimization.general.MinpackTest): null-, testMinpackBard(org.apache.commons.math.optimization.general.MinpackTest): expected:<4.17476870138539> but was:<4.174787822367045>-, testMinpackBrownAlmostLinear(org.apache.commons.math.optimization.general.MinpackTest): expected:<1.0> but was:<0.9794303033498643>-]|
evo_regression: |true|0|3|[]|
 ----
ProgramVariant 1720
 
time(sec)= 7298
operation: ReplaceOp
location= org.apache.commons.math.optimization.general.LevenbergMarquardtOptimizer
line= 581
lineSuspiciousness= 0.151
original statement= dxNorm = org.apache.commons.math.util.FastMath.sqrt(dxNorm)
fixed statement= beta = new double[cols]
generation= 860
ingredientScope= LOCAL
validation=
failing: |true|0|8|[]|
manual_regression: |false|11|2299|[testMath372(org.apache.commons.math.optimization.fitting.CurveFitterTest): expected:<2411.0> but was:<17789.49074631393>-, testNoError(org.apache.commons.math.optimization.fitting.PolynomialFitterTest): expected:<0.0> but was:<0.639706924260931>-, testMinpackBrownDennis(org.apache.commons.math.optimization.general.MinpackTest): expected:<292.954288244866> but was:<2815.438390917735>-, testMinpackRosenbrok(org.apache.commons.math.optimization.general.MinpackTest): null-, testMinpackMeyer(org.apache.commons.math.optimization.general.MinpackTest): expected:<9.37794514651874> but was:<41153.4665537137>-, testMinpackFreudensteinRoth(org.apache.commons.math.optimization.general.MinpackTest): expected:<11.4124844654993> but was:<11.41279913867149>-, testMinpackWatson(org.apache.commons.math.optimization.general.MinpackTest): null-, testMinpackKowalikOsborne(org.apache.commons.math.optimization.general.MinpackTest): null-, testMinpackChebyquad(org.apache.commons.math.optimization.general.MinpackTest): expected:<0.199490672309881> but was:<0.235619108471061>-, testMinpackBard(org.apache.commons.math.optimization.general.MinpackTest): null-, testMinpackBrownAlmostLinear(org.apache.commons.math.optimization.general.MinpackTest): expected:<0.979430303349862> but was:<0.9999999999999973>-, ...and 1 failures more]|
evo_regression: |true|0|3|[]|
[INFO ] fr.inria.main.evolution.AstorMain.run(AstorMain.java:397) - Time Total(s): 7419.112


Node: grisou-42.nancy.grid5000.fr


Date: Sat Jan 14 02:34:42 CET 2017

removed classes 

zipped 

copied zip 


