seed AstorRun 29 
export PATH="/home/mmartinez/defects4j/framework/bin:$PATH";export JAVA_TOOL_OPTIONS=-Dfile.encoding=UTF8;export PATH="/usr/lib/jvm/java-1.7.0-openjdk-amd64/bin/:$PATH";cd /home/mmartinez/projects/math/math_85;defects4j compile;cp -r /home/mmartinez/projects/math/math_85 /tmp/math_85_Genprog_local_s1;cd /tmp/math_85_Genprog_local_s1;mkdir lib/;cp -r /home/mmartinez/defects4j/framework/projects/lib/* lib/;cp -r /home/mmartinez/defects4j/framework/projects/Math/lib/* lib/;find . -type f -name "package-info.java" -delete;
/home/mmartinez/defects4j-repair/src/python/core/../../../results/2016-june/Math/seed/29/package/85/Genprog/result
cd /tmp/math_85_Genprog_local_s1;export JAVA_TOOL_OPTIONS=-Dfile.encoding=UTF8;TZ="America/New_York"; export TZexport PATH="/usr/lib/jvm/java-1.7.0-openjdk-amd64/bin/:$PATH";time /home/mmartinez/jdk1.8.0_45/bin//java -Xmx4096m -cp /home/mmartinez/defects4j-repair/src/python/core/../../..//libs/astor.jar fr.inria.main.evolution.MainjGenProg -mode statement -location . -id Math -dependencies lib/ -failing org.apache.commons.math.distribution.NormalDistributionTest: -package org.apache.commons -jvm4testexecution /usr/lib/jvm/java-1.7.0-openjdk-amd64/bin/ -jvm4evosuitetestexecution /home/mmartinez/jdk1.8.0_45/bin/ -javacompliancelevel 5 -maxgen 1000000 -seed 29 -scope package -maxtime 120  -stopfirst false -population 1 -srcjavafolder src/java/ -srctestfolder src/test/ -binjavafolder target/classes/ -bintestfolder target/test-classes/ -flthreshold 0.1  -validation  fr.inria.astor.core.validation.validators.RegressionValidation  -ESParameters -Dassertion_timeout=1800:-Dminimization_timeout=1800:-Djunit_check_timeout=1800:-Dwrite_junit_timeout=300:-Dinitialization_timeout=300:-Dglobal_timeout=18000:-Dsearch_budget=100000:-Dstopping_condition=MaxStatements:-Dno_runtime_dependency=true:-Dsandbox=false:-Dp_reflection_on_private=0.0:-Dreflection_start_percent=1.0:-Dp_functional_mocking=0.0:-Dfunctional_mocking_percent=1.0:-mem=2000 -testbystep  -ignoredtestcases org.apache.commons.lang.LocaleUtilsTest  -excludeRegression  -maxgen 100000000 ;echo "

Node: `hostname`
";echo "
Date: `date`
"; find /tmp/math_85_Genprog_local_s1/outputMutation -name "*.class" -type f -delete;echo "removed classes 
"; find . -name bin  -type d -print0|xargs -0 rm -r --; zip -r -q out.zip /tmp/math_85_Genprog_local_s1/outputMutation; echo "zipped 
";cp out.zip /home/mmartinez/defects4j-repair/src/python/core/../../../results/2016-june/Math/seed/29/package/85/Genprog; echo "copied zip 
";rm -rf /tmp/math_85_Genprog_local_s1;

[DEBUG] fr.inria.astor.core.loop.AstorCoreEngine.showResults(AstorCoreEngine.java:136) - End Repair Loops: Found solution
[DEBUG] fr.inria.astor.core.loop.AstorCoreEngine.showResults(AstorCoreEngine.java:137) - Solution stored at: /tmp/math_85_Genprog_local_s1/./outputMutation/AstorMain-Math//src/
[DEBUG] fr.inria.astor.core.loop.AstorCoreEngine.showResults(AstorCoreEngine.java:142) - 
Number solutions:25
[DEBUG] fr.inria.astor.core.loop.AstorCoreEngine.showResults(AstorCoreEngine.java:144) - f (sol): 3.0, [Variant id: 22 (SOL) , #gens: 63, #ops: 1, parent:21]
[DEBUG] fr.inria.astor.core.loop.AstorCoreEngine.showResults(AstorCoreEngine.java:144) - f (sol): 3.0, [Variant id: 34 (SOL) , #gens: 63, #ops: 1, parent:33]
[DEBUG] fr.inria.astor.core.loop.AstorCoreEngine.showResults(AstorCoreEngine.java:144) - f (sol): 3.0, [Variant id: 204 (SOL) , #gens: 63, #ops: 1, parent:203]
[DEBUG] fr.inria.astor.core.loop.AstorCoreEngine.showResults(AstorCoreEngine.java:144) - f (sol): 3.0, [Variant id: 226 (SOL) , #gens: 63, #ops: 1, parent:225]
[DEBUG] fr.inria.astor.core.loop.AstorCoreEngine.showResults(AstorCoreEngine.java:144) - f (sol): 3.0, [Variant id: 238 (SOL) , #gens: 63, #ops: 1, parent:237]
[DEBUG] fr.inria.astor.core.loop.AstorCoreEngine.showResults(AstorCoreEngine.java:144) - f (sol): 3.0, [Variant id: 348 (SOL) , #gens: 63, #ops: 1, parent:347]
[DEBUG] fr.inria.astor.core.loop.AstorCoreEngine.showResults(AstorCoreEngine.java:144) - f (sol): 3.0, [Variant id: 366 (SOL) , #gens: 63, #ops: 1, parent:365]
[DEBUG] fr.inria.astor.core.loop.AstorCoreEngine.showResults(AstorCoreEngine.java:144) - f (sol): 3.0, [Variant id: 456 (SOL) , #gens: 63, #ops: 1, parent:455]
[DEBUG] fr.inria.astor.core.loop.AstorCoreEngine.showResults(AstorCoreEngine.java:144) - f (sol): 3.0, [Variant id: 496 (SOL) , #gens: 63, #ops: 1, parent:495]
[DEBUG] fr.inria.astor.core.loop.AstorCoreEngine.showResults(AstorCoreEngine.java:144) - f (sol): 3.0, [Variant id: 576 (SOL) , #gens: 64, #ops: 1, parent:575]
[DEBUG] fr.inria.astor.core.loop.AstorCoreEngine.showResults(AstorCoreEngine.java:144) - f (sol): 3.0, [Variant id: 812 (SOL) , #gens: 63, #ops: 1, parent:811]
[DEBUG] fr.inria.astor.core.loop.AstorCoreEngine.showResults(AstorCoreEngine.java:144) - f (sol): 3.0, [Variant id: 910 (SOL) , #gens: 63, #ops: 1, parent:909]
[DEBUG] fr.inria.astor.core.loop.AstorCoreEngine.showResults(AstorCoreEngine.java:144) - f (sol): 3.0, [Variant id: 1014 (SOL) , #gens: 63, #ops: 1, parent:1013]
[DEBUG] fr.inria.astor.core.loop.AstorCoreEngine.showResults(AstorCoreEngine.java:144) - f (sol): 3.0, [Variant id: 1088 (SOL) , #gens: 63, #ops: 1, parent:1087]
[DEBUG] fr.inria.astor.core.loop.AstorCoreEngine.showResults(AstorCoreEngine.java:144) - f (sol): 3.0, [Variant id: 1384 (SOL) , #gens: 63, #ops: 1, parent:1383]
[DEBUG] fr.inria.astor.core.loop.AstorCoreEngine.showResults(AstorCoreEngine.java:144) - f (sol): 3.0, [Variant id: 1534 (SOL) , #gens: 63, #ops: 1, parent:1533]
[DEBUG] fr.inria.astor.core.loop.AstorCoreEngine.showResults(AstorCoreEngine.java:144) - f (sol): 3.0, [Variant id: 1622 (SOL) , #gens: 64, #ops: 1, parent:1621]
[DEBUG] fr.inria.astor.core.loop.AstorCoreEngine.showResults(AstorCoreEngine.java:144) - f (sol): 3.0, [Variant id: 1650 (SOL) , #gens: 63, #ops: 1, parent:1649]
[DEBUG] fr.inria.astor.core.loop.AstorCoreEngine.showResults(AstorCoreEngine.java:144) - f (sol): 3.0, [Variant id: 1714 (SOL) , #gens: 63, #ops: 1, parent:1713]
[DEBUG] fr.inria.astor.core.loop.AstorCoreEngine.showResults(AstorCoreEngine.java:144) - f (sol): 3.0, [Variant id: 1756 (SOL) , #gens: 63, #ops: 1, parent:1755]
[DEBUG] fr.inria.astor.core.loop.AstorCoreEngine.showResults(AstorCoreEngine.java:144) - f (sol): 3.0, [Variant id: 1916 (SOL) , #gens: 63, #ops: 1, parent:1915]
[DEBUG] fr.inria.astor.core.loop.AstorCoreEngine.showResults(AstorCoreEngine.java:144) - f (sol): 3.0, [Variant id: 2288 (SOL) , #gens: 63, #ops: 1, parent:2287]
[DEBUG] fr.inria.astor.core.loop.AstorCoreEngine.showResults(AstorCoreEngine.java:144) - f (sol): 3.0, [Variant id: 2360 (SOL) , #gens: 63, #ops: 1, parent:2359]
[DEBUG] fr.inria.astor.core.loop.AstorCoreEngine.showResults(AstorCoreEngine.java:144) - f (sol): 3.0, [Variant id: 2422 (SOL) , #gens: 63, #ops: 1, parent:2421]
[DEBUG] fr.inria.astor.core.loop.AstorCoreEngine.showResults(AstorCoreEngine.java:144) - f (sol): 3.0, [Variant id: 2444 (SOL) , #gens: 63, #ops: 1, parent:2443]
[DEBUG] fr.inria.astor.core.loop.AstorCoreEngine.showResults(AstorCoreEngine.java:146) - 
All variants:
[DEBUG] fr.inria.astor.core.loop.AstorCoreEngine.showResults(AstorCoreEngine.java:148) - f 1.0, [Variant id: 2489, #gens: 64, #ops: 0, parent:-]
[INFO ] fr.inria.astor.core.loop.AstorCoreEngine.showResults(AstorCoreEngine.java:152) - 
Solution details
[INFO ] fr.inria.astor.core.loop.AstorCoreEngine.showResults(AstorCoreEngine.java:153) - 
 --SOLUTIONS DESCRIPTION--

 ----
ProgramVariant 22
 
time(sec)= 602
operation: RemoveOp
location= org.apache.commons.math.analysis.solvers.UnivariateRealSolverUtils
line= 199
lineSuspiciousness= 1
original statement= throw new org.apache.commons.math.ConvergenceException(("number of iterations={0}, maximum iterations={1}, " + ("initial={2}, lower bound={3}, upper bound={4}, final a value={5}, " + "final b value={6}, f(a)={7}, f(b)={8}")) , numIterations , maximumIterations , initial , lowerBound , upperBound , a , b , fa , fb)
fixed statement= 
generation= 11
ingredientScope= -
validation=
failing: |true|0|13|[]|
manual_regression: |true|0|1983|[]|
evo_regression: |false|3|27|[test15(org.apache.commons.math.analysis.solvers.UnivariateRealSolverUtils_ESTest): Expecting exception: Exception-, test16(org.apache.commons.math.analysis.solvers.UnivariateRealSolverUtils_ESTest): Expecting exception: Exception-, test12(org.apache.commons.math.analysis.solvers.UnivariateRealSolverUtils_ESTest): Expecting exception: Exception-]|
 ----
ProgramVariant 34
 
time(sec)= 717
operation: RemoveOp
location= org.apache.commons.math.analysis.solvers.UnivariateRealSolverUtils
line= 198
lineSuspiciousness= 0.243
original statement= if ((fa * fb) >= 0.0) {
	throw new org.apache.commons.math.ConvergenceException(("number of iterations={0}, maximum iterations={1}, " + ("initial={2}, lower bound={3}, upper bound={4}, final a value={5}, " + "final b value={6}, f(a)={7}, f(b)={8}")) , numIterations , maximumIterations , initial , lowerBound , upperBound , a , b , fa , fb);
} 
fixed statement= 
generation= 17
ingredientScope= -
validation=
failing: |true|0|13|[]|
manual_regression: |true|0|1983|[]|
evo_regression: |false|3|27|[test15(org.apache.commons.math.analysis.solvers.UnivariateRealSolverUtils_ESTest): Expecting exception: Exception-, test16(org.apache.commons.math.analysis.solvers.UnivariateRealSolverUtils_ESTest): Expecting exception: Exception-, test12(org.apache.commons.math.analysis.solvers.UnivariateRealSolverUtils_ESTest): Expecting exception: Exception-]|
 ----
ProgramVariant 204
 
time(sec)= 1265
operation: RemoveOp
location= org.apache.commons.math.analysis.solvers.UnivariateRealSolverUtils
line= 199
lineSuspiciousness= 1
original statement= throw new org.apache.commons.math.ConvergenceException(("number of iterations={0}, maximum iterations={1}, " + ("initial={2}, lower bound={3}, upper bound={4}, final a value={5}, " + "final b value={6}, f(a)={7}, f(b)={8}")) , numIterations , maximumIterations , initial , lowerBound , upperBound , a , b , fa , fb)
fixed statement= 
generation= 102
ingredientScope= -
validation=
failing: |true|0|13|[]|
manual_regression: |true|0|1983|[]|
evo_regression: |false|3|27|[test15(org.apache.commons.math.analysis.solvers.UnivariateRealSolverUtils_ESTest): Expecting exception: Exception-, test16(org.apache.commons.math.analysis.solvers.UnivariateRealSolverUtils_ESTest): Expecting exception: Exception-, test12(org.apache.commons.math.analysis.solvers.UnivariateRealSolverUtils_ESTest): Expecting exception: Exception-]|
 ----
ProgramVariant 226
 
time(sec)= 1511
operation: RemoveOp
location= org.apache.commons.math.analysis.solvers.UnivariateRealSolverUtils
line= 198
lineSuspiciousness= 0.243
original statement= if ((fa * fb) >= 0.0) {
	throw new org.apache.commons.math.ConvergenceException(("number of iterations={0}, maximum iterations={1}, " + ("initial={2}, lower bound={3}, upper bound={4}, final a value={5}, " + "final b value={6}, f(a)={7}, f(b)={8}")) , numIterations , maximumIterations , initial , lowerBound , upperBound , a , b , fa , fb);
} 
fixed statement= 
generation= 113
ingredientScope= -
validation=
failing: |true|0|13|[]|
manual_regression: |true|0|1983|[]|
evo_regression: |false|3|27|[test15(org.apache.commons.math.analysis.solvers.UnivariateRealSolverUtils_ESTest): Expecting exception: Exception-, test16(org.apache.commons.math.analysis.solvers.UnivariateRealSolverUtils_ESTest): Expecting exception: Exception-, test12(org.apache.commons.math.analysis.solvers.UnivariateRealSolverUtils_ESTest): Expecting exception: Exception-]|
 ----
ProgramVariant 238
 
time(sec)= 1634
operation: RemoveOp
location= org.apache.commons.math.analysis.solvers.UnivariateRealSolverUtils
line= 199
lineSuspiciousness= 1
original statement= throw new org.apache.commons.math.ConvergenceException(("number of iterations={0}, maximum iterations={1}, " + ("initial={2}, lower bound={3}, upper bound={4}, final a value={5}, " + "final b value={6}, f(a)={7}, f(b)={8}")) , numIterations , maximumIterations , initial , lowerBound , upperBound , a , b , fa , fb)
fixed statement= 
generation= 119
ingredientScope= -
validation=
failing: |true|0|13|[]|
manual_regression: |true|0|1983|[]|
evo_regression: |false|3|27|[test15(org.apache.commons.math.analysis.solvers.UnivariateRealSolverUtils_ESTest): Expecting exception: Exception-, test16(org.apache.commons.math.analysis.solvers.UnivariateRealSolverUtils_ESTest): Expecting exception: Exception-, test12(org.apache.commons.math.analysis.solvers.UnivariateRealSolverUtils_ESTest): Expecting exception: Exception-]|
 ----
ProgramVariant 348
 
time(sec)= 2143
operation: RemoveOp
location= org.apache.commons.math.analysis.solvers.UnivariateRealSolverUtils
line= 199
lineSuspiciousness= 1
original statement= throw new org.apache.commons.math.ConvergenceException(("number of iterations={0}, maximum iterations={1}, " + ("initial={2}, lower bound={3}, upper bound={4}, final a value={5}, " + "final b value={6}, f(a)={7}, f(b)={8}")) , numIterations , maximumIterations , initial , lowerBound , upperBound , a , b , fa , fb)
fixed statement= 
generation= 174
ingredientScope= -
validation=
failing: |true|0|13|[]|
manual_regression: |true|0|1983|[]|
evo_regression: |false|3|27|[test15(org.apache.commons.math.analysis.solvers.UnivariateRealSolverUtils_ESTest): Expecting exception: Exception-, test16(org.apache.commons.math.analysis.solvers.UnivariateRealSolverUtils_ESTest): Expecting exception: Exception-, test12(org.apache.commons.math.analysis.solvers.UnivariateRealSolverUtils_ESTest): Expecting exception: Exception-]|
 ----
ProgramVariant 366
 
time(sec)= 2257
operation: RemoveOp
location= org.apache.commons.math.analysis.solvers.UnivariateRealSolverUtils
line= 199
lineSuspiciousness= 1
original statement= throw new org.apache.commons.math.ConvergenceException(("number of iterations={0}, maximum iterations={1}, " + ("initial={2}, lower bound={3}, upper bound={4}, final a value={5}, " + "final b value={6}, f(a)={7}, f(b)={8}")) , numIterations , maximumIterations , initial , lowerBound , upperBound , a , b , fa , fb)
fixed statement= 
generation= 183
ingredientScope= -
validation=
failing: |true|0|13|[]|
manual_regression: |true|0|1983|[]|
evo_regression: |false|3|27|[test15(org.apache.commons.math.analysis.solvers.UnivariateRealSolverUtils_ESTest): Expecting exception: Exception-, test16(org.apache.commons.math.analysis.solvers.UnivariateRealSolverUtils_ESTest): Expecting exception: Exception-, test12(org.apache.commons.math.analysis.solvers.UnivariateRealSolverUtils_ESTest): Expecting exception: Exception-]|
 ----
ProgramVariant 456
 
time(sec)= 2645
operation: RemoveOp
location= org.apache.commons.math.analysis.solvers.UnivariateRealSolverUtils
line= 199
lineSuspiciousness= 1
original statement= throw new org.apache.commons.math.ConvergenceException(("number of iterations={0}, maximum iterations={1}, " + ("initial={2}, lower bound={3}, upper bound={4}, final a value={5}, " + "final b value={6}, f(a)={7}, f(b)={8}")) , numIterations , maximumIterations , initial , lowerBound , upperBound , a , b , fa , fb)
fixed statement= 
generation= 228
ingredientScope= -
validation=
failing: |true|0|13|[]|
manual_regression: |true|0|1983|[]|
evo_regression: |false|3|27|[test15(org.apache.commons.math.analysis.solvers.UnivariateRealSolverUtils_ESTest): Expecting exception: Exception-, test16(org.apache.commons.math.analysis.solvers.UnivariateRealSolverUtils_ESTest): Expecting exception: Exception-, test12(org.apache.commons.math.analysis.solvers.UnivariateRealSolverUtils_ESTest): Expecting exception: Exception-]|
 ----
ProgramVariant 496
 
time(sec)= 2893
operation: RemoveOp
location= org.apache.commons.math.analysis.solvers.UnivariateRealSolverUtils
line= 199
lineSuspiciousness= 1
original statement= throw new org.apache.commons.math.ConvergenceException(("number of iterations={0}, maximum iterations={1}, " + ("initial={2}, lower bound={3}, upper bound={4}, final a value={5}, " + "final b value={6}, f(a)={7}, f(b)={8}")) , numIterations , maximumIterations , initial , lowerBound , upperBound , a , b , fa , fb)
fixed statement= 
generation= 248
ingredientScope= -
validation=
failing: |true|0|13|[]|
manual_regression: |true|0|1983|[]|
evo_regression: |false|3|27|[test15(org.apache.commons.math.analysis.solvers.UnivariateRealSolverUtils_ESTest): Expecting exception: Exception-, test16(org.apache.commons.math.analysis.solvers.UnivariateRealSolverUtils_ESTest): Expecting exception: Exception-, test12(org.apache.commons.math.analysis.solvers.UnivariateRealSolverUtils_ESTest): Expecting exception: Exception-]|
 ----
ProgramVariant 576
 
time(sec)= 3032
operation: ReplaceOp
location= org.apache.commons.math.analysis.solvers.UnivariateRealSolverUtils
line= 198
lineSuspiciousness= 0.243
original statement= if ((fa * fb) >= 0.0) {
	throw new org.apache.commons.math.ConvergenceException(("number of iterations={0}, maximum iterations={1}, " + ("initial={2}, lower bound={3}, upper bound={4}, final a value={5}, " + "final b value={6}, f(a)={7}, f(b)={8}")) , numIterations , maximumIterations , initial , lowerBound , upperBound , a , b , fa , fb);
} 
fixed statement= if (function == null) {
	throw org.apache.commons.math.MathRuntimeException.createIllegalArgumentException("function is null");
} 
generation= 288
ingredientScope= LOCAL
validation=
failing: |true|0|13|[]|
manual_regression: |true|0|1983|[]|
evo_regression: |false|3|27|[test15(org.apache.commons.math.analysis.solvers.UnivariateRealSolverUtils_ESTest): Expecting exception: Exception-, test16(org.apache.commons.math.analysis.solvers.UnivariateRealSolverUtils_ESTest): Expecting exception: Exception-, test12(org.apache.commons.math.analysis.solvers.UnivariateRealSolverUtils_ESTest): Expecting exception: Exception-]|
 ----
ProgramVariant 812
 
time(sec)= 3248
operation: RemoveOp
location= org.apache.commons.math.analysis.solvers.UnivariateRealSolverUtils
line= 199
lineSuspiciousness= 1
original statement= throw new org.apache.commons.math.ConvergenceException(("number of iterations={0}, maximum iterations={1}, " + ("initial={2}, lower bound={3}, upper bound={4}, final a value={5}, " + "final b value={6}, f(a)={7}, f(b)={8}")) , numIterations , maximumIterations , initial , lowerBound , upperBound , a , b , fa , fb)
fixed statement= 
generation= 406
ingredientScope= -
validation=
failing: |true|0|13|[]|
manual_regression: |true|0|1983|[]|
evo_regression: |false|3|27|[test15(org.apache.commons.math.analysis.solvers.UnivariateRealSolverUtils_ESTest): Expecting exception: Exception-, test16(org.apache.commons.math.analysis.solvers.UnivariateRealSolverUtils_ESTest): Expecting exception: Exception-, test12(org.apache.commons.math.analysis.solvers.UnivariateRealSolverUtils_ESTest): Expecting exception: Exception-]|
 ----
ProgramVariant 910
 
time(sec)= 3412
operation: RemoveOp
location= org.apache.commons.math.analysis.solvers.UnivariateRealSolverUtils
line= 199
lineSuspiciousness= 1
original statement= throw new org.apache.commons.math.ConvergenceException(("number of iterations={0}, maximum iterations={1}, " + ("initial={2}, lower bound={3}, upper bound={4}, final a value={5}, " + "final b value={6}, f(a)={7}, f(b)={8}")) , numIterations , maximumIterations , initial , lowerBound , upperBound , a , b , fa , fb)
fixed statement= 
generation= 455
ingredientScope= -
validation=
failing: |true|0|13|[]|
manual_regression: |true|0|1983|[]|
evo_regression: |false|3|27|[test15(org.apache.commons.math.analysis.solvers.UnivariateRealSolverUtils_ESTest): Expecting exception: Exception-, test16(org.apache.commons.math.analysis.solvers.UnivariateRealSolverUtils_ESTest): Expecting exception: Exception-, test12(org.apache.commons.math.analysis.solvers.UnivariateRealSolverUtils_ESTest): Expecting exception: Exception-]|
 ----
ProgramVariant 1014
 
time(sec)= 3619
operation: RemoveOp
location= org.apache.commons.math.analysis.solvers.UnivariateRealSolverUtils
line= 199
lineSuspiciousness= 1
original statement= throw new org.apache.commons.math.ConvergenceException(("number of iterations={0}, maximum iterations={1}, " + ("initial={2}, lower bound={3}, upper bound={4}, final a value={5}, " + "final b value={6}, f(a)={7}, f(b)={8}")) , numIterations , maximumIterations , initial , lowerBound , upperBound , a , b , fa , fb)
fixed statement= 
generation= 507
ingredientScope= -
validation=
failing: |true|0|13|[]|
manual_regression: |true|0|1983|[]|
evo_regression: |false|3|27|[test15(org.apache.commons.math.analysis.solvers.UnivariateRealSolverUtils_ESTest): Expecting exception: Exception-, test16(org.apache.commons.math.analysis.solvers.UnivariateRealSolverUtils_ESTest): Expecting exception: Exception-, test12(org.apache.commons.math.analysis.solvers.UnivariateRealSolverUtils_ESTest): Expecting exception: Exception-]|
 ----
ProgramVariant 1088
 
time(sec)= 3749
operation: RemoveOp
location= org.apache.commons.math.analysis.solvers.UnivariateRealSolverUtils
line= 199
lineSuspiciousness= 1
original statement= throw new org.apache.commons.math.ConvergenceException(("number of iterations={0}, maximum iterations={1}, " + ("initial={2}, lower bound={3}, upper bound={4}, final a value={5}, " + "final b value={6}, f(a)={7}, f(b)={8}")) , numIterations , maximumIterations , initial , lowerBound , upperBound , a , b , fa , fb)
fixed statement= 
generation= 544
ingredientScope= -
validation=
failing: |true|0|13|[]|
manual_regression: |true|0|1983|[]|
evo_regression: |false|3|27|[test15(org.apache.commons.math.analysis.solvers.UnivariateRealSolverUtils_ESTest): Expecting exception: Exception-, test16(org.apache.commons.math.analysis.solvers.UnivariateRealSolverUtils_ESTest): Expecting exception: Exception-, test12(org.apache.commons.math.analysis.solvers.UnivariateRealSolverUtils_ESTest): Expecting exception: Exception-]|
 ----
ProgramVariant 1384
 
time(sec)= 4184
operation: RemoveOp
location= org.apache.commons.math.analysis.solvers.UnivariateRealSolverUtils
line= 199
lineSuspiciousness= 1
original statement= throw new org.apache.commons.math.ConvergenceException(("number of iterations={0}, maximum iterations={1}, " + ("initial={2}, lower bound={3}, upper bound={4}, final a value={5}, " + "final b value={6}, f(a)={7}, f(b)={8}")) , numIterations , maximumIterations , initial , lowerBound , upperBound , a , b , fa , fb)
fixed statement= 
generation= 692
ingredientScope= -
validation=
failing: |true|0|13|[]|
manual_regression: |true|0|1983|[]|
evo_regression: |false|3|27|[test15(org.apache.commons.math.analysis.solvers.UnivariateRealSolverUtils_ESTest): Expecting exception: Exception-, test16(org.apache.commons.math.analysis.solvers.UnivariateRealSolverUtils_ESTest): Expecting exception: Exception-, test12(org.apache.commons.math.analysis.solvers.UnivariateRealSolverUtils_ESTest): Expecting exception: Exception-]|
 ----
ProgramVariant 1534
 
time(sec)= 4487
operation: RemoveOp
location= org.apache.commons.math.analysis.solvers.UnivariateRealSolverUtils
line= 199
lineSuspiciousness= 1
original statement= throw new org.apache.commons.math.ConvergenceException(("number of iterations={0}, maximum iterations={1}, " + ("initial={2}, lower bound={3}, upper bound={4}, final a value={5}, " + "final b value={6}, f(a)={7}, f(b)={8}")) , numIterations , maximumIterations , initial , lowerBound , upperBound , a , b , fa , fb)
fixed statement= 
generation= 767
ingredientScope= -
validation=
failing: |true|0|13|[]|
manual_regression: |true|0|1983|[]|
evo_regression: |false|3|27|[test15(org.apache.commons.math.analysis.solvers.UnivariateRealSolverUtils_ESTest): Expecting exception: Exception-, test16(org.apache.commons.math.analysis.solvers.UnivariateRealSolverUtils_ESTest): Expecting exception: Exception-, test12(org.apache.commons.math.analysis.solvers.UnivariateRealSolverUtils_ESTest): Expecting exception: Exception-]|
 ----
ProgramVariant 1622
 
time(sec)= 4875
operation: ReplaceOp
location= org.apache.commons.math.analysis.solvers.UnivariateRealSolverUtils
line= 198
lineSuspiciousness= 0.243
original statement= if ((fa * fb) >= 0.0) {
	throw new org.apache.commons.math.ConvergenceException(("number of iterations={0}, maximum iterations={1}, " + ("initial={2}, lower bound={3}, upper bound={4}, final a value={5}, " + "final b value={6}, f(a)={7}, f(b)={8}")) , numIterations , maximumIterations , initial , lowerBound , upperBound , a , b , fa , fb);
} 
fixed statement= if (((initial < lowerBound) || (initial > upperBound)) || (lowerBound >= upperBound)) {
	throw org.apache.commons.math.MathRuntimeException.createIllegalArgumentException("invalid bracketing parameters:  lower bound={0},  initial={1}, upper bound={2}", lowerBound, initial, upperBound);
} 
generation= 811
ingredientScope= LOCAL
validation=
failing: |true|0|13|[]|
manual_regression: |true|0|1983|[]|
evo_regression: |false|3|27|[test15(org.apache.commons.math.analysis.solvers.UnivariateRealSolverUtils_ESTest): Expecting exception: Exception-, test16(org.apache.commons.math.analysis.solvers.UnivariateRealSolverUtils_ESTest): Expecting exception: Exception-, test12(org.apache.commons.math.analysis.solvers.UnivariateRealSolverUtils_ESTest): Expecting exception: Exception-]|
 ----
ProgramVariant 1650
 
time(sec)= 4995
operation: RemoveOp
location= org.apache.commons.math.analysis.solvers.UnivariateRealSolverUtils
line= 198
lineSuspiciousness= 0.243
original statement= if ((fa * fb) >= 0.0) {
	throw new org.apache.commons.math.ConvergenceException(("number of iterations={0}, maximum iterations={1}, " + ("initial={2}, lower bound={3}, upper bound={4}, final a value={5}, " + "final b value={6}, f(a)={7}, f(b)={8}")) , numIterations , maximumIterations , initial , lowerBound , upperBound , a , b , fa , fb);
} 
fixed statement= 
generation= 825
ingredientScope= -
validation=
failing: |true|0|13|[]|
manual_regression: |true|0|1983|[]|
evo_regression: |false|3|27|[test15(org.apache.commons.math.analysis.solvers.UnivariateRealSolverUtils_ESTest): Expecting exception: Exception-, test16(org.apache.commons.math.analysis.solvers.UnivariateRealSolverUtils_ESTest): Expecting exception: Exception-, test12(org.apache.commons.math.analysis.solvers.UnivariateRealSolverUtils_ESTest): Expecting exception: Exception-]|
 ----
ProgramVariant 1714
 
time(sec)= 5139
operation: RemoveOp
location= org.apache.commons.math.analysis.solvers.UnivariateRealSolverUtils
line= 199
lineSuspiciousness= 1
original statement= throw new org.apache.commons.math.ConvergenceException(("number of iterations={0}, maximum iterations={1}, " + ("initial={2}, lower bound={3}, upper bound={4}, final a value={5}, " + "final b value={6}, f(a)={7}, f(b)={8}")) , numIterations , maximumIterations , initial , lowerBound , upperBound , a , b , fa , fb)
fixed statement= 
generation= 857
ingredientScope= -
validation=
failing: |true|0|13|[]|
manual_regression: |true|0|1983|[]|
evo_regression: |false|3|27|[test15(org.apache.commons.math.analysis.solvers.UnivariateRealSolverUtils_ESTest): Expecting exception: Exception-, test16(org.apache.commons.math.analysis.solvers.UnivariateRealSolverUtils_ESTest): Expecting exception: Exception-, test12(org.apache.commons.math.analysis.solvers.UnivariateRealSolverUtils_ESTest): Expecting exception: Exception-]|
 ----
ProgramVariant 1756
 
time(sec)= 5382
operation: RemoveOp
location= org.apache.commons.math.analysis.solvers.UnivariateRealSolverUtils
line= 198
lineSuspiciousness= 0.243
original statement= if ((fa * fb) >= 0.0) {
	throw new org.apache.commons.math.ConvergenceException(("number of iterations={0}, maximum iterations={1}, " + ("initial={2}, lower bound={3}, upper bound={4}, final a value={5}, " + "final b value={6}, f(a)={7}, f(b)={8}")) , numIterations , maximumIterations , initial , lowerBound , upperBound , a , b , fa , fb);
} 
fixed statement= 
generation= 878
ingredientScope= -
validation=
failing: |true|0|13|[]|
manual_regression: |true|0|1983|[]|
evo_regression: |false|3|27|[test15(org.apache.commons.math.analysis.solvers.UnivariateRealSolverUtils_ESTest): Expecting exception: Exception-, test16(org.apache.commons.math.analysis.solvers.UnivariateRealSolverUtils_ESTest): Expecting exception: Exception-, test12(org.apache.commons.math.analysis.solvers.UnivariateRealSolverUtils_ESTest): Expecting exception: Exception-]|
 ----
ProgramVariant 1916
 
time(sec)= 5686
operation: RemoveOp
location= org.apache.commons.math.analysis.solvers.UnivariateRealSolverUtils
line= 199
lineSuspiciousness= 1
original statement= throw new org.apache.commons.math.ConvergenceException(("number of iterations={0}, maximum iterations={1}, " + ("initial={2}, lower bound={3}, upper bound={4}, final a value={5}, " + "final b value={6}, f(a)={7}, f(b)={8}")) , numIterations , maximumIterations , initial , lowerBound , upperBound , a , b , fa , fb)
fixed statement= 
generation= 958
ingredientScope= -
validation=
failing: |true|0|13|[]|
manual_regression: |true|0|1983|[]|
evo_regression: |false|3|27|[test15(org.apache.commons.math.analysis.solvers.UnivariateRealSolverUtils_ESTest): Expecting exception: Exception-, test16(org.apache.commons.math.analysis.solvers.UnivariateRealSolverUtils_ESTest): Expecting exception: Exception-, test12(org.apache.commons.math.analysis.solvers.UnivariateRealSolverUtils_ESTest): Expecting exception: Exception-]|
 ----
ProgramVariant 2288
 
time(sec)= 6549
operation: RemoveOp
location= org.apache.commons.math.analysis.solvers.UnivariateRealSolverUtils
line= 199
lineSuspiciousness= 1
original statement= throw new org.apache.commons.math.ConvergenceException(("number of iterations={0}, maximum iterations={1}, " + ("initial={2}, lower bound={3}, upper bound={4}, final a value={5}, " + "final b value={6}, f(a)={7}, f(b)={8}")) , numIterations , maximumIterations , initial , lowerBound , upperBound , a , b , fa , fb)
fixed statement= 
generation= 1144
ingredientScope= -
validation=
failing: |true|0|13|[]|
manual_regression: |true|0|1983|[]|
evo_regression: |false|3|27|[test15(org.apache.commons.math.analysis.solvers.UnivariateRealSolverUtils_ESTest): Expecting exception: Exception-, test16(org.apache.commons.math.analysis.solvers.UnivariateRealSolverUtils_ESTest): Expecting exception: Exception-, test12(org.apache.commons.math.analysis.solvers.UnivariateRealSolverUtils_ESTest): Expecting exception: Exception-]|
 ----
ProgramVariant 2360
 
time(sec)= 6692
operation: RemoveOp
location= org.apache.commons.math.analysis.solvers.UnivariateRealSolverUtils
line= 199
lineSuspiciousness= 1
original statement= throw new org.apache.commons.math.ConvergenceException(("number of iterations={0}, maximum iterations={1}, " + ("initial={2}, lower bound={3}, upper bound={4}, final a value={5}, " + "final b value={6}, f(a)={7}, f(b)={8}")) , numIterations , maximumIterations , initial , lowerBound , upperBound , a , b , fa , fb)
fixed statement= 
generation= 1180
ingredientScope= -
validation=
failing: |true|0|13|[]|
manual_regression: |true|0|1983|[]|
evo_regression: |false|3|27|[test15(org.apache.commons.math.analysis.solvers.UnivariateRealSolverUtils_ESTest): Expecting exception: Exception-, test16(org.apache.commons.math.analysis.solvers.UnivariateRealSolverUtils_ESTest): Expecting exception: Exception-, test12(org.apache.commons.math.analysis.solvers.UnivariateRealSolverUtils_ESTest): Expecting exception: Exception-]|
 ----
ProgramVariant 2422
 
time(sec)= 6951
operation: RemoveOp
location= org.apache.commons.math.analysis.solvers.UnivariateRealSolverUtils
line= 198
lineSuspiciousness= 0.243
original statement= if ((fa * fb) >= 0.0) {
	throw new org.apache.commons.math.ConvergenceException(("number of iterations={0}, maximum iterations={1}, " + ("initial={2}, lower bound={3}, upper bound={4}, final a value={5}, " + "final b value={6}, f(a)={7}, f(b)={8}")) , numIterations , maximumIterations , initial , lowerBound , upperBound , a , b , fa , fb);
} 
fixed statement= 
generation= 1211
ingredientScope= -
validation=
failing: |true|0|13|[]|
manual_regression: |true|0|1983|[]|
evo_regression: |false|3|27|[test15(org.apache.commons.math.analysis.solvers.UnivariateRealSolverUtils_ESTest): Expecting exception: Exception-, test16(org.apache.commons.math.analysis.solvers.UnivariateRealSolverUtils_ESTest): Expecting exception: Exception-, test12(org.apache.commons.math.analysis.solvers.UnivariateRealSolverUtils_ESTest): Expecting exception: Exception-]|
 ----
ProgramVariant 2444
 
time(sec)= 7075
operation: RemoveOp
location= org.apache.commons.math.analysis.solvers.UnivariateRealSolverUtils
line= 199
lineSuspiciousness= 1
original statement= throw new org.apache.commons.math.ConvergenceException(("number of iterations={0}, maximum iterations={1}, " + ("initial={2}, lower bound={3}, upper bound={4}, final a value={5}, " + "final b value={6}, f(a)={7}, f(b)={8}")) , numIterations , maximumIterations , initial , lowerBound , upperBound , a , b , fa , fb)
fixed statement= 
generation= 1222
ingredientScope= -
validation=
failing: |true|0|13|[]|
manual_regression: |true|0|1983|[]|
evo_regression: |false|3|27|[test15(org.apache.commons.math.analysis.solvers.UnivariateRealSolverUtils_ESTest): Expecting exception: Exception-, test16(org.apache.commons.math.analysis.solvers.UnivariateRealSolverUtils_ESTest): Expecting exception: Exception-, test12(org.apache.commons.math.analysis.solvers.UnivariateRealSolverUtils_ESTest): Expecting exception: Exception-]|
[INFO ] fr.inria.main.evolution.AstorMain.run(AstorMain.java:397) - Time Total(s): 7349.898


Node: grimoire-7.nancy.grid5000.fr


Date: Sun Jan 29 16:26:47 CET 2017

removed classes 

zipped 

copied zip 


