seed AstorRun 29 
export PATH="/home/mmartinez/defects4j/framework/bin:$PATH";export JAVA_TOOL_OPTIONS=-Dfile.encoding=UTF8;export PATH="/usr/lib/jvm/java-1.7.0-openjdk-amd64/bin/:$PATH";cd /home/mmartinez/projects/math/math_40;defects4j compile;cp -r /home/mmartinez/projects/math/math_40 /tmp/math_40_Genprog_local_s1;cd /tmp/math_40_Genprog_local_s1;mkdir lib/;cp -r /home/mmartinez/defects4j/framework/projects/lib/* lib/;cp -r /home/mmartinez/defects4j/framework/projects/Math/lib/* lib/;find . -type f -name "package-info.java" -delete;
/home/mmartinez/defects4j-repair/src/python/core/../../../results/2016-june/Math/seed/29/package/40/Genprog/result
cd /tmp/math_40_Genprog_local_s1;export JAVA_TOOL_OPTIONS=-Dfile.encoding=UTF8;TZ="America/New_York"; export TZexport PATH="/usr/lib/jvm/java-1.7.0-openjdk-amd64/bin/:$PATH";time /home/mmartinez/jdk1.8.0_45/bin//java -Xmx4096m -cp /home/mmartinez/defects4j-repair/src/python/core/../../..//libs/astor.jar fr.inria.main.evolution.MainjGenProg -mode statement -location . -id Math -dependencies lib/ -failing org.apache.commons.math.analysis.solvers.BracketingNthOrderBrentSolverTest: -package org.apache.commons -jvm4testexecution /usr/lib/jvm/java-1.7.0-openjdk-amd64/bin/ -jvm4evosuitetestexecution /home/mmartinez/jdk1.8.0_45/bin/ -javacompliancelevel 5 -maxgen 1000000 -seed 29 -scope package -maxtime 120  -stopfirst false -population 1 -srcjavafolder src/main/java/ -srctestfolder src/test/java/ -binjavafolder target/classes/ -bintestfolder target/test-classes/ -flthreshold 0.1  -validation  fr.inria.astor.core.validation.validators.RegressionValidation  -ESParameters -Dassertion_timeout=1800:-Dminimization_timeout=1800:-Djunit_check_timeout=1800:-Dwrite_junit_timeout=300:-Dinitialization_timeout=300:-Dglobal_timeout=18000:-Dsearch_budget=100000:-Dstopping_condition=MaxStatements:-Dno_runtime_dependency=true:-Dsandbox=false:-Dp_reflection_on_private=0.0:-Dreflection_start_percent=1.0:-Dp_functional_mocking=0.0:-Dfunctional_mocking_percent=1.0:-mem=2000 -testbystep  -ignoredtestcases org.apache.commons.lang.LocaleUtilsTest  -excludeRegression  -maxgen 100000000 ;echo "

Node: `hostname`
";echo "
Date: `date`
"; find /tmp/math_40_Genprog_local_s1/outputMutation -name "*.class" -type f -delete;echo "removed classes 
"; find . -name bin  -type d -print0|xargs -0 rm -r --; zip -r -q out.zip /tmp/math_40_Genprog_local_s1/outputMutation; echo "zipped 
";cp out.zip /home/mmartinez/defects4j-repair/src/python/core/../../../results/2016-june/Math/seed/29/package/40/Genprog; echo "copied zip 
";rm -rf /tmp/math_40_Genprog_local_s1;

[DEBUG] fr.inria.astor.core.loop.AstorCoreEngine.showResults(AstorCoreEngine.java:136) - End Repair Loops: Found solution
[DEBUG] fr.inria.astor.core.loop.AstorCoreEngine.showResults(AstorCoreEngine.java:137) - Solution stored at: /tmp/math_40_Genprog_local_s1/./outputMutation/AstorMain-Math//src/
[DEBUG] fr.inria.astor.core.loop.AstorCoreEngine.showResults(AstorCoreEngine.java:142) - 
Number solutions:8
[DEBUG] fr.inria.astor.core.loop.AstorCoreEngine.showResults(AstorCoreEngine.java:144) - f (sol): 9.0, [Variant id: 78 (SOL) , #gens: 85, #ops: 1, parent:77]
[DEBUG] fr.inria.astor.core.loop.AstorCoreEngine.showResults(AstorCoreEngine.java:144) - f (sol): 5.0, [Variant id: 128 (SOL) , #gens: 84, #ops: 1, parent:127]
[DEBUG] fr.inria.astor.core.loop.AstorCoreEngine.showResults(AstorCoreEngine.java:144) - f (sol): 6.0, [Variant id: 158 (SOL) , #gens: 85, #ops: 1, parent:157]
[DEBUG] fr.inria.astor.core.loop.AstorCoreEngine.showResults(AstorCoreEngine.java:144) - f (sol): 12.0, [Variant id: 374 (SOL) , #gens: 86, #ops: 1, parent:373]
[DEBUG] fr.inria.astor.core.loop.AstorCoreEngine.showResults(AstorCoreEngine.java:144) - f (sol): 5.0, [Variant id: 468 (SOL) , #gens: 85, #ops: 1, parent:467]
[DEBUG] fr.inria.astor.core.loop.AstorCoreEngine.showResults(AstorCoreEngine.java:144) - f (sol): 5.0, [Variant id: 504 (SOL) , #gens: 84, #ops: 1, parent:503]
[DEBUG] fr.inria.astor.core.loop.AstorCoreEngine.showResults(AstorCoreEngine.java:144) - f (sol): 2.0, [Variant id: 700 (SOL) , #gens: 84, #ops: 1, parent:699]
[DEBUG] fr.inria.astor.core.loop.AstorCoreEngine.showResults(AstorCoreEngine.java:144) - f (sol): 4.0, [Variant id: 750 (SOL) , #gens: 84, #ops: 1, parent:749]
[DEBUG] fr.inria.astor.core.loop.AstorCoreEngine.showResults(AstorCoreEngine.java:146) - 
All variants:
[DEBUG] fr.inria.astor.core.loop.AstorCoreEngine.showResults(AstorCoreEngine.java:148) - f 1.0, [Variant id: 1121, #gens: 85, #ops: 0, parent:-]
[INFO ] fr.inria.astor.core.loop.AstorCoreEngine.showResults(AstorCoreEngine.java:152) - 
Solution details
[INFO ] fr.inria.astor.core.loop.AstorCoreEngine.showResults(AstorCoreEngine.java:153) - 
 --SOLUTIONS DESCRIPTION--

 ----
ProgramVariant 78
 
time(sec)= 1129
operation: ReplaceOp
location= org.apache.commons.math.analysis.solvers.BracketingNthOrderBrentSolver
line= 265
lineSuspiciousness= 0.189
original statement= --end
fixed statement= ++start
generation= 39
ingredientScope= LOCAL
validation=
failing: |true|0|15|[]|
manual_regression: |false|4|3135|[testDecreasingSteps(org.apache.commons.math.ode.nonstiff.ClassicalRungeKuttaIntegratorTest): null-, testDecreasingSteps(org.apache.commons.math.ode.nonstiff.GillIntegratorTest): null-, testEvents(org.apache.commons.math.ode.nonstiff.HighamHall54IntegratorTest): null-, testDecreasingSteps(org.apache.commons.math.ode.nonstiff.ThreeEighthesIntegratorTest): null-]|
evo_regression: |false|5|30|[test14(org.apache.commons.math.analysis.solvers.BracketingNthOrderBrentSolver_ESTest): expected:<172.7875959474094> but was:<248.18581955630282>-, test15(org.apache.commons.math.analysis.solvers.BracketingNthOrderBrentSolver_ESTest): expected:<172.78759594744045> but was:<248.18581963359367>-, test18(org.apache.commons.math.analysis.solvers.BracketingNthOrderBrentSolver_ESTest): expected:<-3173.0085801219816> but was:<-2431.5927138580087>-, test19(org.apache.commons.math.analysis.solvers.BracketingNthOrderBrentSolver_ESTest): expected:<-1910.0883333825948> but was:<-1665.0441064258914>-, test02(org.apache.commons.math.analysis.solvers.BracketingNthOrderBrentSolver_ESTest): expected:<-3173.0085801254604> but was:<-3129.026282975434>-]|
 ----
ProgramVariant 128
 
time(sec)= 1578
operation: RemoveOp
location= org.apache.commons.math.analysis.solvers.BaseAbstractUnivariateRealSolver
line= 296
lineSuspiciousness= 0.408
original statement= throw new org.apache.commons.math.exception.TooManyEvaluationsException(e.getMax())
fixed statement= 
generation= 64
ingredientScope= -
validation=
failing: |true|0|15|[]|
manual_regression: |false|2|3135|[testQuinticZero(org.apache.commons.math.analysis.solvers.BrentSolverTest): Expected TooManyEvaluationsException-, testEventsNoConvergence(org.apache.commons.math.ode.nonstiff.HighamHall54IntegratorTest): an exception should have been thrown-]|
evo_regression: |false|3|24|[test17(org.apache.commons.math.analysis.solvers.BaseAbstractUnivariateRealSolver_ESTest): null-, test20(org.apache.commons.math.analysis.solvers.BaseAbstractUnivariateRealSolver_ESTest): test timed out after 4000 milliseconds-, test16(org.apache.commons.math.analysis.solvers.BaseAbstractUnivariateRealSolver_ESTest): Expecting exception: IllegalStateException-]|
 ----
ProgramVariant 158
 
time(sec)= 1770
operation: ReplaceOp
location= org.apache.commons.math.analysis.solvers.BracketingNthOrderBrentSolver
line= 296
lineSuspiciousness= 0.167
original statement= java.lang.System.arraycopy(y, start, y, 0, nbPoints)
fixed statement= java.lang.System.arraycopy(y, 1, y, 0, nbPoints)
generation= 79
ingredientScope= LOCAL
validation=
failing: |true|0|15|[]|
manual_regression: |false|1|3135|[testEvents(org.apache.commons.math.ode.nonstiff.DormandPrince853IntegratorTest): expected:<0.0> but was:<2.4115557822476567E-7>-]|
evo_regression: |false|5|30|[test14(org.apache.commons.math.analysis.solvers.BracketingNthOrderBrentSolver_ESTest): expected:<172.7875959474094> but was:<122.52211348993688>-, test15(org.apache.commons.math.analysis.solvers.BracketingNthOrderBrentSolver_ESTest): expected:<172.78759594744045> but was:<122.522113490006>-, test18(org.apache.commons.math.analysis.solvers.BracketingNthOrderBrentSolver_ESTest): expected:<-3173.0085801219816> but was:<-3129.026282906376>-, test19(org.apache.commons.math.analysis.solvers.BracketingNthOrderBrentSolver_ESTest): expected:<-1910.0883333825948> but was:<-1809.557369193765>-, test02(org.apache.commons.math.analysis.solvers.BracketingNthOrderBrentSolver_ESTest): expected:<-3173.0085801254604> but was:<-3160.442209511238>-]|
 ----
ProgramVariant 374
 
time(sec)= 2494
operation: InsertAfterOp
location= org.apache.commons.math.analysis.solvers.BracketingNthOrderBrentSolver
line= 320
lineSuspiciousness= 0.162
original statement= ++nbPoints
fixed statement= signChangeIndex = 2
generation= 187
ingredientScope= LOCAL
validation=
failing: |true|0|15|[]|
manual_regression: |false|6|3135|[testDecreasingSteps(org.apache.commons.math.ode.nonstiff.ClassicalRungeKuttaIntegratorTest): null-, testDecreasingSteps(org.apache.commons.math.ode.nonstiff.EulerIntegratorTest): null-, testDecreasingSteps(org.apache.commons.math.ode.nonstiff.GillIntegratorTest): null-, testEvents(org.apache.commons.math.ode.nonstiff.HighamHall54IntegratorTest): null-, testDecreasingSteps(org.apache.commons.math.ode.nonstiff.MidpointIntegratorTest): null-, testDecreasingSteps(org.apache.commons.math.ode.nonstiff.ThreeEighthesIntegratorTest): null-]|
evo_regression: |false|6|30|[test14(org.apache.commons.math.analysis.solvers.BracketingNthOrderBrentSolver_ESTest): expected:<172.7875959474094> but was:<53.40707511102639>-, test15(org.apache.commons.math.analysis.solvers.BracketingNthOrderBrentSolver_ESTest): expected:<172.78759594744045> but was:<53.407075111028085>-, test18(org.apache.commons.math.analysis.solvers.BracketingNthOrderBrentSolver_ESTest): null-, test19(org.apache.commons.math.analysis.solvers.BracketingNthOrderBrentSolver_ESTest): null-, test02(org.apache.commons.math.analysis.solvers.BracketingNthOrderBrentSolver_ESTest): expected:<-3173.0085801254604> but was:<-3166.725394795314>-, test00(org.apache.commons.math.analysis.solvers.BracketingNthOrderBrentSolver_ESTest): null-]|
 ----
ProgramVariant 468
 
time(sec)= 2921
operation: ReplaceOp
location= org.apache.commons.math.analysis.solvers.BracketingNthOrderBrentSolver
line= 265
lineSuspiciousness= 0.189
original statement= --end
fixed statement= signChangeIndex++
generation= 234
ingredientScope= LOCAL
validation=
failing: |true|0|15|[]|
manual_regression: |true|0|3135|[]|
evo_regression: |false|5|30|[test14(org.apache.commons.math.analysis.solvers.BracketingNthOrderBrentSolver_ESTest): expected:<172.7875959474094> but was:<260.752189729363>-, test15(org.apache.commons.math.analysis.solvers.BracketingNthOrderBrentSolver_ESTest): expected:<172.78759594744045> but was:<260.75219024795285>-, test18(org.apache.commons.math.analysis.solvers.BracketingNthOrderBrentSolver_ESTest): expected:<-3173.0085801219816> but was:<-2243.097154663099>-, test19(org.apache.commons.math.analysis.solvers.BracketingNthOrderBrentSolver_ESTest): expected:<-1910.0883333825948> but was:<-1690.1768481135828>-, test02(org.apache.commons.math.analysis.solvers.BracketingNthOrderBrentSolver_ESTest): expected:<-3173.0085801254604> but was:<-3154.159024204133>-]|
 ----
ProgramVariant 504
 
time(sec)= 3275
operation: RemoveOp
location= org.apache.commons.math.analysis.solvers.BaseAbstractUnivariateRealSolver
line= 296
lineSuspiciousness= 0.408
original statement= throw new org.apache.commons.math.exception.TooManyEvaluationsException(e.getMax())
fixed statement= 
generation= 252
ingredientScope= -
validation=
failing: |true|0|15|[]|
manual_regression: |false|2|3135|[testQuinticZero(org.apache.commons.math.analysis.solvers.BrentSolverTest): Expected TooManyEvaluationsException-, testEventsNoConvergence(org.apache.commons.math.ode.nonstiff.HighamHall54IntegratorTest): an exception should have been thrown-]|
evo_regression: |false|3|24|[test17(org.apache.commons.math.analysis.solvers.BaseAbstractUnivariateRealSolver_ESTest): null-, test20(org.apache.commons.math.analysis.solvers.BaseAbstractUnivariateRealSolver_ESTest): test timed out after 4000 milliseconds-, test16(org.apache.commons.math.analysis.solvers.BaseAbstractUnivariateRealSolver_ESTest): Expecting exception: IllegalStateException-]|
 ----
ProgramVariant 700
 
time(sec)= 4885
operation: RemoveOp
location= org.apache.commons.math.util.Incrementor
line= 65
lineSuspiciousness= 0.171
original statement= throw new org.apache.commons.math.exception.MaxCountExceededException(max)
fixed statement= 
generation= 350
ingredientScope= -
validation=
failing: |true|0|15|[]|
evo_regression: |false|2|15|[test04(org.apache.commons.math.util.Incrementor_ESTest): Expecting exception: IllegalStateException-, test11(org.apache.commons.math.util.Incrementor_ESTest): Expecting exception: IllegalStateException-]|
 ----
ProgramVariant 750
 
time(sec)= 6252
operation: RemoveOp
location= org.apache.commons.math.util.Incrementor
line= 151
lineSuspiciousness= 0.167
original statement= maxCountCallback.trigger(maximalCount)
fixed statement= 
generation= 375
ingredientScope= -
validation=
failing: |true|0|15|[]|
evo_regression: |false|4|15|[test03(org.apache.commons.math.util.Incrementor_ESTest): Expecting exception: NullPointerException-, test04(org.apache.commons.math.util.Incrementor_ESTest): Expecting exception: IllegalStateException-, test05(org.apache.commons.math.util.Incrementor_ESTest): Expecting exception: NullPointerException-, test11(org.apache.commons.math.util.Incrementor_ESTest): Expecting exception: IllegalStateException-]|
[INFO ] fr.inria.main.evolution.AstorMain.run(AstorMain.java:397) - Time Total(s): 7538.278


Node: grisou-12.nancy.grid5000.fr


Date: Sun Jan 29 21:08:22 CET 2017

removed classes 

zipped 

copied zip 


