seed AstorRun 19 
export PATH="/home/mmartinez/defects4j/framework/bin:$PATH";export JAVA_TOOL_OPTIONS=-Dfile.encoding=UTF8;export PATH="/usr/lib/jvm/java-1.7.0-openjdk-amd64/bin/:$PATH";cd /home/mmartinez/projects/math/math_44;defects4j compile;cp -r /home/mmartinez/projects/math/math_44 /tmp/math_44_Genprog_local_s1;cd /tmp/math_44_Genprog_local_s1;mkdir lib/;cp -r /home/mmartinez/defects4j/framework/projects/lib/* lib/;cp -r /home/mmartinez/defects4j/framework/projects/Math/lib/* lib/;find . -type f -name "package-info.java" -delete;
/home/mmartinez/defects4j-repair/src/python/core/../../../results/2016-june/Math/seed/19/package/44/Genprog/result
cd /tmp/math_44_Genprog_local_s1;export JAVA_TOOL_OPTIONS=-Dfile.encoding=UTF8;TZ="America/New_York"; export TZexport PATH="/usr/lib/jvm/java-1.7.0-openjdk-amd64/bin/:$PATH";time /home/mmartinez/jdk1.8.0_45/bin//java -Xmx4096m -cp /home/mmartinez/defects4j-repair/src/python/core/../../..//libs/astor.jar fr.inria.main.evolution.MainjGenProg -mode statement -location . -id Math -dependencies lib/ -failing org.apache.commons.math.ode.events.EventStateTest: -package org.apache.commons -jvm4testexecution /usr/lib/jvm/java-1.7.0-openjdk-amd64/bin/ -jvm4evosuitetestexecution /home/mmartinez/jdk1.8.0_45/bin/ -javacompliancelevel 5 -maxgen 1000000 -seed 19 -scope package -maxtime 120  -stopfirst false -population 1 -srcjavafolder src/main/java/ -srctestfolder src/test/java/ -binjavafolder target/classes/ -bintestfolder target/test-classes/ -flthreshold 0.1  -validation  fr.inria.astor.core.validation.validators.RegressionValidation  -ESParameters -Dassertion_timeout=1800:-Dminimization_timeout=1800:-Djunit_check_timeout=1800:-Dwrite_junit_timeout=300:-Dinitialization_timeout=300:-Dglobal_timeout=18000:-Dsearch_budget=100000:-Dstopping_condition=MaxStatements:-Dno_runtime_dependency=true:-Dsandbox=false:-Dp_reflection_on_private=0.0:-Dreflection_start_percent=1.0:-Dp_functional_mocking=0.0:-Dfunctional_mocking_percent=1.0:-mem=2000 -ignoredtestcases org.apache.commons.lang.LocaleUtilsTest  -excludeRegression  -maxgen 100000000 ;echo "

Node: `hostname`
";echo "
Date: `date`
"; find /tmp/math_44_Genprog_local_s1/outputMutation -name "*.class" -type f -delete;echo "removed classes 
"; find . -name bin  -type d -print0|xargs -0 rm -r --; zip -r -q out.zip /tmp/math_44_Genprog_local_s1/outputMutation; echo "zipped 
";cp out.zip /home/mmartinez/defects4j-repair/src/python/core/../../../results/2016-june/Math/seed/19/package/44/Genprog; echo "copied zip 
";rm -rf /tmp/math_44_Genprog_local_s1;

[DEBUG] fr.inria.astor.core.loop.AstorCoreEngine.showResults(AstorCoreEngine.java:136) - End Repair Loops: Found solution
[DEBUG] fr.inria.astor.core.loop.AstorCoreEngine.showResults(AstorCoreEngine.java:137) - Solution stored at: /tmp/math_44_Genprog_local_s1/./outputMutation/AstorMain-Math//src/
[DEBUG] fr.inria.astor.core.loop.AstorCoreEngine.showResults(AstorCoreEngine.java:142) - 
Number solutions:5
[DEBUG] fr.inria.astor.core.loop.AstorCoreEngine.showResults(AstorCoreEngine.java:144) - f (sol): 3.0, [Variant id: 810 (SOL) , #gens: 221, #ops: 1, parent:809]
[DEBUG] fr.inria.astor.core.loop.AstorCoreEngine.showResults(AstorCoreEngine.java:144) - f (sol): 3.0, [Variant id: 1480 (SOL) , #gens: 221, #ops: 1, parent:1479]
[DEBUG] fr.inria.astor.core.loop.AstorCoreEngine.showResults(AstorCoreEngine.java:144) - f (sol): 3.0, [Variant id: 1778 (SOL) , #gens: 220, #ops: 1, parent:1777]
[DEBUG] fr.inria.astor.core.loop.AstorCoreEngine.showResults(AstorCoreEngine.java:144) - f (sol): 3.0, [Variant id: 1924 (SOL) , #gens: 221, #ops: 1, parent:1923]
[DEBUG] fr.inria.astor.core.loop.AstorCoreEngine.showResults(AstorCoreEngine.java:144) - f (sol): 1.0, [Variant id: 2374 (SOL) , #gens: 221, #ops: 1, parent:2373]
[DEBUG] fr.inria.astor.core.loop.AstorCoreEngine.showResults(AstorCoreEngine.java:146) - 
All variants:
[DEBUG] fr.inria.astor.core.loop.AstorCoreEngine.showResults(AstorCoreEngine.java:148) - f 1.0, [Variant id: 2377, #gens: 220, #ops: 0, parent:-]
[INFO ] fr.inria.astor.core.loop.AstorCoreEngine.showResults(AstorCoreEngine.java:152) - 
Solution details
[INFO ] fr.inria.astor.core.loop.AstorCoreEngine.showResults(AstorCoreEngine.java:153) - 
 --SOLUTIONS DESCRIPTION--

 ----
ProgramVariant 810
 
time(sec)= 2835
operation: InsertAfterOp
location= org.apache.commons.math.ode.AbstractIntegrator
line= 327
lineSuspiciousness= 0.171
original statement= for (final org.apache.commons.math.ode.sampling.StepHandler handler : stepHandlers) {
	handler.handleStep(interpolator, isLastStep);
}
fixed statement= statesInitialized = false
generation= 405
ingredientScope= LOCAL
validation=
failing: |true|0|2|[]|
manual_regression: |false|3|3057|[testEvents(org.apache.commons.math.ode.nonstiff.DormandPrince54IntegratorTest): function values at endpoints do not have different signs, endpoints: 5.083, 5.184, values: 0, 0.1-, testEvents(org.apache.commons.math.ode.nonstiff.DormandPrince853IntegratorTest): function values at endpoints do not have different signs, endpoints: 5.083, 5.523, values: 0, 0.426-, testDecreasingSteps(org.apache.commons.math.ode.nonstiff.MidpointIntegratorTest): function values at endpoints do not have different signs, endpoints: 1.937, 2.054, values: -0, -0.117-]|
evo_regression: |true|0|37|[]|
 ----
ProgramVariant 1480
 
time(sec)= 4736
operation: InsertAfterOp
location= org.apache.commons.math.ode.AbstractIntegrator
line= 292
lineSuspiciousness= 0.171
original statement= java.util.SortedSet<org.apache.commons.math.ode.events.EventState> occuringEvents = new java.util.TreeSet<org.apache.commons.math.ode.events.EventState>(new java.util.Comparator<org.apache.commons.math.ode.events.EventState>() {
	public int compare(org.apache.commons.math.ode.events.EventState es0, org.apache.commons.math.ode.events.EventState es1) {
		return orderingSign * (java.lang.Double.compare(es0.getEventTime(), es1.getEventTime()));
	}
})
fixed statement= for (org.apache.commons.math.ode.events.EventState state : eventsStates) {
	state.reinitializeBegin(interpolator);
}
generation= 740
ingredientScope= LOCAL
validation=
failing: |true|0|2|[]|
manual_regression: |false|3|3057|[testEvents(org.apache.commons.math.ode.nonstiff.DormandPrince54IntegratorTest): function values at endpoints do not have different signs, endpoints: 5.083, 5.184, values: 0, 0.1-, testEvents(org.apache.commons.math.ode.nonstiff.DormandPrince853IntegratorTest): function values at endpoints do not have different signs, endpoints: 5.083, 5.523, values: 0, 0.426-, testDecreasingSteps(org.apache.commons.math.ode.nonstiff.MidpointIntegratorTest): function values at endpoints do not have different signs, endpoints: 1.937, 2.054, values: -0, -0.117-]|
evo_regression: |true|0|37|[]|
 ----
ProgramVariant 1778
 
time(sec)= 5461
operation: ReplaceOp
location= org.apache.commons.math.ode.AbstractIntegrator
line= 342
lineSuspiciousness= 0.196
original statement= resetOccurred = true
fixed statement= statesInitialized = false
generation= 889
ingredientScope= LOCAL
validation=
failing: |true|0|2|[]|
manual_regression: |false|3|3057|[testEvents(org.apache.commons.math.ode.nonstiff.DormandPrince54IntegratorTest): function values at endpoints do not have different signs, endpoints: 5.083, 5.184, values: 0, 0.1-, testEvents(org.apache.commons.math.ode.nonstiff.DormandPrince853IntegratorTest): function values at endpoints do not have different signs, endpoints: 5.083, 5.523, values: 0, 0.426-, testDecreasingSteps(org.apache.commons.math.ode.nonstiff.MidpointIntegratorTest): function values at endpoints do not have different signs, endpoints: 1.937, 2.054, values: -0, -0.117-]|
evo_regression: |true|0|37|[]|
 ----
ProgramVariant 1924
 
time(sec)= 5830
operation: InsertBeforeOp
location= org.apache.commons.math.ode.AbstractIntegrator
line= 304
lineSuspiciousness= 0.171
original statement= occuringEvents.add(state)
fixed statement= statesInitialized = false
generation= 962
ingredientScope= LOCAL
validation=
failing: |true|0|2|[]|
manual_regression: |false|3|3057|[testEvents(org.apache.commons.math.ode.nonstiff.DormandPrince54IntegratorTest): function values at endpoints do not have different signs, endpoints: 5.083, 5.184, values: 0, 0.1-, testEvents(org.apache.commons.math.ode.nonstiff.DormandPrince853IntegratorTest): function values at endpoints do not have different signs, endpoints: 5.083, 5.523, values: 0, 0.426-, testDecreasingSteps(org.apache.commons.math.ode.nonstiff.MidpointIntegratorTest): function values at endpoints do not have different signs, endpoints: 1.937, 2.054, values: -0, -0.117-]|
evo_regression: |true|0|37|[]|
 ----
ProgramVariant 2374
 
time(sec)= 7255
operation: InsertBeforeOp
location= org.apache.commons.math.ode.nonstiff.DormandPrince853Integrator
line= 274
lineSuspiciousness= 0.136
original statement= final double ratio2 = errSum2 / tol
fixed statement= setStateInitialized(false)
generation= 1187
ingredientScope= PACKAGE
validation=
failing: |true|0|2|[]|
manual_regression: |false|1|3057|[testEvents(org.apache.commons.math.ode.nonstiff.DormandPrince853IntegratorTest): function values at endpoints do not have different signs, endpoints: 5.083, 5.523, values: 0, 0.426-]|
evo_regression: |true|0|6|[]|
[INFO ] fr.inria.main.evolution.AstorMain.run(AstorMain.java:397) - Time Total(s): 7611.595


Node: grisou-22.nancy.grid5000.fr


Date: Fri Jan 20 07:04:08 CET 2017

removed classes 

zipped 

copied zip 


