seed AstorRun 15 
export PATH="/home/mmartinez/defects4j/framework/bin:$PATH";export JAVA_TOOL_OPTIONS=-Dfile.encoding=UTF8;export PATH="/usr/lib/jvm/java-1.7.0-openjdk-amd64/bin/:$PATH";cd /home/mmartinez/projects/math/math_44;defects4j compile;cp -r /home/mmartinez/projects/math/math_44 /tmp/math_44_Genprog_local_s1;cd /tmp/math_44_Genprog_local_s1;mkdir lib/;cp -r /home/mmartinez/defects4j/framework/projects/lib/* lib/;cp -r /home/mmartinez/defects4j/framework/projects/Math/lib/* lib/;find . -type f -name "package-info.java" -delete;
/home/mmartinez/defects4j-repair/src/python/core/../../../results/2016-june/Math/seed/15/package/44/Genprog/result
cd /tmp/math_44_Genprog_local_s1;export JAVA_TOOL_OPTIONS=-Dfile.encoding=UTF8;TZ="America/New_York"; export TZexport PATH="/usr/lib/jvm/java-1.7.0-openjdk-amd64/bin/:$PATH";time /home/mmartinez/jdk1.8.0_45/bin//java -Xmx4096m -cp /home/mmartinez/defects4j-repair/src/python/core/../../..//libs/astor.jar fr.inria.main.evolution.MainjGenProg -mode statement -location . -id Math -dependencies lib/ -failing org.apache.commons.math.ode.events.EventStateTest: -package org.apache.commons -jvm4testexecution /usr/lib/jvm/java-1.7.0-openjdk-amd64/bin/ -jvm4evosuitetestexecution /home/mmartinez/jdk1.8.0_45/bin/ -javacompliancelevel 5 -maxgen 1000000 -seed 15 -scope package -maxtime 120  -stopfirst false -population 1 -srcjavafolder src/main/java/ -srctestfolder src/test/java/ -binjavafolder target/classes/ -bintestfolder target/test-classes/ -flthreshold 0.1  -validation  fr.inria.astor.core.validation.validators.RegressionValidation  -ESParameters -Dassertion_timeout=1800:-Dminimization_timeout=1800:-Djunit_check_timeout=1800:-Dwrite_junit_timeout=300:-Dinitialization_timeout=300:-Dglobal_timeout=18000:-Dsearch_budget=100000:-Dstopping_condition=MaxStatements:-Dno_runtime_dependency=true:-Dsandbox=false:-Dp_reflection_on_private=0.0:-Dreflection_start_percent=1.0:-Dp_functional_mocking=0.0:-Dfunctional_mocking_percent=1.0:-mem=2000 -ignoredtestcases org.apache.commons.lang.LocaleUtilsTest  -excludeRegression  -maxgen 100000000 ;echo "

Node: `hostname`
";echo "
Date: `date`
"; find /tmp/math_44_Genprog_local_s1/outputMutation -name "*.class" -type f -delete;echo "removed classes 
"; find . -name bin  -type d -print0|xargs -0 rm -r --; zip -r -q out.zip /tmp/math_44_Genprog_local_s1/outputMutation; echo "zipped 
";cp out.zip /home/mmartinez/defects4j-repair/src/python/core/../../../results/2016-june/Math/seed/15/package/44/Genprog; echo "copied zip 
";rm -rf /tmp/math_44_Genprog_local_s1;

[DEBUG] fr.inria.astor.core.loop.AstorCoreEngine.showResults(AstorCoreEngine.java:136) - End Repair Loops: Found solution
[DEBUG] fr.inria.astor.core.loop.AstorCoreEngine.showResults(AstorCoreEngine.java:137) - Solution stored at: /tmp/math_44_Genprog_local_s1/./outputMutation/AstorMain-Math//src/
[DEBUG] fr.inria.astor.core.loop.AstorCoreEngine.showResults(AstorCoreEngine.java:142) - 
Number solutions:4
[DEBUG] fr.inria.astor.core.loop.AstorCoreEngine.showResults(AstorCoreEngine.java:144) - f (sol): 38.0, [Variant id: 540 (SOL) , #gens: 221, #ops: 1, parent:539]
[DEBUG] fr.inria.astor.core.loop.AstorCoreEngine.showResults(AstorCoreEngine.java:144) - f (sol): 10.0, [Variant id: 700 (SOL) , #gens: 220, #ops: 1, parent:699]
[DEBUG] fr.inria.astor.core.loop.AstorCoreEngine.showResults(AstorCoreEngine.java:144) - f (sol): 2.0, [Variant id: 1516 (SOL) , #gens: 221, #ops: 1, parent:1515]
[DEBUG] fr.inria.astor.core.loop.AstorCoreEngine.showResults(AstorCoreEngine.java:144) - f (sol): 28.0, [Variant id: 2354 (SOL) , #gens: 220, #ops: 1, parent:2353]
[DEBUG] fr.inria.astor.core.loop.AstorCoreEngine.showResults(AstorCoreEngine.java:146) - 
All variants:
[DEBUG] fr.inria.astor.core.loop.AstorCoreEngine.showResults(AstorCoreEngine.java:148) - f 1.0, [Variant id: 2363, #gens: 220, #ops: 0, parent:-]
[INFO ] fr.inria.astor.core.loop.AstorCoreEngine.showResults(AstorCoreEngine.java:152) - 
Solution details
[INFO ] fr.inria.astor.core.loop.AstorCoreEngine.showResults(AstorCoreEngine.java:153) - 
 --SOLUTIONS DESCRIPTION--

 ----
ProgramVariant 540
 
time(sec)= 1924
operation: InsertBeforeOp
location= org.apache.commons.math.analysis.solvers.BracketingNthOrderBrentSolver
line= 150
lineSuspiciousness= 0.139
original statement= x[2] = getMax()
fixed statement= if (org.apache.commons.math.util.Precision.equals(y[2], 0.0, 1)) {
	return x[2];
} 
generation= 270
ingredientScope= LOCAL
validation=
failing: |true|0|2|[]|
manual_regression: |false|21|3057|[testFasterThanNewton(org.apache.commons.math.analysis.solvers.BracketingNthOrderBrentSolverTest): expected:<6.308777129972689> but was:<0.0>-, testConvergenceOnFunctionAccuracy(org.apache.commons.math.analysis.solvers.BracketingNthOrderBrentSolverTest): null-, testBadEndpoints(org.apache.commons.math.analysis.solvers.BracketingNthOrderBrentSolverTest): Expecting NumberIsTooLargeException - bad interval-, testRootEndpoints(org.apache.commons.math.analysis.solvers.BracketingNthOrderBrentSolverTest): expected:<5.0> but was:<0.0>-, testQuinticZero(org.apache.commons.math.analysis.solvers.BracketingNthOrderBrentSolverTest): expected:<0.0> but was:<0.5>-, testSinZero(org.apache.commons.math.analysis.solvers.BracketingNthOrderBrentSolverTest): expected:<0.0> but was:<3.141592653589793>-, testMissedEndEvent(org.apache.commons.math.ode.nonstiff.ClassicalRungeKuttaIntegratorTest): expected:<1.8782503799999986E9> but was:<0.0>-, testDecreasingSteps(org.apache.commons.math.ode.nonstiff.ClassicalRungeKuttaIntegratorTest): null-, testEvents(org.apache.commons.math.ode.nonstiff.DormandPrince54IntegratorTest): null-, testMissedEndEvent(org.apache.commons.math.ode.nonstiff.DormandPrince853IntegratorTest): expected:<1.8782503799999986E9> but was:<0.0>-, testUnstableDerivative(org.apache.commons.math.ode.nonstiff.DormandPrince853IntegratorTest): expected:<8.0> but was:<10.000000000000004>-, ...and 11 failures more, testEvents(org.apache.commons.math.ode.nonstiff.DormandPrince853IntegratorTest): expected:<0.0> but was:<10688.170645519922>-, ...and 11 failures more, testDecreasingSteps(org.apache.commons.math.ode.nonstiff.EulerIntegratorTest): null-, ...and 11 failures more, testDecreasingSteps(org.apache.commons.math.ode.nonstiff.GillIntegratorTest): null-, ...and 11 failures more, testUnstableDerivative(org.apache.commons.math.ode.nonstiff.GillIntegratorTest): expected:<8.0> but was:<9.999999999999998>-, ...and 11 failures more, testUnstableDerivative(org.apache.commons.math.ode.nonstiff.GraggBulirschStoerIntegratorTest): expected:<8.0> but was:<10.000000000000002>-, ...and 11 failures more, testEvents(org.apache.commons.math.ode.nonstiff.GraggBulirschStoerIntegratorTest): null-, ...and 11 failures more, testEvents(org.apache.commons.math.ode.nonstiff.HighamHall54IntegratorTest): null-, ...and 11 failures more, testEventsNoConvergence(org.apache.commons.math.ode.nonstiff.HighamHall54IntegratorTest): an exception should have been thrown-, ...and 11 failures more, testDecreasingSteps(org.apache.commons.math.ode.nonstiff.MidpointIntegratorTest): null-, ...and 11 failures more, testDecreasingSteps(org.apache.commons.math.ode.nonstiff.ThreeEighthesIntegratorTest): null-, ...and 11 failures more]|
evo_regression: |false|17|27|[test14(org.apache.commons.math.analysis.solvers.BracketingNthOrderBrentSolver_ESTest): expected:<-502.6548245743669> but was:<0.0>-, test13(org.apache.commons.math.analysis.solvers.BracketingNthOrderBrentSolver_ESTest): expected:<1272.3450246953923> but was:<0.0>-, test16(org.apache.commons.math.analysis.solvers.BracketingNthOrderBrentSolver_ESTest): expected:<-1837.831702350029> but was:<0.0>-, test15(org.apache.commons.math.analysis.solvers.BracketingNthOrderBrentSolver_ESTest): expected:<-1363.451212265159> but was:<0.0>-, test10(org.apache.commons.math.analysis.solvers.BracketingNthOrderBrentSolver_ESTest): Expecting exception: IllegalStateException-, test12(org.apache.commons.math.analysis.solvers.BracketingNthOrderBrentSolver_ESTest): expected:<-2312.212193092579> but was:<0.0>-, test11(org.apache.commons.math.analysis.solvers.BracketingNthOrderBrentSolver_ESTest): expected:<1374.4460585612762> but was:<0.0>-, test18(org.apache.commons.math.analysis.solvers.BracketingNthOrderBrentSolver_ESTest): Expecting exception: IllegalArgumentException-, test03(org.apache.commons.math.analysis.solvers.BracketingNthOrderBrentSolver_ESTest): Expecting exception: IllegalStateException-, test25(org.apache.commons.math.analysis.solvers.BracketingNthOrderBrentSolver_ESTest): Expecting exception: NullPointerException-, test02(org.apache.commons.math.analysis.solvers.BracketingNthOrderBrentSolver_ESTest): expected:<-2494.4245669502957> but was:<0.0>-, ...and 7 failures more, test24(org.apache.commons.math.analysis.solvers.BracketingNthOrderBrentSolver_ESTest): Expecting exception: IllegalArgumentException-, ...and 7 failures more, test04(org.apache.commons.math.analysis.solvers.BracketingNthOrderBrentSolver_ESTest): Expecting exception: IllegalArgumentException-, ...and 7 failures more, test01(org.apache.commons.math.analysis.solvers.BracketingNthOrderBrentSolver_ESTest): expected:<992.7432785343676> but was:<0.0>-, ...and 7 failures more, test06(org.apache.commons.math.analysis.solvers.BracketingNthOrderBrentSolver_ESTest): Expecting exception: IllegalStateException-, ...and 7 failures more, test09(org.apache.commons.math.analysis.solvers.BracketingNthOrderBrentSolver_ESTest): Expecting exception: IllegalArgumentException-, ...and 7 failures more, test08(org.apache.commons.math.analysis.solvers.BracketingNthOrderBrentSolver_ESTest): Expecting exception: IllegalArgumentException-, ...and 7 failures more]|
 ----
ProgramVariant 700
 
time(sec)= 2694
operation: ReplaceOp
location= org.apache.commons.math.ode.AbstractIntegrator
line= 324
lineSuspiciousness= 0.171
original statement= isLastStep = currentEvent.stop()
fixed statement= statesInitialized = false
generation= 350
ingredientScope= LOCAL
validation=
failing: |true|0|2|[]|
manual_regression: |false|10|3057|[testOverlappingEvents0(org.apache.commons.math.ode.events.OverlappingEventsTest): expected:<9> but was:<1>-, testOverlappingEvents1(org.apache.commons.math.ode.events.OverlappingEventsTest): expected:<9> but was:<1>-, testDecreasingSteps(org.apache.commons.math.ode.nonstiff.ClassicalRungeKuttaIntegratorTest): null-, testEvents(org.apache.commons.math.ode.nonstiff.DormandPrince54IntegratorTest): function values at endpoints do not have different signs, endpoints: 5.083, 5.184, values: 0, 0.1-, testEvents(org.apache.commons.math.ode.nonstiff.DormandPrince853IntegratorTest): function values at endpoints do not have different signs, endpoints: 5.083, 5.523, values: 0, 0.426-, testDecreasingSteps(org.apache.commons.math.ode.nonstiff.GillIntegratorTest): null-, testEvents(org.apache.commons.math.ode.nonstiff.GraggBulirschStoerIntegratorTest): expected:<0.0> but was:<0.4250043067218172>-, testEvents(org.apache.commons.math.ode.nonstiff.HighamHall54IntegratorTest): null-, testDecreasingSteps(org.apache.commons.math.ode.nonstiff.MidpointIntegratorTest): function values at endpoints do not have different signs, endpoints: 1.937, 2.054, values: -0, -0.117-, testDecreasingSteps(org.apache.commons.math.ode.nonstiff.ThreeEighthesIntegratorTest): null-]|
evo_regression: |true|0|33|[]|
 ----
ProgramVariant 1516
 
time(sec)= 5423
operation: InsertAfterOp
location= org.apache.commons.math.ode.nonstiff.EmbeddedRungeKuttaIntegrator
line= 311
lineSuspiciousness= 0.1
original statement= final double scaledH = (stepSize) * factor
fixed statement= setStateInitialized(false)
generation= 758
ingredientScope= PACKAGE
validation=
failing: |true|0|2|[]|
manual_regression: |false|2|3057|[testEvents(org.apache.commons.math.ode.nonstiff.DormandPrince54IntegratorTest): function values at endpoints do not have different signs, endpoints: 5.083, 5.184, values: 0, 0.1-, testEvents(org.apache.commons.math.ode.nonstiff.DormandPrince853IntegratorTest): function values at endpoints do not have different signs, endpoints: 5.083, 5.523, values: 0, 0.426-]|
evo_regression: |true|0|17|[]|
 ----
ProgramVariant 2354
 
time(sec)= 7251
operation: ReplaceOp
location= org.apache.commons.math.analysis.solvers.BracketingNthOrderBrentSolver
line= 386
lineSuspiciousness= 0.158
original statement= return super.solve(maxEval, f, min, max)
fixed statement= return maximalOrder
generation= 1177
ingredientScope= LOCAL
validation=
failing: |true|0|2|[]|
manual_regression: |false|14|3057|[testSolutionAboveSide(org.apache.commons.math.analysis.solvers.BracketingNthOrderBrentSolverTest): null-, testSolutionLeftSide(org.apache.commons.math.analysis.solvers.BracketingNthOrderBrentSolverTest): null-, testMissedEndEvent(org.apache.commons.math.ode.nonstiff.ClassicalRungeKuttaIntegratorTest): expected:<1.8782503799999986E9> but was:<5.0>-, testEvents(org.apache.commons.math.ode.nonstiff.DormandPrince54IntegratorTest): null-, testMissedEndEvent(org.apache.commons.math.ode.nonstiff.DormandPrince853IntegratorTest): expected:<1.8782503799999986E9> but was:<5.0>-, testUnstableDerivative(org.apache.commons.math.ode.nonstiff.DormandPrince853IntegratorTest): expected:<8.0> but was:<5.000000000000002>-, testEvents(org.apache.commons.math.ode.nonstiff.DormandPrince853IntegratorTest): expected:<0.0> but was:<382.2371154113499>-, testDecreasingSteps(org.apache.commons.math.ode.nonstiff.EulerIntegratorTest): null-, testUnstableDerivative(org.apache.commons.math.ode.nonstiff.GillIntegratorTest): expected:<8.0> but was:<4.999999999999996>-, testUnstableDerivative(org.apache.commons.math.ode.nonstiff.GraggBulirschStoerIntegratorTest): expected:<8.0> but was:<5.000000000000001>-, testEvents(org.apache.commons.math.ode.nonstiff.GraggBulirschStoerIntegratorTest): null-, ...and 4 failures more, testEvents(org.apache.commons.math.ode.nonstiff.HighamHall54IntegratorTest): null-, ...and 4 failures more, testEventsNoConvergence(org.apache.commons.math.ode.nonstiff.HighamHall54IntegratorTest): an exception should have been thrown-, ...and 4 failures more, testDecreasingSteps(org.apache.commons.math.ode.nonstiff.MidpointIntegratorTest): null-, ...and 4 failures more]|
evo_regression: |false|14|27|[test14(org.apache.commons.math.analysis.solvers.BracketingNthOrderBrentSolver_ESTest): expected:<-502.6548245743669> but was:<29.0>-, test13(org.apache.commons.math.analysis.solvers.BracketingNthOrderBrentSolver_ESTest): expected:<693.8233676248499> but was:<0.0>-, test10(org.apache.commons.math.analysis.solvers.BracketingNthOrderBrentSolver_ESTest): endpoints do not specify an interval: 0, 0-, test12(org.apache.commons.math.analysis.solvers.BracketingNthOrderBrentSolver_ESTest): expected:<-2312.212193092579> but was:<5.0>-, test11(org.apache.commons.math.analysis.solvers.BracketingNthOrderBrentSolver_ESTest): expected:<1374.4460585612762> but was:<5.0>-, test18(org.apache.commons.math.analysis.solvers.BracketingNthOrderBrentSolver_ESTest): Expecting exception: IllegalArgumentException-, test17(org.apache.commons.math.analysis.solvers.BracketingNthOrderBrentSolver_ESTest): expected:<0.0> but was:<29.0>-, test19(org.apache.commons.math.analysis.solvers.BracketingNthOrderBrentSolver_ESTest): expected:<0.0> but was:<29.0>-, test03(org.apache.commons.math.analysis.solvers.BracketingNthOrderBrentSolver_ESTest): Expecting exception: IllegalStateException-, test25(org.apache.commons.math.analysis.solvers.BracketingNthOrderBrentSolver_ESTest): Expecting exception: NullPointerException-, test02(org.apache.commons.math.analysis.solvers.BracketingNthOrderBrentSolver_ESTest): endpoints do not specify an interval: 0, 0-, ...and 4 failures more, test05(org.apache.commons.math.analysis.solvers.BracketingNthOrderBrentSolver_ESTest): Expecting exception: NegativeArraySizeException-, ...and 4 failures more, test04(org.apache.commons.math.analysis.solvers.BracketingNthOrderBrentSolver_ESTest): Expecting exception: IllegalArgumentException-, ...and 4 failures more, test01(org.apache.commons.math.analysis.solvers.BracketingNthOrderBrentSolver_ESTest): endpoints do not specify an interval: 0, 0-, ...and 4 failures more]|
[INFO ] fr.inria.main.evolution.AstorMain.run(AstorMain.java:397) - Time Total(s): 7594.774


Node: grisou-10.nancy.grid5000.fr


Date: Mon Jan 16 01:00:56 CET 2017

removed classes 

zipped 

copied zip 


