seed AstorRun 30 
export PATH="/home/mmartinez/defects4j/framework/bin:$PATH";export JAVA_TOOL_OPTIONS=-Dfile.encoding=UTF8;export PATH="/usr/lib/jvm/java-1.7.0-openjdk-amd64/bin/:$PATH";cd /home/mmartinez/projects/math/math_40;defects4j compile;cp -r /home/mmartinez/projects/math/math_40 /tmp/math_40_Genprog_local_s1;cd /tmp/math_40_Genprog_local_s1;mkdir lib/;cp -r /home/mmartinez/defects4j/framework/projects/lib/* lib/;cp -r /home/mmartinez/defects4j/framework/projects/Math/lib/* lib/;find . -type f -name "package-info.java" -delete;
/home/mmartinez/defects4j-repair/src/python/core/../../../results/2016-june/Math/seed/30/package/40/Genprog/result
cd /tmp/math_40_Genprog_local_s1;export JAVA_TOOL_OPTIONS=-Dfile.encoding=UTF8;TZ="America/New_York"; export TZexport PATH="/usr/lib/jvm/java-1.7.0-openjdk-amd64/bin/:$PATH";time /home/mmartinez/jdk1.8.0_45/bin//java -Xmx4096m -cp /home/mmartinez/defects4j-repair/src/python/core/../../..//libs/astor.jar fr.inria.main.evolution.MainjGenProg -mode statement -location . -id Math -dependencies lib/ -failing org.apache.commons.math.analysis.solvers.BracketingNthOrderBrentSolverTest: -package org.apache.commons -jvm4testexecution /usr/lib/jvm/java-1.7.0-openjdk-amd64/bin/ -jvm4evosuitetestexecution /home/mmartinez/jdk1.8.0_45/bin/ -javacompliancelevel 5 -maxgen 1000000 -seed 30 -scope package -maxtime 120  -stopfirst false -population 1 -srcjavafolder src/main/java/ -srctestfolder src/test/java/ -binjavafolder target/classes/ -bintestfolder target/test-classes/ -flthreshold 0.1  -validation  fr.inria.astor.core.validation.validators.RegressionValidation  -ESParameters -Dassertion_timeout=1800:-Dminimization_timeout=1800:-Djunit_check_timeout=1800:-Dwrite_junit_timeout=300:-Dinitialization_timeout=300:-Dglobal_timeout=18000:-Dsearch_budget=100000:-Dstopping_condition=MaxStatements:-Dno_runtime_dependency=true:-Dsandbox=false:-Dp_reflection_on_private=0.0:-Dreflection_start_percent=1.0:-Dp_functional_mocking=0.0:-Dfunctional_mocking_percent=1.0:-mem=2000 -testbystep  -ignoredtestcases org.apache.commons.lang.LocaleUtilsTest  -excludeRegression  -maxgen 100000000 ;echo "

Node: `hostname`
";echo "
Date: `date`
"; find /tmp/math_40_Genprog_local_s1/outputMutation -name "*.class" -type f -delete;echo "removed classes 
"; find . -name bin  -type d -print0|xargs -0 rm -r --; zip -r -q out.zip /tmp/math_40_Genprog_local_s1/outputMutation; echo "zipped 
";cp out.zip /home/mmartinez/defects4j-repair/src/python/core/../../../results/2016-june/Math/seed/30/package/40/Genprog; echo "copied zip 
";rm -rf /tmp/math_40_Genprog_local_s1;

[DEBUG] fr.inria.astor.core.loop.AstorCoreEngine.showResults(AstorCoreEngine.java:136) - End Repair Loops: Found solution
[DEBUG] fr.inria.astor.core.loop.AstorCoreEngine.showResults(AstorCoreEngine.java:137) - Solution stored at: /tmp/math_40_Genprog_local_s1/./outputMutation/AstorMain-Math//src/
[DEBUG] fr.inria.astor.core.loop.AstorCoreEngine.showResults(AstorCoreEngine.java:142) - 
Number solutions:4
[DEBUG] fr.inria.astor.core.loop.AstorCoreEngine.showResults(AstorCoreEngine.java:144) - f (sol): 4.0, [Variant id: 372 (SOL) , #gens: 84, #ops: 1, parent:371]
[DEBUG] fr.inria.astor.core.loop.AstorCoreEngine.showResults(AstorCoreEngine.java:144) - f (sol): 1.0, [Variant id: 450 (SOL) , #gens: 86, #ops: 1, parent:449]
[DEBUG] fr.inria.astor.core.loop.AstorCoreEngine.showResults(AstorCoreEngine.java:144) - f (sol): 2.0, [Variant id: 886 (SOL) , #gens: 84, #ops: 1, parent:885]
[DEBUG] fr.inria.astor.core.loop.AstorCoreEngine.showResults(AstorCoreEngine.java:144) - f (sol): 6.0, [Variant id: 1012 (SOL) , #gens: 86, #ops: 1, parent:1011]
[DEBUG] fr.inria.astor.core.loop.AstorCoreEngine.showResults(AstorCoreEngine.java:146) - 
All variants:
[DEBUG] fr.inria.astor.core.loop.AstorCoreEngine.showResults(AstorCoreEngine.java:148) - f 1.0, [Variant id: 1245, #gens: 85, #ops: 0, parent:-]
[INFO ] fr.inria.astor.core.loop.AstorCoreEngine.showResults(AstorCoreEngine.java:152) - 
Solution details
[INFO ] fr.inria.astor.core.loop.AstorCoreEngine.showResults(AstorCoreEngine.java:153) - 
 --SOLUTIONS DESCRIPTION--

 ----
ProgramVariant 372
 
time(sec)= 2752
operation: RemoveOp
location= org.apache.commons.math.util.Incrementor
line= 151
lineSuspiciousness= 0.167
original statement= maxCountCallback.trigger(maximalCount)
fixed statement= 
generation= 186
ingredientScope= -
validation=
failing: |true|0|15|[]|
evo_regression: |false|4|13|[test03(org.apache.commons.math.util.Incrementor_ESTest): Expecting exception: NullPointerException-, test04(org.apache.commons.math.util.Incrementor_ESTest): Expecting exception: IllegalStateException-, test10(org.apache.commons.math.util.Incrementor_ESTest): Expecting exception: IllegalStateException-, test06(org.apache.commons.math.util.Incrementor_ESTest): Expecting exception: NullPointerException-]|
 ----
ProgramVariant 450
 
time(sec)= 3511
operation: InsertAfterOp
location= org.apache.commons.math.analysis.solvers.BracketingNthOrderBrentSolver
line= 299
lineSuspiciousness= 0.162
original statement= if (nbPoints == (x.length)) {
	nbPoints--;
	if (signChangeIndex >= (((x.length) + 1) / 2)) {
		java.lang.System.arraycopy(x, 1, x, 0, nbPoints);
		java.lang.System.arraycopy(y, 1, y, 0, nbPoints);
		--signChangeIndex;
	} 
} 
fixed statement= signChangeIndex = 2
generation= 225
ingredientScope= LOCAL
validation=
failing: |true|0|15|[]|
manual_regression: |true|0|3135|[]|
evo_regression: |false|1|27|[test14(org.apache.commons.math.analysis.solvers.BracketingNthOrderBrentSolver_ESTest): expected:<656.5928645986768> but was:<650.3096792860293>-]|
 ----
ProgramVariant 886
 
time(sec)= 6123
operation: RemoveOp
location= org.apache.commons.math.util.Incrementor
line= 65
lineSuspiciousness= 0.171
original statement= throw new org.apache.commons.math.exception.MaxCountExceededException(max)
fixed statement= 
generation= 443
ingredientScope= -
validation=
failing: |true|0|15|[]|
evo_regression: |false|2|13|[test04(org.apache.commons.math.util.Incrementor_ESTest): Expecting exception: IllegalStateException-, test10(org.apache.commons.math.util.Incrementor_ESTest): Expecting exception: IllegalStateException-]|
 ----
ProgramVariant 1012
 
time(sec)= 6622
operation: InsertBeforeOp
location= org.apache.commons.math.analysis.solvers.BracketingNthOrderBrentSolver
line= 246
lineSuspiciousness= 0.141
original statement= int start = 0
fixed statement= signChangeIndex = 2
generation= 506
ingredientScope= LOCAL
validation=
failing: |true|0|15|[]|
manual_regression: |true|0|3135|[]|
evo_regression: |false|6|27|[test14(org.apache.commons.math.analysis.solvers.BracketingNthOrderBrentSolver_ESTest): expected:<656.5928645986768> but was:<650.3096792860293>-, test15(org.apache.commons.math.analysis.solvers.BracketingNthOrderBrentSolver_ESTest): expected:<1121.548577342052> but was:<1297.4777659326205>-, test10(org.apache.commons.math.analysis.solvers.BracketingNthOrderBrentSolver_ESTest): expected:<354.99996984557794> but was:<405.2654523130833>-, test12(org.apache.commons.math.analysis.solvers.BracketingNthOrderBrentSolver_ESTest): expected:<1564.5131414877258> but was:<1419.9998800728065>-, test20(org.apache.commons.math.analysis.solvers.BracketingNthOrderBrentSolver_ESTest): expected:<606.327382123527> but was:<631.4601234022067>-, test00(org.apache.commons.math.analysis.solvers.BracketingNthOrderBrentSolver_ESTest): expected:<1330.4644887970596> but was:<1324.1813034987215>-]|
[INFO ] fr.inria.main.evolution.AstorMain.run(AstorMain.java:397) - Time Total(s): 7628.689


Node: grimoire-2.nancy.grid5000.fr


Date: Sun Jan 29 14:17:05 CET 2017

removed classes 

zipped 

copied zip 


