seed AstorRun 27 
export PATH="/home/mmartinez/defects4j/framework/bin:$PATH";export JAVA_TOOL_OPTIONS=-Dfile.encoding=UTF8;export PATH="/usr/lib/jvm/java-1.7.0-openjdk-amd64/bin/:$PATH";cd /home/mmartinez/projects/math/math_44;defects4j compile;cp -r /home/mmartinez/projects/math/math_44 /tmp/math_44_Genprog_local_s1;cd /tmp/math_44_Genprog_local_s1;mkdir lib/;cp -r /home/mmartinez/defects4j/framework/projects/lib/* lib/;cp -r /home/mmartinez/defects4j/framework/projects/Math/lib/* lib/;find . -type f -name "package-info.java" -delete;
/home/mmartinez/defects4j-repair/src/python/core/../../../results/2016-june/Math/seed/27/package/44/Genprog/result
cd /tmp/math_44_Genprog_local_s1;export JAVA_TOOL_OPTIONS=-Dfile.encoding=UTF8;TZ="America/New_York"; export TZexport PATH="/usr/lib/jvm/java-1.7.0-openjdk-amd64/bin/:$PATH";time /home/mmartinez/jdk1.8.0_45/bin//java -Xmx4096m -cp /home/mmartinez/defects4j-repair/src/python/core/../../..//libs/astor.jar fr.inria.main.evolution.MainjGenProg -mode statement -location . -id Math -dependencies lib/ -failing org.apache.commons.math.ode.events.EventStateTest: -package org.apache.commons -jvm4testexecution /usr/lib/jvm/java-1.7.0-openjdk-amd64/bin/ -jvm4evosuitetestexecution /home/mmartinez/jdk1.8.0_45/bin/ -javacompliancelevel 5 -maxgen 1000000 -seed 27 -scope package -maxtime 120  -stopfirst false -population 1 -srcjavafolder src/main/java/ -srctestfolder src/test/java/ -binjavafolder target/classes/ -bintestfolder target/test-classes/ -flthreshold 0.1  -validation  fr.inria.astor.core.validation.validators.RegressionValidation  -ESParameters -Dassertion_timeout=1800:-Dminimization_timeout=1800:-Djunit_check_timeout=1800:-Dwrite_junit_timeout=300:-Dinitialization_timeout=300:-Dglobal_timeout=18000:-Dsearch_budget=100000:-Dstopping_condition=MaxStatements:-Dno_runtime_dependency=true:-Dsandbox=false:-Dp_reflection_on_private=0.0:-Dreflection_start_percent=1.0:-Dp_functional_mocking=0.0:-Dfunctional_mocking_percent=1.0:-mem=2000 -testbystep  -ignoredtestcases org.apache.commons.lang.LocaleUtilsTest  -excludeRegression  -maxgen 100000000 ;echo "

Node: `hostname`
";echo "
Date: `date`
"; find /tmp/math_44_Genprog_local_s1/outputMutation -name "*.class" -type f -delete;echo "removed classes 
"; find . -name bin  -type d -print0|xargs -0 rm -r --; zip -r -q out.zip /tmp/math_44_Genprog_local_s1/outputMutation; echo "zipped 
";cp out.zip /home/mmartinez/defects4j-repair/src/python/core/../../../results/2016-june/Math/seed/27/package/44/Genprog; echo "copied zip 
";rm -rf /tmp/math_44_Genprog_local_s1;

[DEBUG] fr.inria.astor.core.loop.AstorCoreEngine.showResults(AstorCoreEngine.java:136) - End Repair Loops: Found solution
[DEBUG] fr.inria.astor.core.loop.AstorCoreEngine.showResults(AstorCoreEngine.java:137) - Solution stored at: /tmp/math_44_Genprog_local_s1/./outputMutation/AstorMain-Math//src/
[DEBUG] fr.inria.astor.core.loop.AstorCoreEngine.showResults(AstorCoreEngine.java:142) - 
Number solutions:4
[DEBUG] fr.inria.astor.core.loop.AstorCoreEngine.showResults(AstorCoreEngine.java:144) - f (sol): 5.0, [Variant id: 444 (SOL) , #gens: 221, #ops: 1, parent:443]
[DEBUG] fr.inria.astor.core.loop.AstorCoreEngine.showResults(AstorCoreEngine.java:144) - f (sol): 26.0, [Variant id: 500 (SOL) , #gens: 220, #ops: 1, parent:499]
[DEBUG] fr.inria.astor.core.loop.AstorCoreEngine.showResults(AstorCoreEngine.java:144) - f (sol): 5.0, [Variant id: 856 (SOL) , #gens: 221, #ops: 1, parent:855]
[DEBUG] fr.inria.astor.core.loop.AstorCoreEngine.showResults(AstorCoreEngine.java:144) - f (sol): 15.0, [Variant id: 1004 (SOL) , #gens: 221, #ops: 1, parent:1003]
[DEBUG] fr.inria.astor.core.loop.AstorCoreEngine.showResults(AstorCoreEngine.java:146) - 
All variants:
[DEBUG] fr.inria.astor.core.loop.AstorCoreEngine.showResults(AstorCoreEngine.java:148) - f 1.0, [Variant id: 2061, #gens: 220, #ops: 0, parent:-]
[INFO ] fr.inria.astor.core.loop.AstorCoreEngine.showResults(AstorCoreEngine.java:152) - 
Solution details
[INFO ] fr.inria.astor.core.loop.AstorCoreEngine.showResults(AstorCoreEngine.java:153) - 
 --SOLUTIONS DESCRIPTION--

 ----
ProgramVariant 444
 
time(sec)= 1591
operation: InsertBeforeOp
location= org.apache.commons.math.ode.nonstiff.DormandPrince853Integrator
line= 283
lineSuspiciousness= 0.136
original statement= return ((org.apache.commons.math.util.FastMath.abs(h)) * error1) / (org.apache.commons.math.util.FastMath.sqrt(((mainSetDimension) * den)))
fixed statement= setStateInitialized(false)
generation= 222
ingredientScope= PACKAGE
validation=
failing: |true|0|2|[]|
manual_regression: |false|5|3057|[testEvents(org.apache.commons.math.ode.nonstiff.DormandPrince853IntegratorTest): function values at endpoints do not have different signs, endpoints: 5.083, 5.523, values: 0, 0.426-]|
evo_regression: |true|0|5|[]|
 ----
ProgramVariant 500
 
time(sec)= 2701
operation: ReplaceOp
location= org.apache.commons.math.analysis.solvers.BracketingNthOrderBrentSolver
line= 386
lineSuspiciousness= 0.158
original statement= return super.solve(maxEval, f, min, max)
fixed statement= return maximalOrder
generation= 250
ingredientScope= LOCAL
validation=
failing: |true|0|2|[]|
manual_regression: |false|14|3057|[testSolutionAboveSide(org.apache.commons.math.analysis.solvers.BracketingNthOrderBrentSolverTest): null-, testSolutionLeftSide(org.apache.commons.math.analysis.solvers.BracketingNthOrderBrentSolverTest): null-, testMissedEndEvent(org.apache.commons.math.ode.nonstiff.ClassicalRungeKuttaIntegratorTest): expected:<1.8782503799999986E9> but was:<5.0>-, testEvents(org.apache.commons.math.ode.nonstiff.DormandPrince54IntegratorTest): null-, testMissedEndEvent(org.apache.commons.math.ode.nonstiff.DormandPrince853IntegratorTest): expected:<1.8782503799999986E9> but was:<5.0>-, testUnstableDerivative(org.apache.commons.math.ode.nonstiff.DormandPrince853IntegratorTest): expected:<8.0> but was:<5.000000000000002>-, testEvents(org.apache.commons.math.ode.nonstiff.DormandPrince853IntegratorTest): expected:<0.0> but was:<382.2371154113499>-, testDecreasingSteps(org.apache.commons.math.ode.nonstiff.EulerIntegratorTest): null-, testUnstableDerivative(org.apache.commons.math.ode.nonstiff.GillIntegratorTest): expected:<8.0> but was:<4.999999999999996>-, testUnstableDerivative(org.apache.commons.math.ode.nonstiff.GraggBulirschStoerIntegratorTest): expected:<8.0> but was:<5.000000000000001>-, testEvents(org.apache.commons.math.ode.nonstiff.GraggBulirschStoerIntegratorTest): null-, testEvents(org.apache.commons.math.ode.nonstiff.HighamHall54IntegratorTest): null-, testEventsNoConvergence(org.apache.commons.math.ode.nonstiff.HighamHall54IntegratorTest): an exception should have been thrown-, testDecreasingSteps(org.apache.commons.math.ode.nonstiff.MidpointIntegratorTest): null-]|
evo_regression: |false|12|29|[test14(org.apache.commons.math.analysis.solvers.BracketingNthOrderBrentSolver_ESTest): expected:<-2076.5927440129467> but was:<5.0>-, test15(org.apache.commons.math.analysis.solvers.BracketingNthOrderBrentSolver_ESTest): endpoints do not specify an interval: 0, 0-, test11(org.apache.commons.math.analysis.solvers.BracketingNthOrderBrentSolver_ESTest): expected:<0.0> but was:<4012.0>-, test18(org.apache.commons.math.analysis.solvers.BracketingNthOrderBrentSolver_ESTest): Expecting exception: NullPointerException-, test19(org.apache.commons.math.analysis.solvers.BracketingNthOrderBrentSolver_ESTest): expected:<0.0> but was:<2060.0>-, test03(org.apache.commons.math.analysis.solvers.BracketingNthOrderBrentSolver_ESTest): Expecting exception: IllegalArgumentException-, test25(org.apache.commons.math.analysis.solvers.BracketingNthOrderBrentSolver_ESTest): expected:<15> but was:<0>-, test02(org.apache.commons.math.analysis.solvers.BracketingNthOrderBrentSolver_ESTest): Expecting exception: IllegalStateException-, test27(org.apache.commons.math.analysis.solvers.BracketingNthOrderBrentSolver_ESTest): expected:<807.3893119725769> but was:<4012.0>-, test21(org.apache.commons.math.analysis.solvers.BracketingNthOrderBrentSolver_ESTest): endpoints do not specify an interval: 0, 0-, test23(org.apache.commons.math.analysis.solvers.BracketingNthOrderBrentSolver_ESTest): Expecting exception: IllegalArgumentException-, ...and 2 failures more, test00(org.apache.commons.math.analysis.solvers.BracketingNthOrderBrentSolver_ESTest): endpoints do not specify an interval: 0, 0-, ...and 2 failures more]|
 ----
ProgramVariant 856
 
time(sec)= 3691
operation: InsertBeforeOp
location= org.apache.commons.math.ode.nonstiff.DormandPrince853Integrator
line= 278
lineSuspiciousness= 0.136
original statement= double den = error1 + (0.01 * error2)
fixed statement= setStateInitialized(false)
generation= 428
ingredientScope= PACKAGE
validation=
failing: |true|0|2|[]|
manual_regression: |false|5|3057|[testEvents(org.apache.commons.math.ode.nonstiff.DormandPrince853IntegratorTest): function values at endpoints do not have different signs, endpoints: 5.083, 5.523, values: 0, 0.426-]|
evo_regression: |true|0|5|[]|
 ----
ProgramVariant 1004
 
time(sec)= 4563
operation: InsertAfterOp
location= org.apache.commons.math.ode.AbstractIntegrator
line= 321
lineSuspiciousness= 0.171
original statement= interpolator.setInterpolatedTime(eventT)
fixed statement= statesInitialized = false
generation= 502
ingredientScope= LOCAL
validation=
failing: |true|0|2|[]|
manual_regression: |false|15|3057|[testEvents(org.apache.commons.math.ode.nonstiff.DormandPrince54IntegratorTest): function values at endpoints do not have different signs, endpoints: 5.083, 5.184, values: 0, 0.1-, testEvents(org.apache.commons.math.ode.nonstiff.DormandPrince853IntegratorTest): function values at endpoints do not have different signs, endpoints: 5.083, 5.523, values: 0, 0.426-, testDecreasingSteps(org.apache.commons.math.ode.nonstiff.MidpointIntegratorTest): function values at endpoints do not have different signs, endpoints: 1.937, 2.054, values: -0, -0.117-]|
evo_regression: |false|0|0|[]|
[INFO ] fr.inria.main.evolution.AstorMain.run(AstorMain.java:397) - Time Total(s): 7597.026


Node: grisou-13.nancy.grid5000.fr


Date: Sat Jan 28 17:48:41 CET 2017

removed classes 

zipped 

copied zip 


