seed AstorRun 23 
export PATH="/home/mmartinez/defects4j/framework/bin:$PATH";export JAVA_TOOL_OPTIONS=-Dfile.encoding=UTF8;export PATH="/usr/lib/jvm/java-1.7.0-openjdk-amd64/bin/:$PATH";cd /home/mmartinez/projects/math/math_28;defects4j compile;cp -r /home/mmartinez/projects/math/math_28 /tmp/math_28_Genprog_local_s1;cd /tmp/math_28_Genprog_local_s1;mkdir lib/;cp -r /home/mmartinez/defects4j/framework/projects/lib/* lib/;cp -r /home/mmartinez/defects4j/framework/projects/Math/lib/* lib/;find . -type f -name "package-info.java" -delete;
/home/mmartinez/defects4j-repair/src/python/core/../../../results/2016-june/Math/seed/23/package/28/Genprog/result
cd /tmp/math_28_Genprog_local_s1;export JAVA_TOOL_OPTIONS=-Dfile.encoding=UTF8;TZ="America/New_York"; export TZexport PATH="/usr/lib/jvm/java-1.7.0-openjdk-amd64/bin/:$PATH";time /home/mmartinez/jdk1.8.0_45/bin//java -Xmx4096m -cp /home/mmartinez/defects4j-repair/src/python/core/../../..//libs/astor.jar fr.inria.main.evolution.MainjGenProg -mode statement -location . -id Math -dependencies lib/ -failing org.apache.commons.math3.optimization.linear.SimplexSolverTest: -package org.apache.commons -jvm4testexecution /usr/lib/jvm/java-1.7.0-openjdk-amd64/bin/ -jvm4evosuitetestexecution /home/mmartinez/jdk1.8.0_45/bin/ -javacompliancelevel 5 -maxgen 1000000 -seed 23 -scope package -maxtime 120  -stopfirst false -population 1 -srcjavafolder src/main/java/ -srctestfolder src/test/java/ -binjavafolder target/classes/ -bintestfolder target/test-classes/ -flthreshold 0.1  -validation  fr.inria.astor.core.validation.validators.RegressionValidation  -ESParameters -Dassertion_timeout=1800:-Dminimization_timeout=1800:-Djunit_check_timeout=1800:-Dwrite_junit_timeout=300:-Dinitialization_timeout=300:-Dglobal_timeout=18000:-Dsearch_budget=100000:-Dstopping_condition=MaxStatements:-Dno_runtime_dependency=true:-Dsandbox=false:-Dp_reflection_on_private=0.0:-Dreflection_start_percent=1.0:-Dp_functional_mocking=0.0:-Dfunctional_mocking_percent=1.0:-mem=2000 -ignoredtestcases org.apache.commons.lang.LocaleUtilsTest  -excludeRegression  -maxgen 100000000 ;echo "

Node: `hostname`
";echo "
Date: `date`
"; find /tmp/math_28_Genprog_local_s1/outputMutation -name "*.class" -type f -delete;echo "removed classes 
"; find . -name bin  -type d -print0|xargs -0 rm -r --; zip -r -q out.zip /tmp/math_28_Genprog_local_s1/outputMutation; echo "zipped 
";cp out.zip /home/mmartinez/defects4j-repair/src/python/core/../../../results/2016-june/Math/seed/23/package/28/Genprog; echo "copied zip 
";rm -rf /tmp/math_28_Genprog_local_s1;

[DEBUG] fr.inria.astor.core.loop.AstorCoreEngine.showResults(AstorCoreEngine.java:136) - End Repair Loops: Found solution
[DEBUG] fr.inria.astor.core.loop.AstorCoreEngine.showResults(AstorCoreEngine.java:137) - Solution stored at: /tmp/math_28_Genprog_local_s1/./outputMutation/AstorMain-Math//src/
[DEBUG] fr.inria.astor.core.loop.AstorCoreEngine.showResults(AstorCoreEngine.java:142) - 
Number solutions:16
[DEBUG] fr.inria.astor.core.loop.AstorCoreEngine.showResults(AstorCoreEngine.java:144) - f (sol): 0.0, [Variant id: 74 (SOL) , #gens: 217, #ops: 1, parent:73]
[DEBUG] fr.inria.astor.core.loop.AstorCoreEngine.showResults(AstorCoreEngine.java:144) - f (sol): 0.0, [Variant id: 138 (SOL) , #gens: 217, #ops: 1, parent:137]
[DEBUG] fr.inria.astor.core.loop.AstorCoreEngine.showResults(AstorCoreEngine.java:144) - f (sol): 0.0, [Variant id: 210 (SOL) , #gens: 217, #ops: 1, parent:209]
[DEBUG] fr.inria.astor.core.loop.AstorCoreEngine.showResults(AstorCoreEngine.java:144) - f (sol): 0.0, [Variant id: 362 (SOL) , #gens: 219, #ops: 1, parent:361]
[DEBUG] fr.inria.astor.core.loop.AstorCoreEngine.showResults(AstorCoreEngine.java:144) - f (sol): 0.0, [Variant id: 368 (SOL) , #gens: 217, #ops: 1, parent:367]
[DEBUG] fr.inria.astor.core.loop.AstorCoreEngine.showResults(AstorCoreEngine.java:144) - f (sol): 0.0, [Variant id: 394 (SOL) , #gens: 218, #ops: 1, parent:393]
[DEBUG] fr.inria.astor.core.loop.AstorCoreEngine.showResults(AstorCoreEngine.java:144) - f (sol): 0.0, [Variant id: 442 (SOL) , #gens: 217, #ops: 1, parent:441]
[DEBUG] fr.inria.astor.core.loop.AstorCoreEngine.showResults(AstorCoreEngine.java:144) - f (sol): 0.0, [Variant id: 490 (SOL) , #gens: 217, #ops: 1, parent:489]
[DEBUG] fr.inria.astor.core.loop.AstorCoreEngine.showResults(AstorCoreEngine.java:144) - f (sol): 0.0, [Variant id: 542 (SOL) , #gens: 217, #ops: 1, parent:541]
[DEBUG] fr.inria.astor.core.loop.AstorCoreEngine.showResults(AstorCoreEngine.java:144) - f (sol): 0.0, [Variant id: 564 (SOL) , #gens: 217, #ops: 1, parent:563]
[DEBUG] fr.inria.astor.core.loop.AstorCoreEngine.showResults(AstorCoreEngine.java:144) - f (sol): 0.0, [Variant id: 728 (SOL) , #gens: 217, #ops: 1, parent:727]
[DEBUG] fr.inria.astor.core.loop.AstorCoreEngine.showResults(AstorCoreEngine.java:144) - f (sol): 0.0, [Variant id: 1072 (SOL) , #gens: 217, #ops: 1, parent:1071]
[DEBUG] fr.inria.astor.core.loop.AstorCoreEngine.showResults(AstorCoreEngine.java:144) - f (sol): 0.0, [Variant id: 1122 (SOL) , #gens: 217, #ops: 1, parent:1121]
[DEBUG] fr.inria.astor.core.loop.AstorCoreEngine.showResults(AstorCoreEngine.java:144) - f (sol): 0.0, [Variant id: 1240 (SOL) , #gens: 217, #ops: 1, parent:1239]
[DEBUG] fr.inria.astor.core.loop.AstorCoreEngine.showResults(AstorCoreEngine.java:144) - f (sol): 0.0, [Variant id: 1254 (SOL) , #gens: 217, #ops: 1, parent:1253]
[DEBUG] fr.inria.astor.core.loop.AstorCoreEngine.showResults(AstorCoreEngine.java:144) - f (sol): 0.0, [Variant id: 1266 (SOL) , #gens: 217, #ops: 1, parent:1265]
[DEBUG] fr.inria.astor.core.loop.AstorCoreEngine.showResults(AstorCoreEngine.java:146) - 
All variants:
[DEBUG] fr.inria.astor.core.loop.AstorCoreEngine.showResults(AstorCoreEngine.java:148) - f 1.0, [Variant id: 1347, #gens: 218, #ops: 0, parent:-]
[INFO ] fr.inria.astor.core.loop.AstorCoreEngine.showResults(AstorCoreEngine.java:152) - 
Solution details
[INFO ] fr.inria.astor.core.loop.AstorCoreEngine.showResults(AstorCoreEngine.java:153) - 
 --SOLUTIONS DESCRIPTION--

 ----
ProgramVariant 74
 
time(sec)= 319
operation: RemoveOp
location= org.apache.commons.math3.optimization.linear.SimplexSolver
line= 120
lineSuspiciousness= 0.224
original statement= for (int i = 0 ; i < (tableau.getNumArtificialVariables()) ; i++) {
	int column = i + (tableau.getArtificialVariableOffset());
	final double entry = tableau.getEntry(row, column);
	if ((org.apache.commons.math3.util.Precision.equals(entry, 1.0, maxUlps)) && (row.equals(tableau.getBasicRow(column)))) {
		return row;
	} 
}
fixed statement= 
generation= 37
ingredientScope= -
validation=
failing: |true|0|26|[]|
manual_regression: |true|0|3917|[]|
evo_regression: |true|0|8|[]|
 ----
ProgramVariant 138
 
time(sec)= 691
operation: RemoveOp
location= org.apache.commons.math3.optimization.linear.SimplexSolver
line= 104
lineSuspiciousness= 0.224
original statement= minRatioPositions.add(i)
fixed statement= 
generation= 69
ingredientScope= -
validation=
failing: |true|0|26|[]|
manual_regression: |true|0|3917|[]|
evo_regression: |true|0|8|[]|
 ----
ProgramVariant 210
 
time(sec)= 951
operation: RemoveOp
location= org.apache.commons.math3.optimization.linear.SimplexSolver
line= 151
lineSuspiciousness= 0.354
original statement= return minRow
fixed statement= 
generation= 105
ingredientScope= -
validation=
failing: |true|0|26|[]|
manual_regression: |true|0|3917|[]|
evo_regression: |true|0|8|[]|
 ----
ProgramVariant 362
 
time(sec)= 1380
operation: InsertAfterOp
location= org.apache.commons.math3.optimization.linear.SimplexSolver
line= 146
lineSuspiciousness= 0.354
original statement= minRow = row
fixed statement= return minRatioPositions.get(0)
generation= 181
ingredientScope= LOCAL
validation=
failing: |true|0|26|[]|
manual_regression: |true|0|3917|[]|
evo_regression: |true|0|8|[]|
 ----
ProgramVariant 368
 
time(sec)= 1568
operation: RemoveOp
location= org.apache.commons.math3.optimization.linear.SimplexSolver
line= 124
lineSuspiciousness= 0.236
original statement= return row
fixed statement= 
generation= 184
ingredientScope= -
validation=
failing: |true|0|26|[]|
manual_regression: |true|0|3917|[]|
evo_regression: |true|0|8|[]|
 ----
ProgramVariant 394
 
time(sec)= 1921
operation: ReplaceOp
location= org.apache.commons.math3.optimization.linear.SimplexSolver
line= 124
lineSuspiciousness= 0.236
original statement= return row
fixed statement= return minRatioPositions.get(0)
generation= 197
ingredientScope= LOCAL
validation=
failing: |true|0|26|[]|
manual_regression: |true|0|3917|[]|
evo_regression: |true|0|8|[]|
 ----
ProgramVariant 442
 
time(sec)= 2829
operation: RemoveOp
location= org.apache.commons.math3.optimization.linear.SimplexSolver
line= 151
lineSuspiciousness= 0.354
original statement= return minRow
fixed statement= 
generation= 221
ingredientScope= -
validation=
failing: |true|0|26|[]|
manual_regression: |true|0|3917|[]|
evo_regression: |true|0|8|[]|
 ----
ProgramVariant 490
 
time(sec)= 3174
operation: RemoveOp
location= org.apache.commons.math3.optimization.linear.SimplexSolver
line= 120
lineSuspiciousness= 0.224
original statement= for (int i = 0 ; i < (tableau.getNumArtificialVariables()) ; i++) {
	int column = i + (tableau.getArtificialVariableOffset());
	final double entry = tableau.getEntry(row, column);
	if ((org.apache.commons.math3.util.Precision.equals(entry, 1.0, maxUlps)) && (row.equals(tableau.getBasicRow(column)))) {
		return row;
	} 
}
fixed statement= 
generation= 245
ingredientScope= -
validation=
failing: |true|0|26|[]|
manual_regression: |true|0|3917|[]|
evo_regression: |true|0|8|[]|
 ----
ProgramVariant 542
 
time(sec)= 3725
operation: RemoveOp
location= org.apache.commons.math3.optimization.linear.SimplexSolver
line= 145
lineSuspiciousness= 0.354
original statement= minIndex = i
fixed statement= 
generation= 271
ingredientScope= -
validation=
failing: |true|0|26|[]|
manual_regression: |true|0|3917|[]|
evo_regression: |true|0|8|[]|
 ----
ProgramVariant 564
 
time(sec)= 3950
operation: RemoveOp
location= org.apache.commons.math3.optimization.linear.SimplexSolver
line= 145
lineSuspiciousness= 0.354
original statement= minIndex = i
fixed statement= 
generation= 282
ingredientScope= -
validation=
failing: |true|0|26|[]|
manual_regression: |true|0|3917|[]|
evo_regression: |true|0|8|[]|
 ----
ProgramVariant 728
 
time(sec)= 4692
operation: RemoveOp
location= org.apache.commons.math3.optimization.linear.SimplexSolver
line= 123
lineSuspiciousness= 0.236
original statement= if ((org.apache.commons.math3.util.Precision.equals(entry, 1.0, maxUlps)) && (row.equals(tableau.getBasicRow(column)))) {
	return row;
} 
fixed statement= 
generation= 364
ingredientScope= -
validation=
failing: |true|0|26|[]|
manual_regression: |true|0|3917|[]|
evo_regression: |true|0|8|[]|
 ----
ProgramVariant 1072
 
time(sec)= 5682
operation: RemoveOp
location= org.apache.commons.math3.optimization.linear.SimplexSolver
line= 104
lineSuspiciousness= 0.224
original statement= minRatioPositions.add(i)
fixed statement= 
generation= 536
ingredientScope= -
validation=
failing: |true|0|26|[]|
manual_regression: |true|0|3917|[]|
evo_regression: |true|0|8|[]|
 ----
ProgramVariant 1122
 
time(sec)= 5912
operation: RemoveOp
location= org.apache.commons.math3.optimization.linear.SimplexSolver
line= 104
lineSuspiciousness= 0.224
original statement= minRatioPositions.add(i)
fixed statement= 
generation= 561
ingredientScope= -
validation=
failing: |true|0|26|[]|
manual_regression: |true|0|3917|[]|
evo_regression: |true|0|8|[]|
 ----
ProgramVariant 1240
 
time(sec)= 6342
operation: RemoveOp
location= org.apache.commons.math3.optimization.linear.SimplexSolver
line= 120
lineSuspiciousness= 0.224
original statement= for (int i = 0 ; i < (tableau.getNumArtificialVariables()) ; i++) {
	int column = i + (tableau.getArtificialVariableOffset());
	final double entry = tableau.getEntry(row, column);
	if ((org.apache.commons.math3.util.Precision.equals(entry, 1.0, maxUlps)) && (row.equals(tableau.getBasicRow(column)))) {
		return row;
	} 
}
fixed statement= 
generation= 620
ingredientScope= -
validation=
failing: |true|0|26|[]|
manual_regression: |true|0|3917|[]|
evo_regression: |true|0|8|[]|
 ----
ProgramVariant 1254
 
time(sec)= 6546
operation: RemoveOp
location= org.apache.commons.math3.optimization.linear.SimplexSolver
line= 124
lineSuspiciousness= 0.236
original statement= return row
fixed statement= 
generation= 627
ingredientScope= -
validation=
failing: |true|0|26|[]|
manual_regression: |true|0|3917|[]|
evo_regression: |true|0|8|[]|
 ----
ProgramVariant 1266
 
time(sec)= 6736
operation: RemoveOp
location= org.apache.commons.math3.optimization.linear.SimplexSolver
line= 151
lineSuspiciousness= 0.354
original statement= return minRow
fixed statement= 
generation= 633
ingredientScope= -
validation=
failing: |true|0|26|[]|
manual_regression: |true|0|3917|[]|
evo_regression: |true|0|8|[]|
[INFO ] fr.inria.main.evolution.AstorMain.run(AstorMain.java:397) - Time Total(s): 8336.074


Node: graphene-30.nancy.grid5000.fr


Date: Wed Jan 25 10:31:16 CET 2017

removed classes 

zipped 

copied zip 


