seed AstorRun 12 
export PATH="/home/mmartinez/defects4j/framework/bin:$PATH";export JAVA_TOOL_OPTIONS=-Dfile.encoding=UTF8;export PATH="/usr/lib/jvm/java-1.7.0-openjdk-amd64/bin/:$PATH";cd /home/mmartinez/projects/chart/chart_21;defects4j compile;cp -r /home/mmartinez/projects/chart/chart_21 /tmp/chart_21_Genprog_local_s1;cd /tmp/chart_21_Genprog_local_s1;mkdir lib/;cp -r /home/mmartinez/defects4j/framework/projects/lib/* lib/;cp -r /home/mmartinez/defects4j/framework/projects/Chart/lib/* lib/;find . -type f -name "package-info.java" -delete;
/home/mmartinez/defects4j-repair/src/python/core/../../../results/2016-june/Chart/seed/12/package/21/Genprog/result
cd /tmp/chart_21_Genprog_local_s1;export JAVA_TOOL_OPTIONS=-Dfile.encoding=UTF8;TZ="America/New_York"; export TZexport PATH="/usr/lib/jvm/java-1.7.0-openjdk-amd64/bin/:$PATH";time /home/mmartinez/jdk1.8.0_45/bin//java -Xmx4096m -cp /home/mmartinez/defects4j-repair/src/python/core/../../..//libs/astor.jar fr.inria.main.evolution.MainjGenProg -mode statement -location . -id Chart -dependencies lib/ -failing org.jfree.data.statistics.junit.DefaultBoxAndWhiskerCategoryDatasetTests: -package org.jfree -jvm4testexecution /usr/lib/jvm/java-1.7.0-openjdk-amd64/bin/ -jvm4evosuitetestexecution /home/mmartinez/jdk1.8.0_45/bin/ -javacompliancelevel 4 -maxgen 1000000 -seed 12 -scope package -maxtime 120  -stopfirst false -population 1 -srcjavafolder source/ -srctestfolder tests/ -binjavafolder build/ -bintestfolder build-tests/ -flthreshold 0.1  -validation  fr.inria.astor.core.validation.validators.RegressionValidation  -ESParameters -Dassertion_timeout=1800:-Dminimization_timeout=1800:-Djunit_check_timeout=1800:-Dwrite_junit_timeout=300:-Dinitialization_timeout=300:-Dglobal_timeout=18000:-Dsearch_budget=100000:-Dstopping_condition=MaxStatements:-Dno_runtime_dependency=true:-Dsandbox=false:-Dp_reflection_on_private=0.0:-Dreflection_start_percent=1.0:-Dp_functional_mocking=0.0:-Dfunctional_mocking_percent=1.0:-mem=2000 -ignoredtestcases org.apache.commons.lang.LocaleUtilsTest  -excludeRegression  -maxgen 100000000 ;echo "

Node: `hostname`
";echo "
Date: `date`
"; find /tmp/chart_21_Genprog_local_s1/outputMutation -name "*.class" -type f -delete;echo "removed classes 
"; find . -name bin  -type d -print0|xargs -0 rm -r --; zip -r -q out.zip /tmp/chart_21_Genprog_local_s1/outputMutation; echo "zipped 
";cp out.zip /home/mmartinez/defects4j-repair/src/python/core/../../../results/2016-june/Chart/seed/12/package/21/Genprog; echo "copied zip 
";rm -rf /tmp/chart_21_Genprog_local_s1;

[DEBUG] fr.inria.astor.core.loop.AstorCoreEngine.showResults(AstorCoreEngine.java:136) - End Repair Loops: Found solution
[DEBUG] fr.inria.astor.core.loop.AstorCoreEngine.showResults(AstorCoreEngine.java:137) - Solution stored at: /tmp/chart_21_Genprog_local_s1/./outputMutation/AstorMain-Chart//src/
[DEBUG] fr.inria.astor.core.loop.AstorCoreEngine.showResults(AstorCoreEngine.java:142) - 
Number solutions:23
[DEBUG] fr.inria.astor.core.loop.AstorCoreEngine.showResults(AstorCoreEngine.java:144) - f (sol): 4.0, [Variant id: 826 (SOL) , #gens: 68, #ops: 1, parent:825]
[DEBUG] fr.inria.astor.core.loop.AstorCoreEngine.showResults(AstorCoreEngine.java:144) - f (sol): 4.0, [Variant id: 986 (SOL) , #gens: 68, #ops: 1, parent:985]
[DEBUG] fr.inria.astor.core.loop.AstorCoreEngine.showResults(AstorCoreEngine.java:144) - f (sol): 4.0, [Variant id: 1554 (SOL) , #gens: 68, #ops: 1, parent:1553]
[DEBUG] fr.inria.astor.core.loop.AstorCoreEngine.showResults(AstorCoreEngine.java:144) - f (sol): 4.0, [Variant id: 1994 (SOL) , #gens: 68, #ops: 1, parent:1993]
[DEBUG] fr.inria.astor.core.loop.AstorCoreEngine.showResults(AstorCoreEngine.java:144) - f (sol): 4.0, [Variant id: 2220 (SOL) , #gens: 68, #ops: 1, parent:2219]
[DEBUG] fr.inria.astor.core.loop.AstorCoreEngine.showResults(AstorCoreEngine.java:144) - f (sol): 4.0, [Variant id: 2268 (SOL) , #gens: 68, #ops: 1, parent:2267]
[DEBUG] fr.inria.astor.core.loop.AstorCoreEngine.showResults(AstorCoreEngine.java:144) - f (sol): 4.0, [Variant id: 2554 (SOL) , #gens: 68, #ops: 1, parent:2553]
[DEBUG] fr.inria.astor.core.loop.AstorCoreEngine.showResults(AstorCoreEngine.java:144) - f (sol): 4.0, [Variant id: 3114 (SOL) , #gens: 68, #ops: 1, parent:3113]
[DEBUG] fr.inria.astor.core.loop.AstorCoreEngine.showResults(AstorCoreEngine.java:144) - f (sol): 4.0, [Variant id: 3416 (SOL) , #gens: 68, #ops: 1, parent:3415]
[DEBUG] fr.inria.astor.core.loop.AstorCoreEngine.showResults(AstorCoreEngine.java:144) - f (sol): 4.0, [Variant id: 3536 (SOL) , #gens: 68, #ops: 1, parent:3535]
[DEBUG] fr.inria.astor.core.loop.AstorCoreEngine.showResults(AstorCoreEngine.java:144) - f (sol): 4.0, [Variant id: 3564 (SOL) , #gens: 68, #ops: 1, parent:3563]
[DEBUG] fr.inria.astor.core.loop.AstorCoreEngine.showResults(AstorCoreEngine.java:144) - f (sol): 4.0, [Variant id: 3606 (SOL) , #gens: 68, #ops: 1, parent:3605]
[DEBUG] fr.inria.astor.core.loop.AstorCoreEngine.showResults(AstorCoreEngine.java:144) - f (sol): 10.0, [Variant id: 4046 (SOL) , #gens: 69, #ops: 1, parent:4045]
[DEBUG] fr.inria.astor.core.loop.AstorCoreEngine.showResults(AstorCoreEngine.java:144) - f (sol): 4.0, [Variant id: 4128 (SOL) , #gens: 68, #ops: 1, parent:4127]
[DEBUG] fr.inria.astor.core.loop.AstorCoreEngine.showResults(AstorCoreEngine.java:144) - f (sol): 4.0, [Variant id: 4278 (SOL) , #gens: 68, #ops: 1, parent:4277]
[DEBUG] fr.inria.astor.core.loop.AstorCoreEngine.showResults(AstorCoreEngine.java:144) - f (sol): 4.0, [Variant id: 4870 (SOL) , #gens: 68, #ops: 1, parent:4869]
[DEBUG] fr.inria.astor.core.loop.AstorCoreEngine.showResults(AstorCoreEngine.java:144) - f (sol): 4.0, [Variant id: 5120 (SOL) , #gens: 68, #ops: 1, parent:5119]
[DEBUG] fr.inria.astor.core.loop.AstorCoreEngine.showResults(AstorCoreEngine.java:144) - f (sol): 4.0, [Variant id: 5224 (SOL) , #gens: 68, #ops: 1, parent:5223]
[DEBUG] fr.inria.astor.core.loop.AstorCoreEngine.showResults(AstorCoreEngine.java:144) - f (sol): 4.0, [Variant id: 5710 (SOL) , #gens: 69, #ops: 1, parent:5709]
[DEBUG] fr.inria.astor.core.loop.AstorCoreEngine.showResults(AstorCoreEngine.java:144) - f (sol): 4.0, [Variant id: 7018 (SOL) , #gens: 69, #ops: 1, parent:7017]
[DEBUG] fr.inria.astor.core.loop.AstorCoreEngine.showResults(AstorCoreEngine.java:144) - f (sol): 4.0, [Variant id: 7156 (SOL) , #gens: 68, #ops: 1, parent:7155]
[DEBUG] fr.inria.astor.core.loop.AstorCoreEngine.showResults(AstorCoreEngine.java:144) - f (sol): 4.0, [Variant id: 7168 (SOL) , #gens: 68, #ops: 1, parent:7167]
[DEBUG] fr.inria.astor.core.loop.AstorCoreEngine.showResults(AstorCoreEngine.java:144) - f (sol): 4.0, [Variant id: 7270 (SOL) , #gens: 68, #ops: 1, parent:7269]
[DEBUG] fr.inria.astor.core.loop.AstorCoreEngine.showResults(AstorCoreEngine.java:146) - 
All variants:
[DEBUG] fr.inria.astor.core.loop.AstorCoreEngine.showResults(AstorCoreEngine.java:148) - f 1.0, [Variant id: 7665, #gens: 69, #ops: 0, parent:-]
[INFO ] fr.inria.astor.core.loop.AstorCoreEngine.showResults(AstorCoreEngine.java:152) - 
Solution details
[INFO ] fr.inria.astor.core.loop.AstorCoreEngine.showResults(AstorCoreEngine.java:153) - 
 --SOLUTIONS DESCRIPTION--

 ----
ProgramVariant 826
 
time(sec)= 796
operation: RemoveOp
location= org.jfree.data.Range
line= 335
lineSuspiciousness= 0.408
original statement= return false
fixed statement= 
generation= 413
ingredientScope= -
validation=
failing: |true|0|8|[]|
manual_regression: |false|4|3303|[testEquals(org.jfree.data.junit.RangeTests): null-, testEquals(org.jfree.data.junit.RangeTests): null-, testEquals(org.jfree.data.time.junit.DateRangeTests): null-, testEquals(org.jfree.data.time.junit.DateRangeTests): null-]|
evo_regression: |true|0|55|[]|
 ----
ProgramVariant 986
 
time(sec)= 1017
operation: RemoveOp
location= org.jfree.data.Range
line= 334
lineSuspiciousness= 0.109
original statement= if (!((org.jfree.data.Range.this.lower) == (range.lower))) {
	return false;
} 
fixed statement= 
generation= 493
ingredientScope= -
validation=
failing: |true|0|8|[]|
manual_regression: |false|4|3303|[testEquals(org.jfree.data.junit.RangeTests): null-, testEquals(org.jfree.data.junit.RangeTests): null-, testEquals(org.jfree.data.time.junit.DateRangeTests): null-, testEquals(org.jfree.data.time.junit.DateRangeTests): null-]|
evo_regression: |true|0|55|[]|
 ----
ProgramVariant 1554
 
time(sec)= 1525
operation: RemoveOp
location= org.jfree.data.Range
line= 335
lineSuspiciousness= 0.408
original statement= return false
fixed statement= 
generation= 777
ingredientScope= -
validation=
failing: |true|0|8|[]|
manual_regression: |false|4|3303|[testEquals(org.jfree.data.junit.RangeTests): null-, testEquals(org.jfree.data.junit.RangeTests): null-, testEquals(org.jfree.data.time.junit.DateRangeTests): null-, testEquals(org.jfree.data.time.junit.DateRangeTests): null-]|
evo_regression: |true|0|55|[]|
 ----
ProgramVariant 1994
 
time(sec)= 1917
operation: RemoveOp
location= org.jfree.data.Range
line= 334
lineSuspiciousness= 0.109
original statement= if (!((org.jfree.data.Range.this.lower) == (range.lower))) {
	return false;
} 
fixed statement= 
generation= 997
ingredientScope= -
validation=
failing: |true|0|8|[]|
manual_regression: |false|4|3303|[testEquals(org.jfree.data.junit.RangeTests): null-, testEquals(org.jfree.data.junit.RangeTests): null-, testEquals(org.jfree.data.time.junit.DateRangeTests): null-, testEquals(org.jfree.data.time.junit.DateRangeTests): null-]|
evo_regression: |true|0|55|[]|
 ----
ProgramVariant 2220
 
time(sec)= 2138
operation: RemoveOp
location= org.jfree.data.Range
line= 335
lineSuspiciousness= 0.408
original statement= return false
fixed statement= 
generation= 1110
ingredientScope= -
validation=
failing: |true|0|8|[]|
manual_regression: |false|4|3303|[testEquals(org.jfree.data.junit.RangeTests): null-, testEquals(org.jfree.data.junit.RangeTests): null-, testEquals(org.jfree.data.time.junit.DateRangeTests): null-, testEquals(org.jfree.data.time.junit.DateRangeTests): null-]|
evo_regression: |true|0|55|[]|
 ----
ProgramVariant 2268
 
time(sec)= 2249
operation: RemoveOp
location= org.jfree.data.Range
line= 335
lineSuspiciousness= 0.408
original statement= return false
fixed statement= 
generation= 1134
ingredientScope= -
validation=
failing: |true|0|8|[]|
manual_regression: |false|4|3303|[testEquals(org.jfree.data.junit.RangeTests): null-, testEquals(org.jfree.data.junit.RangeTests): null-, testEquals(org.jfree.data.time.junit.DateRangeTests): null-, testEquals(org.jfree.data.time.junit.DateRangeTests): null-]|
evo_regression: |true|0|55|[]|
 ----
ProgramVariant 2554
 
time(sec)= 2554
operation: RemoveOp
location= org.jfree.data.Range
line= 335
lineSuspiciousness= 0.408
original statement= return false
fixed statement= 
generation= 1277
ingredientScope= -
validation=
failing: |true|0|8|[]|
manual_regression: |false|4|3303|[testEquals(org.jfree.data.junit.RangeTests): null-, testEquals(org.jfree.data.junit.RangeTests): null-, testEquals(org.jfree.data.time.junit.DateRangeTests): null-, testEquals(org.jfree.data.time.junit.DateRangeTests): null-]|
evo_regression: |true|0|55|[]|
 ----
ProgramVariant 3114
 
time(sec)= 3031
operation: RemoveOp
location= org.jfree.data.Range
line= 335
lineSuspiciousness= 0.408
original statement= return false
fixed statement= 
generation= 1557
ingredientScope= -
validation=
failing: |true|0|8|[]|
manual_regression: |false|4|3303|[testEquals(org.jfree.data.junit.RangeTests): null-, testEquals(org.jfree.data.junit.RangeTests): null-, testEquals(org.jfree.data.time.junit.DateRangeTests): null-, testEquals(org.jfree.data.time.junit.DateRangeTests): null-]|
evo_regression: |true|0|55|[]|
 ----
ProgramVariant 3416
 
time(sec)= 3324
operation: RemoveOp
location= org.jfree.data.Range
line= 334
lineSuspiciousness= 0.109
original statement= if (!((org.jfree.data.Range.this.lower) == (range.lower))) {
	return false;
} 
fixed statement= 
generation= 1708
ingredientScope= -
validation=
failing: |true|0|8|[]|
manual_regression: |false|4|3303|[testEquals(org.jfree.data.junit.RangeTests): null-, testEquals(org.jfree.data.junit.RangeTests): null-, testEquals(org.jfree.data.time.junit.DateRangeTests): null-, testEquals(org.jfree.data.time.junit.DateRangeTests): null-]|
evo_regression: |true|0|55|[]|
 ----
ProgramVariant 3536
 
time(sec)= 3439
operation: RemoveOp
location= org.jfree.data.Range
line= 334
lineSuspiciousness= 0.109
original statement= if (!((org.jfree.data.Range.this.lower) == (range.lower))) {
	return false;
} 
fixed statement= 
generation= 1768
ingredientScope= -
validation=
failing: |true|0|8|[]|
manual_regression: |false|4|3303|[testEquals(org.jfree.data.junit.RangeTests): null-, testEquals(org.jfree.data.junit.RangeTests): null-, testEquals(org.jfree.data.time.junit.DateRangeTests): null-, testEquals(org.jfree.data.time.junit.DateRangeTests): null-]|
evo_regression: |true|0|55|[]|
 ----
ProgramVariant 3564
 
time(sec)= 3543
operation: RemoveOp
location= org.jfree.data.Range
line= 335
lineSuspiciousness= 0.408
original statement= return false
fixed statement= 
generation= 1782
ingredientScope= -
validation=
failing: |true|0|8|[]|
manual_regression: |false|4|3303|[testEquals(org.jfree.data.junit.RangeTests): null-, testEquals(org.jfree.data.junit.RangeTests): null-, testEquals(org.jfree.data.time.junit.DateRangeTests): null-, testEquals(org.jfree.data.time.junit.DateRangeTests): null-]|
evo_regression: |true|0|55|[]|
 ----
ProgramVariant 3606
 
time(sec)= 3640
operation: RemoveOp
location= org.jfree.data.Range
line= 335
lineSuspiciousness= 0.408
original statement= return false
fixed statement= 
generation= 1803
ingredientScope= -
validation=
failing: |true|0|8|[]|
manual_regression: |false|4|3303|[testEquals(org.jfree.data.junit.RangeTests): null-, testEquals(org.jfree.data.junit.RangeTests): null-, testEquals(org.jfree.data.time.junit.DateRangeTests): null-, testEquals(org.jfree.data.time.junit.DateRangeTests): null-]|
evo_regression: |true|0|55|[]|
 ----
ProgramVariant 4046
 
time(sec)= 4025
operation: ReplaceOp
location= org.jfree.data.Range
line= 335
lineSuspiciousness= 0.408
original statement= return false
fixed statement= return true
generation= 2023
ingredientScope= PACKAGE
validation=
failing: |true|0|8|[]|
manual_regression: |false|8|3303|[testEquals(org.jfree.chart.axis.junit.ValueAxisTests): null-, testEquals(org.jfree.chart.axis.junit.ValueAxisTests): null-, testEquals(org.jfree.chart.plot.junit.MeterPlotTests): null-, testEquals(org.jfree.chart.plot.junit.MeterPlotTests): null-, testEquals(org.jfree.data.junit.RangeTests): null-, testEquals(org.jfree.data.junit.RangeTests): null-, testEquals(org.jfree.data.time.junit.DateRangeTests): null-, testEquals(org.jfree.data.time.junit.DateRangeTests): null-]|
evo_regression: |false|2|55|[test02(org.jfree.data.Range_ESTest): null-, test36(org.jfree.data.Range_ESTest): null-]|
 ----
ProgramVariant 4128
 
time(sec)= 4178
operation: RemoveOp
location= org.jfree.data.Range
line= 335
lineSuspiciousness= 0.408
original statement= return false
fixed statement= 
generation= 2064
ingredientScope= -
validation=
failing: |true|0|8|[]|
manual_regression: |false|4|3303|[testEquals(org.jfree.data.junit.RangeTests): null-, testEquals(org.jfree.data.junit.RangeTests): null-, testEquals(org.jfree.data.time.junit.DateRangeTests): null-, testEquals(org.jfree.data.time.junit.DateRangeTests): null-]|
evo_regression: |true|0|55|[]|
 ----
ProgramVariant 4278
 
time(sec)= 4349
operation: RemoveOp
location= org.jfree.data.Range
line= 335
lineSuspiciousness= 0.408
original statement= return false
fixed statement= 
generation= 2139
ingredientScope= -
validation=
failing: |true|0|8|[]|
manual_regression: |false|4|3303|[testEquals(org.jfree.data.junit.RangeTests): null-, testEquals(org.jfree.data.junit.RangeTests): null-, testEquals(org.jfree.data.time.junit.DateRangeTests): null-, testEquals(org.jfree.data.time.junit.DateRangeTests): null-]|
evo_regression: |true|0|55|[]|
 ----
ProgramVariant 4870
 
time(sec)= 4852
operation: RemoveOp
location= org.jfree.data.Range
line= 335
lineSuspiciousness= 0.408
original statement= return false
fixed statement= 
generation= 2435
ingredientScope= -
validation=
failing: |true|0|8|[]|
manual_regression: |false|4|3303|[testEquals(org.jfree.data.junit.RangeTests): null-, testEquals(org.jfree.data.junit.RangeTests): null-, testEquals(org.jfree.data.time.junit.DateRangeTests): null-, testEquals(org.jfree.data.time.junit.DateRangeTests): null-]|
evo_regression: |true|0|55|[]|
 ----
ProgramVariant 5120
 
time(sec)= 5112
operation: RemoveOp
location= org.jfree.data.Range
line= 335
lineSuspiciousness= 0.408
original statement= return false
fixed statement= 
generation= 2560
ingredientScope= -
validation=
failing: |true|0|8|[]|
manual_regression: |false|4|3303|[testEquals(org.jfree.data.junit.RangeTests): null-, testEquals(org.jfree.data.junit.RangeTests): null-, testEquals(org.jfree.data.time.junit.DateRangeTests): null-, testEquals(org.jfree.data.time.junit.DateRangeTests): null-]|
evo_regression: |true|0|55|[]|
 ----
ProgramVariant 5224
 
time(sec)= 5268
operation: RemoveOp
location= org.jfree.data.Range
line= 335
lineSuspiciousness= 0.408
original statement= return false
fixed statement= 
generation= 2612
ingredientScope= -
validation=
failing: |true|0|8|[]|
manual_regression: |false|4|3303|[testEquals(org.jfree.data.junit.RangeTests): null-, testEquals(org.jfree.data.junit.RangeTests): null-, testEquals(org.jfree.data.time.junit.DateRangeTests): null-, testEquals(org.jfree.data.time.junit.DateRangeTests): null-]|
evo_regression: |true|0|55|[]|
 ----
ProgramVariant 5710
 
time(sec)= 5684
operation: ReplaceOp
location= org.jfree.data.Range
line= 334
lineSuspiciousness= 0.109
original statement= if (!((org.jfree.data.Range.this.lower) == (range.lower))) {
	return false;
} 
fixed statement= if (lower > upper) {
	java.lang.String msg = ((("Range(double, double): require lower (" + lower) + ") <= upper (") + upper) + ").";
	throw new java.lang.IllegalArgumentException(msg);
} 
generation= 2855
ingredientScope= LOCAL
validation=
failing: |true|0|8|[]|
manual_regression: |false|4|3303|[testEquals(org.jfree.data.junit.RangeTests): null-, testEquals(org.jfree.data.junit.RangeTests): null-, testEquals(org.jfree.data.time.junit.DateRangeTests): null-, testEquals(org.jfree.data.time.junit.DateRangeTests): null-]|
evo_regression: |true|0|55|[]|
 ----
ProgramVariant 7018
 
time(sec)= 6619
operation: ReplaceOp
location= org.jfree.data.Range
line= 334
lineSuspiciousness= 0.109
original statement= if (!((org.jfree.data.Range.this.lower) == (range.lower))) {
	return false;
} 
fixed statement= if (range == null) {
	throw new java.lang.IllegalArgumentException("Null 'range' argument.");
} 
generation= 3509
ingredientScope= LOCAL
validation=
failing: |true|0|8|[]|
manual_regression: |false|4|3303|[testEquals(org.jfree.data.junit.RangeTests): null-, testEquals(org.jfree.data.junit.RangeTests): null-, testEquals(org.jfree.data.time.junit.DateRangeTests): null-, testEquals(org.jfree.data.time.junit.DateRangeTests): null-]|
evo_regression: |true|0|55|[]|
 ----
ProgramVariant 7156
 
time(sec)= 6778
operation: RemoveOp
location= org.jfree.data.Range
line= 335
lineSuspiciousness= 0.408
original statement= return false
fixed statement= 
generation= 3578
ingredientScope= -
validation=
failing: |true|0|8|[]|
manual_regression: |false|4|3303|[testEquals(org.jfree.data.junit.RangeTests): null-, testEquals(org.jfree.data.junit.RangeTests): null-, testEquals(org.jfree.data.time.junit.DateRangeTests): null-, testEquals(org.jfree.data.time.junit.DateRangeTests): null-]|
evo_regression: |true|0|55|[]|
 ----
ProgramVariant 7168
 
time(sec)= 6856
operation: RemoveOp
location= org.jfree.data.Range
line= 335
lineSuspiciousness= 0.408
original statement= return false
fixed statement= 
generation= 3584
ingredientScope= -
validation=
failing: |true|0|8|[]|
manual_regression: |false|4|3303|[testEquals(org.jfree.data.junit.RangeTests): null-, testEquals(org.jfree.data.junit.RangeTests): null-, testEquals(org.jfree.data.time.junit.DateRangeTests): null-, testEquals(org.jfree.data.time.junit.DateRangeTests): null-]|
evo_regression: |true|0|55|[]|
 ----
ProgramVariant 7270
 
time(sec)= 6991
operation: RemoveOp
location= org.jfree.data.Range
line= 335
lineSuspiciousness= 0.408
original statement= return false
fixed statement= 
generation= 3635
ingredientScope= -
validation=
failing: |true|0|8|[]|
manual_regression: |false|4|3303|[testEquals(org.jfree.data.junit.RangeTests): null-, testEquals(org.jfree.data.junit.RangeTests): null-, testEquals(org.jfree.data.time.junit.DateRangeTests): null-, testEquals(org.jfree.data.time.junit.DateRangeTests): null-]|
evo_regression: |true|0|55|[]|
[INFO ] fr.inria.main.evolution.AstorMain.run(AstorMain.java:397) - Time Total(s): 7307.734


Node: graphene-8.nancy.grid5000.fr


Date: Sun Jan 15 13:07:08 CET 2017

removed classes 

zipped 

copied zip 

reEngine.java:211) - 
***** Generation 3839
[DEBUG] fr.inria.astor.core.loop.AstorCoreEngine.processGenerations(AstorCoreEngine.java:220) - 
**
*-Parent Variant: [Variant id: 7677, #gens: 69, #ops: 0, parent:-]
[DEBUG] fr.inria.astor.core.loop.AstorCoreEngine.createNewProgramVariant(AstorCoreEngine.java:436) - 
--Child created id: 7678
[DEBUG] fr.inria.astor.core.loop.AstorCoreEngine.modifyProgramVariant(AstorCoreEngine.java:504) - --Creating new operations for variant [Variant id: 7678, #gens: 69, #ops: 0, parent:7677]
[DEBUG] fr.inria.astor.core.loop.AstorCoreEngine.modifyProgramVariant(AstorCoreEngine.java:517) - ---analyzing modificationPoint position: 26
[DEBUG] fr.inria.astor.core.loop.AstorCoreEngine.modifyProgramVariant(AstorCoreEngine.java:540) - operation RemoveOp: `if (java.lang.Double.isNa[...] ` ---> `-` at pos 8 of parent `{ 	org.jfree.data.statist[...]`
[DEBUG] fr.inria.astor.core.loop.AstorCoreEngine.modifyProgramVariant(AstorCoreEngine.java:562) - 
--Summary Creation: for variant [Variant id: 7678, #gens: 68, #ops: 1, parent:7677] gen mutated: 1 , gen not mut: 0, gen not applied  0
 
[DEBUG] fr.inria.astor.core.loop.AstorCoreEngine.processCreatedVariant(AstorCoreEngine.java:390) - -The child compiles: id 7678
[DEBUG] fr.inria.astor.core.validation.executors.JUnitExecutorProcess.printCommandToExecute(JUnitExecutorProcess.java:140) - Executing process: 
/usr/lib/jvm/java-1.7.0-openjdk-amd64/bin//java  -Xmx2048m  -cp  /tmp/chart_21_Genprog_local_s1/./lib/jtestex-0.0.1.jar:/tmp/chart_21_Genprog_local_s1/./outputMutation/AstorMain-Chart/bin/variant-7678/:/tmp/chart_21_Genprog_local_s1/lib/:/tmp/chart_21_Genprog_local_s1/lib/cobertura-2.0.3.jar:/tmp/chart_21_Genprog_local_s1/lib/servlet.jar:/tmp/chart_21_Genprog_local_s1/lib/itext-2.0.2.jar:/tmp/chart_21_Genprog_local_s1/lib/junit.jar:/tmp/chart_21_Genprog_local_s1/lib/junit-4.11.jar:/tmp/chart_21_Genprog_local_s1/lib/evosuite-master-1.0.4-SNAPSHOT.jar:/tmp/chart_21_Genprog_local_s1/lib/fixran-0.0.1.jar:/tmp/chart_21_Genprog_local_s1/lib/jtestex-0.0.1.jar:/tmp/chart_21_Genprog_local_s1/./outputMutation/AstorMain-Chart/bin/default/:/home/mmartinez/defects4j-repair/src/python/core/../../../libs/astor.jar:  JUnitExternalExecutor  org.jfree.data.statistics.junit.DefaultBoxAndWhiskerCategoryDatasetTests
[DEBUG] fr.inria.astor.core.validation.executors.JUnitExecutorProcess.execute(JUnitExecutorProcess.java:77) - Execution time 0 seconds
[DEBUG] fr.inria.astor.core.validation.executors.JUnitExecutorProcess.execute(JUnitExecutorProcess.java:80) - Running Exit Value
[DEBUG] fr.inria.astor.core.validation.validators.RegressionValidation.validate(RegressionValidation.java:23) - Failing Val: |false|3|8|[testAdd(org.jfree.data.statistics.junit.DefaultBoxAndWhiskerCategoryDatasetTests): expected:<Range7.0, 8.0> but was:<Range7.0, NaN>-, testAddUpdatesCachedRange(org.jfree.data.statistics.junit.DefaultBoxAndWhiskerCategoryDatasetTests): expected:<Range7.5, 8.5> but was:<Range7.5, NaN>-, testGetRangeBounds(org.jfree.data.statistics.junit.DefaultBoxAndWhiskerCategoryDatasetTests): expected:<Range7.0, 8.0> but was:<Range7.0, NaN>-]|
[DEBUG] fr.inria.astor.core.loop.AstorCoreEngine.processCreatedVariant(AstorCoreEngine.java:395) - -Valid?: false, fitness 3.0
[DEBUG] fr.inria.astor.core.loop.AstorCoreEngine.undoSingleGeneration(AstorCoreEngine.java:487) - ---Undoing: gnrtn(3839): RemoveOp: `if (java.lang.Double.isNa[...] ` ---> `-` at pos 8 of parent `{ 	org.jfree.data.statist[...]`
[DEBUG] fr.inria.astor.core.loop.AstorCoreEngine.prepareNextGeneration(AstorCoreEngine.java:284) - 
End analysis generation - 
Solutions found:--> ()
[DEBUG] fr.inria.astor.core.loop.population.FitnessPopulationController.selectProgramVariantsForNextGeneration(FitnessPopulationController.java:52) - Variants to next generation from: 2-->IDs: (7677(f=1.0), 7678(f=3.0), )
[DEBUG] fr.inria.astor.core.loop.population.FitnessPopulationController.selectProgramVariantsForNextGeneration(FitnessPopulationController.java:61) - Selected to next generation: IDs2--> (7677(f=1.0), )
[DEBUG] fr.inria.astor.core.loop.AstorCoreEngine.startEvolution(AstorCoreEngine.java:121) - 
----------Running generation/iteraction 3840, population size: 1
[DEBUG] fr.inria.astor.core.loop.AstorCoreEngine.processGenerations(AstorCoreEngine.java:211) - 
***** Generation 3840
[DEBUG] fr.inria.astor.core.loop.AstorCoreEngine.processGenerations(AstorCoreEngine.java:220) - 
**
*-Parent Variant: [Variant id: 7679, #gens: 69, #ops: 0, parent:-]
[DEBUG] fr.inria.astor.core.loop.AstorCoreEngine.createNewProgramVariant(AstorCoreEngine.java:436) - 
--Child created id: 7680
[DEBUG] fr.inria.astor.core.loop.AstorCoreEngine.modifyProgramVariant(AstorCoreEngine.java:504) - --Creating new operations for variant [Variant id: 7680, #gens: 69, #ops: 0, parent:7679]
[DEBUG] fr.inria.astor.core.loop.AstorCoreEngine.modifyProgramVariant(AstorCoreEngine.java:517) - ---analyzing modificationPoint position: 0
[DEBUG] fr.inria.astor.core.loop.spaces.ingredients.ingredientSearch.EfficientIngredientStrategy.getFixIngredient(EfficientIngredientStrategy.java:90) - --- no mutation left to apply in element (double org.jfree.data.statistics.DefaultBoxAndWhiskerCategoryDataset#maximumRangeValue = double double maxval)
[DEBUG] fr.inria.astor.approaches.jgenprog.JGenProg.createOperatorInstanceForPoint(JGenProg.java:230) - Any ingredient for this point, we discard it
[DEBUG] fr.inria.astor.core.loop.AstorCoreEngine.modifyProgramVariant(AstorCoreEngine.java:553) - ---modifPoint 0 not mutation generated in  (double org.jfree.data.st[...]
[DEBUG] fr.inria.astor.core.loop.AstorCoreEngine.modifyProgramVariant(AstorCoreEngine.java:517) - ---analyzing modificationPoint position: 55
[DEBUG] fr.inria.astor.core.loop.AstorCoreEngine.modifyProgramVariant(AstorCoreEngine.java:540) - operation InsertAfterOp: `if (key == null) { 	throw[...] ` ---> `return org.jfree.data.Ran[...]` at pos 0 of parent `{ 	if (key == null) { 		t[...]`
[DEBUG] fr.inria.astor.core.loop.spaces.operators.AstorOperator.addPoint(AstorOperator.java:108) - ---ModificPoint=KeyedObjects line: 128, el: CtReturnImpl
[DEBUG] fr.inria.astor.core.loop.spaces.operators.AstorOperator.addPoint(AstorOperator.java:109) - ---InsertAfterOp: `if (key == null) { 	throw[...] ` ---> `return org.jfree.data.Ran[...]` at pos 0 of parent `{ 	if (key == null) { 		t[...]`
[DEBUG] fr.inria.astor.core.loop.AstorCoreEngine.modifyProgramVariant(AstorCoreEngine.java:562) - 
--Summary Creation: for variant [Variant id: 7680, #gens: 70, #ops: 1, parent:7679] gen mutated: 1 , gen not mut: 1, gen not applied  0
 
[DEBUG] fr.inria.astor.core.loop.AstorCoreEngine.undoSingleGeneration(AstorCoreEngine.java:487) - ---Undoing: gnrtn(3840): InsertAfterOp: `if (key == null) { 	throw[...] ` ---> `return org.jfree.data.Ran[...]` at pos 0 of parent `{ 	if (key == null) { 		t[...]`
[DEBUG] fr.inria.astor.core.loop.AstorCoreEngine.prepareNextGeneration(AstorCoreEngine.java:284) - 
End analysis generation - 
Solutions found:--> ()
[DEBUG] fr.inria.astor.core.loop.population.FitnessPopulationController.selectProgramVariantsForNextGeneration(FitnessPopulationController.java:52) - Variants to next generation from: 2-->IDs: (7679(f=1.0), 7680(f=1.7976931348623157E308), )
[DEBUG] fr.inria.astor.core.loop.population.FitnessPopulationController.selectProgramVariantsForNextGeneration(FitnessPopulationController.java:61) - Selected to next generation: IDs2--> (7679(f=1.0), )
[DEBUG] fr.inria.astor.core.loop.AstorCoreEngine.startEvolution(AstorCoreEngine.java:121) - 
----------Running generation/iteraction 3841, population size: 1
[DEBUG] fr.inria.astor.core.loop.AstorCoreEngine.processGenerations(AstorCoreEngine.java:211) - 
***** Generation 3841
[DEBUG] fr.inria.astor.core.loop.AstorCoreEngine.processGenerations(AstorCoreEngine.java:220) - 
**
*-Parent Variant: [Variant id: 7681, #gens: 69, #ops: 0, parent:-]
[DEBUG] fr.inria.astor.core.loop.AstorCoreEngine.createNewProgramVariant(AstorCoreEngine.java:436) - 
--Child created id: 7682
[DEBUG] fr.inria.astor.core.loop.AstorCoreEngine.modifyProgramVariant(AstorCoreEngine.java:504) - --Creating new operations for variant [Variant id: 7682, #gens: 69, #ops: 0, parent:7681]
[DEBUG] fr.inria.astor.core.loop.AstorCoreEngine.modifyProgramVariant(AstorCoreEngine.java:517) - ---analyzing modificationPoint position: 17
[DEBUG] fr.inria.astor.core.loop.AstorCoreEngine.modifyProgramVariant(AstorCoreEngine.java:540) - operation RemoveOp: `int r = org.jfree.data.st[...] ` ---> `-` at pos 1 of parent `{ 	org.jfree.data.statist[...]`
[DEBUG] fr.inria.astor.core.loop.AstorCoreEngine.modifyProgramVariant(AstorCoreEngine.java:562) - 
--Summary Creation: for variant [Variant id: 7682, #gens: 68, #ops: 1, parent:7681] gen mutated: 1 , gen not mut: 0, gen not applied  0
 
[DEBUG] fr.inria.astor.core.loop.AstorCoreEngine.undoSingleGeneration(AstorCoreEngine.java:487) - ---Undoing: gnrtn(3841): RemoveOp: `int r = org.jfree.data.st[...] ` ---> `-` at pos 1 of parent `{ 	org.jfree.data.statist[...]`
[DEBUG] fr.inria.astor.core.loop.AstorCoreEngine.prepareNextGeneration(AstorCoreEngine.java:284) - 
End analysis generation - 
Solutions found:--> ()
[DEBUG] fr.inria.astor.core.loop.population.FitnessPopulationController.selectProgramVariantsForNextGeneration(FitnessPopulationController.java:52) - Variants to next generation from: 2-->IDs: (7681(f=1.0), 7682(f=1.7976931348623157E308), )
[DEBUG] fr.inria.astor.core.loop.population.FitnessPopulationController.selectProgramVariantsForNextGeneration(FitnessPopulationController.java:61) - Selected to next generation: IDs2--> (7681(f=1.0), )
[DEBUG] fr.inria.astor.core.loop.AstorCoreEngine.startEvolution(AstorCoreEngine.java:121) - 
----------Running generation/iteraction 3842, population size: 1
[DEBUG] fr.inria.astor.core.loop.AstorCoreEngine.processGenerations(AstorCoreEngine.java:211) - 
***** Generation 3842
[DEBUG] fr.inria.astor.core.loop.AstorCoreEngine.processGenerations(AstorCoreEngine.java:220) - 
**
*-Parent Variant: [Variant id: 7683, #gens: 69, #ops: 0, parent:-]
[DEBUG] fr.inria.astor.core.loop.AstorCoreEngine.createNewProgramVariant(AstorCoreEngine.java:436) - 
--Child created id: 7684
[DEBUG] fr.inria.astor.core.loop.AstorCoreEngine.modifyProgramVariant(AstorCoreEngine.java:504) - --Creating new operations for variant [Variant id: 7684, #gens: 69, #ops: 0, parent:7683]
[DEBUG] fr.inria.astor.core.loop.AstorCoreEngine.modifyProgramVariant(AstorCoreEngine.java:517) - ---analyzing modificationPoint position: 31
[DEBUG] fr.inria.astor.core.loop.AstorCoreEngine.modifyProgramVariant(AstorCoreEngine.java:540) - operation InsertAfterOp: `org.jfree.data.statistics[...] ` ---> `if ((((org.jfree.data.sta[...]` at pos 0 of parent `{ 	org.jfree.data.statist[...]`
[DEBUG] fr.inria.astor.core.loop.spaces.operators.AstorOperator.addPoint(AstorOperator.java:108) - ---ModificPoint=DefaultBoxAndWhiskerCategoryDataset line: 179, el: CtIfImpl
[DEBUG] fr.inria.astor.core.loop.spaces.operators.AstorOperator.addPoint(AstorOperator.java:109) - ---InsertAfterOp: `org.jfree.data.statistics[...] ` ---> `if ((((org.jfree.data.sta[...]` at pos 0 of parent `{ 	org.jfree.data.statist[...]`
[DEBUG] fr.inria.astor.core.loop.AstorCoreEngine.modifyProgramVariant(AstorCoreEngine.java:562) - 
--Summary Creation: for variant [Variant id: 7684, #gens: 70, #ops: 1, parent:7683] gen mutated: 1 , gen not mut: 0, gen not applied  0
 
[DEBUG] fr.inria.astor.core.loop.AstorCoreEngine.processCreatedVariant(AstorCoreEngine.java:390) - -The child compiles: id 7684
[DEBUG] fr.inria.astor.core.validation.executors.JUnitExecutorProcess.printCommandToExecute(JUnitExecutorProcess.java:140) - Executing process: 
/usr/lib/jvm/java-1.7.0-openjdk-amd64/bin//java  -Xmx2048m  -cp  /tmp/chart_21_Genprog_local_s1/./lib/jtestex-0.0.1.jar:/tmp/chart_21_Genprog_local_s1/./outputMutation/AstorMain-Chart/bin/variant-7684/:/tmp/chart_21_Genprog_local_s1/lib/:/tmp/chart_21_Genprog_local_s1/lib/cobertura-2.0.3.jar:/tmp/chart_21_Genprog_local_s1/lib/servlet.jar:/tmp/chart_21_Genprog_local_s1/lib/itext-2.0.2.jar:/tmp/chart_21_Genprog_local_s1/lib/junit.jar:/tmp/chart_21_Genprog_local_s1/lib/junit-4.11.jar:/tmp/chart_21_Genprog_local_s1/lib/evosuite-master-1.0.4-SNAPSHOT.jar:/tmp/chart_21_Genprog_local_s1/lib/fixran-0.0.1.jar:/tmp/chart_21_Genprog_local_s1/lib/jtestex-0.0.1.jar:/tmp/chart_21_Genprog_local_s1/./outputMutation/AstorMain-Chart/bin/default/:/home/mmartinez/defects4j-repair/src/python/core/../../../libs/astor.jar:  JUnitExternalExecutor  org.jfree.data.statistics.junit.DefaultBoxAndWhiskerCategoryDatasetTests
[DEBUG] fr.inria.astor.core.validation.executors.JUnitExecutorProcess.execute(JUnitExecutorProcess.java:77) - Execution time 0 seconds
[DEBUG] fr.inria.astor.core.validation.executors.JUnitExecutorProcess.execute(JUnitExecutorProcess.java:80) - Running Exit Value
[DEBUG] fr.inria.astor.core.validation.validators.RegressionValidation.validate(RegressionValidation.java:23) - Failing Val: |false|3|8|[testAdd(org.jfree.data.statistics.junit.DefaultBoxAndWhiskerCategoryDatasetTests): expected:<Range7.0, 8.0> but was:<RangeNaN, NaN>-, testAddUpdatesCachedRange(org.jfree.data.statistics.junit.DefaultBoxAndWhiskerCategoryDatasetTests): expected:<Range7.5, 8.5> but was:<RangeNaN, NaN>-, testGetRangeBounds(org.jfree.data.statistics.junit.DefaultBoxAndWhiskerCategoryDatasetTests): expected:<Range7.0, 8.0> but was:<RangeNaN, NaN>-]|
[DEBUG] fr.inria.astor.core.loop.AstorCoreEngine.processCreatedVariant(AstorCoreEngine.java:395) - -Valid?: false, fitness 3.0
[DEBUG] fr.inria.astor.core.loop.AstorCoreEngine.undoSingleGeneration(AstorCoreEngine.java:487) - ---Undoing: gnrtn(3842): InsertAfterOp: `org.jfree.data.statistics[...] ` ---> `if ((((org.jfree.data.sta[...]` at pos 0 of parent `{ 	org.jfree.data.statist[...]`
[DEBUG] fr.inria.astor.core.loop.AstorCoreEngine.prepareNextGeneration(AstorCoreEngine.java:284) - 
End analysis generation - 
Solutions found:--> ()
[DEBUG] fr.inria.astor.core.loop.population.FitnessPopulationController.selectProgramVariantsForNextGeneration(FitnessPopulationController.java:52) - Variants to next generation from: 2-->IDs: (7683(f=1.0), 7684(f=3.0), )
[DEBUG] fr.inria.astor.core.loop.population.FitnessPopulationController.selectProgramVariantsForNextGeneration(FitnessPopulationController.java:61) - Selected to next generation: IDs2--> (7683(f=1.0), )
[DEBUG] fr.inria.astor.core.loop.AstorCoreEngine.startEvolution(AstorCoreEngine.java:121) - 
----------Running generation/iteraction 3843, population size: 1
[DEBUG] fr.inria.astor.core.loop.AstorCoreEngine.processGenerations(AstorCoreEngine.java:211) - 
***** Generation 3843
[DEBUG] fr.inria.astor.core.loop.AstorCoreEngine.processGenerations(AstorCoreEngine.java:220) - 
**
*-Parent Variant: [Variant id: 7685, #gens: 69, #ops: 0, parent:-]
[DEBUG] fr.inria.astor.core.loop.AstorCoreEngine.createNewProgramVariant(AstorCoreEngine.java:436) - 
--Child created id: 7686
[DEBUG] fr.inria.astor.core.loop.AstorCoreEngine.modifyProgramVariant(AstorCoreEngine.java:504) - --Creating new operations for variant [Variant id: 7686, #gens: 69, #ops: 0, parent:7685]
[DEBUG] fr.inria.astor.core.loop.AstorCoreEngine.modifyProgramVariant(AstorCoreEngine.java:517) - ---analyzing modificationPoint position: 37
[DEBUG] fr.inria.astor.core.loop.AstorCoreEngine.modifyProgramVariant(AstorCoreEngine.java:540) - operation RemoveOp: `return org.jfree.data.Key[...] ` ---> `-` at pos 0 of parent `{ 	return org.jfree.data.[...]`
[DEBUG] fr.inria.astor.core.loop.AstorCoreEngine.modifyProgramVariant(AstorCoreEngine.java:562) - 
--Summary Creation: for variant [Variant id: 7686, #gens: 68, #ops: 1, parent:7685] gen mutated: 1 , gen not mut: 0, gen not applied  0
 
[DEBUG] fr.inria.astor.core.loop.AstorCoreEngine.undoSingleGeneration(AstorCoreEngine.java:487) - ---Undoing: gnrtn(3843): RemoveOp: `return org.jfree.data.Key[...] ` ---> `-` at pos 0 of parent `{ }`
[DEBUG] fr.inria.astor.core.loop.AstorCoreEngine.prepareNextGeneration(AstorCoreEngine.java:284) - 
End analysis generation - 
Solutions found:--> ()
[DEBUG] fr.inria.astor.core.loop.population.FitnessPopulationController.selectProgramVariantsForNextGeneration(FitnessPopulationController.java:52) - Variants to next generation from: 2-->IDs: (7685(f=1.0), 7686(f=1.7976931348623157E308), )
[DEBUG] fr.inria.astor.core.loop.population.FitnessPopulationController.selectProgramVariantsForNextGeneration(FitnessPopulationController.java:61) - Selected to next generation: IDs2--> (7685(f=1.0), )
[DEBUG] fr.inria.astor.core.loop.AstorCoreEngine.startEvolution(AstorCoreEngine.java:121) - 
----------Running generation/iteraction 3844, population size: 1
[DEBUG] fr.inria.astor.core.loop.AstorCoreEngine.processGenerations(AstorCoreEngine.java:211) - 
***** Generation 3844
[DEBUG] fr.inria.astor.core.loop.AstorCoreEngine.processGenerations(AstorCoreEngine.java:220) - 
**
*-Parent Variant: [Variant id: 7687, #gens: 69, #ops: 0, parent:-]
[DEBUG] fr.inria.astor.core.loop.AstorCoreEngine.createNewProgramVariant(AstorCoreEngine.java:436) - 
--Child created id: 7688
[DEBUG] fr.inria.astor.core.loop.AstorCoreEngine.modifyProgramVariant(AstorCoreEngine.java:504) - --Creating new operations for variant [Variant id: 7688, #gens: 69, #ops: 0, parent:7687]
[DEBUG] fr.inria.astor.core.loop.AstorCoreEngine.modifyProgramVariant(AstorCoreEngine.java:517) - ---analyzing modificationPoint position: 41
[DEBUG] fr.inria.astor.core.loop.AstorCoreEngine.modifyProgramVariant(AstorCoreEngine.java:540) - operation InsertAfterOp: `if (columnKey == null) { [...] ` ---> `org.jfree.data.KeyedObjec[...]` at pos 1 of parent `{ 	if (rowKey == null) { [...]`
[DEBUG] fr.inria.astor.core.loop.spaces.operators.AstorOperator.addPoint(AstorOperator.java:108) - ---ModificPoint=KeyedObjects2D line: 266, el: CtAssignmentImpl
[DEBUG] fr.inria.astor.core.loop.spaces.operators.AstorOperator.addPoint(AstorOperator.java:109) - ---InsertAfterOp: `if (columnKey == null) { [...] ` ---> `org.jfree.data.KeyedObjec[...]` at pos 1 of parent `{ 	if (rowKey == null) { [...]`
[DEBUG] fr.inria.astor.core.loop.AstorCoreEngine.modifyProgramVariant(AstorCoreEngine.java:562) - 
--Summary Creation: for variant [Variant id: 7688, #gens: 70, #ops: 1, parent:7687] gen mutated: 1 , gen not mut: 0, gen not applied  0
 
[DEBUG] fr.inria.astor.core.loop.AstorCoreEngine.processCreatedVariant(AstorCoreEngine.java:390) - -The child compiles: id 7688
[DEBUG] fr.inria.astor.core.validation.executors.JUnitExecutorProcess.printCommandToExecute(JUnitExecutorProcess.java:140) - Executing process: 
/usr/lib/jvm/java-1.7.0-openjdk-amd64/bin//java  -Xmx2048m  -cp  /tmp/chart_21_Genprog_local_s1/./lib/jtestex-0.0.1.jar:/tmp/chart_21_Genprog_local_s1/./outputMutation/AstorMain-Chart/bin/variant-7688/:/tmp/chart_21_Genprog_local_s1/lib/:/tmp/chart_21_Genprog_local_s1/lib/cobertura-2.0.3.jar:/tmp/chart_21_Genprog_local_s1/lib/servlet.jar:/tmp/chart_21_Genprog_local_s1/lib/itext-2.0.2.jar:/tmp/chart_21_Genprog_local_s1/lib/junit.jar:/tmp/chart_21_Genprog_local_s1/lib/junit-4.11.jar:/tmp/chart_21_Genprog_local_s1/lib/evosuite-master-1.0.4-SNAPSHOT.jar:/tmp/chart_21_Genprog_local_s1/lib/fixran-0.0.1.jar:/tmp/chart_21_Genprog_local_s1/lib/jtestex-0.0.1.jar:/tmp/chart_21_Genprog_local_s1/./outputMutation/AstorMain-Chart/bin/default/:/home/mmartinez/defects4j-repair/src/python/core/../../../libs/astor.jar:  JUnitExternalExecutor  org.jfree.data.statistics.junit.DefaultBoxAndWhiskerCategoryDatasetTests
[DEBUG] fr.inria.astor.core.validation.executors.JUnitExecutorProcess.execute(JUnitExecutorProcess.java:77) - Execution time 0 seconds
[DEBUG] fr.inria.astor.core.validation.executors.JUnitExecutorProcess.execute(JUnitExecutorProcess.java:80) - Running Exit Value
[DEBUG] fr.inria.astor.core.validation.validators.RegressionValidation.validate(RegressionValidation.java:23) - Failing Val: |false|3|8|[test1701822(org.jfree.data.statistics.junit.DefaultBoxAndWhiskerCategoryDatasetTests): Index: 0, Size: 0-, testAddUpdatesCachedRange(org.jfree.data.statistics.junit.DefaultBoxAndWhiskerCategoryDatasetTests): Index: 0, Size: 0-, testGetRangeBounds(org.jfree.data.statistics.junit.DefaultBoxAndWhiskerCategoryDatasetTests): Index: 0, Size: 0-]|
[DEBUG] fr.inria.astor.core.loop.AstorCoreEngine.processCreatedVariant(AstorCoreEngine.java:395) - -Valid?: false, fitness 3.0
[DEBUG] fr.inria.astor.core.loop.AstorCoreEngine.undoSingleGeneration(AstorCoreEngine.java:487) - ---Undoing: gnrtn(3844): InsertAfterOp: `if (columnKey == null) { [...] ` ---> `org.jfree.data.KeyedObjec[...]` at pos 1 of parent `{ 	if (rowKey == null) { [...]`
[DEBUG] fr.inria.astor.core.loop.AstorCoreEngine.prepareNextGeneration(AstorCoreEngine.java:284) - 
End analysis generation - 
Solutions found:--> ()
[DEBUG] fr.inria.astor.core.loop.population.FitnessPopulationController.selectProgramVariantsForNextGeneration(FitnessPopulationController.java:52) - Variants to next generation from: 2-->IDs: (7687(f=1.0), 7688(f=3.0), )
[DEBUG] fr.inria.astor.core.loop.population.FitnessPopulationController.selectProgramVariantsForNextGeneration(FitnessPopulationController.java:61) - Selected to next generation: IDs2--> (7687(f=1.0), )
[DEBUG] fr.inria.astor.core.loop.AstorCoreEngine.startEvolution(AstorCoreEngine.java:121) - 
----------Running generation/iteraction 3845, population size: 1
[DEBUG] fr.inria.astor.core.loop.AstorCoreEngine.processGenerations(AstorCoreEngine.java:211) - 
***** Generation 3845
[DEBUG] fr.inria.astor.core.loop.AstorCoreEngine.processGenerations(AstorCoreEngine.java:220) - 
**
*-Parent Variant: [Variant id: 7689, #gens: 69, #ops: 0, parent:-]
[DEBUG] fr.inria.astor.core.loop.AstorCoreEngine.createNewProgramVariant(AstorCoreEngine.java:436) - 
--Child created id: 7690
[DEBUG] fr.inria.astor.core.loop.AstorCoreEngine.modifyProgramVariant(AstorCoreEngine.java:504) - --Creating new operations for variant [Variant id: 7690, #gens: 69, #ops: 0, parent:7689]
[DEBUG] fr.inria.astor.core.loop.AstorCoreEngine.modifyProgramVariant(AstorCoreEngine.java:517) - ---analyzing modificationPoint position: 3
[DEBUG] fr.inria.astor.core.loop.AstorCoreEngine.modifyProgramVariant(AstorCoreEngine.java:540) - operation InsertAfterOp: `return ((("Range[" + (org[...] ` ---> `throw new java.lang.Clone[...]` at pos 0 of parent `{ 	return ((("Range[" + ([...]`
[DEBUG] fr.inria.astor.core.loop.spaces.operators.AstorOperator.addPoint(AstorOperator.java:108) - ---ModificPoint=Range line: 365, el: CtThrowImpl
[DEBUG] fr.inria.astor.core.loop.spaces.operators.AstorOperator.addPoint(AstorOperator.java:109) - ---InsertAfterOp: `return ((("Range[" + (org[...] ` ---> `throw new java.lang.Clone[...]` at pos 0 of parent `{ 	return ((("Range[" + ([...]`
[DEBUG] fr.inria.astor.core.loop.AstorCoreEngine.modifyProgramVariant(AstorCoreEngine.java:562) - 
--Summary Creation: for variant [Variant id: 7690, #gens: 70, #ops: 1, parent:7689] gen mutated: 1 , gen not mut: 0, gen not applied  0
 
[DEBUG] fr.inria.astor.core.loop.AstorCoreEngine.undoSingleGeneration(AstorCoreEngine.java:487) - ---Undoing: gnrtn(3845): InsertAfterOp: `return ((("Range[" + (org[...] ` ---> `throw new java.lang.Clone[...]` at pos 0 of parent `{ 	return ((("Range[" + ([...]`
[DEBUG] fr.inria.astor.core.loop.AstorCoreEngine.prepareNextGeneration(AstorCoreEngine.java:284) - 
End analysis generation - 
Solutions found:--> ()
[DEBUG] fr.inria.astor.core.loop.population.FitnessPopulationController.selectProgramVariantsForNextGeneration(FitnessPopulationController.java:52) - Variants to next generation from: 2-->IDs: (7689(f=1.0), 7690(f=1.7976931348623157E308), )
[DEBUG] fr.inria.astor.core.loop.population.FitnessPopulationController.selectProgramVariantsForNextGeneration(FitnessPopulationController.java:61) - Selected to next generation: IDs2--> (7689(f=1.0), )
[DEBUG] fr.inria.astor.core.loop.AstorCoreEngine.startEvolution(AstorCoreEngine.java:121) - 
----------Running generation/iteraction 3846, population size: 1
[DEBUG] fr.inria.astor.core.loop.AstorCoreEngine.processGenerations(AstorCoreEngine.java:211) - 
***** Generation 3846
[DEBUG] fr.inria.astor.core.loop.AstorCoreEngine.processGenerations(AstorCoreEngine.java:220) - 
**
*-Parent Variant: [Variant id: 7691, #gens: 69, #ops: 0, parent:-]
[DEBUG] fr.inria.astor.core.loop.AstorCoreEngine.createNewProgramVariant(AstorCoreEngine.java:436) - 
--Child created id: 7692
[DEBUG] fr.inria.astor.core.loop.AstorCoreEngine.modifyProgramVariant(AstorCoreEngine.java:504) - --Creating new operations for variant [Variant id: 7692, #gens: 69, #ops: 0, parent:7691]
[DEBUG] fr.inria.astor.core.loop.AstorCoreEngine.modifyProgramVariant(AstorCoreEngine.java:517) - ---analyzing modificationPoint position: 31
[DEBUG] fr.inria.astor.core.loop.AstorCoreEngine.modifyProgramVariant(AstorCoreEngine.java:540) - operation InsertAfterOp: `org.jfree.data.statistics[...] ` ---> `throw new java.lang.Illeg[...]` at pos 0 of parent `{ 	org.jfree.data.statist[...]`
[DEBUG] fr.inria.astor.core.loop.spaces.operators.AstorOperator.addPoint(AstorOperator.java:108) - ---ModificPoint=DefaultBoxAndWhiskerCategoryDataset line: 179, el: CtThrowImpl
[DEBUG] fr.inria.astor.core.loop.spaces.operators.AstorOperator.addPoint(AstorOperator.java:109) - ---InsertAfterOp: `org.jfree.data.statistics[...] ` ---> `throw new java.lang.Illeg[...]` at pos 0 of parent `{ 	org.jfree.data.statist[...]`
[DEBUG] fr.inria.astor.core.loop.AstorCoreEngine.modifyProgramVariant(AstorCoreEngine.java:562) - 
--Summary Creation: for variant [Variant id: 7692, #gens: 70, #ops: 1, parent:7691] gen mutated: 1 , gen not mut: 0, gen not applied  0
 
[DEBUG] fr.inria.astor.core.loop.AstorCoreEngine.undoSingleGeneration(AstorCoreEngine.java:487) - ---Undoing: gnrtn(3846): InsertAfterOp: `org.jfree.data.statistics[...] ` ---> `throw new java.lang.Illeg[...]` at pos 0 of parent `{ 	org.jfree.data.statist[...]`
[DEBUG] fr.inria.astor.core.loop.AstorCoreEngine.prepareNextGeneration(AstorCoreEngine.java:284) - 
End analysis generation - 
Solutions found:--> ()
[DEBUG] fr.inria.astor.core.loop.population.FitnessPopulationController.selectProgramVariantsForNextGeneration(FitnessPopulationController.java:52) - Variants to next generation from: 2-->IDs: (7691(f=1.0), 7692(f=1.7976931348623157E308), )
[DEBUG] fr.inria.astor.core.loop.population.FitnessPopulationController.selectProgramVariantsForNextGeneration(FitnessPopulationController.java:61) - Selected to next generation: IDs2--> (7691(f=1.0), )
[DEBUG] fr.inria.astor.core.loop.AstorCoreEngine.startEvolution(AstorCoreEngine.java:121) - 
----------Running generation/iteraction 3847, population size: 1
[DEBUG] fr.inria.astor.core.loop.AstorCoreEngine.processGenerations(AstorCoreEngine.java:211) - 
***** Generation 3847
[DEBUG] fr.inria.astor.core.loop.AstorCoreEngine.processGenerations(AstorCoreEngine.java:220) - 
**
*-Parent Variant: [Variant id: 7693, #gens: 69, #ops: 0, parent:-]
[DEBUG] fr.inria.astor.core.loop.AstorCoreEngine.createNewProgramVariant(AstorCoreEngine.java:436) - 
--Child created id: 7694
[DEBUG] fr.inria.astor.core.loop.AstorCoreEngine.modifyProgramVariant(AstorCoreEngine.java:504) - --Creating new operations for variant [Variant id: 7694, #gens: 69, #ops: 0, parent:7693]
[DEBUG] fr.inria.astor.core.loop.AstorCoreEngine.modifyProgramVariant(AstorCoreEngine.java:517) - ---analyzing modificationPoint position: 5
[DEBUG] fr.inria.astor.core.loop.AstorCoreEngine.modifyProgramVariant(AstorCoreEngine.java:540) - operation InsertBeforeOp: `org.jfree.data.statistics[...] ` ---> `org.jfree.data.statistics[...]` at pos 0 of parent `{ 	org.jfree.data.statist[...]`
[DEBUG] fr.inria.astor.core.loop.spaces.operators.AstorOperator.addPoint(AstorOperator.java:108) - ---ModificPoint=DefaultBoxAndWhiskerCategoryDataset line: 740, el: CtAssignmentImpl
[DEBUG] fr.inria.astor.core.loop.spaces.operators.AstorOperator.addPoint(AstorOperator.java:109) - ---InsertBeforeOp: `org.jfree.data.statistics[...] ` ---> `org.jfree.data.statistics[...]` at pos 0 of parent `{ 	org.jfree.data.statist[...]`
[DEBUG] fr.inria.astor.core.loop.AstorCoreEngine.modifyProgramVariant(AstorCoreEngine.java:562) - 
--Summary Creation: for variant [Variant id: 7694, #gens: 70, #ops: 1, parent:7693] gen mutated: 1 , gen not mut: 0, gen not applied  0
 
[DEBUG] fr.inria.astor.core.loop.AstorCoreEngine.processCreatedVariant(AstorCoreEngine.java:390) - -The child compiles: id 7694
[DEBUG] fr.inria.astor.core.validation.executors.JUnitExecutorProcess.printCommandToExecute(JUnitExecutorProcess.java:140) - Executing process: 
/usr/lib/jvm/java-1.7.0-openjdk-amd64/bin//java  -Xmx2048m  -cp  /tmp/chart_21_Genprog_local_s1/./lib/jtestex-0.0.1.jar:/tmp/chart_21_Genprog_local_s1/./outputMutation/AstorMain-Chart/bin/variant-7694/:/tmp/chart_21_Genprog_local_s1/lib/:/tmp/chart_21_Genprog_local_s1/lib/cobertura-2.0.3.jar:/tmp/chart_21_Genprog_local_s1/lib/servlet.jar:/tmp/chart_21_Genprog_local_s1/lib/itext-2.0.2.jar:/tmp/chart_21_Genprog_local_s1/lib/junit.jar:/tmp/chart_21_Genprog_local_s1/lib/junit-4.11.jar:/tmp/chart_21_Genprog_local_s1/lib/evosuite-master-1.0.4-SNAPSHOT.jar:/tmp/chart_21_Genprog_local_s1/lib/fixran-0.0.1.jar:/tmp/chart_21_Genprog_local_s1/lib/jtestex-0.0.1.jar:/tmp/chart_21_Genprog_local_s1/./outputMutation/AstorMain-Chart/bin/default/:/home/mmartinez/defects4j-repair/src/python/core/../../../libs/astor.jar:  JUnitExternalExecutor  org.jfree.data.statistics.junit.DefaultBoxAndWhiskerCategoryDatasetTests
[DEBUG] fr.inria.astor.core.validation.executors.JUnitExecutorProcess.execute(JUnitExecutorProcess.java:77) - Execution time 0 seconds
[DEBUG] fr.inria.astor.core.validation.executors.JUnitExecutorProcess.execute(JUnitExecutorProcess.java:80) - Running Exit Value
[DEBUG] fr.inria.astor.core.validation.validators.RegressionValidation.validate(RegressionValidation.java:23) - Failing Val: |false|2|8|[testAddUpdatesCachedRange(org.jfree.data.statistics.junit.DefaultBoxAndWhiskerCategoryDatasetTests): Row key (R1) not recognised.-, testGetRangeBounds(org.jfree.data.statistics.junit.DefaultBoxAndWhiskerCategoryDatasetTests): expected:<Range7.5, 9.5> but was:<Range8.5, 9.5>-]|
[DEBUG] fr.inria.astor.core.loop.AstorCoreEngine.processCreatedVariant(AstorCoreEngine.java:395) - -Valid?: false, fitness 2.0
[DEBUG] fr.inria.astor.core.loop.AstorCoreEngine.undoSingleGeneration(AstorCoreEngine.java:487) - ---Undoing: gnrtn(3847): InsertBeforeOp: `org.jfree.data.statistics[...] ` ---> `org.jfree.data.statistics[...]` at pos 0 of parent `{ 	org.jfree.data.statist[...]`
[DEBUG] fr.inria.astor.core.loop.AstorCoreEngine.prepareNextGeneration(AstorCoreEngine.java:284) - 
End analysis generation - 
Solutions found:--> ()
[DEBUG] fr.inria.astor.core.loop.population.FitnessPopulationController.selectProgramVariantsForNextGeneration(FitnessPopulationController.java:52) - Variants to next generation from: 2-->IDs: (7693(f=1.0), 7694(f=2.0), )
[DEBUG] fr.inria.astor.core.loop.population.FitnessPopulationController.selectProgramVariantsForNextGeneration(FitnessPopulationController.java:61) - Selected to next generation: IDs2--> (7693(f=1.0), )
[DEBUG] fr.inria.astor.core.loop.AstorCoreEngine.startEvolution(AstorCoreEngine.java:121) - 
----------Running generation/iteraction 3848, population size: 1
[DEBUG] fr.inria.astor.core.loop.AstorCoreEngine.processGenerations(AstorCoreEngine.java:211) - 
***** Generation 3848
[DEBUG] fr.inria.astor.core.loop.AstorCoreEngine.processGenerations(AstorCoreEngine.java:220) - 
**
*-Parent Variant: [Variant id: 7695, #gens: 69, #ops: 0, parent:-]
[DEBUG] fr.inria.astor.core.loop.AstorCoreEngine.createNewProgramVariant(AstorCoreEngine.java:436) - 
--Child created id: 7696
[DEBUG] fr.inria.astor.core.loop.AstorCoreEngine.modifyProgramVariant(AstorCoreEngine.java:504) - --Creating new operations for variant [Variant id: 7696, #gens: 69, #ops: 0, parent:7695]
[DEBUG] fr.inria.astor.core.loop.AstorCoreEngine.modifyProgramVariant(AstorCoreEngine.java:517) - ---analyzing modificationPoint position: 35
[DEBUG] fr.inria.astor.core.loop.AstorCoreEngine.modifyProgramVariant(AstorCoreEngine.java:540) - operation InsertBeforeOp: `fireDatasetChanged() ` ---> `org.jfree.data.statistics[...]` at pos 11 of parent `{ 	org.jfree.data.statist[...]`
[DEBUG] fr.inria.astor.core.loop.spaces.operators.AstorOperator.addPoint(AstorOperator.java:108) - ---ModificPoint=DefaultBoxAndWhiskerCategoryDataset line: 191, el: CtAssignmentImpl
[DEBUG] fr.inria.astor.core.loop.spaces.operators.AstorOperator.addPoint(AstorOperator.java:109) - ---InsertBeforeOp: `fireDatasetChanged() ` ---> `org.jfree.data.statistics[...]` at pos 11 of parent `{ 	org.jfree.data.statist[...]`
[DEBUG] fr.inria.astor.core.loop.AstorCoreEngine.modifyProgramVariant(AstorCoreEngine.java:562) - 
--Summary Creation: for variant [Variant id: 7696, #gens: 70, #ops: 1, parent:7695] gen mutated: 1 , gen not mut: 0, gen not applied  0
 
[DEBUG] fr.inria.astor.core.loop.AstorCoreEngine.processCreatedVariant(AstorCoreEngine.java:390) - -The child compiles: id 7696
[DEBUG] fr.inria.astor.core.validation.executors.JUnitExecutorProcess.printCommandToExecute(JUnitExecutorProcess.java:140) - Executing process: 
/usr/lib/jvm/java-1.7.0-openjdk-amd64/bin//java  -Xmx2048m  -cp  /tmp/chart_21_Genprog_local_s1/./lib/jtestex-0.0.1.jar:/tmp/chart_21_Genprog_local_s1/./outputMutation/AstorMain-Chart/bin/variant-7696/:/tmp/chart_21_Genprog_local_s1/lib/:/tmp/chart_21_Genprog_local_s1/lib/cobertura-2.0.3.jar:/tmp/chart_21_Genprog_local_s1/lib/servlet.jar:/tmp/chart_21_Genprog_local_s1/lib/itext-2.0.2.jar:/tmp/chart_21_Genprog_local_s1/lib/junit.jar:/tmp/chart_21_Genprog_local_s1/lib/junit-4.11.jar:/tmp/chart_21_Genprog_local_s1/lib/evosuite-master-1.0.4-SNAPSHOT.jar:/tmp/chart_21_Genprog_local_s1/lib/fixran-0.0.1.jar:/tmp/chart_21_Genprog_local_s1/lib/jtestex-0.0.1.jar:/tmp/chart_21_Genprog_local_s1/./outputMutation/AstorMain-Chart/bin/default/:/home/mmartinez/defects4j-repair/src/python/core/../../../libs/astor.jar:  JUnitExternalExecutor  org.jfree.data.statistics.junit.DefaultBoxAndWhiskerCategoryDatasetTests
[DEBUG] fr.inria.astor.core.validation.executors.JUnitExecutorProcess.execute(JUnitExecutorProcess.java:77) - Execution time 0 seconds
[DEBUG] fr.inria.astor.core.validation.executors.JUnitExecutorProcess.execute(JUnitExecutorProcess.java:80) - Running Exit Value
[DEBUG] fr.inria.astor.core.validation.validators.RegressionValidation.validate(RegressionValidation.java:23) - Failing Val: |false|1|8|[testGetRangeBounds(org.jfree.data.statistics.junit.DefaultBoxAndWhiskerCategoryDatasetTests): expected:<Range8.5, 9.6> but was:<Range8.6, 9.6>-]|
[DEBUG] fr.inria.astor.core.loop.AstorCoreEngine.processCreatedVariant(AstorCoreEngine.java:395) - -Valid?: false, fitness 1.0
[DEBUG] fr.inria.astor.core.loop.AstorCoreEngine.undoSingleGeneration(AstorCoreEngine.java:487) - ---Undoing: gnrtn(3848): InsertBeforeOp: `fireDatasetChanged() ` ---> `org.jfree.data.statistics[...]` at pos 11 of parent `{ 	org.jfree.data.statist[...]`
[DEBUG] fr.inria.astor.core.loop.AstorCoreEngine.prepareNextGeneration(AstorCoreEngine.java:284) - 
End analysis generation - 
Solutions found:--> ()
[DEBUG] fr.inria.astor.core.loop.population.FitnessPopulationController.selectProgramVariantsForNextGeneration(FitnessPopulationController.java:52) - Variants to next generation from: 2-->IDs: (7695(f=1.0), 7696(f=1.0), )
[DEBUG] fr.inria.astor.core.loop.population.FitnessPopulationController.selectProgramVariantsForNextGeneration(FitnessPopulationController.java:61) - Selected to next generation: IDs2--> (7695(f=1.0), )
[DEBUG] fr.inria.astor.core.loop.AstorCoreEngine.startEvolution(AstorCoreEngine.java:121) - 
----------Running generation/iteraction 3849, population size: 1
[DEBUG] fr.inria.astor.core.loop.AstorCoreEngine.processGenerations(AstorCoreEngine.java:211) - 
***** Generation 3849
[DEBUG] fr.inria.astor.core.loop.AstorCoreEngine.processGenerations(AstorCoreEngine.java:220) - 
**
*-Parent Variant: [Variant id: 7697, #gens: 69, #ops: 0, parent:-]
[DEBUG] fr.inria.astor.core.loop.AstorCoreEngine.createNewProgramVariant(AstorCoreEngine.java:436) - 
--Child created id: 7698
[DEBUG] fr.inria.astor.core.loop.AstorCoreEngine.modifyProgramVariant(AstorCoreEngine.java:504) - --Creating new operations for variant [Variant id: 7698, #gens: 69, #ops: 0, parent:7697]
[DEBUG] fr.inria.astor.core.loop.AstorCoreEngine.modifyProgramVariant(AstorCoreEngine.java:517) - ---analyzing modificationPoint position: 0
[DEBUG] fr.inria.astor.core.loop.AstorCoreEngine.modifyProgramVariant(AstorCoreEngine.java:540) - operation InsertAfterOp: `org.jfree.data.statistics[...] ` ---> `int r = org.jfree.data.st[...]` at pos 0 of parent `{ 	org.jfree.data.statist[...]`
[DEBUG] fr.inria.astor.core.loop.spaces.operators.AstorOperator.addPoint(AstorOperator.java:108) - ---ModificPoint=DefaultBoxAndWhiskerCategoryDataset line: 173, el: CtLocalVariableImpl
[DEBUG] fr.inria.astor.core.loop.spaces.operators.AstorOperator.addPoint(AstorOperator.java:109) - ---InsertAfterOp: `org.jfree.data.statistics[...] ` ---> `int r = org.jfree.data.st[...]` at pos 0 of parent `{ 	org.jfree.data.statist[...]`
[DEBUG] fr.inria.astor.core.loop.AstorCoreEngine.modifyProgramVariant(AstorCoreEngine.java:562) - 
--Summary Creation: for variant [Variant id: 7698, #gens: 70, #ops: 1, parent:7697] gen mutated: 1 , gen not mut: 0, gen not applied  0
 
[DEBUG] fr.inria.astor.core.loop.AstorCoreEngine.undoSingleGeneration(AstorCoreEngine.java:487) - ---Undoing: gnrtn(3849): InsertAfterOp: `org.jfree.data.statistics[...] ` ---> `int r = org.jfree.data.st[...]` at pos 0 of parent `{ 	org.jfree.data.statist[...]`
[DEBUG] fr.inria.astor.core.loop.AstorCoreEngine.prepareNextGeneration(AstorCoreEngine.java:284) - 
End analysis generation - 
Solutions found:--> ()
[DEBUG] fr.inria.astor.core.loop.population.FitnessPopulationController.selectProgramVariantsForNextGeneration(FitnessPopulationController.java:52) - Variants to next generation from: 2-->IDs: (7697(f=1.0), 7698(f=1.7976931348623157E308), )
[DEBUG] fr.inria.astor.core.loop.population.FitnessPopulationController.selectProgramVariantsForNextGeneration(FitnessPopulationController.java:61) - Selected to next generation: IDs2--> (7697(f=1.0), )
[DEBUG] fr.inria.astor.core.loop.AstorCoreEngine.startEvolution(AstorCoreEngine.java:121) - 
----------Running generation/iteraction 3850, population size: 1
[DEBUG] fr.inria.astor.core.loop.AstorCoreEngine.processGenerations(AstorCoreEngine.java:211) - 
***** Generation 3850
[DEBUG] fr.inria.astor.core.loop.AstorCoreEngine.processGenerations(AstorCoreEngine.java:220) - 
**
*-Parent Variant: [Variant id: 7699, #gens: 69, #ops: 0, parent:-]
[DEBUG] fr.inria.astor.core.loop.AstorCoreEngine.createNewProgramVariant(AstorCoreEngine.java:436) - 
--Child created id: 7700
[DEBUG] fr.inria.astor.core.loop.AstorCoreEngine.modifyProgramVariant(AstorCoreEngine.java:504) - --Creating new operations for variant [Variant id: 7700, #gens: 69, #ops: 0, parent:7699]
[DEBUG] fr.inria.astor.core.loop.AstorCoreEngine.modifyProgramVariant(AstorCoreEngine.java:517) - ---analyzing modificationPoint position: 0
[DEBUG] fr.inria.astor.core.loop.AstorCoreEngine.modifyProgramVariant(AstorCoreEngine.java:540) - operation InsertBeforeOp: `org.jfree.data.statistics[...] ` ---> `double min = java.lang.Do[...]` at pos 0 of parent `{ 	org.jfree.data.statist[...]`
[DEBUG] fr.inria.astor.core.loop.spaces.operators.AstorOperator.addPoint(AstorOperator.java:108) - ---ModificPoint=DefaultBoxAndWhiskerCategoryDataset line: 173, el: CtLocalVariableImpl
[DEBUG] fr.inria.astor.core.loop.spaces.operators.AstorOperator.addPoint(AstorOperator.java:109) - ---InsertBeforeOp: `org.jfree.data.statistics[...] ` ---> `double min = java.lang.Do[...]` at pos 0 of parent `{ 	org.jfree.data.statist[...]`
[DEBUG] fr.inria.astor.core.loop.AstorCoreEngine.modifyProgramVariant(AstorCoreEngine.java:562) - 
--Summary Creation: for variant [Variant id: 7700, #gens: 70, #ops: 1, parent:7699] gen mutated: 1 , gen not mut: 0, gen not applied  0
 
[DEBUG] fr.inria.astor.core.loop.AstorCoreEngine.processCreatedVariant(AstorCoreEngine.java:390) - -The child compiles: id 7700
[DEBUG] fr.inria.astor.core.validation.executors.JUnitExecutorProcess.printCommandToExecute(JUnitExecutorProcess.java:140) - Executing process: 
/usr/lib/jvm/java-1.7.0-openjdk-amd64/bin//java  -Xmx2048m  -cp  /tmp/chart_21_Genprog_local_s1/./lib/jtestex-0.0.1.jar:/tmp/chart_21_Genprog_local_s1/./outputMutation/AstorMain-Chart/bin/variant-7700/:/tmp/chart_21_Genprog_local_s1/lib/:/tmp/chart_21_Genprog_local_s1/lib/cobertura-2.0.3.jar:/tmp/chart_21_Genprog_local_s1/lib/servlet.jar:/tmp/chart_21_Genprog_local_s1/lib/itext-2.0.2.jar:/tmp/chart_21_Genprog_local_s1/lib/junit.jar:/tmp/chart_21_Genprog_local_s1/lib/junit-4.11.jar:/tmp/chart_21_Genprog_local_s1/lib/evosuite-master-1.0.4-SNAPSHOT.jar:/tmp/chart_21_Genprog_local_s1/lib/fixran-0.0.1.jar:/tmp/chart_21_Genprog_local_s1/lib/jtestex-0.0.1.jar:/tmp/chart_21_Genprog_local_s1/./outputMutation/AstorMain-Chart/bin/default/:/home/mmartinez/defects4j-repair/src/python/core/../../../libs/astor.jar:  JUnitExternalExecutor  org.jfree.data.statistics.junit.DefaultBoxAndWhiskerCategoryDatasetTests
[DEBUG] fr.inria.astor.core.validation.executors.JUnitExecutorProcess.execute(JUnitExecutorProcess.java:77) - Execution time 0 seconds
[DEBUG] fr.inria.astor.core.validation.executors.JUnitExecutorProcess.execute(JUnitExecutorProcess.java:80) - Running Exit Value
[DEBUG] fr.inria.astor.core.validation.validators.RegressionValidation.validate(RegressionValidation.java:23) - Failing Val: |false|1|8|[testGetRangeBounds(org.jfree.data.statistics.junit.DefaultBoxAndWhiskerCategoryDatasetTests): expected:<Range8.5, 9.6> but was:<Range8.6, 9.6>-]|
[DEBUG] fr.inria.astor.core.loop.AstorCoreEngine.processCreatedVariant(AstorCoreEngine.java:395) - -Valid?: false, fitness 1.0
[DEBUG] fr.inria.astor.core.loop.AstorCoreEngine.undoSingleGeneration(AstorCoreEngine.java:487) - ---Undoing: gnrtn(3850): InsertBeforeOp: `org.jfree.data.statistics[...] ` ---> `double min = java.lang.Do[...]` at pos 0 of parent `{ 	double min = java.lang[...]`
[DEBUG] fr.inria.astor.core.loop.AstorCoreEngine.prepareNextGeneration(AstorCoreEngine.java:284) - 
End analysis generation - 
Solutions found:--> ()
[DEBUG] fr.inria.astor.core.loop.population.FitnessPopulationController.selectProgramVariantsForNextGeneration(FitnessPopulationController.java:52) - Variants to next generation from: 2-->IDs: (7699(f=1.0), 7700(f=1.0), )
[DEBUG] fr.inria.astor.core.loop.population.FitnessPopulationController.selectProgramVariantsForNextGeneration(FitnessPopulationController.java:61) - Selected to next generation: IDs2--> (7699(f=1.0), )
[INFO ] fr.inria.astor.core.loop.AstorCoreEngine.belowMaxTime(AstorCoreEngine.java:172) - 
 No more time for operating
[INFO ] fr.inria.astor.core.loop.AstorCoreEngine.startEvolution(AstorCoreEngine.java:128) - Time Repair Loop (s): 7262.369
[INFO ] fr.inria.astor.core.loop.AstorCoreEngine.showResults(AstorCoreEngine.java:134) - 

