seed AstorRun 27 
export PATH="/home/mmartinez/defects4j/framework/bin:$PATH";export JAVA_TOOL_OPTIONS=-Dfile.encoding=UTF8;export PATH="/usr/lib/jvm/java-1.7.0-openjdk-amd64/bin/:$PATH";cd /home/mmartinez/projects/math/math_73;defects4j compile;cp -r /home/mmartinez/projects/math/math_73 /tmp/math_73_Genprog_local_s1;cd /tmp/math_73_Genprog_local_s1;mkdir lib/;cp -r /home/mmartinez/defects4j/framework/projects/lib/* lib/;cp -r /home/mmartinez/defects4j/framework/projects/Math/lib/* lib/;find . -type f -name "package-info.java" -delete;
/home/mmartinez/defects4j-repair/src/python/core/../../../results/2016-june/Math/seed/27/package/73/Genprog/result
cd /tmp/math_73_Genprog_local_s1;export JAVA_TOOL_OPTIONS=-Dfile.encoding=UTF8;TZ="America/New_York"; export TZexport PATH="/usr/lib/jvm/java-1.7.0-openjdk-amd64/bin/:$PATH";time /home/mmartinez/jdk1.8.0_45/bin//java -Xmx4096m -cp /home/mmartinez/defects4j-repair/src/python/core/../../..//libs/astor.jar fr.inria.main.evolution.MainjGenProg -mode statement -location . -id Math -dependencies lib/ -failing org.apache.commons.math.analysis.solvers.BrentSolverTest: -package org.apache.commons -jvm4testexecution /usr/lib/jvm/java-1.7.0-openjdk-amd64/bin/ -jvm4evosuitetestexecution /home/mmartinez/jdk1.8.0_45/bin/ -javacompliancelevel 5 -maxgen 1000000 -seed 27 -scope package -maxtime 120  -stopfirst false -population 1 -srcjavafolder src/main/java/ -srctestfolder src/test/java/ -binjavafolder target/classes/ -bintestfolder target/test-classes/ -flthreshold 0.1  -validation  fr.inria.astor.core.validation.validators.RegressionValidation  -ESParameters -Dassertion_timeout=1800:-Dminimization_timeout=1800:-Djunit_check_timeout=1800:-Dwrite_junit_timeout=300:-Dinitialization_timeout=300:-Dglobal_timeout=18000:-Dsearch_budget=100000:-Dstopping_condition=MaxStatements:-Dno_runtime_dependency=true:-Dsandbox=false:-Dp_reflection_on_private=0.0:-Dreflection_start_percent=1.0:-Dp_functional_mocking=0.0:-Dfunctional_mocking_percent=1.0:-mem=2000 -testbystep  -ignoredtestcases org.apache.commons.lang.LocaleUtilsTest  -excludeRegression  -maxgen 100000000 ;echo "

Node: `hostname`
";echo "
Date: `date`
"; find /tmp/math_73_Genprog_local_s1/outputMutation -name "*.class" -type f -delete;echo "removed classes 
"; find . -name bin  -type d -print0|xargs -0 rm -r --; zip -r -q out.zip /tmp/math_73_Genprog_local_s1/outputMutation; echo "zipped 
";cp out.zip /home/mmartinez/defects4j-repair/src/python/core/../../../results/2016-june/Math/seed/27/package/73/Genprog; echo "copied zip 
";rm -rf /tmp/math_73_Genprog_local_s1;

[DEBUG] fr.inria.astor.core.loop.AstorCoreEngine.showResults(AstorCoreEngine.java:136) - End Repair Loops: Found solution
[DEBUG] fr.inria.astor.core.loop.AstorCoreEngine.showResults(AstorCoreEngine.java:137) - Solution stored at: /tmp/math_73_Genprog_local_s1/./outputMutation/AstorMain-Math//src/
[DEBUG] fr.inria.astor.core.loop.AstorCoreEngine.showResults(AstorCoreEngine.java:142) - 
Number solutions:16
[DEBUG] fr.inria.astor.core.loop.AstorCoreEngine.showResults(AstorCoreEngine.java:144) - f (sol): 3.0, [Variant id: 96 (SOL) , #gens: 24, #ops: 1, parent:95]
[DEBUG] fr.inria.astor.core.loop.AstorCoreEngine.showResults(AstorCoreEngine.java:144) - f (sol): 3.0, [Variant id: 316 (SOL) , #gens: 24, #ops: 1, parent:315]
[DEBUG] fr.inria.astor.core.loop.AstorCoreEngine.showResults(AstorCoreEngine.java:144) - f (sol): 4.0, [Variant id: 972 (SOL) , #gens: 25, #ops: 1, parent:971]
[DEBUG] fr.inria.astor.core.loop.AstorCoreEngine.showResults(AstorCoreEngine.java:144) - f (sol): 3.0, [Variant id: 1022 (SOL) , #gens: 25, #ops: 1, parent:1021]
[DEBUG] fr.inria.astor.core.loop.AstorCoreEngine.showResults(AstorCoreEngine.java:144) - f (sol): 5.0, [Variant id: 1284 (SOL) , #gens: 25, #ops: 1, parent:1283]
[DEBUG] fr.inria.astor.core.loop.AstorCoreEngine.showResults(AstorCoreEngine.java:144) - f (sol): 3.0, [Variant id: 2066 (SOL) , #gens: 24, #ops: 1, parent:2065]
[DEBUG] fr.inria.astor.core.loop.AstorCoreEngine.showResults(AstorCoreEngine.java:144) - f (sol): 4.0, [Variant id: 2070 (SOL) , #gens: 25, #ops: 1, parent:2069]
[DEBUG] fr.inria.astor.core.loop.AstorCoreEngine.showResults(AstorCoreEngine.java:144) - f (sol): 7.0, [Variant id: 2552 (SOL) , #gens: 25, #ops: 1, parent:2551]
[DEBUG] fr.inria.astor.core.loop.AstorCoreEngine.showResults(AstorCoreEngine.java:144) - f (sol): 7.0, [Variant id: 3886 (SOL) , #gens: 25, #ops: 1, parent:3885]
[DEBUG] fr.inria.astor.core.loop.AstorCoreEngine.showResults(AstorCoreEngine.java:144) - f (sol): 3.0, [Variant id: 5320 (SOL) , #gens: 25, #ops: 1, parent:5319]
[DEBUG] fr.inria.astor.core.loop.AstorCoreEngine.showResults(AstorCoreEngine.java:144) - f (sol): 7.0, [Variant id: 5538 (SOL) , #gens: 25, #ops: 1, parent:5537]
[DEBUG] fr.inria.astor.core.loop.AstorCoreEngine.showResults(AstorCoreEngine.java:144) - f (sol): 4.0, [Variant id: 6858 (SOL) , #gens: 25, #ops: 1, parent:6857]
[DEBUG] fr.inria.astor.core.loop.AstorCoreEngine.showResults(AstorCoreEngine.java:144) - f (sol): 5.0, [Variant id: 6990 (SOL) , #gens: 25, #ops: 1, parent:6989]
[DEBUG] fr.inria.astor.core.loop.AstorCoreEngine.showResults(AstorCoreEngine.java:144) - f (sol): 3.0, [Variant id: 7190 (SOL) , #gens: 25, #ops: 1, parent:7189]
[DEBUG] fr.inria.astor.core.loop.AstorCoreEngine.showResults(AstorCoreEngine.java:144) - f (sol): 7.0, [Variant id: 8494 (SOL) , #gens: 25, #ops: 1, parent:8493]
[DEBUG] fr.inria.astor.core.loop.AstorCoreEngine.showResults(AstorCoreEngine.java:144) - f (sol): 4.0, [Variant id: 9424 (SOL) , #gens: 25, #ops: 1, parent:9423]
[DEBUG] fr.inria.astor.core.loop.AstorCoreEngine.showResults(AstorCoreEngine.java:146) - 
All variants:
[DEBUG] fr.inria.astor.core.loop.AstorCoreEngine.showResults(AstorCoreEngine.java:148) - f 1.0, [Variant id: 9425, #gens: 24, #ops: 0, parent:-]
[INFO ] fr.inria.astor.core.loop.AstorCoreEngine.showResults(AstorCoreEngine.java:152) - 
Solution details
[INFO ] fr.inria.astor.core.loop.AstorCoreEngine.showResults(AstorCoreEngine.java:153) - 
 --SOLUTIONS DESCRIPTION--

 ----
ProgramVariant 96
 
time(sec)= 324
operation: ReplaceOp
location= org.apache.commons.math.analysis.solvers.BrentSolver
line= 138
lineSuspiciousness= 1
original statement= return solve(f, min, yMin, max, yMax, initial, yInitial)
fixed statement= return solve(f, initial, max)
generation= 48
ingredientScope= PACKAGE
validation=
failing: |true|0|6|[]|
manual_regression: |true|0|2140|[]|
evo_regression: |false|3|32|[test01(org.apache.commons.math.analysis.solvers.BrentSolver_ESTest): function values at endpoints do not have different signs.  Endpoints: 2, 938.455, 5, 017.112, Values: ∞, ∞-, test03(org.apache.commons.math.analysis.solvers.BrentSolver_ESTest): function values at endpoints do not have different signs.  Endpoints: -337.646, 672.039, Values: 0, 7, 294, 266, 992, 256, 637, 000, 000, 000, 000, 000, 000, 000, 000, 000, 000, 000, 000, 000, 000, 000, 000, 000, 000, 000, 000, 000, 000, 000, 000, 000, 000, 000, 000, 000, 000, 000, 000, 000, 000, 000, 000, 000, 000, 000, 000, 000, 000, 000, 000, 000, 000, 000, 000, 000, 000, 000, 000, 000, 000, 000, 000, 000, 000, 000, 000, 000, 000, 000, 000, 000, 000, 000, 000, 000, 000, 000, 000, 000, 000, 000, 000, 000, 000, 000, 000, 000, 000, 000, 000, 000, 000, 000, 000, 000, 000, 000, 000-, test27(org.apache.commons.math.analysis.solvers.BrentSolver_ESTest): expected:<8> but was:<0>-]|
 ----
ProgramVariant 316
 
time(sec)= 573
operation: ReplaceOp
location= org.apache.commons.math.analysis.solvers.BrentSolver
line= 138
lineSuspiciousness= 1
original statement= return solve(f, min, yMin, max, yMax, initial, yInitial)
fixed statement= return solve(f, min, initial)
generation= 158
ingredientScope= PACKAGE
validation=
failing: |true|0|6|[]|
manual_regression: |true|0|2140|[]|
evo_regression: |false|3|32|[test01(org.apache.commons.math.analysis.solvers.BrentSolver_ESTest): function values at endpoints do not have different signs.  Endpoints: 0.019, 2, 938.455, Values: 0.019, ∞-, test03(org.apache.commons.math.analysis.solvers.BrentSolver_ESTest): expected:<1> but was:<0>-, test27(org.apache.commons.math.analysis.solvers.BrentSolver_ESTest): function values at endpoints do not have different signs.  Endpoints: -73.05, -29.254, Values: 0.713, 0.83-]|
 ----
ProgramVariant 972
 
time(sec)= 1102
operation: InsertAfterOp
location= org.apache.commons.math.analysis.solvers.BrentSolver
line= 125
lineSuspiciousness= 0.707
original statement= double yMax = f.value(max)
fixed statement= verifyBracketing(min, max, f)
generation= 486
ingredientScope= PACKAGE
validation=
failing: |true|0|6|[]|
manual_regression: |true|0|2140|[]|
evo_regression: |false|4|32|[test28(org.apache.commons.math.analysis.solvers.BrentSolver_ESTest): function values at endpoints do not have different signs.  Endpoints: -901.055, 0, Values: -0.549, 0-, test01(org.apache.commons.math.analysis.solvers.BrentSolver_ESTest): function values at endpoints do not have different signs.  Endpoints: 0.019, 5, 017.112, Values: 0.019, ∞-, test03(org.apache.commons.math.analysis.solvers.BrentSolver_ESTest): function values at endpoints do not have different signs.  Endpoints: -1, 072.393, 672.039, Values: 0, 7, 294, 266, 992, 256, 637, 000, 000, 000, 000, 000, 000, 000, 000, 000, 000, 000, 000, 000, 000, 000, 000, 000, 000, 000, 000, 000, 000, 000, 000, 000, 000, 000, 000, 000, 000, 000, 000, 000, 000, 000, 000, 000, 000, 000, 000, 000, 000, 000, 000, 000, 000, 000, 000, 000, 000, 000, 000, 000, 000, 000, 000, 000, 000, 000, 000, 000, 000, 000, 000, 000, 000, 000, 000, 000, 000, 000, 000, 000, 000, 000, 000, 000, 000, 000, 000, 000, 000, 000, 000, 000, 000, 000, 000, 000, 000, 000, 000-, test27(org.apache.commons.math.analysis.solvers.BrentSolver_ESTest): function values at endpoints do not have different signs.  Endpoints: -73.05, 0, Values: 0.713, 0-]|
 ----
ProgramVariant 1022
 
time(sec)= 1234
operation: InsertBeforeOp
location= org.apache.commons.math.analysis.solvers.BrentSolver
line= 138
lineSuspiciousness= 1
original statement= return solve(f, min, yMin, max, yMax, initial, yInitial)
fixed statement= verifyBracketing(min, max, f)
generation= 511
ingredientScope= PACKAGE
validation=
failing: |true|0|6|[]|
manual_regression: |true|0|2140|[]|
evo_regression: |false|3|32|[test01(org.apache.commons.math.analysis.solvers.BrentSolver_ESTest): function values at endpoints do not have different signs.  Endpoints: 0.019, 5, 017.112, Values: 0.019, ∞-, test03(org.apache.commons.math.analysis.solvers.BrentSolver_ESTest): function values at endpoints do not have different signs.  Endpoints: -1, 072.393, 672.039, Values: 0, 7, 294, 266, 992, 256, 637, 000, 000, 000, 000, 000, 000, 000, 000, 000, 000, 000, 000, 000, 000, 000, 000, 000, 000, 000, 000, 000, 000, 000, 000, 000, 000, 000, 000, 000, 000, 000, 000, 000, 000, 000, 000, 000, 000, 000, 000, 000, 000, 000, 000, 000, 000, 000, 000, 000, 000, 000, 000, 000, 000, 000, 000, 000, 000, 000, 000, 000, 000, 000, 000, 000, 000, 000, 000, 000, 000, 000, 000, 000, 000, 000, 000, 000, 000, 000, 000, 000, 000, 000, 000, 000, 000, 000, 000, 000, 000, 000, 000-, test27(org.apache.commons.math.analysis.solvers.BrentSolver_ESTest): function values at endpoints do not have different signs.  Endpoints: -73.05, 0, Values: 0.713, 0-]|
 ----
ProgramVariant 1284
 
time(sec)= 1446
operation: InsertBeforeOp
location= org.apache.commons.math.analysis.solvers.BrentSolver
line= 120
lineSuspiciousness= 0.707
original statement= if ((yInitial * yMin) < 0) {
	return solve(f, min, yMin, initial, yInitial, min, yMin);
} 
fixed statement= verifyBracketing(min, max, f)
generation= 642
ingredientScope= PACKAGE
validation=
failing: |true|0|6|[]|
manual_regression: |true|0|2140|[]|
evo_regression: |false|5|32|[test28(org.apache.commons.math.analysis.solvers.BrentSolver_ESTest): function values at endpoints do not have different signs.  Endpoints: -901.055, 0, Values: -0.549, 0-, test21(org.apache.commons.math.analysis.solvers.BrentSolver_ESTest): function values at endpoints do not have different signs.  Endpoints: -1, 372.431, 307.446, Values: -0.43, -0.417-, test01(org.apache.commons.math.analysis.solvers.BrentSolver_ESTest): function values at endpoints do not have different signs.  Endpoints: 0.019, 5, 017.112, Values: 0.019, ∞-, test03(org.apache.commons.math.analysis.solvers.BrentSolver_ESTest): function values at endpoints do not have different signs.  Endpoints: -1, 072.393, 672.039, Values: 0, 7, 294, 266, 992, 256, 637, 000, 000, 000, 000, 000, 000, 000, 000, 000, 000, 000, 000, 000, 000, 000, 000, 000, 000, 000, 000, 000, 000, 000, 000, 000, 000, 000, 000, 000, 000, 000, 000, 000, 000, 000, 000, 000, 000, 000, 000, 000, 000, 000, 000, 000, 000, 000, 000, 000, 000, 000, 000, 000, 000, 000, 000, 000, 000, 000, 000, 000, 000, 000, 000, 000, 000, 000, 000, 000, 000, 000, 000, 000, 000, 000, 000, 000, 000, 000, 000, 000, 000, 000, 000, 000, 000, 000, 000, 000, 000, 000, 000-, test27(org.apache.commons.math.analysis.solvers.BrentSolver_ESTest): function values at endpoints do not have different signs.  Endpoints: -73.05, 0, Values: 0.713, 0-]|
 ----
ProgramVariant 2066
 
time(sec)= 2032
operation: ReplaceOp
location= org.apache.commons.math.analysis.solvers.BrentSolver
line= 138
lineSuspiciousness= 1
original statement= return solve(f, min, yMin, max, yMax, initial, yInitial)
fixed statement= return solve(f, min, max)
generation= 1033
ingredientScope= PACKAGE
validation=
failing: |true|0|6|[]|
manual_regression: |true|0|2140|[]|
evo_regression: |false|3|32|[test01(org.apache.commons.math.analysis.solvers.BrentSolver_ESTest): function values at endpoints do not have different signs.  Endpoints: 0.019, 5, 017.112, Values: 0.019, ∞-, test03(org.apache.commons.math.analysis.solvers.BrentSolver_ESTest): expected:<1> but was:<0>-, test27(org.apache.commons.math.analysis.solvers.BrentSolver_ESTest): expected:<8> but was:<0>-]|
 ----
ProgramVariant 2070
 
time(sec)= 2141
operation: InsertBeforeOp
location= org.apache.commons.math.analysis.solvers.BrentSolver
line= 125
lineSuspiciousness= 0.707
original statement= double yMax = f.value(max)
fixed statement= verifyBracketing(min, max, f)
generation= 1035
ingredientScope= PACKAGE
validation=
failing: |true|0|6|[]|
manual_regression: |true|0|2140|[]|
evo_regression: |false|4|32|[test28(org.apache.commons.math.analysis.solvers.BrentSolver_ESTest): function values at endpoints do not have different signs.  Endpoints: -901.055, 0, Values: -0.549, 0-, test01(org.apache.commons.math.analysis.solvers.BrentSolver_ESTest): function values at endpoints do not have different signs.  Endpoints: 0.019, 5, 017.112, Values: 0.019, ∞-, test03(org.apache.commons.math.analysis.solvers.BrentSolver_ESTest): function values at endpoints do not have different signs.  Endpoints: -1, 072.393, 672.039, Values: 0, 7, 294, 266, 992, 256, 637, 000, 000, 000, 000, 000, 000, 000, 000, 000, 000, 000, 000, 000, 000, 000, 000, 000, 000, 000, 000, 000, 000, 000, 000, 000, 000, 000, 000, 000, 000, 000, 000, 000, 000, 000, 000, 000, 000, 000, 000, 000, 000, 000, 000, 000, 000, 000, 000, 000, 000, 000, 000, 000, 000, 000, 000, 000, 000, 000, 000, 000, 000, 000, 000, 000, 000, 000, 000, 000, 000, 000, 000, 000, 000, 000, 000, 000, 000, 000, 000, 000, 000, 000, 000, 000, 000, 000, 000, 000, 000, 000, 000-, test27(org.apache.commons.math.analysis.solvers.BrentSolver_ESTest): function values at endpoints do not have different signs.  Endpoints: -73.05, 0, Values: 0.713, 0-]|
 ----
ProgramVariant 2552
 
time(sec)= 2541
operation: InsertBeforeOp
location= org.apache.commons.math.analysis.solvers.BrentSolver
line= 113
lineSuspiciousness= 0.707
original statement= double yMin = f.value(min)
fixed statement= verifyBracketing(min, max, f)
generation= 1276
ingredientScope= PACKAGE
validation=
failing: |true|0|6|[]|
manual_regression: |true|0|2140|[]|
evo_regression: |false|7|32|[test06(org.apache.commons.math.analysis.solvers.BrentSolver_ESTest): function values at endpoints do not have different signs.  Endpoints: 0, 1, 765.896, Values: 0, 0.315-, test28(org.apache.commons.math.analysis.solvers.BrentSolver_ESTest): function values at endpoints do not have different signs.  Endpoints: -901.055, 0, Values: -0.549, 0-, test21(org.apache.commons.math.analysis.solvers.BrentSolver_ESTest): function values at endpoints do not have different signs.  Endpoints: -1, 372.431, 307.446, Values: -0.43, -0.417-, test01(org.apache.commons.math.analysis.solvers.BrentSolver_ESTest): function values at endpoints do not have different signs.  Endpoints: 0.019, 5, 017.112, Values: 0.019, ∞-, test03(org.apache.commons.math.analysis.solvers.BrentSolver_ESTest): function values at endpoints do not have different signs.  Endpoints: -1, 072.393, 672.039, Values: 0, 7, 294, 266, 992, 256, 637, 000, 000, 000, 000, 000, 000, 000, 000, 000, 000, 000, 000, 000, 000, 000, 000, 000, 000, 000, 000, 000, 000, 000, 000, 000, 000, 000, 000, 000, 000, 000, 000, 000, 000, 000, 000, 000, 000, 000, 000, 000, 000, 000, 000, 000, 000, 000, 000, 000, 000, 000, 000, 000, 000, 000, 000, 000, 000, 000, 000, 000, 000, 000, 000, 000, 000, 000, 000, 000, 000, 000, 000, 000, 000, 000, 000, 000, 000, 000, 000, 000, 000, 000, 000, 000, 000, 000, 000, 000, 000, 000, 000-, test27(org.apache.commons.math.analysis.solvers.BrentSolver_ESTest): function values at endpoints do not have different signs.  Endpoints: -73.05, 0, Values: 0.713, 0-, test04(org.apache.commons.math.analysis.solvers.BrentSolver_ESTest): function values at endpoints do not have different signs.  Endpoints: 0, 2, 486.872, Values: 0, 95, 119, 013, 708, 077, 408-]|
 ----
ProgramVariant 3886
 
time(sec)= 3463
operation: InsertAfterOp
location= org.apache.commons.math.analysis.solvers.BrentSolver
line= 107
lineSuspiciousness= 0.707
original statement= if ((java.lang.Math.abs(yInitial)) <= (functionValueAccuracy)) {
	setResult(initial, 0);
	return result;
} 
fixed statement= verifyBracketing(min, max, f)
generation= 1943
ingredientScope= PACKAGE
validation=
failing: |true|0|6|[]|
manual_regression: |true|0|2140|[]|
evo_regression: |false|7|32|[test06(org.apache.commons.math.analysis.solvers.BrentSolver_ESTest): function values at endpoints do not have different signs.  Endpoints: 0, 1, 765.896, Values: 0, 0.315-, test28(org.apache.commons.math.analysis.solvers.BrentSolver_ESTest): function values at endpoints do not have different signs.  Endpoints: -901.055, 0, Values: -0.549, 0-, test21(org.apache.commons.math.analysis.solvers.BrentSolver_ESTest): function values at endpoints do not have different signs.  Endpoints: -1, 372.431, 307.446, Values: -0.43, -0.417-, test01(org.apache.commons.math.analysis.solvers.BrentSolver_ESTest): function values at endpoints do not have different signs.  Endpoints: 0.019, 5, 017.112, Values: 0.019, ∞-, test03(org.apache.commons.math.analysis.solvers.BrentSolver_ESTest): function values at endpoints do not have different signs.  Endpoints: -1, 072.393, 672.039, Values: 0, 7, 294, 266, 992, 256, 637, 000, 000, 000, 000, 000, 000, 000, 000, 000, 000, 000, 000, 000, 000, 000, 000, 000, 000, 000, 000, 000, 000, 000, 000, 000, 000, 000, 000, 000, 000, 000, 000, 000, 000, 000, 000, 000, 000, 000, 000, 000, 000, 000, 000, 000, 000, 000, 000, 000, 000, 000, 000, 000, 000, 000, 000, 000, 000, 000, 000, 000, 000, 000, 000, 000, 000, 000, 000, 000, 000, 000, 000, 000, 000, 000, 000, 000, 000, 000, 000, 000, 000, 000, 000, 000, 000, 000, 000, 000, 000, 000, 000-, test27(org.apache.commons.math.analysis.solvers.BrentSolver_ESTest): function values at endpoints do not have different signs.  Endpoints: -73.05, 0, Values: 0.713, 0-, test04(org.apache.commons.math.analysis.solvers.BrentSolver_ESTest): function values at endpoints do not have different signs.  Endpoints: 0, 2, 486.872, Values: 0, 95, 119, 013, 708, 077, 408-]|
 ----
ProgramVariant 5320
 
time(sec)= 4421
operation: InsertBeforeOp
location= org.apache.commons.math.analysis.solvers.BrentSolver
line= 132
lineSuspiciousness= 0.707
original statement= if ((yInitial * yMax) < 0) {
	return solve(f, initial, yInitial, max, yMax, initial, yInitial);
} 
fixed statement= verifyBracketing(min, max, f)
generation= 2660
ingredientScope= PACKAGE
validation=
failing: |true|0|6|[]|
manual_regression: |true|0|2140|[]|
evo_regression: |false|3|32|[test01(org.apache.commons.math.analysis.solvers.BrentSolver_ESTest): function values at endpoints do not have different signs.  Endpoints: 0.019, 5, 017.112, Values: 0.019, ∞-, test03(org.apache.commons.math.analysis.solvers.BrentSolver_ESTest): function values at endpoints do not have different signs.  Endpoints: -1, 072.393, 672.039, Values: 0, 7, 294, 266, 992, 256, 637, 000, 000, 000, 000, 000, 000, 000, 000, 000, 000, 000, 000, 000, 000, 000, 000, 000, 000, 000, 000, 000, 000, 000, 000, 000, 000, 000, 000, 000, 000, 000, 000, 000, 000, 000, 000, 000, 000, 000, 000, 000, 000, 000, 000, 000, 000, 000, 000, 000, 000, 000, 000, 000, 000, 000, 000, 000, 000, 000, 000, 000, 000, 000, 000, 000, 000, 000, 000, 000, 000, 000, 000, 000, 000, 000, 000, 000, 000, 000, 000, 000, 000, 000, 000, 000, 000, 000, 000, 000, 000, 000, 000-, test27(org.apache.commons.math.analysis.solvers.BrentSolver_ESTest): function values at endpoints do not have different signs.  Endpoints: -73.05, 0, Values: 0.713, 0-]|
 ----
ProgramVariant 5538
 
time(sec)= 4645
operation: InsertBeforeOp
location= org.apache.commons.math.analysis.solvers.BrentSolver
line= 114
lineSuspiciousness= 0.707
original statement= if ((java.lang.Math.abs(yMin)) <= (functionValueAccuracy)) {
	setResult(yMin, 0);
	return result;
} 
fixed statement= verifyBracketing(min, max, f)
generation= 2769
ingredientScope= PACKAGE
validation=
failing: |true|0|6|[]|
manual_regression: |true|0|2140|[]|
evo_regression: |false|7|32|[test06(org.apache.commons.math.analysis.solvers.BrentSolver_ESTest): function values at endpoints do not have different signs.  Endpoints: 0, 1, 765.896, Values: 0, 0.315-, test28(org.apache.commons.math.analysis.solvers.BrentSolver_ESTest): function values at endpoints do not have different signs.  Endpoints: -901.055, 0, Values: -0.549, 0-, test21(org.apache.commons.math.analysis.solvers.BrentSolver_ESTest): function values at endpoints do not have different signs.  Endpoints: -1, 372.431, 307.446, Values: -0.43, -0.417-, test01(org.apache.commons.math.analysis.solvers.BrentSolver_ESTest): function values at endpoints do not have different signs.  Endpoints: 0.019, 5, 017.112, Values: 0.019, ∞-, test03(org.apache.commons.math.analysis.solvers.BrentSolver_ESTest): function values at endpoints do not have different signs.  Endpoints: -1, 072.393, 672.039, Values: 0, 7, 294, 266, 992, 256, 637, 000, 000, 000, 000, 000, 000, 000, 000, 000, 000, 000, 000, 000, 000, 000, 000, 000, 000, 000, 000, 000, 000, 000, 000, 000, 000, 000, 000, 000, 000, 000, 000, 000, 000, 000, 000, 000, 000, 000, 000, 000, 000, 000, 000, 000, 000, 000, 000, 000, 000, 000, 000, 000, 000, 000, 000, 000, 000, 000, 000, 000, 000, 000, 000, 000, 000, 000, 000, 000, 000, 000, 000, 000, 000, 000, 000, 000, 000, 000, 000, 000, 000, 000, 000, 000, 000, 000, 000, 000, 000, 000, 000-, test27(org.apache.commons.math.analysis.solvers.BrentSolver_ESTest): function values at endpoints do not have different signs.  Endpoints: -73.05, 0, Values: 0.713, 0-, test04(org.apache.commons.math.analysis.solvers.BrentSolver_ESTest): function values at endpoints do not have different signs.  Endpoints: 0, 2, 486.872, Values: 0, 95, 119, 013, 708, 077, 408-]|
 ----
ProgramVariant 6858
 
time(sec)= 5497
operation: InsertAfterOp
location= org.apache.commons.math.analysis.solvers.BrentSolver
line= 120
lineSuspiciousness= 0.707
original statement= if ((yInitial * yMin) < 0) {
	return solve(f, min, yMin, initial, yInitial, min, yMin);
} 
fixed statement= verifyBracketing(min, max, f)
generation= 3429
ingredientScope= PACKAGE
validation=
failing: |true|0|6|[]|
manual_regression: |true|0|2140|[]|
evo_regression: |false|4|32|[test28(org.apache.commons.math.analysis.solvers.BrentSolver_ESTest): function values at endpoints do not have different signs.  Endpoints: -901.055, 0, Values: -0.549, 0-, test01(org.apache.commons.math.analysis.solvers.BrentSolver_ESTest): function values at endpoints do not have different signs.  Endpoints: 0.019, 5, 017.112, Values: 0.019, ∞-, test03(org.apache.commons.math.analysis.solvers.BrentSolver_ESTest): function values at endpoints do not have different signs.  Endpoints: -1, 072.393, 672.039, Values: 0, 7, 294, 266, 992, 256, 637, 000, 000, 000, 000, 000, 000, 000, 000, 000, 000, 000, 000, 000, 000, 000, 000, 000, 000, 000, 000, 000, 000, 000, 000, 000, 000, 000, 000, 000, 000, 000, 000, 000, 000, 000, 000, 000, 000, 000, 000, 000, 000, 000, 000, 000, 000, 000, 000, 000, 000, 000, 000, 000, 000, 000, 000, 000, 000, 000, 000, 000, 000, 000, 000, 000, 000, 000, 000, 000, 000, 000, 000, 000, 000, 000, 000, 000, 000, 000, 000, 000, 000, 000, 000, 000, 000, 000, 000, 000, 000, 000, 000-, test27(org.apache.commons.math.analysis.solvers.BrentSolver_ESTest): function values at endpoints do not have different signs.  Endpoints: -73.05, 0, Values: 0.713, 0-]|
 ----
ProgramVariant 6990
 
time(sec)= 5692
operation: InsertAfterOp
location= org.apache.commons.math.analysis.solvers.BrentSolver
line= 114
lineSuspiciousness= 0.707
original statement= if ((java.lang.Math.abs(yMin)) <= (functionValueAccuracy)) {
	setResult(yMin, 0);
	return result;
} 
fixed statement= verifyBracketing(min, max, f)
generation= 3495
ingredientScope= PACKAGE
validation=
failing: |true|0|6|[]|
manual_regression: |true|0|2140|[]|
evo_regression: |false|5|32|[test28(org.apache.commons.math.analysis.solvers.BrentSolver_ESTest): function values at endpoints do not have different signs.  Endpoints: -901.055, 0, Values: -0.549, 0-, test21(org.apache.commons.math.analysis.solvers.BrentSolver_ESTest): function values at endpoints do not have different signs.  Endpoints: -1, 372.431, 307.446, Values: -0.43, -0.417-, test01(org.apache.commons.math.analysis.solvers.BrentSolver_ESTest): function values at endpoints do not have different signs.  Endpoints: 0.019, 5, 017.112, Values: 0.019, ∞-, test03(org.apache.commons.math.analysis.solvers.BrentSolver_ESTest): function values at endpoints do not have different signs.  Endpoints: -1, 072.393, 672.039, Values: 0, 7, 294, 266, 992, 256, 637, 000, 000, 000, 000, 000, 000, 000, 000, 000, 000, 000, 000, 000, 000, 000, 000, 000, 000, 000, 000, 000, 000, 000, 000, 000, 000, 000, 000, 000, 000, 000, 000, 000, 000, 000, 000, 000, 000, 000, 000, 000, 000, 000, 000, 000, 000, 000, 000, 000, 000, 000, 000, 000, 000, 000, 000, 000, 000, 000, 000, 000, 000, 000, 000, 000, 000, 000, 000, 000, 000, 000, 000, 000, 000, 000, 000, 000, 000, 000, 000, 000, 000, 000, 000, 000, 000, 000, 000, 000, 000, 000, 000-, test27(org.apache.commons.math.analysis.solvers.BrentSolver_ESTest): function values at endpoints do not have different signs.  Endpoints: -73.05, 0, Values: 0.713, 0-]|
 ----
ProgramVariant 7190
 
time(sec)= 5894
operation: InsertAfterOp
location= org.apache.commons.math.analysis.solvers.BrentSolver
line= 132
lineSuspiciousness= 0.707
original statement= if ((yInitial * yMax) < 0) {
	return solve(f, initial, yInitial, max, yMax, initial, yInitial);
} 
fixed statement= verifyBracketing(min, max, f)
generation= 3595
ingredientScope= PACKAGE
validation=
failing: |true|0|6|[]|
manual_regression: |true|0|2140|[]|
evo_regression: |false|3|32|[test01(org.apache.commons.math.analysis.solvers.BrentSolver_ESTest): function values at endpoints do not have different signs.  Endpoints: 0.019, 5, 017.112, Values: 0.019, ∞-, test03(org.apache.commons.math.analysis.solvers.BrentSolver_ESTest): function values at endpoints do not have different signs.  Endpoints: -1, 072.393, 672.039, Values: 0, 7, 294, 266, 992, 256, 637, 000, 000, 000, 000, 000, 000, 000, 000, 000, 000, 000, 000, 000, 000, 000, 000, 000, 000, 000, 000, 000, 000, 000, 000, 000, 000, 000, 000, 000, 000, 000, 000, 000, 000, 000, 000, 000, 000, 000, 000, 000, 000, 000, 000, 000, 000, 000, 000, 000, 000, 000, 000, 000, 000, 000, 000, 000, 000, 000, 000, 000, 000, 000, 000, 000, 000, 000, 000, 000, 000, 000, 000, 000, 000, 000, 000, 000, 000, 000, 000, 000, 000, 000, 000, 000, 000, 000, 000, 000, 000, 000, 000-, test27(org.apache.commons.math.analysis.solvers.BrentSolver_ESTest): function values at endpoints do not have different signs.  Endpoints: -73.05, 0, Values: 0.713, 0-]|
 ----
ProgramVariant 8494
 
time(sec)= 6719
operation: InsertAfterOp
location= org.apache.commons.math.analysis.solvers.BrentSolver
line= 113
lineSuspiciousness= 0.707
original statement= double yMin = f.value(min)
fixed statement= verifyBracketing(min, max, f)
generation= 4247
ingredientScope= PACKAGE
validation=
failing: |true|0|6|[]|
manual_regression: |true|0|2140|[]|
evo_regression: |false|7|32|[test06(org.apache.commons.math.analysis.solvers.BrentSolver_ESTest): function values at endpoints do not have different signs.  Endpoints: 0, 1, 765.896, Values: 0, 0.315-, test28(org.apache.commons.math.analysis.solvers.BrentSolver_ESTest): function values at endpoints do not have different signs.  Endpoints: -901.055, 0, Values: -0.549, 0-, test21(org.apache.commons.math.analysis.solvers.BrentSolver_ESTest): function values at endpoints do not have different signs.  Endpoints: -1, 372.431, 307.446, Values: -0.43, -0.417-, test01(org.apache.commons.math.analysis.solvers.BrentSolver_ESTest): function values at endpoints do not have different signs.  Endpoints: 0.019, 5, 017.112, Values: 0.019, ∞-, test03(org.apache.commons.math.analysis.solvers.BrentSolver_ESTest): function values at endpoints do not have different signs.  Endpoints: -1, 072.393, 672.039, Values: 0, 7, 294, 266, 992, 256, 637, 000, 000, 000, 000, 000, 000, 000, 000, 000, 000, 000, 000, 000, 000, 000, 000, 000, 000, 000, 000, 000, 000, 000, 000, 000, 000, 000, 000, 000, 000, 000, 000, 000, 000, 000, 000, 000, 000, 000, 000, 000, 000, 000, 000, 000, 000, 000, 000, 000, 000, 000, 000, 000, 000, 000, 000, 000, 000, 000, 000, 000, 000, 000, 000, 000, 000, 000, 000, 000, 000, 000, 000, 000, 000, 000, 000, 000, 000, 000, 000, 000, 000, 000, 000, 000, 000, 000, 000, 000, 000, 000, 000-, test27(org.apache.commons.math.analysis.solvers.BrentSolver_ESTest): function values at endpoints do not have different signs.  Endpoints: -73.05, 0, Values: 0.713, 0-, test04(org.apache.commons.math.analysis.solvers.BrentSolver_ESTest): function values at endpoints do not have different signs.  Endpoints: 0, 2, 486.872, Values: 0, 95, 119, 013, 708, 077, 408-]|
 ----
ProgramVariant 9424
 
time(sec)= 7284
operation: InsertBeforeOp
location= org.apache.commons.math.analysis.solvers.BrentSolver
line= 126
lineSuspiciousness= 0.707
original statement= if ((java.lang.Math.abs(yMax)) <= (functionValueAccuracy)) {
	setResult(yMax, 0);
	return result;
} 
fixed statement= verifyBracketing(min, max, f)
generation= 4712
ingredientScope= PACKAGE
validation=
failing: |true|0|6|[]|
manual_regression: |true|0|2140|[]|
evo_regression: |false|4|32|[test28(org.apache.commons.math.analysis.solvers.BrentSolver_ESTest): function values at endpoints do not have different signs.  Endpoints: -901.055, 0, Values: -0.549, 0-, test01(org.apache.commons.math.analysis.solvers.BrentSolver_ESTest): function values at endpoints do not have different signs.  Endpoints: 0.019, 5, 017.112, Values: 0.019, ∞-, test03(org.apache.commons.math.analysis.solvers.BrentSolver_ESTest): function values at endpoints do not have different signs.  Endpoints: -1, 072.393, 672.039, Values: 0, 7, 294, 266, 992, 256, 637, 000, 000, 000, 000, 000, 000, 000, 000, 000, 000, 000, 000, 000, 000, 000, 000, 000, 000, 000, 000, 000, 000, 000, 000, 000, 000, 000, 000, 000, 000, 000, 000, 000, 000, 000, 000, 000, 000, 000, 000, 000, 000, 000, 000, 000, 000, 000, 000, 000, 000, 000, 000, 000, 000, 000, 000, 000, 000, 000, 000, 000, 000, 000, 000, 000, 000, 000, 000, 000, 000, 000, 000, 000, 000, 000, 000, 000, 000, 000, 000, 000, 000, 000, 000, 000, 000, 000, 000, 000, 000, 000, 000-, test27(org.apache.commons.math.analysis.solvers.BrentSolver_ESTest): function values at endpoints do not have different signs.  Endpoints: -73.05, 0, Values: 0.713, 0-]|
[INFO ] fr.inria.main.evolution.AstorMain.run(AstorMain.java:397) - Time Total(s): 7300.556


Node: grisou-18.nancy.grid5000.fr


Date: Sat Jan 28 15:40:44 CET 2017

removed classes 

zipped 

copied zip 


