seed AstorRun 13 
export PATH="/home/mmartinez/defects4j/framework/bin:$PATH";export JAVA_TOOL_OPTIONS=-Dfile.encoding=UTF8;export PATH="/usr/lib/jvm/java-1.7.0-openjdk-amd64/bin/:$PATH";cd /home/mmartinez/projects/math/math_28;defects4j compile;cp -r /home/mmartinez/projects/math/math_28 /tmp/math_28_Genprog_local_s1;cd /tmp/math_28_Genprog_local_s1;mkdir lib/;cp -r /home/mmartinez/defects4j/framework/projects/lib/* lib/;cp -r /home/mmartinez/defects4j/framework/projects/Math/lib/* lib/;find . -type f -name "package-info.java" -delete;
/home/mmartinez/defects4j-repair/src/python/core/../../../results/2016-june/Math/seed/13/package/28/Genprog/result
cd /tmp/math_28_Genprog_local_s1;export JAVA_TOOL_OPTIONS=-Dfile.encoding=UTF8;TZ="America/New_York"; export TZexport PATH="/usr/lib/jvm/java-1.7.0-openjdk-amd64/bin/:$PATH";time /home/mmartinez/jdk1.8.0_45/bin//java -Xmx4096m -cp /home/mmartinez/defects4j-repair/src/python/core/../../..//libs/astor.jar fr.inria.main.evolution.MainjGenProg -mode statement -location . -id Math -dependencies lib/ -failing org.apache.commons.math3.optimization.linear.SimplexSolverTest: -package org.apache.commons -jvm4testexecution /usr/lib/jvm/java-1.7.0-openjdk-amd64/bin/ -jvm4evosuitetestexecution /home/mmartinez/jdk1.8.0_45/bin/ -javacompliancelevel 5 -maxgen 1000000 -seed 13 -scope package -maxtime 120  -stopfirst false -population 1 -srcjavafolder src/main/java/ -srctestfolder src/test/java/ -binjavafolder target/classes/ -bintestfolder target/test-classes/ -flthreshold 0.1  -validation  fr.inria.astor.core.validation.validators.RegressionValidation  -ESParameters -Dassertion_timeout=1800:-Dminimization_timeout=1800:-Djunit_check_timeout=1800:-Dwrite_junit_timeout=300:-Dinitialization_timeout=300:-Dglobal_timeout=18000:-Dsearch_budget=100000:-Dstopping_condition=MaxStatements:-Dno_runtime_dependency=true:-Dsandbox=false:-Dp_reflection_on_private=0.0:-Dreflection_start_percent=1.0:-Dp_functional_mocking=0.0:-Dfunctional_mocking_percent=1.0:-mem=2000 -ignoredtestcases org.apache.commons.lang.LocaleUtilsTest  -excludeRegression  -maxgen 100000000 ;echo "

Node: `hostname`
";echo "
Date: `date`
"; find /tmp/math_28_Genprog_local_s1/outputMutation -name "*.class" -type f -delete;echo "removed classes 
"; find . -name bin  -type d -print0|xargs -0 rm -r --; zip -r -q out.zip /tmp/math_28_Genprog_local_s1/outputMutation; echo "zipped 
";cp out.zip /home/mmartinez/defects4j-repair/src/python/core/../../../results/2016-june/Math/seed/13/package/28/Genprog; echo "copied zip 
";rm -rf /tmp/math_28_Genprog_local_s1;

[DEBUG] fr.inria.astor.core.loop.AstorCoreEngine.showResults(AstorCoreEngine.java:136) - End Repair Loops: Found solution
[DEBUG] fr.inria.astor.core.loop.AstorCoreEngine.showResults(AstorCoreEngine.java:137) - Solution stored at: /tmp/math_28_Genprog_local_s1/./outputMutation/AstorMain-Math//src/
[DEBUG] fr.inria.astor.core.loop.AstorCoreEngine.showResults(AstorCoreEngine.java:142) - 
Number solutions:21
[DEBUG] fr.inria.astor.core.loop.AstorCoreEngine.showResults(AstorCoreEngine.java:144) - f (sol): 0.0, [Variant id: 298 (SOL) , #gens: 217, #ops: 1, parent:297]
[DEBUG] fr.inria.astor.core.loop.AstorCoreEngine.showResults(AstorCoreEngine.java:144) - f (sol): 0.0, [Variant id: 358 (SOL) , #gens: 217, #ops: 1, parent:357]
[DEBUG] fr.inria.astor.core.loop.AstorCoreEngine.showResults(AstorCoreEngine.java:144) - f (sol): 0.0, [Variant id: 374 (SOL) , #gens: 217, #ops: 1, parent:373]
[DEBUG] fr.inria.astor.core.loop.AstorCoreEngine.showResults(AstorCoreEngine.java:144) - f (sol): 0.0, [Variant id: 694 (SOL) , #gens: 217, #ops: 1, parent:693]
[DEBUG] fr.inria.astor.core.loop.AstorCoreEngine.showResults(AstorCoreEngine.java:144) - f (sol): 0.0, [Variant id: 698 (SOL) , #gens: 217, #ops: 1, parent:697]
[DEBUG] fr.inria.astor.core.loop.AstorCoreEngine.showResults(AstorCoreEngine.java:144) - f (sol): 0.0, [Variant id: 734 (SOL) , #gens: 217, #ops: 1, parent:733]
[DEBUG] fr.inria.astor.core.loop.AstorCoreEngine.showResults(AstorCoreEngine.java:144) - f (sol): 0.0, [Variant id: 858 (SOL) , #gens: 217, #ops: 1, parent:857]
[DEBUG] fr.inria.astor.core.loop.AstorCoreEngine.showResults(AstorCoreEngine.java:144) - f (sol): 0.0, [Variant id: 890 (SOL) , #gens: 217, #ops: 1, parent:889]
[DEBUG] fr.inria.astor.core.loop.AstorCoreEngine.showResults(AstorCoreEngine.java:144) - f (sol): 0.0, [Variant id: 1000 (SOL) , #gens: 217, #ops: 1, parent:999]
[DEBUG] fr.inria.astor.core.loop.AstorCoreEngine.showResults(AstorCoreEngine.java:144) - f (sol): 0.0, [Variant id: 1064 (SOL) , #gens: 217, #ops: 1, parent:1063]
[DEBUG] fr.inria.astor.core.loop.AstorCoreEngine.showResults(AstorCoreEngine.java:144) - f (sol): 0.0, [Variant id: 1120 (SOL) , #gens: 217, #ops: 1, parent:1119]
[DEBUG] fr.inria.astor.core.loop.AstorCoreEngine.showResults(AstorCoreEngine.java:144) - f (sol): 0.0, [Variant id: 1126 (SOL) , #gens: 217, #ops: 1, parent:1125]
[DEBUG] fr.inria.astor.core.loop.AstorCoreEngine.showResults(AstorCoreEngine.java:144) - f (sol): 0.0, [Variant id: 1130 (SOL) , #gens: 217, #ops: 1, parent:1129]
[DEBUG] fr.inria.astor.core.loop.AstorCoreEngine.showResults(AstorCoreEngine.java:144) - f (sol): 0.0, [Variant id: 1384 (SOL) , #gens: 217, #ops: 1, parent:1383]
[DEBUG] fr.inria.astor.core.loop.AstorCoreEngine.showResults(AstorCoreEngine.java:144) - f (sol): 0.0, [Variant id: 1542 (SOL) , #gens: 217, #ops: 1, parent:1541]
[DEBUG] fr.inria.astor.core.loop.AstorCoreEngine.showResults(AstorCoreEngine.java:144) - f (sol): 0.0, [Variant id: 1604 (SOL) , #gens: 217, #ops: 1, parent:1603]
[DEBUG] fr.inria.astor.core.loop.AstorCoreEngine.showResults(AstorCoreEngine.java:144) - f (sol): 0.0, [Variant id: 1660 (SOL) , #gens: 218, #ops: 1, parent:1659]
[DEBUG] fr.inria.astor.core.loop.AstorCoreEngine.showResults(AstorCoreEngine.java:144) - f (sol): 0.0, [Variant id: 1868 (SOL) , #gens: 217, #ops: 1, parent:1867]
[DEBUG] fr.inria.astor.core.loop.AstorCoreEngine.showResults(AstorCoreEngine.java:144) - f (sol): 0.0, [Variant id: 1910 (SOL) , #gens: 217, #ops: 1, parent:1909]
[DEBUG] fr.inria.astor.core.loop.AstorCoreEngine.showResults(AstorCoreEngine.java:144) - f (sol): 0.0, [Variant id: 1932 (SOL) , #gens: 217, #ops: 1, parent:1931]
[DEBUG] fr.inria.astor.core.loop.AstorCoreEngine.showResults(AstorCoreEngine.java:144) - f (sol): 0.0, [Variant id: 2012 (SOL) , #gens: 218, #ops: 1, parent:2011]
[DEBUG] fr.inria.astor.core.loop.AstorCoreEngine.showResults(AstorCoreEngine.java:146) - 
All variants:
[DEBUG] fr.inria.astor.core.loop.AstorCoreEngine.showResults(AstorCoreEngine.java:148) - f 1.0, [Variant id: 2013, #gens: 218, #ops: 0, parent:-]
[INFO ] fr.inria.astor.core.loop.AstorCoreEngine.showResults(AstorCoreEngine.java:152) - 
Solution details
[INFO ] fr.inria.astor.core.loop.AstorCoreEngine.showResults(AstorCoreEngine.java:153) - 
 --SOLUTIONS DESCRIPTION--

 ----
ProgramVariant 298
 
time(sec)= 697
operation: RemoveOp
location= org.apache.commons.math3.optimization.linear.SimplexSolver
line= 145
lineSuspiciousness= 0.354
original statement= minIndex = i
fixed statement= 
generation= 149
ingredientScope= -
validation=
failing: |true|0|26|[]|
manual_regression: |true|0|3917|[]|
evo_regression: |true|0|8|[]|
 ----
ProgramVariant 358
 
time(sec)= 1060
operation: RemoveOp
location= org.apache.commons.math3.optimization.linear.SimplexSolver
line= 151
lineSuspiciousness= 0.354
original statement= return minRow
fixed statement= 
generation= 179
ingredientScope= -
validation=
failing: |true|0|26|[]|
manual_regression: |true|0|3917|[]|
evo_regression: |true|0|8|[]|
 ----
ProgramVariant 374
 
time(sec)= 1253
operation: RemoveOp
location= org.apache.commons.math3.optimization.linear.SimplexSolver
line= 145
lineSuspiciousness= 0.354
original statement= minIndex = i
fixed statement= 
generation= 187
ingredientScope= -
validation=
failing: |true|0|26|[]|
manual_regression: |true|0|3917|[]|
evo_regression: |true|0|8|[]|
 ----
ProgramVariant 694
 
time(sec)= 1934
operation: RemoveOp
location= org.apache.commons.math3.optimization.linear.SimplexSolver
line= 151
lineSuspiciousness= 0.354
original statement= return minRow
fixed statement= 
generation= 347
ingredientScope= -
validation=
failing: |true|0|26|[]|
manual_regression: |true|0|3917|[]|
evo_regression: |true|0|8|[]|
 ----
ProgramVariant 698
 
time(sec)= 2123
operation: RemoveOp
location= org.apache.commons.math3.optimization.linear.SimplexSolver
line= 145
lineSuspiciousness= 0.354
original statement= minIndex = i
fixed statement= 
generation= 349
ingredientScope= -
validation=
failing: |true|0|26|[]|
manual_regression: |true|0|3917|[]|
evo_regression: |true|0|8|[]|
 ----
ProgramVariant 734
 
time(sec)= 2331
operation: RemoveOp
location= org.apache.commons.math3.optimization.linear.SimplexSolver
line= 124
lineSuspiciousness= 0.236
original statement= return row
fixed statement= 
generation= 367
ingredientScope= -
validation=
failing: |true|0|26|[]|
manual_regression: |true|0|3917|[]|
evo_regression: |true|0|8|[]|
 ----
ProgramVariant 858
 
time(sec)= 2672
operation: RemoveOp
location= org.apache.commons.math3.optimization.linear.SimplexSolver
line= 77
lineSuspiciousness= 0.144
original statement= minValue = entry
fixed statement= 
generation= 429
ingredientScope= -
validation=
failing: |true|0|26|[]|
manual_regression: |true|0|3917|[]|
evo_regression: |true|0|8|[]|
 ----
ProgramVariant 890
 
time(sec)= 2890
operation: RemoveOp
location= org.apache.commons.math3.optimization.linear.SimplexSolver
line= 104
lineSuspiciousness= 0.224
original statement= minRatioPositions.add(i)
fixed statement= 
generation= 445
ingredientScope= -
validation=
failing: |true|0|26|[]|
manual_regression: |true|0|3917|[]|
evo_regression: |true|0|8|[]|
 ----
ProgramVariant 1000
 
time(sec)= 3226
operation: RemoveOp
location= org.apache.commons.math3.optimization.linear.SimplexSolver
line= 151
lineSuspiciousness= 0.354
original statement= return minRow
fixed statement= 
generation= 500
ingredientScope= -
validation=
failing: |true|0|26|[]|
manual_regression: |true|0|3917|[]|
evo_regression: |true|0|8|[]|
 ----
ProgramVariant 1064
 
time(sec)= 3475
operation: RemoveOp
location= org.apache.commons.math3.optimization.linear.SimplexSolver
line= 120
lineSuspiciousness= 0.224
original statement= for (int i = 0 ; i < (tableau.getNumArtificialVariables()) ; i++) {
	int column = i + (tableau.getArtificialVariableOffset());
	final double entry = tableau.getEntry(row, column);
	if ((org.apache.commons.math3.util.Precision.equals(entry, 1.0, maxUlps)) && (row.equals(tableau.getBasicRow(column)))) {
		return row;
	} 
}
fixed statement= 
generation= 532
ingredientScope= -
validation=
failing: |true|0|26|[]|
manual_regression: |true|0|3917|[]|
evo_regression: |true|0|8|[]|
 ----
ProgramVariant 1120
 
time(sec)= 3709
operation: RemoveOp
location= org.apache.commons.math3.optimization.linear.SimplexSolver
line= 77
lineSuspiciousness= 0.144
original statement= minValue = entry
fixed statement= 
generation= 560
ingredientScope= -
validation=
failing: |true|0|26|[]|
manual_regression: |true|0|3917|[]|
evo_regression: |true|0|8|[]|
 ----
ProgramVariant 1126
 
time(sec)= 3897
operation: RemoveOp
location= org.apache.commons.math3.optimization.linear.SimplexSolver
line= 151
lineSuspiciousness= 0.354
original statement= return minRow
fixed statement= 
generation= 563
ingredientScope= -
validation=
failing: |true|0|26|[]|
manual_regression: |true|0|3917|[]|
evo_regression: |true|0|8|[]|
 ----
ProgramVariant 1130
 
time(sec)= 4081
operation: RemoveOp
location= org.apache.commons.math3.optimization.linear.SimplexSolver
line= 120
lineSuspiciousness= 0.224
original statement= for (int i = 0 ; i < (tableau.getNumArtificialVariables()) ; i++) {
	int column = i + (tableau.getArtificialVariableOffset());
	final double entry = tableau.getEntry(row, column);
	if ((org.apache.commons.math3.util.Precision.equals(entry, 1.0, maxUlps)) && (row.equals(tableau.getBasicRow(column)))) {
		return row;
	} 
}
fixed statement= 
generation= 565
ingredientScope= -
validation=
failing: |true|0|26|[]|
manual_regression: |true|0|3917|[]|
evo_regression: |true|0|8|[]|
 ----
ProgramVariant 1384
 
time(sec)= 4774
operation: RemoveOp
location= org.apache.commons.math3.optimization.linear.SimplexSolver
line= 115
lineSuspiciousness= 0.144
original statement= if ((minRatioPositions.size()) > 1) {
	for (java.lang.Integer row : minRatioPositions) {
		for (int i = 0 ; i < (tableau.getNumArtificialVariables()) ; i++) {
			int column = i + (tableau.getArtificialVariableOffset());
			final double entry = tableau.getEntry(row, column);
			if ((org.apache.commons.math3.util.Precision.equals(entry, 1.0, maxUlps)) && (row.equals(tableau.getBasicRow(column)))) {
				return row;
			} 
		}
	}
	java.lang.Integer minRow = null;
	int minIndex = tableau.getWidth();
	for (java.lang.Integer row : minRatioPositions) {
		int i = tableau.getNumObjectiveFunctions();
		for ( ; (i < ((tableau.getWidth()) - 1)) && (minRow != row) ; i++) {
			if (row == (tableau.getBasicRow(i))) {
				if (i < minIndex) {
					minIndex = i;
					minRow = row;
				} 
			} 
		}
	}
	return minRow;
} 
fixed statement= 
generation= 692
ingredientScope= -
validation=
failing: |true|0|26|[]|
manual_regression: |true|0|3917|[]|
evo_regression: |true|0|8|[]|
 ----
ProgramVariant 1542
 
time(sec)= 5306
operation: RemoveOp
location= org.apache.commons.math3.optimization.linear.SimplexSolver
line= 151
lineSuspiciousness= 0.354
original statement= return minRow
fixed statement= 
generation= 771
ingredientScope= -
validation=
failing: |true|0|26|[]|
manual_regression: |true|0|3917|[]|
evo_regression: |true|0|8|[]|
 ----
ProgramVariant 1604
 
time(sec)= 5554
operation: RemoveOp
location= org.apache.commons.math3.optimization.linear.SimplexSolver
line= 104
lineSuspiciousness= 0.224
original statement= minRatioPositions.add(i)
fixed statement= 
generation= 802
ingredientScope= -
validation=
failing: |true|0|26|[]|
manual_regression: |true|0|3917|[]|
evo_regression: |true|0|8|[]|
 ----
ProgramVariant 1660
 
time(sec)= 5934
operation: ReplaceOp
location= org.apache.commons.math3.optimization.linear.SimplexSolver
line= 124
lineSuspiciousness= 0.236
original statement= return row
fixed statement= return minRatioPositions.get(0)
generation= 830
ingredientScope= LOCAL
validation=
failing: |true|0|26|[]|
manual_regression: |true|0|3917|[]|
evo_regression: |true|0|8|[]|
 ----
ProgramVariant 1868
 
time(sec)= 6464
operation: RemoveOp
location= org.apache.commons.math3.optimization.linear.SimplexSolver
line= 123
lineSuspiciousness= 0.236
original statement= if ((org.apache.commons.math3.util.Precision.equals(entry, 1.0, maxUlps)) && (row.equals(tableau.getBasicRow(column)))) {
	return row;
} 
fixed statement= 
generation= 934
ingredientScope= -
validation=
failing: |true|0|26|[]|
manual_regression: |true|0|3917|[]|
evo_regression: |true|0|8|[]|
 ----
ProgramVariant 1910
 
time(sec)= 6684
operation: RemoveOp
location= org.apache.commons.math3.optimization.linear.SimplexSolver
line= 119
lineSuspiciousness= 0.224
original statement= for (java.lang.Integer row : minRatioPositions) {
	for (int i = 0 ; i < (tableau.getNumArtificialVariables()) ; i++) {
		int column = i + (tableau.getArtificialVariableOffset());
		final double entry = tableau.getEntry(row, column);
		if ((org.apache.commons.math3.util.Precision.equals(entry, 1.0, maxUlps)) && (row.equals(tableau.getBasicRow(column)))) {
			return row;
		} 
	}
}
fixed statement= 
generation= 955
ingredientScope= -
validation=
failing: |true|0|26|[]|
manual_regression: |true|0|3917|[]|
evo_regression: |true|0|8|[]|
 ----
ProgramVariant 1932
 
time(sec)= 7022
operation: RemoveOp
location= org.apache.commons.math3.optimization.linear.SimplexSolver
line= 77
lineSuspiciousness= 0.144
original statement= minValue = entry
fixed statement= 
generation= 966
ingredientScope= -
validation=
failing: |true|0|26|[]|
manual_regression: |true|0|3917|[]|
evo_regression: |true|0|8|[]|
 ----
ProgramVariant 2012
 
time(sec)= 7299
operation: ReplaceOp
location= org.apache.commons.math3.optimization.linear.SimplexSolver
line= 145
lineSuspiciousness= 0.354
original statement= minIndex = i
fixed statement= minRatioPositions = new java.util.ArrayList<java.lang.Integer>()
generation= 1006
ingredientScope= LOCAL
validation=
failing: |true|0|26|[]|
manual_regression: |true|0|3917|[]|
evo_regression: |true|0|8|[]|
[INFO ] fr.inria.main.evolution.AstorMain.run(AstorMain.java:397) - Time Total(s): 8221.283


Node: graphene-8.nancy.grid5000.fr


Date: Sun Jan 15 19:36:23 CET 2017

removed classes 

zipped 

copied zip 


