seed AstorRun 29 
export PATH="/home/mmartinez/defects4j/framework/bin:$PATH";export JAVA_TOOL_OPTIONS=-Dfile.encoding=UTF8;export PATH="/usr/lib/jvm/java-1.7.0-openjdk-amd64/bin/:$PATH";cd /home/mmartinez/projects/math/math_53;defects4j compile;cp -r /home/mmartinez/projects/math/math_53 /tmp/math_53_Genprog_local_s1;cd /tmp/math_53_Genprog_local_s1;mkdir lib/;cp -r /home/mmartinez/defects4j/framework/projects/lib/* lib/;cp -r /home/mmartinez/defects4j/framework/projects/Math/lib/* lib/;find . -type f -name "package-info.java" -delete;
/home/mmartinez/defects4j-repair/src/python/core/../../../results/2016-june/Math/seed/29/package/53/Genprog/result
cd /tmp/math_53_Genprog_local_s1;export JAVA_TOOL_OPTIONS=-Dfile.encoding=UTF8;TZ="America/New_York"; export TZexport PATH="/usr/lib/jvm/java-1.7.0-openjdk-amd64/bin/:$PATH";time /home/mmartinez/jdk1.8.0_45/bin//java -Xmx4096m -cp /home/mmartinez/defects4j-repair/src/python/core/../../..//libs/astor.jar fr.inria.main.evolution.MainjGenProg -mode statement -location . -id Math -dependencies lib/ -failing org.apache.commons.math.complex.ComplexTest: -package org.apache.commons -jvm4testexecution /usr/lib/jvm/java-1.7.0-openjdk-amd64/bin/ -jvm4evosuitetestexecution /home/mmartinez/jdk1.8.0_45/bin/ -javacompliancelevel 5 -maxgen 1000000 -seed 29 -scope package -maxtime 120  -stopfirst false -population 1 -srcjavafolder src/main/java/ -srctestfolder src/test/java/ -binjavafolder target/classes/ -bintestfolder target/test-classes/ -flthreshold 0.1  -validation  fr.inria.astor.core.validation.validators.RegressionValidation  -ESParameters -Dassertion_timeout=1800:-Dminimization_timeout=1800:-Djunit_check_timeout=1800:-Dwrite_junit_timeout=300:-Dinitialization_timeout=300:-Dglobal_timeout=18000:-Dsearch_budget=100000:-Dstopping_condition=MaxStatements:-Dno_runtime_dependency=true:-Dsandbox=false:-Dp_reflection_on_private=0.0:-Dreflection_start_percent=1.0:-Dp_functional_mocking=0.0:-Dfunctional_mocking_percent=1.0:-mem=2000 -testbystep  -ignoredtestcases org.apache.commons.lang.LocaleUtilsTest  -excludeRegression  -maxgen 100000000 ;echo "

Node: `hostname`
";echo "
Date: `date`
"; find /tmp/math_53_Genprog_local_s1/outputMutation -name "*.class" -type f -delete;echo "removed classes 
"; find . -name bin  -type d -print0|xargs -0 rm -r --; zip -r -q out.zip /tmp/math_53_Genprog_local_s1/outputMutation; echo "zipped 
";cp out.zip /home/mmartinez/defects4j-repair/src/python/core/../../../results/2016-june/Math/seed/29/package/53/Genprog; echo "copied zip 
";rm -rf /tmp/math_53_Genprog_local_s1;

[DEBUG] fr.inria.astor.core.loop.AstorCoreEngine.showResults(AstorCoreEngine.java:136) - End Repair Loops: Found solution
[DEBUG] fr.inria.astor.core.loop.AstorCoreEngine.showResults(AstorCoreEngine.java:137) - Solution stored at: /tmp/math_53_Genprog_local_s1/./outputMutation/AstorMain-Math//src/
[DEBUG] fr.inria.astor.core.loop.AstorCoreEngine.showResults(AstorCoreEngine.java:142) - 
Number solutions:3
[DEBUG] fr.inria.astor.core.loop.AstorCoreEngine.showResults(AstorCoreEngine.java:144) - f (sol): 1.0, [Variant id: 622 (SOL) , #gens: 4, #ops: 1, parent:621]
[DEBUG] fr.inria.astor.core.loop.AstorCoreEngine.showResults(AstorCoreEngine.java:144) - f (sol): 2.0, [Variant id: 780 (SOL) , #gens: 4, #ops: 1, parent:779]
[DEBUG] fr.inria.astor.core.loop.AstorCoreEngine.showResults(AstorCoreEngine.java:144) - f (sol): 1.0, [Variant id: 1102 (SOL) , #gens: 4, #ops: 1, parent:1101]
[DEBUG] fr.inria.astor.core.loop.AstorCoreEngine.showResults(AstorCoreEngine.java:146) - 
All variants:
[DEBUG] fr.inria.astor.core.loop.AstorCoreEngine.showResults(AstorCoreEngine.java:148) - f 1.0, [Variant id: 107885, #gens: 3, #ops: 0, parent:-]
[INFO ] fr.inria.astor.core.loop.AstorCoreEngine.showResults(AstorCoreEngine.java:152) - 
Solution details
[INFO ] fr.inria.astor.core.loop.AstorCoreEngine.showResults(AstorCoreEngine.java:153) - 
 --SOLUTIONS DESCRIPTION--

 ----
ProgramVariant 622
 
time(sec)= 839
operation: InsertBeforeOp
location= org.apache.commons.math.complex.Complex
line= 153
lineSuspiciousness= 0.158
original statement= return createComplex(((real) + (rhs.getReal())), ((imaginary) + (rhs.getImaginary())))
fixed statement= if ((isNaN) || (rhs.isNaN)) {
	return org.apache.commons.math.complex.Complex.NaN;
} 
generation= 311
ingredientScope= LOCAL
validation=
failing: |true|0|98|[]|
manual_regression: |true|0|2470|[]|
evo_regression: |false|1|122|[test050(org.apache.commons.math.complex.Complex_ESTest): expected:<6.283185307179586> but was:<NaN>-]|
 ----
ProgramVariant 780
 
time(sec)= 1003
operation: InsertBeforeOp
location= org.apache.commons.math.complex.Complex
line= 152
lineSuspiciousness= 0.158
original statement= org.apache.commons.math.util.MathUtils.checkNotNull(rhs)
fixed statement= if ((isNaN) || (rhs.isNaN)) {
	return org.apache.commons.math.complex.Complex.NaN;
} 
generation= 390
ingredientScope= LOCAL
validation=
failing: |true|0|98|[]|
manual_regression: |true|0|2470|[]|
evo_regression: |false|2|122|[test061(org.apache.commons.math.complex.Complex_ESTest): null-, test050(org.apache.commons.math.complex.Complex_ESTest): expected:<6.283185307179586> but was:<NaN>-]|
 ----
ProgramVariant 1102
 
time(sec)= 1195
operation: InsertAfterOp
location= org.apache.commons.math.complex.Complex
line= 152
lineSuspiciousness= 0.158
original statement= org.apache.commons.math.util.MathUtils.checkNotNull(rhs)
fixed statement= if ((isNaN) || (rhs.isNaN)) {
	return org.apache.commons.math.complex.Complex.NaN;
} 
generation= 551
ingredientScope= LOCAL
validation=
failing: |true|0|98|[]|
manual_regression: |true|0|2470|[]|
evo_regression: |false|1|122|[test050(org.apache.commons.math.complex.Complex_ESTest): expected:<6.283185307179586> but was:<NaN>-]|
[INFO ] fr.inria.main.evolution.AstorMain.run(AstorMain.java:397) - Time Total(s): 7382.551


Node: grimoire-1.nancy.grid5000.fr


Date: Sun Jan 29 18:43:11 CET 2017

removed classes 

zipped 

copied zip 


