seed AstorRun 9 
export PATH="/home/mmartinez/defects4j/framework/bin:$PATH";export JAVA_TOOL_OPTIONS=-Dfile.encoding=UTF8;export PATH="/usr/lib/jvm/java-1.7.0-openjdk-amd64/bin/:$PATH";cd /home/mmartinez/projects/math/math_8;defects4j compile;cp -r /home/mmartinez/projects/math/math_8 /tmp/math_8_Genprog_local_s1;cd /tmp/math_8_Genprog_local_s1;mkdir lib/;cp -r /home/mmartinez/defects4j/framework/projects/lib/* lib/;cp -r /home/mmartinez/defects4j/framework/projects/Math/lib/* lib/;find . -type f -name "package-info.java" -delete;
/home/mmartinez/defects4j-repair/src/python/core/../../../results/2016-june/Math/seed/9/package/8/Genprog/result
cd /tmp/math_8_Genprog_local_s1;export JAVA_TOOL_OPTIONS=-Dfile.encoding=UTF8;TZ="America/New_York"; export TZexport PATH="/usr/lib/jvm/java-1.7.0-openjdk-amd64/bin/:$PATH";time /home/mmartinez/jdk1.8.0_45/bin//java -Xmx4096m -cp /home/mmartinez/defects4j-repair/src/python/core/../../..//libs/astor.jar fr.inria.main.evolution.MainjGenProg -mode statement -location . -id Math -dependencies lib/ -failing org.apache.commons.math3.distribution.DiscreteRealDistributionTest: -package org.apache.commons -jvm4testexecution /usr/lib/jvm/java-1.7.0-openjdk-amd64/bin/ -jvm4evosuitetestexecution /home/mmartinez/jdk1.8.0_45/bin/ -javacompliancelevel 5 -maxgen 1000000 -seed 9 -scope package -maxtime 120  -stopfirst false -population 1 -srcjavafolder src/main/java/ -srctestfolder src/test/java/ -binjavafolder target/classes/ -bintestfolder target/test-classes/ -flthreshold 0.1  -validation  fr.inria.astor.core.validation.validators.RegressionValidation  -ESParameters -Dassertion_timeout=1800:-Dminimization_timeout=1800:-Djunit_check_timeout=1800:-Dwrite_junit_timeout=300:-Dinitialization_timeout=300:-Dglobal_timeout=18000:-Dsearch_budget=100000:-Dstopping_condition=MaxStatements:-Dno_runtime_dependency=true:-Dsandbox=false:-Dp_reflection_on_private=0.0:-Dreflection_start_percent=1.0:-Dp_functional_mocking=0.0:-Dfunctional_mocking_percent=1.0:-mem=2000 -ignoredtestcases org.apache.commons.lang.LocaleUtilsTest  -excludeRegression  -maxgen 100000000 ;echo "

Node: `hostname`
";echo "
Date: `date`
"; find /tmp/math_8_Genprog_local_s1/outputMutation -name "*.class" -type f -delete;echo "removed classes 
"; find . -name bin  -type d -print0|xargs -0 rm -r --; zip -r -q out.zip /tmp/math_8_Genprog_local_s1/outputMutation; echo "zipped 
";cp out.zip /home/mmartinez/defects4j-repair/src/python/core/../../../results/2016-june/Math/seed/9/package/8/Genprog; echo "copied zip 
";rm -rf /tmp/math_8_Genprog_local_s1;

[DEBUG] fr.inria.astor.core.loop.AstorCoreEngine.showResults(AstorCoreEngine.java:136) - End Repair Loops: Found solution
[DEBUG] fr.inria.astor.core.loop.AstorCoreEngine.showResults(AstorCoreEngine.java:137) - Solution stored at: /tmp/math_8_Genprog_local_s1/./outputMutation/AstorMain-Math//src/
[DEBUG] fr.inria.astor.core.loop.AstorCoreEngine.showResults(AstorCoreEngine.java:142) - 
Number solutions:10
[DEBUG] fr.inria.astor.core.loop.AstorCoreEngine.showResults(AstorCoreEngine.java:144) - f (sol): 1.0, [Variant id: 70 (SOL) , #gens: 79, #ops: 1, parent:69]
[DEBUG] fr.inria.astor.core.loop.AstorCoreEngine.showResults(AstorCoreEngine.java:144) - f (sol): 1.0, [Variant id: 632 (SOL) , #gens: 79, #ops: 1, parent:631]
[DEBUG] fr.inria.astor.core.loop.AstorCoreEngine.showResults(AstorCoreEngine.java:144) - f (sol): 1.0, [Variant id: 660 (SOL) , #gens: 79, #ops: 1, parent:659]
[DEBUG] fr.inria.astor.core.loop.AstorCoreEngine.showResults(AstorCoreEngine.java:144) - f (sol): 1.0, [Variant id: 728 (SOL) , #gens: 79, #ops: 1, parent:727]
[DEBUG] fr.inria.astor.core.loop.AstorCoreEngine.showResults(AstorCoreEngine.java:144) - f (sol): 1.0, [Variant id: 978 (SOL) , #gens: 79, #ops: 1, parent:977]
[DEBUG] fr.inria.astor.core.loop.AstorCoreEngine.showResults(AstorCoreEngine.java:144) - f (sol): 1.0, [Variant id: 1030 (SOL) , #gens: 79, #ops: 1, parent:1029]
[DEBUG] fr.inria.astor.core.loop.AstorCoreEngine.showResults(AstorCoreEngine.java:144) - f (sol): 1.0, [Variant id: 1242 (SOL) , #gens: 79, #ops: 1, parent:1241]
[DEBUG] fr.inria.astor.core.loop.AstorCoreEngine.showResults(AstorCoreEngine.java:144) - f (sol): 1.0, [Variant id: 1358 (SOL) , #gens: 79, #ops: 1, parent:1357]
[DEBUG] fr.inria.astor.core.loop.AstorCoreEngine.showResults(AstorCoreEngine.java:144) - f (sol): 1.0, [Variant id: 1426 (SOL) , #gens: 79, #ops: 1, parent:1425]
[DEBUG] fr.inria.astor.core.loop.AstorCoreEngine.showResults(AstorCoreEngine.java:144) - f (sol): 1.0, [Variant id: 1524 (SOL) , #gens: 79, #ops: 1, parent:1523]
[DEBUG] fr.inria.astor.core.loop.AstorCoreEngine.showResults(AstorCoreEngine.java:146) - 
All variants:
[DEBUG] fr.inria.astor.core.loop.AstorCoreEngine.showResults(AstorCoreEngine.java:148) - f 1.0, [Variant id: 1571, #gens: 80, #ops: 0, parent:-]
[INFO ] fr.inria.astor.core.loop.AstorCoreEngine.showResults(AstorCoreEngine.java:152) - 
Solution details
[INFO ] fr.inria.astor.core.loop.AstorCoreEngine.showResults(AstorCoreEngine.java:153) - 
 --SOLUTIONS DESCRIPTION--

 ----
ProgramVariant 70
 
time(sec)= 668
operation: RemoveOp
location= org.apache.commons.math3.distribution.DiscreteDistribution
line= 189
lineSuspiciousness= 0.577
original statement= for (int i = 0 ; i < sampleSize ; i++) {
	out[i] = sample();
}
fixed statement= 
generation= 35
ingredientScope= -
validation=
failing: |true|0|13|[]|
manual_regression: |true|0|4659|[]|
evo_regression: |false|1|20|[test02(org.apache.commons.math3.distribution.DiscreteDistribution_ESTest): Expecting exception: NullPointerException-]|
 ----
ProgramVariant 632
 
time(sec)= 2845
operation: RemoveOp
location= org.apache.commons.math3.distribution.DiscreteDistribution
line= 190
lineSuspiciousness= 0.577
original statement= out[i] = sample()
fixed statement= 
generation= 316
ingredientScope= -
validation=
failing: |true|0|13|[]|
manual_regression: |true|0|4659|[]|
evo_regression: |false|1|20|[test02(org.apache.commons.math3.distribution.DiscreteDistribution_ESTest): Expecting exception: NullPointerException-]|
 ----
ProgramVariant 660
 
time(sec)= 3226
operation: RemoveOp
location= org.apache.commons.math3.distribution.DiscreteDistribution
line= 190
lineSuspiciousness= 0.577
original statement= out[i] = sample()
fixed statement= 
generation= 330
ingredientScope= -
validation=
failing: |true|0|13|[]|
manual_regression: |true|0|4659|[]|
evo_regression: |false|1|20|[test02(org.apache.commons.math3.distribution.DiscreteDistribution_ESTest): Expecting exception: NullPointerException-]|
 ----
ProgramVariant 728
 
time(sec)= 3670
operation: RemoveOp
location= org.apache.commons.math3.distribution.DiscreteDistribution
line= 190
lineSuspiciousness= 0.577
original statement= out[i] = sample()
fixed statement= 
generation= 364
ingredientScope= -
validation=
failing: |true|0|13|[]|
manual_regression: |true|0|4659|[]|
evo_regression: |false|1|20|[test02(org.apache.commons.math3.distribution.DiscreteDistribution_ESTest): Expecting exception: NullPointerException-]|
 ----
ProgramVariant 978
 
time(sec)= 4470
operation: RemoveOp
location= org.apache.commons.math3.distribution.DiscreteDistribution
line= 190
lineSuspiciousness= 0.577
original statement= out[i] = sample()
fixed statement= 
generation= 489
ingredientScope= -
validation=
failing: |true|0|13|[]|
manual_regression: |true|0|4659|[]|
evo_regression: |false|1|20|[test02(org.apache.commons.math3.distribution.DiscreteDistribution_ESTest): Expecting exception: NullPointerException-]|
 ----
ProgramVariant 1030
 
time(sec)= 4894
operation: RemoveOp
location= org.apache.commons.math3.distribution.DiscreteDistribution
line= 189
lineSuspiciousness= 0.577
original statement= for (int i = 0 ; i < sampleSize ; i++) {
	out[i] = sample();
}
fixed statement= 
generation= 515
ingredientScope= -
validation=
failing: |true|0|13|[]|
manual_regression: |true|0|4659|[]|
evo_regression: |false|1|20|[test02(org.apache.commons.math3.distribution.DiscreteDistribution_ESTest): Expecting exception: NullPointerException-]|
 ----
ProgramVariant 1242
 
time(sec)= 5721
operation: RemoveOp
location= org.apache.commons.math3.distribution.DiscreteDistribution
line= 190
lineSuspiciousness= 0.577
original statement= out[i] = sample()
fixed statement= 
generation= 621
ingredientScope= -
validation=
failing: |true|0|13|[]|
manual_regression: |true|0|4659|[]|
evo_regression: |false|1|20|[test02(org.apache.commons.math3.distribution.DiscreteDistribution_ESTest): Expecting exception: NullPointerException-]|
 ----
ProgramVariant 1358
 
time(sec)= 6218
operation: RemoveOp
location= org.apache.commons.math3.distribution.DiscreteDistribution
line= 190
lineSuspiciousness= 0.577
original statement= out[i] = sample()
fixed statement= 
generation= 679
ingredientScope= -
validation=
failing: |true|0|13|[]|
manual_regression: |true|0|4659|[]|
evo_regression: |false|1|20|[test02(org.apache.commons.math3.distribution.DiscreteDistribution_ESTest): Expecting exception: NullPointerException-]|
 ----
ProgramVariant 1426
 
time(sec)= 6610
operation: RemoveOp
location= org.apache.commons.math3.distribution.DiscreteDistribution
line= 189
lineSuspiciousness= 0.577
original statement= for (int i = 0 ; i < sampleSize ; i++) {
	out[i] = sample();
}
fixed statement= 
generation= 713
ingredientScope= -
validation=
failing: |true|0|13|[]|
manual_regression: |true|0|4659|[]|
evo_regression: |false|1|20|[test02(org.apache.commons.math3.distribution.DiscreteDistribution_ESTest): Expecting exception: NullPointerException-]|
 ----
ProgramVariant 1524
 
time(sec)= 7132
operation: RemoveOp
location= org.apache.commons.math3.distribution.DiscreteDistribution
line= 190
lineSuspiciousness= 0.577
original statement= out[i] = sample()
fixed statement= 
generation= 762
ingredientScope= -
validation=
failing: |true|0|13|[]|
manual_regression: |true|0|4659|[]|
evo_regression: |false|1|20|[test02(org.apache.commons.math3.distribution.DiscreteDistribution_ESTest): Expecting exception: NullPointerException-]|
[INFO ] fr.inria.main.evolution.AstorMain.run(AstorMain.java:397) - Time Total(s): 7994.314


Node: grisou-22.nancy.grid5000.fr


Date: Sat Jan 14 04:48:06 CET 2017

removed classes 

zipped 

copied zip 


