seed AstorRun 1 
export PATH="/home/mmartinez/defects4j/framework/bin:$PATH";export JAVA_TOOL_OPTIONS=-Dfile.encoding=UTF8;export PATH="/usr/lib/jvm/java-1.7.0-openjdk-amd64/bin/:$PATH";cd /home/mmartinez/projects/math/math_81;defects4j compile;cp -r /home/mmartinez/projects/math/math_81 /tmp/math_81_Genprog_local_s1;cd /tmp/math_81_Genprog_local_s1;mkdir lib/;cp -r /home/mmartinez/defects4j/framework/projects/lib/* lib/;cp -r /home/mmartinez/defects4j/framework/projects/Math/lib/* lib/;find . -type f -name "package-info.java" -delete;
/home/mmartinez/defects4j-repair/src/python/core/../../../results/2016-june/Math/seed/1/package/81/Genprog/result
cd /tmp/math_81_Genprog_local_s1;export JAVA_TOOL_OPTIONS=-Dfile.encoding=UTF8;TZ="America/New_York"; export TZexport PATH="/usr/lib/jvm/java-1.7.0-openjdk-amd64/bin/:$PATH";time /home/mmartinez/jdk1.8.0_45/bin//java -Xmx4096m -cp /home/mmartinez/defects4j-repair/src/python/core/../../..//libs/astor.jar fr.inria.main.evolution.MainjGenProg -mode statement -location . -id Math -dependencies lib/ -failing org.apache.commons.math.linear.EigenDecompositionImplTest: -package org.apache.commons -jvm4testexecution /usr/lib/jvm/java-1.7.0-openjdk-amd64/bin/ -jvm4evosuitetestexecution /home/mmartinez/jdk1.8.0_45/bin/ -javacompliancelevel 5 -maxgen 1000000 -seed 1 -scope package -maxtime 120  -stopfirst false -population 1 -srcjavafolder src/main/java/ -srctestfolder src/test/java/ -binjavafolder target/classes/ -bintestfolder target/test-classes/ -flthreshold 0.1  -validation  fr.inria.astor.core.validation.validators.RegressionValidation  -ESParameters -Dassertion_timeout=1800:-Dminimization_timeout=1800:-Djunit_check_timeout=1800:-Dwrite_junit_timeout=300:-Dinitialization_timeout=300:-Dglobal_timeout=18000:-Dsearch_budget=100000:-Dstopping_condition=MaxStatements:-Dno_runtime_dependency=true:-Dsandbox=false:-Dp_reflection_on_private=0.0:-Dreflection_start_percent=1.0:-Dp_functional_mocking=0.0:-Dfunctional_mocking_percent=1.0:-mem=2000 -ignoredtestcases org.apache.commons.lang.LocaleUtilsTest  -excludeRegression  -maxgen 100000000 ;echo "

Node: `hostname`
";echo "
Date: `date`
"; find /tmp/math_81_Genprog_local_s1/outputMutation -name "*.class" -type f -delete;echo "removed classes 
"; find . -name bin  -type d -print0|xargs -0 rm -r --; zip -r -q out.zip /tmp/math_81_Genprog_local_s1/outputMutation; echo "zipped 
";cp out.zip /home/mmartinez/defects4j-repair/src/python/core/../../../results/2016-june/Math/seed/1/package/81/Genprog; echo "copied zip 
";rm -rf /tmp/math_81_Genprog_local_s1;

[DEBUG] fr.inria.astor.core.loop.AstorCoreEngine.showResults(AstorCoreEngine.java:136) - End Repair Loops: Found solution
[DEBUG] fr.inria.astor.core.loop.AstorCoreEngine.showResults(AstorCoreEngine.java:137) - Solution stored at: /tmp/math_81_Genprog_local_s1/./outputMutation/AstorMain-Math//src/
[DEBUG] fr.inria.astor.core.loop.AstorCoreEngine.showResults(AstorCoreEngine.java:142) - 
Number solutions:7
[DEBUG] fr.inria.astor.core.loop.AstorCoreEngine.showResults(AstorCoreEngine.java:144) - f (sol): 0.0, [Variant id: 18 (SOL) , #gens: 350, #ops: 1, parent:17]
[DEBUG] fr.inria.astor.core.loop.AstorCoreEngine.showResults(AstorCoreEngine.java:144) - f (sol): 5.0, [Variant id: 24 (SOL) , #gens: 351, #ops: 1, parent:23]
[DEBUG] fr.inria.astor.core.loop.AstorCoreEngine.showResults(AstorCoreEngine.java:144) - f (sol): 0.0, [Variant id: 34 (SOL) , #gens: 350, #ops: 1, parent:33]
[DEBUG] fr.inria.astor.core.loop.AstorCoreEngine.showResults(AstorCoreEngine.java:144) - f (sol): 0.0, [Variant id: 356 (SOL) , #gens: 350, #ops: 1, parent:355]
[DEBUG] fr.inria.astor.core.loop.AstorCoreEngine.showResults(AstorCoreEngine.java:144) - f (sol): 0.0, [Variant id: 398 (SOL) , #gens: 350, #ops: 1, parent:397]
[DEBUG] fr.inria.astor.core.loop.AstorCoreEngine.showResults(AstorCoreEngine.java:144) - f (sol): 0.0, [Variant id: 516 (SOL) , #gens: 351, #ops: 1, parent:515]
[DEBUG] fr.inria.astor.core.loop.AstorCoreEngine.showResults(AstorCoreEngine.java:144) - f (sol): 0.0, [Variant id: 568 (SOL) , #gens: 350, #ops: 1, parent:567]
[DEBUG] fr.inria.astor.core.loop.AstorCoreEngine.showResults(AstorCoreEngine.java:146) - 
All variants:
[DEBUG] fr.inria.astor.core.loop.AstorCoreEngine.showResults(AstorCoreEngine.java:148) - f 1.0, [Variant id: 569, #gens: 351, #ops: 0, parent:-]
[INFO ] fr.inria.astor.core.loop.AstorCoreEngine.showResults(AstorCoreEngine.java:152) - 
Solution details
[INFO ] fr.inria.astor.core.loop.AstorCoreEngine.showResults(AstorCoreEngine.java:153) - 
 --SOLUTIONS DESCRIPTION--

 ----
ProgramVariant 18
 
time(sec)= 2940
operation: RemoveOp
location= org.apache.commons.math.linear.EigenDecompositionImpl
line= 1521
lineSuspiciousness= 0.316
original statement= s = (gam * (1 - (java.lang.Math.sqrt(a2)))) / (1 + a2)
fixed statement= 
generation= 9
ingredientScope= -
validation=
failing: |true|0|17|[]|
manual_regression: |true|0|2101|[]|
evo_regression: |true|0|49|[]|
 ----
ProgramVariant 24
 
time(sec)= 3022
operation: ReplaceOp
location= org.apache.commons.math.linear.EigenDecompositionImpl
line= 1526
lineSuspiciousness= 0.25
original statement= if ((dMin) == (dN2)) {
	tType = -5;
	double s = 0.25 * (dMin);
	final int np = nn - (2 * (pingPong));
	double b1 = work[(np - 2)];
	double b2 = work[(np - 6)];
	final double gam = dN2;
	if (((work[(np - 8)]) > b2) || ((work[(np - 4)]) > b1)) {
		return ;
	} 
	double a2 = ((work[(np - 8)]) / b2) * (1 + ((work[(np - 4)]) / b1));
	if ((end - start) > 2) {
		b2 = (work[(nn - 13)]) / (work[(nn - 15)]);
		a2 = a2 + b2;
		for (int i4 = nn - 17 ; i4 >= (((4 * start) + 2) + (pingPong)) ; i4 -= 4) {
			if (b2 == 0.0) {
				break;
			} 
			b1 = b2;
			if ((work[i4]) > (work[(i4 - 2)])) {
				return ;
			} 
			b2 = b2 * ((work[i4]) / (work[(i4 - 2)]));
			a2 = a2 + b2;
			if (((100 * (java.lang.Math.max(b2, b1))) < a2) || (cnst1 < a2)) {
				break;
			} 
		}
		a2 = cnst3 * a2;
	} 
	if (a2 < cnst1) {
		tau = (gam * (1 - (java.lang.Math.sqrt(a2)))) / (1 + a2);
	} else {
		tau = s;
	}
} else {
	if ((tType) == (-6)) {
		g += 0.333 * (1 - (g));
	} else {
		if ((tType) == (-18)) {
			g = 0.25 * 0.333;
		} else {
			g = 0.25;
		}
	}
	tau = (g) * (dMin);
	tType = -6;
}
fixed statement= if ((tType) < (-22)) {
	tau = 0.0;
} else {
	if ((dMin1) > 0.0) {
		tau = ((tau) + (dMin)) * (1.0 - (2.0 * (org.apache.commons.math.util.MathUtils.EPSILON)));
		tType -= 11;
	} else {
		tau *= 0.25;
		tType -= 12;
	}
}
generation= 12
ingredientScope= LOCAL
validation=
failing: |true|0|17|[]|
manual_regression: |true|0|2101|[]|
evo_regression: |false|5|49|[test14(org.apache.commons.math.linear.EigenDecompositionImpl_ESTest): -, test15(org.apache.commons.math.linear.EigenDecompositionImpl_ESTest): -, test21(org.apache.commons.math.linear.EigenDecompositionImpl_ESTest): -, test20(org.apache.commons.math.linear.EigenDecompositionImpl_ESTest): -, test29(org.apache.commons.math.linear.EigenDecompositionImpl_ESTest): -]|
 ----
ProgramVariant 34
 
time(sec)= 3108
operation: RemoveOp
location= org.apache.commons.math.linear.EigenDecompositionImpl
line= 1521
lineSuspiciousness= 0.316
original statement= s = (gam * (1 - (java.lang.Math.sqrt(a2)))) / (1 + a2)
fixed statement= 
generation= 17
ingredientScope= -
validation=
failing: |true|0|17|[]|
manual_regression: |true|0|2101|[]|
evo_regression: |true|0|49|[]|
 ----
ProgramVariant 356
 
time(sec)= 5897
operation: RemoveOp
location= org.apache.commons.math.linear.EigenDecompositionImpl
line= 1543
lineSuspiciousness= 0.577
original statement= if ((end - start) > 2) {
	b2 = (work[(nn - 13)]) / (work[(nn - 15)]);
	a2 = a2 + b2;
	for (int i4 = nn - 17 ; i4 >= (((4 * start) + 2) + (pingPong)) ; i4 -= 4) {
		if (b2 == 0.0) {
			break;
		} 
		b1 = b2;
		if ((work[i4]) > (work[(i4 - 2)])) {
			return ;
		} 
		b2 = b2 * ((work[i4]) / (work[(i4 - 2)]));
		a2 = a2 + b2;
		if (((100 * (java.lang.Math.max(b2, b1))) < a2) || (cnst1 < a2)) {
			break;
		} 
	}
	a2 = cnst3 * a2;
} 
fixed statement= 
generation= 178
ingredientScope= -
validation=
failing: |true|0|17|[]|
manual_regression: |true|0|2101|[]|
evo_regression: |true|0|49|[]|
 ----
ProgramVariant 398
 
time(sec)= 6139
operation: RemoveOp
location= org.apache.commons.math.linear.EigenDecompositionImpl
line= 1544
lineSuspiciousness= 0.577
original statement= b2 = (work[(nn - 13)]) / (work[(nn - 15)])
fixed statement= 
generation= 199
ingredientScope= -
validation=
failing: |true|0|17|[]|
manual_regression: |true|0|2101|[]|
evo_regression: |true|0|49|[]|
 ----
ProgramVariant 516
 
time(sec)= 7026
operation: ReplaceOp
location= org.apache.commons.math.linear.EigenDecompositionImpl
line= 1480
lineSuspiciousness= 0.5
original statement= a2 = 0.0
fixed statement= gam = dN
generation= 258
ingredientScope= LOCAL
validation=
failing: |true|0|17|[]|
manual_regression: |true|0|2101|[]|
evo_regression: |true|0|49|[]|
 ----
ProgramVariant 568
 
time(sec)= 7334
operation: RemoveOp
location= org.apache.commons.math.linear.EigenDecompositionImpl
line= 1484
lineSuspiciousness= 0.5
original statement= b2 = (work[(nn - 5)]) / (work[(nn - 7)])
fixed statement= 
generation= 284
ingredientScope= -
validation=
failing: |true|0|17|[]|
manual_regression: |true|0|2101|[]|
evo_regression: |true|0|49|[]|
[INFO ] fr.inria.main.evolution.AstorMain.run(AstorMain.java:397) - Time Total(s): 7550.963


Node: graphite-3.nancy.grid5000.fr


Date: Tue Jan 17 01:11:57 CET 2017

removed classes 

zipped 

copied zip 


