seed AstorRun 21 
export PATH="/home/mmartinez/defects4j/framework/bin:$PATH";export JAVA_TOOL_OPTIONS=-Dfile.encoding=UTF8;export PATH="/usr/lib/jvm/java-1.7.0-openjdk-amd64/bin/:$PATH";cd /home/mmartinez/projects/math/math_7;defects4j compile;cp -r /home/mmartinez/projects/math/math_7 /tmp/math_7_Genprog_local_s1;cd /tmp/math_7_Genprog_local_s1;mkdir lib/;cp -r /home/mmartinez/defects4j/framework/projects/lib/* lib/;cp -r /home/mmartinez/defects4j/framework/projects/Math/lib/* lib/;find . -type f -name "package-info.java" -delete;
/home/mmartinez/defects4j-repair/src/python/core/../../../results/2016-june/Math/seed/21/package/7/Genprog/result
cd /tmp/math_7_Genprog_local_s1;export JAVA_TOOL_OPTIONS=-Dfile.encoding=UTF8;TZ="America/New_York"; export TZexport PATH="/usr/lib/jvm/java-1.7.0-openjdk-amd64/bin/:$PATH";time /home/mmartinez/jdk1.8.0_45/bin//java -Xmx4096m -cp /home/mmartinez/defects4j-repair/src/python/core/../../..//libs/astor.jar fr.inria.main.evolution.MainjGenProg -mode statement -location . -id Math -dependencies lib/ -failing org.apache.commons.math3.ode.nonstiff.DormandPrince853IntegratorTest: -package org.apache.commons -jvm4testexecution /usr/lib/jvm/java-1.7.0-openjdk-amd64/bin/ -jvm4evosuitetestexecution /home/mmartinez/jdk1.8.0_45/bin/ -javacompliancelevel 5 -maxgen 1000000 -seed 21 -scope package -maxtime 120  -stopfirst false -population 1 -srcjavafolder src/main/java/ -srctestfolder src/test/java/ -binjavafolder target/classes/ -bintestfolder target/test-classes/ -flthreshold 0.1  -validation  fr.inria.astor.core.validation.validators.RegressionValidation  -ESParameters -Dassertion_timeout=1800:-Dminimization_timeout=1800:-Djunit_check_timeout=1800:-Dwrite_junit_timeout=300:-Dinitialization_timeout=300:-Dglobal_timeout=18000:-Dsearch_budget=100000:-Dstopping_condition=MaxStatements:-Dno_runtime_dependency=true:-Dsandbox=false:-Dp_reflection_on_private=0.0:-Dreflection_start_percent=1.0:-Dp_functional_mocking=0.0:-Dfunctional_mocking_percent=1.0:-mem=2000 -ignoredtestcases org.apache.commons.lang.LocaleUtilsTest  -excludeRegression  -maxgen 100000000 ;echo "

Node: `hostname`
";echo "
Date: `date`
"; find /tmp/math_7_Genprog_local_s1/outputMutation -name "*.class" -type f -delete;echo "removed classes 
"; find . -name bin  -type d -print0|xargs -0 rm -r --; zip -r -q out.zip /tmp/math_7_Genprog_local_s1/outputMutation; echo "zipped 
";cp out.zip /home/mmartinez/defects4j-repair/src/python/core/../../../results/2016-june/Math/seed/21/package/7/Genprog; echo "copied zip 
";rm -rf /tmp/math_7_Genprog_local_s1;

[DEBUG] fr.inria.astor.core.loop.AstorCoreEngine.showResults(AstorCoreEngine.java:136) - End Repair Loops: Found solution
[DEBUG] fr.inria.astor.core.loop.AstorCoreEngine.showResults(AstorCoreEngine.java:137) - Solution stored at: /tmp/math_7_Genprog_local_s1/./outputMutation/AstorMain-Math//src/
[DEBUG] fr.inria.astor.core.loop.AstorCoreEngine.showResults(AstorCoreEngine.java:142) - 
Number solutions:2
[DEBUG] fr.inria.astor.core.loop.AstorCoreEngine.showResults(AstorCoreEngine.java:144) - f (sol): 0.0, [Variant id: 36 (SOL) , #gens: 239, #ops: 1, parent:35]
[DEBUG] fr.inria.astor.core.loop.AstorCoreEngine.showResults(AstorCoreEngine.java:144) - f (sol): 4.0, [Variant id: 410 (SOL) , #gens: 239, #ops: 1, parent:409]
[DEBUG] fr.inria.astor.core.loop.AstorCoreEngine.showResults(AstorCoreEngine.java:146) - 
All variants:
[DEBUG] fr.inria.astor.core.loop.AstorCoreEngine.showResults(AstorCoreEngine.java:148) - f 1.0, [Variant id: 1593, #gens: 238, #ops: 0, parent:-]
[INFO ] fr.inria.astor.core.loop.AstorCoreEngine.showResults(AstorCoreEngine.java:152) - 
Solution details
[INFO ] fr.inria.astor.core.loop.AstorCoreEngine.showResults(AstorCoreEngine.java:153) - 
 --SOLUTIONS DESCRIPTION--

 ----
ProgramVariant 36
 
time(sec)= 484
operation: InsertBeforeOp
location= org.apache.commons.math3.ode.events.EventState
line= 198
lineSuspiciousness= 0.147
original statement= final double dt = t1 - (t0)
fixed statement= t0 = interpolator.getPreviousTime()
generation= 18
ingredientScope= LOCAL
validation=
failing: |true|0|12|[]|
manual_regression: |true|0|4865|[]|
evo_regression: |true|0|19|[]|
 ----
ProgramVariant 410
 
time(sec)= 2888
operation: InsertBeforeOp
location= org.apache.commons.math3.ode.AbstractIntegrator
line= 342
lineSuspiciousness= 0.167
original statement= interpolator.setInterpolatedTime(eventT)
fixed statement= setStateInitialized(false)
generation= 205
ingredientScope= LOCAL
validation=
failing: |true|0|12|[]|
manual_regression: |false|4|4865|[testDecreasingSteps(org.apache.commons.math3.ode.nonstiff.ClassicalRungeKuttaIntegratorTest): null-, testDecreasingSteps(org.apache.commons.math3.ode.nonstiff.GillIntegratorTest): null-, testDecreasingSteps(org.apache.commons.math3.ode.nonstiff.MidpointIntegratorTest): null-, testDecreasingSteps(org.apache.commons.math3.ode.nonstiff.ThreeEighthesIntegratorTest): null-]|
evo_regression: |true|0|31|[]|
[INFO ] fr.inria.main.evolution.AstorMain.run(AstorMain.java:397) - Time Total(s): 8187.717


Node: graphene-13.nancy.grid5000.fr


Date: Sun Jan 22 20:04:06 CET 2017

removed classes 

zipped 

copied zip 


