seed AstorRun 22 
export PATH="/home/mmartinez/defects4j/framework/bin:$PATH";export JAVA_TOOL_OPTIONS=-Dfile.encoding=UTF8;export PATH="/usr/lib/jvm/java-1.7.0-openjdk-amd64/bin/:$PATH";cd /home/mmartinez/projects/math/math_71;defects4j compile;cp -r /home/mmartinez/projects/math/math_71 /tmp/math_71_Genprog_local_s1;cd /tmp/math_71_Genprog_local_s1;mkdir lib/;cp -r /home/mmartinez/defects4j/framework/projects/lib/* lib/;cp -r /home/mmartinez/defects4j/framework/projects/Math/lib/* lib/;find . -type f -name "package-info.java" -delete;
/home/mmartinez/defects4j-repair/src/python/core/../../../results/2016-june/Math/seed/22/package/71/Genprog/result
cd /tmp/math_71_Genprog_local_s1;export JAVA_TOOL_OPTIONS=-Dfile.encoding=UTF8;TZ="America/New_York"; export TZexport PATH="/usr/lib/jvm/java-1.7.0-openjdk-amd64/bin/:$PATH";time /home/mmartinez/jdk1.8.0_45/bin//java -Xmx4096m -cp /home/mmartinez/defects4j-repair/src/python/core/../../..//libs/astor.jar fr.inria.main.evolution.MainjGenProg -mode statement -location . -id Math -dependencies lib/ -failing org.apache.commons.math.ode.nonstiff.ClassicalRungeKuttaIntegratorTest:org.apache.commons.math.ode.nonstiff.DormandPrince853IntegratorTest: -package org.apache.commons -jvm4testexecution /usr/lib/jvm/java-1.7.0-openjdk-amd64/bin/ -jvm4evosuitetestexecution /home/mmartinez/jdk1.8.0_45/bin/ -javacompliancelevel 5 -maxgen 1000000 -seed 22 -scope package -maxtime 120  -stopfirst false -population 1 -srcjavafolder src/main/java/ -srctestfolder src/test/java/ -binjavafolder target/classes/ -bintestfolder target/test-classes/ -flthreshold 0.1  -validation  fr.inria.astor.core.validation.validators.RegressionValidation  -ESParameters -Dassertion_timeout=1800:-Dminimization_timeout=1800:-Djunit_check_timeout=1800:-Dwrite_junit_timeout=300:-Dinitialization_timeout=300:-Dglobal_timeout=18000:-Dsearch_budget=100000:-Dstopping_condition=MaxStatements:-Dno_runtime_dependency=true:-Dsandbox=false:-Dp_reflection_on_private=0.0:-Dreflection_start_percent=1.0:-Dp_functional_mocking=0.0:-Dfunctional_mocking_percent=1.0:-mem=2000 -ignoredtestcases org.apache.commons.lang.LocaleUtilsTest  -excludeRegression  -maxgen 100000000 ;echo "

Node: `hostname`
";echo "
Date: `date`
"; find /tmp/math_71_Genprog_local_s1/outputMutation -name "*.class" -type f -delete;echo "removed classes 
"; find . -name bin  -type d -print0|xargs -0 rm -r --; zip -r -q out.zip /tmp/math_71_Genprog_local_s1/outputMutation; echo "zipped 
";cp out.zip /home/mmartinez/defects4j-repair/src/python/core/../../../results/2016-june/Math/seed/22/package/71/Genprog; echo "copied zip 
";rm -rf /tmp/math_71_Genprog_local_s1;

[DEBUG] fr.inria.astor.core.loop.AstorCoreEngine.showResults(AstorCoreEngine.java:136) - End Repair Loops: Found solution
[DEBUG] fr.inria.astor.core.loop.AstorCoreEngine.showResults(AstorCoreEngine.java:137) - Solution stored at: /tmp/math_71_Genprog_local_s1/./outputMutation/AstorMain-Math//src/
[DEBUG] fr.inria.astor.core.loop.AstorCoreEngine.showResults(AstorCoreEngine.java:142) - 
Number solutions:2
[DEBUG] fr.inria.astor.core.loop.AstorCoreEngine.showResults(AstorCoreEngine.java:144) - f (sol): 2.0, [Variant id: 56 (SOL) , #gens: 278, #ops: 1, parent:55]
[DEBUG] fr.inria.astor.core.loop.AstorCoreEngine.showResults(AstorCoreEngine.java:144) - f (sol): 0.0, [Variant id: 694 (SOL) , #gens: 279, #ops: 1, parent:693]
[DEBUG] fr.inria.astor.core.loop.AstorCoreEngine.showResults(AstorCoreEngine.java:146) - 
All variants:
[DEBUG] fr.inria.astor.core.loop.AstorCoreEngine.showResults(AstorCoreEngine.java:148) - f 2.0, [Variant id: 911, #gens: 278, #ops: 0, parent:-]
[INFO ] fr.inria.astor.core.loop.AstorCoreEngine.showResults(AstorCoreEngine.java:152) - 
Solution details
[INFO ] fr.inria.astor.core.loop.AstorCoreEngine.showResults(AstorCoreEngine.java:153) - 
 --SOLUTIONS DESCRIPTION--

 ----
ProgramVariant 56
 
time(sec)= 421
operation: ReplaceOp
location= org.apache.commons.math.analysis.solvers.BrentSolver
line= 337
lineSuspiciousness= 0.148
original statement= x1 = x1 - (0.5 * tolerance)
fixed statement= x1 = x1 + delta
generation= 28
ingredientScope= LOCAL
validation=
failing: |true|0|19|[]|
manual_regression: |false|1|2169|[testIllConditioned(org.apache.commons.math.optimization.general.NonLinearConjugateGradientOptimizerTest): expected:<1.0> but was:<0.9999616059061734>-]|
evo_regression: |false|1|34|[test19(org.apache.commons.math.analysis.solvers.BrentSolver_ESTest): expected:<19> but was:<22>-]|
 ----
ProgramVariant 694
 
time(sec)= 4445
operation: InsertBeforeOp
location= org.apache.commons.math.ode.events.EventState
line= 180
lineSuspiciousness= 0.144
original statement= for (int i = 0 ; i < n ; ++i) {
	tb += h;
	interpolator.setInterpolatedTime(tb);
	final double gb = handler.g(tb, interpolator.getInterpolatedState());
	if ((g0Positive) ^ (gb >= 0)) {
		if ((ga * gb) > 0) {
			final double epsilon = (forward ? 0.25 : -0.25) * (convergence);
			for (int k = 0 ; (k < 4) && ((ga * gb) > 0) ; ++k) {
				ta += epsilon;
				interpolator.setInterpolatedTime(ta);
				ga = handler.g(ta, interpolator.getInterpolatedState());
			}
			if ((ga * gb) > 0) {
				throw org.apache.commons.math.MathRuntimeException.createInternalError(null);
			} 
		} 
		increasing = gb >= ga;
		final org.apache.commons.math.analysis.UnivariateRealFunction f = new org.apache.commons.math.analysis.UnivariateRealFunction() {
			public double value(final double t) throws org.apache.commons.math.FunctionEvaluationException {
				try {
					interpolator.setInterpolatedTime(t);
					return handler.g(t, interpolator.getInterpolatedState());
				} catch (org.apache.commons.math.ode.DerivativeException e) {
					throw new org.apache.commons.math.FunctionEvaluationException(e , t);
				} catch (org.apache.commons.math.ode.events.EventException e) {
					throw new org.apache.commons.math.FunctionEvaluationException(e , t);
				}
			}
		};
		final org.apache.commons.math.analysis.solvers.BrentSolver solver = new org.apache.commons.math.analysis.solvers.BrentSolver();
		solver.setAbsoluteAccuracy(convergence);
		solver.setMaximalIterationCount(maxIterationCount);
		final double root = ta <= tb ? solver.solve(f, ta, tb) : solver.solve(f, tb, ta);
		if (((java.lang.Math.abs((root - ta))) <= (convergence)) && ((java.lang.Math.abs((root - (previousEventTime)))) <= (convergence))) {
			ta = tb;
			ga = gb;
		} else {
			if ((java.lang.Double.isNaN(previousEventTime)) || ((java.lang.Math.abs(((previousEventTime) - root))) > (convergence))) {
				pendingEventTime = root;
				if ((pendingEvent) && ((java.lang.Math.abs((t1 - (pendingEventTime)))) <= (convergence))) {
					return false;
				} 
				pendingEvent = true;
				return true;
			} 
		}
	} else {
		ta = tb;
		ga = gb;
	}
}
fixed statement= pendingEvent = true
generation= 347
ingredientScope= LOCAL
validation=
failing: |true|0|19|[]|
manual_regression: |true|0|2169|[]|
evo_regression: |true|0|22|[]|
[INFO ] fr.inria.main.evolution.AstorMain.run(AstorMain.java:397) - Time Total(s): 7353.904


Node: graphene-121.nancy.grid5000.fr


Date: Sat Jan 21 21:01:47 CET 2017

removed classes 

zipped 

copied zip 


