seed AstorRun 4 
export PATH="/home/mmartinez/defects4j/framework/bin:$PATH";export JAVA_TOOL_OPTIONS=-Dfile.encoding=UTF8;export PATH="/usr/lib/jvm/java-1.7.0-openjdk-amd64/bin/:$PATH";cd /home/mmartinez/projects/math/math_40;defects4j compile;cp -r /home/mmartinez/projects/math/math_40 /tmp/math_40_Genprog_local_s1;cd /tmp/math_40_Genprog_local_s1;mkdir lib/;cp -r /home/mmartinez/defects4j/framework/projects/lib/* lib/;cp -r /home/mmartinez/defects4j/framework/projects/Math/lib/* lib/;find . -type f -name "package-info.java" -delete;
/home/mmartinez/defects4j-repair/src/python/core/../../../results/2016-june/Math/seed/4/package/40/Genprog/result
cd /tmp/math_40_Genprog_local_s1;export JAVA_TOOL_OPTIONS=-Dfile.encoding=UTF8;TZ="America/New_York"; export TZexport PATH="/usr/lib/jvm/java-1.7.0-openjdk-amd64/bin/:$PATH";time /home/mmartinez/jdk1.8.0_45/bin//java -Xmx4096m -cp /home/mmartinez/defects4j-repair/src/python/core/../../..//libs/astor.jar fr.inria.main.evolution.MainjGenProg -mode statement -location . -id Math -dependencies lib/ -failing org.apache.commons.math.analysis.solvers.BracketingNthOrderBrentSolverTest: -package org.apache.commons -jvm4testexecution /usr/lib/jvm/java-1.7.0-openjdk-amd64/bin/ -jvm4evosuitetestexecution /home/mmartinez/jdk1.8.0_45/bin/ -javacompliancelevel 5 -maxgen 1000000 -seed 4 -scope package -maxtime 120  -stopfirst false -population 1 -srcjavafolder src/main/java/ -srctestfolder src/test/java/ -binjavafolder target/classes/ -bintestfolder target/test-classes/ -flthreshold 0.1  -validation  fr.inria.astor.core.validation.validators.RegressionValidation  -ESParameters -Dassertion_timeout=1800:-Dminimization_timeout=1800:-Djunit_check_timeout=1800:-Dwrite_junit_timeout=300:-Dinitialization_timeout=300:-Dglobal_timeout=18000:-Dsearch_budget=100000:-Dstopping_condition=MaxStatements:-Dno_runtime_dependency=true:-Dsandbox=false:-Dp_reflection_on_private=0.0:-Dreflection_start_percent=1.0:-Dp_functional_mocking=0.0:-Dfunctional_mocking_percent=1.0:-mem=2000 -ignoredtestcases org.apache.commons.lang.LocaleUtilsTest  -excludeRegression  -maxgen 100000000 ;echo "

Node: `hostname`
";echo "
Date: `date`
"; find /tmp/math_40_Genprog_local_s1/outputMutation -name "*.class" -type f -delete;echo "removed classes 
"; find . -name bin  -type d -print0|xargs -0 rm -r --; zip -r -q out.zip /tmp/math_40_Genprog_local_s1/outputMutation; echo "zipped 
";cp out.zip /home/mmartinez/defects4j-repair/src/python/core/../../../results/2016-june/Math/seed/4/package/40/Genprog; echo "copied zip 
";rm -rf /tmp/math_40_Genprog_local_s1;

[DEBUG] fr.inria.astor.core.loop.AstorCoreEngine.showResults(AstorCoreEngine.java:136) - End Repair Loops: Found solution
[DEBUG] fr.inria.astor.core.loop.AstorCoreEngine.showResults(AstorCoreEngine.java:137) - Solution stored at: /tmp/math_40_Genprog_local_s1/./outputMutation/AstorMain-Math//src/
[DEBUG] fr.inria.astor.core.loop.AstorCoreEngine.showResults(AstorCoreEngine.java:142) - 
Number solutions:8
[DEBUG] fr.inria.astor.core.loop.AstorCoreEngine.showResults(AstorCoreEngine.java:144) - f (sol): 5.0, [Variant id: 342 (SOL) , #gens: 84, #ops: 1, parent:341]
[DEBUG] fr.inria.astor.core.loop.AstorCoreEngine.showResults(AstorCoreEngine.java:144) - f (sol): 5.0, [Variant id: 966 (SOL) , #gens: 84, #ops: 1, parent:965]
[DEBUG] fr.inria.astor.core.loop.AstorCoreEngine.showResults(AstorCoreEngine.java:144) - f (sol): 5.0, [Variant id: 1046 (SOL) , #gens: 84, #ops: 1, parent:1045]
[DEBUG] fr.inria.astor.core.loop.AstorCoreEngine.showResults(AstorCoreEngine.java:144) - f (sol): 5.0, [Variant id: 1068 (SOL) , #gens: 84, #ops: 1, parent:1067]
[DEBUG] fr.inria.astor.core.loop.AstorCoreEngine.showResults(AstorCoreEngine.java:144) - f (sol): 5.0, [Variant id: 1124 (SOL) , #gens: 84, #ops: 1, parent:1123]
[DEBUG] fr.inria.astor.core.loop.AstorCoreEngine.showResults(AstorCoreEngine.java:144) - f (sol): 5.0, [Variant id: 1128 (SOL) , #gens: 84, #ops: 1, parent:1127]
[DEBUG] fr.inria.astor.core.loop.AstorCoreEngine.showResults(AstorCoreEngine.java:144) - f (sol): 4.0, [Variant id: 1236 (SOL) , #gens: 84, #ops: 1, parent:1235]
[DEBUG] fr.inria.astor.core.loop.AstorCoreEngine.showResults(AstorCoreEngine.java:144) - f (sol): 4.0, [Variant id: 1476 (SOL) , #gens: 84, #ops: 1, parent:1475]
[DEBUG] fr.inria.astor.core.loop.AstorCoreEngine.showResults(AstorCoreEngine.java:146) - 
All variants:
[DEBUG] fr.inria.astor.core.loop.AstorCoreEngine.showResults(AstorCoreEngine.java:148) - f 1.0, [Variant id: 1477, #gens: 85, #ops: 0, parent:-]
[INFO ] fr.inria.astor.core.loop.AstorCoreEngine.showResults(AstorCoreEngine.java:152) - 
Solution details
[INFO ] fr.inria.astor.core.loop.AstorCoreEngine.showResults(AstorCoreEngine.java:153) - 
 --SOLUTIONS DESCRIPTION--

 ----
ProgramVariant 342
 
time(sec)= 1108
operation: RemoveOp
location= org.apache.commons.math.analysis.solvers.BaseAbstractUnivariateRealSolver
line= 296
lineSuspiciousness= 0.408
original statement= throw new org.apache.commons.math.exception.TooManyEvaluationsException(e.getMax())
fixed statement= 
generation= 171
ingredientScope= -
validation=
failing: |true|0|15|[]|
manual_regression: |false|2|3135|[testQuinticZero(org.apache.commons.math.analysis.solvers.BrentSolverTest): Expected TooManyEvaluationsException-, testEventsNoConvergence(org.apache.commons.math.ode.nonstiff.HighamHall54IntegratorTest): an exception should have been thrown-]|
evo_regression: |false|3|24|[test18(org.apache.commons.math.analysis.solvers.BaseAbstractUnivariateRealSolver_ESTest): test timed out after 4000 milliseconds-, test12(org.apache.commons.math.analysis.solvers.BaseAbstractUnivariateRealSolver_ESTest): Expecting exception: IllegalStateException-, test13(org.apache.commons.math.analysis.solvers.BaseAbstractUnivariateRealSolver_ESTest): null-]|
 ----
ProgramVariant 966
 
time(sec)= 2558
operation: RemoveOp
location= org.apache.commons.math.analysis.solvers.BaseAbstractUnivariateRealSolver
line= 296
lineSuspiciousness= 0.408
original statement= throw new org.apache.commons.math.exception.TooManyEvaluationsException(e.getMax())
fixed statement= 
generation= 483
ingredientScope= -
validation=
failing: |true|0|15|[]|
manual_regression: |false|2|3135|[testQuinticZero(org.apache.commons.math.analysis.solvers.BrentSolverTest): Expected TooManyEvaluationsException-, testEventsNoConvergence(org.apache.commons.math.ode.nonstiff.HighamHall54IntegratorTest): an exception should have been thrown-]|
evo_regression: |false|3|24|[test18(org.apache.commons.math.analysis.solvers.BaseAbstractUnivariateRealSolver_ESTest): test timed out after 4000 milliseconds-, test12(org.apache.commons.math.analysis.solvers.BaseAbstractUnivariateRealSolver_ESTest): Expecting exception: IllegalStateException-, test13(org.apache.commons.math.analysis.solvers.BaseAbstractUnivariateRealSolver_ESTest): null-]|
 ----
ProgramVariant 1046
 
time(sec)= 3048
operation: RemoveOp
location= org.apache.commons.math.analysis.solvers.BaseAbstractUnivariateRealSolver
line= 296
lineSuspiciousness= 0.408
original statement= throw new org.apache.commons.math.exception.TooManyEvaluationsException(e.getMax())
fixed statement= 
generation= 523
ingredientScope= -
validation=
failing: |true|0|15|[]|
manual_regression: |false|2|3135|[testQuinticZero(org.apache.commons.math.analysis.solvers.BrentSolverTest): Expected TooManyEvaluationsException-, testEventsNoConvergence(org.apache.commons.math.ode.nonstiff.HighamHall54IntegratorTest): an exception should have been thrown-]|
evo_regression: |false|3|24|[test18(org.apache.commons.math.analysis.solvers.BaseAbstractUnivariateRealSolver_ESTest): test timed out after 4000 milliseconds-, test12(org.apache.commons.math.analysis.solvers.BaseAbstractUnivariateRealSolver_ESTest): Expecting exception: IllegalStateException-, test13(org.apache.commons.math.analysis.solvers.BaseAbstractUnivariateRealSolver_ESTest): null-]|
 ----
ProgramVariant 1068
 
time(sec)= 3247
operation: RemoveOp
location= org.apache.commons.math.analysis.solvers.BaseAbstractUnivariateRealSolver
line= 296
lineSuspiciousness= 0.408
original statement= throw new org.apache.commons.math.exception.TooManyEvaluationsException(e.getMax())
fixed statement= 
generation= 534
ingredientScope= -
validation=
failing: |true|0|15|[]|
manual_regression: |false|2|3135|[testQuinticZero(org.apache.commons.math.analysis.solvers.BrentSolverTest): Expected TooManyEvaluationsException-, testEventsNoConvergence(org.apache.commons.math.ode.nonstiff.HighamHall54IntegratorTest): an exception should have been thrown-]|
evo_regression: |false|3|24|[test18(org.apache.commons.math.analysis.solvers.BaseAbstractUnivariateRealSolver_ESTest): test timed out after 4000 milliseconds-, test12(org.apache.commons.math.analysis.solvers.BaseAbstractUnivariateRealSolver_ESTest): Expecting exception: IllegalStateException-, test13(org.apache.commons.math.analysis.solvers.BaseAbstractUnivariateRealSolver_ESTest): null-]|
 ----
ProgramVariant 1124
 
time(sec)= 3587
operation: RemoveOp
location= org.apache.commons.math.analysis.solvers.BaseAbstractUnivariateRealSolver
line= 296
lineSuspiciousness= 0.408
original statement= throw new org.apache.commons.math.exception.TooManyEvaluationsException(e.getMax())
fixed statement= 
generation= 562
ingredientScope= -
validation=
failing: |true|0|15|[]|
manual_regression: |false|2|3135|[testQuinticZero(org.apache.commons.math.analysis.solvers.BrentSolverTest): Expected TooManyEvaluationsException-, testEventsNoConvergence(org.apache.commons.math.ode.nonstiff.HighamHall54IntegratorTest): an exception should have been thrown-]|
evo_regression: |false|3|24|[test18(org.apache.commons.math.analysis.solvers.BaseAbstractUnivariateRealSolver_ESTest): test timed out after 4000 milliseconds-, test12(org.apache.commons.math.analysis.solvers.BaseAbstractUnivariateRealSolver_ESTest): Expecting exception: IllegalStateException-, test13(org.apache.commons.math.analysis.solvers.BaseAbstractUnivariateRealSolver_ESTest): null-]|
 ----
ProgramVariant 1128
 
time(sec)= 3779
operation: RemoveOp
location= org.apache.commons.math.analysis.solvers.BaseAbstractUnivariateRealSolver
line= 296
lineSuspiciousness= 0.408
original statement= throw new org.apache.commons.math.exception.TooManyEvaluationsException(e.getMax())
fixed statement= 
generation= 564
ingredientScope= -
validation=
failing: |true|0|15|[]|
manual_regression: |false|2|3135|[testQuinticZero(org.apache.commons.math.analysis.solvers.BrentSolverTest): Expected TooManyEvaluationsException-, testEventsNoConvergence(org.apache.commons.math.ode.nonstiff.HighamHall54IntegratorTest): an exception should have been thrown-]|
evo_regression: |false|3|24|[test18(org.apache.commons.math.analysis.solvers.BaseAbstractUnivariateRealSolver_ESTest): test timed out after 4000 milliseconds-, test12(org.apache.commons.math.analysis.solvers.BaseAbstractUnivariateRealSolver_ESTest): Expecting exception: IllegalStateException-, test13(org.apache.commons.math.analysis.solvers.BaseAbstractUnivariateRealSolver_ESTest): null-]|
 ----
ProgramVariant 1236
 
time(sec)= 5605
operation: RemoveOp
location= org.apache.commons.math.util.Incrementor
line= 151
lineSuspiciousness= 0.167
original statement= maxCountCallback.trigger(maximalCount)
fixed statement= 
generation= 618
ingredientScope= -
validation=
failing: |true|0|15|[]|
evo_regression: |false|4|16|[test13(org.apache.commons.math.util.Incrementor_ESTest): Expecting exception: IllegalStateException-, test04(org.apache.commons.math.util.Incrementor_ESTest): Expecting exception: NullPointerException-, test05(org.apache.commons.math.util.Incrementor_ESTest): Expecting exception: IllegalStateException-, test06(org.apache.commons.math.util.Incrementor_ESTest): Expecting exception: NullPointerException-]|
 ----
ProgramVariant 1476
 
time(sec)= 7349
operation: RemoveOp
location= org.apache.commons.math.util.Incrementor
line= 151
lineSuspiciousness= 0.167
original statement= maxCountCallback.trigger(maximalCount)
fixed statement= 
generation= 738
ingredientScope= -
validation=
failing: |true|0|15|[]|
evo_regression: |false|4|16|[test13(org.apache.commons.math.util.Incrementor_ESTest): Expecting exception: IllegalStateException-, test04(org.apache.commons.math.util.Incrementor_ESTest): Expecting exception: NullPointerException-, test05(org.apache.commons.math.util.Incrementor_ESTest): Expecting exception: IllegalStateException-, test06(org.apache.commons.math.util.Incrementor_ESTest): Expecting exception: NullPointerException-]|
[INFO ] fr.inria.main.evolution.AstorMain.run(AstorMain.java:397) - Time Total(s): 7610.363


Node: grisou-8.nancy.grid5000.fr


Date: Tue Jan 10 23:55:24 CET 2017

removed classes 

zipped 

copied zip 


