seed AstorRun 11 
export PATH="/home/mmartinez/defects4j/framework/bin:$PATH";export JAVA_TOOL_OPTIONS=-Dfile.encoding=UTF8;export PATH="/usr/lib/jvm/java-1.7.0-openjdk-amd64/bin/:$PATH";cd /home/mmartinez/projects/chart/chart_21;defects4j compile;cp -r /home/mmartinez/projects/chart/chart_21 /tmp/chart_21_Genprog_local_s1;cd /tmp/chart_21_Genprog_local_s1;mkdir lib/;cp -r /home/mmartinez/defects4j/framework/projects/lib/* lib/;cp -r /home/mmartinez/defects4j/framework/projects/Chart/lib/* lib/;find . -type f -name "package-info.java" -delete;
/home/mmartinez/defects4j-repair/src/python/core/../../../results/2016-june/Chart/seed/11/package/21/Genprog/result
cd /tmp/chart_21_Genprog_local_s1;export JAVA_TOOL_OPTIONS=-Dfile.encoding=UTF8;TZ="America/New_York"; export TZexport PATH="/usr/lib/jvm/java-1.7.0-openjdk-amd64/bin/:$PATH";time /home/mmartinez/jdk1.8.0_45/bin//java -Xmx4096m -cp /home/mmartinez/defects4j-repair/src/python/core/../../..//libs/astor.jar fr.inria.main.evolution.MainjGenProg -mode statement -location . -id Chart -dependencies lib/ -failing org.jfree.data.statistics.junit.DefaultBoxAndWhiskerCategoryDatasetTests: -package org.jfree -jvm4testexecution /usr/lib/jvm/java-1.7.0-openjdk-amd64/bin/ -jvm4evosuitetestexecution /home/mmartinez/jdk1.8.0_45/bin/ -javacompliancelevel 4 -maxgen 1000000 -seed 11 -scope package -maxtime 120  -stopfirst false -population 1 -srcjavafolder source/ -srctestfolder tests/ -binjavafolder build/ -bintestfolder build-tests/ -flthreshold 0.1  -validation  fr.inria.astor.core.validation.validators.RegressionValidation  -ESParameters -Dassertion_timeout=1800:-Dminimization_timeout=1800:-Djunit_check_timeout=1800:-Dwrite_junit_timeout=300:-Dinitialization_timeout=300:-Dglobal_timeout=18000:-Dsearch_budget=100000:-Dstopping_condition=MaxStatements:-Dno_runtime_dependency=true:-Dsandbox=false:-Dp_reflection_on_private=0.0:-Dreflection_start_percent=1.0:-Dp_functional_mocking=0.0:-Dfunctional_mocking_percent=1.0:-mem=2000 -ignoredtestcases org.apache.commons.lang.LocaleUtilsTest  -excludeRegression  -maxgen 100000000 ;echo "

Node: `hostname`
";echo "
Date: `date`
"; find /tmp/chart_21_Genprog_local_s1/outputMutation -name "*.class" -type f -delete;echo "removed classes 
"; find . -name bin  -type d -print0|xargs -0 rm -r --; zip -r -q out.zip /tmp/chart_21_Genprog_local_s1/outputMutation; echo "zipped 
";cp out.zip /home/mmartinez/defects4j-repair/src/python/core/../../../results/2016-june/Chart/seed/11/package/21/Genprog; echo "copied zip 
";rm -rf /tmp/chart_21_Genprog_local_s1;

[DEBUG] fr.inria.astor.core.loop.AstorCoreEngine.showResults(AstorCoreEngine.java:136) - End Repair Loops: Found solution
[DEBUG] fr.inria.astor.core.loop.AstorCoreEngine.showResults(AstorCoreEngine.java:137) - Solution stored at: /tmp/chart_21_Genprog_local_s1/./outputMutation/AstorMain-Chart//src/
[DEBUG] fr.inria.astor.core.loop.AstorCoreEngine.showResults(AstorCoreEngine.java:142) - 
Number solutions:29
[DEBUG] fr.inria.astor.core.loop.AstorCoreEngine.showResults(AstorCoreEngine.java:144) - f (sol): 6.0, [Variant id: 154 (SOL) , #gens: 68, #ops: 1, parent:153]
[DEBUG] fr.inria.astor.core.loop.AstorCoreEngine.showResults(AstorCoreEngine.java:144) - f (sol): 6.0, [Variant id: 300 (SOL) , #gens: 68, #ops: 1, parent:299]
[DEBUG] fr.inria.astor.core.loop.AstorCoreEngine.showResults(AstorCoreEngine.java:144) - f (sol): 6.0, [Variant id: 378 (SOL) , #gens: 68, #ops: 1, parent:377]
[DEBUG] fr.inria.astor.core.loop.AstorCoreEngine.showResults(AstorCoreEngine.java:144) - f (sol): 6.0, [Variant id: 506 (SOL) , #gens: 68, #ops: 1, parent:505]
[DEBUG] fr.inria.astor.core.loop.AstorCoreEngine.showResults(AstorCoreEngine.java:144) - f (sol): 6.0, [Variant id: 772 (SOL) , #gens: 68, #ops: 1, parent:771]
[DEBUG] fr.inria.astor.core.loop.AstorCoreEngine.showResults(AstorCoreEngine.java:144) - f (sol): 6.0, [Variant id: 930 (SOL) , #gens: 68, #ops: 1, parent:929]
[DEBUG] fr.inria.astor.core.loop.AstorCoreEngine.showResults(AstorCoreEngine.java:144) - f (sol): 6.0, [Variant id: 1660 (SOL) , #gens: 68, #ops: 1, parent:1659]
[DEBUG] fr.inria.astor.core.loop.AstorCoreEngine.showResults(AstorCoreEngine.java:144) - f (sol): 6.0, [Variant id: 2036 (SOL) , #gens: 68, #ops: 1, parent:2035]
[DEBUG] fr.inria.astor.core.loop.AstorCoreEngine.showResults(AstorCoreEngine.java:144) - f (sol): 6.0, [Variant id: 2130 (SOL) , #gens: 68, #ops: 1, parent:2129]
[DEBUG] fr.inria.astor.core.loop.AstorCoreEngine.showResults(AstorCoreEngine.java:144) - f (sol): 6.0, [Variant id: 2160 (SOL) , #gens: 68, #ops: 1, parent:2159]
[DEBUG] fr.inria.astor.core.loop.AstorCoreEngine.showResults(AstorCoreEngine.java:144) - f (sol): 6.0, [Variant id: 3104 (SOL) , #gens: 68, #ops: 1, parent:3103]
[DEBUG] fr.inria.astor.core.loop.AstorCoreEngine.showResults(AstorCoreEngine.java:144) - f (sol): 6.0, [Variant id: 3312 (SOL) , #gens: 68, #ops: 1, parent:3311]
[DEBUG] fr.inria.astor.core.loop.AstorCoreEngine.showResults(AstorCoreEngine.java:144) - f (sol): 6.0, [Variant id: 3462 (SOL) , #gens: 68, #ops: 1, parent:3461]
[DEBUG] fr.inria.astor.core.loop.AstorCoreEngine.showResults(AstorCoreEngine.java:144) - f (sol): 6.0, [Variant id: 3566 (SOL) , #gens: 68, #ops: 1, parent:3565]
[DEBUG] fr.inria.astor.core.loop.AstorCoreEngine.showResults(AstorCoreEngine.java:144) - f (sol): 6.0, [Variant id: 3764 (SOL) , #gens: 68, #ops: 1, parent:3763]
[DEBUG] fr.inria.astor.core.loop.AstorCoreEngine.showResults(AstorCoreEngine.java:144) - f (sol): 6.0, [Variant id: 3822 (SOL) , #gens: 68, #ops: 1, parent:3821]
[DEBUG] fr.inria.astor.core.loop.AstorCoreEngine.showResults(AstorCoreEngine.java:144) - f (sol): 6.0, [Variant id: 4046 (SOL) , #gens: 68, #ops: 1, parent:4045]
[DEBUG] fr.inria.astor.core.loop.AstorCoreEngine.showResults(AstorCoreEngine.java:144) - f (sol): 6.0, [Variant id: 4406 (SOL) , #gens: 68, #ops: 1, parent:4405]
[DEBUG] fr.inria.astor.core.loop.AstorCoreEngine.showResults(AstorCoreEngine.java:144) - f (sol): 6.0, [Variant id: 5056 (SOL) , #gens: 68, #ops: 1, parent:5055]
[DEBUG] fr.inria.astor.core.loop.AstorCoreEngine.showResults(AstorCoreEngine.java:144) - f (sol): 6.0, [Variant id: 5308 (SOL) , #gens: 68, #ops: 1, parent:5307]
[DEBUG] fr.inria.astor.core.loop.AstorCoreEngine.showResults(AstorCoreEngine.java:144) - f (sol): 6.0, [Variant id: 5470 (SOL) , #gens: 68, #ops: 1, parent:5469]
[DEBUG] fr.inria.astor.core.loop.AstorCoreEngine.showResults(AstorCoreEngine.java:144) - f (sol): 6.0, [Variant id: 5654 (SOL) , #gens: 68, #ops: 1, parent:5653]
[DEBUG] fr.inria.astor.core.loop.AstorCoreEngine.showResults(AstorCoreEngine.java:144) - f (sol): 12.0, [Variant id: 5830 (SOL) , #gens: 69, #ops: 1, parent:5829]
[DEBUG] fr.inria.astor.core.loop.AstorCoreEngine.showResults(AstorCoreEngine.java:144) - f (sol): 6.0, [Variant id: 6076 (SOL) , #gens: 68, #ops: 1, parent:6075]
[DEBUG] fr.inria.astor.core.loop.AstorCoreEngine.showResults(AstorCoreEngine.java:144) - f (sol): 6.0, [Variant id: 6112 (SOL) , #gens: 68, #ops: 1, parent:6111]
[DEBUG] fr.inria.astor.core.loop.AstorCoreEngine.showResults(AstorCoreEngine.java:144) - f (sol): 6.0, [Variant id: 6168 (SOL) , #gens: 68, #ops: 1, parent:6167]
[DEBUG] fr.inria.astor.core.loop.AstorCoreEngine.showResults(AstorCoreEngine.java:144) - f (sol): 6.0, [Variant id: 6202 (SOL) , #gens: 68, #ops: 1, parent:6201]
[DEBUG] fr.inria.astor.core.loop.AstorCoreEngine.showResults(AstorCoreEngine.java:144) - f (sol): 6.0, [Variant id: 6286 (SOL) , #gens: 68, #ops: 1, parent:6285]
[DEBUG] fr.inria.astor.core.loop.AstorCoreEngine.showResults(AstorCoreEngine.java:144) - f (sol): 6.0, [Variant id: 6650 (SOL) , #gens: 68, #ops: 1, parent:6649]
[DEBUG] fr.inria.astor.core.loop.AstorCoreEngine.showResults(AstorCoreEngine.java:146) - 
All variants:
[DEBUG] fr.inria.astor.core.loop.AstorCoreEngine.showResults(AstorCoreEngine.java:148) - f 1.0, [Variant id: 6721, #gens: 69, #ops: 0, parent:-]
[INFO ] fr.inria.astor.core.loop.AstorCoreEngine.showResults(AstorCoreEngine.java:152) - 
Solution details
[INFO ] fr.inria.astor.core.loop.AstorCoreEngine.showResults(AstorCoreEngine.java:153) - 
 --SOLUTIONS DESCRIPTION--

 ----
ProgramVariant 154
 
time(sec)= 259
operation: RemoveOp
location= org.jfree.data.Range
line= 335
lineSuspiciousness= 0.408
original statement= return false
fixed statement= 
generation= 77
ingredientScope= -
validation=
failing: |true|0|8|[]|
manual_regression: |false|4|3303|[testEquals(org.jfree.data.junit.RangeTests): null-, testEquals(org.jfree.data.junit.RangeTests): null-, testEquals(org.jfree.data.time.junit.DateRangeTests): null-, testEquals(org.jfree.data.time.junit.DateRangeTests): null-]|
evo_regression: |false|2|52|[test01(org.jfree.data.Range_ESTest): null-, test31(org.jfree.data.Range_ESTest): null-]|
 ----
ProgramVariant 300
 
time(sec)= 465
operation: RemoveOp
location= org.jfree.data.Range
line= 334
lineSuspiciousness= 0.109
original statement= if (!((org.jfree.data.Range.this.lower) == (range.lower))) {
	return false;
} 
fixed statement= 
generation= 150
ingredientScope= -
validation=
failing: |true|0|8|[]|
manual_regression: |false|4|3303|[testEquals(org.jfree.data.junit.RangeTests): null-, testEquals(org.jfree.data.junit.RangeTests): null-, testEquals(org.jfree.data.time.junit.DateRangeTests): null-, testEquals(org.jfree.data.time.junit.DateRangeTests): null-]|
evo_regression: |false|2|52|[test01(org.jfree.data.Range_ESTest): null-, test31(org.jfree.data.Range_ESTest): null-]|
 ----
ProgramVariant 378
 
time(sec)= 631
operation: RemoveOp
location= org.jfree.data.Range
line= 335
lineSuspiciousness= 0.408
original statement= return false
fixed statement= 
generation= 189
ingredientScope= -
validation=
failing: |true|0|8|[]|
manual_regression: |false|4|3303|[testEquals(org.jfree.data.junit.RangeTests): null-, testEquals(org.jfree.data.junit.RangeTests): null-, testEquals(org.jfree.data.time.junit.DateRangeTests): null-, testEquals(org.jfree.data.time.junit.DateRangeTests): null-]|
evo_regression: |false|2|52|[test01(org.jfree.data.Range_ESTest): null-, test31(org.jfree.data.Range_ESTest): null-]|
 ----
ProgramVariant 506
 
time(sec)= 778
operation: RemoveOp
location= org.jfree.data.Range
line= 335
lineSuspiciousness= 0.408
original statement= return false
fixed statement= 
generation= 253
ingredientScope= -
validation=
failing: |true|0|8|[]|
manual_regression: |false|4|3303|[testEquals(org.jfree.data.junit.RangeTests): null-, testEquals(org.jfree.data.junit.RangeTests): null-, testEquals(org.jfree.data.time.junit.DateRangeTests): null-, testEquals(org.jfree.data.time.junit.DateRangeTests): null-]|
evo_regression: |false|2|52|[test01(org.jfree.data.Range_ESTest): null-, test31(org.jfree.data.Range_ESTest): null-]|
 ----
ProgramVariant 772
 
time(sec)= 1108
operation: RemoveOp
location= org.jfree.data.Range
line= 335
lineSuspiciousness= 0.408
original statement= return false
fixed statement= 
generation= 386
ingredientScope= -
validation=
failing: |true|0|8|[]|
manual_regression: |false|4|3303|[testEquals(org.jfree.data.junit.RangeTests): null-, testEquals(org.jfree.data.junit.RangeTests): null-, testEquals(org.jfree.data.time.junit.DateRangeTests): null-, testEquals(org.jfree.data.time.junit.DateRangeTests): null-]|
evo_regression: |false|2|52|[test01(org.jfree.data.Range_ESTest): null-, test31(org.jfree.data.Range_ESTest): null-]|
 ----
ProgramVariant 930
 
time(sec)= 1278
operation: RemoveOp
location= org.jfree.data.Range
line= 335
lineSuspiciousness= 0.408
original statement= return false
fixed statement= 
generation= 465
ingredientScope= -
validation=
failing: |true|0|8|[]|
manual_regression: |false|4|3303|[testEquals(org.jfree.data.junit.RangeTests): null-, testEquals(org.jfree.data.junit.RangeTests): null-, testEquals(org.jfree.data.time.junit.DateRangeTests): null-, testEquals(org.jfree.data.time.junit.DateRangeTests): null-]|
evo_regression: |false|2|52|[test01(org.jfree.data.Range_ESTest): null-, test31(org.jfree.data.Range_ESTest): null-]|
 ----
ProgramVariant 1660
 
time(sec)= 1891
operation: RemoveOp
location= org.jfree.data.Range
line= 335
lineSuspiciousness= 0.408
original statement= return false
fixed statement= 
generation= 830
ingredientScope= -
validation=
failing: |true|0|8|[]|
manual_regression: |false|4|3303|[testEquals(org.jfree.data.junit.RangeTests): null-, testEquals(org.jfree.data.junit.RangeTests): null-, testEquals(org.jfree.data.time.junit.DateRangeTests): null-, testEquals(org.jfree.data.time.junit.DateRangeTests): null-]|
evo_regression: |false|2|52|[test01(org.jfree.data.Range_ESTest): null-, test31(org.jfree.data.Range_ESTest): null-]|
 ----
ProgramVariant 2036
 
time(sec)= 2285
operation: RemoveOp
location= org.jfree.data.Range
line= 335
lineSuspiciousness= 0.408
original statement= return false
fixed statement= 
generation= 1018
ingredientScope= -
validation=
failing: |true|0|8|[]|
manual_regression: |false|4|3303|[testEquals(org.jfree.data.junit.RangeTests): null-, testEquals(org.jfree.data.junit.RangeTests): null-, testEquals(org.jfree.data.time.junit.DateRangeTests): null-, testEquals(org.jfree.data.time.junit.DateRangeTests): null-]|
evo_regression: |false|2|52|[test01(org.jfree.data.Range_ESTest): null-, test31(org.jfree.data.Range_ESTest): null-]|
 ----
ProgramVariant 2130
 
time(sec)= 2436
operation: RemoveOp
location= org.jfree.data.Range
line= 335
lineSuspiciousness= 0.408
original statement= return false
fixed statement= 
generation= 1065
ingredientScope= -
validation=
failing: |true|0|8|[]|
manual_regression: |false|4|3303|[testEquals(org.jfree.data.junit.RangeTests): null-, testEquals(org.jfree.data.junit.RangeTests): null-, testEquals(org.jfree.data.time.junit.DateRangeTests): null-, testEquals(org.jfree.data.time.junit.DateRangeTests): null-]|
evo_regression: |false|2|52|[test01(org.jfree.data.Range_ESTest): null-, test31(org.jfree.data.Range_ESTest): null-]|
 ----
ProgramVariant 2160
 
time(sec)= 2526
operation: RemoveOp
location= org.jfree.data.Range
line= 334
lineSuspiciousness= 0.109
original statement= if (!((org.jfree.data.Range.this.lower) == (range.lower))) {
	return false;
} 
fixed statement= 
generation= 1080
ingredientScope= -
validation=
failing: |true|0|8|[]|
manual_regression: |false|4|3303|[testEquals(org.jfree.data.junit.RangeTests): null-, testEquals(org.jfree.data.junit.RangeTests): null-, testEquals(org.jfree.data.time.junit.DateRangeTests): null-, testEquals(org.jfree.data.time.junit.DateRangeTests): null-]|
evo_regression: |false|2|52|[test01(org.jfree.data.Range_ESTest): null-, test31(org.jfree.data.Range_ESTest): null-]|
 ----
ProgramVariant 3104
 
time(sec)= 3297
operation: RemoveOp
location= org.jfree.data.Range
line= 334
lineSuspiciousness= 0.109
original statement= if (!((org.jfree.data.Range.this.lower) == (range.lower))) {
	return false;
} 
fixed statement= 
generation= 1552
ingredientScope= -
validation=
failing: |true|0|8|[]|
manual_regression: |false|4|3303|[testEquals(org.jfree.data.junit.RangeTests): null-, testEquals(org.jfree.data.junit.RangeTests): null-, testEquals(org.jfree.data.time.junit.DateRangeTests): null-, testEquals(org.jfree.data.time.junit.DateRangeTests): null-]|
evo_regression: |false|2|52|[test01(org.jfree.data.Range_ESTest): null-, test31(org.jfree.data.Range_ESTest): null-]|
 ----
ProgramVariant 3312
 
time(sec)= 3557
operation: RemoveOp
location= org.jfree.data.Range
line= 335
lineSuspiciousness= 0.408
original statement= return false
fixed statement= 
generation= 1656
ingredientScope= -
validation=
failing: |true|0|8|[]|
manual_regression: |false|4|3303|[testEquals(org.jfree.data.junit.RangeTests): null-, testEquals(org.jfree.data.junit.RangeTests): null-, testEquals(org.jfree.data.time.junit.DateRangeTests): null-, testEquals(org.jfree.data.time.junit.DateRangeTests): null-]|
evo_regression: |false|2|52|[test01(org.jfree.data.Range_ESTest): null-, test31(org.jfree.data.Range_ESTest): null-]|
 ----
ProgramVariant 3462
 
time(sec)= 3740
operation: RemoveOp
location= org.jfree.data.Range
line= 335
lineSuspiciousness= 0.408
original statement= return false
fixed statement= 
generation= 1731
ingredientScope= -
validation=
failing: |true|0|8|[]|
manual_regression: |false|4|3303|[testEquals(org.jfree.data.junit.RangeTests): null-, testEquals(org.jfree.data.junit.RangeTests): null-, testEquals(org.jfree.data.time.junit.DateRangeTests): null-, testEquals(org.jfree.data.time.junit.DateRangeTests): null-]|
evo_regression: |false|2|52|[test01(org.jfree.data.Range_ESTest): null-, test31(org.jfree.data.Range_ESTest): null-]|
 ----
ProgramVariant 3566
 
time(sec)= 3906
operation: RemoveOp
location= org.jfree.data.Range
line= 335
lineSuspiciousness= 0.408
original statement= return false
fixed statement= 
generation= 1783
ingredientScope= -
validation=
failing: |true|0|8|[]|
manual_regression: |false|4|3303|[testEquals(org.jfree.data.junit.RangeTests): null-, testEquals(org.jfree.data.junit.RangeTests): null-, testEquals(org.jfree.data.time.junit.DateRangeTests): null-, testEquals(org.jfree.data.time.junit.DateRangeTests): null-]|
evo_regression: |false|2|52|[test01(org.jfree.data.Range_ESTest): null-, test31(org.jfree.data.Range_ESTest): null-]|
 ----
ProgramVariant 3764
 
time(sec)= 4146
operation: RemoveOp
location= org.jfree.data.Range
line= 334
lineSuspiciousness= 0.109
original statement= if (!((org.jfree.data.Range.this.lower) == (range.lower))) {
	return false;
} 
fixed statement= 
generation= 1882
ingredientScope= -
validation=
failing: |true|0|8|[]|
manual_regression: |false|4|3303|[testEquals(org.jfree.data.junit.RangeTests): null-, testEquals(org.jfree.data.junit.RangeTests): null-, testEquals(org.jfree.data.time.junit.DateRangeTests): null-, testEquals(org.jfree.data.time.junit.DateRangeTests): null-]|
evo_regression: |false|2|52|[test01(org.jfree.data.Range_ESTest): null-, test31(org.jfree.data.Range_ESTest): null-]|
 ----
ProgramVariant 3822
 
time(sec)= 4251
operation: RemoveOp
location= org.jfree.data.Range
line= 335
lineSuspiciousness= 0.408
original statement= return false
fixed statement= 
generation= 1911
ingredientScope= -
validation=
failing: |true|0|8|[]|
manual_regression: |false|4|3303|[testEquals(org.jfree.data.junit.RangeTests): null-, testEquals(org.jfree.data.junit.RangeTests): null-, testEquals(org.jfree.data.time.junit.DateRangeTests): null-, testEquals(org.jfree.data.time.junit.DateRangeTests): null-]|
evo_regression: |false|2|52|[test01(org.jfree.data.Range_ESTest): null-, test31(org.jfree.data.Range_ESTest): null-]|
 ----
ProgramVariant 4046
 
time(sec)= 4489
operation: RemoveOp
location= org.jfree.data.Range
line= 335
lineSuspiciousness= 0.408
original statement= return false
fixed statement= 
generation= 2023
ingredientScope= -
validation=
failing: |true|0|8|[]|
manual_regression: |false|4|3303|[testEquals(org.jfree.data.junit.RangeTests): null-, testEquals(org.jfree.data.junit.RangeTests): null-, testEquals(org.jfree.data.time.junit.DateRangeTests): null-, testEquals(org.jfree.data.time.junit.DateRangeTests): null-]|
evo_regression: |false|2|52|[test01(org.jfree.data.Range_ESTest): null-, test31(org.jfree.data.Range_ESTest): null-]|
 ----
ProgramVariant 4406
 
time(sec)= 4845
operation: RemoveOp
location= org.jfree.data.Range
line= 335
lineSuspiciousness= 0.408
original statement= return false
fixed statement= 
generation= 2203
ingredientScope= -
validation=
failing: |true|0|8|[]|
manual_regression: |false|4|3303|[testEquals(org.jfree.data.junit.RangeTests): null-, testEquals(org.jfree.data.junit.RangeTests): null-, testEquals(org.jfree.data.time.junit.DateRangeTests): null-, testEquals(org.jfree.data.time.junit.DateRangeTests): null-]|
evo_regression: |false|2|52|[test01(org.jfree.data.Range_ESTest): null-, test31(org.jfree.data.Range_ESTest): null-]|
 ----
ProgramVariant 5056
 
time(sec)= 5409
operation: RemoveOp
location= org.jfree.data.Range
line= 334
lineSuspiciousness= 0.109
original statement= if (!((org.jfree.data.Range.this.lower) == (range.lower))) {
	return false;
} 
fixed statement= 
generation= 2528
ingredientScope= -
validation=
failing: |true|0|8|[]|
manual_regression: |false|4|3303|[testEquals(org.jfree.data.junit.RangeTests): null-, testEquals(org.jfree.data.junit.RangeTests): null-, testEquals(org.jfree.data.time.junit.DateRangeTests): null-, testEquals(org.jfree.data.time.junit.DateRangeTests): null-]|
evo_regression: |false|2|52|[test01(org.jfree.data.Range_ESTest): null-, test31(org.jfree.data.Range_ESTest): null-]|
 ----
ProgramVariant 5308
 
time(sec)= 5651
operation: RemoveOp
location= org.jfree.data.Range
line= 334
lineSuspiciousness= 0.109
original statement= if (!((org.jfree.data.Range.this.lower) == (range.lower))) {
	return false;
} 
fixed statement= 
generation= 2654
ingredientScope= -
validation=
failing: |true|0|8|[]|
manual_regression: |false|4|3303|[testEquals(org.jfree.data.junit.RangeTests): null-, testEquals(org.jfree.data.junit.RangeTests): null-, testEquals(org.jfree.data.time.junit.DateRangeTests): null-, testEquals(org.jfree.data.time.junit.DateRangeTests): null-]|
evo_regression: |false|2|52|[test01(org.jfree.data.Range_ESTest): null-, test31(org.jfree.data.Range_ESTest): null-]|
 ----
ProgramVariant 5470
 
time(sec)= 5864
operation: RemoveOp
location= org.jfree.data.Range
line= 335
lineSuspiciousness= 0.408
original statement= return false
fixed statement= 
generation= 2735
ingredientScope= -
validation=
failing: |true|0|8|[]|
manual_regression: |false|4|3303|[testEquals(org.jfree.data.junit.RangeTests): null-, testEquals(org.jfree.data.junit.RangeTests): null-, testEquals(org.jfree.data.time.junit.DateRangeTests): null-, testEquals(org.jfree.data.time.junit.DateRangeTests): null-]|
evo_regression: |false|2|52|[test01(org.jfree.data.Range_ESTest): null-, test31(org.jfree.data.Range_ESTest): null-]|
 ----
ProgramVariant 5654
 
time(sec)= 6032
operation: RemoveOp
location= org.jfree.data.Range
line= 335
lineSuspiciousness= 0.408
original statement= return false
fixed statement= 
generation= 2827
ingredientScope= -
validation=
failing: |true|0|8|[]|
manual_regression: |false|4|3303|[testEquals(org.jfree.data.junit.RangeTests): null-, testEquals(org.jfree.data.junit.RangeTests): null-, testEquals(org.jfree.data.time.junit.DateRangeTests): null-, testEquals(org.jfree.data.time.junit.DateRangeTests): null-]|
evo_regression: |false|2|52|[test01(org.jfree.data.Range_ESTest): null-, test31(org.jfree.data.Range_ESTest): null-]|
 ----
ProgramVariant 5830
 
time(sec)= 6208
operation: ReplaceOp
location= org.jfree.data.Range
line= 335
lineSuspiciousness= 0.408
original statement= return false
fixed statement= return true
generation= 2915
ingredientScope= PACKAGE
validation=
failing: |true|0|8|[]|
manual_regression: |false|8|3303|[testEquals(org.jfree.chart.axis.junit.ValueAxisTests): null-, testEquals(org.jfree.chart.axis.junit.ValueAxisTests): null-, testEquals(org.jfree.chart.plot.junit.MeterPlotTests): null-, testEquals(org.jfree.chart.plot.junit.MeterPlotTests): null-, testEquals(org.jfree.data.junit.RangeTests): null-, testEquals(org.jfree.data.junit.RangeTests): null-, testEquals(org.jfree.data.time.junit.DateRangeTests): null-, testEquals(org.jfree.data.time.junit.DateRangeTests): null-]|
evo_regression: |false|4|52|[test01(org.jfree.data.Range_ESTest): null-, test02(org.jfree.data.Range_ESTest): null-, test31(org.jfree.data.Range_ESTest): null-, test27(org.jfree.data.Range_ESTest): null-]|
 ----
ProgramVariant 6076
 
time(sec)= 6450
operation: RemoveOp
location= org.jfree.data.Range
line= 335
lineSuspiciousness= 0.408
original statement= return false
fixed statement= 
generation= 3038
ingredientScope= -
validation=
failing: |true|0|8|[]|
manual_regression: |false|4|3303|[testEquals(org.jfree.data.junit.RangeTests): null-, testEquals(org.jfree.data.junit.RangeTests): null-, testEquals(org.jfree.data.time.junit.DateRangeTests): null-, testEquals(org.jfree.data.time.junit.DateRangeTests): null-]|
evo_regression: |false|2|52|[test01(org.jfree.data.Range_ESTest): null-, test31(org.jfree.data.Range_ESTest): null-]|
 ----
ProgramVariant 6112
 
time(sec)= 6538
operation: RemoveOp
location= org.jfree.data.Range
line= 335
lineSuspiciousness= 0.408
original statement= return false
fixed statement= 
generation= 3056
ingredientScope= -
validation=
failing: |true|0|8|[]|
manual_regression: |false|4|3303|[testEquals(org.jfree.data.junit.RangeTests): null-, testEquals(org.jfree.data.junit.RangeTests): null-, testEquals(org.jfree.data.time.junit.DateRangeTests): null-, testEquals(org.jfree.data.time.junit.DateRangeTests): null-]|
evo_regression: |false|2|52|[test01(org.jfree.data.Range_ESTest): null-, test31(org.jfree.data.Range_ESTest): null-]|
 ----
ProgramVariant 6168
 
time(sec)= 6642
operation: RemoveOp
location= org.jfree.data.Range
line= 335
lineSuspiciousness= 0.408
original statement= return false
fixed statement= 
generation= 3084
ingredientScope= -
validation=
failing: |true|0|8|[]|
manual_regression: |false|4|3303|[testEquals(org.jfree.data.junit.RangeTests): null-, testEquals(org.jfree.data.junit.RangeTests): null-, testEquals(org.jfree.data.time.junit.DateRangeTests): null-, testEquals(org.jfree.data.time.junit.DateRangeTests): null-]|
evo_regression: |false|2|52|[test01(org.jfree.data.Range_ESTest): null-, test31(org.jfree.data.Range_ESTest): null-]|
 ----
ProgramVariant 6202
 
time(sec)= 6753
operation: RemoveOp
location= org.jfree.data.Range
line= 335
lineSuspiciousness= 0.408
original statement= return false
fixed statement= 
generation= 3101
ingredientScope= -
validation=
failing: |true|0|8|[]|
manual_regression: |false|4|3303|[testEquals(org.jfree.data.junit.RangeTests): null-, testEquals(org.jfree.data.junit.RangeTests): null-, testEquals(org.jfree.data.time.junit.DateRangeTests): null-, testEquals(org.jfree.data.time.junit.DateRangeTests): null-]|
evo_regression: |false|2|52|[test01(org.jfree.data.Range_ESTest): null-, test31(org.jfree.data.Range_ESTest): null-]|
 ----
ProgramVariant 6286
 
time(sec)= 6884
operation: RemoveOp
location= org.jfree.data.Range
line= 335
lineSuspiciousness= 0.408
original statement= return false
fixed statement= 
generation= 3143
ingredientScope= -
validation=
failing: |true|0|8|[]|
manual_regression: |false|4|3303|[testEquals(org.jfree.data.junit.RangeTests): null-, testEquals(org.jfree.data.junit.RangeTests): null-, testEquals(org.jfree.data.time.junit.DateRangeTests): null-, testEquals(org.jfree.data.time.junit.DateRangeTests): null-]|
evo_regression: |false|2|52|[test01(org.jfree.data.Range_ESTest): null-, test31(org.jfree.data.Range_ESTest): null-]|
 ----
ProgramVariant 6650
 
time(sec)= 7187
operation: RemoveOp
location= org.jfree.data.Range
line= 335
lineSuspiciousness= 0.408
original statement= return false
fixed statement= 
generation= 3325
ingredientScope= -
validation=
failing: |true|0|8|[]|
manual_regression: |false|4|3303|[testEquals(org.jfree.data.junit.RangeTests): null-, testEquals(org.jfree.data.junit.RangeTests): null-, testEquals(org.jfree.data.time.junit.DateRangeTests): null-, testEquals(org.jfree.data.time.junit.DateRangeTests): null-]|
evo_regression: |false|2|52|[test01(org.jfree.data.Range_ESTest): null-, test31(org.jfree.data.Range_ESTest): null-]|
[INFO ] fr.inria.main.evolution.AstorMain.run(AstorMain.java:397) - Time Total(s): 7307.007


Node: graphene-79.nancy.grid5000.fr


Date: Sun Jan 15 00:31:47 CET 2017

removed classes 

zipped 

copied zip 


