seed AstorRun 20 
export PATH="/home/mmartinez/defects4j/framework/bin:$PATH";export JAVA_TOOL_OPTIONS=-Dfile.encoding=UTF8;export PATH="/usr/lib/jvm/java-1.7.0-openjdk-amd64/bin/:$PATH";cd /home/mmartinez/projects/chart/chart_1;defects4j compile;cp -r /home/mmartinez/projects/chart/chart_1 /tmp/chart_1_Genprog_local_s1;cd /tmp/chart_1_Genprog_local_s1;mkdir lib/;cp -r /home/mmartinez/defects4j/framework/projects/lib/* lib/;cp -r /home/mmartinez/defects4j/framework/projects/Chart/lib/* lib/;find . -type f -name "package-info.java" -delete;
/home/mmartinez/defects4j-repair/src/python/core/../../../results/2016-june/Chart/seed/20/package/1/Genprog/result
cd /tmp/chart_1_Genprog_local_s1;export JAVA_TOOL_OPTIONS=-Dfile.encoding=UTF8;TZ="America/New_York"; export TZexport PATH="/usr/lib/jvm/java-1.7.0-openjdk-amd64/bin/:$PATH";time /home/mmartinez/jdk1.8.0_45/bin//java -Xmx4096m -cp /home/mmartinez/defects4j-repair/src/python/core/../../..//libs/astor.jar fr.inria.main.evolution.MainjGenProg -mode statement -location . -id Chart -dependencies lib/ -failing org.jfree.chart.renderer.category.junit.AbstractCategoryItemRendererTests: -package org.jfree -jvm4testexecution /usr/lib/jvm/java-1.7.0-openjdk-amd64/bin/ -jvm4evosuitetestexecution /home/mmartinez/jdk1.8.0_45/bin/ -javacompliancelevel 4 -maxgen 1000000 -seed 20 -scope package -maxtime 120  -stopfirst false -population 1 -srcjavafolder source/ -srctestfolder tests/ -binjavafolder build/ -bintestfolder build-tests/ -flthreshold 0.1  -validation  fr.inria.astor.core.validation.validators.RegressionValidation  -ESParameters -Dassertion_timeout=1800:-Dminimization_timeout=1800:-Djunit_check_timeout=1800:-Dwrite_junit_timeout=300:-Dinitialization_timeout=300:-Dglobal_timeout=18000:-Dsearch_budget=100000:-Dstopping_condition=MaxStatements:-Dno_runtime_dependency=true:-Dsandbox=false:-Dp_reflection_on_private=0.0:-Dreflection_start_percent=1.0:-Dp_functional_mocking=0.0:-Dfunctional_mocking_percent=1.0:-mem=2000 -ignoredtestcases org.apache.commons.lang.LocaleUtilsTest  -excludeRegression  -maxgen 100000000 ;echo "

Node: `hostname`
";echo "
Date: `date`
"; find /tmp/chart_1_Genprog_local_s1/outputMutation -name "*.class" -type f -delete;echo "removed classes 
"; find . -name bin  -type d -print0|xargs -0 rm -r --; zip -r -q out.zip /tmp/chart_1_Genprog_local_s1/outputMutation; echo "zipped 
";cp out.zip /home/mmartinez/defects4j-repair/src/python/core/../../../results/2016-june/Chart/seed/20/package/1/Genprog; echo "copied zip 
";rm -rf /tmp/chart_1_Genprog_local_s1;

[DEBUG] fr.inria.astor.core.loop.AstorCoreEngine.showResults(AstorCoreEngine.java:136) - End Repair Loops: Found solution
[DEBUG] fr.inria.astor.core.loop.AstorCoreEngine.showResults(AstorCoreEngine.java:137) - Solution stored at: /tmp/chart_1_Genprog_local_s1/./outputMutation/AstorMain-Chart//src/
[DEBUG] fr.inria.astor.core.loop.AstorCoreEngine.showResults(AstorCoreEngine.java:142) - 
Number solutions:10
[DEBUG] fr.inria.astor.core.loop.AstorCoreEngine.showResults(AstorCoreEngine.java:144) - f (sol): 0.0, [Variant id: 538 (SOL) , #gens: 30, #ops: 1, parent:537]
[DEBUG] fr.inria.astor.core.loop.AstorCoreEngine.showResults(AstorCoreEngine.java:144) - f (sol): 0.0, [Variant id: 564 (SOL) , #gens: 30, #ops: 1, parent:563]
[DEBUG] fr.inria.astor.core.loop.AstorCoreEngine.showResults(AstorCoreEngine.java:144) - f (sol): 0.0, [Variant id: 632 (SOL) , #gens: 31, #ops: 1, parent:631]
[DEBUG] fr.inria.astor.core.loop.AstorCoreEngine.showResults(AstorCoreEngine.java:144) - f (sol): 0.0, [Variant id: 982 (SOL) , #gens: 30, #ops: 1, parent:981]
[DEBUG] fr.inria.astor.core.loop.AstorCoreEngine.showResults(AstorCoreEngine.java:144) - f (sol): 0.0, [Variant id: 1118 (SOL) , #gens: 30, #ops: 1, parent:1117]
[DEBUG] fr.inria.astor.core.loop.AstorCoreEngine.showResults(AstorCoreEngine.java:144) - f (sol): 0.0, [Variant id: 1148 (SOL) , #gens: 30, #ops: 1, parent:1147]
[DEBUG] fr.inria.astor.core.loop.AstorCoreEngine.showResults(AstorCoreEngine.java:144) - f (sol): 0.0, [Variant id: 1158 (SOL) , #gens: 30, #ops: 1, parent:1157]
[DEBUG] fr.inria.astor.core.loop.AstorCoreEngine.showResults(AstorCoreEngine.java:144) - f (sol): 0.0, [Variant id: 1160 (SOL) , #gens: 30, #ops: 1, parent:1159]
[DEBUG] fr.inria.astor.core.loop.AstorCoreEngine.showResults(AstorCoreEngine.java:144) - f (sol): 0.0, [Variant id: 1214 (SOL) , #gens: 31, #ops: 1, parent:1213]
[DEBUG] fr.inria.astor.core.loop.AstorCoreEngine.showResults(AstorCoreEngine.java:144) - f (sol): 0.0, [Variant id: 1246 (SOL) , #gens: 31, #ops: 1, parent:1245]
[DEBUG] fr.inria.astor.core.loop.AstorCoreEngine.showResults(AstorCoreEngine.java:146) - 
All variants:
[DEBUG] fr.inria.astor.core.loop.AstorCoreEngine.showResults(AstorCoreEngine.java:148) - f 1.0, [Variant id: 1275, #gens: 31, #ops: 0, parent:-]
[INFO ] fr.inria.astor.core.loop.AstorCoreEngine.showResults(AstorCoreEngine.java:152) - 
Solution details
[INFO ] fr.inria.astor.core.loop.AstorCoreEngine.showResults(AstorCoreEngine.java:153) - 
 --SOLUTIONS DESCRIPTION--

 ----
ProgramVariant 538
 
time(sec)= 3155
operation: RemoveOp
location= org.jfree.chart.renderer.category.AbstractCategoryItemRenderer
line= 1798
lineSuspiciousness= 0.162
original statement= return result
fixed statement= 
generation= 269
ingredientScope= -
validation=
failing: |true|0|10|[]|
manual_regression: |true|0|4402|[]|
evo_regression: |true|0|93|[]|
 ----
ProgramVariant 564
 
time(sec)= 3353
operation: RemoveOp
location= org.jfree.chart.renderer.category.AbstractCategoryItemRenderer
line= 1798
lineSuspiciousness= 0.162
original statement= return result
fixed statement= 
generation= 282
ingredientScope= -
validation=
failing: |true|0|10|[]|
manual_regression: |true|0|4402|[]|
evo_regression: |true|0|93|[]|
 ----
ProgramVariant 632
 
time(sec)= 3817
operation: ReplaceOp
location= org.jfree.chart.renderer.category.AbstractCategoryItemRenderer
line= 1797
lineSuspiciousness= 0.162
original statement= if (dataset != null) {
	return result;
} 
fixed statement= if (dataset != null) {
	org.jfree.chart.renderer.category.AbstractCategoryItemRenderer.this.rowCount = dataset.getRowCount();
	org.jfree.chart.renderer.category.AbstractCategoryItemRenderer.this.columnCount = dataset.getColumnCount();
} else {
	org.jfree.chart.renderer.category.AbstractCategoryItemRenderer.this.rowCount = 0;
	org.jfree.chart.renderer.category.AbstractCategoryItemRenderer.this.columnCount = 0;
}
generation= 316
ingredientScope= LOCAL
validation=
failing: |true|0|10|[]|
manual_regression: |true|0|4402|[]|
evo_regression: |true|0|93|[]|
 ----
ProgramVariant 982
 
time(sec)= 5378
operation: RemoveOp
location= org.jfree.chart.renderer.category.AbstractCategoryItemRenderer
line= 1797
lineSuspiciousness= 0.162
original statement= if (dataset != null) {
	return result;
} 
fixed statement= 
generation= 491
ingredientScope= -
validation=
failing: |true|0|10|[]|
manual_regression: |true|0|4402|[]|
evo_regression: |true|0|93|[]|
 ----
ProgramVariant 1118
 
time(sec)= 6097
operation: RemoveOp
location= org.jfree.chart.renderer.category.AbstractCategoryItemRenderer
line= 1797
lineSuspiciousness= 0.162
original statement= if (dataset != null) {
	return result;
} 
fixed statement= 
generation= 559
ingredientScope= -
validation=
failing: |true|0|10|[]|
manual_regression: |true|0|4402|[]|
evo_regression: |true|0|93|[]|
 ----
ProgramVariant 1148
 
time(sec)= 6274
operation: RemoveOp
location= org.jfree.chart.renderer.category.AbstractCategoryItemRenderer
line= 1798
lineSuspiciousness= 0.162
original statement= return result
fixed statement= 
generation= 574
ingredientScope= -
validation=
failing: |true|0|10|[]|
manual_regression: |true|0|4402|[]|
evo_regression: |true|0|93|[]|
 ----
ProgramVariant 1158
 
time(sec)= 6419
operation: RemoveOp
location= org.jfree.chart.renderer.category.AbstractCategoryItemRenderer
line= 1798
lineSuspiciousness= 0.162
original statement= return result
fixed statement= 
generation= 579
ingredientScope= -
validation=
failing: |true|0|10|[]|
manual_regression: |true|0|4402|[]|
evo_regression: |true|0|93|[]|
 ----
ProgramVariant 1160
 
time(sec)= 6512
operation: RemoveOp
location= org.jfree.chart.renderer.category.AbstractCategoryItemRenderer
line= 1797
lineSuspiciousness= 0.162
original statement= if (dataset != null) {
	return result;
} 
fixed statement= 
generation= 580
ingredientScope= -
validation=
failing: |true|0|10|[]|
manual_regression: |true|0|4402|[]|
evo_regression: |true|0|93|[]|
 ----
ProgramVariant 1214
 
time(sec)= 6903
operation: ReplaceOp
location= org.jfree.chart.renderer.category.AbstractCategoryItemRenderer
line= 1797
lineSuspiciousness= 0.162
original statement= if (dataset != null) {
	return result;
} 
fixed statement= if (plot == null) {
	throw new java.lang.IllegalArgumentException("Null 'plot' argument.");
} 
generation= 607
ingredientScope= LOCAL
validation=
failing: |true|0|10|[]|
manual_regression: |true|0|4402|[]|
evo_regression: |true|0|93|[]|
 ----
ProgramVariant 1246
 
time(sec)= 7191
operation: ReplaceOp
location= org.jfree.chart.renderer.category.AbstractCategoryItemRenderer
line= 1797
lineSuspiciousness= 0.162
original statement= if (dataset != null) {
	return result;
} 
fixed statement= if ((org.jfree.chart.renderer.category.AbstractCategoryItemRenderer.this.plot) == null) {
	return result;
} 
generation= 623
ingredientScope= LOCAL
validation=
failing: |true|0|10|[]|
manual_regression: |true|0|4402|[]|
evo_regression: |true|0|93|[]|
[INFO ] fr.inria.main.evolution.AstorMain.run(AstorMain.java:397) - Time Total(s): 8096.646


Node: graphite-2.nancy.grid5000.fr


Date: Fri Jan 20 00:24:45 CET 2017

removed classes 

zipped 

copied zip 


