seed AstorRun 17 
export PATH="/home/mmartinez/defects4j/framework/bin:$PATH";export JAVA_TOOL_OPTIONS=-Dfile.encoding=UTF8;export PATH="/usr/lib/jvm/java-1.7.0-openjdk-amd64/bin/:$PATH";cd /home/mmartinez/projects/math/math_7;defects4j compile;cp -r /home/mmartinez/projects/math/math_7 /tmp/math_7_Genprog_local_s1;cd /tmp/math_7_Genprog_local_s1;mkdir lib/;cp -r /home/mmartinez/defects4j/framework/projects/lib/* lib/;cp -r /home/mmartinez/defects4j/framework/projects/Math/lib/* lib/;find . -type f -name "package-info.java" -delete;
/home/mmartinez/defects4j-repair/src/python/core/../../../results/2016-june/Math/seed/17/package/7/Genprog/result
cd /tmp/math_7_Genprog_local_s1;export JAVA_TOOL_OPTIONS=-Dfile.encoding=UTF8;TZ="America/New_York"; export TZexport PATH="/usr/lib/jvm/java-1.7.0-openjdk-amd64/bin/:$PATH";time /home/mmartinez/jdk1.8.0_45/bin//java -Xmx4096m -cp /home/mmartinez/defects4j-repair/src/python/core/../../..//libs/astor.jar fr.inria.main.evolution.MainjGenProg -mode statement -location . -id Math -dependencies lib/ -failing org.apache.commons.math3.ode.nonstiff.DormandPrince853IntegratorTest: -package org.apache.commons -jvm4testexecution /usr/lib/jvm/java-1.7.0-openjdk-amd64/bin/ -jvm4evosuitetestexecution /home/mmartinez/jdk1.8.0_45/bin/ -javacompliancelevel 5 -maxgen 1000000 -seed 17 -scope package -maxtime 120  -stopfirst false -population 1 -srcjavafolder src/main/java/ -srctestfolder src/test/java/ -binjavafolder target/classes/ -bintestfolder target/test-classes/ -flthreshold 0.1  -validation  fr.inria.astor.core.validation.validators.RegressionValidation  -ESParameters -Dassertion_timeout=1800:-Dminimization_timeout=1800:-Djunit_check_timeout=1800:-Dwrite_junit_timeout=300:-Dinitialization_timeout=300:-Dglobal_timeout=18000:-Dsearch_budget=100000:-Dstopping_condition=MaxStatements:-Dno_runtime_dependency=true:-Dsandbox=false:-Dp_reflection_on_private=0.0:-Dreflection_start_percent=1.0:-Dp_functional_mocking=0.0:-Dfunctional_mocking_percent=1.0:-mem=2000 -ignoredtestcases org.apache.commons.lang.LocaleUtilsTest  -excludeRegression  -maxgen 100000000 ;echo "

Node: `hostname`
";echo "
Date: `date`
"; find /tmp/math_7_Genprog_local_s1/outputMutation -name "*.class" -type f -delete;echo "removed classes 
"; find . -name bin  -type d -print0|xargs -0 rm -r --; zip -r -q out.zip /tmp/math_7_Genprog_local_s1/outputMutation; echo "zipped 
";cp out.zip /home/mmartinez/defects4j-repair/src/python/core/../../../results/2016-june/Math/seed/17/package/7/Genprog; echo "copied zip 
";rm -rf /tmp/math_7_Genprog_local_s1;

[DEBUG] fr.inria.astor.core.loop.AstorCoreEngine.showResults(AstorCoreEngine.java:136) - End Repair Loops: Found solution
[DEBUG] fr.inria.astor.core.loop.AstorCoreEngine.showResults(AstorCoreEngine.java:137) - Solution stored at: /tmp/math_7_Genprog_local_s1/./outputMutation/AstorMain-Math//src/
[DEBUG] fr.inria.astor.core.loop.AstorCoreEngine.showResults(AstorCoreEngine.java:142) - 
Number solutions:2
[DEBUG] fr.inria.astor.core.loop.AstorCoreEngine.showResults(AstorCoreEngine.java:144) - f (sol): 1.0, [Variant id: 202 (SOL) , #gens: 239, #ops: 1, parent:201]
[DEBUG] fr.inria.astor.core.loop.AstorCoreEngine.showResults(AstorCoreEngine.java:144) - f (sol): 5.0, [Variant id: 446 (SOL) , #gens: 239, #ops: 1, parent:445]
[DEBUG] fr.inria.astor.core.loop.AstorCoreEngine.showResults(AstorCoreEngine.java:146) - 
All variants:
[DEBUG] fr.inria.astor.core.loop.AstorCoreEngine.showResults(AstorCoreEngine.java:148) - f 1.0, [Variant id: 1583, #gens: 238, #ops: 0, parent:-]
[INFO ] fr.inria.astor.core.loop.AstorCoreEngine.showResults(AstorCoreEngine.java:152) - 
Solution details
[INFO ] fr.inria.astor.core.loop.AstorCoreEngine.showResults(AstorCoreEngine.java:153) - 
 --SOLUTIONS DESCRIPTION--

 ----
ProgramVariant 202
 
time(sec)= 1049
operation: InsertAfterOp
location= org.apache.commons.math3.ode.events.EventState
line= 206
lineSuspiciousness= 0.147
original statement= final org.apache.commons.math3.analysis.UnivariateFunction f = new org.apache.commons.math3.analysis.UnivariateFunction() {
	public double value(final double t) throws org.apache.commons.math3.ode.events.EventState.LocalMaxCountExceededException {
		try {
			interpolator.setInterpolatedTime(t);
			return handler.g(t, interpolator.getInterpolatedState());
		} catch (org.apache.commons.math3.exception.MaxCountExceededException mcee) {
			throw new org.apache.commons.math3.ode.events.EventState.LocalMaxCountExceededException(mcee);
		}
	}
}
fixed statement= t0 = interpolator.getPreviousTime()
generation= 101
ingredientScope= LOCAL
validation=
failing: |true|0|12|[]|
manual_regression: |false|1|4865|[closeEvents(org.apache.commons.math3.ode.events.EventStateTest): null-]|
evo_regression: |true|0|19|[]|
 ----
ProgramVariant 446
 
time(sec)= 2535
operation: InsertAfterOp
location= org.apache.commons.math3.ode.events.EventState
line= 278
lineSuspiciousness= 0.147
original statement= ga = gb
fixed statement= return (nextAction) == (org.apache.commons.math3.ode.events.EventHandler.Action.STOP)
generation= 223
ingredientScope= LOCAL
validation=
failing: |true|0|12|[]|
manual_regression: |false|5|4865|[closeEvents(org.apache.commons.math3.ode.events.EventStateTest): null-, testIssue695(org.apache.commons.math3.ode.events.EventStateTest): expected:<32.0> but was:<30.000000000000014>-, testOverlappingEvents0(org.apache.commons.math3.ode.events.OverlappingEventsTest): expected:<9> but was:<1>-, testOverlappingEvents1(org.apache.commons.math3.ode.events.OverlappingEventsTest): expected:<9> but was:<1>-, testUnstableDerivative(org.apache.commons.math3.ode.nonstiff.GraggBulirschStoerIntegratorTest): expected:<8.0> but was:<0.0>-]|
evo_regression: |true|0|19|[]|
[INFO ] fr.inria.main.evolution.AstorMain.run(AstorMain.java:397) - Time Total(s): 8153.281


Node: graphene-27.nancy.grid5000.fr


Date: Thu Jan 19 04:17:17 CET 2017

removed classes 

zipped 

copied zip 


