seed AstorRun 4 
export PATH="/home/mmartinez/defects4j/framework/bin:$PATH";export JAVA_TOOL_OPTIONS=-Dfile.encoding=UTF8;export PATH="/usr/lib/jvm/java-1.7.0-openjdk-amd64/bin/:$PATH";cd /home/mmartinez/projects/math/math_8;defects4j compile;cp -r /home/mmartinez/projects/math/math_8 /tmp/math_8_Genprog_local_s1;cd /tmp/math_8_Genprog_local_s1;mkdir lib/;cp -r /home/mmartinez/defects4j/framework/projects/lib/* lib/;cp -r /home/mmartinez/defects4j/framework/projects/Math/lib/* lib/;find . -type f -name "package-info.java" -delete;
/home/mmartinez/defects4j-repair/src/python/core/../../../results/2016-june/Math/seed/4/package/8/Genprog/result
cd /tmp/math_8_Genprog_local_s1;export JAVA_TOOL_OPTIONS=-Dfile.encoding=UTF8;TZ="America/New_York"; export TZexport PATH="/usr/lib/jvm/java-1.7.0-openjdk-amd64/bin/:$PATH";time /home/mmartinez/jdk1.8.0_45/bin//java -Xmx4096m -cp /home/mmartinez/defects4j-repair/src/python/core/../../..//libs/astor.jar fr.inria.main.evolution.MainjGenProg -mode statement -location . -id Math -dependencies lib/ -failing org.apache.commons.math3.distribution.DiscreteRealDistributionTest: -package org.apache.commons -jvm4testexecution /usr/lib/jvm/java-1.7.0-openjdk-amd64/bin/ -jvm4evosuitetestexecution /home/mmartinez/jdk1.8.0_45/bin/ -javacompliancelevel 5 -maxgen 1000000 -seed 4 -scope package -maxtime 120  -stopfirst false -population 1 -srcjavafolder src/main/java/ -srctestfolder src/test/java/ -binjavafolder target/classes/ -bintestfolder target/test-classes/ -flthreshold 0.1  -validation  fr.inria.astor.core.validation.validators.RegressionValidation  -ESParameters -Dassertion_timeout=1800:-Dminimization_timeout=1800:-Djunit_check_timeout=1800:-Dwrite_junit_timeout=300:-Dinitialization_timeout=300:-Dglobal_timeout=18000:-Dsearch_budget=100000:-Dstopping_condition=MaxStatements:-Dno_runtime_dependency=true:-Dsandbox=false:-Dp_reflection_on_private=0.0:-Dreflection_start_percent=1.0:-Dp_functional_mocking=0.0:-Dfunctional_mocking_percent=1.0:-mem=2000 -ignoredtestcases org.apache.commons.lang.LocaleUtilsTest  -excludeRegression  -maxgen 100000000 ;echo "

Node: `hostname`
";echo "
Date: `date`
"; find /tmp/math_8_Genprog_local_s1/outputMutation -name "*.class" -type f -delete;echo "removed classes 
"; find . -name bin  -type d -print0|xargs -0 rm -r --; zip -r -q out.zip /tmp/math_8_Genprog_local_s1/outputMutation; echo "zipped 
";cp out.zip /home/mmartinez/defects4j-repair/src/python/core/../../../results/2016-june/Math/seed/4/package/8/Genprog; echo "copied zip 
";rm -rf /tmp/math_8_Genprog_local_s1;

[DEBUG] fr.inria.astor.core.loop.AstorCoreEngine.showResults(AstorCoreEngine.java:136) - End Repair Loops: Found solution
[DEBUG] fr.inria.astor.core.loop.AstorCoreEngine.showResults(AstorCoreEngine.java:137) - Solution stored at: /tmp/math_8_Genprog_local_s1/./outputMutation/AstorMain-Math//src/
[DEBUG] fr.inria.astor.core.loop.AstorCoreEngine.showResults(AstorCoreEngine.java:142) - 
Number solutions:10
[DEBUG] fr.inria.astor.core.loop.AstorCoreEngine.showResults(AstorCoreEngine.java:144) - f (sol): 2.0, [Variant id: 64 (SOL) , #gens: 79, #ops: 1, parent:63]
[DEBUG] fr.inria.astor.core.loop.AstorCoreEngine.showResults(AstorCoreEngine.java:144) - f (sol): 2.0, [Variant id: 184 (SOL) , #gens: 79, #ops: 1, parent:183]
[DEBUG] fr.inria.astor.core.loop.AstorCoreEngine.showResults(AstorCoreEngine.java:144) - f (sol): 2.0, [Variant id: 342 (SOL) , #gens: 79, #ops: 1, parent:341]
[DEBUG] fr.inria.astor.core.loop.AstorCoreEngine.showResults(AstorCoreEngine.java:144) - f (sol): 2.0, [Variant id: 680 (SOL) , #gens: 79, #ops: 1, parent:679]
[DEBUG] fr.inria.astor.core.loop.AstorCoreEngine.showResults(AstorCoreEngine.java:144) - f (sol): 2.0, [Variant id: 1048 (SOL) , #gens: 79, #ops: 1, parent:1047]
[DEBUG] fr.inria.astor.core.loop.AstorCoreEngine.showResults(AstorCoreEngine.java:144) - f (sol): 2.0, [Variant id: 1082 (SOL) , #gens: 79, #ops: 1, parent:1081]
[DEBUG] fr.inria.astor.core.loop.AstorCoreEngine.showResults(AstorCoreEngine.java:144) - f (sol): 2.0, [Variant id: 1090 (SOL) , #gens: 79, #ops: 1, parent:1089]
[DEBUG] fr.inria.astor.core.loop.AstorCoreEngine.showResults(AstorCoreEngine.java:144) - f (sol): 2.0, [Variant id: 1272 (SOL) , #gens: 79, #ops: 1, parent:1271]
[DEBUG] fr.inria.astor.core.loop.AstorCoreEngine.showResults(AstorCoreEngine.java:144) - f (sol): 2.0, [Variant id: 1304 (SOL) , #gens: 79, #ops: 1, parent:1303]
[DEBUG] fr.inria.astor.core.loop.AstorCoreEngine.showResults(AstorCoreEngine.java:144) - f (sol): 2.0, [Variant id: 1400 (SOL) , #gens: 79, #ops: 1, parent:1399]
[DEBUG] fr.inria.astor.core.loop.AstorCoreEngine.showResults(AstorCoreEngine.java:146) - 
All variants:
[DEBUG] fr.inria.astor.core.loop.AstorCoreEngine.showResults(AstorCoreEngine.java:148) - f 1.0, [Variant id: 1487, #gens: 80, #ops: 0, parent:-]
[INFO ] fr.inria.astor.core.loop.AstorCoreEngine.showResults(AstorCoreEngine.java:152) - 
Solution details
[INFO ] fr.inria.astor.core.loop.AstorCoreEngine.showResults(AstorCoreEngine.java:153) - 
 --SOLUTIONS DESCRIPTION--

 ----
ProgramVariant 64
 
time(sec)= 1109
operation: RemoveOp
location= org.apache.commons.math3.distribution.DiscreteDistribution
line= 189
lineSuspiciousness= 0.577
original statement= for (int i = 0 ; i < sampleSize ; i++) {
	out[i] = sample();
}
fixed statement= 
generation= 32
ingredientScope= -
validation=
failing: |true|0|13|[]|
manual_regression: |true|0|4659|[]|
evo_regression: |false|2|21|[test05(org.apache.commons.math3.distribution.DiscreteDistribution_ESTest): Expecting exception: ArrayStoreException-, test04(org.apache.commons.math3.distribution.DiscreteDistribution_ESTest): Expecting exception: NullPointerException-]|
 ----
ProgramVariant 184
 
time(sec)= 1722
operation: RemoveOp
location= org.apache.commons.math3.distribution.DiscreteDistribution
line= 189
lineSuspiciousness= 0.577
original statement= for (int i = 0 ; i < sampleSize ; i++) {
	out[i] = sample();
}
fixed statement= 
generation= 92
ingredientScope= -
validation=
failing: |true|0|13|[]|
manual_regression: |true|0|4659|[]|
evo_regression: |false|2|21|[test05(org.apache.commons.math3.distribution.DiscreteDistribution_ESTest): Expecting exception: ArrayStoreException-, test04(org.apache.commons.math3.distribution.DiscreteDistribution_ESTest): Expecting exception: NullPointerException-]|
 ----
ProgramVariant 342
 
time(sec)= 2609
operation: RemoveOp
location= org.apache.commons.math3.distribution.DiscreteDistribution
line= 190
lineSuspiciousness= 0.577
original statement= out[i] = sample()
fixed statement= 
generation= 171
ingredientScope= -
validation=
failing: |true|0|13|[]|
manual_regression: |true|0|4659|[]|
evo_regression: |false|2|21|[test05(org.apache.commons.math3.distribution.DiscreteDistribution_ESTest): Expecting exception: ArrayStoreException-, test04(org.apache.commons.math3.distribution.DiscreteDistribution_ESTest): Expecting exception: NullPointerException-]|
 ----
ProgramVariant 680
 
time(sec)= 3731
operation: RemoveOp
location= org.apache.commons.math3.distribution.DiscreteDistribution
line= 190
lineSuspiciousness= 0.577
original statement= out[i] = sample()
fixed statement= 
generation= 340
ingredientScope= -
validation=
failing: |true|0|13|[]|
manual_regression: |true|0|4659|[]|
evo_regression: |false|2|21|[test05(org.apache.commons.math3.distribution.DiscreteDistribution_ESTest): Expecting exception: ArrayStoreException-, test04(org.apache.commons.math3.distribution.DiscreteDistribution_ESTest): Expecting exception: NullPointerException-]|
 ----
ProgramVariant 1048
 
time(sec)= 4885
operation: RemoveOp
location= org.apache.commons.math3.distribution.DiscreteDistribution
line= 189
lineSuspiciousness= 0.577
original statement= for (int i = 0 ; i < sampleSize ; i++) {
	out[i] = sample();
}
fixed statement= 
generation= 524
ingredientScope= -
validation=
failing: |true|0|13|[]|
manual_regression: |true|0|4659|[]|
evo_regression: |false|2|21|[test05(org.apache.commons.math3.distribution.DiscreteDistribution_ESTest): Expecting exception: ArrayStoreException-, test04(org.apache.commons.math3.distribution.DiscreteDistribution_ESTest): Expecting exception: NullPointerException-]|
 ----
ProgramVariant 1082
 
time(sec)= 5235
operation: RemoveOp
location= org.apache.commons.math3.distribution.DiscreteDistribution
line= 189
lineSuspiciousness= 0.577
original statement= for (int i = 0 ; i < sampleSize ; i++) {
	out[i] = sample();
}
fixed statement= 
generation= 541
ingredientScope= -
validation=
failing: |true|0|13|[]|
manual_regression: |true|0|4659|[]|
evo_regression: |false|2|21|[test05(org.apache.commons.math3.distribution.DiscreteDistribution_ESTest): Expecting exception: ArrayStoreException-, test04(org.apache.commons.math3.distribution.DiscreteDistribution_ESTest): Expecting exception: NullPointerException-]|
 ----
ProgramVariant 1090
 
time(sec)= 5480
operation: RemoveOp
location= org.apache.commons.math3.distribution.DiscreteDistribution
line= 189
lineSuspiciousness= 0.577
original statement= for (int i = 0 ; i < sampleSize ; i++) {
	out[i] = sample();
}
fixed statement= 
generation= 545
ingredientScope= -
validation=
failing: |true|0|13|[]|
manual_regression: |true|0|4659|[]|
evo_regression: |false|2|21|[test05(org.apache.commons.math3.distribution.DiscreteDistribution_ESTest): Expecting exception: ArrayStoreException-, test04(org.apache.commons.math3.distribution.DiscreteDistribution_ESTest): Expecting exception: NullPointerException-]|
 ----
ProgramVariant 1272
 
time(sec)= 6201
operation: RemoveOp
location= org.apache.commons.math3.distribution.DiscreteDistribution
line= 190
lineSuspiciousness= 0.577
original statement= out[i] = sample()
fixed statement= 
generation= 636
ingredientScope= -
validation=
failing: |true|0|13|[]|
manual_regression: |true|0|4659|[]|
evo_regression: |false|2|21|[test05(org.apache.commons.math3.distribution.DiscreteDistribution_ESTest): Expecting exception: ArrayStoreException-, test04(org.apache.commons.math3.distribution.DiscreteDistribution_ESTest): Expecting exception: NullPointerException-]|
 ----
ProgramVariant 1304
 
time(sec)= 6487
operation: RemoveOp
location= org.apache.commons.math3.distribution.DiscreteDistribution
line= 190
lineSuspiciousness= 0.577
original statement= out[i] = sample()
fixed statement= 
generation= 652
ingredientScope= -
validation=
failing: |true|0|13|[]|
manual_regression: |true|0|4659|[]|
evo_regression: |false|2|21|[test05(org.apache.commons.math3.distribution.DiscreteDistribution_ESTest): Expecting exception: ArrayStoreException-, test04(org.apache.commons.math3.distribution.DiscreteDistribution_ESTest): Expecting exception: NullPointerException-]|
 ----
ProgramVariant 1400
 
time(sec)= 6888
operation: RemoveOp
location= org.apache.commons.math3.distribution.DiscreteDistribution
line= 189
lineSuspiciousness= 0.577
original statement= for (int i = 0 ; i < sampleSize ; i++) {
	out[i] = sample();
}
fixed statement= 
generation= 700
ingredientScope= -
validation=
failing: |true|0|13|[]|
manual_regression: |true|0|4659|[]|
evo_regression: |false|2|21|[test05(org.apache.commons.math3.distribution.DiscreteDistribution_ESTest): Expecting exception: ArrayStoreException-, test04(org.apache.commons.math3.distribution.DiscreteDistribution_ESTest): Expecting exception: NullPointerException-]|
[INFO ] fr.inria.main.evolution.AstorMain.run(AstorMain.java:397) - Time Total(s): 8014.205


Node: grimoire-3.nancy.grid5000.fr


Date: Wed Jan 11 00:06:04 CET 2017

removed classes 

zipped 

copied zip 


