seed AstorRun 11 
export PATH="/home/mmartinez/defects4j/framework/bin:$PATH";export JAVA_TOOL_OPTIONS=-Dfile.encoding=UTF8;export PATH="/usr/lib/jvm/java-1.7.0-openjdk-amd64/bin/:$PATH";cd /home/mmartinez/projects/time/time_4;defects4j compile;cp -r /home/mmartinez/projects/time/time_4 /tmp/time_4_Genprog_local_s1;cd /tmp/time_4_Genprog_local_s1;mkdir lib/;cp -r /home/mmartinez/defects4j/framework/projects/lib/* lib/;cp -r /home/mmartinez/defects4j/framework/projects/Time/lib/* lib/;find . -type f -name "package-info.java" -delete;
/home/mmartinez/defects4j-repair/src/python/core/../../../results/2016-june/Time/seed/11/package/4/Genprog/result
cd /tmp/time_4_Genprog_local_s1;export JAVA_TOOL_OPTIONS=-Dfile.encoding=UTF8;TZ="America/New_York"; export TZexport PATH="/usr/lib/jvm/java-1.7.0-openjdk-amd64/bin/:$PATH";time /home/mmartinez/jdk1.8.0_45/bin//java -Xmx4096m -cp /home/mmartinez/defects4j-repair/src/python/core/../../..//libs/astor.jar fr.inria.main.evolution.MainjGenProg -mode statement -location . -id Time -dependencies lib/ -failing org.joda.time.TestPartial_Basics: -package org.joda -jvm4testexecution /usr/lib/jvm/java-1.7.0-openjdk-amd64/bin/ -jvm4evosuitetestexecution /home/mmartinez/jdk1.8.0_45/bin/ -javacompliancelevel 5 -maxgen 1000000 -seed 11 -scope package -maxtime 120  -stopfirst false -population 1 -srcjavafolder src/main/java/ -srctestfolder src/test/java/ -binjavafolder target/classes/ -bintestfolder target/test-classes/ -flthreshold 0.1  -validation  fr.inria.astor.core.validation.validators.RegressionValidation  -ESParameters -Dassertion_timeout=1800:-Dminimization_timeout=1800:-Djunit_check_timeout=1800:-Dwrite_junit_timeout=300:-Dinitialization_timeout=300:-Dglobal_timeout=18000:-Dsearch_budget=100000:-Dstopping_condition=MaxStatements:-Dno_runtime_dependency=true:-Dsandbox=false:-Dp_reflection_on_private=0.0:-Dreflection_start_percent=1.0:-Dp_functional_mocking=0.0:-Dfunctional_mocking_percent=1.0:-mem=2000 -ignoredtestcases org.apache.commons.lang.LocaleUtilsTest  -excludeRegression  -maxgen 100000000 ;echo "

Node: `hostname`
";echo "
Date: `date`
"; find /tmp/time_4_Genprog_local_s1/outputMutation -name "*.class" -type f -delete;echo "removed classes 
"; find . -name bin  -type d -print0|xargs -0 rm -r --; zip -r -q out.zip /tmp/time_4_Genprog_local_s1/outputMutation; echo "zipped 
";cp out.zip /home/mmartinez/defects4j-repair/src/python/core/../../../results/2016-june/Time/seed/11/package/4/Genprog; echo "copied zip 
";rm -rf /tmp/time_4_Genprog_local_s1;

[DEBUG] fr.inria.astor.core.loop.AstorCoreEngine.showResults(AstorCoreEngine.java:136) - End Repair Loops: Found solution
[DEBUG] fr.inria.astor.core.loop.AstorCoreEngine.showResults(AstorCoreEngine.java:137) - Solution stored at: /tmp/time_4_Genprog_local_s1/./outputMutation/AstorMain-Time//src/
[DEBUG] fr.inria.astor.core.loop.AstorCoreEngine.showResults(AstorCoreEngine.java:142) - 
Number solutions:20
[DEBUG] fr.inria.astor.core.loop.AstorCoreEngine.showResults(AstorCoreEngine.java:144) - f (sol): 1.0, [Variant id: 158 (SOL) , #gens: 36, #ops: 1, parent:157]
[DEBUG] fr.inria.astor.core.loop.AstorCoreEngine.showResults(AstorCoreEngine.java:144) - f (sol): 1.0, [Variant id: 162 (SOL) , #gens: 36, #ops: 1, parent:161]
[DEBUG] fr.inria.astor.core.loop.AstorCoreEngine.showResults(AstorCoreEngine.java:144) - f (sol): 1.0, [Variant id: 354 (SOL) , #gens: 36, #ops: 1, parent:353]
[DEBUG] fr.inria.astor.core.loop.AstorCoreEngine.showResults(AstorCoreEngine.java:144) - f (sol): 1.0, [Variant id: 636 (SOL) , #gens: 36, #ops: 1, parent:635]
[DEBUG] fr.inria.astor.core.loop.AstorCoreEngine.showResults(AstorCoreEngine.java:144) - f (sol): 1.0, [Variant id: 1084 (SOL) , #gens: 36, #ops: 1, parent:1083]
[DEBUG] fr.inria.astor.core.loop.AstorCoreEngine.showResults(AstorCoreEngine.java:144) - f (sol): 1.0, [Variant id: 1158 (SOL) , #gens: 36, #ops: 1, parent:1157]
[DEBUG] fr.inria.astor.core.loop.AstorCoreEngine.showResults(AstorCoreEngine.java:144) - f (sol): 1.0, [Variant id: 1696 (SOL) , #gens: 36, #ops: 1, parent:1695]
[DEBUG] fr.inria.astor.core.loop.AstorCoreEngine.showResults(AstorCoreEngine.java:144) - f (sol): 1.0, [Variant id: 1926 (SOL) , #gens: 36, #ops: 1, parent:1925]
[DEBUG] fr.inria.astor.core.loop.AstorCoreEngine.showResults(AstorCoreEngine.java:144) - f (sol): 32.0, [Variant id: 1954 (SOL) , #gens: 36, #ops: 1, parent:1953]
[DEBUG] fr.inria.astor.core.loop.AstorCoreEngine.showResults(AstorCoreEngine.java:144) - f (sol): 1.0, [Variant id: 1996 (SOL) , #gens: 36, #ops: 1, parent:1995]
[DEBUG] fr.inria.astor.core.loop.AstorCoreEngine.showResults(AstorCoreEngine.java:144) - f (sol): 31.0, [Variant id: 2062 (SOL) , #gens: 36, #ops: 1, parent:2061]
[DEBUG] fr.inria.astor.core.loop.AstorCoreEngine.showResults(AstorCoreEngine.java:144) - f (sol): 1.0, [Variant id: 2566 (SOL) , #gens: 36, #ops: 1, parent:2565]
[DEBUG] fr.inria.astor.core.loop.AstorCoreEngine.showResults(AstorCoreEngine.java:144) - f (sol): 1.0, [Variant id: 3140 (SOL) , #gens: 36, #ops: 1, parent:3139]
[DEBUG] fr.inria.astor.core.loop.AstorCoreEngine.showResults(AstorCoreEngine.java:144) - f (sol): 1.0, [Variant id: 3718 (SOL) , #gens: 36, #ops: 1, parent:3717]
[DEBUG] fr.inria.astor.core.loop.AstorCoreEngine.showResults(AstorCoreEngine.java:144) - f (sol): 32.0, [Variant id: 5734 (SOL) , #gens: 36, #ops: 1, parent:5733]
[DEBUG] fr.inria.astor.core.loop.AstorCoreEngine.showResults(AstorCoreEngine.java:144) - f (sol): 6.0, [Variant id: 6494 (SOL) , #gens: 37, #ops: 1, parent:6493]
[DEBUG] fr.inria.astor.core.loop.AstorCoreEngine.showResults(AstorCoreEngine.java:144) - f (sol): 32.0, [Variant id: 7416 (SOL) , #gens: 36, #ops: 1, parent:7415]
[DEBUG] fr.inria.astor.core.loop.AstorCoreEngine.showResults(AstorCoreEngine.java:144) - f (sol): 32.0, [Variant id: 8146 (SOL) , #gens: 36, #ops: 1, parent:8145]
[DEBUG] fr.inria.astor.core.loop.AstorCoreEngine.showResults(AstorCoreEngine.java:144) - f (sol): 29.0, [Variant id: 8852 (SOL) , #gens: 36, #ops: 1, parent:8851]
[DEBUG] fr.inria.astor.core.loop.AstorCoreEngine.showResults(AstorCoreEngine.java:144) - f (sol): 54.0, [Variant id: 11374 (SOL) , #gens: 36, #ops: 1, parent:11373]
[DEBUG] fr.inria.astor.core.loop.AstorCoreEngine.showResults(AstorCoreEngine.java:146) - 
All variants:
[DEBUG] fr.inria.astor.core.loop.AstorCoreEngine.showResults(AstorCoreEngine.java:148) - f 1.0, [Variant id: 22667, #gens: 36, #ops: 0, parent:-]
[INFO ] fr.inria.astor.core.loop.AstorCoreEngine.showResults(AstorCoreEngine.java:152) - 
Solution details
[INFO ] fr.inria.astor.core.loop.AstorCoreEngine.showResults(AstorCoreEngine.java:153) - 
 --SOLUTIONS DESCRIPTION--

 ----
ProgramVariant 158
 
time(sec)= 165
operation: ReplaceOp
location= org.joda.time.field.ZeroIsMaxDateTimeField
line= 178
lineSuspiciousness= 0.866
original statement= return (getWrappedField().getMaximumValue(instant, values)) + 1
fixed statement= return 1
generation= 79
ingredientScope= PACKAGE
validation=
failing: |true|0|69|[]|
manual_regression: |true|0|12047|[warning(junit.framework.TestSuite$1): Class org.joda.time.chrono.gj.MainTest has no public constructor TestCase(String name) or TestCase()-]|
evo_regression: |false|1|55|[test53(org.joda.time.field.ZeroIsMaxDateTimeField_ESTest): expected:<60> but was:<1>-]|
 ----
ProgramVariant 162
 
time(sec)= 237
operation: ReplaceOp
location= org.joda.time.field.ZeroIsMaxDateTimeField
line= 138
lineSuspiciousness= 0.866
original statement= return 1
fixed statement= return getName().hashCode()
generation= 81
ingredientScope= PACKAGE
validation=
failing: |true|0|69|[]|
manual_regression: |true|0|12047|[warning(junit.framework.TestSuite$1): Class org.joda.time.chrono.gj.MainTest has no public constructor TestCase(String name) or TestCase()-]|
evo_regression: |false|1|55|[test39(org.joda.time.field.ZeroIsMaxDateTimeField_ESTest): expected:<1> but was:<1922141087>-]|
 ----
ProgramVariant 354
 
time(sec)= 356
operation: ReplaceOp
location= org.joda.time.field.ZeroIsMaxDateTimeField
line= 138
lineSuspiciousness= 0.866
original statement= return 1
fixed statement= return (getWrappedField().getMaximumValue(instant, values)) + 1
generation= 177
ingredientScope= LOCAL
validation=
failing: |true|0|69|[]|
manual_regression: |true|0|12047|[warning(junit.framework.TestSuite$1): Class org.joda.time.chrono.gj.MainTest has no public constructor TestCase(String name) or TestCase()-]|
evo_regression: |false|1|55|[test39(org.joda.time.field.ZeroIsMaxDateTimeField_ESTest): expected:<1> but was:<60>-]|
 ----
ProgramVariant 636
 
time(sec)= 524
operation: ReplaceOp
location= org.joda.time.field.ZeroIsMaxDateTimeField
line= 178
lineSuspiciousness= 0.866
original statement= return (getWrappedField().getMaximumValue(instant, values)) + 1
fixed statement= return getMinimumValue(instant)
generation= 318
ingredientScope= PACKAGE
validation=
failing: |true|0|69|[]|
manual_regression: |true|0|12047|[warning(junit.framework.TestSuite$1): Class org.joda.time.chrono.gj.MainTest has no public constructor TestCase(String name) or TestCase()-]|
evo_regression: |false|1|55|[test53(org.joda.time.field.ZeroIsMaxDateTimeField_ESTest): expected:<60> but was:<1>-]|
 ----
ProgramVariant 1084
 
time(sec)= 719
operation: ReplaceOp
location= org.joda.time.field.ZeroIsMaxDateTimeField
line= 111
lineSuspiciousness= 0.866
original statement= return 1
fixed statement= return getMaximumValue()
generation= 542
ingredientScope= PACKAGE
validation=
failing: |true|0|69|[]|
manual_regression: |true|0|12047|[warning(junit.framework.TestSuite$1): Class org.joda.time.chrono.gj.MainTest has no public constructor TestCase(String name) or TestCase()-]|
evo_regression: |false|1|55|[test46(org.joda.time.field.ZeroIsMaxDateTimeField_ESTest): expected:<1> but was:<60>-]|
 ----
ProgramVariant 1158
 
time(sec)= 820
operation: ReplaceOp
location= org.joda.time.field.ZeroIsMaxDateTimeField
line= 178
lineSuspiciousness= 0.866
original statement= return (getWrappedField().getMaximumValue(instant, values)) + 1
fixed statement= return getMinimumValue()
generation= 579
ingredientScope= PACKAGE
validation=
failing: |true|0|69|[]|
manual_regression: |true|0|12047|[warning(junit.framework.TestSuite$1): Class org.joda.time.chrono.gj.MainTest has no public constructor TestCase(String name) or TestCase()-]|
evo_regression: |false|1|55|[test53(org.joda.time.field.ZeroIsMaxDateTimeField_ESTest): expected:<60> but was:<1>-]|
 ----
ProgramVariant 1696
 
time(sec)= 1018
operation: ReplaceOp
location= org.joda.time.field.ZeroIsMaxDateTimeField
line= 138
lineSuspiciousness= 0.866
original statement= return 1
fixed statement= return getMaximumValue(instant)
generation= 848
ingredientScope= PACKAGE
validation=
failing: |true|0|69|[]|
manual_regression: |true|0|12047|[warning(junit.framework.TestSuite$1): Class org.joda.time.chrono.gj.MainTest has no public constructor TestCase(String name) or TestCase()-]|
evo_regression: |false|1|55|[test39(org.joda.time.field.ZeroIsMaxDateTimeField_ESTest): expected:<1> but was:<60>-]|
 ----
ProgramVariant 1926
 
time(sec)= 1138
operation: ReplaceOp
location= org.joda.time.field.ZeroIsMaxDateTimeField
line= 138
lineSuspiciousness= 0.866
original statement= return 1
fixed statement= return (getWrappedField().getMaximumValue()) + 1
generation= 963
ingredientScope= LOCAL
validation=
failing: |true|0|69|[]|
manual_regression: |true|0|12047|[warning(junit.framework.TestSuite$1): Class org.joda.time.chrono.gj.MainTest has no public constructor TestCase(String name) or TestCase()-]|
evo_regression: |false|1|55|[test39(org.joda.time.field.ZeroIsMaxDateTimeField_ESTest): expected:<1> but was:<60>-]|
 ----
ProgramVariant 1954
 
time(sec)= 1217
operation: ReplaceOp
location= org.joda.time.field.ZeroIsMaxDateTimeField
line= 148
lineSuspiciousness= 0.274
original statement= return (getWrappedField().getMaximumValue()) + 1
fixed statement= return 1
generation= 977
ingredientScope= PACKAGE
validation=
failing: |true|0|69|[]|
manual_regression: |false|27|12047|[testGet_DateTimeFieldType(org.joda.time.TestInstant_Basics): expected:<24> but was:<1>-, testGet_DateTimeField(org.joda.time.TestDateMidnight_Basics): expected:<24> but was:<1>-, testGet_DateTimeFieldType(org.joda.time.TestDateMidnight_Basics): expected:<24> but was:<1>-, testGet_DateTimeFieldType(org.joda.time.TestLocalDateTime_Basics): expected:<12> but was:<1>-, testGet_DateTimeFieldType(org.joda.time.TestLocalTime_Basics): expected:<12> but was:<1>-, testGet_DateTimeFieldType(org.joda.time.TestInstant_Basics): expected:<24> but was:<1>-, testGet_DateTimeField(org.joda.time.TestDateMidnight_Basics): expected:<24> but was:<1>-, testGet_DateTimeFieldType(org.joda.time.TestDateMidnight_Basics): expected:<24> but was:<1>-, testGet_DateTimeFieldType(org.joda.time.TestLocalDateTime_Basics): expected:<12> but was:<1>-, testGet_DateTimeFieldType(org.joda.time.TestLocalTime_Basics): expected:<12> but was:<1>-, testFormatParse_textHalfdayAM_UK(org.joda.time.format.TestDateTimeFormat): Cannot parse "$06-PM-2007": Value 6 for clockhourOfHalfday must be in the range 1, 1-, ...and 18 failures more, testFormatParse_textHalfdayAM_France(org.joda.time.format.TestDateTimeFormat): Cannot parse "$06-PM-2007": Value 6 for clockhourOfHalfday must be in the range 1, 1-, ...and 18 failures more, testFormat_clockhourOfHalfday(org.joda.time.format.TestDateTimeFormat): 2004-06-09T00:00:00.000Z expected:<12> but was:<1>-, ...and 18 failures more, testFormat_clockhourOfDay(org.joda.time.format.TestDateTimeFormat): 2004-06-09T00:00:00.000Z expected:<24> but was:<1>-, ...and 18 failures more, testGet_DateTimeField(org.joda.time.TestDateMidnight_Basics): expected:<24> but was:<1>-, ...and 18 failures more, testGet_DateTimeFieldType(org.joda.time.TestDateMidnight_Basics): expected:<24> but was:<1>-, ...and 18 failures more, testGet_DateTimeFieldType(org.joda.time.TestInstant_Basics): expected:<24> but was:<1>-, ...and 18 failures more, testGet_DateTimeFieldType(org.joda.time.TestLocalDateTime_Basics): expected:<12> but was:<1>-, ...and 18 failures more, testGet_DateTimeFieldType(org.joda.time.TestLocalTime_Basics): expected:<12> but was:<1>-, ...and 18 failures more, warning(junit.framework.TestSuite$1): Class org.joda.time.chrono.gj.MainTest has no public constructor TestCase(String name) or TestCase()-, ...and 18 failures more, testFormatParse_textHalfdayAM_UK(org.joda.time.format.TestDateTimeFormat): Cannot parse "$06-PM-2007": Value 6 for clockhourOfHalfday must be in the range 1, 1-, ...and 18 failures more, testFormatParse_textHalfdayAM_France(org.joda.time.format.TestDateTimeFormat): Cannot parse "$06-PM-2007": Value 6 for clockhourOfHalfday must be in the range 1, 1-, ...and 18 failures more, testFormat_clockhourOfHalfday(org.joda.time.format.TestDateTimeFormat): 2004-06-09T00:00:00.000Z expected:<12> but was:<1>-, ...and 18 failures more, testFormat_clockhourOfDay(org.joda.time.format.TestDateTimeFormat): 2004-06-09T00:00:00.000Z expected:<24> but was:<1>-, ...and 18 failures more, testFormatParse_textHalfdayAM_UK(org.joda.time.format.TestDateTimeFormat): Cannot parse "$06-PM-2007": Value 6 for clockhourOfHalfday must be in the range 1, 1-, ...and 18 failures more, testFormatParse_textHalfdayAM_France(org.joda.time.format.TestDateTimeFormat): Cannot parse "$06-PM-2007": Value 6 for clockhourOfHalfday must be in the range 1, 1-, ...and 18 failures more, testFormat_clockhourOfHalfday(org.joda.time.format.TestDateTimeFormat): 2004-06-09T00:00:00.000Z expected:<12> but was:<1>-, ...and 18 failures more, testFormat_clockhourOfDay(org.joda.time.format.TestDateTimeFormat): 2004-06-09T00:00:00.000Z expected:<24> but was:<1>-, ...and 18 failures more]|
evo_regression: |false|5|55|[test28(org.joda.time.field.ZeroIsMaxDateTimeField_ESTest): expected:<1440> but was:<1>-, test29(org.joda.time.field.ZeroIsMaxDateTimeField_ESTest): Value 2 for dayOfYear must be in the range 1, 1-, test30(org.joda.time.field.ZeroIsMaxDateTimeField_ESTest): expected:<-2633> but was:<-43202633>-, test00(org.joda.time.field.ZeroIsMaxDateTimeField_ESTest): Value 2 for dayOfYear must be in the range 1, 1-, test48(org.joda.time.field.ZeroIsMaxDateTimeField_ESTest): expected:<60> but was:<1>-]|
 ----
ProgramVariant 1996
 
time(sec)= 1294
operation: ReplaceOp
location= org.joda.time.field.ZeroIsMaxDateTimeField
line= 178
lineSuspiciousness= 0.866
original statement= return (getWrappedField().getMaximumValue(instant, values)) + 1
fixed statement= return 3
generation= 998
ingredientScope= PACKAGE
validation=
failing: |true|0|69|[]|
manual_regression: |true|0|12047|[warning(junit.framework.TestSuite$1): Class org.joda.time.chrono.gj.MainTest has no public constructor TestCase(String name) or TestCase()-]|
evo_regression: |false|1|55|[test53(org.joda.time.field.ZeroIsMaxDateTimeField_ESTest): expected:<60> but was:<3>-]|
 ----
ProgramVariant 2062
 
time(sec)= 1381
operation: ReplaceOp
location= org.joda.time.field.ZeroIsMaxDateTimeField
line= 148
lineSuspiciousness= 0.274
original statement= return (getWrappedField().getMaximumValue()) + 1
fixed statement= return 3
generation= 1031
ingredientScope= PACKAGE
validation=
failing: |true|0|69|[]|
manual_regression: |false|27|12047|[testGet_DateTimeFieldType(org.joda.time.TestInstant_Basics): expected:<24> but was:<3>-, testGet_DateTimeField(org.joda.time.TestDateMidnight_Basics): expected:<24> but was:<3>-, testGet_DateTimeFieldType(org.joda.time.TestDateMidnight_Basics): expected:<24> but was:<3>-, testGet_DateTimeFieldType(org.joda.time.TestLocalDateTime_Basics): expected:<12> but was:<3>-, testGet_DateTimeFieldType(org.joda.time.TestLocalTime_Basics): expected:<12> but was:<3>-, testGet_DateTimeFieldType(org.joda.time.TestInstant_Basics): expected:<24> but was:<3>-, testGet_DateTimeField(org.joda.time.TestDateMidnight_Basics): expected:<24> but was:<3>-, testGet_DateTimeFieldType(org.joda.time.TestDateMidnight_Basics): expected:<24> but was:<3>-, testGet_DateTimeFieldType(org.joda.time.TestLocalDateTime_Basics): expected:<12> but was:<3>-, testGet_DateTimeFieldType(org.joda.time.TestLocalTime_Basics): expected:<12> but was:<3>-, testFormatParse_textHalfdayAM_UK(org.joda.time.format.TestDateTimeFormat): Cannot parse "$06-PM-2007": Value 6 for clockhourOfHalfday must be in the range 1, 3-, ...and 18 failures more, testFormatParse_textHalfdayAM_France(org.joda.time.format.TestDateTimeFormat): Cannot parse "$06-PM-2007": Value 6 for clockhourOfHalfday must be in the range 1, 3-, ...and 18 failures more, testFormat_clockhourOfHalfday(org.joda.time.format.TestDateTimeFormat): 2004-06-09T00:00:00.000Z expected:<12> but was:<3>-, ...and 18 failures more, testFormat_clockhourOfDay(org.joda.time.format.TestDateTimeFormat): 2004-06-09T00:00:00.000Z expected:<24> but was:<3>-, ...and 18 failures more, testGet_DateTimeField(org.joda.time.TestDateMidnight_Basics): expected:<24> but was:<3>-, ...and 18 failures more, testGet_DateTimeFieldType(org.joda.time.TestDateMidnight_Basics): expected:<24> but was:<3>-, ...and 18 failures more, testGet_DateTimeFieldType(org.joda.time.TestInstant_Basics): expected:<24> but was:<3>-, ...and 18 failures more, testGet_DateTimeFieldType(org.joda.time.TestLocalDateTime_Basics): expected:<12> but was:<3>-, ...and 18 failures more, testGet_DateTimeFieldType(org.joda.time.TestLocalTime_Basics): expected:<12> but was:<3>-, ...and 18 failures more, warning(junit.framework.TestSuite$1): Class org.joda.time.chrono.gj.MainTest has no public constructor TestCase(String name) or TestCase()-, ...and 18 failures more, testFormatParse_textHalfdayAM_UK(org.joda.time.format.TestDateTimeFormat): Cannot parse "$06-PM-2007": Value 6 for clockhourOfHalfday must be in the range 1, 3-, ...and 18 failures more, testFormatParse_textHalfdayAM_France(org.joda.time.format.TestDateTimeFormat): Cannot parse "$06-PM-2007": Value 6 for clockhourOfHalfday must be in the range 1, 3-, ...and 18 failures more, testFormat_clockhourOfHalfday(org.joda.time.format.TestDateTimeFormat): 2004-06-09T00:00:00.000Z expected:<12> but was:<3>-, ...and 18 failures more, testFormat_clockhourOfDay(org.joda.time.format.TestDateTimeFormat): 2004-06-09T00:00:00.000Z expected:<24> but was:<3>-, ...and 18 failures more, testFormatParse_textHalfdayAM_UK(org.joda.time.format.TestDateTimeFormat): Cannot parse "$06-PM-2007": Value 6 for clockhourOfHalfday must be in the range 1, 3-, ...and 18 failures more, testFormatParse_textHalfdayAM_France(org.joda.time.format.TestDateTimeFormat): Cannot parse "$06-PM-2007": Value 6 for clockhourOfHalfday must be in the range 1, 3-, ...and 18 failures more, testFormat_clockhourOfHalfday(org.joda.time.format.TestDateTimeFormat): 2004-06-09T00:00:00.000Z expected:<12> but was:<3>-, ...and 18 failures more, testFormat_clockhourOfDay(org.joda.time.format.TestDateTimeFormat): 2004-06-09T00:00:00.000Z expected:<24> but was:<3>-, ...and 18 failures more]|
evo_regression: |false|4|55|[test28(org.joda.time.field.ZeroIsMaxDateTimeField_ESTest): expected:<1440> but was:<3>-, test29(org.joda.time.field.ZeroIsMaxDateTimeField_ESTest): Value 2 for halfdayOfDay must be in the range 0, 1-, test00(org.joda.time.field.ZeroIsMaxDateTimeField_ESTest): Value 2 for halfdayOfDay must be in the range 0, 1-, test48(org.joda.time.field.ZeroIsMaxDateTimeField_ESTest): expected:<60> but was:<3>-]|
 ----
ProgramVariant 2566
 
time(sec)= 1604
operation: ReplaceOp
location= org.joda.time.field.ZeroIsMaxDateTimeField
line= 178
lineSuspiciousness= 0.866
original statement= return (getWrappedField().getMaximumValue(instant, values)) + 1
fixed statement= return 2
generation= 1283
ingredientScope= PACKAGE
validation=
failing: |true|0|69|[]|
manual_regression: |true|0|12047|[warning(junit.framework.TestSuite$1): Class org.joda.time.chrono.gj.MainTest has no public constructor TestCase(String name) or TestCase()-]|
evo_regression: |false|1|55|[test53(org.joda.time.field.ZeroIsMaxDateTimeField_ESTest): expected:<60> but was:<2>-]|
 ----
ProgramVariant 3140
 
time(sec)= 1823
operation: ReplaceOp
location= org.joda.time.field.ZeroIsMaxDateTimeField
line= 178
lineSuspiciousness= 0.866
original statement= return (getWrappedField().getMaximumValue(instant, values)) + 1
fixed statement= return 0
generation= 1570
ingredientScope= PACKAGE
validation=
failing: |true|0|69|[]|
manual_regression: |true|0|12047|[warning(junit.framework.TestSuite$1): Class org.joda.time.chrono.gj.MainTest has no public constructor TestCase(String name) or TestCase()-]|
evo_regression: |false|1|55|[test53(org.joda.time.field.ZeroIsMaxDateTimeField_ESTest): expected:<60> but was:<0>-]|
 ----
ProgramVariant 3718
 
time(sec)= 2067
operation: ReplaceOp
location= org.joda.time.field.ZeroIsMaxDateTimeField
line= 178
lineSuspiciousness= 0.866
original statement= return (getWrappedField().getMaximumValue(instant, values)) + 1
fixed statement= return -1
generation= 1859
ingredientScope= PACKAGE
validation=
failing: |true|0|69|[]|
manual_regression: |true|0|12047|[warning(junit.framework.TestSuite$1): Class org.joda.time.chrono.gj.MainTest has no public constructor TestCase(String name) or TestCase()-]|
evo_regression: |false|1|55|[test53(org.joda.time.field.ZeroIsMaxDateTimeField_ESTest): expected:<60> but was:<-1>-]|
 ----
ProgramVariant 5734
 
time(sec)= 2662
operation: ReplaceOp
location= org.joda.time.field.ZeroIsMaxDateTimeField
line= 148
lineSuspiciousness= 0.274
original statement= return (getWrappedField().getMaximumValue()) + 1
fixed statement= return getMinimumValue()
generation= 2867
ingredientScope= PACKAGE
validation=
failing: |true|0|69|[]|
manual_regression: |false|27|12047|[testGet_DateTimeFieldType(org.joda.time.TestInstant_Basics): expected:<24> but was:<1>-, testGet_DateTimeField(org.joda.time.TestDateMidnight_Basics): expected:<24> but was:<1>-, testGet_DateTimeFieldType(org.joda.time.TestDateMidnight_Basics): expected:<24> but was:<1>-, testGet_DateTimeFieldType(org.joda.time.TestLocalDateTime_Basics): expected:<12> but was:<1>-, testGet_DateTimeFieldType(org.joda.time.TestLocalTime_Basics): expected:<12> but was:<1>-, testGet_DateTimeFieldType(org.joda.time.TestInstant_Basics): expected:<24> but was:<1>-, testGet_DateTimeField(org.joda.time.TestDateMidnight_Basics): expected:<24> but was:<1>-, testGet_DateTimeFieldType(org.joda.time.TestDateMidnight_Basics): expected:<24> but was:<1>-, testGet_DateTimeFieldType(org.joda.time.TestLocalDateTime_Basics): expected:<12> but was:<1>-, testGet_DateTimeFieldType(org.joda.time.TestLocalTime_Basics): expected:<12> but was:<1>-, testFormatParse_textHalfdayAM_UK(org.joda.time.format.TestDateTimeFormat): Cannot parse "$06-PM-2007": Value 6 for clockhourOfHalfday must be in the range 1, 1-, ...and 18 failures more, testFormatParse_textHalfdayAM_France(org.joda.time.format.TestDateTimeFormat): Cannot parse "$06-PM-2007": Value 6 for clockhourOfHalfday must be in the range 1, 1-, ...and 18 failures more, testFormat_clockhourOfHalfday(org.joda.time.format.TestDateTimeFormat): 2004-06-09T00:00:00.000Z expected:<12> but was:<1>-, ...and 18 failures more, testFormat_clockhourOfDay(org.joda.time.format.TestDateTimeFormat): 2004-06-09T00:00:00.000Z expected:<24> but was:<1>-, ...and 18 failures more, testGet_DateTimeField(org.joda.time.TestDateMidnight_Basics): expected:<24> but was:<1>-, ...and 18 failures more, testGet_DateTimeFieldType(org.joda.time.TestDateMidnight_Basics): expected:<24> but was:<1>-, ...and 18 failures more, testGet_DateTimeFieldType(org.joda.time.TestInstant_Basics): expected:<24> but was:<1>-, ...and 18 failures more, testGet_DateTimeFieldType(org.joda.time.TestLocalDateTime_Basics): expected:<12> but was:<1>-, ...and 18 failures more, testGet_DateTimeFieldType(org.joda.time.TestLocalTime_Basics): expected:<12> but was:<1>-, ...and 18 failures more, warning(junit.framework.TestSuite$1): Class org.joda.time.chrono.gj.MainTest has no public constructor TestCase(String name) or TestCase()-, ...and 18 failures more, testFormatParse_textHalfdayAM_UK(org.joda.time.format.TestDateTimeFormat): Cannot parse "$06-PM-2007": Value 6 for clockhourOfHalfday must be in the range 1, 1-, ...and 18 failures more, testFormatParse_textHalfdayAM_France(org.joda.time.format.TestDateTimeFormat): Cannot parse "$06-PM-2007": Value 6 for clockhourOfHalfday must be in the range 1, 1-, ...and 18 failures more, testFormat_clockhourOfHalfday(org.joda.time.format.TestDateTimeFormat): 2004-06-09T00:00:00.000Z expected:<12> but was:<1>-, ...and 18 failures more, testFormat_clockhourOfDay(org.joda.time.format.TestDateTimeFormat): 2004-06-09T00:00:00.000Z expected:<24> but was:<1>-, ...and 18 failures more, testFormatParse_textHalfdayAM_UK(org.joda.time.format.TestDateTimeFormat): Cannot parse "$06-PM-2007": Value 6 for clockhourOfHalfday must be in the range 1, 1-, ...and 18 failures more, testFormatParse_textHalfdayAM_France(org.joda.time.format.TestDateTimeFormat): Cannot parse "$06-PM-2007": Value 6 for clockhourOfHalfday must be in the range 1, 1-, ...and 18 failures more, testFormat_clockhourOfHalfday(org.joda.time.format.TestDateTimeFormat): 2004-06-09T00:00:00.000Z expected:<12> but was:<1>-, ...and 18 failures more, testFormat_clockhourOfDay(org.joda.time.format.TestDateTimeFormat): 2004-06-09T00:00:00.000Z expected:<24> but was:<1>-, ...and 18 failures more]|
evo_regression: |false|5|55|[test28(org.joda.time.field.ZeroIsMaxDateTimeField_ESTest): expected:<1440> but was:<1>-, test29(org.joda.time.field.ZeroIsMaxDateTimeField_ESTest): Value 2 for dayOfYear must be in the range 1, 1-, test30(org.joda.time.field.ZeroIsMaxDateTimeField_ESTest): expected:<-2633> but was:<-43202633>-, test00(org.joda.time.field.ZeroIsMaxDateTimeField_ESTest): Value 2 for dayOfYear must be in the range 1, 1-, test48(org.joda.time.field.ZeroIsMaxDateTimeField_ESTest): expected:<60> but was:<1>-]|
 ----
ProgramVariant 6494
 
time(sec)= 2994
operation: InsertAfterOp
location= org.joda.time.Partial
line= 449
lineSuspiciousness= 0.354
original statement= if ((rangeField.compareTo(loopRangeField)) > 0) {
	break;
} 
fixed statement= if ((isSupported(fieldType)) == false) {
	throw new java.lang.IllegalArgumentException((("Field '" + fieldType) + "' is not supported"));
} 
generation= 3247
ingredientScope= PACKAGE
validation=
failing: |true|0|69|[]|
manual_regression: |false|6|12047|[testIsContiguous_RP(org.joda.time.TestDateTimeUtils): Field 'dayOfWeek' is not supported-, testIsContiguous_RP_GJChronology(org.joda.time.TestDateTimeUtils): Field 'dayOfWeek' is not supported-, testIsContiguous_RP(org.joda.time.TestDateTimeUtils): Field 'dayOfWeek' is not supported-, testIsContiguous_RP_GJChronology(org.joda.time.TestDateTimeUtils): Field 'dayOfWeek' is not supported-, testIsContiguous_RP(org.joda.time.TestDateTimeUtils): Field 'dayOfWeek' is not supported-, testIsContiguous_RP_GJChronology(org.joda.time.TestDateTimeUtils): Field 'dayOfWeek' is not supported-, warning(junit.framework.TestSuite$1): Class org.joda.time.chrono.gj.MainTest has no public constructor TestCase(String name) or TestCase()-]|
evo_regression: |true|0|94|[]|
 ----
ProgramVariant 7416
 
time(sec)= 3280
operation: ReplaceOp
location= org.joda.time.field.ZeroIsMaxDateTimeField
line= 148
lineSuspiciousness= 0.274
original statement= return (getWrappedField().getMaximumValue()) + 1
fixed statement= return -1
generation= 3708
ingredientScope= PACKAGE
validation=
failing: |true|0|69|[]|
manual_regression: |false|27|12047|[testGet_DateTimeFieldType(org.joda.time.TestInstant_Basics): expected:<24> but was:<-1>-, testGet_DateTimeField(org.joda.time.TestDateMidnight_Basics): expected:<24> but was:<-1>-, testGet_DateTimeFieldType(org.joda.time.TestDateMidnight_Basics): expected:<24> but was:<-1>-, testGet_DateTimeFieldType(org.joda.time.TestLocalDateTime_Basics): expected:<12> but was:<-1>-, testGet_DateTimeFieldType(org.joda.time.TestLocalTime_Basics): expected:<12> but was:<-1>-, testGet_DateTimeFieldType(org.joda.time.TestInstant_Basics): expected:<24> but was:<-1>-, testGet_DateTimeField(org.joda.time.TestDateMidnight_Basics): expected:<24> but was:<-1>-, testGet_DateTimeFieldType(org.joda.time.TestDateMidnight_Basics): expected:<24> but was:<-1>-, testGet_DateTimeFieldType(org.joda.time.TestLocalDateTime_Basics): expected:<12> but was:<-1>-, testGet_DateTimeFieldType(org.joda.time.TestLocalTime_Basics): expected:<12> but was:<-1>-, testFormatParse_textHalfdayAM_UK(org.joda.time.format.TestDateTimeFormat): Cannot parse "$06-PM-2007": Value 6 for clockhourOfHalfday must be in the range 1, -1-, ...and 18 failures more, testFormatParse_textHalfdayAM_France(org.joda.time.format.TestDateTimeFormat): Cannot parse "$06-PM-2007": Value 6 for clockhourOfHalfday must be in the range 1, -1-, ...and 18 failures more, testFormat_clockhourOfHalfday(org.joda.time.format.TestDateTimeFormat): 2004-06-09T00:00:00.000Z expected:<12> but was:<-1>-, ...and 18 failures more, testFormat_clockhourOfDay(org.joda.time.format.TestDateTimeFormat): 2004-06-09T00:00:00.000Z expected:<24> but was:<-1>-, ...and 18 failures more, testGet_DateTimeField(org.joda.time.TestDateMidnight_Basics): expected:<24> but was:<-1>-, ...and 18 failures more, testGet_DateTimeFieldType(org.joda.time.TestDateMidnight_Basics): expected:<24> but was:<-1>-, ...and 18 failures more, testGet_DateTimeFieldType(org.joda.time.TestInstant_Basics): expected:<24> but was:<-1>-, ...and 18 failures more, testGet_DateTimeFieldType(org.joda.time.TestLocalDateTime_Basics): expected:<12> but was:<-1>-, ...and 18 failures more, testGet_DateTimeFieldType(org.joda.time.TestLocalTime_Basics): expected:<12> but was:<-1>-, ...and 18 failures more, warning(junit.framework.TestSuite$1): Class org.joda.time.chrono.gj.MainTest has no public constructor TestCase(String name) or TestCase()-, ...and 18 failures more, testFormatParse_textHalfdayAM_UK(org.joda.time.format.TestDateTimeFormat): Cannot parse "$06-PM-2007": Value 6 for clockhourOfHalfday must be in the range 1, -1-, ...and 18 failures more, testFormatParse_textHalfdayAM_France(org.joda.time.format.TestDateTimeFormat): Cannot parse "$06-PM-2007": Value 6 for clockhourOfHalfday must be in the range 1, -1-, ...and 18 failures more, testFormat_clockhourOfHalfday(org.joda.time.format.TestDateTimeFormat): 2004-06-09T00:00:00.000Z expected:<12> but was:<-1>-, ...and 18 failures more, testFormat_clockhourOfDay(org.joda.time.format.TestDateTimeFormat): 2004-06-09T00:00:00.000Z expected:<24> but was:<-1>-, ...and 18 failures more, testFormatParse_textHalfdayAM_UK(org.joda.time.format.TestDateTimeFormat): Cannot parse "$06-PM-2007": Value 6 for clockhourOfHalfday must be in the range 1, -1-, ...and 18 failures more, testFormatParse_textHalfdayAM_France(org.joda.time.format.TestDateTimeFormat): Cannot parse "$06-PM-2007": Value 6 for clockhourOfHalfday must be in the range 1, -1-, ...and 18 failures more, testFormat_clockhourOfHalfday(org.joda.time.format.TestDateTimeFormat): 2004-06-09T00:00:00.000Z expected:<12> but was:<-1>-, ...and 18 failures more, testFormat_clockhourOfDay(org.joda.time.format.TestDateTimeFormat): 2004-06-09T00:00:00.000Z expected:<24> but was:<-1>-, ...and 18 failures more]|
evo_regression: |false|5|55|[test28(org.joda.time.field.ZeroIsMaxDateTimeField_ESTest): expected:<1440> but was:<-1>-, test29(org.joda.time.field.ZeroIsMaxDateTimeField_ESTest): Value 2 for dayOfYear must be in the range 1, -1-, test30(org.joda.time.field.ZeroIsMaxDateTimeField_ESTest): Value 1 for dayOfWeek must be in the range 1, -1-, test00(org.joda.time.field.ZeroIsMaxDateTimeField_ESTest): Value 2 for dayOfYear must be in the range 1, -1-, test48(org.joda.time.field.ZeroIsMaxDateTimeField_ESTest): expected:<60> but was:<-1>-]|
 ----
ProgramVariant 8146
 
time(sec)= 3528
operation: ReplaceOp
location= org.joda.time.field.ZeroIsMaxDateTimeField
line= 148
lineSuspiciousness= 0.274
original statement= return (getWrappedField().getMaximumValue()) + 1
fixed statement= return 0
generation= 4073
ingredientScope= PACKAGE
validation=
failing: |true|0|69|[]|
manual_regression: |false|27|12047|[testGet_DateTimeFieldType(org.joda.time.TestInstant_Basics): expected:<24> but was:<0>-, testGet_DateTimeField(org.joda.time.TestDateMidnight_Basics): expected:<24> but was:<0>-, testGet_DateTimeFieldType(org.joda.time.TestDateMidnight_Basics): expected:<24> but was:<0>-, testGet_DateTimeFieldType(org.joda.time.TestLocalDateTime_Basics): expected:<12> but was:<0>-, testGet_DateTimeFieldType(org.joda.time.TestLocalTime_Basics): expected:<12> but was:<0>-, testGet_DateTimeFieldType(org.joda.time.TestInstant_Basics): expected:<24> but was:<0>-, testGet_DateTimeField(org.joda.time.TestDateMidnight_Basics): expected:<24> but was:<0>-, testGet_DateTimeFieldType(org.joda.time.TestDateMidnight_Basics): expected:<24> but was:<0>-, testGet_DateTimeFieldType(org.joda.time.TestLocalDateTime_Basics): expected:<12> but was:<0>-, testGet_DateTimeFieldType(org.joda.time.TestLocalTime_Basics): expected:<12> but was:<0>-, testFormatParse_textHalfdayAM_UK(org.joda.time.format.TestDateTimeFormat): Cannot parse "$06-PM-2007": Value 6 for clockhourOfHalfday must be in the range 1, 0-, ...and 18 failures more, testFormatParse_textHalfdayAM_France(org.joda.time.format.TestDateTimeFormat): Cannot parse "$06-PM-2007": Value 6 for clockhourOfHalfday must be in the range 1, 0-, ...and 18 failures more, testFormat_clockhourOfHalfday(org.joda.time.format.TestDateTimeFormat): 2004-06-09T00:00:00.000Z expected:<12> but was:<0>-, ...and 18 failures more, testFormat_clockhourOfDay(org.joda.time.format.TestDateTimeFormat): 2004-06-09T00:00:00.000Z expected:<24> but was:<0>-, ...and 18 failures more, testGet_DateTimeField(org.joda.time.TestDateMidnight_Basics): expected:<24> but was:<0>-, ...and 18 failures more, testGet_DateTimeFieldType(org.joda.time.TestDateMidnight_Basics): expected:<24> but was:<0>-, ...and 18 failures more, testGet_DateTimeFieldType(org.joda.time.TestInstant_Basics): expected:<24> but was:<0>-, ...and 18 failures more, testGet_DateTimeFieldType(org.joda.time.TestLocalDateTime_Basics): expected:<12> but was:<0>-, ...and 18 failures more, testGet_DateTimeFieldType(org.joda.time.TestLocalTime_Basics): expected:<12> but was:<0>-, ...and 18 failures more, warning(junit.framework.TestSuite$1): Class org.joda.time.chrono.gj.MainTest has no public constructor TestCase(String name) or TestCase()-, ...and 18 failures more, testFormatParse_textHalfdayAM_UK(org.joda.time.format.TestDateTimeFormat): Cannot parse "$06-PM-2007": Value 6 for clockhourOfHalfday must be in the range 1, 0-, ...and 18 failures more, testFormatParse_textHalfdayAM_France(org.joda.time.format.TestDateTimeFormat): Cannot parse "$06-PM-2007": Value 6 for clockhourOfHalfday must be in the range 1, 0-, ...and 18 failures more, testFormat_clockhourOfHalfday(org.joda.time.format.TestDateTimeFormat): 2004-06-09T00:00:00.000Z expected:<12> but was:<0>-, ...and 18 failures more, testFormat_clockhourOfDay(org.joda.time.format.TestDateTimeFormat): 2004-06-09T00:00:00.000Z expected:<24> but was:<0>-, ...and 18 failures more, testFormatParse_textHalfdayAM_UK(org.joda.time.format.TestDateTimeFormat): Cannot parse "$06-PM-2007": Value 6 for clockhourOfHalfday must be in the range 1, 0-, ...and 18 failures more, testFormatParse_textHalfdayAM_France(org.joda.time.format.TestDateTimeFormat): Cannot parse "$06-PM-2007": Value 6 for clockhourOfHalfday must be in the range 1, 0-, ...and 18 failures more, testFormat_clockhourOfHalfday(org.joda.time.format.TestDateTimeFormat): 2004-06-09T00:00:00.000Z expected:<12> but was:<0>-, ...and 18 failures more, testFormat_clockhourOfDay(org.joda.time.format.TestDateTimeFormat): 2004-06-09T00:00:00.000Z expected:<24> but was:<0>-, ...and 18 failures more]|
evo_regression: |false|5|55|[test28(org.joda.time.field.ZeroIsMaxDateTimeField_ESTest): expected:<1440> but was:<0>-, test29(org.joda.time.field.ZeroIsMaxDateTimeField_ESTest): Value 2 for dayOfYear must be in the range 1, 0-, test30(org.joda.time.field.ZeroIsMaxDateTimeField_ESTest): Value 1 for dayOfWeek must be in the range 1, 0-, test00(org.joda.time.field.ZeroIsMaxDateTimeField_ESTest): Value 2 for dayOfYear must be in the range 1, 0-, test48(org.joda.time.field.ZeroIsMaxDateTimeField_ESTest): expected:<60> but was:<0>-]|
 ----
ProgramVariant 8852
 
time(sec)= 3771
operation: ReplaceOp
location= org.joda.time.field.ZeroIsMaxDateTimeField
line= 148
lineSuspiciousness= 0.274
original statement= return (getWrappedField().getMaximumValue()) + 1
fixed statement= return 2
generation= 4426
ingredientScope= PACKAGE
validation=
failing: |true|0|69|[]|
manual_regression: |false|27|12047|[testGet_DateTimeFieldType(org.joda.time.TestInstant_Basics): expected:<24> but was:<2>-, testGet_DateTimeField(org.joda.time.TestDateMidnight_Basics): expected:<24> but was:<2>-, testGet_DateTimeFieldType(org.joda.time.TestDateMidnight_Basics): expected:<24> but was:<2>-, testGet_DateTimeFieldType(org.joda.time.TestLocalDateTime_Basics): expected:<12> but was:<2>-, testGet_DateTimeFieldType(org.joda.time.TestLocalTime_Basics): expected:<12> but was:<2>-, testGet_DateTimeFieldType(org.joda.time.TestInstant_Basics): expected:<24> but was:<2>-, testGet_DateTimeField(org.joda.time.TestDateMidnight_Basics): expected:<24> but was:<2>-, testGet_DateTimeFieldType(org.joda.time.TestDateMidnight_Basics): expected:<24> but was:<2>-, testGet_DateTimeFieldType(org.joda.time.TestLocalDateTime_Basics): expected:<12> but was:<2>-, testGet_DateTimeFieldType(org.joda.time.TestLocalTime_Basics): expected:<12> but was:<2>-, testFormatParse_textHalfdayAM_UK(org.joda.time.format.TestDateTimeFormat): Cannot parse "$06-PM-2007": Value 6 for clockhourOfHalfday must be in the range 1, 2-, ...and 18 failures more, testFormatParse_textHalfdayAM_France(org.joda.time.format.TestDateTimeFormat): Cannot parse "$06-PM-2007": Value 6 for clockhourOfHalfday must be in the range 1, 2-, ...and 18 failures more, testFormat_clockhourOfHalfday(org.joda.time.format.TestDateTimeFormat): 2004-06-09T00:00:00.000Z expected:<12> but was:<2>-, ...and 18 failures more, testFormat_clockhourOfDay(org.joda.time.format.TestDateTimeFormat): 2004-06-09T00:00:00.000Z expected:<24> but was:<2>-, ...and 18 failures more, testGet_DateTimeField(org.joda.time.TestDateMidnight_Basics): expected:<24> but was:<2>-, ...and 18 failures more, testGet_DateTimeFieldType(org.joda.time.TestDateMidnight_Basics): expected:<24> but was:<2>-, ...and 18 failures more, testGet_DateTimeFieldType(org.joda.time.TestInstant_Basics): expected:<24> but was:<2>-, ...and 18 failures more, testGet_DateTimeFieldType(org.joda.time.TestLocalDateTime_Basics): expected:<12> but was:<2>-, ...and 18 failures more, testGet_DateTimeFieldType(org.joda.time.TestLocalTime_Basics): expected:<12> but was:<2>-, ...and 18 failures more, warning(junit.framework.TestSuite$1): Class org.joda.time.chrono.gj.MainTest has no public constructor TestCase(String name) or TestCase()-, ...and 18 failures more, testFormatParse_textHalfdayAM_UK(org.joda.time.format.TestDateTimeFormat): Cannot parse "$06-PM-2007": Value 6 for clockhourOfHalfday must be in the range 1, 2-, ...and 18 failures more, testFormatParse_textHalfdayAM_France(org.joda.time.format.TestDateTimeFormat): Cannot parse "$06-PM-2007": Value 6 for clockhourOfHalfday must be in the range 1, 2-, ...and 18 failures more, testFormat_clockhourOfHalfday(org.joda.time.format.TestDateTimeFormat): 2004-06-09T00:00:00.000Z expected:<12> but was:<2>-, ...and 18 failures more, testFormat_clockhourOfDay(org.joda.time.format.TestDateTimeFormat): 2004-06-09T00:00:00.000Z expected:<24> but was:<2>-, ...and 18 failures more, testFormatParse_textHalfdayAM_UK(org.joda.time.format.TestDateTimeFormat): Cannot parse "$06-PM-2007": Value 6 for clockhourOfHalfday must be in the range 1, 2-, ...and 18 failures more, testFormatParse_textHalfdayAM_France(org.joda.time.format.TestDateTimeFormat): Cannot parse "$06-PM-2007": Value 6 for clockhourOfHalfday must be in the range 1, 2-, ...and 18 failures more, testFormat_clockhourOfHalfday(org.joda.time.format.TestDateTimeFormat): 2004-06-09T00:00:00.000Z expected:<12> but was:<2>-, ...and 18 failures more, testFormat_clockhourOfDay(org.joda.time.format.TestDateTimeFormat): 2004-06-09T00:00:00.000Z expected:<24> but was:<2>-, ...and 18 failures more]|
evo_regression: |false|2|55|[test28(org.joda.time.field.ZeroIsMaxDateTimeField_ESTest): expected:<1440> but was:<2>-, test48(org.joda.time.field.ZeroIsMaxDateTimeField_ESTest): expected:<60> but was:<2>-]|
 ----
ProgramVariant 11374
 
time(sec)= 4674
operation: ReplaceOp
location= org.joda.time.DateTimeFieldType
line= 227
lineSuspiciousness= 0.226
original statement= return org.joda.time.DateTimeFieldType.CLOCKHOUR_OF_DAY_TYPE
fixed statement= return org.joda.time.DateTimeFieldType.HALFDAY_OF_DAY_TYPE
generation= 5687
ingredientScope= LOCAL
validation=
failing: |true|0|69|[]|
manual_regression: |false|54|12047|[test_clockhourOfDay(org.joda.time.TestDateTimeFieldType): expected:<clockhourOfDay> but was:<halfdayOfDay>-, testGet_DateTimeFieldType(org.joda.time.TestInstant_Basics): expected:<24> but was:<0>-, testGet_DateTimeFieldType(org.joda.time.TestDateTime_Basics): expected:<1> but was:<0>-, testGet_DateTimeFieldType(org.joda.time.TestMutableDateTime_Basics): expected:<1> but was:<0>-, testGet_DateTimeFieldType(org.joda.time.TestDateMidnight_Basics): expected:<24> but was:<0>-, testGet_DateTimeFieldType(org.joda.time.TestLocalDateTime_Basics): expected:<12> but was:<1>-, testGet_DateTimeFieldType(org.joda.time.TestLocalTime_Basics): expected:<12> but was:<1>-, testConstructorEx8_TypeArray_intArray(org.joda.time.TestPartial_Constructors): null-, testSerializedDateTimeFieldType(org.joda.time.TestSerialization): expected same:<halfdayOfDay> was not:<clockhourOfDay>-, test_clockhourOfDay(org.joda.time.TestDateTimeFieldType): expected:<clockhourOfDay> but was:<halfdayOfDay>-, testGet_DateTimeFieldType(org.joda.time.TestInstant_Basics): expected:<24> but was:<0>-, ...and 45 failures more, testGet_DateTimeFieldType(org.joda.time.TestDateTime_Basics): expected:<1> but was:<0>-, ...and 45 failures more, testGet_DateTimeFieldType(org.joda.time.TestMutableDateTime_Basics): expected:<1> but was:<0>-, ...and 45 failures more, testGet_DateTimeFieldType(org.joda.time.TestDateMidnight_Basics): expected:<24> but was:<0>-, ...and 45 failures more, testGet_DateTimeFieldType(org.joda.time.TestLocalDateTime_Basics): expected:<12> but was:<1>-, ...and 45 failures more, testGet_DateTimeFieldType(org.joda.time.TestLocalTime_Basics): expected:<12> but was:<1>-, ...and 45 failures more, testConstructorEx8_TypeArray_intArray(org.joda.time.TestPartial_Constructors): null-, ...and 45 failures more, testSerializedDateTimeFieldType(org.joda.time.TestSerialization): expected same:<halfdayOfDay> was not:<clockhourOfDay>-, ...and 45 failures more, testTimeFields(org.joda.time.chrono.TestBuddhistChronology): expected:<clockhourOfDay> but was:<halfdayOfDay>-, ...and 45 failures more, testTimeFields(org.joda.time.chrono.TestCopticChronology): expected:<clockhourOfDay> but was:<halfdayOfDay>-, ...and 45 failures more, testTimeFields(org.joda.time.chrono.TestEthiopicChronology): expected:<clockhourOfDay> but was:<halfdayOfDay>-, ...and 45 failures more, testTimeFields(org.joda.time.chrono.TestGJChronology): expected:<clockhourOfDay> but was:<halfdayOfDay>-, ...and 45 failures more, testTimeFields(org.joda.time.chrono.TestGregorianChronology): expected:<clockhourOfDay> but was:<halfdayOfDay>-, ...and 45 failures more, testTimeFields(org.joda.time.chrono.TestIslamicChronology): expected:<clockhourOfDay> but was:<halfdayOfDay>-, ...and 45 failures more, testTimeFields(org.joda.time.chrono.TestJulianChronology): expected:<clockhourOfDay> but was:<halfdayOfDay>-, ...and 45 failures more, testTimeFields(org.joda.time.chrono.TestISOChronology): expected:<clockhourOfDay> but was:<halfdayOfDay>-, ...and 45 failures more, testFormat_clockhourOfDay(org.joda.time.format.TestDateTimeFormat): 2004-06-09T10:20:30.040Z expected:<10> but was:<0>-, ...and 45 failures more, testGet_DateTimeFieldType(org.joda.time.TestDateMidnight_Basics): expected:<24> but was:<0>-, ...and 45 failures more, test_clockhourOfDay(org.joda.time.TestDateTimeFieldType): expected:<clockhourOfDay> but was:<halfdayOfDay>-, ...and 45 failures more, testGet_DateTimeFieldType(org.joda.time.TestDateTime_Basics): expected:<1> but was:<0>-, ...and 45 failures more, testGet_DateTimeFieldType(org.joda.time.TestInstant_Basics): expected:<24> but was:<0>-, ...and 45 failures more, testGet_DateTimeFieldType(org.joda.time.TestLocalDateTime_Basics): expected:<12> but was:<1>-, ...and 45 failures more, testGet_DateTimeFieldType(org.joda.time.TestLocalTime_Basics): expected:<12> but was:<1>-, ...and 45 failures more, testGet_DateTimeFieldType(org.joda.time.TestMutableDateTime_Basics): expected:<1> but was:<0>-, ...and 45 failures more, testConstructorEx8_TypeArray_intArray(org.joda.time.TestPartial_Constructors): null-, ...and 45 failures more, testSerializedDateTimeFieldType(org.joda.time.TestSerialization): expected same:<halfdayOfDay> was not:<clockhourOfDay>-, ...and 45 failures more, testTimeFields(org.joda.time.chrono.TestBuddhistChronology): expected:<clockhourOfDay> but was:<halfdayOfDay>-, ...and 45 failures more, testTimeFields(org.joda.time.chrono.TestCopticChronology): expected:<clockhourOfDay> but was:<halfdayOfDay>-, ...and 45 failures more, testTimeFields(org.joda.time.chrono.TestEthiopicChronology): expected:<clockhourOfDay> but was:<halfdayOfDay>-, ...and 45 failures more, testTimeFields(org.joda.time.chrono.TestGJChronology): expected:<clockhourOfDay> but was:<halfdayOfDay>-, ...and 45 failures more, testTimeFields(org.joda.time.chrono.TestGregorianChronology): expected:<clockhourOfDay> but was:<halfdayOfDay>-, ...and 45 failures more, testTimeFields(org.joda.time.chrono.TestIslamicChronology): expected:<clockhourOfDay> but was:<halfdayOfDay>-, ...and 45 failures more, testTimeFields(org.joda.time.chrono.TestJulianChronology): expected:<clockhourOfDay> but was:<halfdayOfDay>-, ...and 45 failures more, testTimeFields(org.joda.time.chrono.TestISOChronology): expected:<clockhourOfDay> but was:<halfdayOfDay>-, ...and 45 failures more, testTimeFields(org.joda.time.chrono.TestBuddhistChronology): expected:<clockhourOfDay> but was:<halfdayOfDay>-, ...and 45 failures more, testTimeFields(org.joda.time.chrono.TestCopticChronology): expected:<clockhourOfDay> but was:<halfdayOfDay>-, ...and 45 failures more, testTimeFields(org.joda.time.chrono.TestEthiopicChronology): expected:<clockhourOfDay> but was:<halfdayOfDay>-, ...and 45 failures more, testTimeFields(org.joda.time.chrono.TestGJChronology): expected:<clockhourOfDay> but was:<halfdayOfDay>-, ...and 45 failures more, testTimeFields(org.joda.time.chrono.TestGregorianChronology): expected:<clockhourOfDay> but was:<halfdayOfDay>-, ...and 45 failures more, testTimeFields(org.joda.time.chrono.TestISOChronology): expected:<clockhourOfDay> but was:<halfdayOfDay>-, ...and 45 failures more, testTimeFields(org.joda.time.chrono.TestIslamicChronology): expected:<clockhourOfDay> but was:<halfdayOfDay>-, ...and 45 failures more, testTimeFields(org.joda.time.chrono.TestJulianChronology): expected:<clockhourOfDay> but was:<halfdayOfDay>-, ...and 45 failures more, warning(junit.framework.TestSuite$1): Class org.joda.time.chrono.gj.MainTest has no public constructor TestCase(String name) or TestCase()-, ...and 45 failures more, testFormat_clockhourOfDay(org.joda.time.format.TestDateTimeFormat): 2004-06-09T10:20:30.040Z expected:<10> but was:<0>-, ...and 45 failures more, testFormat_clockhourOfDay(org.joda.time.format.TestDateTimeFormat): 2004-06-09T10:20:30.040Z expected:<10> but was:<0>-, ...and 45 failures more]|
evo_regression: |true|0|32|[]|
[INFO ] fr.inria.main.evolution.AstorMain.run(AstorMain.java:397) - Time Total(s): 7327.195


Node: grisou-10.nancy.grid5000.fr


Date: Sat Jan 14 23:49:55 CET 2017

removed classes 

zipped 

copied zip 


