seed AstorRun 5 
export PATH="/home/mmartinez/defects4j/framework/bin:$PATH";export JAVA_TOOL_OPTIONS=-Dfile.encoding=UTF8;export PATH="/usr/lib/jvm/java-1.7.0-openjdk-amd64/bin/:$PATH";cd /home/mmartinez/projects/time/time_4;defects4j compile;cp -r /home/mmartinez/projects/time/time_4 /tmp/time_4_Genprog_local_s1;cd /tmp/time_4_Genprog_local_s1;mkdir lib/;cp -r /home/mmartinez/defects4j/framework/projects/lib/* lib/;cp -r /home/mmartinez/defects4j/framework/projects/Time/lib/* lib/;find . -type f -name "package-info.java" -delete;
/home/mmartinez/defects4j-repair/src/python/core/../../../results/2016-june/Time/seed/5/package/4/Genprog/result
cd /tmp/time_4_Genprog_local_s1;export JAVA_TOOL_OPTIONS=-Dfile.encoding=UTF8;TZ="America/New_York"; export TZexport PATH="/usr/lib/jvm/java-1.7.0-openjdk-amd64/bin/:$PATH";time /home/mmartinez/jdk1.8.0_45/bin//java -Xmx4096m -cp /home/mmartinez/defects4j-repair/src/python/core/../../..//libs/astor.jar fr.inria.main.evolution.MainjGenProg -mode statement -location . -id Time -dependencies lib/ -failing org.joda.time.TestPartial_Basics: -package org.joda -jvm4testexecution /usr/lib/jvm/java-1.7.0-openjdk-amd64/bin/ -jvm4evosuitetestexecution /home/mmartinez/jdk1.8.0_45/bin/ -javacompliancelevel 5 -maxgen 1000000 -seed 5 -scope package -maxtime 120  -stopfirst false -population 1 -srcjavafolder src/main/java/ -srctestfolder src/test/java/ -binjavafolder target/classes/ -bintestfolder target/test-classes/ -flthreshold 0.1  -validation  fr.inria.astor.core.validation.validators.RegressionValidation  -ESParameters -Dassertion_timeout=1800:-Dminimization_timeout=1800:-Djunit_check_timeout=1800:-Dwrite_junit_timeout=300:-Dinitialization_timeout=300:-Dglobal_timeout=18000:-Dsearch_budget=100000:-Dstopping_condition=MaxStatements:-Dno_runtime_dependency=true:-Dsandbox=false:-Dp_reflection_on_private=0.0:-Dreflection_start_percent=1.0:-Dp_functional_mocking=0.0:-Dfunctional_mocking_percent=1.0:-mem=2000 -ignoredtestcases org.apache.commons.lang.LocaleUtilsTest  -excludeRegression  -maxgen 100000000 ;echo "

Node: `hostname`
";echo "
Date: `date`
"; find /tmp/time_4_Genprog_local_s1/outputMutation -name "*.class" -type f -delete;echo "removed classes 
"; find . -name bin  -type d -print0|xargs -0 rm -r --; zip -r -q out.zip /tmp/time_4_Genprog_local_s1/outputMutation; echo "zipped 
";cp out.zip /home/mmartinez/defects4j-repair/src/python/core/../../../results/2016-june/Time/seed/5/package/4/Genprog; echo "copied zip 
";rm -rf /tmp/time_4_Genprog_local_s1;

[DEBUG] fr.inria.astor.core.loop.AstorCoreEngine.showResults(AstorCoreEngine.java:136) - End Repair Loops: Found solution
[DEBUG] fr.inria.astor.core.loop.AstorCoreEngine.showResults(AstorCoreEngine.java:137) - Solution stored at: /tmp/time_4_Genprog_local_s1/./outputMutation/AstorMain-Time//src/
[DEBUG] fr.inria.astor.core.loop.AstorCoreEngine.showResults(AstorCoreEngine.java:142) - 
Number solutions:20
[DEBUG] fr.inria.astor.core.loop.AstorCoreEngine.showResults(AstorCoreEngine.java:144) - f (sol): 1.0, [Variant id: 138 (SOL) , #gens: 36, #ops: 1, parent:137]
[DEBUG] fr.inria.astor.core.loop.AstorCoreEngine.showResults(AstorCoreEngine.java:144) - f (sol): 0.0, [Variant id: 190 (SOL) , #gens: 36, #ops: 1, parent:189]
[DEBUG] fr.inria.astor.core.loop.AstorCoreEngine.showResults(AstorCoreEngine.java:144) - f (sol): 1.0, [Variant id: 480 (SOL) , #gens: 36, #ops: 1, parent:479]
[DEBUG] fr.inria.astor.core.loop.AstorCoreEngine.showResults(AstorCoreEngine.java:144) - f (sol): 1.0, [Variant id: 602 (SOL) , #gens: 36, #ops: 1, parent:601]
[DEBUG] fr.inria.astor.core.loop.AstorCoreEngine.showResults(AstorCoreEngine.java:144) - f (sol): 1.0, [Variant id: 814 (SOL) , #gens: 36, #ops: 1, parent:813]
[DEBUG] fr.inria.astor.core.loop.AstorCoreEngine.showResults(AstorCoreEngine.java:144) - f (sol): 1.0, [Variant id: 854 (SOL) , #gens: 36, #ops: 1, parent:853]
[DEBUG] fr.inria.astor.core.loop.AstorCoreEngine.showResults(AstorCoreEngine.java:144) - f (sol): 0.0, [Variant id: 1056 (SOL) , #gens: 36, #ops: 1, parent:1055]
[DEBUG] fr.inria.astor.core.loop.AstorCoreEngine.showResults(AstorCoreEngine.java:144) - f (sol): 1.0, [Variant id: 1314 (SOL) , #gens: 36, #ops: 1, parent:1313]
[DEBUG] fr.inria.astor.core.loop.AstorCoreEngine.showResults(AstorCoreEngine.java:144) - f (sol): 1.0, [Variant id: 1370 (SOL) , #gens: 36, #ops: 1, parent:1369]
[DEBUG] fr.inria.astor.core.loop.AstorCoreEngine.showResults(AstorCoreEngine.java:144) - f (sol): 6.0, [Variant id: 1826 (SOL) , #gens: 37, #ops: 1, parent:1825]
[DEBUG] fr.inria.astor.core.loop.AstorCoreEngine.showResults(AstorCoreEngine.java:144) - f (sol): 1.0, [Variant id: 1890 (SOL) , #gens: 36, #ops: 1, parent:1889]
[DEBUG] fr.inria.astor.core.loop.AstorCoreEngine.showResults(AstorCoreEngine.java:144) - f (sol): 1.0, [Variant id: 2136 (SOL) , #gens: 36, #ops: 1, parent:2135]
[DEBUG] fr.inria.astor.core.loop.AstorCoreEngine.showResults(AstorCoreEngine.java:144) - f (sol): 31.0, [Variant id: 2400 (SOL) , #gens: 36, #ops: 1, parent:2399]
[DEBUG] fr.inria.astor.core.loop.AstorCoreEngine.showResults(AstorCoreEngine.java:144) - f (sol): 0.0, [Variant id: 3258 (SOL) , #gens: 36, #ops: 1, parent:3257]
[DEBUG] fr.inria.astor.core.loop.AstorCoreEngine.showResults(AstorCoreEngine.java:144) - f (sol): 30.0, [Variant id: 3844 (SOL) , #gens: 36, #ops: 1, parent:3843]
[DEBUG] fr.inria.astor.core.loop.AstorCoreEngine.showResults(AstorCoreEngine.java:144) - f (sol): 30.0, [Variant id: 3850 (SOL) , #gens: 36, #ops: 1, parent:3849]
[DEBUG] fr.inria.astor.core.loop.AstorCoreEngine.showResults(AstorCoreEngine.java:144) - f (sol): 30.0, [Variant id: 4616 (SOL) , #gens: 36, #ops: 1, parent:4615]
[DEBUG] fr.inria.astor.core.loop.AstorCoreEngine.showResults(AstorCoreEngine.java:144) - f (sol): 32.0, [Variant id: 6346 (SOL) , #gens: 36, #ops: 1, parent:6345]
[DEBUG] fr.inria.astor.core.loop.AstorCoreEngine.showResults(AstorCoreEngine.java:144) - f (sol): 32.0, [Variant id: 7926 (SOL) , #gens: 36, #ops: 1, parent:7925]
[DEBUG] fr.inria.astor.core.loop.AstorCoreEngine.showResults(AstorCoreEngine.java:144) - f (sol): 54.0, [Variant id: 13166 (SOL) , #gens: 36, #ops: 1, parent:13165]
[DEBUG] fr.inria.astor.core.loop.AstorCoreEngine.showResults(AstorCoreEngine.java:146) - 
All variants:
[DEBUG] fr.inria.astor.core.loop.AstorCoreEngine.showResults(AstorCoreEngine.java:148) - f 1.0, [Variant id: 13265, #gens: 36, #ops: 0, parent:-]
[INFO ] fr.inria.astor.core.loop.AstorCoreEngine.showResults(AstorCoreEngine.java:152) - 
Solution details
[INFO ] fr.inria.astor.core.loop.AstorCoreEngine.showResults(AstorCoreEngine.java:153) - 
 --SOLUTIONS DESCRIPTION--

 ----
ProgramVariant 138
 
time(sec)= 197
operation: ReplaceOp
location= org.joda.time.field.ZeroIsMaxDateTimeField
line= 111
lineSuspiciousness= 0.866
original statement= return 1
fixed statement= return getName().hashCode()
generation= 69
ingredientScope= PACKAGE
validation=
failing: |true|0|69|[]|
manual_regression: |true|0|12047|[warning(junit.framework.TestSuite$1): Class org.joda.time.chrono.gj.MainTest has no public constructor TestCase(String name) or TestCase()-]|
evo_regression: |false|1|57|[test48(org.joda.time.field.ZeroIsMaxDateTimeField_ESTest): expected:<1> but was:<985252545>-]|
 ----
ProgramVariant 190
 
time(sec)= 288
operation: ReplaceOp
location= org.joda.time.field.ZeroIsMaxDateTimeField
line= 178
lineSuspiciousness= 0.866
original statement= return (getWrappedField().getMaximumValue(instant, values)) + 1
fixed statement= return getMinimumValue(instant)
generation= 95
ingredientScope= PACKAGE
validation=
failing: |true|0|69|[]|
manual_regression: |true|0|12047|[warning(junit.framework.TestSuite$1): Class org.joda.time.chrono.gj.MainTest has no public constructor TestCase(String name) or TestCase()-]|
evo_regression: |true|0|57|[]|
 ----
ProgramVariant 480
 
time(sec)= 458
operation: ReplaceOp
location= org.joda.time.field.ZeroIsMaxDateTimeField
line= 138
lineSuspiciousness= 0.866
original statement= return 1
fixed statement= return getMaximumValue()
generation= 240
ingredientScope= PACKAGE
validation=
failing: |true|0|69|[]|
manual_regression: |true|0|12047|[warning(junit.framework.TestSuite$1): Class org.joda.time.chrono.gj.MainTest has no public constructor TestCase(String name) or TestCase()-]|
evo_regression: |false|1|57|[test40(org.joda.time.field.ZeroIsMaxDateTimeField_ESTest): expected:<1> but was:<60000>-]|
 ----
ProgramVariant 602
 
time(sec)= 579
operation: ReplaceOp
location= org.joda.time.field.ZeroIsMaxDateTimeField
line= 178
lineSuspiciousness= 0.866
original statement= return (getWrappedField().getMaximumValue(instant, values)) + 1
fixed statement= return 0
generation= 301
ingredientScope= PACKAGE
validation=
failing: |true|0|69|[]|
manual_regression: |true|0|12047|[warning(junit.framework.TestSuite$1): Class org.joda.time.chrono.gj.MainTest has no public constructor TestCase(String name) or TestCase()-]|
evo_regression: |false|1|57|[test55(org.joda.time.field.ZeroIsMaxDateTimeField_ESTest): expected:<1> but was:<0>-]|
 ----
ProgramVariant 814
 
time(sec)= 734
operation: ReplaceOp
location= org.joda.time.field.ZeroIsMaxDateTimeField
line= 138
lineSuspiciousness= 0.866
original statement= return 1
fixed statement= return (getWrappedField().getMaximumValue(instant, values)) + 1
generation= 407
ingredientScope= LOCAL
validation=
failing: |true|0|69|[]|
manual_regression: |true|0|12047|[warning(junit.framework.TestSuite$1): Class org.joda.time.chrono.gj.MainTest has no public constructor TestCase(String name) or TestCase()-]|
evo_regression: |false|1|57|[test40(org.joda.time.field.ZeroIsMaxDateTimeField_ESTest): expected:<1> but was:<60000>-]|
 ----
ProgramVariant 854
 
time(sec)= 820
operation: ReplaceOp
location= org.joda.time.field.ZeroIsMaxDateTimeField
line= 138
lineSuspiciousness= 0.866
original statement= return 1
fixed statement= return getMaximumValue(instant)
generation= 427
ingredientScope= PACKAGE
validation=
failing: |true|0|69|[]|
manual_regression: |true|0|12047|[warning(junit.framework.TestSuite$1): Class org.joda.time.chrono.gj.MainTest has no public constructor TestCase(String name) or TestCase()-]|
evo_regression: |false|1|57|[test40(org.joda.time.field.ZeroIsMaxDateTimeField_ESTest): expected:<1> but was:<60000>-]|
 ----
ProgramVariant 1056
 
time(sec)= 965
operation: ReplaceOp
location= org.joda.time.field.ZeroIsMaxDateTimeField
line= 178
lineSuspiciousness= 0.866
original statement= return (getWrappedField().getMaximumValue(instant, values)) + 1
fixed statement= return getMinimumValue()
generation= 528
ingredientScope= PACKAGE
validation=
failing: |true|0|69|[]|
manual_regression: |true|0|12047|[warning(junit.framework.TestSuite$1): Class org.joda.time.chrono.gj.MainTest has no public constructor TestCase(String name) or TestCase()-]|
evo_regression: |true|0|57|[]|
 ----
ProgramVariant 1314
 
time(sec)= 1141
operation: ReplaceOp
location= org.joda.time.field.ZeroIsMaxDateTimeField
line= 178
lineSuspiciousness= 0.866
original statement= return (getWrappedField().getMaximumValue(instant, values)) + 1
fixed statement= return 2
generation= 657
ingredientScope= PACKAGE
validation=
failing: |true|0|69|[]|
manual_regression: |true|0|12047|[warning(junit.framework.TestSuite$1): Class org.joda.time.chrono.gj.MainTest has no public constructor TestCase(String name) or TestCase()-]|
evo_regression: |false|1|57|[test55(org.joda.time.field.ZeroIsMaxDateTimeField_ESTest): expected:<1> but was:<2>-]|
 ----
ProgramVariant 1370
 
time(sec)= 1229
operation: ReplaceOp
location= org.joda.time.field.ZeroIsMaxDateTimeField
line= 138
lineSuspiciousness= 0.866
original statement= return 1
fixed statement= return (getWrappedField().getMaximumValue()) + 1
generation= 685
ingredientScope= LOCAL
validation=
failing: |true|0|69|[]|
manual_regression: |true|0|12047|[warning(junit.framework.TestSuite$1): Class org.joda.time.chrono.gj.MainTest has no public constructor TestCase(String name) or TestCase()-]|
evo_regression: |false|1|57|[test40(org.joda.time.field.ZeroIsMaxDateTimeField_ESTest): expected:<1> but was:<60000>-]|
 ----
ProgramVariant 1826
 
time(sec)= 1642
operation: InsertAfterOp
location= org.joda.time.Partial
line= 449
lineSuspiciousness= 0.354
original statement= if ((rangeField.compareTo(loopRangeField)) > 0) {
	break;
} 
fixed statement= throw new java.lang.IllegalArgumentException("Field must not be null")
generation= 913
ingredientScope= PACKAGE
validation=
failing: |true|0|69|[]|
manual_regression: |false|6|12047|[testIsContiguous_RP(org.joda.time.TestDateTimeUtils): Field must not be null-, testIsContiguous_RP_GJChronology(org.joda.time.TestDateTimeUtils): Field must not be null-, testIsContiguous_RP(org.joda.time.TestDateTimeUtils): Field must not be null-, testIsContiguous_RP_GJChronology(org.joda.time.TestDateTimeUtils): Field must not be null-, testIsContiguous_RP(org.joda.time.TestDateTimeUtils): Field must not be null-, testIsContiguous_RP_GJChronology(org.joda.time.TestDateTimeUtils): Field must not be null-, warning(junit.framework.TestSuite$1): Class org.joda.time.chrono.gj.MainTest has no public constructor TestCase(String name) or TestCase()-]|
evo_regression: |true|0|99|[]|
 ----
ProgramVariant 1890
 
time(sec)= 1733
operation: ReplaceOp
location= org.joda.time.field.ZeroIsMaxDateTimeField
line= 178
lineSuspiciousness= 0.866
original statement= return (getWrappedField().getMaximumValue(instant, values)) + 1
fixed statement= return 3
generation= 945
ingredientScope= PACKAGE
validation=
failing: |true|0|69|[]|
manual_regression: |true|0|12047|[warning(junit.framework.TestSuite$1): Class org.joda.time.chrono.gj.MainTest has no public constructor TestCase(String name) or TestCase()-]|
evo_regression: |false|1|57|[test55(org.joda.time.field.ZeroIsMaxDateTimeField_ESTest): expected:<1> but was:<3>-]|
 ----
ProgramVariant 2136
 
time(sec)= 1901
operation: ReplaceOp
location= org.joda.time.field.ZeroIsMaxDateTimeField
line= 178
lineSuspiciousness= 0.866
original statement= return (getWrappedField().getMaximumValue(instant, values)) + 1
fixed statement= return -1
generation= 1068
ingredientScope= PACKAGE
validation=
failing: |true|0|69|[]|
manual_regression: |true|0|12047|[warning(junit.framework.TestSuite$1): Class org.joda.time.chrono.gj.MainTest has no public constructor TestCase(String name) or TestCase()-]|
evo_regression: |false|1|57|[test55(org.joda.time.field.ZeroIsMaxDateTimeField_ESTest): expected:<1> but was:<-1>-]|
 ----
ProgramVariant 2400
 
time(sec)= 2079
operation: ReplaceOp
location= org.joda.time.field.ZeroIsMaxDateTimeField
line= 148
lineSuspiciousness= 0.274
original statement= return (getWrappedField().getMaximumValue()) + 1
fixed statement= return 3
generation= 1200
ingredientScope= PACKAGE
validation=
failing: |true|0|69|[]|
manual_regression: |false|27|12047|[testGet_DateTimeFieldType(org.joda.time.TestInstant_Basics): expected:<24> but was:<3>-, testGet_DateTimeField(org.joda.time.TestDateMidnight_Basics): expected:<24> but was:<3>-, testGet_DateTimeFieldType(org.joda.time.TestDateMidnight_Basics): expected:<24> but was:<3>-, testGet_DateTimeFieldType(org.joda.time.TestLocalDateTime_Basics): expected:<12> but was:<3>-, testGet_DateTimeFieldType(org.joda.time.TestLocalTime_Basics): expected:<12> but was:<3>-, testGet_DateTimeFieldType(org.joda.time.TestInstant_Basics): expected:<24> but was:<3>-, testGet_DateTimeField(org.joda.time.TestDateMidnight_Basics): expected:<24> but was:<3>-, testGet_DateTimeFieldType(org.joda.time.TestDateMidnight_Basics): expected:<24> but was:<3>-, testGet_DateTimeFieldType(org.joda.time.TestLocalDateTime_Basics): expected:<12> but was:<3>-, testGet_DateTimeFieldType(org.joda.time.TestLocalTime_Basics): expected:<12> but was:<3>-, testFormatParse_textHalfdayAM_UK(org.joda.time.format.TestDateTimeFormat): Cannot parse "$06-PM-2007": Value 6 for clockhourOfHalfday must be in the range 1, 3-, ...and 18 failures more, testFormatParse_textHalfdayAM_France(org.joda.time.format.TestDateTimeFormat): Cannot parse "$06-PM-2007": Value 6 for clockhourOfHalfday must be in the range 1, 3-, ...and 18 failures more, testFormat_clockhourOfHalfday(org.joda.time.format.TestDateTimeFormat): 2004-06-09T00:00:00.000Z expected:<12> but was:<3>-, ...and 18 failures more, testFormat_clockhourOfDay(org.joda.time.format.TestDateTimeFormat): 2004-06-09T00:00:00.000Z expected:<24> but was:<3>-, ...and 18 failures more, testGet_DateTimeField(org.joda.time.TestDateMidnight_Basics): expected:<24> but was:<3>-, ...and 18 failures more, testGet_DateTimeFieldType(org.joda.time.TestDateMidnight_Basics): expected:<24> but was:<3>-, ...and 18 failures more, testGet_DateTimeFieldType(org.joda.time.TestInstant_Basics): expected:<24> but was:<3>-, ...and 18 failures more, testGet_DateTimeFieldType(org.joda.time.TestLocalDateTime_Basics): expected:<12> but was:<3>-, ...and 18 failures more, testGet_DateTimeFieldType(org.joda.time.TestLocalTime_Basics): expected:<12> but was:<3>-, ...and 18 failures more, warning(junit.framework.TestSuite$1): Class org.joda.time.chrono.gj.MainTest has no public constructor TestCase(String name) or TestCase()-, ...and 18 failures more, testFormatParse_textHalfdayAM_UK(org.joda.time.format.TestDateTimeFormat): Cannot parse "$06-PM-2007": Value 6 for clockhourOfHalfday must be in the range 1, 3-, ...and 18 failures more, testFormatParse_textHalfdayAM_France(org.joda.time.format.TestDateTimeFormat): Cannot parse "$06-PM-2007": Value 6 for clockhourOfHalfday must be in the range 1, 3-, ...and 18 failures more, testFormat_clockhourOfHalfday(org.joda.time.format.TestDateTimeFormat): 2004-06-09T00:00:00.000Z expected:<12> but was:<3>-, ...and 18 failures more, testFormat_clockhourOfDay(org.joda.time.format.TestDateTimeFormat): 2004-06-09T00:00:00.000Z expected:<24> but was:<3>-, ...and 18 failures more, testFormatParse_textHalfdayAM_UK(org.joda.time.format.TestDateTimeFormat): Cannot parse "$06-PM-2007": Value 6 for clockhourOfHalfday must be in the range 1, 3-, ...and 18 failures more, testFormatParse_textHalfdayAM_France(org.joda.time.format.TestDateTimeFormat): Cannot parse "$06-PM-2007": Value 6 for clockhourOfHalfday must be in the range 1, 3-, ...and 18 failures more, testFormat_clockhourOfHalfday(org.joda.time.format.TestDateTimeFormat): 2004-06-09T00:00:00.000Z expected:<12> but was:<3>-, ...and 18 failures more, testFormat_clockhourOfDay(org.joda.time.format.TestDateTimeFormat): 2004-06-09T00:00:00.000Z expected:<24> but was:<3>-, ...and 18 failures more]|
evo_regression: |false|4|57|[test29(org.joda.time.field.ZeroIsMaxDateTimeField_ESTest): Value 1 for hourOfDay must be in the range 0, 0-, test31(org.joda.time.field.ZeroIsMaxDateTimeField_ESTest): expected:<2> but was:<3>-, test01(org.joda.time.field.ZeroIsMaxDateTimeField_ESTest): Value 25 for weekOfWeekyear must be in the range 1, 3-, test50(org.joda.time.field.ZeroIsMaxDateTimeField_ESTest): expected:<1> but was:<3>-]|
 ----
ProgramVariant 3258
 
time(sec)= 2465
operation: ReplaceOp
location= org.joda.time.field.ZeroIsMaxDateTimeField
line= 178
lineSuspiciousness= 0.866
original statement= return (getWrappedField().getMaximumValue(instant, values)) + 1
fixed statement= return 1
generation= 1629
ingredientScope= PACKAGE
validation=
failing: |true|0|69|[]|
manual_regression: |true|0|12047|[warning(junit.framework.TestSuite$1): Class org.joda.time.chrono.gj.MainTest has no public constructor TestCase(String name) or TestCase()-]|
evo_regression: |true|0|57|[]|
 ----
ProgramVariant 3844
 
time(sec)= 2734
operation: ReplaceOp
location= org.joda.time.field.ZeroIsMaxDateTimeField
line= 148
lineSuspiciousness= 0.274
original statement= return (getWrappedField().getMaximumValue()) + 1
fixed statement= return getMinimumValue()
generation= 1922
ingredientScope= PACKAGE
validation=
failing: |true|0|69|[]|
manual_regression: |false|27|12047|[testGet_DateTimeFieldType(org.joda.time.TestInstant_Basics): expected:<24> but was:<1>-, testGet_DateTimeField(org.joda.time.TestDateMidnight_Basics): expected:<24> but was:<1>-, testGet_DateTimeFieldType(org.joda.time.TestDateMidnight_Basics): expected:<24> but was:<1>-, testGet_DateTimeFieldType(org.joda.time.TestLocalDateTime_Basics): expected:<12> but was:<1>-, testGet_DateTimeFieldType(org.joda.time.TestLocalTime_Basics): expected:<12> but was:<1>-, testGet_DateTimeFieldType(org.joda.time.TestInstant_Basics): expected:<24> but was:<1>-, testGet_DateTimeField(org.joda.time.TestDateMidnight_Basics): expected:<24> but was:<1>-, testGet_DateTimeFieldType(org.joda.time.TestDateMidnight_Basics): expected:<24> but was:<1>-, testGet_DateTimeFieldType(org.joda.time.TestLocalDateTime_Basics): expected:<12> but was:<1>-, testGet_DateTimeFieldType(org.joda.time.TestLocalTime_Basics): expected:<12> but was:<1>-, testFormatParse_textHalfdayAM_UK(org.joda.time.format.TestDateTimeFormat): Cannot parse "$06-PM-2007": Value 6 for clockhourOfHalfday must be in the range 1, 1-, ...and 18 failures more, testFormatParse_textHalfdayAM_France(org.joda.time.format.TestDateTimeFormat): Cannot parse "$06-PM-2007": Value 6 for clockhourOfHalfday must be in the range 1, 1-, ...and 18 failures more, testFormat_clockhourOfHalfday(org.joda.time.format.TestDateTimeFormat): 2004-06-09T00:00:00.000Z expected:<12> but was:<1>-, ...and 18 failures more, testFormat_clockhourOfDay(org.joda.time.format.TestDateTimeFormat): 2004-06-09T00:00:00.000Z expected:<24> but was:<1>-, ...and 18 failures more, testGet_DateTimeField(org.joda.time.TestDateMidnight_Basics): expected:<24> but was:<1>-, ...and 18 failures more, testGet_DateTimeFieldType(org.joda.time.TestDateMidnight_Basics): expected:<24> but was:<1>-, ...and 18 failures more, testGet_DateTimeFieldType(org.joda.time.TestInstant_Basics): expected:<24> but was:<1>-, ...and 18 failures more, testGet_DateTimeFieldType(org.joda.time.TestLocalDateTime_Basics): expected:<12> but was:<1>-, ...and 18 failures more, testGet_DateTimeFieldType(org.joda.time.TestLocalTime_Basics): expected:<12> but was:<1>-, ...and 18 failures more, warning(junit.framework.TestSuite$1): Class org.joda.time.chrono.gj.MainTest has no public constructor TestCase(String name) or TestCase()-, ...and 18 failures more, testFormatParse_textHalfdayAM_UK(org.joda.time.format.TestDateTimeFormat): Cannot parse "$06-PM-2007": Value 6 for clockhourOfHalfday must be in the range 1, 1-, ...and 18 failures more, testFormatParse_textHalfdayAM_France(org.joda.time.format.TestDateTimeFormat): Cannot parse "$06-PM-2007": Value 6 for clockhourOfHalfday must be in the range 1, 1-, ...and 18 failures more, testFormat_clockhourOfHalfday(org.joda.time.format.TestDateTimeFormat): 2004-06-09T00:00:00.000Z expected:<12> but was:<1>-, ...and 18 failures more, testFormat_clockhourOfDay(org.joda.time.format.TestDateTimeFormat): 2004-06-09T00:00:00.000Z expected:<24> but was:<1>-, ...and 18 failures more, testFormatParse_textHalfdayAM_UK(org.joda.time.format.TestDateTimeFormat): Cannot parse "$06-PM-2007": Value 6 for clockhourOfHalfday must be in the range 1, 1-, ...and 18 failures more, testFormatParse_textHalfdayAM_France(org.joda.time.format.TestDateTimeFormat): Cannot parse "$06-PM-2007": Value 6 for clockhourOfHalfday must be in the range 1, 1-, ...and 18 failures more, testFormat_clockhourOfHalfday(org.joda.time.format.TestDateTimeFormat): 2004-06-09T00:00:00.000Z expected:<12> but was:<1>-, ...and 18 failures more, testFormat_clockhourOfDay(org.joda.time.format.TestDateTimeFormat): 2004-06-09T00:00:00.000Z expected:<24> but was:<1>-, ...and 18 failures more]|
evo_regression: |false|3|57|[test31(org.joda.time.field.ZeroIsMaxDateTimeField_ESTest): expected:<2> but was:<1>-, test30(org.joda.time.field.ZeroIsMaxDateTimeField_ESTest): expected:<-59999> but was:<-60000>-, test01(org.joda.time.field.ZeroIsMaxDateTimeField_ESTest): Value 25 for weekOfWeekyear must be in the range 1, 1-]|
 ----
ProgramVariant 3850
 
time(sec)= 2809
operation: ReplaceOp
location= org.joda.time.field.ZeroIsMaxDateTimeField
line= 148
lineSuspiciousness= 0.274
original statement= return (getWrappedField().getMaximumValue()) + 1
fixed statement= return 1
generation= 1925
ingredientScope= PACKAGE
validation=
failing: |true|0|69|[]|
manual_regression: |false|27|12047|[testGet_DateTimeFieldType(org.joda.time.TestInstant_Basics): expected:<24> but was:<1>-, testGet_DateTimeField(org.joda.time.TestDateMidnight_Basics): expected:<24> but was:<1>-, testGet_DateTimeFieldType(org.joda.time.TestDateMidnight_Basics): expected:<24> but was:<1>-, testGet_DateTimeFieldType(org.joda.time.TestLocalDateTime_Basics): expected:<12> but was:<1>-, testGet_DateTimeFieldType(org.joda.time.TestLocalTime_Basics): expected:<12> but was:<1>-, testGet_DateTimeFieldType(org.joda.time.TestInstant_Basics): expected:<24> but was:<1>-, testGet_DateTimeField(org.joda.time.TestDateMidnight_Basics): expected:<24> but was:<1>-, testGet_DateTimeFieldType(org.joda.time.TestDateMidnight_Basics): expected:<24> but was:<1>-, testGet_DateTimeFieldType(org.joda.time.TestLocalDateTime_Basics): expected:<12> but was:<1>-, testGet_DateTimeFieldType(org.joda.time.TestLocalTime_Basics): expected:<12> but was:<1>-, testFormatParse_textHalfdayAM_UK(org.joda.time.format.TestDateTimeFormat): Cannot parse "$06-PM-2007": Value 6 for clockhourOfHalfday must be in the range 1, 1-, ...and 18 failures more, testFormatParse_textHalfdayAM_France(org.joda.time.format.TestDateTimeFormat): Cannot parse "$06-PM-2007": Value 6 for clockhourOfHalfday must be in the range 1, 1-, ...and 18 failures more, testFormat_clockhourOfHalfday(org.joda.time.format.TestDateTimeFormat): 2004-06-09T00:00:00.000Z expected:<12> but was:<1>-, ...and 18 failures more, testFormat_clockhourOfDay(org.joda.time.format.TestDateTimeFormat): 2004-06-09T00:00:00.000Z expected:<24> but was:<1>-, ...and 18 failures more, testGet_DateTimeField(org.joda.time.TestDateMidnight_Basics): expected:<24> but was:<1>-, ...and 18 failures more, testGet_DateTimeFieldType(org.joda.time.TestDateMidnight_Basics): expected:<24> but was:<1>-, ...and 18 failures more, testGet_DateTimeFieldType(org.joda.time.TestInstant_Basics): expected:<24> but was:<1>-, ...and 18 failures more, testGet_DateTimeFieldType(org.joda.time.TestLocalDateTime_Basics): expected:<12> but was:<1>-, ...and 18 failures more, testGet_DateTimeFieldType(org.joda.time.TestLocalTime_Basics): expected:<12> but was:<1>-, ...and 18 failures more, warning(junit.framework.TestSuite$1): Class org.joda.time.chrono.gj.MainTest has no public constructor TestCase(String name) or TestCase()-, ...and 18 failures more, testFormatParse_textHalfdayAM_UK(org.joda.time.format.TestDateTimeFormat): Cannot parse "$06-PM-2007": Value 6 for clockhourOfHalfday must be in the range 1, 1-, ...and 18 failures more, testFormatParse_textHalfdayAM_France(org.joda.time.format.TestDateTimeFormat): Cannot parse "$06-PM-2007": Value 6 for clockhourOfHalfday must be in the range 1, 1-, ...and 18 failures more, testFormat_clockhourOfHalfday(org.joda.time.format.TestDateTimeFormat): 2004-06-09T00:00:00.000Z expected:<12> but was:<1>-, ...and 18 failures more, testFormat_clockhourOfDay(org.joda.time.format.TestDateTimeFormat): 2004-06-09T00:00:00.000Z expected:<24> but was:<1>-, ...and 18 failures more, testFormatParse_textHalfdayAM_UK(org.joda.time.format.TestDateTimeFormat): Cannot parse "$06-PM-2007": Value 6 for clockhourOfHalfday must be in the range 1, 1-, ...and 18 failures more, testFormatParse_textHalfdayAM_France(org.joda.time.format.TestDateTimeFormat): Cannot parse "$06-PM-2007": Value 6 for clockhourOfHalfday must be in the range 1, 1-, ...and 18 failures more, testFormat_clockhourOfHalfday(org.joda.time.format.TestDateTimeFormat): 2004-06-09T00:00:00.000Z expected:<12> but was:<1>-, ...and 18 failures more, testFormat_clockhourOfDay(org.joda.time.format.TestDateTimeFormat): 2004-06-09T00:00:00.000Z expected:<24> but was:<1>-, ...and 18 failures more]|
evo_regression: |false|3|57|[test31(org.joda.time.field.ZeroIsMaxDateTimeField_ESTest): expected:<2> but was:<1>-, test30(org.joda.time.field.ZeroIsMaxDateTimeField_ESTest): expected:<-59999> but was:<-60000>-, test01(org.joda.time.field.ZeroIsMaxDateTimeField_ESTest): Value 25 for weekOfWeekyear must be in the range 1, 1-]|
 ----
ProgramVariant 4616
 
time(sec)= 3129
operation: ReplaceOp
location= org.joda.time.field.ZeroIsMaxDateTimeField
line= 148
lineSuspiciousness= 0.274
original statement= return (getWrappedField().getMaximumValue()) + 1
fixed statement= return 2
generation= 2308
ingredientScope= PACKAGE
validation=
failing: |true|0|69|[]|
manual_regression: |false|27|12047|[testGet_DateTimeFieldType(org.joda.time.TestInstant_Basics): expected:<24> but was:<2>-, testGet_DateTimeField(org.joda.time.TestDateMidnight_Basics): expected:<24> but was:<2>-, testGet_DateTimeFieldType(org.joda.time.TestDateMidnight_Basics): expected:<24> but was:<2>-, testGet_DateTimeFieldType(org.joda.time.TestLocalDateTime_Basics): expected:<12> but was:<2>-, testGet_DateTimeFieldType(org.joda.time.TestLocalTime_Basics): expected:<12> but was:<2>-, testGet_DateTimeFieldType(org.joda.time.TestInstant_Basics): expected:<24> but was:<2>-, testGet_DateTimeField(org.joda.time.TestDateMidnight_Basics): expected:<24> but was:<2>-, testGet_DateTimeFieldType(org.joda.time.TestDateMidnight_Basics): expected:<24> but was:<2>-, testGet_DateTimeFieldType(org.joda.time.TestLocalDateTime_Basics): expected:<12> but was:<2>-, testGet_DateTimeFieldType(org.joda.time.TestLocalTime_Basics): expected:<12> but was:<2>-, testFormatParse_textHalfdayAM_UK(org.joda.time.format.TestDateTimeFormat): Cannot parse "$06-PM-2007": Value 6 for clockhourOfHalfday must be in the range 1, 2-, ...and 18 failures more, testFormatParse_textHalfdayAM_France(org.joda.time.format.TestDateTimeFormat): Cannot parse "$06-PM-2007": Value 6 for clockhourOfHalfday must be in the range 1, 2-, ...and 18 failures more, testFormat_clockhourOfHalfday(org.joda.time.format.TestDateTimeFormat): 2004-06-09T00:00:00.000Z expected:<12> but was:<2>-, ...and 18 failures more, testFormat_clockhourOfDay(org.joda.time.format.TestDateTimeFormat): 2004-06-09T00:00:00.000Z expected:<24> but was:<2>-, ...and 18 failures more, testGet_DateTimeField(org.joda.time.TestDateMidnight_Basics): expected:<24> but was:<2>-, ...and 18 failures more, testGet_DateTimeFieldType(org.joda.time.TestDateMidnight_Basics): expected:<24> but was:<2>-, ...and 18 failures more, testGet_DateTimeFieldType(org.joda.time.TestInstant_Basics): expected:<24> but was:<2>-, ...and 18 failures more, testGet_DateTimeFieldType(org.joda.time.TestLocalDateTime_Basics): expected:<12> but was:<2>-, ...and 18 failures more, testGet_DateTimeFieldType(org.joda.time.TestLocalTime_Basics): expected:<12> but was:<2>-, ...and 18 failures more, warning(junit.framework.TestSuite$1): Class org.joda.time.chrono.gj.MainTest has no public constructor TestCase(String name) or TestCase()-, ...and 18 failures more, testFormatParse_textHalfdayAM_UK(org.joda.time.format.TestDateTimeFormat): Cannot parse "$06-PM-2007": Value 6 for clockhourOfHalfday must be in the range 1, 2-, ...and 18 failures more, testFormatParse_textHalfdayAM_France(org.joda.time.format.TestDateTimeFormat): Cannot parse "$06-PM-2007": Value 6 for clockhourOfHalfday must be in the range 1, 2-, ...and 18 failures more, testFormat_clockhourOfHalfday(org.joda.time.format.TestDateTimeFormat): 2004-06-09T00:00:00.000Z expected:<12> but was:<2>-, ...and 18 failures more, testFormat_clockhourOfDay(org.joda.time.format.TestDateTimeFormat): 2004-06-09T00:00:00.000Z expected:<24> but was:<2>-, ...and 18 failures more, testFormatParse_textHalfdayAM_UK(org.joda.time.format.TestDateTimeFormat): Cannot parse "$06-PM-2007": Value 6 for clockhourOfHalfday must be in the range 1, 2-, ...and 18 failures more, testFormatParse_textHalfdayAM_France(org.joda.time.format.TestDateTimeFormat): Cannot parse "$06-PM-2007": Value 6 for clockhourOfHalfday must be in the range 1, 2-, ...and 18 failures more, testFormat_clockhourOfHalfday(org.joda.time.format.TestDateTimeFormat): 2004-06-09T00:00:00.000Z expected:<12> but was:<2>-, ...and 18 failures more, testFormat_clockhourOfDay(org.joda.time.format.TestDateTimeFormat): 2004-06-09T00:00:00.000Z expected:<24> but was:<2>-, ...and 18 failures more]|
evo_regression: |false|3|57|[test29(org.joda.time.field.ZeroIsMaxDateTimeField_ESTest): Value 1 for hourOfDay must be in the range 0, 0-, test01(org.joda.time.field.ZeroIsMaxDateTimeField_ESTest): Value 25 for weekOfWeekyear must be in the range 1, 2-, test50(org.joda.time.field.ZeroIsMaxDateTimeField_ESTest): expected:<1> but was:<2>-]|
 ----
ProgramVariant 6346
 
time(sec)= 3749
operation: ReplaceOp
location= org.joda.time.field.ZeroIsMaxDateTimeField
line= 148
lineSuspiciousness= 0.274
original statement= return (getWrappedField().getMaximumValue()) + 1
fixed statement= return 0
generation= 3173
ingredientScope= PACKAGE
validation=
failing: |true|0|69|[]|
manual_regression: |false|27|12047|[testGet_DateTimeFieldType(org.joda.time.TestInstant_Basics): expected:<24> but was:<0>-, testGet_DateTimeField(org.joda.time.TestDateMidnight_Basics): expected:<24> but was:<0>-, testGet_DateTimeFieldType(org.joda.time.TestDateMidnight_Basics): expected:<24> but was:<0>-, testGet_DateTimeFieldType(org.joda.time.TestLocalDateTime_Basics): expected:<12> but was:<0>-, testGet_DateTimeFieldType(org.joda.time.TestLocalTime_Basics): expected:<12> but was:<0>-, testGet_DateTimeFieldType(org.joda.time.TestInstant_Basics): expected:<24> but was:<0>-, testGet_DateTimeField(org.joda.time.TestDateMidnight_Basics): expected:<24> but was:<0>-, testGet_DateTimeFieldType(org.joda.time.TestDateMidnight_Basics): expected:<24> but was:<0>-, testGet_DateTimeFieldType(org.joda.time.TestLocalDateTime_Basics): expected:<12> but was:<0>-, testGet_DateTimeFieldType(org.joda.time.TestLocalTime_Basics): expected:<12> but was:<0>-, testFormatParse_textHalfdayAM_UK(org.joda.time.format.TestDateTimeFormat): Cannot parse "$06-PM-2007": Value 6 for clockhourOfHalfday must be in the range 1, 0-, ...and 18 failures more, testFormatParse_textHalfdayAM_France(org.joda.time.format.TestDateTimeFormat): Cannot parse "$06-PM-2007": Value 6 for clockhourOfHalfday must be in the range 1, 0-, ...and 18 failures more, testFormat_clockhourOfHalfday(org.joda.time.format.TestDateTimeFormat): 2004-06-09T00:00:00.000Z expected:<12> but was:<0>-, ...and 18 failures more, testFormat_clockhourOfDay(org.joda.time.format.TestDateTimeFormat): 2004-06-09T00:00:00.000Z expected:<24> but was:<0>-, ...and 18 failures more, testGet_DateTimeField(org.joda.time.TestDateMidnight_Basics): expected:<24> but was:<0>-, ...and 18 failures more, testGet_DateTimeFieldType(org.joda.time.TestDateMidnight_Basics): expected:<24> but was:<0>-, ...and 18 failures more, testGet_DateTimeFieldType(org.joda.time.TestInstant_Basics): expected:<24> but was:<0>-, ...and 18 failures more, testGet_DateTimeFieldType(org.joda.time.TestLocalDateTime_Basics): expected:<12> but was:<0>-, ...and 18 failures more, testGet_DateTimeFieldType(org.joda.time.TestLocalTime_Basics): expected:<12> but was:<0>-, ...and 18 failures more, warning(junit.framework.TestSuite$1): Class org.joda.time.chrono.gj.MainTest has no public constructor TestCase(String name) or TestCase()-, ...and 18 failures more, testFormatParse_textHalfdayAM_UK(org.joda.time.format.TestDateTimeFormat): Cannot parse "$06-PM-2007": Value 6 for clockhourOfHalfday must be in the range 1, 0-, ...and 18 failures more, testFormatParse_textHalfdayAM_France(org.joda.time.format.TestDateTimeFormat): Cannot parse "$06-PM-2007": Value 6 for clockhourOfHalfday must be in the range 1, 0-, ...and 18 failures more, testFormat_clockhourOfHalfday(org.joda.time.format.TestDateTimeFormat): 2004-06-09T00:00:00.000Z expected:<12> but was:<0>-, ...and 18 failures more, testFormat_clockhourOfDay(org.joda.time.format.TestDateTimeFormat): 2004-06-09T00:00:00.000Z expected:<24> but was:<0>-, ...and 18 failures more, testFormatParse_textHalfdayAM_UK(org.joda.time.format.TestDateTimeFormat): Cannot parse "$06-PM-2007": Value 6 for clockhourOfHalfday must be in the range 1, 0-, ...and 18 failures more, testFormatParse_textHalfdayAM_France(org.joda.time.format.TestDateTimeFormat): Cannot parse "$06-PM-2007": Value 6 for clockhourOfHalfday must be in the range 1, 0-, ...and 18 failures more, testFormat_clockhourOfHalfday(org.joda.time.format.TestDateTimeFormat): 2004-06-09T00:00:00.000Z expected:<12> but was:<0>-, ...and 18 failures more, testFormat_clockhourOfDay(org.joda.time.format.TestDateTimeFormat): 2004-06-09T00:00:00.000Z expected:<24> but was:<0>-, ...and 18 failures more]|
evo_regression: |false|5|57|[test29(org.joda.time.field.ZeroIsMaxDateTimeField_ESTest): Value 1 for hourOfDay must be in the range 1, 0-, test31(org.joda.time.field.ZeroIsMaxDateTimeField_ESTest): expected:<2> but was:<0>-, test30(org.joda.time.field.ZeroIsMaxDateTimeField_ESTest): Value 1 for yearOfCentury must be in the range 1, 0-, test01(org.joda.time.field.ZeroIsMaxDateTimeField_ESTest): Value 25 for weekOfWeekyear must be in the range 1, 0-, test50(org.joda.time.field.ZeroIsMaxDateTimeField_ESTest): expected:<1> but was:<0>-]|
 ----
ProgramVariant 7926
 
time(sec)= 4296
operation: ReplaceOp
location= org.joda.time.field.ZeroIsMaxDateTimeField
line= 148
lineSuspiciousness= 0.274
original statement= return (getWrappedField().getMaximumValue()) + 1
fixed statement= return -1
generation= 3963
ingredientScope= PACKAGE
validation=
failing: |true|0|69|[]|
manual_regression: |false|27|12047|[testGet_DateTimeFieldType(org.joda.time.TestInstant_Basics): expected:<24> but was:<-1>-, testGet_DateTimeField(org.joda.time.TestDateMidnight_Basics): expected:<24> but was:<-1>-, testGet_DateTimeFieldType(org.joda.time.TestDateMidnight_Basics): expected:<24> but was:<-1>-, testGet_DateTimeFieldType(org.joda.time.TestLocalDateTime_Basics): expected:<12> but was:<-1>-, testGet_DateTimeFieldType(org.joda.time.TestLocalTime_Basics): expected:<12> but was:<-1>-, testGet_DateTimeFieldType(org.joda.time.TestInstant_Basics): expected:<24> but was:<-1>-, testGet_DateTimeField(org.joda.time.TestDateMidnight_Basics): expected:<24> but was:<-1>-, testGet_DateTimeFieldType(org.joda.time.TestDateMidnight_Basics): expected:<24> but was:<-1>-, testGet_DateTimeFieldType(org.joda.time.TestLocalDateTime_Basics): expected:<12> but was:<-1>-, testGet_DateTimeFieldType(org.joda.time.TestLocalTime_Basics): expected:<12> but was:<-1>-, testFormatParse_textHalfdayAM_UK(org.joda.time.format.TestDateTimeFormat): Cannot parse "$06-PM-2007": Value 6 for clockhourOfHalfday must be in the range 1, -1-, ...and 18 failures more, testFormatParse_textHalfdayAM_France(org.joda.time.format.TestDateTimeFormat): Cannot parse "$06-PM-2007": Value 6 for clockhourOfHalfday must be in the range 1, -1-, ...and 18 failures more, testFormat_clockhourOfHalfday(org.joda.time.format.TestDateTimeFormat): 2004-06-09T00:00:00.000Z expected:<12> but was:<-1>-, ...and 18 failures more, testFormat_clockhourOfDay(org.joda.time.format.TestDateTimeFormat): 2004-06-09T00:00:00.000Z expected:<24> but was:<-1>-, ...and 18 failures more, testGet_DateTimeField(org.joda.time.TestDateMidnight_Basics): expected:<24> but was:<-1>-, ...and 18 failures more, testGet_DateTimeFieldType(org.joda.time.TestDateMidnight_Basics): expected:<24> but was:<-1>-, ...and 18 failures more, testGet_DateTimeFieldType(org.joda.time.TestInstant_Basics): expected:<24> but was:<-1>-, ...and 18 failures more, testGet_DateTimeFieldType(org.joda.time.TestLocalDateTime_Basics): expected:<12> but was:<-1>-, ...and 18 failures more, testGet_DateTimeFieldType(org.joda.time.TestLocalTime_Basics): expected:<12> but was:<-1>-, ...and 18 failures more, warning(junit.framework.TestSuite$1): Class org.joda.time.chrono.gj.MainTest has no public constructor TestCase(String name) or TestCase()-, ...and 18 failures more, testFormatParse_textHalfdayAM_UK(org.joda.time.format.TestDateTimeFormat): Cannot parse "$06-PM-2007": Value 6 for clockhourOfHalfday must be in the range 1, -1-, ...and 18 failures more, testFormatParse_textHalfdayAM_France(org.joda.time.format.TestDateTimeFormat): Cannot parse "$06-PM-2007": Value 6 for clockhourOfHalfday must be in the range 1, -1-, ...and 18 failures more, testFormat_clockhourOfHalfday(org.joda.time.format.TestDateTimeFormat): 2004-06-09T00:00:00.000Z expected:<12> but was:<-1>-, ...and 18 failures more, testFormat_clockhourOfDay(org.joda.time.format.TestDateTimeFormat): 2004-06-09T00:00:00.000Z expected:<24> but was:<-1>-, ...and 18 failures more, testFormatParse_textHalfdayAM_UK(org.joda.time.format.TestDateTimeFormat): Cannot parse "$06-PM-2007": Value 6 for clockhourOfHalfday must be in the range 1, -1-, ...and 18 failures more, testFormatParse_textHalfdayAM_France(org.joda.time.format.TestDateTimeFormat): Cannot parse "$06-PM-2007": Value 6 for clockhourOfHalfday must be in the range 1, -1-, ...and 18 failures more, testFormat_clockhourOfHalfday(org.joda.time.format.TestDateTimeFormat): 2004-06-09T00:00:00.000Z expected:<12> but was:<-1>-, ...and 18 failures more, testFormat_clockhourOfDay(org.joda.time.format.TestDateTimeFormat): 2004-06-09T00:00:00.000Z expected:<24> but was:<-1>-, ...and 18 failures more]|
evo_regression: |false|5|57|[test29(org.joda.time.field.ZeroIsMaxDateTimeField_ESTest): Value 1 for hourOfDay must be in the range 1, -1-, test31(org.joda.time.field.ZeroIsMaxDateTimeField_ESTest): expected:<2> but was:<-1>-, test30(org.joda.time.field.ZeroIsMaxDateTimeField_ESTest): Value 1 for yearOfCentury must be in the range 1, -1-, test01(org.joda.time.field.ZeroIsMaxDateTimeField_ESTest): Value 25 for weekOfWeekyear must be in the range 1, -1-, test50(org.joda.time.field.ZeroIsMaxDateTimeField_ESTest): expected:<1> but was:<-1>-]|
 ----
ProgramVariant 13166
 
time(sec)= 7234
operation: ReplaceOp
location= org.joda.time.DateTimeFieldType
line= 227
lineSuspiciousness= 0.226
original statement= return org.joda.time.DateTimeFieldType.CLOCKHOUR_OF_DAY_TYPE
fixed statement= return org.joda.time.DateTimeFieldType.HALFDAY_OF_DAY_TYPE
generation= 6583
ingredientScope= LOCAL
validation=
failing: |true|0|69|[]|
manual_regression: |false|54|12047|[test_clockhourOfDay(org.joda.time.TestDateTimeFieldType): expected:<clockhourOfDay> but was:<halfdayOfDay>-, testGet_DateTimeFieldType(org.joda.time.TestInstant_Basics): expected:<24> but was:<0>-, testGet_DateTimeFieldType(org.joda.time.TestDateTime_Basics): expected:<1> but was:<0>-, testGet_DateTimeFieldType(org.joda.time.TestMutableDateTime_Basics): expected:<1> but was:<0>-, testGet_DateTimeFieldType(org.joda.time.TestDateMidnight_Basics): expected:<24> but was:<0>-, testGet_DateTimeFieldType(org.joda.time.TestLocalDateTime_Basics): expected:<12> but was:<1>-, testGet_DateTimeFieldType(org.joda.time.TestLocalTime_Basics): expected:<12> but was:<1>-, testConstructorEx8_TypeArray_intArray(org.joda.time.TestPartial_Constructors): null-, testSerializedDateTimeFieldType(org.joda.time.TestSerialization): expected same:<halfdayOfDay> was not:<clockhourOfDay>-, test_clockhourOfDay(org.joda.time.TestDateTimeFieldType): expected:<clockhourOfDay> but was:<halfdayOfDay>-, testGet_DateTimeFieldType(org.joda.time.TestInstant_Basics): expected:<24> but was:<0>-, ...and 45 failures more, testGet_DateTimeFieldType(org.joda.time.TestDateTime_Basics): expected:<1> but was:<0>-, ...and 45 failures more, testGet_DateTimeFieldType(org.joda.time.TestMutableDateTime_Basics): expected:<1> but was:<0>-, ...and 45 failures more, testGet_DateTimeFieldType(org.joda.time.TestDateMidnight_Basics): expected:<24> but was:<0>-, ...and 45 failures more, testGet_DateTimeFieldType(org.joda.time.TestLocalDateTime_Basics): expected:<12> but was:<1>-, ...and 45 failures more, testGet_DateTimeFieldType(org.joda.time.TestLocalTime_Basics): expected:<12> but was:<1>-, ...and 45 failures more, testConstructorEx8_TypeArray_intArray(org.joda.time.TestPartial_Constructors): null-, ...and 45 failures more, testSerializedDateTimeFieldType(org.joda.time.TestSerialization): expected same:<halfdayOfDay> was not:<clockhourOfDay>-, ...and 45 failures more, testTimeFields(org.joda.time.chrono.TestBuddhistChronology): expected:<clockhourOfDay> but was:<halfdayOfDay>-, ...and 45 failures more, testTimeFields(org.joda.time.chrono.TestCopticChronology): expected:<clockhourOfDay> but was:<halfdayOfDay>-, ...and 45 failures more, testTimeFields(org.joda.time.chrono.TestEthiopicChronology): expected:<clockhourOfDay> but was:<halfdayOfDay>-, ...and 45 failures more, testTimeFields(org.joda.time.chrono.TestGJChronology): expected:<clockhourOfDay> but was:<halfdayOfDay>-, ...and 45 failures more, testTimeFields(org.joda.time.chrono.TestGregorianChronology): expected:<clockhourOfDay> but was:<halfdayOfDay>-, ...and 45 failures more, testTimeFields(org.joda.time.chrono.TestIslamicChronology): expected:<clockhourOfDay> but was:<halfdayOfDay>-, ...and 45 failures more, testTimeFields(org.joda.time.chrono.TestJulianChronology): expected:<clockhourOfDay> but was:<halfdayOfDay>-, ...and 45 failures more, testTimeFields(org.joda.time.chrono.TestISOChronology): expected:<clockhourOfDay> but was:<halfdayOfDay>-, ...and 45 failures more, testFormat_clockhourOfDay(org.joda.time.format.TestDateTimeFormat): 2004-06-09T10:20:30.040Z expected:<10> but was:<0>-, ...and 45 failures more, testGet_DateTimeFieldType(org.joda.time.TestDateMidnight_Basics): expected:<24> but was:<0>-, ...and 45 failures more, test_clockhourOfDay(org.joda.time.TestDateTimeFieldType): expected:<clockhourOfDay> but was:<halfdayOfDay>-, ...and 45 failures more, testGet_DateTimeFieldType(org.joda.time.TestDateTime_Basics): expected:<1> but was:<0>-, ...and 45 failures more, testGet_DateTimeFieldType(org.joda.time.TestInstant_Basics): expected:<24> but was:<0>-, ...and 45 failures more, testGet_DateTimeFieldType(org.joda.time.TestLocalDateTime_Basics): expected:<12> but was:<1>-, ...and 45 failures more, testGet_DateTimeFieldType(org.joda.time.TestLocalTime_Basics): expected:<12> but was:<1>-, ...and 45 failures more, testGet_DateTimeFieldType(org.joda.time.TestMutableDateTime_Basics): expected:<1> but was:<0>-, ...and 45 failures more, testConstructorEx8_TypeArray_intArray(org.joda.time.TestPartial_Constructors): null-, ...and 45 failures more, testSerializedDateTimeFieldType(org.joda.time.TestSerialization): expected same:<halfdayOfDay> was not:<clockhourOfDay>-, ...and 45 failures more, testTimeFields(org.joda.time.chrono.TestBuddhistChronology): expected:<clockhourOfDay> but was:<halfdayOfDay>-, ...and 45 failures more, testTimeFields(org.joda.time.chrono.TestCopticChronology): expected:<clockhourOfDay> but was:<halfdayOfDay>-, ...and 45 failures more, testTimeFields(org.joda.time.chrono.TestEthiopicChronology): expected:<clockhourOfDay> but was:<halfdayOfDay>-, ...and 45 failures more, testTimeFields(org.joda.time.chrono.TestGJChronology): expected:<clockhourOfDay> but was:<halfdayOfDay>-, ...and 45 failures more, testTimeFields(org.joda.time.chrono.TestGregorianChronology): expected:<clockhourOfDay> but was:<halfdayOfDay>-, ...and 45 failures more, testTimeFields(org.joda.time.chrono.TestIslamicChronology): expected:<clockhourOfDay> but was:<halfdayOfDay>-, ...and 45 failures more, testTimeFields(org.joda.time.chrono.TestJulianChronology): expected:<clockhourOfDay> but was:<halfdayOfDay>-, ...and 45 failures more, testTimeFields(org.joda.time.chrono.TestISOChronology): expected:<clockhourOfDay> but was:<halfdayOfDay>-, ...and 45 failures more, testTimeFields(org.joda.time.chrono.TestBuddhistChronology): expected:<clockhourOfDay> but was:<halfdayOfDay>-, ...and 45 failures more, testTimeFields(org.joda.time.chrono.TestCopticChronology): expected:<clockhourOfDay> but was:<halfdayOfDay>-, ...and 45 failures more, testTimeFields(org.joda.time.chrono.TestEthiopicChronology): expected:<clockhourOfDay> but was:<halfdayOfDay>-, ...and 45 failures more, testTimeFields(org.joda.time.chrono.TestGJChronology): expected:<clockhourOfDay> but was:<halfdayOfDay>-, ...and 45 failures more, testTimeFields(org.joda.time.chrono.TestGregorianChronology): expected:<clockhourOfDay> but was:<halfdayOfDay>-, ...and 45 failures more, testTimeFields(org.joda.time.chrono.TestISOChronology): expected:<clockhourOfDay> but was:<halfdayOfDay>-, ...and 45 failures more, testTimeFields(org.joda.time.chrono.TestIslamicChronology): expected:<clockhourOfDay> but was:<halfdayOfDay>-, ...and 45 failures more, testTimeFields(org.joda.time.chrono.TestJulianChronology): expected:<clockhourOfDay> but was:<halfdayOfDay>-, ...and 45 failures more, warning(junit.framework.TestSuite$1): Class org.joda.time.chrono.gj.MainTest has no public constructor TestCase(String name) or TestCase()-, ...and 45 failures more, testFormat_clockhourOfDay(org.joda.time.format.TestDateTimeFormat): 2004-06-09T10:20:30.040Z expected:<10> but was:<0>-, ...and 45 failures more, testFormat_clockhourOfDay(org.joda.time.format.TestDateTimeFormat): 2004-06-09T10:20:30.040Z expected:<10> but was:<0>-, ...and 45 failures more]|
evo_regression: |true|0|31|[]|
[INFO ] fr.inria.main.evolution.AstorMain.run(AstorMain.java:397) - Time Total(s): 7350.587


Node: graphite-4.nancy.grid5000.fr


Date: Wed Jan 11 23:45:39 CET 2017

removed classes 

zipped 

copied zip 


