seed AstorRun 28 
export PATH="/home/mmartinez/defects4j/framework/bin:$PATH";export JAVA_TOOL_OPTIONS=-Dfile.encoding=UTF8;export PATH="/usr/lib/jvm/java-1.7.0-openjdk-amd64/bin/:$PATH";cd /home/mmartinez/projects/math/math_30;defects4j compile;cp -r /home/mmartinez/projects/math/math_30 /tmp/math_30_Genprog_local_s1;cd /tmp/math_30_Genprog_local_s1;mkdir lib/;cp -r /home/mmartinez/defects4j/framework/projects/lib/* lib/;cp -r /home/mmartinez/defects4j/framework/projects/Math/lib/* lib/;find . -type f -name "package-info.java" -delete;
/home/mmartinez/defects4j-repair/src/python/core/../../../results/2016-june/Math/seed/28/package/30/Genprog/result
cd /tmp/math_30_Genprog_local_s1;export JAVA_TOOL_OPTIONS=-Dfile.encoding=UTF8;TZ="America/New_York"; export TZexport PATH="/usr/lib/jvm/java-1.7.0-openjdk-amd64/bin/:$PATH";time /home/mmartinez/jdk1.8.0_45/bin//java -Xmx4096m -cp /home/mmartinez/defects4j-repair/src/python/core/../../..//libs/astor.jar fr.inria.main.evolution.MainjGenProg -mode statement -location . -id Math -dependencies lib/ -failing org.apache.commons.math3.stat.inference.MannWhitneyUTestTest: -package org.apache.commons -jvm4testexecution /usr/lib/jvm/java-1.7.0-openjdk-amd64/bin/ -jvm4evosuitetestexecution /home/mmartinez/jdk1.8.0_45/bin/ -javacompliancelevel 5 -maxgen 1000000 -seed 28 -scope package -maxtime 120  -stopfirst false -population 1 -srcjavafolder src/main/java/ -srctestfolder src/test/java/ -binjavafolder target/classes/ -bintestfolder target/test-classes/ -flthreshold 0.1  -validation  fr.inria.astor.core.validation.validators.RegressionValidation  -ESParameters -Dassertion_timeout=1800:-Dminimization_timeout=1800:-Djunit_check_timeout=1800:-Dwrite_junit_timeout=300:-Dinitialization_timeout=300:-Dglobal_timeout=18000:-Dsearch_budget=100000:-Dstopping_condition=MaxStatements:-Dno_runtime_dependency=true:-Dsandbox=false:-Dp_reflection_on_private=0.0:-Dreflection_start_percent=1.0:-Dp_functional_mocking=0.0:-Dfunctional_mocking_percent=1.0:-mem=2000 -testbystep  -ignoredtestcases org.apache.commons.lang.LocaleUtilsTest  -excludeRegression  -maxgen 100000000 ;echo "

Node: `hostname`
";echo "
Date: `date`
"; find /tmp/math_30_Genprog_local_s1/outputMutation -name "*.class" -type f -delete;echo "removed classes 
"; find . -name bin  -type d -print0|xargs -0 rm -r --; zip -r -q out.zip /tmp/math_30_Genprog_local_s1/outputMutation; echo "zipped 
";cp out.zip /home/mmartinez/defects4j-repair/src/python/core/../../../results/2016-june/Math/seed/28/package/30/Genprog; echo "copied zip 
";rm -rf /tmp/math_30_Genprog_local_s1;

[DEBUG] fr.inria.astor.core.loop.AstorCoreEngine.showResults(AstorCoreEngine.java:136) - End Repair Loops: Found solution
[DEBUG] fr.inria.astor.core.loop.AstorCoreEngine.showResults(AstorCoreEngine.java:137) - Solution stored at: /tmp/math_30_Genprog_local_s1/./outputMutation/AstorMain-Math//src/
[DEBUG] fr.inria.astor.core.loop.AstorCoreEngine.showResults(AstorCoreEngine.java:142) - 
Number solutions:6
[DEBUG] fr.inria.astor.core.loop.AstorCoreEngine.showResults(AstorCoreEngine.java:144) - f (sol): 5.0, [Variant id: 312 (SOL) , #gens: 38, #ops: 1, parent:311]
[DEBUG] fr.inria.astor.core.loop.AstorCoreEngine.showResults(AstorCoreEngine.java:144) - f (sol): 5.0, [Variant id: 1674 (SOL) , #gens: 38, #ops: 1, parent:1673]
[DEBUG] fr.inria.astor.core.loop.AstorCoreEngine.showResults(AstorCoreEngine.java:144) - f (sol): 5.0, [Variant id: 3244 (SOL) , #gens: 39, #ops: 1, parent:3243]
[DEBUG] fr.inria.astor.core.loop.AstorCoreEngine.showResults(AstorCoreEngine.java:144) - f (sol): 5.0, [Variant id: 3700 (SOL) , #gens: 39, #ops: 1, parent:3699]
[DEBUG] fr.inria.astor.core.loop.AstorCoreEngine.showResults(AstorCoreEngine.java:144) - f (sol): 5.0, [Variant id: 4354 (SOL) , #gens: 39, #ops: 1, parent:4353]
[DEBUG] fr.inria.astor.core.loop.AstorCoreEngine.showResults(AstorCoreEngine.java:144) - f (sol): 5.0, [Variant id: 5178 (SOL) , #gens: 39, #ops: 1, parent:5177]
[DEBUG] fr.inria.astor.core.loop.AstorCoreEngine.showResults(AstorCoreEngine.java:146) - 
All variants:
[DEBUG] fr.inria.astor.core.loop.AstorCoreEngine.showResults(AstorCoreEngine.java:148) - f 1.0, [Variant id: 26941, #gens: 38, #ops: 0, parent:-]
[INFO ] fr.inria.astor.core.loop.AstorCoreEngine.showResults(AstorCoreEngine.java:152) - 
Solution details
[INFO ] fr.inria.astor.core.loop.AstorCoreEngine.showResults(AstorCoreEngine.java:153) - 
 --SOLUTIONS DESCRIPTION--

 ----
ProgramVariant 312
 
time(sec)= 373
operation: ReplaceOp
location= org.apache.commons.math3.special.Gamma
line= 155
lineSuspiciousness= 0.289
original statement= ret = java.lang.Double.NaN
fixed statement= ret = 1.0
generation= 156
ingredientScope= LOCAL
validation=
failing: |true|0|3|[]|
manual_regression: |false|5|3653|[testRegularizedGammaPositiveNegative(org.apache.commons.math3.special.GammaTest): expected:<NaN> but was:<1.0>-, testRegularizedGammaNanPositive(org.apache.commons.math3.special.GammaTest): expected:<NaN> but was:<1.0>-, testRegularizedGammaZeroPositive(org.apache.commons.math3.special.GammaTest): expected:<NaN> but was:<1.0>-, testRegularizedGammaNegativePositive(org.apache.commons.math3.special.GammaTest): expected:<NaN> but was:<1.0>-, testRegularizedGammaPositiveNan(org.apache.commons.math3.special.GammaTest): expected:<NaN> but was:<1.0>-]|
evo_regression: |false|0|0|[]|
 ----
ProgramVariant 1674
 
time(sec)= 1288
operation: ReplaceOp
location= org.apache.commons.math3.special.Gamma
line= 155
lineSuspiciousness= 0.289
original statement= ret = java.lang.Double.NaN
fixed statement= ret = 0.0
generation= 837
ingredientScope= LOCAL
validation=
failing: |true|0|3|[]|
manual_regression: |false|5|3653|[testRegularizedGammaPositiveNegative(org.apache.commons.math3.special.GammaTest): expected:<NaN> but was:<0.0>-, testRegularizedGammaNanPositive(org.apache.commons.math3.special.GammaTest): expected:<NaN> but was:<0.0>-, testRegularizedGammaZeroPositive(org.apache.commons.math3.special.GammaTest): expected:<NaN> but was:<0.0>-, testRegularizedGammaNegativePositive(org.apache.commons.math3.special.GammaTest): expected:<NaN> but was:<0.0>-, testRegularizedGammaPositiveNan(org.apache.commons.math3.special.GammaTest): expected:<NaN> but was:<0.0>-]|
evo_regression: |false|0|0|[]|
 ----
ProgramVariant 3244
 
time(sec)= 2150
operation: InsertAfterOp
location= org.apache.commons.math3.special.Gamma
line= 155
lineSuspiciousness= 0.289
original statement= ret = java.lang.Double.NaN
fixed statement= ret = 1.0
generation= 1622
ingredientScope= LOCAL
validation=
failing: |true|0|3|[]|
manual_regression: |false|5|3653|[testRegularizedGammaPositiveNegative(org.apache.commons.math3.special.GammaTest): expected:<NaN> but was:<1.0>-, testRegularizedGammaNanPositive(org.apache.commons.math3.special.GammaTest): expected:<NaN> but was:<1.0>-, testRegularizedGammaZeroPositive(org.apache.commons.math3.special.GammaTest): expected:<NaN> but was:<1.0>-, testRegularizedGammaNegativePositive(org.apache.commons.math3.special.GammaTest): expected:<NaN> but was:<1.0>-, testRegularizedGammaPositiveNan(org.apache.commons.math3.special.GammaTest): expected:<NaN> but was:<1.0>-]|
evo_regression: |false|0|0|[]|
 ----
ProgramVariant 3700
 
time(sec)= 2564
operation: InsertAfterOp
location= org.apache.commons.math3.special.Gamma
line= 155
lineSuspiciousness= 0.289
original statement= ret = java.lang.Double.NaN
fixed statement= ret = 0.0
generation= 1850
ingredientScope= LOCAL
validation=
failing: |true|0|3|[]|
manual_regression: |false|5|3653|[testRegularizedGammaPositiveNegative(org.apache.commons.math3.special.GammaTest): expected:<NaN> but was:<0.0>-, testRegularizedGammaNanPositive(org.apache.commons.math3.special.GammaTest): expected:<NaN> but was:<0.0>-, testRegularizedGammaZeroPositive(org.apache.commons.math3.special.GammaTest): expected:<NaN> but was:<0.0>-, testRegularizedGammaNegativePositive(org.apache.commons.math3.special.GammaTest): expected:<NaN> but was:<0.0>-, testRegularizedGammaPositiveNan(org.apache.commons.math3.special.GammaTest): expected:<NaN> but was:<0.0>-]|
evo_regression: |false|0|0|[]|
 ----
ProgramVariant 4354
 
time(sec)= 3084
operation: InsertAfterOp
location= org.apache.commons.math3.special.Gamma
line= 155
lineSuspiciousness= 0.289
original statement= ret = java.lang.Double.NaN
fixed statement= return x > 0 ? 0 : 2
generation= 2177
ingredientScope= PACKAGE
validation=
failing: |true|0|3|[]|
manual_regression: |false|5|3653|[testRegularizedGammaPositiveNegative(org.apache.commons.math3.special.GammaTest): expected:<NaN> but was:<2.0>-, testRegularizedGammaNanPositive(org.apache.commons.math3.special.GammaTest): expected:<NaN> but was:<0.0>-, testRegularizedGammaZeroPositive(org.apache.commons.math3.special.GammaTest): expected:<NaN> but was:<0.0>-, testRegularizedGammaNegativePositive(org.apache.commons.math3.special.GammaTest): expected:<NaN> but was:<0.0>-, testRegularizedGammaPositiveNan(org.apache.commons.math3.special.GammaTest): expected:<NaN> but was:<2.0>-]|
evo_regression: |false|0|0|[]|
 ----
ProgramVariant 5178
 
time(sec)= 3652
operation: InsertAfterOp
location= org.apache.commons.math3.special.Gamma
line= 155
lineSuspiciousness= 0.289
original statement= ret = java.lang.Double.NaN
fixed statement= return 1.0
generation= 2589
ingredientScope= PACKAGE
validation=
failing: |true|0|3|[]|
manual_regression: |false|5|3653|[testRegularizedGammaPositiveNegative(org.apache.commons.math3.special.GammaTest): expected:<NaN> but was:<1.0>-, testRegularizedGammaNanPositive(org.apache.commons.math3.special.GammaTest): expected:<NaN> but was:<1.0>-, testRegularizedGammaZeroPositive(org.apache.commons.math3.special.GammaTest): expected:<NaN> but was:<1.0>-, testRegularizedGammaNegativePositive(org.apache.commons.math3.special.GammaTest): expected:<NaN> but was:<1.0>-, testRegularizedGammaPositiveNan(org.apache.commons.math3.special.GammaTest): expected:<NaN> but was:<1.0>-]|
evo_regression: |false|0|0|[]|
[INFO ] fr.inria.main.evolution.AstorMain.run(AstorMain.java:397) - Time Total(s): 7659.792


Node: grisou-15.nancy.grid5000.fr


Date: Sat Jan 28 13:36:09 CET 2017

removed classes 

zipped 

copied zip 


