seed AstorRun 13 
export PATH="/home/mmartinez/defects4j/framework/bin:$PATH";export JAVA_TOOL_OPTIONS=-Dfile.encoding=UTF8;export PATH="/usr/lib/jvm/java-1.7.0-openjdk-amd64/bin/:$PATH";cd /home/mmartinez/projects/math/math_82;defects4j compile;cp -r /home/mmartinez/projects/math/math_82 /tmp/math_82_Genprog_local_s1;cd /tmp/math_82_Genprog_local_s1;mkdir lib/;cp -r /home/mmartinez/defects4j/framework/projects/lib/* lib/;cp -r /home/mmartinez/defects4j/framework/projects/Math/lib/* lib/;find . -type f -name "package-info.java" -delete;
/home/mmartinez/defects4j-repair/src/python/core/../../../results/2016-june/Math/seed/13/package/82/Genprog/result
cd /tmp/math_82_Genprog_local_s1;export JAVA_TOOL_OPTIONS=-Dfile.encoding=UTF8;TZ="America/New_York"; export TZexport PATH="/usr/lib/jvm/java-1.7.0-openjdk-amd64/bin/:$PATH";time /home/mmartinez/jdk1.8.0_45/bin//java -Xmx4096m -cp /home/mmartinez/defects4j-repair/src/python/core/../../..//libs/astor.jar fr.inria.main.evolution.MainjGenProg -mode statement -location . -id Math -dependencies lib/ -failing org.apache.commons.math.optimization.linear.SimplexSolverTest: -package org.apache.commons -jvm4testexecution /usr/lib/jvm/java-1.7.0-openjdk-amd64/bin/ -jvm4evosuitetestexecution /home/mmartinez/jdk1.8.0_45/bin/ -javacompliancelevel 5 -maxgen 1000000 -seed 13 -scope package -maxtime 120  -stopfirst false -population 1 -srcjavafolder src/main/java/ -srctestfolder src/test/java/ -binjavafolder target/classes/ -bintestfolder target/test-classes/ -flthreshold 0.1  -validation  fr.inria.astor.core.validation.validators.RegressionValidation  -ESParameters -Dassertion_timeout=1800:-Dminimization_timeout=1800:-Djunit_check_timeout=1800:-Dwrite_junit_timeout=300:-Dinitialization_timeout=300:-Dglobal_timeout=18000:-Dsearch_budget=100000:-Dstopping_condition=MaxStatements:-Dno_runtime_dependency=true:-Dsandbox=false:-Dp_reflection_on_private=0.0:-Dreflection_start_percent=1.0:-Dp_functional_mocking=0.0:-Dfunctional_mocking_percent=1.0:-mem=2000 -ignoredtestcases org.apache.commons.lang.LocaleUtilsTest  -excludeRegression  -maxgen 100000000 ;echo "

Node: `hostname`
";echo "
Date: `date`
"; find /tmp/math_82_Genprog_local_s1/outputMutation -name "*.class" -type f -delete;echo "removed classes 
"; find . -name bin  -type d -print0|xargs -0 rm -r --; zip -r -q out.zip /tmp/math_82_Genprog_local_s1/outputMutation; echo "zipped 
";cp out.zip /home/mmartinez/defects4j-repair/src/python/core/../../../results/2016-june/Math/seed/13/package/82/Genprog; echo "copied zip 
";rm -rf /tmp/math_82_Genprog_local_s1;

[DEBUG] fr.inria.astor.core.loop.AstorCoreEngine.showResults(AstorCoreEngine.java:136) - End Repair Loops: Found solution
[DEBUG] fr.inria.astor.core.loop.AstorCoreEngine.showResults(AstorCoreEngine.java:137) - Solution stored at: /tmp/math_82_Genprog_local_s1/./outputMutation/AstorMain-Math//src/
[DEBUG] fr.inria.astor.core.loop.AstorCoreEngine.showResults(AstorCoreEngine.java:142) - 
Number solutions:7
[DEBUG] fr.inria.astor.core.loop.AstorCoreEngine.showResults(AstorCoreEngine.java:144) - f (sol): 0.0, [Variant id: 652 (SOL) , #gens: 143, #ops: 1, parent:651]
[DEBUG] fr.inria.astor.core.loop.AstorCoreEngine.showResults(AstorCoreEngine.java:144) - f (sol): 0.0, [Variant id: 1194 (SOL) , #gens: 143, #ops: 1, parent:1193]
[DEBUG] fr.inria.astor.core.loop.AstorCoreEngine.showResults(AstorCoreEngine.java:144) - f (sol): 0.0, [Variant id: 1380 (SOL) , #gens: 143, #ops: 1, parent:1379]
[DEBUG] fr.inria.astor.core.loop.AstorCoreEngine.showResults(AstorCoreEngine.java:144) - f (sol): 0.0, [Variant id: 3306 (SOL) , #gens: 143, #ops: 1, parent:3305]
[DEBUG] fr.inria.astor.core.loop.AstorCoreEngine.showResults(AstorCoreEngine.java:144) - f (sol): 0.0, [Variant id: 3546 (SOL) , #gens: 143, #ops: 1, parent:3545]
[DEBUG] fr.inria.astor.core.loop.AstorCoreEngine.showResults(AstorCoreEngine.java:144) - f (sol): 0.0, [Variant id: 6674 (SOL) , #gens: 143, #ops: 1, parent:6673]
[DEBUG] fr.inria.astor.core.loop.AstorCoreEngine.showResults(AstorCoreEngine.java:144) - f (sol): 0.0, [Variant id: 7266 (SOL) , #gens: 143, #ops: 1, parent:7265]
[DEBUG] fr.inria.astor.core.loop.AstorCoreEngine.showResults(AstorCoreEngine.java:146) - 
All variants:
[DEBUG] fr.inria.astor.core.loop.AstorCoreEngine.showResults(AstorCoreEngine.java:148) - f 1.0, [Variant id: 7885, #gens: 144, #ops: 0, parent:-]
[INFO ] fr.inria.astor.core.loop.AstorCoreEngine.showResults(AstorCoreEngine.java:152) - 
Solution details
[INFO ] fr.inria.astor.core.loop.AstorCoreEngine.showResults(AstorCoreEngine.java:153) - 
 --SOLUTIONS DESCRIPTION--

 ----
ProgramVariant 652
 
time(sec)= 818
operation: RemoveOp
location= org.apache.commons.math.optimization.linear.SimplexSolver
line= 63
lineSuspiciousness= 0.267
original statement= minValue = tableau.getEntry(0, i)
fixed statement= 
generation= 326
ingredientScope= -
validation=
failing: |true|0|14|[]|
manual_regression: |true|0|2056|[]|
evo_regression: |true|0|16|[]|
 ----
ProgramVariant 1194
 
time(sec)= 1214
operation: RemoveOp
location= org.apache.commons.math.optimization.linear.SimplexSolver
line= 63
lineSuspiciousness= 0.267
original statement= minValue = tableau.getEntry(0, i)
fixed statement= 
generation= 597
ingredientScope= -
validation=
failing: |true|0|14|[]|
manual_regression: |true|0|2056|[]|
evo_regression: |true|0|16|[]|
 ----
ProgramVariant 1380
 
time(sec)= 1409
operation: RemoveOp
location= org.apache.commons.math.optimization.linear.SimplexSolver
line= 63
lineSuspiciousness= 0.267
original statement= minValue = tableau.getEntry(0, i)
fixed statement= 
generation= 690
ingredientScope= -
validation=
failing: |true|0|14|[]|
manual_regression: |true|0|2056|[]|
evo_regression: |true|0|16|[]|
 ----
ProgramVariant 3306
 
time(sec)= 3487
operation: RemoveOp
location= org.apache.commons.math.optimization.linear.SimplexSolver
line= 63
lineSuspiciousness= 0.267
original statement= minValue = tableau.getEntry(0, i)
fixed statement= 
generation= 1653
ingredientScope= -
validation=
failing: |true|0|14|[]|
manual_regression: |true|0|2056|[]|
evo_regression: |true|0|16|[]|
 ----
ProgramVariant 3546
 
time(sec)= 3740
operation: RemoveOp
location= org.apache.commons.math.optimization.linear.SimplexSolver
line= 63
lineSuspiciousness= 0.267
original statement= minValue = tableau.getEntry(0, i)
fixed statement= 
generation= 1773
ingredientScope= -
validation=
failing: |true|0|14|[]|
manual_regression: |true|0|2056|[]|
evo_regression: |true|0|16|[]|
 ----
ProgramVariant 6674
 
time(sec)= 6437
operation: RemoveOp
location= org.apache.commons.math.optimization.linear.SimplexSolver
line= 63
lineSuspiciousness= 0.267
original statement= minValue = tableau.getEntry(0, i)
fixed statement= 
generation= 3337
ingredientScope= -
validation=
failing: |true|0|14|[]|
manual_regression: |true|0|2056|[]|
evo_regression: |true|0|16|[]|
 ----
ProgramVariant 7266
 
time(sec)= 6880
operation: RemoveOp
location= org.apache.commons.math.optimization.linear.SimplexSolver
line= 63
lineSuspiciousness= 0.267
original statement= minValue = tableau.getEntry(0, i)
fixed statement= 
generation= 3633
ingredientScope= -
validation=
failing: |true|0|14|[]|
manual_regression: |true|0|2056|[]|
evo_regression: |true|0|16|[]|
[INFO ] fr.inria.main.evolution.AstorMain.run(AstorMain.java:397) - Time Total(s): 7475.066


Node: grisou-11.nancy.grid5000.fr


Date: Sun Jan 15 17:21:11 CET 2017

removed classes 

zipped 

copied zip 


