seed AstorRun 16 
export PATH="/home/mmartinez/defects4j/framework/bin:$PATH";export JAVA_TOOL_OPTIONS=-Dfile.encoding=UTF8;export PATH="/usr/lib/jvm/java-1.7.0-openjdk-amd64/bin/:$PATH";cd /home/mmartinez/projects/chart/chart_15;defects4j compile;cp -r /home/mmartinez/projects/chart/chart_15 /tmp/chart_15_Genprog_local_s1;cd /tmp/chart_15_Genprog_local_s1;mkdir lib/;cp -r /home/mmartinez/defects4j/framework/projects/lib/* lib/;cp -r /home/mmartinez/defects4j/framework/projects/Chart/lib/* lib/;find . -type f -name "package-info.java" -delete;
/home/mmartinez/defects4j-repair/src/python/core/../../../results/2016-june/Chart/seed/16/package/15/Genprog/result
cd /tmp/chart_15_Genprog_local_s1;export JAVA_TOOL_OPTIONS=-Dfile.encoding=UTF8;TZ="America/New_York"; export TZexport PATH="/usr/lib/jvm/java-1.7.0-openjdk-amd64/bin/:$PATH";time /home/mmartinez/jdk1.8.0_45/bin//java -Xmx4096m -cp /home/mmartinez/defects4j-repair/src/python/core/../../..//libs/astor.jar fr.inria.main.evolution.MainjGenProg -mode statement -location . -id Chart -dependencies lib/ -failing org.jfree.chart.plot.junit.PiePlot3DTests: -package org.jfree -jvm4testexecution /usr/lib/jvm/java-1.7.0-openjdk-amd64/bin/ -jvm4evosuitetestexecution /home/mmartinez/jdk1.8.0_45/bin/ -javacompliancelevel 4 -maxgen 1000000 -seed 16 -scope package -maxtime 120  -stopfirst false -population 1 -srcjavafolder source/ -srctestfolder tests/ -binjavafolder build/ -bintestfolder build-tests/ -flthreshold 0.1  -validation  fr.inria.astor.core.validation.validators.RegressionValidation  -ESParameters -Dassertion_timeout=1800:-Dminimization_timeout=1800:-Djunit_check_timeout=1800:-Dwrite_junit_timeout=300:-Dinitialization_timeout=300:-Dglobal_timeout=18000:-Dsearch_budget=100000:-Dstopping_condition=MaxStatements:-Dno_runtime_dependency=true:-Dsandbox=false:-Dp_reflection_on_private=0.0:-Dreflection_start_percent=1.0:-Dp_functional_mocking=0.0:-Dfunctional_mocking_percent=1.0:-mem=2000 -ignoredtestcases org.apache.commons.lang.LocaleUtilsTest  -excludeRegression  -maxgen 100000000 ;echo "

Node: `hostname`
";echo "
Date: `date`
"; find /tmp/chart_15_Genprog_local_s1/outputMutation -name "*.class" -type f -delete;echo "removed classes 
"; find . -name bin  -type d -print0|xargs -0 rm -r --; zip -r -q out.zip /tmp/chart_15_Genprog_local_s1/outputMutation; echo "zipped 
";cp out.zip /home/mmartinez/defects4j-repair/src/python/core/../../../results/2016-june/Chart/seed/16/package/15/Genprog; echo "copied zip 
";rm -rf /tmp/chart_15_Genprog_local_s1;

[DEBUG] fr.inria.astor.core.loop.AstorCoreEngine.showResults(AstorCoreEngine.java:136) - End Repair Loops: Found solution
[DEBUG] fr.inria.astor.core.loop.AstorCoreEngine.showResults(AstorCoreEngine.java:137) - Solution stored at: /tmp/chart_15_Genprog_local_s1/./outputMutation/AstorMain-Chart//src/
[DEBUG] fr.inria.astor.core.loop.AstorCoreEngine.showResults(AstorCoreEngine.java:142) - 
Number solutions:5
[DEBUG] fr.inria.astor.core.loop.AstorCoreEngine.showResults(AstorCoreEngine.java:144) - f (sol): 0.0, [Variant id: 1164 (SOL) , #gens: 487, #ops: 1, parent:1163]
[DEBUG] fr.inria.astor.core.loop.AstorCoreEngine.showResults(AstorCoreEngine.java:144) - f (sol): 0.0, [Variant id: 1358 (SOL) , #gens: 487, #ops: 1, parent:1357]
[DEBUG] fr.inria.astor.core.loop.AstorCoreEngine.showResults(AstorCoreEngine.java:144) - f (sol): 0.0, [Variant id: 2404 (SOL) , #gens: 486, #ops: 1, parent:2403]
[DEBUG] fr.inria.astor.core.loop.AstorCoreEngine.showResults(AstorCoreEngine.java:144) - f (sol): 0.0, [Variant id: 2742 (SOL) , #gens: 487, #ops: 1, parent:2741]
[DEBUG] fr.inria.astor.core.loop.AstorCoreEngine.showResults(AstorCoreEngine.java:144) - f (sol): 6.0, [Variant id: 3044 (SOL) , #gens: 485, #ops: 1, parent:3043]
[DEBUG] fr.inria.astor.core.loop.AstorCoreEngine.showResults(AstorCoreEngine.java:146) - 
All variants:
[DEBUG] fr.inria.astor.core.loop.AstorCoreEngine.showResults(AstorCoreEngine.java:148) - f 1.0, [Variant id: 3045, #gens: 486, #ops: 0, parent:-]
[INFO ] fr.inria.astor.core.loop.AstorCoreEngine.showResults(AstorCoreEngine.java:152) - 
Solution details
[INFO ] fr.inria.astor.core.loop.AstorCoreEngine.showResults(AstorCoreEngine.java:153) - 
 --SOLUTIONS DESCRIPTION--

 ----
ProgramVariant 1164
 
time(sec)= 2785
operation: InsertBeforeOp
location= org.jfree.chart.plot.PiePlot3D
line= 252
lineSuspiciousness= 0.707
original statement= double gapVertical = ((plotArea.getHeight()) * gapPercent) * 2.0
fixed statement= if (org.jfree.data.general.DatasetUtilities.isEmptyOrNull(getDataset())) {
	drawNoDataMessage(g2, plotArea);
	g2.setClip(savedClip);
	drawOutline(g2, plotArea);
	return ;
} 
generation= 582
ingredientScope= LOCAL
validation=
failing: |true|0|3|[]|
manual_regression: |true|0|3579|[]|
evo_regression: |true|0|11|[]|
 ----
ProgramVariant 1358
 
time(sec)= 3203
operation: InsertAfterOp
location= org.jfree.chart.plot.PiePlot3D
line= 242
lineSuspiciousness= 0.707
original statement= g2.clip(plotArea)
fixed statement= if (org.jfree.data.general.DatasetUtilities.isEmptyOrNull(getDataset())) {
	drawNoDataMessage(g2, plotArea);
	g2.setClip(savedClip);
	drawOutline(g2, plotArea);
	return ;
} 
generation= 679
ingredientScope= LOCAL
validation=
failing: |true|0|3|[]|
manual_regression: |true|0|3579|[]|
evo_regression: |true|0|11|[]|
 ----
ProgramVariant 2404
 
time(sec)= 5690
operation: ReplaceOp
location= org.jfree.chart.plot.PiePlot3D
line= 247
lineSuspiciousness= 0.707
original statement= if ((getLabelGenerator()) != null) {
	labelPercent = (getLabelGap()) + (getMaximumLabelWidth());
} 
fixed statement= if (org.jfree.data.general.DatasetUtilities.isEmptyOrNull(getDataset())) {
	drawNoDataMessage(g2, plotArea);
	g2.setClip(savedClip);
	drawOutline(g2, plotArea);
	return ;
} 
generation= 1202
ingredientScope= LOCAL
validation=
failing: |true|0|3|[]|
manual_regression: |true|0|3579|[]|
evo_regression: |true|0|11|[]|
 ----
ProgramVariant 2742
 
time(sec)= 6403
operation: InsertBeforeOp
location= org.jfree.chart.plot.PiePlot3D
line= 247
lineSuspiciousness= 0.707
original statement= if ((getLabelGenerator()) != null) {
	labelPercent = (getLabelGap()) + (getMaximumLabelWidth());
} 
fixed statement= if (org.jfree.data.general.DatasetUtilities.isEmptyOrNull(getDataset())) {
	drawNoDataMessage(g2, plotArea);
	g2.setClip(savedClip);
	drawOutline(g2, plotArea);
	return ;
} 
generation= 1371
ingredientScope= LOCAL
validation=
failing: |true|0|3|[]|
manual_regression: |true|0|3579|[]|
evo_regression: |true|0|11|[]|
 ----
ProgramVariant 3044
 
time(sec)= 7554
operation: RemoveOp
location= org.jfree.chart.JFreeChart
line= 1219
lineSuspiciousness= 0.125
original statement= org.jfree.chart.JFreeChart.this.plot.draw(g2, plotArea, anchor, null, plotInfo)
fixed statement= 
generation= 1522
ingredientScope= -
validation=
failing: |true|0|3|[]|
manual_regression: |true|0|3579|[]|
evo_regression: |false|6|125|[test028(org.jfree.chart.JFreeChart_ESTest): Expecting exception: IllegalArgumentException-, test026(org.jfree.chart.JFreeChart_ESTest): Expecting exception: NullPointerException-, test033(org.jfree.chart.JFreeChart_ESTest): Expecting exception: IllegalArgumentException-, test034(org.jfree.chart.JFreeChart_ESTest): Expecting exception: NullPointerException-, test030(org.jfree.chart.JFreeChart_ESTest): Expecting exception: IllegalArgumentException-, test119(org.jfree.chart.JFreeChart_ESTest): Expecting exception: IllegalArgumentException-]|
[INFO ] fr.inria.main.evolution.AstorMain.run(AstorMain.java:397) - Time Total(s): 8173.85


Node: graphene-126.nancy.grid5000.fr


Date: Mon Jan 16 01:18:47 CET 2017

removed classes 

zipped 

copied zip 


