seed AstorRun 3 
export PATH="/home/mmartinez/defects4j/framework/bin:$PATH";export JAVA_TOOL_OPTIONS=-Dfile.encoding=UTF8;export PATH="/usr/lib/jvm/java-1.7.0-openjdk-amd64/bin/:$PATH";cd /home/mmartinez/projects/math/math_73;defects4j compile;cp -r /home/mmartinez/projects/math/math_73 /tmp/math_73_Genprog_local_s1;cd /tmp/math_73_Genprog_local_s1;mkdir lib/;cp -r /home/mmartinez/defects4j/framework/projects/lib/* lib/;cp -r /home/mmartinez/defects4j/framework/projects/Math/lib/* lib/;find . -type f -name "package-info.java" -delete;
/home/mmartinez/defects4j-repair/src/python/core/../../../results/2016-june/Math/seed/3/package/73/Genprog/result
cd /tmp/math_73_Genprog_local_s1;export JAVA_TOOL_OPTIONS=-Dfile.encoding=UTF8;TZ="America/New_York"; export TZexport PATH="/usr/lib/jvm/java-1.7.0-openjdk-amd64/bin/:$PATH";time /home/mmartinez/jdk1.8.0_45/bin//java -Xmx4096m -cp /home/mmartinez/defects4j-repair/src/python/core/../../..//libs/astor.jar fr.inria.main.evolution.MainjGenProg -mode statement -location . -id Math -dependencies lib/ -failing org.apache.commons.math.analysis.solvers.BrentSolverTest: -package org.apache.commons -jvm4testexecution /usr/lib/jvm/java-1.7.0-openjdk-amd64/bin/ -jvm4evosuitetestexecution /home/mmartinez/jdk1.8.0_45/bin/ -javacompliancelevel 5 -maxgen 1000000 -seed 3 -scope package -maxtime 120  -stopfirst false -population 1 -srcjavafolder src/main/java/ -srctestfolder src/test/java/ -binjavafolder target/classes/ -bintestfolder target/test-classes/ -flthreshold 0.1  -validation  fr.inria.astor.core.validation.validators.RegressionValidation  -ESParameters -Dassertion_timeout=1800:-Dminimization_timeout=1800:-Djunit_check_timeout=1800:-Dwrite_junit_timeout=300:-Dinitialization_timeout=300:-Dglobal_timeout=18000:-Dsearch_budget=100000:-Dstopping_condition=MaxStatements:-Dno_runtime_dependency=true:-Dsandbox=false:-Dp_reflection_on_private=0.0:-Dreflection_start_percent=1.0:-Dp_functional_mocking=0.0:-Dfunctional_mocking_percent=1.0:-mem=2000 -ignoredtestcases org.apache.commons.lang.LocaleUtilsTest  -excludeRegression  -maxgen 100000000 ;echo "

Node: `hostname`
";echo "
Date: `date`
"; find /tmp/math_73_Genprog_local_s1/outputMutation -name "*.class" -type f -delete;echo "removed classes 
"; find . -name bin  -type d -print0|xargs -0 rm -r --; zip -r -q out.zip /tmp/math_73_Genprog_local_s1/outputMutation; echo "zipped 
";cp out.zip /home/mmartinez/defects4j-repair/src/python/core/../../../results/2016-june/Math/seed/3/package/73/Genprog; echo "copied zip 
";rm -rf /tmp/math_73_Genprog_local_s1;

[DEBUG] fr.inria.astor.core.loop.AstorCoreEngine.showResults(AstorCoreEngine.java:136) - End Repair Loops: Found solution
[DEBUG] fr.inria.astor.core.loop.AstorCoreEngine.showResults(AstorCoreEngine.java:137) - Solution stored at: /tmp/math_73_Genprog_local_s1/./outputMutation/AstorMain-Math//src/
[DEBUG] fr.inria.astor.core.loop.AstorCoreEngine.showResults(AstorCoreEngine.java:142) - 
Number solutions:17
[DEBUG] fr.inria.astor.core.loop.AstorCoreEngine.showResults(AstorCoreEngine.java:144) - f (sol): 2.0, [Variant id: 74 (SOL) , #gens: 24, #ops: 1, parent:73]
[DEBUG] fr.inria.astor.core.loop.AstorCoreEngine.showResults(AstorCoreEngine.java:144) - f (sol): 6.0, [Variant id: 334 (SOL) , #gens: 25, #ops: 1, parent:333]
[DEBUG] fr.inria.astor.core.loop.AstorCoreEngine.showResults(AstorCoreEngine.java:144) - f (sol): 4.0, [Variant id: 1038 (SOL) , #gens: 25, #ops: 1, parent:1037]
[DEBUG] fr.inria.astor.core.loop.AstorCoreEngine.showResults(AstorCoreEngine.java:144) - f (sol): 2.0, [Variant id: 1504 (SOL) , #gens: 24, #ops: 1, parent:1503]
[DEBUG] fr.inria.astor.core.loop.AstorCoreEngine.showResults(AstorCoreEngine.java:144) - f (sol): 2.0, [Variant id: 1626 (SOL) , #gens: 24, #ops: 1, parent:1625]
[DEBUG] fr.inria.astor.core.loop.AstorCoreEngine.showResults(AstorCoreEngine.java:144) - f (sol): 4.0, [Variant id: 1808 (SOL) , #gens: 25, #ops: 1, parent:1807]
[DEBUG] fr.inria.astor.core.loop.AstorCoreEngine.showResults(AstorCoreEngine.java:144) - f (sol): 5.0, [Variant id: 1928 (SOL) , #gens: 25, #ops: 1, parent:1927]
[DEBUG] fr.inria.astor.core.loop.AstorCoreEngine.showResults(AstorCoreEngine.java:144) - f (sol): 6.0, [Variant id: 3768 (SOL) , #gens: 25, #ops: 1, parent:3767]
[DEBUG] fr.inria.astor.core.loop.AstorCoreEngine.showResults(AstorCoreEngine.java:144) - f (sol): 2.0, [Variant id: 4042 (SOL) , #gens: 25, #ops: 1, parent:4041]
[DEBUG] fr.inria.astor.core.loop.AstorCoreEngine.showResults(AstorCoreEngine.java:144) - f (sol): 4.0, [Variant id: 4060 (SOL) , #gens: 25, #ops: 1, parent:4059]
[DEBUG] fr.inria.astor.core.loop.AstorCoreEngine.showResults(AstorCoreEngine.java:144) - f (sol): 6.0, [Variant id: 6130 (SOL) , #gens: 25, #ops: 1, parent:6129]
[DEBUG] fr.inria.astor.core.loop.AstorCoreEngine.showResults(AstorCoreEngine.java:144) - f (sol): 2.0, [Variant id: 7022 (SOL) , #gens: 25, #ops: 1, parent:7021]
[DEBUG] fr.inria.astor.core.loop.AstorCoreEngine.showResults(AstorCoreEngine.java:144) - f (sol): 6.0, [Variant id: 7320 (SOL) , #gens: 25, #ops: 1, parent:7319]
[DEBUG] fr.inria.astor.core.loop.AstorCoreEngine.showResults(AstorCoreEngine.java:144) - f (sol): 3.0, [Variant id: 7952 (SOL) , #gens: 25, #ops: 1, parent:7951]
[DEBUG] fr.inria.astor.core.loop.AstorCoreEngine.showResults(AstorCoreEngine.java:144) - f (sol): 4.0, [Variant id: 8124 (SOL) , #gens: 25, #ops: 1, parent:8123]
[DEBUG] fr.inria.astor.core.loop.AstorCoreEngine.showResults(AstorCoreEngine.java:144) - f (sol): 5.0, [Variant id: 8412 (SOL) , #gens: 25, #ops: 1, parent:8411]
[DEBUG] fr.inria.astor.core.loop.AstorCoreEngine.showResults(AstorCoreEngine.java:144) - f (sol): 3.0, [Variant id: 8648 (SOL) , #gens: 25, #ops: 1, parent:8647]
[DEBUG] fr.inria.astor.core.loop.AstorCoreEngine.showResults(AstorCoreEngine.java:146) - 
All variants:
[DEBUG] fr.inria.astor.core.loop.AstorCoreEngine.showResults(AstorCoreEngine.java:148) - f 1.0, [Variant id: 9097, #gens: 24, #ops: 0, parent:-]
[INFO ] fr.inria.astor.core.loop.AstorCoreEngine.showResults(AstorCoreEngine.java:152) - 
Solution details
[INFO ] fr.inria.astor.core.loop.AstorCoreEngine.showResults(AstorCoreEngine.java:153) - 
 --SOLUTIONS DESCRIPTION--

 ----
ProgramVariant 74
 
time(sec)= 338
operation: ReplaceOp
location= org.apache.commons.math.analysis.solvers.BrentSolver
line= 138
lineSuspiciousness= 1
original statement= return solve(f, min, yMin, max, yMax, initial, yInitial)
fixed statement= return solve(f, min, max)
generation= 37
ingredientScope= PACKAGE
validation=
failing: |true|0|6|[]|
manual_regression: |true|0|2140|[]|
evo_regression: |false|2|30|[test02(org.apache.commons.math.analysis.solvers.BrentSolver_ESTest): expected:<1> but was:<0>-, test05(org.apache.commons.math.analysis.solvers.BrentSolver_ESTest): function values at endpoints do not have different signs.  Endpoints: -846.667, 806.085, Values: 1, 0.965-]|
 ----
ProgramVariant 334
 
time(sec)= 572
operation: InsertBeforeOp
location= org.apache.commons.math.analysis.solvers.BrentSolver
line= 114
lineSuspiciousness= 0.707
original statement= if ((java.lang.Math.abs(yMin)) <= (functionValueAccuracy)) {
	setResult(yMin, 0);
	return result;
} 
fixed statement= verifyBracketing(min, max, f)
generation= 167
ingredientScope= PACKAGE
validation=
failing: |true|0|6|[]|
manual_regression: |true|0|2140|[]|
evo_regression: |false|6|30|[test06(org.apache.commons.math.analysis.solvers.BrentSolver_ESTest): function values at endpoints do not have different signs.  Endpoints: -649.226, 4.118, Values: -0.884, -0.829-, test28(org.apache.commons.math.analysis.solvers.BrentSolver_ESTest): function values at endpoints do not have different signs.  Endpoints: -4, 219.559, 737.7, Values: 0, ∞-, test00(org.apache.commons.math.analysis.solvers.BrentSolver_ESTest): expected:<4> but was:<6>-, test02(org.apache.commons.math.analysis.solvers.BrentSolver_ESTest): function values at endpoints do not have different signs.  Endpoints: -4, 219.559, 737.7, Values: 0, ∞-, test05(org.apache.commons.math.analysis.solvers.BrentSolver_ESTest): function values at endpoints do not have different signs.  Endpoints: -846.667, 806.085, Values: 1, 0.965-, test26(org.apache.commons.math.analysis.solvers.BrentSolver_ESTest): function values at endpoints do not have different signs.  Endpoints: -631.444, 1, Values: -100, 386, 037, 661, 645.81, 0-]|
 ----
ProgramVariant 1038
 
time(sec)= 1109
operation: InsertAfterOp
location= org.apache.commons.math.analysis.solvers.BrentSolver
line= 120
lineSuspiciousness= 0.707
original statement= if ((yInitial * yMin) < 0) {
	return solve(f, min, yMin, initial, yInitial, min, yMin);
} 
fixed statement= verifyBracketing(min, max, f)
generation= 519
ingredientScope= PACKAGE
validation=
failing: |true|0|6|[]|
manual_regression: |true|0|2140|[]|
evo_regression: |false|4|30|[test00(org.apache.commons.math.analysis.solvers.BrentSolver_ESTest): expected:<4> but was:<6>-, test02(org.apache.commons.math.analysis.solvers.BrentSolver_ESTest): function values at endpoints do not have different signs.  Endpoints: -4, 219.559, 737.7, Values: 0, ∞-, test05(org.apache.commons.math.analysis.solvers.BrentSolver_ESTest): function values at endpoints do not have different signs.  Endpoints: -846.667, 806.085, Values: 1, 0.965-, test26(org.apache.commons.math.analysis.solvers.BrentSolver_ESTest): function values at endpoints do not have different signs.  Endpoints: -631.444, 1, Values: -100, 386, 037, 661, 645.81, 0-]|
 ----
ProgramVariant 1504
 
time(sec)= 1501
operation: ReplaceOp
location= org.apache.commons.math.analysis.solvers.BrentSolver
line= 138
lineSuspiciousness= 1
original statement= return solve(f, min, yMin, max, yMax, initial, yInitial)
fixed statement= return solve(f, initial, max)
generation= 752
ingredientScope= PACKAGE
validation=
failing: |true|0|6|[]|
manual_regression: |true|0|2140|[]|
evo_regression: |false|2|30|[test02(org.apache.commons.math.analysis.solvers.BrentSolver_ESTest): function values at endpoints do not have different signs.  Endpoints: 4, 737.7, Values: 54.598, ∞-, test05(org.apache.commons.math.analysis.solvers.BrentSolver_ESTest): function values at endpoints do not have different signs.  Endpoints: 1.5, 806.085, Values: 0.997, 0.965-]|
 ----
ProgramVariant 1626
 
time(sec)= 1658
operation: ReplaceOp
location= org.apache.commons.math.analysis.solvers.BrentSolver
line= 138
lineSuspiciousness= 1
original statement= return solve(f, min, yMin, max, yMax, initial, yInitial)
fixed statement= return solve(f, min, initial)
generation= 813
ingredientScope= PACKAGE
validation=
failing: |true|0|6|[]|
manual_regression: |true|0|2140|[]|
evo_regression: |false|2|30|[test02(org.apache.commons.math.analysis.solvers.BrentSolver_ESTest): expected:<1> but was:<0>-, test05(org.apache.commons.math.analysis.solvers.BrentSolver_ESTest): function values at endpoints do not have different signs.  Endpoints: -846.667, 1.5, Values: 1, 0.997-]|
 ----
ProgramVariant 1808
 
time(sec)= 1827
operation: InsertBeforeOp
location= org.apache.commons.math.analysis.solvers.BrentSolver
line= 126
lineSuspiciousness= 0.707
original statement= if ((java.lang.Math.abs(yMax)) <= (functionValueAccuracy)) {
	setResult(yMax, 0);
	return result;
} 
fixed statement= verifyBracketing(min, max, f)
generation= 904
ingredientScope= PACKAGE
validation=
failing: |true|0|6|[]|
manual_regression: |true|0|2140|[]|
evo_regression: |false|4|30|[test00(org.apache.commons.math.analysis.solvers.BrentSolver_ESTest): expected:<4> but was:<6>-, test02(org.apache.commons.math.analysis.solvers.BrentSolver_ESTest): function values at endpoints do not have different signs.  Endpoints: -4, 219.559, 737.7, Values: 0, ∞-, test05(org.apache.commons.math.analysis.solvers.BrentSolver_ESTest): function values at endpoints do not have different signs.  Endpoints: -846.667, 806.085, Values: 1, 0.965-, test26(org.apache.commons.math.analysis.solvers.BrentSolver_ESTest): function values at endpoints do not have different signs.  Endpoints: -631.444, 1, Values: -100, 386, 037, 661, 645.81, 0-]|
 ----
ProgramVariant 1928
 
time(sec)= 1989
operation: InsertBeforeOp
location= org.apache.commons.math.analysis.solvers.BrentSolver
line= 120
lineSuspiciousness= 0.707
original statement= if ((yInitial * yMin) < 0) {
	return solve(f, min, yMin, initial, yInitial, min, yMin);
} 
fixed statement= verifyBracketing(min, max, f)
generation= 964
ingredientScope= PACKAGE
validation=
failing: |true|0|6|[]|
manual_regression: |true|0|2140|[]|
evo_regression: |false|5|30|[test06(org.apache.commons.math.analysis.solvers.BrentSolver_ESTest): function values at endpoints do not have different signs.  Endpoints: -649.226, 4.118, Values: -0.884, -0.829-, test00(org.apache.commons.math.analysis.solvers.BrentSolver_ESTest): expected:<4> but was:<6>-, test02(org.apache.commons.math.analysis.solvers.BrentSolver_ESTest): function values at endpoints do not have different signs.  Endpoints: -4, 219.559, 737.7, Values: 0, ∞-, test05(org.apache.commons.math.analysis.solvers.BrentSolver_ESTest): function values at endpoints do not have different signs.  Endpoints: -846.667, 806.085, Values: 1, 0.965-, test26(org.apache.commons.math.analysis.solvers.BrentSolver_ESTest): function values at endpoints do not have different signs.  Endpoints: -631.444, 1, Values: -100, 386, 037, 661, 645.81, 0-]|
 ----
ProgramVariant 3768
 
time(sec)= 3277
operation: InsertBeforeOp
location= org.apache.commons.math.analysis.solvers.BrentSolver
line= 113
lineSuspiciousness= 0.707
original statement= double yMin = f.value(min)
fixed statement= verifyBracketing(min, max, f)
generation= 1884
ingredientScope= PACKAGE
validation=
failing: |true|0|6|[]|
manual_regression: |true|0|2140|[]|
evo_regression: |false|6|30|[test06(org.apache.commons.math.analysis.solvers.BrentSolver_ESTest): function values at endpoints do not have different signs.  Endpoints: -649.226, 4.118, Values: -0.884, -0.829-, test28(org.apache.commons.math.analysis.solvers.BrentSolver_ESTest): function values at endpoints do not have different signs.  Endpoints: -4, 219.559, 737.7, Values: 0, ∞-, test00(org.apache.commons.math.analysis.solvers.BrentSolver_ESTest): expected:<4> but was:<6>-, test02(org.apache.commons.math.analysis.solvers.BrentSolver_ESTest): function values at endpoints do not have different signs.  Endpoints: -4, 219.559, 737.7, Values: 0, ∞-, test05(org.apache.commons.math.analysis.solvers.BrentSolver_ESTest): function values at endpoints do not have different signs.  Endpoints: -846.667, 806.085, Values: 1, 0.965-, test26(org.apache.commons.math.analysis.solvers.BrentSolver_ESTest): function values at endpoints do not have different signs.  Endpoints: -631.444, 1, Values: -100, 386, 037, 661, 645.81, 0-]|
 ----
ProgramVariant 4042
 
time(sec)= 3495
operation: InsertAfterOp
location= org.apache.commons.math.analysis.solvers.BrentSolver
line= 132
lineSuspiciousness= 0.707
original statement= if ((yInitial * yMax) < 0) {
	return solve(f, initial, yInitial, max, yMax, initial, yInitial);
} 
fixed statement= verifyBracketing(min, max, f)
generation= 2021
ingredientScope= PACKAGE
validation=
failing: |true|0|6|[]|
manual_regression: |true|0|2140|[]|
evo_regression: |false|2|30|[test02(org.apache.commons.math.analysis.solvers.BrentSolver_ESTest): function values at endpoints do not have different signs.  Endpoints: -4, 219.559, 737.7, Values: 0, ∞-, test05(org.apache.commons.math.analysis.solvers.BrentSolver_ESTest): function values at endpoints do not have different signs.  Endpoints: -846.667, 806.085, Values: 1, 0.965-]|
 ----
ProgramVariant 4060
 
time(sec)= 3580
operation: InsertBeforeOp
location= org.apache.commons.math.analysis.solvers.BrentSolver
line= 125
lineSuspiciousness= 0.707
original statement= double yMax = f.value(max)
fixed statement= verifyBracketing(min, max, f)
generation= 2030
ingredientScope= PACKAGE
validation=
failing: |true|0|6|[]|
manual_regression: |true|0|2140|[]|
evo_regression: |false|4|30|[test00(org.apache.commons.math.analysis.solvers.BrentSolver_ESTest): expected:<4> but was:<6>-, test02(org.apache.commons.math.analysis.solvers.BrentSolver_ESTest): function values at endpoints do not have different signs.  Endpoints: -4, 219.559, 737.7, Values: 0, ∞-, test05(org.apache.commons.math.analysis.solvers.BrentSolver_ESTest): function values at endpoints do not have different signs.  Endpoints: -846.667, 806.085, Values: 1, 0.965-, test26(org.apache.commons.math.analysis.solvers.BrentSolver_ESTest): function values at endpoints do not have different signs.  Endpoints: -631.444, 1, Values: -100, 386, 037, 661, 645.81, 0-]|
 ----
ProgramVariant 6130
 
time(sec)= 5043
operation: InsertAfterOp
location= org.apache.commons.math.analysis.solvers.BrentSolver
line= 107
lineSuspiciousness= 0.707
original statement= if ((java.lang.Math.abs(yInitial)) <= (functionValueAccuracy)) {
	setResult(initial, 0);
	return result;
} 
fixed statement= verifyBracketing(min, max, f)
generation= 3065
ingredientScope= PACKAGE
validation=
failing: |true|0|6|[]|
manual_regression: |true|0|2140|[]|
evo_regression: |false|6|30|[test06(org.apache.commons.math.analysis.solvers.BrentSolver_ESTest): function values at endpoints do not have different signs.  Endpoints: -649.226, 4.118, Values: -0.884, -0.829-, test28(org.apache.commons.math.analysis.solvers.BrentSolver_ESTest): function values at endpoints do not have different signs.  Endpoints: -4, 219.559, 737.7, Values: 0, ∞-, test00(org.apache.commons.math.analysis.solvers.BrentSolver_ESTest): expected:<4> but was:<6>-, test02(org.apache.commons.math.analysis.solvers.BrentSolver_ESTest): function values at endpoints do not have different signs.  Endpoints: -4, 219.559, 737.7, Values: 0, ∞-, test05(org.apache.commons.math.analysis.solvers.BrentSolver_ESTest): function values at endpoints do not have different signs.  Endpoints: -846.667, 806.085, Values: 1, 0.965-, test26(org.apache.commons.math.analysis.solvers.BrentSolver_ESTest): function values at endpoints do not have different signs.  Endpoints: -631.444, 1, Values: -100, 386, 037, 661, 645.81, 0-]|
 ----
ProgramVariant 7022
 
time(sec)= 5692
operation: InsertBeforeOp
location= org.apache.commons.math.analysis.solvers.BrentSolver
line= 138
lineSuspiciousness= 1
original statement= return solve(f, min, yMin, max, yMax, initial, yInitial)
fixed statement= verifyBracketing(min, max, f)
generation= 3511
ingredientScope= PACKAGE
validation=
failing: |true|0|6|[]|
manual_regression: |true|0|2140|[]|
evo_regression: |false|2|30|[test02(org.apache.commons.math.analysis.solvers.BrentSolver_ESTest): function values at endpoints do not have different signs.  Endpoints: -4, 219.559, 737.7, Values: 0, ∞-, test05(org.apache.commons.math.analysis.solvers.BrentSolver_ESTest): function values at endpoints do not have different signs.  Endpoints: -846.667, 806.085, Values: 1, 0.965-]|
 ----
ProgramVariant 7320
 
time(sec)= 5912
operation: InsertAfterOp
location= org.apache.commons.math.analysis.solvers.BrentSolver
line= 113
lineSuspiciousness= 0.707
original statement= double yMin = f.value(min)
fixed statement= verifyBracketing(min, max, f)
generation= 3660
ingredientScope= PACKAGE
validation=
failing: |true|0|6|[]|
manual_regression: |true|0|2140|[]|
evo_regression: |false|6|30|[test06(org.apache.commons.math.analysis.solvers.BrentSolver_ESTest): function values at endpoints do not have different signs.  Endpoints: -649.226, 4.118, Values: -0.884, -0.829-, test28(org.apache.commons.math.analysis.solvers.BrentSolver_ESTest): function values at endpoints do not have different signs.  Endpoints: -4, 219.559, 737.7, Values: 0, ∞-, test00(org.apache.commons.math.analysis.solvers.BrentSolver_ESTest): expected:<4> but was:<6>-, test02(org.apache.commons.math.analysis.solvers.BrentSolver_ESTest): function values at endpoints do not have different signs.  Endpoints: -4, 219.559, 737.7, Values: 0, ∞-, test05(org.apache.commons.math.analysis.solvers.BrentSolver_ESTest): function values at endpoints do not have different signs.  Endpoints: -846.667, 806.085, Values: 1, 0.965-, test26(org.apache.commons.math.analysis.solvers.BrentSolver_ESTest): function values at endpoints do not have different signs.  Endpoints: -631.444, 1, Values: -100, 386, 037, 661, 645.81, 0-]|
 ----
ProgramVariant 7952
 
time(sec)= 6383
operation: InsertAfterOp
location= org.apache.commons.math.analysis.solvers.BrentSolver
line= 126
lineSuspiciousness= 0.707
original statement= if ((java.lang.Math.abs(yMax)) <= (functionValueAccuracy)) {
	setResult(yMax, 0);
	return result;
} 
fixed statement= verifyBracketing(min, max, f)
generation= 3976
ingredientScope= PACKAGE
validation=
failing: |true|0|6|[]|
manual_regression: |true|0|2140|[]|
evo_regression: |false|3|30|[test00(org.apache.commons.math.analysis.solvers.BrentSolver_ESTest): expected:<4> but was:<6>-, test02(org.apache.commons.math.analysis.solvers.BrentSolver_ESTest): function values at endpoints do not have different signs.  Endpoints: -4, 219.559, 737.7, Values: 0, ∞-, test05(org.apache.commons.math.analysis.solvers.BrentSolver_ESTest): function values at endpoints do not have different signs.  Endpoints: -846.667, 806.085, Values: 1, 0.965-]|
 ----
ProgramVariant 8124
 
time(sec)= 6565
operation: InsertAfterOp
location= org.apache.commons.math.analysis.solvers.BrentSolver
line= 125
lineSuspiciousness= 0.707
original statement= double yMax = f.value(max)
fixed statement= verifyBracketing(min, max, f)
generation= 4062
ingredientScope= PACKAGE
validation=
failing: |true|0|6|[]|
manual_regression: |true|0|2140|[]|
evo_regression: |false|4|30|[test00(org.apache.commons.math.analysis.solvers.BrentSolver_ESTest): expected:<4> but was:<6>-, test02(org.apache.commons.math.analysis.solvers.BrentSolver_ESTest): function values at endpoints do not have different signs.  Endpoints: -4, 219.559, 737.7, Values: 0, ∞-, test05(org.apache.commons.math.analysis.solvers.BrentSolver_ESTest): function values at endpoints do not have different signs.  Endpoints: -846.667, 806.085, Values: 1, 0.965-, test26(org.apache.commons.math.analysis.solvers.BrentSolver_ESTest): function values at endpoints do not have different signs.  Endpoints: -631.444, 1, Values: -100, 386, 037, 661, 645.81, 0-]|
 ----
ProgramVariant 8412
 
time(sec)= 6829
operation: InsertAfterOp
location= org.apache.commons.math.analysis.solvers.BrentSolver
line= 114
lineSuspiciousness= 0.707
original statement= if ((java.lang.Math.abs(yMin)) <= (functionValueAccuracy)) {
	setResult(yMin, 0);
	return result;
} 
fixed statement= verifyBracketing(min, max, f)
generation= 4206
ingredientScope= PACKAGE
validation=
failing: |true|0|6|[]|
manual_regression: |true|0|2140|[]|
evo_regression: |false|5|30|[test06(org.apache.commons.math.analysis.solvers.BrentSolver_ESTest): function values at endpoints do not have different signs.  Endpoints: -649.226, 4.118, Values: -0.884, -0.829-, test00(org.apache.commons.math.analysis.solvers.BrentSolver_ESTest): expected:<4> but was:<6>-, test02(org.apache.commons.math.analysis.solvers.BrentSolver_ESTest): function values at endpoints do not have different signs.  Endpoints: -4, 219.559, 737.7, Values: 0, ∞-, test05(org.apache.commons.math.analysis.solvers.BrentSolver_ESTest): function values at endpoints do not have different signs.  Endpoints: -846.667, 806.085, Values: 1, 0.965-, test26(org.apache.commons.math.analysis.solvers.BrentSolver_ESTest): function values at endpoints do not have different signs.  Endpoints: -631.444, 1, Values: -100, 386, 037, 661, 645.81, 0-]|
 ----
ProgramVariant 8648
 
time(sec)= 7010
operation: InsertBeforeOp
location= org.apache.commons.math.analysis.solvers.BrentSolver
line= 132
lineSuspiciousness= 0.707
original statement= if ((yInitial * yMax) < 0) {
	return solve(f, initial, yInitial, max, yMax, initial, yInitial);
} 
fixed statement= verifyBracketing(min, max, f)
generation= 4324
ingredientScope= PACKAGE
validation=
failing: |true|0|6|[]|
manual_regression: |true|0|2140|[]|
evo_regression: |false|3|30|[test00(org.apache.commons.math.analysis.solvers.BrentSolver_ESTest): expected:<4> but was:<6>-, test02(org.apache.commons.math.analysis.solvers.BrentSolver_ESTest): function values at endpoints do not have different signs.  Endpoints: -4, 219.559, 737.7, Values: 0, ∞-, test05(org.apache.commons.math.analysis.solvers.BrentSolver_ESTest): function values at endpoints do not have different signs.  Endpoints: -846.667, 806.085, Values: 1, 0.965-]|
[INFO ] fr.inria.main.evolution.AstorMain.run(AstorMain.java:397) - Time Total(s): 7286.558


Node: graphene-101.nancy.grid5000.fr


Date: Tue Jan 17 23:34:08 CET 2017

removed classes 

zipped 

copied zip 


