seed AstorRun 18 
export PATH="/home/mmartinez/defects4j/framework/bin:$PATH";export JAVA_TOOL_OPTIONS=-Dfile.encoding=UTF8;export PATH="/usr/lib/jvm/java-1.7.0-openjdk-amd64/bin/:$PATH";cd /home/mmartinez/projects/math/math_23;defects4j compile;cp -r /home/mmartinez/projects/math/math_23 /tmp/math_23_Genprog_local_s1;cd /tmp/math_23_Genprog_local_s1;mkdir lib/;cp -r /home/mmartinez/defects4j/framework/projects/lib/* lib/;cp -r /home/mmartinez/defects4j/framework/projects/Math/lib/* lib/;find . -type f -name "package-info.java" -delete;
/home/mmartinez/defects4j-repair/src/python/core/../../../results/2016-june/Math/seed/18/package/23/Genprog/result
cd /tmp/math_23_Genprog_local_s1;export JAVA_TOOL_OPTIONS=-Dfile.encoding=UTF8;TZ="America/New_York"; export TZexport PATH="/usr/lib/jvm/java-1.7.0-openjdk-amd64/bin/:$PATH";time /home/mmartinez/jdk1.8.0_45/bin//java -Xmx4096m -cp /home/mmartinez/defects4j-repair/src/python/core/../../..//libs/astor.jar fr.inria.main.evolution.MainjGenProg -mode statement -location . -id Math -dependencies lib/ -failing org.apache.commons.math3.optimization.univariate.BrentOptimizerTest: -package org.apache.commons -jvm4testexecution /usr/lib/jvm/java-1.7.0-openjdk-amd64/bin/ -jvm4evosuitetestexecution /home/mmartinez/jdk1.8.0_45/bin/ -javacompliancelevel 5 -maxgen 1000000 -seed 18 -scope package -maxtime 120  -stopfirst false -population 1 -srcjavafolder src/main/java/ -srctestfolder src/test/java/ -binjavafolder target/classes/ -bintestfolder target/test-classes/ -flthreshold 0.1  -validation  fr.inria.astor.core.validation.validators.RegressionValidation  -ESParameters -Dassertion_timeout=1800:-Dminimization_timeout=1800:-Djunit_check_timeout=1800:-Dwrite_junit_timeout=300:-Dinitialization_timeout=300:-Dglobal_timeout=18000:-Dsearch_budget=100000:-Dstopping_condition=MaxStatements:-Dno_runtime_dependency=true:-Dsandbox=false:-Dp_reflection_on_private=0.0:-Dreflection_start_percent=1.0:-Dp_functional_mocking=0.0:-Dfunctional_mocking_percent=1.0:-mem=2000 -ignoredtestcases org.apache.commons.lang.LocaleUtilsTest  -excludeRegression  -maxgen 100000000 ;echo "

Node: `hostname`
";echo "
Date: `date`
"; find /tmp/math_23_Genprog_local_s1/outputMutation -name "*.class" -type f -delete;echo "removed classes 
"; find . -name bin  -type d -print0|xargs -0 rm -r --; zip -r -q out.zip /tmp/math_23_Genprog_local_s1/outputMutation; echo "zipped 
";cp out.zip /home/mmartinez/defects4j-repair/src/python/core/../../../results/2016-june/Math/seed/18/package/23/Genprog; echo "copied zip 
";rm -rf /tmp/math_23_Genprog_local_s1;

[DEBUG] fr.inria.astor.core.loop.AstorCoreEngine.showResults(AstorCoreEngine.java:136) - End Repair Loops: Found solution
[DEBUG] fr.inria.astor.core.loop.AstorCoreEngine.showResults(AstorCoreEngine.java:137) - Solution stored at: /tmp/math_23_Genprog_local_s1/./outputMutation/AstorMain-Math//src/
[DEBUG] fr.inria.astor.core.loop.AstorCoreEngine.showResults(AstorCoreEngine.java:142) - 
Number solutions:7
[DEBUG] fr.inria.astor.core.loop.AstorCoreEngine.showResults(AstorCoreEngine.java:144) - f (sol): 8.0, [Variant id: 284 (SOL) , #gens: 111, #ops: 1, parent:283]
[DEBUG] fr.inria.astor.core.loop.AstorCoreEngine.showResults(AstorCoreEngine.java:144) - f (sol): 5.0, [Variant id: 930 (SOL) , #gens: 112, #ops: 1, parent:929]
[DEBUG] fr.inria.astor.core.loop.AstorCoreEngine.showResults(AstorCoreEngine.java:144) - f (sol): 7.0, [Variant id: 1652 (SOL) , #gens: 111, #ops: 1, parent:1651]
[DEBUG] fr.inria.astor.core.loop.AstorCoreEngine.showResults(AstorCoreEngine.java:144) - f (sol): 8.0, [Variant id: 1878 (SOL) , #gens: 111, #ops: 1, parent:1877]
[DEBUG] fr.inria.astor.core.loop.AstorCoreEngine.showResults(AstorCoreEngine.java:144) - f (sol): 6.0, [Variant id: 2484 (SOL) , #gens: 111, #ops: 1, parent:2483]
[DEBUG] fr.inria.astor.core.loop.AstorCoreEngine.showResults(AstorCoreEngine.java:144) - f (sol): 5.0, [Variant id: 2564 (SOL) , #gens: 112, #ops: 1, parent:2563]
[DEBUG] fr.inria.astor.core.loop.AstorCoreEngine.showResults(AstorCoreEngine.java:144) - f (sol): 8.0, [Variant id: 2904 (SOL) , #gens: 111, #ops: 1, parent:2903]
[DEBUG] fr.inria.astor.core.loop.AstorCoreEngine.showResults(AstorCoreEngine.java:146) - 
All variants:
[DEBUG] fr.inria.astor.core.loop.AstorCoreEngine.showResults(AstorCoreEngine.java:148) - f 1.0, [Variant id: 3181, #gens: 111, #ops: 0, parent:-]
[INFO ] fr.inria.astor.core.loop.AstorCoreEngine.showResults(AstorCoreEngine.java:152) - 
Solution details
[INFO ] fr.inria.astor.core.loop.AstorCoreEngine.showResults(AstorCoreEngine.java:153) - 
 --SOLUTIONS DESCRIPTION--

 ----
ProgramVariant 284
 
time(sec)= 709
operation: ReplaceOp
location= org.apache.commons.math3.analysis.function.StepFunction
line= 99
lineSuspiciousness= 0.316
original statement= return fx
fixed statement= return org.apache.commons.math3.util.FastMath.log(x)
generation= 142
ingredientScope= PACKAGE
validation=
failing: |true|0|10|[]|
manual_regression: |false|3|4031|[testSomeValues(org.apache.commons.math3.analysis.function.StepFunctionTest): expected:<4.0> but was:<NaN>-, testEndpointBehavior(org.apache.commons.math3.analysis.function.StepFunctionTest): expected:<1.0> but was:<-Infinity>-, testHeaviside(org.apache.commons.math3.analysis.function.StepFunctionTest): expected:<0.0> but was:<NaN>-]|
evo_regression: |false|5|11|[test01(org.apache.commons.math3.analysis.function.StepFunction_ESTest): expected:<1269.5> but was:<44.01455323039133>-, test00(org.apache.commons.math3.analysis.function.StepFunction_ESTest): expected:<2693.341> but was:<7.898537709377633>-, test04(org.apache.commons.math3.analysis.function.StepFunction_ESTest): expected:<0.0> but was:<NaN>-, test03(org.apache.commons.math3.analysis.function.StepFunction_ESTest): expected:<1.0> but was:<0.0>-, test02(org.apache.commons.math3.analysis.function.StepFunction_ESTest): expected:<-384.95435919> but was:<-Infinity>-]|
 ----
ProgramVariant 930
 
time(sec)= 2256
operation: InsertAfterOp
location= org.apache.commons.math3.analysis.function.StepFunction
line= 89
lineSuspiciousness= 0.316
original statement= fx = ordinate[((-index) - 2)]
fixed statement= return org.apache.commons.math3.util.FastMath.expm1(x)
generation= 465
ingredientScope= PACKAGE
validation=
failing: |true|0|10|[]|
manual_regression: |false|3|4031|[testSomeValues(org.apache.commons.math3.analysis.function.StepFunctionTest): expected:<-1.0> but was:<-0.32967995396436073>-, testEndpointBehavior(org.apache.commons.math3.analysis.function.StepFunctionTest): expected:<1.0> but was:<0.0>-, testHeaviside(org.apache.commons.math3.analysis.function.StepFunctionTest): expected:<0.0> but was:<-4.9E-324>-]|
evo_regression: |false|2|11|[test01(org.apache.commons.math3.analysis.function.StepFunction_ESTest): expected:<1269.5> but was:<Infinity>-, test02(org.apache.commons.math3.analysis.function.StepFunction_ESTest): expected:<-384.95435919> but was:<0.0>-]|
 ----
ProgramVariant 1652
 
time(sec)= 3682
operation: ReplaceOp
location= org.apache.commons.math3.analysis.function.StepFunction
line= 99
lineSuspiciousness= 0.316
original statement= return fx
fixed statement= return org.apache.commons.math3.util.FastMath.cbrt(x)
generation= 826
ingredientScope= PACKAGE
validation=
failing: |true|0|10|[]|
manual_regression: |false|3|4031|[testSomeValues(org.apache.commons.math3.analysis.function.StepFunctionTest): expected:<4.0> but was:<-Infinity>-, testEndpointBehavior(org.apache.commons.math3.analysis.function.StepFunctionTest): expected:<1.0> but was:<0.0>-, testHeaviside(org.apache.commons.math3.analysis.function.StepFunctionTest): expected:<0.0> but was:<-Infinity>-]|
evo_regression: |false|4|11|[test01(org.apache.commons.math3.analysis.function.StepFunction_ESTest): expected:<1269.5> but was:<2353743.8437991156>-, test00(org.apache.commons.math3.analysis.function.StepFunction_ESTest): expected:<2693.341> but was:<13.91330954357017>-, test04(org.apache.commons.math3.analysis.function.StepFunction_ESTest): expected:<0.0> but was:<-16.915300050318642>-, test02(org.apache.commons.math3.analysis.function.StepFunction_ESTest): expected:<-384.95435919> but was:<0.0>-]|
 ----
ProgramVariant 1878
 
time(sec)= 4380
operation: ReplaceOp
location= org.apache.commons.math3.analysis.function.StepFunction
line= 99
lineSuspiciousness= 0.316
original statement= return fx
fixed statement= return org.apache.commons.math3.util.FastMath.atan(x)
generation= 939
ingredientScope= PACKAGE
validation=
failing: |true|0|10|[]|
manual_regression: |false|3|4031|[testSomeValues(org.apache.commons.math3.analysis.function.StepFunctionTest): expected:<4.0> but was:<-1.5707963267948966>-, testEndpointBehavior(org.apache.commons.math3.analysis.function.StepFunctionTest): expected:<1.0> but was:<0.0>-, testHeaviside(org.apache.commons.math3.analysis.function.StepFunctionTest): expected:<0.0> but was:<-1.5707963267948966>-]|
evo_regression: |false|5|11|[test01(org.apache.commons.math3.analysis.function.StepFunction_ESTest): expected:<1269.5> but was:<1.5707963267948966>-, test00(org.apache.commons.math3.analysis.function.StepFunction_ESTest): expected:<2693.341> but was:<1.5704250407401235>-, test04(org.apache.commons.math3.analysis.function.StepFunction_ESTest): expected:<0.0> but was:<-1.5705897122570411>-, test03(org.apache.commons.math3.analysis.function.StepFunction_ESTest): expected:<1.0> but was:<0.7853981633974483>-, test02(org.apache.commons.math3.analysis.function.StepFunction_ESTest): expected:<-384.95435919> but was:<0.0>-]|
 ----
ProgramVariant 2484
 
time(sec)= 5383
operation: ReplaceOp
location= org.apache.commons.math3.analysis.function.StepFunction
line= 99
lineSuspiciousness= 0.316
original statement= return fx
fixed statement= return x
generation= 1242
ingredientScope= PACKAGE
validation=
failing: |true|0|10|[]|
manual_regression: |false|3|4031|[testSomeValues(org.apache.commons.math3.analysis.function.StepFunctionTest): expected:<4.0> but was:<-Infinity>-, testEndpointBehavior(org.apache.commons.math3.analysis.function.StepFunctionTest): expected:<1.0> but was:<0.0>-, testHeaviside(org.apache.commons.math3.analysis.function.StepFunctionTest): expected:<0.0> but was:<-Infinity>-]|
evo_regression: |false|3|11|[test01(org.apache.commons.math3.analysis.function.StepFunction_ESTest): expected:<1269.5> but was:<1.304E19>-, test04(org.apache.commons.math3.analysis.function.StepFunction_ESTest): expected:<0.0> but was:<-4839.9304141372>-, test02(org.apache.commons.math3.analysis.function.StepFunction_ESTest): expected:<-384.95435919> but was:<0.0>-]|
 ----
ProgramVariant 2564
 
time(sec)= 5702
operation: InsertAfterOp
location= org.apache.commons.math3.analysis.function.StepFunction
line= 89
lineSuspiciousness= 0.316
original statement= fx = ordinate[((-index) - 2)]
fixed statement= return org.apache.commons.math3.util.FastMath.floor(x)
generation= 1282
ingredientScope= PACKAGE
validation=
failing: |true|0|10|[]|
manual_regression: |false|3|4031|[testSomeValues(org.apache.commons.math3.analysis.function.StepFunctionTest): expected:<0.4> but was:<2.0>-, testEndpointBehavior(org.apache.commons.math3.analysis.function.StepFunctionTest): expected:<1.0> but was:<0.0>-, testHeaviside(org.apache.commons.math3.analysis.function.StepFunctionTest): expected:<0.0> but was:<-1.0>-]|
evo_regression: |false|2|11|[test01(org.apache.commons.math3.analysis.function.StepFunction_ESTest): expected:<1269.5> but was:<1.304E19>-, test02(org.apache.commons.math3.analysis.function.StepFunction_ESTest): expected:<-384.95435919> but was:<0.0>-]|
 ----
ProgramVariant 2904
 
time(sec)= 6717
operation: ReplaceOp
location= org.apache.commons.math3.analysis.function.StepFunction
line= 99
lineSuspiciousness= 0.316
original statement= return fx
fixed statement= return org.apache.commons.math3.util.FastMath.cosh(x)
generation= 1452
ingredientScope= PACKAGE
validation=
failing: |true|0|10|[]|
manual_regression: |false|3|4031|[testSomeValues(org.apache.commons.math3.analysis.function.StepFunctionTest): expected:<4.0> but was:<Infinity>-, testEndpointBehavior(org.apache.commons.math3.analysis.function.StepFunctionTest): expected:<1.0> but was:<1.1276259652063807>-, testHeaviside(org.apache.commons.math3.analysis.function.StepFunctionTest): expected:<0.0> but was:<Infinity>-]|
evo_regression: |false|5|11|[test01(org.apache.commons.math3.analysis.function.StepFunction_ESTest): expected:<1269.5> but was:<Infinity>-, test00(org.apache.commons.math3.analysis.function.StepFunction_ESTest): expected:<2693.341> but was:<Infinity>-, test04(org.apache.commons.math3.analysis.function.StepFunction_ESTest): expected:<0.0> but was:<Infinity>-, test03(org.apache.commons.math3.analysis.function.StepFunction_ESTest): expected:<1.0> but was:<1.5430806348152437>-, test02(org.apache.commons.math3.analysis.function.StepFunction_ESTest): expected:<-384.95435919> but was:<1.0>-]|
[INFO ] fr.inria.main.evolution.AstorMain.run(AstorMain.java:397) - Time Total(s): 7840.497


Node: graphene-32.nancy.grid5000.fr


Date: Thu Jan 19 01:33:31 CET 2017

removed classes 

zipped 

copied zip 


