seed AstorRun 29 
export PATH="/home/mmartinez/defects4j/framework/bin:$PATH";export JAVA_TOOL_OPTIONS=-Dfile.encoding=UTF8;export PATH="/usr/lib/jvm/java-1.7.0-openjdk-amd64/bin/:$PATH";cd /home/mmartinez/projects/time/time_4;defects4j compile;cp -r /home/mmartinez/projects/time/time_4 /tmp/time_4_Genprog_local_s1;cd /tmp/time_4_Genprog_local_s1;mkdir lib/;cp -r /home/mmartinez/defects4j/framework/projects/lib/* lib/;cp -r /home/mmartinez/defects4j/framework/projects/Time/lib/* lib/;find . -type f -name "package-info.java" -delete;
/home/mmartinez/defects4j-repair/src/python/core/../../../results/2016-june/Time/seed/29/package/4/Genprog/result
cd /tmp/time_4_Genprog_local_s1;export JAVA_TOOL_OPTIONS=-Dfile.encoding=UTF8;TZ="America/New_York"; export TZexport PATH="/usr/lib/jvm/java-1.7.0-openjdk-amd64/bin/:$PATH";time /home/mmartinez/jdk1.8.0_45/bin//java -Xmx4096m -cp /home/mmartinez/defects4j-repair/src/python/core/../../..//libs/astor.jar fr.inria.main.evolution.MainjGenProg -mode statement -location . -id Time -dependencies lib/ -failing org.joda.time.TestPartial_Basics: -package org.joda -jvm4testexecution /usr/lib/jvm/java-1.7.0-openjdk-amd64/bin/ -jvm4evosuitetestexecution /home/mmartinez/jdk1.8.0_45/bin/ -javacompliancelevel 5 -maxgen 1000000 -seed 29 -scope package -maxtime 120  -stopfirst false -population 1 -srcjavafolder src/main/java/ -srctestfolder src/test/java/ -binjavafolder target/classes/ -bintestfolder target/test-classes/ -flthreshold 0.1  -validation  fr.inria.astor.core.validation.validators.RegressionValidation  -ESParameters -Dassertion_timeout=1800:-Dminimization_timeout=1800:-Djunit_check_timeout=1800:-Dwrite_junit_timeout=300:-Dinitialization_timeout=300:-Dglobal_timeout=18000:-Dsearch_budget=100000:-Dstopping_condition=MaxStatements:-Dno_runtime_dependency=true:-Dsandbox=false:-Dp_reflection_on_private=0.0:-Dreflection_start_percent=1.0:-Dp_functional_mocking=0.0:-Dfunctional_mocking_percent=1.0:-mem=2000 -testbystep  -ignoredtestcases org.apache.commons.lang.LocaleUtilsTest  -excludeRegression  -maxgen 100000000 ;echo "

Node: `hostname`
";echo "
Date: `date`
"; find /tmp/time_4_Genprog_local_s1/outputMutation -name "*.class" -type f -delete;echo "removed classes 
"; find . -name bin  -type d -print0|xargs -0 rm -r --; zip -r -q out.zip /tmp/time_4_Genprog_local_s1/outputMutation; echo "zipped 
";cp out.zip /home/mmartinez/defects4j-repair/src/python/core/../../../results/2016-june/Time/seed/29/package/4/Genprog; echo "copied zip 
";rm -rf /tmp/time_4_Genprog_local_s1;

[DEBUG] fr.inria.astor.core.loop.AstorCoreEngine.showResults(AstorCoreEngine.java:136) - End Repair Loops: Found solution
[DEBUG] fr.inria.astor.core.loop.AstorCoreEngine.showResults(AstorCoreEngine.java:137) - Solution stored at: /tmp/time_4_Genprog_local_s1/./outputMutation/AstorMain-Time//src/
[DEBUG] fr.inria.astor.core.loop.AstorCoreEngine.showResults(AstorCoreEngine.java:142) - 
Number solutions:16
[DEBUG] fr.inria.astor.core.loop.AstorCoreEngine.showResults(AstorCoreEngine.java:144) - f (sol): 2.0, [Variant id: 16 (SOL) , #gens: 36, #ops: 1, parent:15]
[DEBUG] fr.inria.astor.core.loop.AstorCoreEngine.showResults(AstorCoreEngine.java:144) - f (sol): 2.0, [Variant id: 472 (SOL) , #gens: 36, #ops: 1, parent:471]
[DEBUG] fr.inria.astor.core.loop.AstorCoreEngine.showResults(AstorCoreEngine.java:144) - f (sol): 2.0, [Variant id: 500 (SOL) , #gens: 36, #ops: 1, parent:499]
[DEBUG] fr.inria.astor.core.loop.AstorCoreEngine.showResults(AstorCoreEngine.java:144) - f (sol): 2.0, [Variant id: 512 (SOL) , #gens: 36, #ops: 1, parent:511]
[DEBUG] fr.inria.astor.core.loop.AstorCoreEngine.showResults(AstorCoreEngine.java:144) - f (sol): 39.0, [Variant id: 528 (SOL) , #gens: 36, #ops: 1, parent:527]
[DEBUG] fr.inria.astor.core.loop.AstorCoreEngine.showResults(AstorCoreEngine.java:144) - f (sol): 2.0, [Variant id: 882 (SOL) , #gens: 36, #ops: 1, parent:881]
[DEBUG] fr.inria.astor.core.loop.AstorCoreEngine.showResults(AstorCoreEngine.java:144) - f (sol): 2.0, [Variant id: 1156 (SOL) , #gens: 36, #ops: 1, parent:1155]
[DEBUG] fr.inria.astor.core.loop.AstorCoreEngine.showResults(AstorCoreEngine.java:144) - f (sol): 2.0, [Variant id: 1604 (SOL) , #gens: 36, #ops: 1, parent:1603]
[DEBUG] fr.inria.astor.core.loop.AstorCoreEngine.showResults(AstorCoreEngine.java:144) - f (sol): 2.0, [Variant id: 3514 (SOL) , #gens: 36, #ops: 1, parent:3513]
[DEBUG] fr.inria.astor.core.loop.AstorCoreEngine.showResults(AstorCoreEngine.java:144) - f (sol): 2.0, [Variant id: 4082 (SOL) , #gens: 36, #ops: 1, parent:4081]
[DEBUG] fr.inria.astor.core.loop.AstorCoreEngine.showResults(AstorCoreEngine.java:144) - f (sol): 39.0, [Variant id: 4120 (SOL) , #gens: 36, #ops: 1, parent:4119]
[DEBUG] fr.inria.astor.core.loop.AstorCoreEngine.showResults(AstorCoreEngine.java:144) - f (sol): 2.0, [Variant id: 4304 (SOL) , #gens: 36, #ops: 1, parent:4303]
[DEBUG] fr.inria.astor.core.loop.AstorCoreEngine.showResults(AstorCoreEngine.java:144) - f (sol): 39.0, [Variant id: 4574 (SOL) , #gens: 36, #ops: 1, parent:4573]
[DEBUG] fr.inria.astor.core.loop.AstorCoreEngine.showResults(AstorCoreEngine.java:144) - f (sol): 38.0, [Variant id: 5202 (SOL) , #gens: 36, #ops: 1, parent:5201]
[DEBUG] fr.inria.astor.core.loop.AstorCoreEngine.showResults(AstorCoreEngine.java:144) - f (sol): 39.0, [Variant id: 5362 (SOL) , #gens: 36, #ops: 1, parent:5361]
[DEBUG] fr.inria.astor.core.loop.AstorCoreEngine.showResults(AstorCoreEngine.java:144) - f (sol): 37.0, [Variant id: 7024 (SOL) , #gens: 36, #ops: 1, parent:7023]
[DEBUG] fr.inria.astor.core.loop.AstorCoreEngine.showResults(AstorCoreEngine.java:146) - 
All variants:
[DEBUG] fr.inria.astor.core.loop.AstorCoreEngine.showResults(AstorCoreEngine.java:148) - f 1.0, [Variant id: 18687, #gens: 36, #ops: 0, parent:-]
[INFO ] fr.inria.astor.core.loop.AstorCoreEngine.showResults(AstorCoreEngine.java:152) - 
Solution details
[INFO ] fr.inria.astor.core.loop.AstorCoreEngine.showResults(AstorCoreEngine.java:153) - 
 --SOLUTIONS DESCRIPTION--

 ----
ProgramVariant 16
 
time(sec)= 186
operation: ReplaceOp
location= org.joda.time.field.ZeroIsMaxDateTimeField
line= 111
lineSuspiciousness= 0.866
original statement= return 1
fixed statement= return (getWrappedField().getMaximumValue()) + 1
generation= 8
ingredientScope= LOCAL
validation=
failing: |true|0|69|[]|
manual_regression: |false|1|12047|[warning(junit.framework.TestSuite$1): Class org.joda.time.chrono.gj.MainTest has no public constructor TestCase(String name) or TestCase()-]|
evo_regression: |false|1|55|[test46(org.joda.time.field.ZeroIsMaxDateTimeField_ESTest): expected:<1> but was:<60>-]|
 ----
ProgramVariant 472
 
time(sec)= 474
operation: ReplaceOp
location= org.joda.time.field.ZeroIsMaxDateTimeField
line= 178
lineSuspiciousness= 0.866
original statement= return (getWrappedField().getMaximumValue(instant, values)) + 1
fixed statement= return 0
generation= 236
ingredientScope= PACKAGE
validation=
failing: |true|0|69|[]|
manual_regression: |false|1|12047|[warning(junit.framework.TestSuite$1): Class org.joda.time.chrono.gj.MainTest has no public constructor TestCase(String name) or TestCase()-]|
evo_regression: |false|1|55|[test53(org.joda.time.field.ZeroIsMaxDateTimeField_ESTest): expected:<1440> but was:<0>-]|
 ----
ProgramVariant 500
 
time(sec)= 603
operation: ReplaceOp
location= org.joda.time.field.ZeroIsMaxDateTimeField
line= 178
lineSuspiciousness= 0.866
original statement= return (getWrappedField().getMaximumValue(instant, values)) + 1
fixed statement= return 2
generation= 250
ingredientScope= PACKAGE
validation=
failing: |true|0|69|[]|
manual_regression: |false|1|12047|[warning(junit.framework.TestSuite$1): Class org.joda.time.chrono.gj.MainTest has no public constructor TestCase(String name) or TestCase()-]|
evo_regression: |false|1|55|[test53(org.joda.time.field.ZeroIsMaxDateTimeField_ESTest): expected:<1440> but was:<2>-]|
 ----
ProgramVariant 512
 
time(sec)= 723
operation: ReplaceOp
location= org.joda.time.field.ZeroIsMaxDateTimeField
line= 111
lineSuspiciousness= 0.866
original statement= return 1
fixed statement= return getName().hashCode()
generation= 256
ingredientScope= PACKAGE
validation=
failing: |true|0|69|[]|
manual_regression: |false|1|12047|[warning(junit.framework.TestSuite$1): Class org.joda.time.chrono.gj.MainTest has no public constructor TestCase(String name) or TestCase()-]|
evo_regression: |false|1|55|[test46(org.joda.time.field.ZeroIsMaxDateTimeField_ESTest): expected:<1> but was:<-1867356273>-]|
 ----
ProgramVariant 528
 
time(sec)= 845
operation: ReplaceOp
location= org.joda.time.field.ZeroIsMaxDateTimeField
line= 148
lineSuspiciousness= 0.274
original statement= return (getWrappedField().getMaximumValue()) + 1
fixed statement= return 0
generation= 264
ingredientScope= PACKAGE
validation=
failing: |true|0|69|[]|
manual_regression: |false|34|12047|[testGet_DateTimeFieldType(org.joda.time.TestInstant_Basics): expected:<24> but was:<0>-, testGet_DateTimeField(org.joda.time.TestDateMidnight_Basics): expected:<24> but was:<0>-, testGet_DateTimeFieldType(org.joda.time.TestDateMidnight_Basics): expected:<24> but was:<0>-, testGet_DateTimeFieldType(org.joda.time.TestLocalDateTime_Basics): expected:<12> but was:<0>-, testGet_DateTimeFieldType(org.joda.time.TestLocalTime_Basics): expected:<12> but was:<0>-, testGet_DateTimeFieldType(org.joda.time.TestInstant_Basics): expected:<24> but was:<0>-, testGet_DateTimeField(org.joda.time.TestDateMidnight_Basics): expected:<24> but was:<0>-, testGet_DateTimeFieldType(org.joda.time.TestDateMidnight_Basics): expected:<24> but was:<0>-, testGet_DateTimeFieldType(org.joda.time.TestLocalDateTime_Basics): expected:<12> but was:<0>-, testGet_DateTimeFieldType(org.joda.time.TestLocalTime_Basics): expected:<12> but was:<0>-, testFormatParse_textHalfdayAM_UK(org.joda.time.format.TestDateTimeFormat): Cannot parse "$06-PM-2007": Value 6 for clockhourOfHalfday must be in the range 1, 0-, testFormatParse_textHalfdayAM_France(org.joda.time.format.TestDateTimeFormat): Cannot parse "$06-PM-2007": Value 6 for clockhourOfHalfday must be in the range 1, 0-, testFormat_clockhourOfHalfday(org.joda.time.format.TestDateTimeFormat): 2004-06-09T00:00:00.000Z expected:<12> but was:<0>-, testFormat_clockhourOfDay(org.joda.time.format.TestDateTimeFormat): 2004-06-09T00:00:00.000Z expected:<24> but was:<0>-, testGet_DateTimeField(org.joda.time.TestDateMidnight_Basics): expected:<24> but was:<0>-, testGet_DateTimeFieldType(org.joda.time.TestDateMidnight_Basics): expected:<24> but was:<0>-, testGet_DateTimeFieldType(org.joda.time.TestInstant_Basics): expected:<24> but was:<0>-, testGet_DateTimeFieldType(org.joda.time.TestLocalDateTime_Basics): expected:<12> but was:<0>-, testGet_DateTimeFieldType(org.joda.time.TestLocalTime_Basics): expected:<12> but was:<0>-, warning(junit.framework.TestSuite$1): Class org.joda.time.chrono.gj.MainTest has no public constructor TestCase(String name) or TestCase()-, testFormatParse_textHalfdayAM_UK(org.joda.time.format.TestDateTimeFormat): Cannot parse "$06-PM-2007": Value 6 for clockhourOfHalfday must be in the range 1, 0-, testFormatParse_textHalfdayAM_France(org.joda.time.format.TestDateTimeFormat): Cannot parse "$06-PM-2007": Value 6 for clockhourOfHalfday must be in the range 1, 0-, testFormat_clockhourOfHalfday(org.joda.time.format.TestDateTimeFormat): 2004-06-09T00:00:00.000Z expected:<12> but was:<0>-, testFormat_clockhourOfDay(org.joda.time.format.TestDateTimeFormat): 2004-06-09T00:00:00.000Z expected:<24> but was:<0>-, testFormatParse_textHalfdayAM_UK(org.joda.time.format.TestDateTimeFormat): Cannot parse "$06-PM-2007": Value 6 for clockhourOfHalfday must be in the range 1, 0-, testFormatParse_textHalfdayAM_France(org.joda.time.format.TestDateTimeFormat): Cannot parse "$06-PM-2007": Value 6 for clockhourOfHalfday must be in the range 1, 0-, testFormat_clockhourOfHalfday(org.joda.time.format.TestDateTimeFormat): 2004-06-09T00:00:00.000Z expected:<12> but was:<0>-, testFormat_clockhourOfDay(org.joda.time.format.TestDateTimeFormat): 2004-06-09T00:00:00.000Z expected:<24> but was:<0>-]|
evo_regression: |false|5|55|[test28(org.joda.time.field.ZeroIsMaxDateTimeField_ESTest): Value 60 for centuryOfEra must be in the range 1, 0-, test29(org.joda.time.field.ZeroIsMaxDateTimeField_ESTest): expected:<2> but was:<0>-, test01(org.joda.time.field.ZeroIsMaxDateTimeField_ESTest): Value 86400000 for minuteOfHour must be in the range 1, 0-, test48(org.joda.time.field.ZeroIsMaxDateTimeField_ESTest): expected:<1440> but was:<0>-, test02(org.joda.time.field.ZeroIsMaxDateTimeField_ESTest): Value 1 for era must be in the range 1, 0-]|
 ----
ProgramVariant 882
 
time(sec)= 1083
operation: ReplaceOp
location= org.joda.time.field.ZeroIsMaxDateTimeField
line= 178
lineSuspiciousness= 0.866
original statement= return (getWrappedField().getMaximumValue(instant, values)) + 1
fixed statement= return 3
generation= 441
ingredientScope= PACKAGE
validation=
failing: |true|0|69|[]|
manual_regression: |false|1|12047|[warning(junit.framework.TestSuite$1): Class org.joda.time.chrono.gj.MainTest has no public constructor TestCase(String name) or TestCase()-]|
evo_regression: |false|1|55|[test53(org.joda.time.field.ZeroIsMaxDateTimeField_ESTest): expected:<1440> but was:<3>-]|
 ----
ProgramVariant 1156
 
time(sec)= 1290
operation: ReplaceOp
location= org.joda.time.field.ZeroIsMaxDateTimeField
line= 178
lineSuspiciousness= 0.866
original statement= return (getWrappedField().getMaximumValue(instant, values)) + 1
fixed statement= return -1
generation= 578
ingredientScope= PACKAGE
validation=
failing: |true|0|69|[]|
manual_regression: |false|1|12047|[warning(junit.framework.TestSuite$1): Class org.joda.time.chrono.gj.MainTest has no public constructor TestCase(String name) or TestCase()-]|
evo_regression: |false|1|55|[test53(org.joda.time.field.ZeroIsMaxDateTimeField_ESTest): expected:<1440> but was:<-1>-]|
 ----
ProgramVariant 1604
 
time(sec)= 1543
operation: ReplaceOp
location= org.joda.time.field.ZeroIsMaxDateTimeField
line= 111
lineSuspiciousness= 0.866
original statement= return 1
fixed statement= return getMaximumValue()
generation= 802
ingredientScope= PACKAGE
validation=
failing: |true|0|69|[]|
manual_regression: |false|1|12047|[warning(junit.framework.TestSuite$1): Class org.joda.time.chrono.gj.MainTest has no public constructor TestCase(String name) or TestCase()-]|
evo_regression: |false|1|55|[test46(org.joda.time.field.ZeroIsMaxDateTimeField_ESTest): expected:<1> but was:<60>-]|
 ----
ProgramVariant 3514
 
time(sec)= 2286
operation: ReplaceOp
location= org.joda.time.field.ZeroIsMaxDateTimeField
line= 178
lineSuspiciousness= 0.866
original statement= return (getWrappedField().getMaximumValue(instant, values)) + 1
fixed statement= return 1
generation= 1757
ingredientScope= PACKAGE
validation=
failing: |true|0|69|[]|
manual_regression: |false|1|12047|[warning(junit.framework.TestSuite$1): Class org.joda.time.chrono.gj.MainTest has no public constructor TestCase(String name) or TestCase()-]|
evo_regression: |false|1|55|[test53(org.joda.time.field.ZeroIsMaxDateTimeField_ESTest): expected:<1440> but was:<1>-]|
 ----
ProgramVariant 4082
 
time(sec)= 2568
operation: ReplaceOp
location= org.joda.time.field.ZeroIsMaxDateTimeField
line= 178
lineSuspiciousness= 0.866
original statement= return (getWrappedField().getMaximumValue(instant, values)) + 1
fixed statement= return getMinimumValue()
generation= 2041
ingredientScope= PACKAGE
validation=
failing: |true|0|69|[]|
manual_regression: |false|1|12047|[warning(junit.framework.TestSuite$1): Class org.joda.time.chrono.gj.MainTest has no public constructor TestCase(String name) or TestCase()-]|
evo_regression: |false|1|55|[test53(org.joda.time.field.ZeroIsMaxDateTimeField_ESTest): expected:<1440> but was:<1>-]|
 ----
ProgramVariant 4120
 
time(sec)= 2698
operation: ReplaceOp
location= org.joda.time.field.ZeroIsMaxDateTimeField
line= 148
lineSuspiciousness= 0.274
original statement= return (getWrappedField().getMaximumValue()) + 1
fixed statement= return getMinimumValue()
generation= 2060
ingredientScope= PACKAGE
validation=
failing: |true|0|69|[]|
manual_regression: |false|34|12047|[testGet_DateTimeFieldType(org.joda.time.TestInstant_Basics): expected:<24> but was:<1>-, testGet_DateTimeField(org.joda.time.TestDateMidnight_Basics): expected:<24> but was:<1>-, testGet_DateTimeFieldType(org.joda.time.TestDateMidnight_Basics): expected:<24> but was:<1>-, testGet_DateTimeFieldType(org.joda.time.TestLocalDateTime_Basics): expected:<12> but was:<1>-, testGet_DateTimeFieldType(org.joda.time.TestLocalTime_Basics): expected:<12> but was:<1>-, testGet_DateTimeFieldType(org.joda.time.TestInstant_Basics): expected:<24> but was:<1>-, testGet_DateTimeField(org.joda.time.TestDateMidnight_Basics): expected:<24> but was:<1>-, testGet_DateTimeFieldType(org.joda.time.TestDateMidnight_Basics): expected:<24> but was:<1>-, testGet_DateTimeFieldType(org.joda.time.TestLocalDateTime_Basics): expected:<12> but was:<1>-, testGet_DateTimeFieldType(org.joda.time.TestLocalTime_Basics): expected:<12> but was:<1>-, testFormatParse_textHalfdayAM_UK(org.joda.time.format.TestDateTimeFormat): Cannot parse "$06-PM-2007": Value 6 for clockhourOfHalfday must be in the range 1, 1-, testFormatParse_textHalfdayAM_France(org.joda.time.format.TestDateTimeFormat): Cannot parse "$06-PM-2007": Value 6 for clockhourOfHalfday must be in the range 1, 1-, testFormat_clockhourOfHalfday(org.joda.time.format.TestDateTimeFormat): 2004-06-09T00:00:00.000Z expected:<12> but was:<1>-, testFormat_clockhourOfDay(org.joda.time.format.TestDateTimeFormat): 2004-06-09T00:00:00.000Z expected:<24> but was:<1>-, testGet_DateTimeField(org.joda.time.TestDateMidnight_Basics): expected:<24> but was:<1>-, testGet_DateTimeFieldType(org.joda.time.TestDateMidnight_Basics): expected:<24> but was:<1>-, testGet_DateTimeFieldType(org.joda.time.TestInstant_Basics): expected:<24> but was:<1>-, testGet_DateTimeFieldType(org.joda.time.TestLocalDateTime_Basics): expected:<12> but was:<1>-, testGet_DateTimeFieldType(org.joda.time.TestLocalTime_Basics): expected:<12> but was:<1>-, warning(junit.framework.TestSuite$1): Class org.joda.time.chrono.gj.MainTest has no public constructor TestCase(String name) or TestCase()-, testFormatParse_textHalfdayAM_UK(org.joda.time.format.TestDateTimeFormat): Cannot parse "$06-PM-2007": Value 6 for clockhourOfHalfday must be in the range 1, 1-, testFormatParse_textHalfdayAM_France(org.joda.time.format.TestDateTimeFormat): Cannot parse "$06-PM-2007": Value 6 for clockhourOfHalfday must be in the range 1, 1-, testFormat_clockhourOfHalfday(org.joda.time.format.TestDateTimeFormat): 2004-06-09T00:00:00.000Z expected:<12> but was:<1>-, testFormat_clockhourOfDay(org.joda.time.format.TestDateTimeFormat): 2004-06-09T00:00:00.000Z expected:<24> but was:<1>-, testFormatParse_textHalfdayAM_UK(org.joda.time.format.TestDateTimeFormat): Cannot parse "$06-PM-2007": Value 6 for clockhourOfHalfday must be in the range 1, 1-, testFormatParse_textHalfdayAM_France(org.joda.time.format.TestDateTimeFormat): Cannot parse "$06-PM-2007": Value 6 for clockhourOfHalfday must be in the range 1, 1-, testFormat_clockhourOfHalfday(org.joda.time.format.TestDateTimeFormat): 2004-06-09T00:00:00.000Z expected:<12> but was:<1>-, testFormat_clockhourOfDay(org.joda.time.format.TestDateTimeFormat): 2004-06-09T00:00:00.000Z expected:<24> but was:<1>-]|
evo_regression: |false|5|55|[test28(org.joda.time.field.ZeroIsMaxDateTimeField_ESTest): Value 60 for centuryOfEra must be in the range 1, 1-, test29(org.joda.time.field.ZeroIsMaxDateTimeField_ESTest): expected:<2> but was:<1>-, test01(org.joda.time.field.ZeroIsMaxDateTimeField_ESTest): Value 86400000 for minuteOfHour must be in the range 1, 1-, test48(org.joda.time.field.ZeroIsMaxDateTimeField_ESTest): expected:<1440> but was:<1>-, test02(org.joda.time.field.ZeroIsMaxDateTimeField_ESTest): expected:<-1040> but was:<-43201040>-]|
 ----
ProgramVariant 4304
 
time(sec)= 2861
operation: ReplaceOp
location= org.joda.time.field.ZeroIsMaxDateTimeField
line= 178
lineSuspiciousness= 0.866
original statement= return (getWrappedField().getMaximumValue(instant, values)) + 1
fixed statement= return getMinimumValue(instant)
generation= 2152
ingredientScope= PACKAGE
validation=
failing: |true|0|69|[]|
manual_regression: |false|1|12047|[warning(junit.framework.TestSuite$1): Class org.joda.time.chrono.gj.MainTest has no public constructor TestCase(String name) or TestCase()-]|
evo_regression: |false|1|55|[test53(org.joda.time.field.ZeroIsMaxDateTimeField_ESTest): expected:<1440> but was:<1>-]|
 ----
ProgramVariant 4574
 
time(sec)= 3053
operation: ReplaceOp
location= org.joda.time.field.ZeroIsMaxDateTimeField
line= 148
lineSuspiciousness= 0.274
original statement= return (getWrappedField().getMaximumValue()) + 1
fixed statement= return 1
generation= 2287
ingredientScope= PACKAGE
validation=
failing: |true|0|69|[]|
manual_regression: |false|34|12047|[testGet_DateTimeFieldType(org.joda.time.TestInstant_Basics): expected:<24> but was:<1>-, testGet_DateTimeField(org.joda.time.TestDateMidnight_Basics): expected:<24> but was:<1>-, testGet_DateTimeFieldType(org.joda.time.TestDateMidnight_Basics): expected:<24> but was:<1>-, testGet_DateTimeFieldType(org.joda.time.TestLocalDateTime_Basics): expected:<12> but was:<1>-, testGet_DateTimeFieldType(org.joda.time.TestLocalTime_Basics): expected:<12> but was:<1>-, testGet_DateTimeFieldType(org.joda.time.TestInstant_Basics): expected:<24> but was:<1>-, testGet_DateTimeField(org.joda.time.TestDateMidnight_Basics): expected:<24> but was:<1>-, testGet_DateTimeFieldType(org.joda.time.TestDateMidnight_Basics): expected:<24> but was:<1>-, testGet_DateTimeFieldType(org.joda.time.TestLocalDateTime_Basics): expected:<12> but was:<1>-, testGet_DateTimeFieldType(org.joda.time.TestLocalTime_Basics): expected:<12> but was:<1>-, testFormatParse_textHalfdayAM_UK(org.joda.time.format.TestDateTimeFormat): Cannot parse "$06-PM-2007": Value 6 for clockhourOfHalfday must be in the range 1, 1-, testFormatParse_textHalfdayAM_France(org.joda.time.format.TestDateTimeFormat): Cannot parse "$06-PM-2007": Value 6 for clockhourOfHalfday must be in the range 1, 1-, testFormat_clockhourOfHalfday(org.joda.time.format.TestDateTimeFormat): 2004-06-09T00:00:00.000Z expected:<12> but was:<1>-, testFormat_clockhourOfDay(org.joda.time.format.TestDateTimeFormat): 2004-06-09T00:00:00.000Z expected:<24> but was:<1>-, testGet_DateTimeField(org.joda.time.TestDateMidnight_Basics): expected:<24> but was:<1>-, testGet_DateTimeFieldType(org.joda.time.TestDateMidnight_Basics): expected:<24> but was:<1>-, testGet_DateTimeFieldType(org.joda.time.TestInstant_Basics): expected:<24> but was:<1>-, testGet_DateTimeFieldType(org.joda.time.TestLocalDateTime_Basics): expected:<12> but was:<1>-, testGet_DateTimeFieldType(org.joda.time.TestLocalTime_Basics): expected:<12> but was:<1>-, warning(junit.framework.TestSuite$1): Class org.joda.time.chrono.gj.MainTest has no public constructor TestCase(String name) or TestCase()-, testFormatParse_textHalfdayAM_UK(org.joda.time.format.TestDateTimeFormat): Cannot parse "$06-PM-2007": Value 6 for clockhourOfHalfday must be in the range 1, 1-, testFormatParse_textHalfdayAM_France(org.joda.time.format.TestDateTimeFormat): Cannot parse "$06-PM-2007": Value 6 for clockhourOfHalfday must be in the range 1, 1-, testFormat_clockhourOfHalfday(org.joda.time.format.TestDateTimeFormat): 2004-06-09T00:00:00.000Z expected:<12> but was:<1>-, testFormat_clockhourOfDay(org.joda.time.format.TestDateTimeFormat): 2004-06-09T00:00:00.000Z expected:<24> but was:<1>-, testFormatParse_textHalfdayAM_UK(org.joda.time.format.TestDateTimeFormat): Cannot parse "$06-PM-2007": Value 6 for clockhourOfHalfday must be in the range 1, 1-, testFormatParse_textHalfdayAM_France(org.joda.time.format.TestDateTimeFormat): Cannot parse "$06-PM-2007": Value 6 for clockhourOfHalfday must be in the range 1, 1-, testFormat_clockhourOfHalfday(org.joda.time.format.TestDateTimeFormat): 2004-06-09T00:00:00.000Z expected:<12> but was:<1>-, testFormat_clockhourOfDay(org.joda.time.format.TestDateTimeFormat): 2004-06-09T00:00:00.000Z expected:<24> but was:<1>-]|
evo_regression: |false|5|55|[test28(org.joda.time.field.ZeroIsMaxDateTimeField_ESTest): Value 60 for centuryOfEra must be in the range 1, 1-, test29(org.joda.time.field.ZeroIsMaxDateTimeField_ESTest): expected:<2> but was:<1>-, test01(org.joda.time.field.ZeroIsMaxDateTimeField_ESTest): Value 86400000 for minuteOfHour must be in the range 1, 1-, test48(org.joda.time.field.ZeroIsMaxDateTimeField_ESTest): expected:<1440> but was:<1>-, test02(org.joda.time.field.ZeroIsMaxDateTimeField_ESTest): expected:<-1040> but was:<-43201040>-]|
 ----
ProgramVariant 5202
 
time(sec)= 3357
operation: ReplaceOp
location= org.joda.time.field.ZeroIsMaxDateTimeField
line= 148
lineSuspiciousness= 0.274
original statement= return (getWrappedField().getMaximumValue()) + 1
fixed statement= return 3
generation= 2601
ingredientScope= PACKAGE
validation=
failing: |true|0|69|[]|
manual_regression: |false|34|12047|[testGet_DateTimeFieldType(org.joda.time.TestInstant_Basics): expected:<24> but was:<3>-, testGet_DateTimeField(org.joda.time.TestDateMidnight_Basics): expected:<24> but was:<3>-, testGet_DateTimeFieldType(org.joda.time.TestDateMidnight_Basics): expected:<24> but was:<3>-, testGet_DateTimeFieldType(org.joda.time.TestLocalDateTime_Basics): expected:<12> but was:<3>-, testGet_DateTimeFieldType(org.joda.time.TestLocalTime_Basics): expected:<12> but was:<3>-, testGet_DateTimeFieldType(org.joda.time.TestInstant_Basics): expected:<24> but was:<3>-, testGet_DateTimeField(org.joda.time.TestDateMidnight_Basics): expected:<24> but was:<3>-, testGet_DateTimeFieldType(org.joda.time.TestDateMidnight_Basics): expected:<24> but was:<3>-, testGet_DateTimeFieldType(org.joda.time.TestLocalDateTime_Basics): expected:<12> but was:<3>-, testGet_DateTimeFieldType(org.joda.time.TestLocalTime_Basics): expected:<12> but was:<3>-, testFormatParse_textHalfdayAM_UK(org.joda.time.format.TestDateTimeFormat): Cannot parse "$06-PM-2007": Value 6 for clockhourOfHalfday must be in the range 1, 3-, testFormatParse_textHalfdayAM_France(org.joda.time.format.TestDateTimeFormat): Cannot parse "$06-PM-2007": Value 6 for clockhourOfHalfday must be in the range 1, 3-, testFormat_clockhourOfHalfday(org.joda.time.format.TestDateTimeFormat): 2004-06-09T00:00:00.000Z expected:<12> but was:<3>-, testFormat_clockhourOfDay(org.joda.time.format.TestDateTimeFormat): 2004-06-09T00:00:00.000Z expected:<24> but was:<3>-, testGet_DateTimeField(org.joda.time.TestDateMidnight_Basics): expected:<24> but was:<3>-, testGet_DateTimeFieldType(org.joda.time.TestDateMidnight_Basics): expected:<24> but was:<3>-, testGet_DateTimeFieldType(org.joda.time.TestInstant_Basics): expected:<24> but was:<3>-, testGet_DateTimeFieldType(org.joda.time.TestLocalDateTime_Basics): expected:<12> but was:<3>-, testGet_DateTimeFieldType(org.joda.time.TestLocalTime_Basics): expected:<12> but was:<3>-, warning(junit.framework.TestSuite$1): Class org.joda.time.chrono.gj.MainTest has no public constructor TestCase(String name) or TestCase()-, testFormatParse_textHalfdayAM_UK(org.joda.time.format.TestDateTimeFormat): Cannot parse "$06-PM-2007": Value 6 for clockhourOfHalfday must be in the range 1, 3-, testFormatParse_textHalfdayAM_France(org.joda.time.format.TestDateTimeFormat): Cannot parse "$06-PM-2007": Value 6 for clockhourOfHalfday must be in the range 1, 3-, testFormat_clockhourOfHalfday(org.joda.time.format.TestDateTimeFormat): 2004-06-09T00:00:00.000Z expected:<12> but was:<3>-, testFormat_clockhourOfDay(org.joda.time.format.TestDateTimeFormat): 2004-06-09T00:00:00.000Z expected:<24> but was:<3>-, testFormatParse_textHalfdayAM_UK(org.joda.time.format.TestDateTimeFormat): Cannot parse "$06-PM-2007": Value 6 for clockhourOfHalfday must be in the range 1, 3-, testFormatParse_textHalfdayAM_France(org.joda.time.format.TestDateTimeFormat): Cannot parse "$06-PM-2007": Value 6 for clockhourOfHalfday must be in the range 1, 3-, testFormat_clockhourOfHalfday(org.joda.time.format.TestDateTimeFormat): 2004-06-09T00:00:00.000Z expected:<12> but was:<3>-, testFormat_clockhourOfDay(org.joda.time.format.TestDateTimeFormat): 2004-06-09T00:00:00.000Z expected:<24> but was:<3>-]|
evo_regression: |false|4|55|[test28(org.joda.time.field.ZeroIsMaxDateTimeField_ESTest): Value 60 for centuryOfEra must be in the range 1, 3-, test29(org.joda.time.field.ZeroIsMaxDateTimeField_ESTest): expected:<2> but was:<3>-, test01(org.joda.time.field.ZeroIsMaxDateTimeField_ESTest): Value 86400000 for minuteOfHour must be in the range 1, 3-, test48(org.joda.time.field.ZeroIsMaxDateTimeField_ESTest): expected:<1440> but was:<3>-]|
 ----
ProgramVariant 5362
 
time(sec)= 3526
operation: ReplaceOp
location= org.joda.time.field.ZeroIsMaxDateTimeField
line= 148
lineSuspiciousness= 0.274
original statement= return (getWrappedField().getMaximumValue()) + 1
fixed statement= return -1
generation= 2681
ingredientScope= PACKAGE
validation=
failing: |true|0|69|[]|
manual_regression: |false|34|12047|[testGet_DateTimeFieldType(org.joda.time.TestInstant_Basics): expected:<24> but was:<-1>-, testGet_DateTimeField(org.joda.time.TestDateMidnight_Basics): expected:<24> but was:<-1>-, testGet_DateTimeFieldType(org.joda.time.TestDateMidnight_Basics): expected:<24> but was:<-1>-, testGet_DateTimeFieldType(org.joda.time.TestLocalDateTime_Basics): expected:<12> but was:<-1>-, testGet_DateTimeFieldType(org.joda.time.TestLocalTime_Basics): expected:<12> but was:<-1>-, testGet_DateTimeFieldType(org.joda.time.TestInstant_Basics): expected:<24> but was:<-1>-, testGet_DateTimeField(org.joda.time.TestDateMidnight_Basics): expected:<24> but was:<-1>-, testGet_DateTimeFieldType(org.joda.time.TestDateMidnight_Basics): expected:<24> but was:<-1>-, testGet_DateTimeFieldType(org.joda.time.TestLocalDateTime_Basics): expected:<12> but was:<-1>-, testGet_DateTimeFieldType(org.joda.time.TestLocalTime_Basics): expected:<12> but was:<-1>-, testFormatParse_textHalfdayAM_UK(org.joda.time.format.TestDateTimeFormat): Cannot parse "$06-PM-2007": Value 6 for clockhourOfHalfday must be in the range 1, -1-, testFormatParse_textHalfdayAM_France(org.joda.time.format.TestDateTimeFormat): Cannot parse "$06-PM-2007": Value 6 for clockhourOfHalfday must be in the range 1, -1-, testFormat_clockhourOfHalfday(org.joda.time.format.TestDateTimeFormat): 2004-06-09T00:00:00.000Z expected:<12> but was:<-1>-, testFormat_clockhourOfDay(org.joda.time.format.TestDateTimeFormat): 2004-06-09T00:00:00.000Z expected:<24> but was:<-1>-, testGet_DateTimeField(org.joda.time.TestDateMidnight_Basics): expected:<24> but was:<-1>-, testGet_DateTimeFieldType(org.joda.time.TestDateMidnight_Basics): expected:<24> but was:<-1>-, testGet_DateTimeFieldType(org.joda.time.TestInstant_Basics): expected:<24> but was:<-1>-, testGet_DateTimeFieldType(org.joda.time.TestLocalDateTime_Basics): expected:<12> but was:<-1>-, testGet_DateTimeFieldType(org.joda.time.TestLocalTime_Basics): expected:<12> but was:<-1>-, warning(junit.framework.TestSuite$1): Class org.joda.time.chrono.gj.MainTest has no public constructor TestCase(String name) or TestCase()-, testFormatParse_textHalfdayAM_UK(org.joda.time.format.TestDateTimeFormat): Cannot parse "$06-PM-2007": Value 6 for clockhourOfHalfday must be in the range 1, -1-, testFormatParse_textHalfdayAM_France(org.joda.time.format.TestDateTimeFormat): Cannot parse "$06-PM-2007": Value 6 for clockhourOfHalfday must be in the range 1, -1-, testFormat_clockhourOfHalfday(org.joda.time.format.TestDateTimeFormat): 2004-06-09T00:00:00.000Z expected:<12> but was:<-1>-, testFormat_clockhourOfDay(org.joda.time.format.TestDateTimeFormat): 2004-06-09T00:00:00.000Z expected:<24> but was:<-1>-, testFormatParse_textHalfdayAM_UK(org.joda.time.format.TestDateTimeFormat): Cannot parse "$06-PM-2007": Value 6 for clockhourOfHalfday must be in the range 1, -1-, testFormatParse_textHalfdayAM_France(org.joda.time.format.TestDateTimeFormat): Cannot parse "$06-PM-2007": Value 6 for clockhourOfHalfday must be in the range 1, -1-, testFormat_clockhourOfHalfday(org.joda.time.format.TestDateTimeFormat): 2004-06-09T00:00:00.000Z expected:<12> but was:<-1>-, testFormat_clockhourOfDay(org.joda.time.format.TestDateTimeFormat): 2004-06-09T00:00:00.000Z expected:<24> but was:<-1>-]|
evo_regression: |false|5|55|[test28(org.joda.time.field.ZeroIsMaxDateTimeField_ESTest): Value 60 for centuryOfEra must be in the range 1, -1-, test29(org.joda.time.field.ZeroIsMaxDateTimeField_ESTest): expected:<2> but was:<-1>-, test01(org.joda.time.field.ZeroIsMaxDateTimeField_ESTest): Value 86400000 for minuteOfHour must be in the range 1, -1-, test48(org.joda.time.field.ZeroIsMaxDateTimeField_ESTest): expected:<1440> but was:<-1>-, test02(org.joda.time.field.ZeroIsMaxDateTimeField_ESTest): Value 1 for era must be in the range 1, -1-]|
 ----
ProgramVariant 7024
 
time(sec)= 4128
operation: ReplaceOp
location= org.joda.time.field.ZeroIsMaxDateTimeField
line= 148
lineSuspiciousness= 0.274
original statement= return (getWrappedField().getMaximumValue()) + 1
fixed statement= return 2
generation= 3512
ingredientScope= PACKAGE
validation=
failing: |true|0|69|[]|
manual_regression: |false|34|12047|[testGet_DateTimeFieldType(org.joda.time.TestInstant_Basics): expected:<24> but was:<2>-, testGet_DateTimeField(org.joda.time.TestDateMidnight_Basics): expected:<24> but was:<2>-, testGet_DateTimeFieldType(org.joda.time.TestDateMidnight_Basics): expected:<24> but was:<2>-, testGet_DateTimeFieldType(org.joda.time.TestLocalDateTime_Basics): expected:<12> but was:<2>-, testGet_DateTimeFieldType(org.joda.time.TestLocalTime_Basics): expected:<12> but was:<2>-, testGet_DateTimeFieldType(org.joda.time.TestInstant_Basics): expected:<24> but was:<2>-, testGet_DateTimeField(org.joda.time.TestDateMidnight_Basics): expected:<24> but was:<2>-, testGet_DateTimeFieldType(org.joda.time.TestDateMidnight_Basics): expected:<24> but was:<2>-, testGet_DateTimeFieldType(org.joda.time.TestLocalDateTime_Basics): expected:<12> but was:<2>-, testGet_DateTimeFieldType(org.joda.time.TestLocalTime_Basics): expected:<12> but was:<2>-, testFormatParse_textHalfdayAM_UK(org.joda.time.format.TestDateTimeFormat): Cannot parse "$06-PM-2007": Value 6 for clockhourOfHalfday must be in the range 1, 2-, testFormatParse_textHalfdayAM_France(org.joda.time.format.TestDateTimeFormat): Cannot parse "$06-PM-2007": Value 6 for clockhourOfHalfday must be in the range 1, 2-, testFormat_clockhourOfHalfday(org.joda.time.format.TestDateTimeFormat): 2004-06-09T00:00:00.000Z expected:<12> but was:<2>-, testFormat_clockhourOfDay(org.joda.time.format.TestDateTimeFormat): 2004-06-09T00:00:00.000Z expected:<24> but was:<2>-, testGet_DateTimeField(org.joda.time.TestDateMidnight_Basics): expected:<24> but was:<2>-, testGet_DateTimeFieldType(org.joda.time.TestDateMidnight_Basics): expected:<24> but was:<2>-, testGet_DateTimeFieldType(org.joda.time.TestInstant_Basics): expected:<24> but was:<2>-, testGet_DateTimeFieldType(org.joda.time.TestLocalDateTime_Basics): expected:<12> but was:<2>-, testGet_DateTimeFieldType(org.joda.time.TestLocalTime_Basics): expected:<12> but was:<2>-, warning(junit.framework.TestSuite$1): Class org.joda.time.chrono.gj.MainTest has no public constructor TestCase(String name) or TestCase()-, testFormatParse_textHalfdayAM_UK(org.joda.time.format.TestDateTimeFormat): Cannot parse "$06-PM-2007": Value 6 for clockhourOfHalfday must be in the range 1, 2-, testFormatParse_textHalfdayAM_France(org.joda.time.format.TestDateTimeFormat): Cannot parse "$06-PM-2007": Value 6 for clockhourOfHalfday must be in the range 1, 2-, testFormat_clockhourOfHalfday(org.joda.time.format.TestDateTimeFormat): 2004-06-09T00:00:00.000Z expected:<12> but was:<2>-, testFormat_clockhourOfDay(org.joda.time.format.TestDateTimeFormat): 2004-06-09T00:00:00.000Z expected:<24> but was:<2>-, testFormatParse_textHalfdayAM_UK(org.joda.time.format.TestDateTimeFormat): Cannot parse "$06-PM-2007": Value 6 for clockhourOfHalfday must be in the range 1, 2-, testFormatParse_textHalfdayAM_France(org.joda.time.format.TestDateTimeFormat): Cannot parse "$06-PM-2007": Value 6 for clockhourOfHalfday must be in the range 1, 2-, testFormat_clockhourOfHalfday(org.joda.time.format.TestDateTimeFormat): 2004-06-09T00:00:00.000Z expected:<12> but was:<2>-, testFormat_clockhourOfDay(org.joda.time.format.TestDateTimeFormat): 2004-06-09T00:00:00.000Z expected:<24> but was:<2>-]|
evo_regression: |false|3|55|[test28(org.joda.time.field.ZeroIsMaxDateTimeField_ESTest): Value 60 for centuryOfEra must be in the range 1, 2-, test01(org.joda.time.field.ZeroIsMaxDateTimeField_ESTest): Value 86400000 for minuteOfHour must be in the range 1, 2-, test48(org.joda.time.field.ZeroIsMaxDateTimeField_ESTest): expected:<1440> but was:<2>-]|
[INFO ] fr.inria.main.evolution.AstorMain.run(AstorMain.java:397) - Time Total(s): 7349.906


Node: graphene-104.nancy.grid5000.fr


Date: Sun Jan 29 22:45:43 CET 2017

removed classes 

zipped 

copied zip 


