seed AstorRun 26 
export PATH="/home/mmartinez/defects4j/framework/bin:$PATH";export JAVA_TOOL_OPTIONS=-Dfile.encoding=UTF8;export PATH="/usr/lib/jvm/java-1.7.0-openjdk-amd64/bin/:$PATH";cd /home/mmartinez/projects/math/math_80;defects4j compile;cp -r /home/mmartinez/projects/math/math_80 /tmp/math_80_Genprog_local_s1;cd /tmp/math_80_Genprog_local_s1;mkdir lib/;cp -r /home/mmartinez/defects4j/framework/projects/lib/* lib/;cp -r /home/mmartinez/defects4j/framework/projects/Math/lib/* lib/;find . -type f -name "package-info.java" -delete;
/home/mmartinez/defects4j-repair/src/python/core/../../../results/2016-june/Math/seed/26/package/80/Genprog/result
cd /tmp/math_80_Genprog_local_s1;export JAVA_TOOL_OPTIONS=-Dfile.encoding=UTF8;TZ="America/New_York"; export TZexport PATH="/usr/lib/jvm/java-1.7.0-openjdk-amd64/bin/:$PATH";time /home/mmartinez/jdk1.8.0_45/bin//java -Xmx4096m -cp /home/mmartinez/defects4j-repair/src/python/core/../../..//libs/astor.jar fr.inria.main.evolution.MainjGenProg -mode statement -location . -id Math -dependencies lib/ -failing org.apache.commons.math.linear.EigenDecompositionImplTest: -package org.apache.commons -jvm4testexecution /usr/lib/jvm/java-1.7.0-openjdk-amd64/bin/ -jvm4evosuitetestexecution /home/mmartinez/jdk1.8.0_45/bin/ -javacompliancelevel 5 -maxgen 1000000 -seed 26 -scope package -maxtime 120  -stopfirst false -population 1 -srcjavafolder src/main/java/ -srctestfolder src/test/java/ -binjavafolder target/classes/ -bintestfolder target/test-classes/ -flthreshold 0.1  -validation  fr.inria.astor.core.validation.validators.RegressionValidation  -ESParameters -Dassertion_timeout=1800:-Dminimization_timeout=1800:-Djunit_check_timeout=1800:-Dwrite_junit_timeout=300:-Dinitialization_timeout=300:-Dglobal_timeout=18000:-Dsearch_budget=100000:-Dstopping_condition=MaxStatements:-Dno_runtime_dependency=true:-Dsandbox=false:-Dp_reflection_on_private=0.0:-Dreflection_start_percent=1.0:-Dp_functional_mocking=0.0:-Dfunctional_mocking_percent=1.0:-mem=2000 -testbystep  -ignoredtestcases org.apache.commons.lang.LocaleUtilsTest  -excludeRegression  -maxgen 100000000 ;echo "

Node: `hostname`
";echo "
Date: `date`
"; find /tmp/math_80_Genprog_local_s1/outputMutation -name "*.class" -type f -delete;echo "removed classes 
"; find . -name bin  -type d -print0|xargs -0 rm -r --; zip -r -q out.zip /tmp/math_80_Genprog_local_s1/outputMutation; echo "zipped 
";cp out.zip /home/mmartinez/defects4j-repair/src/python/core/../../../results/2016-june/Math/seed/26/package/80/Genprog; echo "copied zip 
";rm -rf /tmp/math_80_Genprog_local_s1;

[DEBUG] fr.inria.astor.core.loop.AstorCoreEngine.showResults(AstorCoreEngine.java:136) - End Repair Loops: Found solution
[DEBUG] fr.inria.astor.core.loop.AstorCoreEngine.showResults(AstorCoreEngine.java:137) - Solution stored at: /tmp/math_80_Genprog_local_s1/./outputMutation/AstorMain-Math//src/
[DEBUG] fr.inria.astor.core.loop.AstorCoreEngine.showResults(AstorCoreEngine.java:142) - 
Number solutions:7
[DEBUG] fr.inria.astor.core.loop.AstorCoreEngine.showResults(AstorCoreEngine.java:144) - f (sol): 4.0, [Variant id: 72 (SOL) , #gens: 493, #ops: 1, parent:71]
[DEBUG] fr.inria.astor.core.loop.AstorCoreEngine.showResults(AstorCoreEngine.java:144) - f (sol): 4.0, [Variant id: 132 (SOL) , #gens: 493, #ops: 1, parent:131]
[DEBUG] fr.inria.astor.core.loop.AstorCoreEngine.showResults(AstorCoreEngine.java:144) - f (sol): 4.0, [Variant id: 436 (SOL) , #gens: 494, #ops: 1, parent:435]
[DEBUG] fr.inria.astor.core.loop.AstorCoreEngine.showResults(AstorCoreEngine.java:144) - f (sol): 4.0, [Variant id: 524 (SOL) , #gens: 493, #ops: 1, parent:523]
[DEBUG] fr.inria.astor.core.loop.AstorCoreEngine.showResults(AstorCoreEngine.java:144) - f (sol): 4.0, [Variant id: 678 (SOL) , #gens: 493, #ops: 1, parent:677]
[DEBUG] fr.inria.astor.core.loop.AstorCoreEngine.showResults(AstorCoreEngine.java:144) - f (sol): 4.0, [Variant id: 868 (SOL) , #gens: 494, #ops: 1, parent:867]
[DEBUG] fr.inria.astor.core.loop.AstorCoreEngine.showResults(AstorCoreEngine.java:144) - f (sol): 4.0, [Variant id: 1142 (SOL) , #gens: 493, #ops: 1, parent:1141]
[DEBUG] fr.inria.astor.core.loop.AstorCoreEngine.showResults(AstorCoreEngine.java:146) - 
All variants:
[DEBUG] fr.inria.astor.core.loop.AstorCoreEngine.showResults(AstorCoreEngine.java:148) - f 1.0, [Variant id: 1295, #gens: 494, #ops: 0, parent:-]
[INFO ] fr.inria.astor.core.loop.AstorCoreEngine.showResults(AstorCoreEngine.java:152) - 
Solution details
[INFO ] fr.inria.astor.core.loop.AstorCoreEngine.showResults(AstorCoreEngine.java:153) - 
 --SOLUTIONS DESCRIPTION--

 ----
ProgramVariant 72
 
time(sec)= 2099
operation: RemoveOp
location= org.apache.commons.math.linear.EigenDecompositionImpl
line= 1137
lineSuspiciousness= 1
original statement= for (int k = 0 ; k < 4 ; k += step) {
	final double tmp = work[(i + k)];
	work[(i + k)] = work[(j - k)];
	work[(j - k)] = tmp;
}
fixed statement= 
generation= 36
ingredientScope= -
validation=
failing: |true|0|18|[]|
manual_regression: |true|0|2102|[]|
evo_regression: |false|4|49|[test27(org.apache.commons.math.linear.EigenDecompositionImpl_ESTest): expected:<-0.01859735997992595> but was:<-0.0037201218202937173>-, test26(org.apache.commons.math.linear.EigenDecompositionImpl_ESTest): expected:<1.464913399587806E25> but was:<0.0>-, test20(org.apache.commons.math.linear.EigenDecompositionImpl_ESTest): expected:<1.1479319050484208E20> but was:<2.3071986496220354E21>-, test22(org.apache.commons.math.linear.EigenDecompositionImpl_ESTest): expected:<-1.3515226016095981E12> but was:<9.954052899999934E7>-]|
 ----
ProgramVariant 132
 
time(sec)= 2365
operation: RemoveOp
location= org.apache.commons.math.linear.EigenDecompositionImpl
line= 1136
lineSuspiciousness= 1
original statement= for (int i = 0 ; i < j ; i += 4) {
	for (int k = 0 ; k < 4 ; k += step) {
		final double tmp = work[(i + k)];
		work[(i + k)] = work[(j - k)];
		work[(j - k)] = tmp;
	}
	j -= 4;
}
fixed statement= 
generation= 66
ingredientScope= -
validation=
failing: |true|0|18|[]|
manual_regression: |true|0|2102|[]|
evo_regression: |false|4|49|[test27(org.apache.commons.math.linear.EigenDecompositionImpl_ESTest): expected:<-0.01859735997992595> but was:<-0.0037201218202937173>-, test26(org.apache.commons.math.linear.EigenDecompositionImpl_ESTest): expected:<1.464913399587806E25> but was:<0.0>-, test20(org.apache.commons.math.linear.EigenDecompositionImpl_ESTest): expected:<1.1479319050484208E20> but was:<2.3071986496220354E21>-, test22(org.apache.commons.math.linear.EigenDecompositionImpl_ESTest): expected:<-1.3515226016095981E12> but was:<9.954052899999934E7>-]|
 ----
ProgramVariant 436
 
time(sec)= 4079
operation: ReplaceOp
location= org.apache.commons.math.linear.EigenDecompositionImpl
line= 1136
lineSuspiciousness= 1
original statement= for (int i = 0 ; i < j ; i += 4) {
	for (int k = 0 ; k < 4 ; k += step) {
		final double tmp = work[(i + k)];
		work[(i + k)] = work[(j - k)];
		work[(j - k)] = tmp;
	}
	j -= 4;
}
fixed statement= for (int i = 0 ; i < (squaredSecondary.length) ; ++i) {
	final double s = secondary[i];
	squaredSecondary[i] = s * s;
}
generation= 218
ingredientScope= LOCAL
validation=
failing: |true|0|18|[]|
manual_regression: |true|0|2102|[]|
evo_regression: |false|4|49|[test27(org.apache.commons.math.linear.EigenDecompositionImpl_ESTest): expected:<-0.01859735997992595> but was:<-0.0037201218202937173>-, test26(org.apache.commons.math.linear.EigenDecompositionImpl_ESTest): expected:<1.464913399587806E25> but was:<0.0>-, test20(org.apache.commons.math.linear.EigenDecompositionImpl_ESTest): expected:<1.1479319050484208E20> but was:<2.3071986496220354E21>-, test22(org.apache.commons.math.linear.EigenDecompositionImpl_ESTest): expected:<-1.3515226016095981E12> but was:<9.954052899999934E7>-]|
 ----
ProgramVariant 524
 
time(sec)= 4300
operation: RemoveOp
location= org.apache.commons.math.linear.EigenDecompositionImpl
line= 1139
lineSuspiciousness= 1
original statement= work[(i + k)] = work[(j - k)]
fixed statement= 
generation= 262
ingredientScope= -
validation=
failing: |true|0|18|[]|
manual_regression: |true|0|2102|[]|
evo_regression: |false|4|49|[test27(org.apache.commons.math.linear.EigenDecompositionImpl_ESTest): expected:<-0.01859735997992595> but was:<-0.0037201218202937173>-, test26(org.apache.commons.math.linear.EigenDecompositionImpl_ESTest): expected:<1.464913399587806E25> but was:<-1.6365343402070114E24>-, test20(org.apache.commons.math.linear.EigenDecompositionImpl_ESTest): expected:<1.1479319050484208E20> but was:<5.5281623889071925E20>-, test22(org.apache.commons.math.linear.EigenDecompositionImpl_ESTest): expected:<-1.3515226016095981E12> but was:<4.983611022728966E8>-]|
 ----
ProgramVariant 678
 
time(sec)= 4774
operation: RemoveOp
location= org.apache.commons.math.linear.EigenDecompositionImpl
line= 1139
lineSuspiciousness= 1
original statement= work[(i + k)] = work[(j - k)]
fixed statement= 
generation= 339
ingredientScope= -
validation=
failing: |true|0|18|[]|
manual_regression: |true|0|2102|[]|
evo_regression: |false|4|49|[test27(org.apache.commons.math.linear.EigenDecompositionImpl_ESTest): expected:<-0.01859735997992595> but was:<-0.0037201218202937173>-, test26(org.apache.commons.math.linear.EigenDecompositionImpl_ESTest): expected:<1.464913399587806E25> but was:<-1.6365343402070114E24>-, test20(org.apache.commons.math.linear.EigenDecompositionImpl_ESTest): expected:<1.1479319050484208E20> but was:<5.5281623889071925E20>-, test22(org.apache.commons.math.linear.EigenDecompositionImpl_ESTest): expected:<-1.3515226016095981E12> but was:<4.983611022728966E8>-]|
 ----
ProgramVariant 868
 
time(sec)= 5670
operation: ReplaceOp
location= org.apache.commons.math.linear.EigenDecompositionImpl
line= 1139
lineSuspiciousness= 1
original statement= work[(i + k)] = work[(j - k)]
fixed statement= cachedV = org.apache.commons.math.linear.MatrixUtils.createRealMatrix(n, n)
generation= 434
ingredientScope= PACKAGE
validation=
failing: |true|0|18|[]|
manual_regression: |true|0|2102|[]|
evo_regression: |false|4|49|[test27(org.apache.commons.math.linear.EigenDecompositionImpl_ESTest): expected:<-0.01859735997992595> but was:<-0.0037201218202937173>-, test26(org.apache.commons.math.linear.EigenDecompositionImpl_ESTest): expected:<1.464913399587806E25> but was:<-1.6365343402070114E24>-, test20(org.apache.commons.math.linear.EigenDecompositionImpl_ESTest): expected:<1.1479319050484208E20> but was:<5.5281623889071925E20>-, test22(org.apache.commons.math.linear.EigenDecompositionImpl_ESTest): expected:<-1.3515226016095981E12> but was:<4.983611022728966E8>-]|
 ----
ProgramVariant 1142
 
time(sec)= 6736
operation: RemoveOp
location= org.apache.commons.math.linear.EigenDecompositionImpl
line= 1139
lineSuspiciousness= 1
original statement= work[(i + k)] = work[(j - k)]
fixed statement= 
generation= 571
ingredientScope= -
validation=
failing: |true|0|18|[]|
manual_regression: |true|0|2102|[]|
evo_regression: |false|4|49|[test27(org.apache.commons.math.linear.EigenDecompositionImpl_ESTest): expected:<-0.01859735997992595> but was:<-0.0037201218202937173>-, test26(org.apache.commons.math.linear.EigenDecompositionImpl_ESTest): expected:<1.464913399587806E25> but was:<-1.6365343402070114E24>-, test20(org.apache.commons.math.linear.EigenDecompositionImpl_ESTest): expected:<1.1479319050484208E20> but was:<5.5281623889071925E20>-, test22(org.apache.commons.math.linear.EigenDecompositionImpl_ESTest): expected:<-1.3515226016095981E12> but was:<4.983611022728966E8>-]|
[INFO ] fr.inria.main.evolution.AstorMain.run(AstorMain.java:397) - Time Total(s): 7431.325


Node: grisou-2.nancy.grid5000.fr


Date: Fri Jan 27 21:51:18 CET 2017

removed classes 

zipped 

copied zip 


