seed AstorRun 10 
export PATH="/home/mmartinez/defects4j/framework/bin:$PATH";export JAVA_TOOL_OPTIONS=-Dfile.encoding=UTF8;export PATH="/usr/lib/jvm/java-1.7.0-openjdk-amd64/bin/:$PATH";cd /home/mmartinez/projects/math/math_28;defects4j compile;cp -r /home/mmartinez/projects/math/math_28 /tmp/math_28_Genprog_local_s1;cd /tmp/math_28_Genprog_local_s1;mkdir lib/;cp -r /home/mmartinez/defects4j/framework/projects/lib/* lib/;cp -r /home/mmartinez/defects4j/framework/projects/Math/lib/* lib/;find . -type f -name "package-info.java" -delete;
/home/mmartinez/defects4j-repair/src/python/core/../../../results/2016-june/Math/seed/10/package/28/Genprog/result
cd /tmp/math_28_Genprog_local_s1;export JAVA_TOOL_OPTIONS=-Dfile.encoding=UTF8;TZ="America/New_York"; export TZexport PATH="/usr/lib/jvm/java-1.7.0-openjdk-amd64/bin/:$PATH";time /home/mmartinez/jdk1.8.0_45/bin//java -Xmx4096m -cp /home/mmartinez/defects4j-repair/src/python/core/../../..//libs/astor.jar fr.inria.main.evolution.MainjGenProg -mode statement -location . -id Math -dependencies lib/ -failing org.apache.commons.math3.optimization.linear.SimplexSolverTest: -package org.apache.commons -jvm4testexecution /usr/lib/jvm/java-1.7.0-openjdk-amd64/bin/ -jvm4evosuitetestexecution /home/mmartinez/jdk1.8.0_45/bin/ -javacompliancelevel 5 -maxgen 1000000 -seed 10 -scope package -maxtime 120  -stopfirst false -population 1 -srcjavafolder src/main/java/ -srctestfolder src/test/java/ -binjavafolder target/classes/ -bintestfolder target/test-classes/ -flthreshold 0.1  -validation  fr.inria.astor.core.validation.validators.RegressionValidation  -ESParameters -Dassertion_timeout=1800:-Dminimization_timeout=1800:-Djunit_check_timeout=1800:-Dwrite_junit_timeout=300:-Dinitialization_timeout=300:-Dglobal_timeout=18000:-Dsearch_budget=100000:-Dstopping_condition=MaxStatements:-Dno_runtime_dependency=true:-Dsandbox=false:-Dp_reflection_on_private=0.0:-Dreflection_start_percent=1.0:-Dp_functional_mocking=0.0:-Dfunctional_mocking_percent=1.0:-mem=2000 -ignoredtestcases org.apache.commons.lang.LocaleUtilsTest  -excludeRegression  -maxgen 100000000 ;echo "

Node: `hostname`
";echo "
Date: `date`
"; find /tmp/math_28_Genprog_local_s1/outputMutation -name "*.class" -type f -delete;echo "removed classes 
"; find . -name bin  -type d -print0|xargs -0 rm -r --; zip -r -q out.zip /tmp/math_28_Genprog_local_s1/outputMutation; echo "zipped 
";cp out.zip /home/mmartinez/defects4j-repair/src/python/core/../../../results/2016-june/Math/seed/10/package/28/Genprog; echo "copied zip 
";rm -rf /tmp/math_28_Genprog_local_s1;

[DEBUG] fr.inria.astor.core.loop.AstorCoreEngine.showResults(AstorCoreEngine.java:136) - End Repair Loops: Found solution
[DEBUG] fr.inria.astor.core.loop.AstorCoreEngine.showResults(AstorCoreEngine.java:137) - Solution stored at: /tmp/math_28_Genprog_local_s1/./outputMutation/AstorMain-Math//src/
[DEBUG] fr.inria.astor.core.loop.AstorCoreEngine.showResults(AstorCoreEngine.java:142) - 
Number solutions:18
[DEBUG] fr.inria.astor.core.loop.AstorCoreEngine.showResults(AstorCoreEngine.java:144) - f (sol): 0.0, [Variant id: 34 (SOL) , #gens: 218, #ops: 1, parent:33]
[DEBUG] fr.inria.astor.core.loop.AstorCoreEngine.showResults(AstorCoreEngine.java:144) - f (sol): 0.0, [Variant id: 38 (SOL) , #gens: 217, #ops: 1, parent:37]
[DEBUG] fr.inria.astor.core.loop.AstorCoreEngine.showResults(AstorCoreEngine.java:144) - f (sol): 0.0, [Variant id: 178 (SOL) , #gens: 217, #ops: 1, parent:177]
[DEBUG] fr.inria.astor.core.loop.AstorCoreEngine.showResults(AstorCoreEngine.java:144) - f (sol): 0.0, [Variant id: 266 (SOL) , #gens: 217, #ops: 1, parent:265]
[DEBUG] fr.inria.astor.core.loop.AstorCoreEngine.showResults(AstorCoreEngine.java:144) - f (sol): 0.0, [Variant id: 362 (SOL) , #gens: 217, #ops: 1, parent:361]
[DEBUG] fr.inria.astor.core.loop.AstorCoreEngine.showResults(AstorCoreEngine.java:144) - f (sol): 0.0, [Variant id: 410 (SOL) , #gens: 218, #ops: 1, parent:409]
[DEBUG] fr.inria.astor.core.loop.AstorCoreEngine.showResults(AstorCoreEngine.java:144) - f (sol): 0.0, [Variant id: 556 (SOL) , #gens: 217, #ops: 1, parent:555]
[DEBUG] fr.inria.astor.core.loop.AstorCoreEngine.showResults(AstorCoreEngine.java:144) - f (sol): 0.0, [Variant id: 696 (SOL) , #gens: 217, #ops: 1, parent:695]
[DEBUG] fr.inria.astor.core.loop.AstorCoreEngine.showResults(AstorCoreEngine.java:144) - f (sol): 0.0, [Variant id: 716 (SOL) , #gens: 217, #ops: 1, parent:715]
[DEBUG] fr.inria.astor.core.loop.AstorCoreEngine.showResults(AstorCoreEngine.java:144) - f (sol): 0.0, [Variant id: 806 (SOL) , #gens: 217, #ops: 1, parent:805]
[DEBUG] fr.inria.astor.core.loop.AstorCoreEngine.showResults(AstorCoreEngine.java:144) - f (sol): 0.0, [Variant id: 902 (SOL) , #gens: 217, #ops: 1, parent:901]
[DEBUG] fr.inria.astor.core.loop.AstorCoreEngine.showResults(AstorCoreEngine.java:144) - f (sol): 0.0, [Variant id: 986 (SOL) , #gens: 217, #ops: 1, parent:985]
[DEBUG] fr.inria.astor.core.loop.AstorCoreEngine.showResults(AstorCoreEngine.java:144) - f (sol): 0.0, [Variant id: 1006 (SOL) , #gens: 217, #ops: 1, parent:1005]
[DEBUG] fr.inria.astor.core.loop.AstorCoreEngine.showResults(AstorCoreEngine.java:144) - f (sol): 1.0, [Variant id: 1212 (SOL) , #gens: 217, #ops: 1, parent:1211]
[DEBUG] fr.inria.astor.core.loop.AstorCoreEngine.showResults(AstorCoreEngine.java:144) - f (sol): 0.0, [Variant id: 1426 (SOL) , #gens: 217, #ops: 1, parent:1425]
[DEBUG] fr.inria.astor.core.loop.AstorCoreEngine.showResults(AstorCoreEngine.java:144) - f (sol): 0.0, [Variant id: 1438 (SOL) , #gens: 217, #ops: 1, parent:1437]
[DEBUG] fr.inria.astor.core.loop.AstorCoreEngine.showResults(AstorCoreEngine.java:144) - f (sol): 0.0, [Variant id: 1444 (SOL) , #gens: 217, #ops: 1, parent:1443]
[DEBUG] fr.inria.astor.core.loop.AstorCoreEngine.showResults(AstorCoreEngine.java:144) - f (sol): 0.0, [Variant id: 1654 (SOL) , #gens: 217, #ops: 1, parent:1653]
[DEBUG] fr.inria.astor.core.loop.AstorCoreEngine.showResults(AstorCoreEngine.java:146) - 
All variants:
[DEBUG] fr.inria.astor.core.loop.AstorCoreEngine.showResults(AstorCoreEngine.java:148) - f 1.0, [Variant id: 1673, #gens: 218, #ops: 0, parent:-]
[INFO ] fr.inria.astor.core.loop.AstorCoreEngine.showResults(AstorCoreEngine.java:152) - 
Solution details
[INFO ] fr.inria.astor.core.loop.AstorCoreEngine.showResults(AstorCoreEngine.java:153) - 
 --SOLUTIONS DESCRIPTION--

 ----
ProgramVariant 34
 
time(sec)= 267
operation: ReplaceOp
location= org.apache.commons.math3.optimization.linear.SimplexSolver
line= 145
lineSuspiciousness= 0.354
original statement= minIndex = i
fixed statement= minRatioPositions = new java.util.ArrayList<java.lang.Integer>()
generation= 17
ingredientScope= LOCAL
validation=
failing: |true|0|26|[]|
manual_regression: |true|0|3917|[]|
evo_regression: |true|0|7|[]|
 ----
ProgramVariant 38
 
time(sec)= 453
operation: RemoveOp
location= org.apache.commons.math3.optimization.linear.SimplexSolver
line= 124
lineSuspiciousness= 0.236
original statement= return row
fixed statement= 
generation= 19
ingredientScope= -
validation=
failing: |true|0|26|[]|
manual_regression: |true|0|3917|[]|
evo_regression: |true|0|7|[]|
 ----
ProgramVariant 178
 
time(sec)= 1209
operation: RemoveOp
location= org.apache.commons.math3.optimization.linear.SimplexSolver
line= 151
lineSuspiciousness= 0.354
original statement= return minRow
fixed statement= 
generation= 89
ingredientScope= -
validation=
failing: |true|0|26|[]|
manual_regression: |true|0|3917|[]|
evo_regression: |true|0|7|[]|
 ----
ProgramVariant 266
 
time(sec)= 1722
operation: RemoveOp
location= org.apache.commons.math3.optimization.linear.SimplexSolver
line= 124
lineSuspiciousness= 0.236
original statement= return row
fixed statement= 
generation= 133
ingredientScope= -
validation=
failing: |true|0|26|[]|
manual_regression: |true|0|3917|[]|
evo_regression: |true|0|7|[]|
 ----
ProgramVariant 362
 
time(sec)= 2193
operation: RemoveOp
location= org.apache.commons.math3.optimization.linear.SimplexSolver
line= 145
lineSuspiciousness= 0.354
original statement= minIndex = i
fixed statement= 
generation= 181
ingredientScope= -
validation=
failing: |true|0|26|[]|
manual_regression: |true|0|3917|[]|
evo_regression: |true|0|7|[]|
 ----
ProgramVariant 410
 
time(sec)= 2417
operation: ReplaceOp
location= org.apache.commons.math3.optimization.linear.SimplexSolver
line= 104
lineSuspiciousness= 0.224
original statement= minRatioPositions.add(i)
fixed statement= setMaxIterations(org.apache.commons.math3.optimization.linear.AbstractLinearOptimizer.DEFAULT_MAX_ITERATIONS)
generation= 205
ingredientScope= PACKAGE
validation=
failing: |true|0|26|[]|
manual_regression: |true|0|3917|[]|
evo_regression: |true|0|7|[]|
 ----
ProgramVariant 556
 
time(sec)= 2892
operation: RemoveOp
location= org.apache.commons.math3.optimization.linear.SimplexSolver
line= 120
lineSuspiciousness= 0.224
original statement= for (int i = 0 ; i < (tableau.getNumArtificialVariables()) ; i++) {
	int column = i + (tableau.getArtificialVariableOffset());
	final double entry = tableau.getEntry(row, column);
	if ((org.apache.commons.math3.util.Precision.equals(entry, 1.0, maxUlps)) && (row.equals(tableau.getBasicRow(column)))) {
		return row;
	} 
}
fixed statement= 
generation= 278
ingredientScope= -
validation=
failing: |true|0|26|[]|
manual_regression: |true|0|3917|[]|
evo_regression: |true|0|7|[]|
 ----
ProgramVariant 696
 
time(sec)= 3254
operation: RemoveOp
location= org.apache.commons.math3.optimization.linear.SimplexSolver
line= 104
lineSuspiciousness= 0.224
original statement= minRatioPositions.add(i)
fixed statement= 
generation= 348
ingredientScope= -
validation=
failing: |true|0|26|[]|
manual_regression: |true|0|3917|[]|
evo_regression: |true|0|7|[]|
 ----
ProgramVariant 716
 
time(sec)= 3470
operation: RemoveOp
location= org.apache.commons.math3.optimization.linear.SimplexSolver
line= 119
lineSuspiciousness= 0.224
original statement= for (java.lang.Integer row : minRatioPositions) {
	for (int i = 0 ; i < (tableau.getNumArtificialVariables()) ; i++) {
		int column = i + (tableau.getArtificialVariableOffset());
		final double entry = tableau.getEntry(row, column);
		if ((org.apache.commons.math3.util.Precision.equals(entry, 1.0, maxUlps)) && (row.equals(tableau.getBasicRow(column)))) {
			return row;
		} 
	}
}
fixed statement= 
generation= 358
ingredientScope= -
validation=
failing: |true|0|26|[]|
manual_regression: |true|0|3917|[]|
evo_regression: |true|0|7|[]|
 ----
ProgramVariant 806
 
time(sec)= 3839
operation: RemoveOp
location= org.apache.commons.math3.optimization.linear.SimplexSolver
line= 151
lineSuspiciousness= 0.354
original statement= return minRow
fixed statement= 
generation= 403
ingredientScope= -
validation=
failing: |true|0|26|[]|
manual_regression: |true|0|3917|[]|
evo_regression: |true|0|7|[]|
 ----
ProgramVariant 902
 
time(sec)= 4131
operation: RemoveOp
location= org.apache.commons.math3.optimization.linear.SimplexSolver
line= 145
lineSuspiciousness= 0.354
original statement= minIndex = i
fixed statement= 
generation= 451
ingredientScope= -
validation=
failing: |true|0|26|[]|
manual_regression: |true|0|3917|[]|
evo_regression: |true|0|7|[]|
 ----
ProgramVariant 986
 
time(sec)= 4537
operation: RemoveOp
location= org.apache.commons.math3.optimization.linear.SimplexSolver
line= 119
lineSuspiciousness= 0.224
original statement= for (java.lang.Integer row : minRatioPositions) {
	for (int i = 0 ; i < (tableau.getNumArtificialVariables()) ; i++) {
		int column = i + (tableau.getArtificialVariableOffset());
		final double entry = tableau.getEntry(row, column);
		if ((org.apache.commons.math3.util.Precision.equals(entry, 1.0, maxUlps)) && (row.equals(tableau.getBasicRow(column)))) {
			return row;
		} 
	}
}
fixed statement= 
generation= 493
ingredientScope= -
validation=
failing: |true|0|26|[]|
manual_regression: |true|0|3917|[]|
evo_regression: |true|0|7|[]|
 ----
ProgramVariant 1006
 
time(sec)= 4745
operation: RemoveOp
location= org.apache.commons.math3.optimization.linear.SimplexSolver
line= 120
lineSuspiciousness= 0.224
original statement= for (int i = 0 ; i < (tableau.getNumArtificialVariables()) ; i++) {
	int column = i + (tableau.getArtificialVariableOffset());
	final double entry = tableau.getEntry(row, column);
	if ((org.apache.commons.math3.util.Precision.equals(entry, 1.0, maxUlps)) && (row.equals(tableau.getBasicRow(column)))) {
		return row;
	} 
}
fixed statement= 
generation= 503
ingredientScope= -
validation=
failing: |true|0|26|[]|
manual_regression: |true|0|3917|[]|
evo_regression: |true|0|7|[]|
 ----
ProgramVariant 1212
 
time(sec)= 5480
operation: RemoveOp
location= org.apache.commons.math3.optimization.linear.SimplexSolver
line= 151
lineSuspiciousness= 0.354
original statement= return minRow
fixed statement= 
generation= 606
ingredientScope= -
validation=
failing: |true|0|26|[]|
manual_regression: |false|1|3917|[testRandomDataNormalDistribution(org.apache.commons.math3.linear.SchurTransformerTest): illegal state: convergence failed-]|
evo_regression: |true|0|7|[]|
 ----
ProgramVariant 1426
 
time(sec)= 6275
operation: RemoveOp
location= org.apache.commons.math3.optimization.linear.SimplexSolver
line= 145
lineSuspiciousness= 0.354
original statement= minIndex = i
fixed statement= 
generation= 713
ingredientScope= -
validation=
failing: |true|0|26|[]|
manual_regression: |true|0|3917|[]|
evo_regression: |true|0|7|[]|
 ----
ProgramVariant 1438
 
time(sec)= 6466
operation: RemoveOp
location= org.apache.commons.math3.optimization.linear.SimplexSolver
line= 119
lineSuspiciousness= 0.224
original statement= for (java.lang.Integer row : minRatioPositions) {
	for (int i = 0 ; i < (tableau.getNumArtificialVariables()) ; i++) {
		int column = i + (tableau.getArtificialVariableOffset());
		final double entry = tableau.getEntry(row, column);
		if ((org.apache.commons.math3.util.Precision.equals(entry, 1.0, maxUlps)) && (row.equals(tableau.getBasicRow(column)))) {
			return row;
		} 
	}
}
fixed statement= 
generation= 719
ingredientScope= -
validation=
failing: |true|0|26|[]|
manual_regression: |true|0|3917|[]|
evo_regression: |true|0|7|[]|
 ----
ProgramVariant 1444
 
time(sec)= 6654
operation: RemoveOp
location= org.apache.commons.math3.optimization.linear.SimplexSolver
line= 151
lineSuspiciousness= 0.354
original statement= return minRow
fixed statement= 
generation= 722
ingredientScope= -
validation=
failing: |true|0|26|[]|
manual_regression: |true|0|3917|[]|
evo_regression: |true|0|7|[]|
 ----
ProgramVariant 1654
 
time(sec)= 7243
operation: RemoveOp
location= org.apache.commons.math3.optimization.linear.SimplexSolver
line= 151
lineSuspiciousness= 0.354
original statement= return minRow
fixed statement= 
generation= 827
ingredientScope= -
validation=
failing: |true|0|26|[]|
manual_regression: |true|0|3917|[]|
evo_regression: |true|0|7|[]|
[INFO ] fr.inria.main.evolution.AstorMain.run(AstorMain.java:397) - Time Total(s): 8207.797


Node: graphene-10.nancy.grid5000.fr


Date: Sat Jan 14 02:49:50 CET 2017

removed classes 

zipped 

copied zip 


