seed AstorRun 22 
export PATH="/home/mmartinez/defects4j/framework/bin:$PATH";export JAVA_TOOL_OPTIONS=-Dfile.encoding=UTF8;export PATH="/usr/lib/jvm/java-1.7.0-openjdk-amd64/bin/:$PATH";cd /home/mmartinez/projects/math/math_8;defects4j compile;cp -r /home/mmartinez/projects/math/math_8 /tmp/math_8_Genprog_local_s1;cd /tmp/math_8_Genprog_local_s1;mkdir lib/;cp -r /home/mmartinez/defects4j/framework/projects/lib/* lib/;cp -r /home/mmartinez/defects4j/framework/projects/Math/lib/* lib/;find . -type f -name "package-info.java" -delete;
/home/mmartinez/defects4j-repair/src/python/core/../../../results/2016-june/Math/seed/22/package/8/Genprog/result
cd /tmp/math_8_Genprog_local_s1;export JAVA_TOOL_OPTIONS=-Dfile.encoding=UTF8;TZ="America/New_York"; export TZexport PATH="/usr/lib/jvm/java-1.7.0-openjdk-amd64/bin/:$PATH";time /home/mmartinez/jdk1.8.0_45/bin//java -Xmx4096m -cp /home/mmartinez/defects4j-repair/src/python/core/../../..//libs/astor.jar fr.inria.main.evolution.MainjGenProg -mode statement -location . -id Math -dependencies lib/ -failing org.apache.commons.math3.distribution.DiscreteRealDistributionTest: -package org.apache.commons -jvm4testexecution /usr/lib/jvm/java-1.7.0-openjdk-amd64/bin/ -jvm4evosuitetestexecution /home/mmartinez/jdk1.8.0_45/bin/ -javacompliancelevel 5 -maxgen 1000000 -seed 22 -scope package -maxtime 120  -stopfirst false -population 1 -srcjavafolder src/main/java/ -srctestfolder src/test/java/ -binjavafolder target/classes/ -bintestfolder target/test-classes/ -flthreshold 0.1  -validation  fr.inria.astor.core.validation.validators.RegressionValidation  -ESParameters -Dassertion_timeout=1800:-Dminimization_timeout=1800:-Djunit_check_timeout=1800:-Dwrite_junit_timeout=300:-Dinitialization_timeout=300:-Dglobal_timeout=18000:-Dsearch_budget=100000:-Dstopping_condition=MaxStatements:-Dno_runtime_dependency=true:-Dsandbox=false:-Dp_reflection_on_private=0.0:-Dreflection_start_percent=1.0:-Dp_functional_mocking=0.0:-Dfunctional_mocking_percent=1.0:-mem=2000 -ignoredtestcases org.apache.commons.lang.LocaleUtilsTest  -excludeRegression  -maxgen 100000000 ;echo "

Node: `hostname`
";echo "
Date: `date`
"; find /tmp/math_8_Genprog_local_s1/outputMutation -name "*.class" -type f -delete;echo "removed classes 
"; find . -name bin  -type d -print0|xargs -0 rm -r --; zip -r -q out.zip /tmp/math_8_Genprog_local_s1/outputMutation; echo "zipped 
";cp out.zip /home/mmartinez/defects4j-repair/src/python/core/../../../results/2016-june/Math/seed/22/package/8/Genprog; echo "copied zip 
";rm -rf /tmp/math_8_Genprog_local_s1;

[DEBUG] fr.inria.astor.core.loop.AstorCoreEngine.showResults(AstorCoreEngine.java:136) - End Repair Loops: Found solution
[DEBUG] fr.inria.astor.core.loop.AstorCoreEngine.showResults(AstorCoreEngine.java:137) - Solution stored at: /tmp/math_8_Genprog_local_s1/./outputMutation/AstorMain-Math//src/
[DEBUG] fr.inria.astor.core.loop.AstorCoreEngine.showResults(AstorCoreEngine.java:142) - 
Number solutions:15
[DEBUG] fr.inria.astor.core.loop.AstorCoreEngine.showResults(AstorCoreEngine.java:144) - f (sol): 1.0, [Variant id: 54 (SOL) , #gens: 23, #ops: 1, parent:53]
[DEBUG] fr.inria.astor.core.loop.AstorCoreEngine.showResults(AstorCoreEngine.java:144) - f (sol): 1.0, [Variant id: 98 (SOL) , #gens: 23, #ops: 1, parent:97]
[DEBUG] fr.inria.astor.core.loop.AstorCoreEngine.showResults(AstorCoreEngine.java:144) - f (sol): 1.0, [Variant id: 274 (SOL) , #gens: 23, #ops: 1, parent:273]
[DEBUG] fr.inria.astor.core.loop.AstorCoreEngine.showResults(AstorCoreEngine.java:144) - f (sol): 1.0, [Variant id: 300 (SOL) , #gens: 23, #ops: 1, parent:299]
[DEBUG] fr.inria.astor.core.loop.AstorCoreEngine.showResults(AstorCoreEngine.java:144) - f (sol): 1.0, [Variant id: 312 (SOL) , #gens: 23, #ops: 1, parent:311]
[DEBUG] fr.inria.astor.core.loop.AstorCoreEngine.showResults(AstorCoreEngine.java:144) - f (sol): 1.0, [Variant id: 382 (SOL) , #gens: 23, #ops: 1, parent:381]
[DEBUG] fr.inria.astor.core.loop.AstorCoreEngine.showResults(AstorCoreEngine.java:144) - f (sol): 1.0, [Variant id: 386 (SOL) , #gens: 23, #ops: 1, parent:385]
[DEBUG] fr.inria.astor.core.loop.AstorCoreEngine.showResults(AstorCoreEngine.java:144) - f (sol): 1.0, [Variant id: 412 (SOL) , #gens: 23, #ops: 1, parent:411]
[DEBUG] fr.inria.astor.core.loop.AstorCoreEngine.showResults(AstorCoreEngine.java:144) - f (sol): 1.0, [Variant id: 436 (SOL) , #gens: 23, #ops: 1, parent:435]
[DEBUG] fr.inria.astor.core.loop.AstorCoreEngine.showResults(AstorCoreEngine.java:144) - f (sol): 1.0, [Variant id: 480 (SOL) , #gens: 23, #ops: 1, parent:479]
[DEBUG] fr.inria.astor.core.loop.AstorCoreEngine.showResults(AstorCoreEngine.java:144) - f (sol): 1.0, [Variant id: 496 (SOL) , #gens: 23, #ops: 1, parent:495]
[DEBUG] fr.inria.astor.core.loop.AstorCoreEngine.showResults(AstorCoreEngine.java:144) - f (sol): 1.0, [Variant id: 500 (SOL) , #gens: 23, #ops: 1, parent:499]
[DEBUG] fr.inria.astor.core.loop.AstorCoreEngine.showResults(AstorCoreEngine.java:144) - f (sol): 1.0, [Variant id: 510 (SOL) , #gens: 23, #ops: 1, parent:509]
[DEBUG] fr.inria.astor.core.loop.AstorCoreEngine.showResults(AstorCoreEngine.java:144) - f (sol): 1.0, [Variant id: 546 (SOL) , #gens: 23, #ops: 1, parent:545]
[DEBUG] fr.inria.astor.core.loop.AstorCoreEngine.showResults(AstorCoreEngine.java:144) - f (sol): 1.0, [Variant id: 562 (SOL) , #gens: 23, #ops: 1, parent:561]
[DEBUG] fr.inria.astor.core.loop.AstorCoreEngine.showResults(AstorCoreEngine.java:146) - 
All variants:
[DEBUG] fr.inria.astor.core.loop.AstorCoreEngine.showResults(AstorCoreEngine.java:148) - f 1.0, [Variant id: 563, #gens: 24, #ops: 0, parent:-]
[INFO ] fr.inria.astor.core.loop.AstorCoreEngine.showResults(AstorCoreEngine.java:152) - 
Solution details
[INFO ] fr.inria.astor.core.loop.AstorCoreEngine.showResults(AstorCoreEngine.java:153) - 
 --SOLUTIONS DESCRIPTION--

 ----
ProgramVariant 54
 
time(sec)= 2163
operation: RemoveOp
location= org.apache.commons.math3.distribution.DiscreteDistribution
line= 190
lineSuspiciousness= 0.707
original statement= out[i] = sample()
fixed statement= 
generation= 27
ingredientScope= -
validation=
failing: |true|0|13|[]|
manual_regression: |true|0|4782|[]|
evo_regression: |false|1|20|[test04(org.apache.commons.math3.distribution.DiscreteDistribution_ESTest): Expecting exception: ArrayStoreException-]|
 ----
ProgramVariant 98
 
time(sec)= 2588
operation: RemoveOp
location= org.apache.commons.math3.distribution.DiscreteDistribution
line= 190
lineSuspiciousness= 0.707
original statement= out[i] = sample()
fixed statement= 
generation= 49
ingredientScope= -
validation=
failing: |true|0|13|[]|
manual_regression: |true|0|4782|[]|
evo_regression: |false|1|20|[test04(org.apache.commons.math3.distribution.DiscreteDistribution_ESTest): Expecting exception: ArrayStoreException-]|
 ----
ProgramVariant 274
 
time(sec)= 3436
operation: RemoveOp
location= org.apache.commons.math3.distribution.DiscreteDistribution
line= 189
lineSuspiciousness= 0.707
original statement= for (int i = 0 ; i < sampleSize ; i++) {
	out[i] = sample();
}
fixed statement= 
generation= 137
ingredientScope= -
validation=
failing: |true|0|13|[]|
manual_regression: |true|0|4782|[]|
evo_regression: |false|1|20|[test04(org.apache.commons.math3.distribution.DiscreteDistribution_ESTest): Expecting exception: ArrayStoreException-]|
 ----
ProgramVariant 300
 
time(sec)= 3802
operation: RemoveOp
location= org.apache.commons.math3.distribution.DiscreteDistribution
line= 190
lineSuspiciousness= 0.707
original statement= out[i] = sample()
fixed statement= 
generation= 150
ingredientScope= -
validation=
failing: |true|0|13|[]|
manual_regression: |true|0|4782|[]|
evo_regression: |false|1|20|[test04(org.apache.commons.math3.distribution.DiscreteDistribution_ESTest): Expecting exception: ArrayStoreException-]|
 ----
ProgramVariant 312
 
time(sec)= 4128
operation: RemoveOp
location= org.apache.commons.math3.distribution.DiscreteDistribution
line= 190
lineSuspiciousness= 0.707
original statement= out[i] = sample()
fixed statement= 
generation= 156
ingredientScope= -
validation=
failing: |true|0|13|[]|
manual_regression: |true|0|4782|[]|
evo_regression: |false|1|20|[test04(org.apache.commons.math3.distribution.DiscreteDistribution_ESTest): Expecting exception: ArrayStoreException-]|
 ----
ProgramVariant 382
 
time(sec)= 4746
operation: RemoveOp
location= org.apache.commons.math3.distribution.DiscreteDistribution
line= 189
lineSuspiciousness= 0.707
original statement= for (int i = 0 ; i < sampleSize ; i++) {
	out[i] = sample();
}
fixed statement= 
generation= 191
ingredientScope= -
validation=
failing: |true|0|13|[]|
manual_regression: |true|0|4782|[]|
evo_regression: |false|1|20|[test04(org.apache.commons.math3.distribution.DiscreteDistribution_ESTest): Expecting exception: ArrayStoreException-]|
 ----
ProgramVariant 386
 
time(sec)= 5012
operation: RemoveOp
location= org.apache.commons.math3.distribution.DiscreteDistribution
line= 190
lineSuspiciousness= 0.707
original statement= out[i] = sample()
fixed statement= 
generation= 193
ingredientScope= -
validation=
failing: |true|0|13|[]|
manual_regression: |true|0|4782|[]|
evo_regression: |false|1|20|[test04(org.apache.commons.math3.distribution.DiscreteDistribution_ESTest): Expecting exception: ArrayStoreException-]|
 ----
ProgramVariant 412
 
time(sec)= 5328
operation: RemoveOp
location= org.apache.commons.math3.distribution.DiscreteDistribution
line= 190
lineSuspiciousness= 0.707
original statement= out[i] = sample()
fixed statement= 
generation= 206
ingredientScope= -
validation=
failing: |true|0|13|[]|
manual_regression: |true|0|4782|[]|
evo_regression: |false|1|20|[test04(org.apache.commons.math3.distribution.DiscreteDistribution_ESTest): Expecting exception: ArrayStoreException-]|
 ----
ProgramVariant 436
 
time(sec)= 5620
operation: RemoveOp
location= org.apache.commons.math3.distribution.DiscreteDistribution
line= 189
lineSuspiciousness= 0.707
original statement= for (int i = 0 ; i < sampleSize ; i++) {
	out[i] = sample();
}
fixed statement= 
generation= 218
ingredientScope= -
validation=
failing: |true|0|13|[]|
manual_regression: |true|0|4782|[]|
evo_regression: |false|1|20|[test04(org.apache.commons.math3.distribution.DiscreteDistribution_ESTest): Expecting exception: ArrayStoreException-]|
 ----
ProgramVariant 480
 
time(sec)= 5996
operation: RemoveOp
location= org.apache.commons.math3.distribution.DiscreteDistribution
line= 189
lineSuspiciousness= 0.707
original statement= for (int i = 0 ; i < sampleSize ; i++) {
	out[i] = sample();
}
fixed statement= 
generation= 240
ingredientScope= -
validation=
failing: |true|0|13|[]|
manual_regression: |true|0|4782|[]|
evo_regression: |false|1|20|[test04(org.apache.commons.math3.distribution.DiscreteDistribution_ESTest): Expecting exception: ArrayStoreException-]|
 ----
ProgramVariant 496
 
time(sec)= 6268
operation: RemoveOp
location= org.apache.commons.math3.distribution.DiscreteDistribution
line= 190
lineSuspiciousness= 0.707
original statement= out[i] = sample()
fixed statement= 
generation= 248
ingredientScope= -
validation=
failing: |true|0|13|[]|
manual_regression: |true|0|4782|[]|
evo_regression: |false|1|20|[test04(org.apache.commons.math3.distribution.DiscreteDistribution_ESTest): Expecting exception: ArrayStoreException-]|
 ----
ProgramVariant 500
 
time(sec)= 6540
operation: RemoveOp
location= org.apache.commons.math3.distribution.DiscreteDistribution
line= 190
lineSuspiciousness= 0.707
original statement= out[i] = sample()
fixed statement= 
generation= 250
ingredientScope= -
validation=
failing: |true|0|13|[]|
manual_regression: |true|0|4782|[]|
evo_regression: |false|1|20|[test04(org.apache.commons.math3.distribution.DiscreteDistribution_ESTest): Expecting exception: ArrayStoreException-]|
 ----
ProgramVariant 510
 
time(sec)= 6814
operation: RemoveOp
location= org.apache.commons.math3.distribution.DiscreteDistribution
line= 189
lineSuspiciousness= 0.707
original statement= for (int i = 0 ; i < sampleSize ; i++) {
	out[i] = sample();
}
fixed statement= 
generation= 255
ingredientScope= -
validation=
failing: |true|0|13|[]|
manual_regression: |true|0|4782|[]|
evo_regression: |false|1|20|[test04(org.apache.commons.math3.distribution.DiscreteDistribution_ESTest): Expecting exception: ArrayStoreException-]|
 ----
ProgramVariant 546
 
time(sec)= 7138
operation: RemoveOp
location= org.apache.commons.math3.distribution.DiscreteDistribution
line= 189
lineSuspiciousness= 0.707
original statement= for (int i = 0 ; i < sampleSize ; i++) {
	out[i] = sample();
}
fixed statement= 
generation= 273
ingredientScope= -
validation=
failing: |true|0|13|[]|
manual_regression: |true|0|4782|[]|
evo_regression: |false|1|20|[test04(org.apache.commons.math3.distribution.DiscreteDistribution_ESTest): Expecting exception: ArrayStoreException-]|
 ----
ProgramVariant 562
 
time(sec)= 7448
operation: RemoveOp
location= org.apache.commons.math3.distribution.DiscreteDistribution
line= 190
lineSuspiciousness= 0.707
original statement= out[i] = sample()
fixed statement= 
generation= 281
ingredientScope= -
validation=
failing: |true|0|13|[]|
manual_regression: |true|0|4782|[]|
evo_regression: |false|1|20|[test04(org.apache.commons.math3.distribution.DiscreteDistribution_ESTest): Expecting exception: ArrayStoreException-]|
[INFO ] fr.inria.main.evolution.AstorMain.run(AstorMain.java:397) - Time Total(s): 8359.051


Node: graphene-104.nancy.grid5000.fr


Date: Sat Jan 21 21:18:35 CET 2017

removed classes 

zipped 

copied zip 


