seed AstorRun 18 
export PATH="/home/mmartinez/defects4j/framework/bin:$PATH";export JAVA_TOOL_OPTIONS=-Dfile.encoding=UTF8;export PATH="/usr/lib/jvm/java-1.7.0-openjdk-amd64/bin/:$PATH";cd /home/mmartinez/projects/math/math_8;defects4j compile;cp -r /home/mmartinez/projects/math/math_8 /tmp/math_8_Genprog_local_s1;cd /tmp/math_8_Genprog_local_s1;mkdir lib/;cp -r /home/mmartinez/defects4j/framework/projects/lib/* lib/;cp -r /home/mmartinez/defects4j/framework/projects/Math/lib/* lib/;find . -type f -name "package-info.java" -delete;
/home/mmartinez/defects4j-repair/src/python/core/../../../results/2016-june/Math/seed/18/package/8/Genprog/result
cd /tmp/math_8_Genprog_local_s1;export JAVA_TOOL_OPTIONS=-Dfile.encoding=UTF8;TZ="America/New_York"; export TZexport PATH="/usr/lib/jvm/java-1.7.0-openjdk-amd64/bin/:$PATH";time /home/mmartinez/jdk1.8.0_45/bin//java -Xmx4096m -cp /home/mmartinez/defects4j-repair/src/python/core/../../..//libs/astor.jar fr.inria.main.evolution.MainjGenProg -mode statement -location . -id Math -dependencies lib/ -failing org.apache.commons.math3.distribution.DiscreteRealDistributionTest: -package org.apache.commons -jvm4testexecution /usr/lib/jvm/java-1.7.0-openjdk-amd64/bin/ -jvm4evosuitetestexecution /home/mmartinez/jdk1.8.0_45/bin/ -javacompliancelevel 5 -maxgen 1000000 -seed 18 -scope package -maxtime 120  -stopfirst false -population 1 -srcjavafolder src/main/java/ -srctestfolder src/test/java/ -binjavafolder target/classes/ -bintestfolder target/test-classes/ -flthreshold 0.1  -validation  fr.inria.astor.core.validation.validators.RegressionValidation  -ESParameters -Dassertion_timeout=1800:-Dminimization_timeout=1800:-Djunit_check_timeout=1800:-Dwrite_junit_timeout=300:-Dinitialization_timeout=300:-Dglobal_timeout=18000:-Dsearch_budget=100000:-Dstopping_condition=MaxStatements:-Dno_runtime_dependency=true:-Dsandbox=false:-Dp_reflection_on_private=0.0:-Dreflection_start_percent=1.0:-Dp_functional_mocking=0.0:-Dfunctional_mocking_percent=1.0:-mem=2000 -ignoredtestcases org.apache.commons.lang.LocaleUtilsTest  -excludeRegression  -maxgen 100000000 ;echo "

Node: `hostname`
";echo "
Date: `date`
"; find /tmp/math_8_Genprog_local_s1/outputMutation -name "*.class" -type f -delete;echo "removed classes 
"; find . -name bin  -type d -print0|xargs -0 rm -r --; zip -r -q out.zip /tmp/math_8_Genprog_local_s1/outputMutation; echo "zipped 
";cp out.zip /home/mmartinez/defects4j-repair/src/python/core/../../../results/2016-june/Math/seed/18/package/8/Genprog; echo "copied zip 
";rm -rf /tmp/math_8_Genprog_local_s1;

[DEBUG] fr.inria.astor.core.loop.AstorCoreEngine.showResults(AstorCoreEngine.java:136) - End Repair Loops: Found solution
[DEBUG] fr.inria.astor.core.loop.AstorCoreEngine.showResults(AstorCoreEngine.java:137) - Solution stored at: /tmp/math_8_Genprog_local_s1/./outputMutation/AstorMain-Math//src/
[DEBUG] fr.inria.astor.core.loop.AstorCoreEngine.showResults(AstorCoreEngine.java:142) - 
Number solutions:17
[DEBUG] fr.inria.astor.core.loop.AstorCoreEngine.showResults(AstorCoreEngine.java:144) - f (sol): 0.0, [Variant id: 22 (SOL) , #gens: 23, #ops: 1, parent:21]
[DEBUG] fr.inria.astor.core.loop.AstorCoreEngine.showResults(AstorCoreEngine.java:144) - f (sol): 0.0, [Variant id: 42 (SOL) , #gens: 23, #ops: 1, parent:41]
[DEBUG] fr.inria.astor.core.loop.AstorCoreEngine.showResults(AstorCoreEngine.java:144) - f (sol): 0.0, [Variant id: 102 (SOL) , #gens: 23, #ops: 1, parent:101]
[DEBUG] fr.inria.astor.core.loop.AstorCoreEngine.showResults(AstorCoreEngine.java:144) - f (sol): 0.0, [Variant id: 110 (SOL) , #gens: 23, #ops: 1, parent:109]
[DEBUG] fr.inria.astor.core.loop.AstorCoreEngine.showResults(AstorCoreEngine.java:144) - f (sol): 1.0, [Variant id: 156 (SOL) , #gens: 23, #ops: 1, parent:155]
[DEBUG] fr.inria.astor.core.loop.AstorCoreEngine.showResults(AstorCoreEngine.java:144) - f (sol): 0.0, [Variant id: 230 (SOL) , #gens: 23, #ops: 1, parent:229]
[DEBUG] fr.inria.astor.core.loop.AstorCoreEngine.showResults(AstorCoreEngine.java:144) - f (sol): 0.0, [Variant id: 286 (SOL) , #gens: 23, #ops: 1, parent:285]
[DEBUG] fr.inria.astor.core.loop.AstorCoreEngine.showResults(AstorCoreEngine.java:144) - f (sol): 0.0, [Variant id: 318 (SOL) , #gens: 23, #ops: 1, parent:317]
[DEBUG] fr.inria.astor.core.loop.AstorCoreEngine.showResults(AstorCoreEngine.java:144) - f (sol): 0.0, [Variant id: 320 (SOL) , #gens: 23, #ops: 1, parent:319]
[DEBUG] fr.inria.astor.core.loop.AstorCoreEngine.showResults(AstorCoreEngine.java:144) - f (sol): 0.0, [Variant id: 376 (SOL) , #gens: 23, #ops: 1, parent:375]
[DEBUG] fr.inria.astor.core.loop.AstorCoreEngine.showResults(AstorCoreEngine.java:144) - f (sol): 0.0, [Variant id: 466 (SOL) , #gens: 23, #ops: 1, parent:465]
[DEBUG] fr.inria.astor.core.loop.AstorCoreEngine.showResults(AstorCoreEngine.java:144) - f (sol): 0.0, [Variant id: 508 (SOL) , #gens: 23, #ops: 1, parent:507]
[DEBUG] fr.inria.astor.core.loop.AstorCoreEngine.showResults(AstorCoreEngine.java:144) - f (sol): 0.0, [Variant id: 532 (SOL) , #gens: 23, #ops: 1, parent:531]
[DEBUG] fr.inria.astor.core.loop.AstorCoreEngine.showResults(AstorCoreEngine.java:144) - f (sol): 0.0, [Variant id: 540 (SOL) , #gens: 23, #ops: 1, parent:539]
[DEBUG] fr.inria.astor.core.loop.AstorCoreEngine.showResults(AstorCoreEngine.java:144) - f (sol): 0.0, [Variant id: 590 (SOL) , #gens: 23, #ops: 1, parent:589]
[DEBUG] fr.inria.astor.core.loop.AstorCoreEngine.showResults(AstorCoreEngine.java:144) - f (sol): 0.0, [Variant id: 614 (SOL) , #gens: 23, #ops: 1, parent:613]
[DEBUG] fr.inria.astor.core.loop.AstorCoreEngine.showResults(AstorCoreEngine.java:144) - f (sol): 0.0, [Variant id: 652 (SOL) , #gens: 23, #ops: 1, parent:651]
[DEBUG] fr.inria.astor.core.loop.AstorCoreEngine.showResults(AstorCoreEngine.java:146) - 
All variants:
[DEBUG] fr.inria.astor.core.loop.AstorCoreEngine.showResults(AstorCoreEngine.java:148) - f 1.0, [Variant id: 653, #gens: 24, #ops: 0, parent:-]
[INFO ] fr.inria.astor.core.loop.AstorCoreEngine.showResults(AstorCoreEngine.java:152) - 
Solution details
[INFO ] fr.inria.astor.core.loop.AstorCoreEngine.showResults(AstorCoreEngine.java:153) - 
 --SOLUTIONS DESCRIPTION--

 ----
ProgramVariant 22
 
time(sec)= 724
operation: RemoveOp
location= org.apache.commons.math3.distribution.DiscreteDistribution
line= 190
lineSuspiciousness= 0.707
original statement= out[i] = sample()
fixed statement= 
generation= 11
ingredientScope= -
validation=
failing: |true|0|13|[]|
manual_regression: |true|0|4782|[]|
evo_regression: |true|0|18|[]|
 ----
ProgramVariant 42
 
time(sec)= 1187
operation: RemoveOp
location= org.apache.commons.math3.distribution.DiscreteDistribution
line= 190
lineSuspiciousness= 0.707
original statement= out[i] = sample()
fixed statement= 
generation= 21
ingredientScope= -
validation=
failing: |true|0|13|[]|
manual_regression: |true|0|4782|[]|
evo_regression: |true|0|18|[]|
 ----
ProgramVariant 102
 
time(sec)= 1608
operation: RemoveOp
location= org.apache.commons.math3.distribution.DiscreteDistribution
line= 189
lineSuspiciousness= 0.707
original statement= for (int i = 0 ; i < sampleSize ; i++) {
	out[i] = sample();
}
fixed statement= 
generation= 51
ingredientScope= -
validation=
failing: |true|0|13|[]|
manual_regression: |true|0|4782|[]|
evo_regression: |true|0|18|[]|
 ----
ProgramVariant 110
 
time(sec)= 1905
operation: RemoveOp
location= org.apache.commons.math3.distribution.DiscreteDistribution
line= 189
lineSuspiciousness= 0.707
original statement= for (int i = 0 ; i < sampleSize ; i++) {
	out[i] = sample();
}
fixed statement= 
generation= 55
ingredientScope= -
validation=
failing: |true|0|13|[]|
manual_regression: |true|0|4782|[]|
evo_regression: |true|0|18|[]|
 ----
ProgramVariant 156
 
time(sec)= 2372
operation: RemoveOp
location= org.apache.commons.math3.distribution.DiscreteDistribution
line= 189
lineSuspiciousness= 0.707
original statement= for (int i = 0 ; i < sampleSize ; i++) {
	out[i] = sample();
}
fixed statement= 
generation= 78
ingredientScope= -
validation=
failing: |true|0|13|[]|
manual_regression: |false|1|4782|[testMaximize(org.apache.commons.math3.optim.nonlinear.scalar.noderiv.CMAESOptimizerTest): expected:<1.0> but was:<-1.8460498941515435>-]|
evo_regression: |true|0|18|[]|
 ----
ProgramVariant 230
 
time(sec)= 2962
operation: RemoveOp
location= org.apache.commons.math3.distribution.DiscreteDistribution
line= 190
lineSuspiciousness= 0.707
original statement= out[i] = sample()
fixed statement= 
generation= 115
ingredientScope= -
validation=
failing: |true|0|13|[]|
manual_regression: |true|0|4782|[]|
evo_regression: |true|0|18|[]|
 ----
ProgramVariant 286
 
time(sec)= 3531
operation: RemoveOp
location= org.apache.commons.math3.distribution.DiscreteDistribution
line= 190
lineSuspiciousness= 0.707
original statement= out[i] = sample()
fixed statement= 
generation= 143
ingredientScope= -
validation=
failing: |true|0|13|[]|
manual_regression: |true|0|4782|[]|
evo_regression: |true|0|18|[]|
 ----
ProgramVariant 318
 
time(sec)= 3910
operation: RemoveOp
location= org.apache.commons.math3.distribution.DiscreteDistribution
line= 190
lineSuspiciousness= 0.707
original statement= out[i] = sample()
fixed statement= 
generation= 159
ingredientScope= -
validation=
failing: |true|0|13|[]|
manual_regression: |true|0|4782|[]|
evo_regression: |true|0|18|[]|
 ----
ProgramVariant 320
 
time(sec)= 4167
operation: RemoveOp
location= org.apache.commons.math3.distribution.DiscreteDistribution
line= 189
lineSuspiciousness= 0.707
original statement= for (int i = 0 ; i < sampleSize ; i++) {
	out[i] = sample();
}
fixed statement= 
generation= 160
ingredientScope= -
validation=
failing: |true|0|13|[]|
manual_regression: |true|0|4782|[]|
evo_regression: |true|0|18|[]|
 ----
ProgramVariant 376
 
time(sec)= 4575
operation: RemoveOp
location= org.apache.commons.math3.distribution.DiscreteDistribution
line= 189
lineSuspiciousness= 0.707
original statement= for (int i = 0 ; i < sampleSize ; i++) {
	out[i] = sample();
}
fixed statement= 
generation= 188
ingredientScope= -
validation=
failing: |true|0|13|[]|
manual_regression: |true|0|4782|[]|
evo_regression: |true|0|18|[]|
 ----
ProgramVariant 466
 
time(sec)= 5158
operation: RemoveOp
location= org.apache.commons.math3.distribution.DiscreteDistribution
line= 190
lineSuspiciousness= 0.707
original statement= out[i] = sample()
fixed statement= 
generation= 233
ingredientScope= -
validation=
failing: |true|0|13|[]|
manual_regression: |true|0|4782|[]|
evo_regression: |true|0|18|[]|
 ----
ProgramVariant 508
 
time(sec)= 5601
operation: RemoveOp
location= org.apache.commons.math3.distribution.DiscreteDistribution
line= 189
lineSuspiciousness= 0.707
original statement= for (int i = 0 ; i < sampleSize ; i++) {
	out[i] = sample();
}
fixed statement= 
generation= 254
ingredientScope= -
validation=
failing: |true|0|13|[]|
manual_regression: |true|0|4782|[]|
evo_regression: |true|0|18|[]|
 ----
ProgramVariant 532
 
time(sec)= 5903
operation: RemoveOp
location= org.apache.commons.math3.distribution.DiscreteDistribution
line= 189
lineSuspiciousness= 0.707
original statement= for (int i = 0 ; i < sampleSize ; i++) {
	out[i] = sample();
}
fixed statement= 
generation= 266
ingredientScope= -
validation=
failing: |true|0|13|[]|
manual_regression: |true|0|4782|[]|
evo_regression: |true|0|18|[]|
 ----
ProgramVariant 540
 
time(sec)= 6181
operation: RemoveOp
location= org.apache.commons.math3.distribution.DiscreteDistribution
line= 189
lineSuspiciousness= 0.707
original statement= for (int i = 0 ; i < sampleSize ; i++) {
	out[i] = sample();
}
fixed statement= 
generation= 270
ingredientScope= -
validation=
failing: |true|0|13|[]|
manual_regression: |true|0|4782|[]|
evo_regression: |true|0|18|[]|
 ----
ProgramVariant 590
 
time(sec)= 6605
operation: RemoveOp
location= org.apache.commons.math3.distribution.DiscreteDistribution
line= 190
lineSuspiciousness= 0.707
original statement= out[i] = sample()
fixed statement= 
generation= 295
ingredientScope= -
validation=
failing: |true|0|13|[]|
manual_regression: |true|0|4782|[]|
evo_regression: |true|0|18|[]|
 ----
ProgramVariant 614
 
time(sec)= 6911
operation: RemoveOp
location= org.apache.commons.math3.distribution.DiscreteDistribution
line= 189
lineSuspiciousness= 0.707
original statement= for (int i = 0 ; i < sampleSize ; i++) {
	out[i] = sample();
}
fixed statement= 
generation= 307
ingredientScope= -
validation=
failing: |true|0|13|[]|
manual_regression: |true|0|4782|[]|
evo_regression: |true|0|18|[]|
 ----
ProgramVariant 652
 
time(sec)= 7267
operation: RemoveOp
location= org.apache.commons.math3.distribution.DiscreteDistribution
line= 189
lineSuspiciousness= 0.707
original statement= for (int i = 0 ; i < sampleSize ; i++) {
	out[i] = sample();
}
fixed statement= 
generation= 326
ingredientScope= -
validation=
failing: |true|0|13|[]|
manual_regression: |true|0|4782|[]|
evo_regression: |true|0|18|[]|
[INFO ] fr.inria.main.evolution.AstorMain.run(AstorMain.java:397) - Time Total(s): 8206.259


Node: graphene-134.nancy.grid5000.fr


Date: Thu Jan 19 01:52:55 CET 2017

removed classes 

zipped 

copied zip 


