seed AstorRun 6 
export PATH="/home/mmartinez/defects4j/framework/bin:$PATH";export JAVA_TOOL_OPTIONS=-Dfile.encoding=UTF8;export PATH="/usr/lib/jvm/java-1.7.0-openjdk-amd64/bin/:$PATH";cd /home/mmartinez/projects/chart/chart_25;defects4j compile;cp -r /home/mmartinez/projects/chart/chart_25 /tmp/chart_25_Genprog_local_s1;cd /tmp/chart_25_Genprog_local_s1;mkdir lib/;cp -r /home/mmartinez/defects4j/framework/projects/lib/* lib/;cp -r /home/mmartinez/defects4j/framework/projects/Chart/lib/* lib/;find . -type f -name "package-info.java" -delete;
/home/mmartinez/defects4j-repair/src/python/core/../../../results/2016-june/Chart/seed/6/package/25/Genprog/result
cd /tmp/chart_25_Genprog_local_s1;export JAVA_TOOL_OPTIONS=-Dfile.encoding=UTF8;TZ="America/New_York"; export TZexport PATH="/usr/lib/jvm/java-1.7.0-openjdk-amd64/bin/:$PATH";time /home/mmartinez/jdk1.8.0_45/bin//java -Xmx4096m -cp /home/mmartinez/defects4j-repair/src/python/core/../../..//libs/astor.jar fr.inria.main.evolution.MainjGenProg -mode statement -location . -id Chart -dependencies lib/ -failing org.jfree.chart.renderer.category.junit.StatisticalBarRendererTests:org.jfree.chart.renderer.category.junit.StatisticalBarRendererTests:org.jfree.chart.renderer.category.junit.StatisticalBarRendererTests:org.jfree.chart.renderer.category.junit.StatisticalBarRendererTests: -package org.jfree -jvm4testexecution /usr/lib/jvm/java-1.7.0-openjdk-amd64/bin/ -jvm4evosuitetestexecution /home/mmartinez/jdk1.8.0_45/bin/ -javacompliancelevel 4 -maxgen 1000000 -seed 6 -scope package -maxtime 120  -stopfirst false -population 1 -srcjavafolder source/ -srctestfolder tests/ -binjavafolder build/ -bintestfolder build-tests/ -flthreshold 0.1  -validation  fr.inria.astor.core.validation.validators.RegressionValidation  -ESParameters -Dassertion_timeout=1800:-Dminimization_timeout=1800:-Djunit_check_timeout=1800:-Dwrite_junit_timeout=300:-Dinitialization_timeout=300:-Dglobal_timeout=18000:-Dsearch_budget=100000:-Dstopping_condition=MaxStatements:-Dno_runtime_dependency=true:-Dsandbox=false:-Dp_reflection_on_private=0.0:-Dreflection_start_percent=1.0:-Dp_functional_mocking=0.0:-Dfunctional_mocking_percent=1.0:-mem=2000 -ignoredtestcases org.apache.commons.lang.LocaleUtilsTest  -excludeRegression  -maxgen 100000000 ;echo "

Node: `hostname`
";echo "
Date: `date`
"; find /tmp/chart_25_Genprog_local_s1/outputMutation -name "*.class" -type f -delete;echo "removed classes 
"; find . -name bin  -type d -print0|xargs -0 rm -r --; zip -r -q out.zip /tmp/chart_25_Genprog_local_s1/outputMutation; echo "zipped 
";cp out.zip /home/mmartinez/defects4j-repair/src/python/core/../../../results/2016-june/Chart/seed/6/package/25/Genprog; echo "copied zip 
";rm -rf /tmp/chart_25_Genprog_local_s1;

[DEBUG] fr.inria.astor.core.loop.AstorCoreEngine.showResults(AstorCoreEngine.java:136) - End Repair Loops: Found solution
[DEBUG] fr.inria.astor.core.loop.AstorCoreEngine.showResults(AstorCoreEngine.java:137) - Solution stored at: /tmp/chart_25_Genprog_local_s1/./outputMutation/AstorMain-Chart//src/
[DEBUG] fr.inria.astor.core.loop.AstorCoreEngine.showResults(AstorCoreEngine.java:142) - 
Number solutions:10
[DEBUG] fr.inria.astor.core.loop.AstorCoreEngine.showResults(AstorCoreEngine.java:144) - f (sol): 0.0, [Variant id: 128 (SOL) , #gens: 955, #ops: 1, parent:127]
[DEBUG] fr.inria.astor.core.loop.AstorCoreEngine.showResults(AstorCoreEngine.java:144) - f (sol): 24.0, [Variant id: 402 (SOL) , #gens: 956, #ops: 1, parent:401]
[DEBUG] fr.inria.astor.core.loop.AstorCoreEngine.showResults(AstorCoreEngine.java:144) - f (sol): 3.0, [Variant id: 434 (SOL) , #gens: 956, #ops: 1, parent:433]
[DEBUG] fr.inria.astor.core.loop.AstorCoreEngine.showResults(AstorCoreEngine.java:144) - f (sol): 4.0, [Variant id: 608 (SOL) , #gens: 956, #ops: 1, parent:607]
[DEBUG] fr.inria.astor.core.loop.AstorCoreEngine.showResults(AstorCoreEngine.java:144) - f (sol): 0.0, [Variant id: 802 (SOL) , #gens: 955, #ops: 1, parent:801]
[DEBUG] fr.inria.astor.core.loop.AstorCoreEngine.showResults(AstorCoreEngine.java:144) - f (sol): 1.0, [Variant id: 838 (SOL) , #gens: 955, #ops: 1, parent:837]
[DEBUG] fr.inria.astor.core.loop.AstorCoreEngine.showResults(AstorCoreEngine.java:144) - f (sol): 4.0, [Variant id: 906 (SOL) , #gens: 956, #ops: 1, parent:905]
[DEBUG] fr.inria.astor.core.loop.AstorCoreEngine.showResults(AstorCoreEngine.java:144) - f (sol): 4.0, [Variant id: 990 (SOL) , #gens: 957, #ops: 1, parent:989]
[DEBUG] fr.inria.astor.core.loop.AstorCoreEngine.showResults(AstorCoreEngine.java:144) - f (sol): 2.0, [Variant id: 1150 (SOL) , #gens: 956, #ops: 1, parent:1149]
[DEBUG] fr.inria.astor.core.loop.AstorCoreEngine.showResults(AstorCoreEngine.java:144) - f (sol): 4.0, [Variant id: 1172 (SOL) , #gens: 955, #ops: 1, parent:1171]
[DEBUG] fr.inria.astor.core.loop.AstorCoreEngine.showResults(AstorCoreEngine.java:146) - 
All variants:
[DEBUG] fr.inria.astor.core.loop.AstorCoreEngine.showResults(AstorCoreEngine.java:148) - f 16.0, [Variant id: 1323, #gens: 956, #ops: 0, parent:-]
[INFO ] fr.inria.astor.core.loop.AstorCoreEngine.showResults(AstorCoreEngine.java:152) - 
Solution details
[INFO ] fr.inria.astor.core.loop.AstorCoreEngine.showResults(AstorCoreEngine.java:153) - 
 --SOLUTIONS DESCRIPTION--

 ----
ProgramVariant 128
 
time(sec)= 1579
operation: RemoveOp
location= org.jfree.chart.plot.CategoryPlot
line= 2866
lineSuspiciousness= 0.426
original statement= if ((org.jfree.chart.plot.CategoryPlot.this.rowRenderingOrder) == (org.jfree.chart.util.SortOrder.ASCENDING)) {
	for (int row = 0 ; row < rowCount ; row++) {
		renderer.drawItem(g2, state, dataArea, org.jfree.chart.plot.CategoryPlot.this, domainAxis, rangeAxis, currentDataset, row, column, pass);
	}
} else {
	for (int row = rowCount - 1 ; row >= 0 ; row--) {
		renderer.drawItem(g2, state, dataArea, org.jfree.chart.plot.CategoryPlot.this, domainAxis, rangeAxis, currentDataset, row, column, pass);
	}
}
fixed statement= 
generation= 64
ingredientScope= -
validation=
failing: |true|0|36|[]|
manual_regression: |true|0|3243|[]|
evo_regression: |true|0|230|[]|
 ----
ProgramVariant 402
 
time(sec)= 2742
operation: ReplaceOp
location= org.jfree.data.KeyedObjects
line= 193
lineSuspiciousness= 0.417
original statement= org.jfree.data.KeyedObjects.this.data.add(ko)
fixed statement= ko.setObject(object)
generation= 201
ingredientScope= LOCAL
validation=
failing: |true|0|36|[]|
manual_regression: |false|2|3243|[testInsertAndRetrieve(org.jfree.data.junit.KeyedObjectsTests): expected:<null> but was:<A>-, testInsertAndRetrieve(org.jfree.data.junit.KeyedObjectsTests): expected:<null> but was:<A>-]|
evo_regression: |false|22|38|[test19(org.jfree.data.KeyedObjects_ESTest): expected:<1> but was:<0>-, test15(org.jfree.data.KeyedObjects_ESTest): expected:<org.jfree.data.KeyedObjects> but was:<null>-, test37(org.jfree.data.KeyedObjects_ESTest): null-, test13(org.jfree.data.KeyedObjects_ESTest): Expecting exception: NullPointerException-, test11(org.jfree.data.KeyedObjects_ESTest): Expecting exception: NullPointerException-, test33(org.jfree.data.KeyedObjects_ESTest): expected same:<null> was not:<org.jfree.data.KeyedObject@16>-, test12(org.jfree.data.KeyedObjects_ESTest): Expecting exception: NullPointerException-, test31(org.jfree.data.KeyedObjects_ESTest): Expecting exception: NullPointerException-, test08(org.jfree.data.KeyedObjects_ESTest): Expecting exception: NullPointerException-, test09(org.jfree.data.KeyedObjects_ESTest): -1-, test28(org.jfree.data.KeyedObjects_ESTest): expected:<0> but was:<-1>-, ...and 12 failures more, test07(org.jfree.data.KeyedObjects_ESTest): expected:<1> but was:<0>-, ...and 12 failures more, test29(org.jfree.data.KeyedObjects_ESTest): expected:<2> but was:<0>-, ...and 12 failures more, test04(org.jfree.data.KeyedObjects_ESTest): Index: 0, Size: 0-, ...and 12 failures more, test05(org.jfree.data.KeyedObjects_ESTest): -1-, ...and 12 failures more, test24(org.jfree.data.KeyedObjects_ESTest): null-, ...and 12 failures more, test00(org.jfree.data.KeyedObjects_ESTest): null-, ...and 12 failures more, test22(org.jfree.data.KeyedObjects_ESTest): null-, ...and 12 failures more, test01(org.jfree.data.KeyedObjects_ESTest): expected:<2> but was:<0>-, ...and 12 failures more, test23(org.jfree.data.KeyedObjects_ESTest): null-, ...and 12 failures more, test20(org.jfree.data.KeyedObjects_ESTest): null-, ...and 12 failures more, test21(org.jfree.data.KeyedObjects_ESTest): expected:<1> but was:<0>-, ...and 12 failures more]|
 ----
ProgramVariant 434
 
time(sec)= 2976
operation: ReplaceOp
location= org.jfree.chart.renderer.category.StatisticalBarRenderer
line= 207
lineSuspiciousness= 0.894
original statement= if (orientation == (org.jfree.chart.plot.PlotOrientation.HORIZONTAL)) {
	drawHorizontalItem(g2, state, dataArea, plot, domainAxis, rangeAxis, statData, row, column);
} else {
	if (orientation == (org.jfree.chart.plot.PlotOrientation.VERTICAL)) {
		drawVerticalItem(g2, state, dataArea, plot, domainAxis, rangeAxis, statData, row, column);
	} 
}
fixed statement= if (plot == null) {
	throw new java.lang.IllegalArgumentException("Null 'plot' argument.");
} 
generation= 217
ingredientScope= PACKAGE
validation=
failing: |true|0|36|[]|
manual_regression: |true|0|3243|[]|
evo_regression: |false|3|17|[test06(org.jfree.chart.renderer.category.StatisticalBarRenderer_ESTest): Expecting exception: ArrayIndexOutOfBoundsException-, test05(org.jfree.chart.renderer.category.StatisticalBarRenderer_ESTest): Expecting exception: IndexOutOfBoundsException-, test02(org.jfree.chart.renderer.category.StatisticalBarRenderer_ESTest): Expecting exception: NullPointerException-]|
 ----
ProgramVariant 608
 
time(sec)= 3671
operation: ReplaceOp
location= org.jfree.data.KeyedObjects2D
line= 113
lineSuspiciousness= 0.516
original statement= result = rowData.getObject(columnKey)
fixed statement= org.jfree.data.KeyedObjects2D.this.rowKeys = new java.util.ArrayList()
generation= 304
ingredientScope= LOCAL
validation=
failing: |true|0|36|[]|
manual_regression: |true|0|3243|[]|
evo_regression: |false|4|47|[test35(org.jfree.data.KeyedObjects2D_ESTest): null-, test43(org.jfree.data.KeyedObjects2D_ESTest): null-, test24(org.jfree.data.KeyedObjects2D_ESTest): Expecting exception: NullPointerException-, test26(org.jfree.data.KeyedObjects2D_ESTest): null-]|
 ----
ProgramVariant 802
 
time(sec)= 4456
operation: RemoveOp
location= org.jfree.chart.plot.CategoryPlot
line= 2863
lineSuspiciousness= 0.408
original statement= for (int pass = 0 ; pass < passCount ; pass++) {
	if ((org.jfree.chart.plot.CategoryPlot.this.columnRenderingOrder) == (org.jfree.chart.util.SortOrder.ASCENDING)) {
		for (int column = 0 ; column < columnCount ; column++) {
			if ((org.jfree.chart.plot.CategoryPlot.this.rowRenderingOrder) == (org.jfree.chart.util.SortOrder.ASCENDING)) {
				for (int row = 0 ; row < rowCount ; row++) {
					renderer.drawItem(g2, state, dataArea, org.jfree.chart.plot.CategoryPlot.this, domainAxis, rangeAxis, currentDataset, row, column, pass);
				}
			} else {
				for (int row = rowCount - 1 ; row >= 0 ; row--) {
					renderer.drawItem(g2, state, dataArea, org.jfree.chart.plot.CategoryPlot.this, domainAxis, rangeAxis, currentDataset, row, column, pass);
				}
			}
		}
	} else {
		for (int column = columnCount - 1 ; column >= 0 ; column--) {
			if ((org.jfree.chart.plot.CategoryPlot.this.rowRenderingOrder) == (org.jfree.chart.util.SortOrder.ASCENDING)) {
				for (int row = 0 ; row < rowCount ; row++) {
					renderer.drawItem(g2, state, dataArea, org.jfree.chart.plot.CategoryPlot.this, domainAxis, rangeAxis, currentDataset, row, column, pass);
				}
			} else {
				for (int row = rowCount - 1 ; row >= 0 ; row--) {
					renderer.drawItem(g2, state, dataArea, org.jfree.chart.plot.CategoryPlot.this, domainAxis, rangeAxis, currentDataset, row, column, pass);
				}
			}
		}
	}
}
fixed statement= 
generation= 401
ingredientScope= -
validation=
failing: |true|0|36|[]|
manual_regression: |true|0|3243|[]|
evo_regression: |true|0|230|[]|
 ----
ProgramVariant 838
 
time(sec)= 5368
operation: RemoveOp
location= org.jfree.data.general.DatasetUtilities
line= 576
lineSuspiciousness= 0.4
original statement= if ((dataset.getValue(r, c)) != null) {
	return false;
} 
fixed statement= 
generation= 419
ingredientScope= -
validation=
failing: |true|0|36|[]|
manual_regression: |true|0|3243|[]|
evo_regression: |false|1|156|[test125(org.jfree.data.general.DatasetUtilities_ESTest): null-]|
 ----
ProgramVariant 906
 
time(sec)= 5744
operation: ReplaceOp
location= org.jfree.data.statistics.DefaultStatisticalCategoryDataset
line= 111
lineSuspiciousness= 0.816
original statement= result = masd.getMean()
fixed statement= org.jfree.data.statistics.DefaultStatisticalCategoryDataset.this.minimumRangeValue = java.lang.Double.NaN
generation= 453
ingredientScope= LOCAL
validation=
failing: |true|0|36|[]|
manual_regression: |true|0|3243|[]|
evo_regression: |false|4|69|[test55(org.jfree.data.statistics.DefaultStatisticalCategoryDataset_ESTest): null-, test07(org.jfree.data.statistics.DefaultStatisticalCategoryDataset_ESTest): null-, test42(org.jfree.data.statistics.DefaultStatisticalCategoryDataset_ESTest): null-, test24(org.jfree.data.statistics.DefaultStatisticalCategoryDataset_ESTest): null-]|
 ----
ProgramVariant 990
 
time(sec)= 6117
operation: InsertAfterOp
location= org.jfree.data.statistics.DefaultStatisticalCategoryDataset
line= 111
lineSuspiciousness= 0.816
original statement= result = masd.getMean()
fixed statement= return null
generation= 495
ingredientScope= PACKAGE
validation=
failing: |true|0|36|[]|
manual_regression: |true|0|3243|[]|
evo_regression: |false|4|69|[test55(org.jfree.data.statistics.DefaultStatisticalCategoryDataset_ESTest): null-, test07(org.jfree.data.statistics.DefaultStatisticalCategoryDataset_ESTest): null-, test42(org.jfree.data.statistics.DefaultStatisticalCategoryDataset_ESTest): null-, test24(org.jfree.data.statistics.DefaultStatisticalCategoryDataset_ESTest): null-]|
 ----
ProgramVariant 1150
 
time(sec)= 6653
operation: ReplaceOp
location= org.jfree.data.statistics.MeanAndStandardDeviation
line= 95
lineSuspiciousness= 0.816
original statement= return org.jfree.data.statistics.MeanAndStandardDeviation.this.mean
fixed statement= return null
generation= 575
ingredientScope= PACKAGE
validation=
failing: |true|0|36|[]|
manual_regression: |true|0|3243|[]|
evo_regression: |false|2|14|[test06(org.jfree.data.statistics.MeanAndStandardDeviation_ESTest): null-, test07(org.jfree.data.statistics.MeanAndStandardDeviation_ESTest): null-]|
 ----
ProgramVariant 1172
 
time(sec)= 6785
operation: RemoveOp
location= org.jfree.data.KeyedObjects2D
line= 112
lineSuspiciousness= 0.516
original statement= if (columnKey != null) {
	result = rowData.getObject(columnKey);
} 
fixed statement= 
generation= 586
ingredientScope= -
validation=
failing: |true|0|36|[]|
manual_regression: |true|0|3243|[]|
evo_regression: |false|4|47|[test35(org.jfree.data.KeyedObjects2D_ESTest): null-, test43(org.jfree.data.KeyedObjects2D_ESTest): null-, test24(org.jfree.data.KeyedObjects2D_ESTest): Expecting exception: NullPointerException-, test26(org.jfree.data.KeyedObjects2D_ESTest): null-]|
[INFO ] fr.inria.main.evolution.AstorMain.run(AstorMain.java:397) - Time Total(s): 9107.167


Node: graphene-108.nancy.grid5000.fr


Date: Fri Jan 13 00:56:43 CET 2017

removed classes 

zipped 

copied zip 


