seed AstorRun 29 
export PATH="/home/mmartinez/defects4j/framework/bin:$PATH";export JAVA_TOOL_OPTIONS=-Dfile.encoding=UTF8;export PATH="/usr/lib/jvm/java-1.7.0-openjdk-amd64/bin/:$PATH";cd /home/mmartinez/projects/math/math_50;defects4j compile;cp -r /home/mmartinez/projects/math/math_50 /tmp/math_50_Genprog_local_s1;cd /tmp/math_50_Genprog_local_s1;mkdir lib/;cp -r /home/mmartinez/defects4j/framework/projects/lib/* lib/;cp -r /home/mmartinez/defects4j/framework/projects/Math/lib/* lib/;find . -type f -name "package-info.java" -delete;
/home/mmartinez/defects4j-repair/src/python/core/../../../results/2016-june/Math/seed/29/package/50/Genprog/result
cd /tmp/math_50_Genprog_local_s1;export JAVA_TOOL_OPTIONS=-Dfile.encoding=UTF8;TZ="America/New_York"; export TZexport PATH="/usr/lib/jvm/java-1.7.0-openjdk-amd64/bin/:$PATH";time /home/mmartinez/jdk1.8.0_45/bin//java -Xmx4096m -cp /home/mmartinez/defects4j-repair/src/python/core/../../..//libs/astor.jar fr.inria.main.evolution.MainjGenProg -mode statement -location . -id Math -dependencies lib/ -failing org.apache.commons.math.analysis.solvers.RegulaFalsiSolverTest: -package org.apache.commons -jvm4testexecution /usr/lib/jvm/java-1.7.0-openjdk-amd64/bin/ -jvm4evosuitetestexecution /home/mmartinez/jdk1.8.0_45/bin/ -javacompliancelevel 5 -maxgen 1000000 -seed 29 -scope package -maxtime 120  -stopfirst false -population 1 -srcjavafolder src/main/java/ -srctestfolder src/test/java/ -binjavafolder target/classes/ -bintestfolder target/test-classes/ -flthreshold 0.1  -validation  fr.inria.astor.core.validation.validators.RegressionValidation  -ESParameters -Dassertion_timeout=1800:-Dminimization_timeout=1800:-Djunit_check_timeout=1800:-Dwrite_junit_timeout=300:-Dinitialization_timeout=300:-Dglobal_timeout=18000:-Dsearch_budget=100000:-Dstopping_condition=MaxStatements:-Dno_runtime_dependency=true:-Dsandbox=false:-Dp_reflection_on_private=0.0:-Dreflection_start_percent=1.0:-Dp_functional_mocking=0.0:-Dfunctional_mocking_percent=1.0:-mem=2000 -testbystep  -ignoredtestcases org.apache.commons.lang.LocaleUtilsTest  -excludeRegression  -maxgen 100000000 ;echo "

Node: `hostname`
";echo "
Date: `date`
"; find /tmp/math_50_Genprog_local_s1/outputMutation -name "*.class" -type f -delete;echo "removed classes 
"; find . -name bin  -type d -print0|xargs -0 rm -r --; zip -r -q out.zip /tmp/math_50_Genprog_local_s1/outputMutation; echo "zipped 
";cp out.zip /home/mmartinez/defects4j-repair/src/python/core/../../../results/2016-june/Math/seed/29/package/50/Genprog; echo "copied zip 
";rm -rf /tmp/math_50_Genprog_local_s1;

[DEBUG] fr.inria.astor.core.loop.AstorCoreEngine.showResults(AstorCoreEngine.java:136) - End Repair Loops: Found solution
[DEBUG] fr.inria.astor.core.loop.AstorCoreEngine.showResults(AstorCoreEngine.java:137) - Solution stored at: /tmp/math_50_Genprog_local_s1/./outputMutation/AstorMain-Math//src/
[DEBUG] fr.inria.astor.core.loop.AstorCoreEngine.showResults(AstorCoreEngine.java:142) - 
Number solutions:30
[DEBUG] fr.inria.astor.core.loop.AstorCoreEngine.showResults(AstorCoreEngine.java:144) - f (sol): 2.0, [Variant id: 18 (SOL) , #gens: 36, #ops: 1, parent:17]
[DEBUG] fr.inria.astor.core.loop.AstorCoreEngine.showResults(AstorCoreEngine.java:144) - f (sol): 2.0, [Variant id: 20 (SOL) , #gens: 37, #ops: 1, parent:19]
[DEBUG] fr.inria.astor.core.loop.AstorCoreEngine.showResults(AstorCoreEngine.java:144) - f (sol): 10.0, [Variant id: 64 (SOL) , #gens: 36, #ops: 1, parent:63]
[DEBUG] fr.inria.astor.core.loop.AstorCoreEngine.showResults(AstorCoreEngine.java:144) - f (sol): 2.0, [Variant id: 70 (SOL) , #gens: 36, #ops: 1, parent:69]
[DEBUG] fr.inria.astor.core.loop.AstorCoreEngine.showResults(AstorCoreEngine.java:144) - f (sol): 2.0, [Variant id: 98 (SOL) , #gens: 36, #ops: 1, parent:97]
[DEBUG] fr.inria.astor.core.loop.AstorCoreEngine.showResults(AstorCoreEngine.java:144) - f (sol): 2.0, [Variant id: 152 (SOL) , #gens: 37, #ops: 1, parent:151]
[DEBUG] fr.inria.astor.core.loop.AstorCoreEngine.showResults(AstorCoreEngine.java:144) - f (sol): 2.0, [Variant id: 156 (SOL) , #gens: 37, #ops: 1, parent:155]
[DEBUG] fr.inria.astor.core.loop.AstorCoreEngine.showResults(AstorCoreEngine.java:144) - f (sol): 2.0, [Variant id: 190 (SOL) , #gens: 36, #ops: 1, parent:189]
[DEBUG] fr.inria.astor.core.loop.AstorCoreEngine.showResults(AstorCoreEngine.java:144) - f (sol): 2.0, [Variant id: 210 (SOL) , #gens: 37, #ops: 1, parent:209]
[DEBUG] fr.inria.astor.core.loop.AstorCoreEngine.showResults(AstorCoreEngine.java:144) - f (sol): 2.0, [Variant id: 212 (SOL) , #gens: 36, #ops: 1, parent:211]
[DEBUG] fr.inria.astor.core.loop.AstorCoreEngine.showResults(AstorCoreEngine.java:144) - f (sol): 2.0, [Variant id: 222 (SOL) , #gens: 36, #ops: 1, parent:221]
[DEBUG] fr.inria.astor.core.loop.AstorCoreEngine.showResults(AstorCoreEngine.java:144) - f (sol): 0.0, [Variant id: 246 (SOL) , #gens: 38, #ops: 1, parent:245]
[DEBUG] fr.inria.astor.core.loop.AstorCoreEngine.showResults(AstorCoreEngine.java:144) - f (sol): 2.0, [Variant id: 266 (SOL) , #gens: 36, #ops: 1, parent:265]
[DEBUG] fr.inria.astor.core.loop.AstorCoreEngine.showResults(AstorCoreEngine.java:144) - f (sol): 2.0, [Variant id: 268 (SOL) , #gens: 36, #ops: 1, parent:267]
[DEBUG] fr.inria.astor.core.loop.AstorCoreEngine.showResults(AstorCoreEngine.java:144) - f (sol): 2.0, [Variant id: 320 (SOL) , #gens: 37, #ops: 1, parent:319]
[DEBUG] fr.inria.astor.core.loop.AstorCoreEngine.showResults(AstorCoreEngine.java:144) - f (sol): 2.0, [Variant id: 330 (SOL) , #gens: 36, #ops: 1, parent:329]
[DEBUG] fr.inria.astor.core.loop.AstorCoreEngine.showResults(AstorCoreEngine.java:144) - f (sol): 10.0, [Variant id: 368 (SOL) , #gens: 36, #ops: 1, parent:367]
[DEBUG] fr.inria.astor.core.loop.AstorCoreEngine.showResults(AstorCoreEngine.java:144) - f (sol): 2.0, [Variant id: 382 (SOL) , #gens: 37, #ops: 1, parent:381]
[DEBUG] fr.inria.astor.core.loop.AstorCoreEngine.showResults(AstorCoreEngine.java:144) - f (sol): 0.0, [Variant id: 478 (SOL) , #gens: 38, #ops: 1, parent:477]
[DEBUG] fr.inria.astor.core.loop.AstorCoreEngine.showResults(AstorCoreEngine.java:144) - f (sol): 2.0, [Variant id: 546 (SOL) , #gens: 37, #ops: 1, parent:545]
[DEBUG] fr.inria.astor.core.loop.AstorCoreEngine.showResults(AstorCoreEngine.java:144) - f (sol): 2.0, [Variant id: 610 (SOL) , #gens: 36, #ops: 1, parent:609]
[DEBUG] fr.inria.astor.core.loop.AstorCoreEngine.showResults(AstorCoreEngine.java:144) - f (sol): 2.0, [Variant id: 640 (SOL) , #gens: 36, #ops: 1, parent:639]
[DEBUG] fr.inria.astor.core.loop.AstorCoreEngine.showResults(AstorCoreEngine.java:144) - f (sol): 2.0, [Variant id: 690 (SOL) , #gens: 36, #ops: 1, parent:689]
[DEBUG] fr.inria.astor.core.loop.AstorCoreEngine.showResults(AstorCoreEngine.java:144) - f (sol): 0.0, [Variant id: 704 (SOL) , #gens: 38, #ops: 1, parent:703]
[DEBUG] fr.inria.astor.core.loop.AstorCoreEngine.showResults(AstorCoreEngine.java:144) - f (sol): 2.0, [Variant id: 746 (SOL) , #gens: 36, #ops: 1, parent:745]
[DEBUG] fr.inria.astor.core.loop.AstorCoreEngine.showResults(AstorCoreEngine.java:144) - f (sol): 2.0, [Variant id: 808 (SOL) , #gens: 36, #ops: 1, parent:807]
[DEBUG] fr.inria.astor.core.loop.AstorCoreEngine.showResults(AstorCoreEngine.java:144) - f (sol): 2.0, [Variant id: 844 (SOL) , #gens: 36, #ops: 1, parent:843]
[DEBUG] fr.inria.astor.core.loop.AstorCoreEngine.showResults(AstorCoreEngine.java:144) - f (sol): 0.0, [Variant id: 918 (SOL) , #gens: 38, #ops: 1, parent:917]
[DEBUG] fr.inria.astor.core.loop.AstorCoreEngine.showResults(AstorCoreEngine.java:144) - f (sol): 0.0, [Variant id: 958 (SOL) , #gens: 38, #ops: 1, parent:957]
[DEBUG] fr.inria.astor.core.loop.AstorCoreEngine.showResults(AstorCoreEngine.java:144) - f (sol): 10.0, [Variant id: 962 (SOL) , #gens: 36, #ops: 1, parent:961]
[DEBUG] fr.inria.astor.core.loop.AstorCoreEngine.showResults(AstorCoreEngine.java:146) - 
All variants:
[DEBUG] fr.inria.astor.core.loop.AstorCoreEngine.showResults(AstorCoreEngine.java:148) - f 1.0, [Variant id: 963, #gens: 37, #ops: 0, parent:-]
[INFO ] fr.inria.astor.core.loop.AstorCoreEngine.showResults(AstorCoreEngine.java:152) - 
Solution details
[INFO ] fr.inria.astor.core.loop.AstorCoreEngine.showResults(AstorCoreEngine.java:153) - 
 --SOLUTIONS DESCRIPTION--

 ----
ProgramVariant 18
 
time(sec)= 435
operation: RemoveOp
location= org.apache.commons.math.analysis.solvers.BaseSecantSolver
line= 188
lineSuspiciousness= 0.707
original statement= x0 = 0.5 * ((x0 + x1) - (org.apache.commons.math.util.FastMath.max((rtol * (org.apache.commons.math.util.FastMath.abs(x1))), atol)))
fixed statement= 
generation= 9
ingredientScope= -
validation=
failing: |true|0|9|[]|
manual_regression: |true|0|2897|[]|
evo_regression: |false|2|37|[test23(org.apache.commons.math.analysis.solvers.BaseSecantSolver_ESTest): illegal state: maximal count (126) exceeded: evaluations-, test20(org.apache.commons.math.analysis.solvers.BaseSecantSolver_ESTest): illegal state: maximal count (437) exceeded: evaluations-]|
 ----
ProgramVariant 20
 
time(sec)= 619
operation: ReplaceOp
location= org.apache.commons.math.analysis.solvers.BaseSecantSolver
line= 189
lineSuspiciousness= 0.707
original statement= f0 = computeObjectiveValue(x0)
fixed statement= f0 = f1
generation= 10
ingredientScope= LOCAL
validation=
failing: |true|0|9|[]|
manual_regression: |true|0|2897|[]|
evo_regression: |false|2|37|[test23(org.apache.commons.math.analysis.solvers.BaseSecantSolver_ESTest): illegal state: maximal count (126) exceeded: evaluations-, test20(org.apache.commons.math.analysis.solvers.BaseSecantSolver_ESTest): illegal state: maximal count (437) exceeded: evaluations-]|
 ----
ProgramVariant 64
 
time(sec)= 866
operation: RemoveOp
location= org.apache.commons.math.analysis.solvers.BaseSecantSolver
line= 178
lineSuspiciousness= 0.151
original statement= switch (method) {
	case ILLINOIS :
		f0 *= 0.5;
		break;
	case PEGASUS :
		f0 *= f1 / (f1 + fx);
		break;
	case REGULA_FALSI :
		if (x == x1) {
			x0 = 0.5 * ((x0 + x1) - (org.apache.commons.math.util.FastMath.max((rtol * (org.apache.commons.math.util.FastMath.abs(x1))), atol)));
			f0 = computeObjectiveValue(x0);
		} 
		break;
	default :
		throw new org.apache.commons.math.exception.MathInternalError();
}
fixed statement= 
generation= 32
ingredientScope= -
validation=
failing: |true|0|9|[]|
manual_regression: |false|3|2897|[testQuinticZero(org.apache.commons.math.analysis.solvers.IllinoisSolverTest): null-, testQuinticZero(org.apache.commons.math.analysis.solvers.PegasusSolverTest): null-, testOverlappingEvents1(org.apache.commons.math.ode.events.OverlappingEventsTest): illegal state: maximal count (999) exceeded: evaluations-]|
evo_regression: |false|7|37|[test30(org.apache.commons.math.analysis.solvers.BaseSecantSolver_ESTest): expected:<1184.380430403352> but was:<2195.9732648592653>-, test19(org.apache.commons.math.analysis.solvers.BaseSecantSolver_ESTest): illegal state: maximal count (1, 093) exceeded: evaluations-, test26(org.apache.commons.math.analysis.solvers.BaseSecantSolver_ESTest): expected:<1831.5485170492127> but was:<581.1946409141118>-, test27(org.apache.commons.math.analysis.solvers.BaseSecantSolver_ESTest): test timed out after 4000 milliseconds-, test23(org.apache.commons.math.analysis.solvers.BaseSecantSolver_ESTest): illegal state: maximal count (126) exceeded: evaluations-, test20(org.apache.commons.math.analysis.solvers.BaseSecantSolver_ESTest): illegal state: maximal count (437) exceeded: evaluations-, test21(org.apache.commons.math.analysis.solvers.BaseSecantSolver_ESTest): expected:<-546.6371214085897> but was:<-502.6548245743669>-]|
 ----
ProgramVariant 70
 
time(sec)= 1040
operation: RemoveOp
location= org.apache.commons.math.analysis.solvers.BaseSecantSolver
line= 188
lineSuspiciousness= 0.707
original statement= x0 = 0.5 * ((x0 + x1) - (org.apache.commons.math.util.FastMath.max((rtol * (org.apache.commons.math.util.FastMath.abs(x1))), atol)))
fixed statement= 
generation= 35
ingredientScope= -
validation=
failing: |true|0|9|[]|
manual_regression: |true|0|2897|[]|
evo_regression: |false|2|37|[test23(org.apache.commons.math.analysis.solvers.BaseSecantSolver_ESTest): illegal state: maximal count (126) exceeded: evaluations-, test20(org.apache.commons.math.analysis.solvers.BaseSecantSolver_ESTest): illegal state: maximal count (437) exceeded: evaluations-]|
 ----
ProgramVariant 98
 
time(sec)= 1300
operation: RemoveOp
location= org.apache.commons.math.analysis.solvers.BaseSecantSolver
line= 188
lineSuspiciousness= 0.707
original statement= x0 = 0.5 * ((x0 + x1) - (org.apache.commons.math.util.FastMath.max((rtol * (org.apache.commons.math.util.FastMath.abs(x1))), atol)))
fixed statement= 
generation= 49
ingredientScope= -
validation=
failing: |true|0|9|[]|
manual_regression: |true|0|2897|[]|
evo_regression: |false|2|37|[test23(org.apache.commons.math.analysis.solvers.BaseSecantSolver_ESTest): illegal state: maximal count (126) exceeded: evaluations-, test20(org.apache.commons.math.analysis.solvers.BaseSecantSolver_ESTest): illegal state: maximal count (437) exceeded: evaluations-]|
 ----
ProgramVariant 152
 
time(sec)= 1580
operation: ReplaceOp
location= org.apache.commons.math.analysis.solvers.BaseSecantSolver
line= 188
lineSuspiciousness= 0.707
original statement= x0 = 0.5 * ((x0 + x1) - (org.apache.commons.math.util.FastMath.max((rtol * (org.apache.commons.math.util.FastMath.abs(x1))), atol)))
fixed statement= inverted = !inverted
generation= 76
ingredientScope= LOCAL
validation=
failing: |true|0|9|[]|
manual_regression: |true|0|2897|[]|
evo_regression: |false|2|37|[test23(org.apache.commons.math.analysis.solvers.BaseSecantSolver_ESTest): illegal state: maximal count (126) exceeded: evaluations-, test20(org.apache.commons.math.analysis.solvers.BaseSecantSolver_ESTest): illegal state: maximal count (437) exceeded: evaluations-]|
 ----
ProgramVariant 156
 
time(sec)= 1757
operation: ReplaceOp
location= org.apache.commons.math.analysis.solvers.BaseSecantSolver
line= 188
lineSuspiciousness= 0.707
original statement= x0 = 0.5 * ((x0 + x1) - (org.apache.commons.math.util.FastMath.max((rtol * (org.apache.commons.math.util.FastMath.abs(x1))), atol)))
fixed statement= f0 = computeObjectiveValue(x0)
generation= 78
ingredientScope= LOCAL
validation=
failing: |true|0|9|[]|
manual_regression: |true|0|2897|[]|
evo_regression: |false|2|37|[test23(org.apache.commons.math.analysis.solvers.BaseSecantSolver_ESTest): illegal state: maximal count (126) exceeded: evaluations-, test20(org.apache.commons.math.analysis.solvers.BaseSecantSolver_ESTest): illegal state: maximal count (437) exceeded: evaluations-]|
 ----
ProgramVariant 190
 
time(sec)= 1976
operation: RemoveOp
location= org.apache.commons.math.analysis.solvers.BaseSecantSolver
line= 188
lineSuspiciousness= 0.707
original statement= x0 = 0.5 * ((x0 + x1) - (org.apache.commons.math.util.FastMath.max((rtol * (org.apache.commons.math.util.FastMath.abs(x1))), atol)))
fixed statement= 
generation= 95
ingredientScope= -
validation=
failing: |true|0|9|[]|
manual_regression: |true|0|2897|[]|
evo_regression: |false|2|37|[test23(org.apache.commons.math.analysis.solvers.BaseSecantSolver_ESTest): illegal state: maximal count (126) exceeded: evaluations-, test20(org.apache.commons.math.analysis.solvers.BaseSecantSolver_ESTest): illegal state: maximal count (437) exceeded: evaluations-]|
 ----
ProgramVariant 210
 
time(sec)= 2189
operation: ReplaceOp
location= org.apache.commons.math.analysis.solvers.BaseSecantSolver
line= 188
lineSuspiciousness= 0.707
original statement= x0 = 0.5 * ((x0 + x1) - (org.apache.commons.math.util.FastMath.max((rtol * (org.apache.commons.math.util.FastMath.abs(x1))), atol)))
fixed statement= org.apache.commons.math.analysis.solvers.BaseSecantSolver.this.allowed = org.apache.commons.math.analysis.solvers.AllowedSolution.ANY_SIDE
generation= 105
ingredientScope= LOCAL
validation=
failing: |true|0|9|[]|
manual_regression: |true|0|2897|[]|
evo_regression: |false|2|37|[test23(org.apache.commons.math.analysis.solvers.BaseSecantSolver_ESTest): illegal state: maximal count (126) exceeded: evaluations-, test20(org.apache.commons.math.analysis.solvers.BaseSecantSolver_ESTest): illegal state: maximal count (437) exceeded: evaluations-]|
 ----
ProgramVariant 212
 
time(sec)= 2363
operation: RemoveOp
location= org.apache.commons.math.analysis.solvers.BaseSecantSolver
line= 188
lineSuspiciousness= 0.707
original statement= x0 = 0.5 * ((x0 + x1) - (org.apache.commons.math.util.FastMath.max((rtol * (org.apache.commons.math.util.FastMath.abs(x1))), atol)))
fixed statement= 
generation= 106
ingredientScope= -
validation=
failing: |true|0|9|[]|
manual_regression: |true|0|2897|[]|
evo_regression: |false|2|37|[test23(org.apache.commons.math.analysis.solvers.BaseSecantSolver_ESTest): illegal state: maximal count (126) exceeded: evaluations-, test20(org.apache.commons.math.analysis.solvers.BaseSecantSolver_ESTest): illegal state: maximal count (437) exceeded: evaluations-]|
 ----
ProgramVariant 222
 
time(sec)= 2581
operation: RemoveOp
location= org.apache.commons.math.analysis.solvers.BaseSecantSolver
line= 188
lineSuspiciousness= 0.707
original statement= x0 = 0.5 * ((x0 + x1) - (org.apache.commons.math.util.FastMath.max((rtol * (org.apache.commons.math.util.FastMath.abs(x1))), atol)))
fixed statement= 
generation= 111
ingredientScope= -
validation=
failing: |true|0|9|[]|
manual_regression: |true|0|2897|[]|
evo_regression: |false|2|37|[test23(org.apache.commons.math.analysis.solvers.BaseSecantSolver_ESTest): illegal state: maximal count (126) exceeded: evaluations-, test20(org.apache.commons.math.analysis.solvers.BaseSecantSolver_ESTest): illegal state: maximal count (437) exceeded: evaluations-]|
 ----
ProgramVariant 246
 
time(sec)= 2791
operation: InsertBeforeOp
location= org.apache.commons.math.analysis.solvers.BaseSecantSolver
line= 188
lineSuspiciousness= 0.707
original statement= x0 = 0.5 * ((x0 + x1) - (org.apache.commons.math.util.FastMath.max((rtol * (org.apache.commons.math.util.FastMath.abs(x1))), atol)))
fixed statement= double y0 = computeObjectiveValue(x0)
generation= 123
ingredientScope= PACKAGE
validation=
failing: |true|0|9|[]|
manual_regression: |true|0|2897|[]|
evo_regression: |true|0|37|[]|
 ----
ProgramVariant 266
 
time(sec)= 3014
operation: RemoveOp
location= org.apache.commons.math.analysis.solvers.BaseSecantSolver
line= 188
lineSuspiciousness= 0.707
original statement= x0 = 0.5 * ((x0 + x1) - (org.apache.commons.math.util.FastMath.max((rtol * (org.apache.commons.math.util.FastMath.abs(x1))), atol)))
fixed statement= 
generation= 133
ingredientScope= -
validation=
failing: |true|0|9|[]|
manual_regression: |true|0|2897|[]|
evo_regression: |false|2|37|[test23(org.apache.commons.math.analysis.solvers.BaseSecantSolver_ESTest): illegal state: maximal count (126) exceeded: evaluations-, test20(org.apache.commons.math.analysis.solvers.BaseSecantSolver_ESTest): illegal state: maximal count (437) exceeded: evaluations-]|
 ----
ProgramVariant 268
 
time(sec)= 3187
operation: RemoveOp
location= org.apache.commons.math.analysis.solvers.BaseSecantSolver
line= 188
lineSuspiciousness= 0.707
original statement= x0 = 0.5 * ((x0 + x1) - (org.apache.commons.math.util.FastMath.max((rtol * (org.apache.commons.math.util.FastMath.abs(x1))), atol)))
fixed statement= 
generation= 134
ingredientScope= -
validation=
failing: |true|0|9|[]|
manual_regression: |true|0|2897|[]|
evo_regression: |false|2|37|[test23(org.apache.commons.math.analysis.solvers.BaseSecantSolver_ESTest): illegal state: maximal count (126) exceeded: evaluations-, test20(org.apache.commons.math.analysis.solvers.BaseSecantSolver_ESTest): illegal state: maximal count (437) exceeded: evaluations-]|
 ----
ProgramVariant 320
 
time(sec)= 3447
operation: ReplaceOp
location= org.apache.commons.math.analysis.solvers.BaseSecantSolver
line= 188
lineSuspiciousness= 0.707
original statement= x0 = 0.5 * ((x0 + x1) - (org.apache.commons.math.util.FastMath.max((rtol * (org.apache.commons.math.util.FastMath.abs(x1))), atol)))
fixed statement= f0 = f1
generation= 160
ingredientScope= LOCAL
validation=
failing: |true|0|9|[]|
manual_regression: |true|0|2897|[]|
evo_regression: |false|2|37|[test23(org.apache.commons.math.analysis.solvers.BaseSecantSolver_ESTest): illegal state: maximal count (126) exceeded: evaluations-, test20(org.apache.commons.math.analysis.solvers.BaseSecantSolver_ESTest): illegal state: maximal count (437) exceeded: evaluations-]|
 ----
ProgramVariant 330
 
time(sec)= 3632
operation: RemoveOp
location= org.apache.commons.math.analysis.solvers.BaseSecantSolver
line= 188
lineSuspiciousness= 0.707
original statement= x0 = 0.5 * ((x0 + x1) - (org.apache.commons.math.util.FastMath.max((rtol * (org.apache.commons.math.util.FastMath.abs(x1))), atol)))
fixed statement= 
generation= 165
ingredientScope= -
validation=
failing: |true|0|9|[]|
manual_regression: |true|0|2897|[]|
evo_regression: |false|2|37|[test23(org.apache.commons.math.analysis.solvers.BaseSecantSolver_ESTest): illegal state: maximal count (126) exceeded: evaluations-, test20(org.apache.commons.math.analysis.solvers.BaseSecantSolver_ESTest): illegal state: maximal count (437) exceeded: evaluations-]|
 ----
ProgramVariant 368
 
time(sec)= 3925
operation: RemoveOp
location= org.apache.commons.math.analysis.solvers.BaseSecantSolver
line= 178
lineSuspiciousness= 0.151
original statement= switch (method) {
	case ILLINOIS :
		f0 *= 0.5;
		break;
	case PEGASUS :
		f0 *= f1 / (f1 + fx);
		break;
	case REGULA_FALSI :
		if (x == x1) {
			x0 = 0.5 * ((x0 + x1) - (org.apache.commons.math.util.FastMath.max((rtol * (org.apache.commons.math.util.FastMath.abs(x1))), atol)));
			f0 = computeObjectiveValue(x0);
		} 
		break;
	default :
		throw new org.apache.commons.math.exception.MathInternalError();
}
fixed statement= 
generation= 184
ingredientScope= -
validation=
failing: |true|0|9|[]|
manual_regression: |false|3|2897|[testQuinticZero(org.apache.commons.math.analysis.solvers.IllinoisSolverTest): null-, testQuinticZero(org.apache.commons.math.analysis.solvers.PegasusSolverTest): null-, testOverlappingEvents1(org.apache.commons.math.ode.events.OverlappingEventsTest): illegal state: maximal count (999) exceeded: evaluations-]|
evo_regression: |false|7|37|[test30(org.apache.commons.math.analysis.solvers.BaseSecantSolver_ESTest): expected:<1184.380430403352> but was:<2195.9732648592653>-, test19(org.apache.commons.math.analysis.solvers.BaseSecantSolver_ESTest): illegal state: maximal count (1, 093) exceeded: evaluations-, test26(org.apache.commons.math.analysis.solvers.BaseSecantSolver_ESTest): expected:<1831.5485170492127> but was:<581.1946409141118>-, test27(org.apache.commons.math.analysis.solvers.BaseSecantSolver_ESTest): test timed out after 4000 milliseconds-, test23(org.apache.commons.math.analysis.solvers.BaseSecantSolver_ESTest): illegal state: maximal count (126) exceeded: evaluations-, test20(org.apache.commons.math.analysis.solvers.BaseSecantSolver_ESTest): illegal state: maximal count (437) exceeded: evaluations-, test21(org.apache.commons.math.analysis.solvers.BaseSecantSolver_ESTest): expected:<-546.6371214085897> but was:<-502.6548245743669>-]|
 ----
ProgramVariant 382
 
time(sec)= 4135
operation: ReplaceOp
location= org.apache.commons.math.analysis.solvers.BaseSecantSolver
line= 188
lineSuspiciousness= 0.707
original statement= x0 = 0.5 * ((x0 + x1) - (org.apache.commons.math.util.FastMath.max((rtol * (org.apache.commons.math.util.FastMath.abs(x1))), atol)))
fixed statement= f1 = fx
generation= 191
ingredientScope= LOCAL
validation=
failing: |true|0|9|[]|
manual_regression: |true|0|2897|[]|
evo_regression: |false|2|37|[test23(org.apache.commons.math.analysis.solvers.BaseSecantSolver_ESTest): illegal state: maximal count (126) exceeded: evaluations-, test20(org.apache.commons.math.analysis.solvers.BaseSecantSolver_ESTest): illegal state: maximal count (437) exceeded: evaluations-]|
 ----
ProgramVariant 478
 
time(sec)= 4552
operation: InsertBeforeOp
location= org.apache.commons.math.analysis.solvers.BaseSecantSolver
line= 189
lineSuspiciousness= 0.707
original statement= f0 = computeObjectiveValue(x0)
fixed statement= incrementEvaluationCount()
generation= 239
ingredientScope= PACKAGE
validation=
failing: |true|0|9|[]|
manual_regression: |true|0|2897|[]|
evo_regression: |true|0|37|[]|
 ----
ProgramVariant 546
 
time(sec)= 4846
operation: ReplaceOp
location= org.apache.commons.math.analysis.solvers.BaseSecantSolver
line= 188
lineSuspiciousness= 0.707
original statement= x0 = 0.5 * ((x0 + x1) - (org.apache.commons.math.util.FastMath.max((rtol * (org.apache.commons.math.util.FastMath.abs(x1))), atol)))
fixed statement= x1 = x
generation= 273
ingredientScope= LOCAL
validation=
failing: |true|0|9|[]|
manual_regression: |true|0|2897|[]|
evo_regression: |false|2|37|[test23(org.apache.commons.math.analysis.solvers.BaseSecantSolver_ESTest): illegal state: maximal count (126) exceeded: evaluations-, test20(org.apache.commons.math.analysis.solvers.BaseSecantSolver_ESTest): illegal state: maximal count (437) exceeded: evaluations-]|
 ----
ProgramVariant 610
 
time(sec)= 5097
operation: RemoveOp
location= org.apache.commons.math.analysis.solvers.BaseSecantSolver
line= 188
lineSuspiciousness= 0.707
original statement= x0 = 0.5 * ((x0 + x1) - (org.apache.commons.math.util.FastMath.max((rtol * (org.apache.commons.math.util.FastMath.abs(x1))), atol)))
fixed statement= 
generation= 305
ingredientScope= -
validation=
failing: |true|0|9|[]|
manual_regression: |true|0|2897|[]|
evo_regression: |false|2|37|[test23(org.apache.commons.math.analysis.solvers.BaseSecantSolver_ESTest): illegal state: maximal count (126) exceeded: evaluations-, test20(org.apache.commons.math.analysis.solvers.BaseSecantSolver_ESTest): illegal state: maximal count (437) exceeded: evaluations-]|
 ----
ProgramVariant 640
 
time(sec)= 5321
operation: RemoveOp
location= org.apache.commons.math.analysis.solvers.BaseSecantSolver
line= 188
lineSuspiciousness= 0.707
original statement= x0 = 0.5 * ((x0 + x1) - (org.apache.commons.math.util.FastMath.max((rtol * (org.apache.commons.math.util.FastMath.abs(x1))), atol)))
fixed statement= 
generation= 320
ingredientScope= -
validation=
failing: |true|0|9|[]|
manual_regression: |true|0|2897|[]|
evo_regression: |false|2|37|[test23(org.apache.commons.math.analysis.solvers.BaseSecantSolver_ESTest): illegal state: maximal count (126) exceeded: evaluations-, test20(org.apache.commons.math.analysis.solvers.BaseSecantSolver_ESTest): illegal state: maximal count (437) exceeded: evaluations-]|
 ----
ProgramVariant 690
 
time(sec)= 5566
operation: RemoveOp
location= org.apache.commons.math.analysis.solvers.BaseSecantSolver
line= 188
lineSuspiciousness= 0.707
original statement= x0 = 0.5 * ((x0 + x1) - (org.apache.commons.math.util.FastMath.max((rtol * (org.apache.commons.math.util.FastMath.abs(x1))), atol)))
fixed statement= 
generation= 345
ingredientScope= -
validation=
failing: |true|0|9|[]|
manual_regression: |true|0|2897|[]|
evo_regression: |false|2|37|[test23(org.apache.commons.math.analysis.solvers.BaseSecantSolver_ESTest): illegal state: maximal count (126) exceeded: evaluations-, test20(org.apache.commons.math.analysis.solvers.BaseSecantSolver_ESTest): illegal state: maximal count (437) exceeded: evaluations-]|
 ----
ProgramVariant 704
 
time(sec)= 5763
operation: InsertBeforeOp
location= org.apache.commons.math.analysis.solvers.BaseSecantSolver
line= 188
lineSuspiciousness= 0.707
original statement= x0 = 0.5 * ((x0 + x1) - (org.apache.commons.math.util.FastMath.max((rtol * (org.apache.commons.math.util.FastMath.abs(x1))), atol)))
fixed statement= double y1 = computeObjectiveValue(x1)
generation= 352
ingredientScope= PACKAGE
validation=
failing: |true|0|9|[]|
manual_regression: |true|0|2897|[]|
evo_regression: |true|0|37|[]|
 ----
ProgramVariant 746
 
time(sec)= 5992
operation: RemoveOp
location= org.apache.commons.math.analysis.solvers.BaseSecantSolver
line= 188
lineSuspiciousness= 0.707
original statement= x0 = 0.5 * ((x0 + x1) - (org.apache.commons.math.util.FastMath.max((rtol * (org.apache.commons.math.util.FastMath.abs(x1))), atol)))
fixed statement= 
generation= 373
ingredientScope= -
validation=
failing: |true|0|9|[]|
manual_regression: |true|0|2897|[]|
evo_regression: |false|2|37|[test23(org.apache.commons.math.analysis.solvers.BaseSecantSolver_ESTest): illegal state: maximal count (126) exceeded: evaluations-, test20(org.apache.commons.math.analysis.solvers.BaseSecantSolver_ESTest): illegal state: maximal count (437) exceeded: evaluations-]|
 ----
ProgramVariant 808
 
time(sec)= 6373
operation: RemoveOp
location= org.apache.commons.math.analysis.solvers.BaseSecantSolver
line= 188
lineSuspiciousness= 0.707
original statement= x0 = 0.5 * ((x0 + x1) - (org.apache.commons.math.util.FastMath.max((rtol * (org.apache.commons.math.util.FastMath.abs(x1))), atol)))
fixed statement= 
generation= 404
ingredientScope= -
validation=
failing: |true|0|9|[]|
manual_regression: |true|0|2897|[]|
evo_regression: |false|2|37|[test23(org.apache.commons.math.analysis.solvers.BaseSecantSolver_ESTest): illegal state: maximal count (126) exceeded: evaluations-, test20(org.apache.commons.math.analysis.solvers.BaseSecantSolver_ESTest): illegal state: maximal count (437) exceeded: evaluations-]|
 ----
ProgramVariant 844
 
time(sec)= 6627
operation: RemoveOp
location= org.apache.commons.math.analysis.solvers.BaseSecantSolver
line= 188
lineSuspiciousness= 0.707
original statement= x0 = 0.5 * ((x0 + x1) - (org.apache.commons.math.util.FastMath.max((rtol * (org.apache.commons.math.util.FastMath.abs(x1))), atol)))
fixed statement= 
generation= 422
ingredientScope= -
validation=
failing: |true|0|9|[]|
manual_regression: |true|0|2897|[]|
evo_regression: |false|2|37|[test23(org.apache.commons.math.analysis.solvers.BaseSecantSolver_ESTest): illegal state: maximal count (126) exceeded: evaluations-, test20(org.apache.commons.math.analysis.solvers.BaseSecantSolver_ESTest): illegal state: maximal count (437) exceeded: evaluations-]|
 ----
ProgramVariant 918
 
time(sec)= 6920
operation: InsertBeforeOp
location= org.apache.commons.math.analysis.solvers.BaseSecantSolver
line= 188
lineSuspiciousness= 0.707
original statement= x0 = 0.5 * ((x0 + x1) - (org.apache.commons.math.util.FastMath.max((rtol * (org.apache.commons.math.util.FastMath.abs(x1))), atol)))
fixed statement= f0 = computeObjectiveValue(x0)
generation= 459
ingredientScope= LOCAL
validation=
failing: |true|0|9|[]|
manual_regression: |true|0|2897|[]|
evo_regression: |true|0|37|[]|
 ----
ProgramVariant 958
 
time(sec)= 7181
operation: InsertAfterOp
location= org.apache.commons.math.analysis.solvers.BaseSecantSolver
line= 188
lineSuspiciousness= 0.707
original statement= x0 = 0.5 * ((x0 + x1) - (org.apache.commons.math.util.FastMath.max((rtol * (org.apache.commons.math.util.FastMath.abs(x1))), atol)))
fixed statement= double y1 = computeObjectiveValue(x1)
generation= 479
ingredientScope= PACKAGE
validation=
failing: |true|0|9|[]|
manual_regression: |true|0|2897|[]|
evo_regression: |true|0|37|[]|
 ----
ProgramVariant 962
 
time(sec)= 7363
operation: RemoveOp
location= org.apache.commons.math.analysis.solvers.BaseSecantSolver
line= 178
lineSuspiciousness= 0.151
original statement= switch (method) {
	case ILLINOIS :
		f0 *= 0.5;
		break;
	case PEGASUS :
		f0 *= f1 / (f1 + fx);
		break;
	case REGULA_FALSI :
		if (x == x1) {
			x0 = 0.5 * ((x0 + x1) - (org.apache.commons.math.util.FastMath.max((rtol * (org.apache.commons.math.util.FastMath.abs(x1))), atol)));
			f0 = computeObjectiveValue(x0);
		} 
		break;
	default :
		throw new org.apache.commons.math.exception.MathInternalError();
}
fixed statement= 
generation= 481
ingredientScope= -
validation=
failing: |true|0|9|[]|
manual_regression: |false|3|2897|[testQuinticZero(org.apache.commons.math.analysis.solvers.IllinoisSolverTest): null-, testQuinticZero(org.apache.commons.math.analysis.solvers.PegasusSolverTest): null-, testOverlappingEvents1(org.apache.commons.math.ode.events.OverlappingEventsTest): illegal state: maximal count (999) exceeded: evaluations-]|
evo_regression: |false|7|37|[test30(org.apache.commons.math.analysis.solvers.BaseSecantSolver_ESTest): expected:<1184.380430403352> but was:<2195.9732648592653>-, test19(org.apache.commons.math.analysis.solvers.BaseSecantSolver_ESTest): illegal state: maximal count (1, 093) exceeded: evaluations-, test26(org.apache.commons.math.analysis.solvers.BaseSecantSolver_ESTest): expected:<1831.5485170492127> but was:<581.1946409141118>-, test27(org.apache.commons.math.analysis.solvers.BaseSecantSolver_ESTest): test timed out after 4000 milliseconds-, test23(org.apache.commons.math.analysis.solvers.BaseSecantSolver_ESTest): illegal state: maximal count (126) exceeded: evaluations-, test20(org.apache.commons.math.analysis.solvers.BaseSecantSolver_ESTest): illegal state: maximal count (437) exceeded: evaluations-, test21(org.apache.commons.math.analysis.solvers.BaseSecantSolver_ESTest): expected:<-546.6371214085897> but was:<-502.6548245743669>-]|
[INFO ] fr.inria.main.evolution.AstorMain.run(AstorMain.java:397) - Time Total(s): 7522.409


Node: grimoire-4.nancy.grid5000.fr


Date: Sun Jan 29 20:19:14 CET 2017

removed classes 

zipped 

copied zip 


