seed AstorRun 5 
export PATH="/home/mmartinez/defects4j/framework/bin:$PATH";export JAVA_TOOL_OPTIONS=-Dfile.encoding=UTF8;export PATH="/usr/lib/jvm/java-1.7.0-openjdk-amd64/bin/:$PATH";cd /home/mmartinez/projects/math/math_50;defects4j compile;cp -r /home/mmartinez/projects/math/math_50 /tmp/math_50_Genprog_local_s1;cd /tmp/math_50_Genprog_local_s1;mkdir lib/;cp -r /home/mmartinez/defects4j/framework/projects/lib/* lib/;cp -r /home/mmartinez/defects4j/framework/projects/Math/lib/* lib/;find . -type f -name "package-info.java" -delete;
/home/mmartinez/defects4j-repair/src/python/core/../../../results/2016-june/Math/seed/5/package/50/Genprog/result
cd /tmp/math_50_Genprog_local_s1;export JAVA_TOOL_OPTIONS=-Dfile.encoding=UTF8;TZ="America/New_York"; export TZexport PATH="/usr/lib/jvm/java-1.7.0-openjdk-amd64/bin/:$PATH";time /home/mmartinez/jdk1.8.0_45/bin//java -Xmx4096m -cp /home/mmartinez/defects4j-repair/src/python/core/../../..//libs/astor.jar fr.inria.main.evolution.MainjGenProg -mode statement -location . -id Math -dependencies lib/ -failing org.apache.commons.math.analysis.solvers.RegulaFalsiSolverTest: -package org.apache.commons -jvm4testexecution /usr/lib/jvm/java-1.7.0-openjdk-amd64/bin/ -jvm4evosuitetestexecution /home/mmartinez/jdk1.8.0_45/bin/ -javacompliancelevel 5 -maxgen 1000000 -seed 5 -scope package -maxtime 120  -stopfirst false -population 1 -srcjavafolder src/main/java/ -srctestfolder src/test/java/ -binjavafolder target/classes/ -bintestfolder target/test-classes/ -flthreshold 0.1  -validation  fr.inria.astor.core.validation.validators.RegressionValidation  -ESParameters -Dassertion_timeout=1800:-Dminimization_timeout=1800:-Djunit_check_timeout=1800:-Dwrite_junit_timeout=300:-Dinitialization_timeout=300:-Dglobal_timeout=18000:-Dsearch_budget=100000:-Dstopping_condition=MaxStatements:-Dno_runtime_dependency=true:-Dsandbox=false:-Dp_reflection_on_private=0.0:-Dreflection_start_percent=1.0:-Dp_functional_mocking=0.0:-Dfunctional_mocking_percent=1.0:-mem=2000 -ignoredtestcases org.apache.commons.lang.LocaleUtilsTest  -excludeRegression  -maxgen 100000000 ;echo "

Node: `hostname`
";echo "
Date: `date`
"; find /tmp/math_50_Genprog_local_s1/outputMutation -name "*.class" -type f -delete;echo "removed classes 
"; find . -name bin  -type d -print0|xargs -0 rm -r --; zip -r -q out.zip /tmp/math_50_Genprog_local_s1/outputMutation; echo "zipped 
";cp out.zip /home/mmartinez/defects4j-repair/src/python/core/../../../results/2016-june/Math/seed/5/package/50/Genprog; echo "copied zip 
";rm -rf /tmp/math_50_Genprog_local_s1;

[DEBUG] fr.inria.astor.core.loop.AstorCoreEngine.showResults(AstorCoreEngine.java:136) - End Repair Loops: Found solution
[DEBUG] fr.inria.astor.core.loop.AstorCoreEngine.showResults(AstorCoreEngine.java:137) - Solution stored at: /tmp/math_50_Genprog_local_s1/./outputMutation/AstorMain-Math//src/
[DEBUG] fr.inria.astor.core.loop.AstorCoreEngine.showResults(AstorCoreEngine.java:142) - 
Number solutions:26
[DEBUG] fr.inria.astor.core.loop.AstorCoreEngine.showResults(AstorCoreEngine.java:144) - f (sol): 0.0, [Variant id: 36 (SOL) , #gens: 36, #ops: 1, parent:35]
[DEBUG] fr.inria.astor.core.loop.AstorCoreEngine.showResults(AstorCoreEngine.java:144) - f (sol): 0.0, [Variant id: 50 (SOL) , #gens: 36, #ops: 1, parent:49]
[DEBUG] fr.inria.astor.core.loop.AstorCoreEngine.showResults(AstorCoreEngine.java:144) - f (sol): 0.0, [Variant id: 92 (SOL) , #gens: 36, #ops: 1, parent:91]
[DEBUG] fr.inria.astor.core.loop.AstorCoreEngine.showResults(AstorCoreEngine.java:144) - f (sol): 0.0, [Variant id: 120 (SOL) , #gens: 37, #ops: 1, parent:119]
[DEBUG] fr.inria.astor.core.loop.AstorCoreEngine.showResults(AstorCoreEngine.java:144) - f (sol): 0.0, [Variant id: 186 (SOL) , #gens: 36, #ops: 1, parent:185]
[DEBUG] fr.inria.astor.core.loop.AstorCoreEngine.showResults(AstorCoreEngine.java:144) - f (sol): 0.0, [Variant id: 260 (SOL) , #gens: 36, #ops: 1, parent:259]
[DEBUG] fr.inria.astor.core.loop.AstorCoreEngine.showResults(AstorCoreEngine.java:144) - f (sol): 13.0, [Variant id: 298 (SOL) , #gens: 36, #ops: 1, parent:297]
[DEBUG] fr.inria.astor.core.loop.AstorCoreEngine.showResults(AstorCoreEngine.java:144) - f (sol): 0.0, [Variant id: 350 (SOL) , #gens: 37, #ops: 1, parent:349]
[DEBUG] fr.inria.astor.core.loop.AstorCoreEngine.showResults(AstorCoreEngine.java:144) - f (sol): 0.0, [Variant id: 424 (SOL) , #gens: 36, #ops: 1, parent:423]
[DEBUG] fr.inria.astor.core.loop.AstorCoreEngine.showResults(AstorCoreEngine.java:144) - f (sol): 0.0, [Variant id: 442 (SOL) , #gens: 38, #ops: 1, parent:441]
[DEBUG] fr.inria.astor.core.loop.AstorCoreEngine.showResults(AstorCoreEngine.java:144) - f (sol): 0.0, [Variant id: 452 (SOL) , #gens: 37, #ops: 1, parent:451]
[DEBUG] fr.inria.astor.core.loop.AstorCoreEngine.showResults(AstorCoreEngine.java:144) - f (sol): 0.0, [Variant id: 586 (SOL) , #gens: 37, #ops: 1, parent:585]
[DEBUG] fr.inria.astor.core.loop.AstorCoreEngine.showResults(AstorCoreEngine.java:144) - f (sol): 0.0, [Variant id: 636 (SOL) , #gens: 36, #ops: 1, parent:635]
[DEBUG] fr.inria.astor.core.loop.AstorCoreEngine.showResults(AstorCoreEngine.java:144) - f (sol): 12.0, [Variant id: 682 (SOL) , #gens: 36, #ops: 1, parent:681]
[DEBUG] fr.inria.astor.core.loop.AstorCoreEngine.showResults(AstorCoreEngine.java:144) - f (sol): 0.0, [Variant id: 702 (SOL) , #gens: 36, #ops: 1, parent:701]
[DEBUG] fr.inria.astor.core.loop.AstorCoreEngine.showResults(AstorCoreEngine.java:144) - f (sol): 0.0, [Variant id: 704 (SOL) , #gens: 37, #ops: 1, parent:703]
[DEBUG] fr.inria.astor.core.loop.AstorCoreEngine.showResults(AstorCoreEngine.java:144) - f (sol): 12.0, [Variant id: 720 (SOL) , #gens: 36, #ops: 1, parent:719]
[DEBUG] fr.inria.astor.core.loop.AstorCoreEngine.showResults(AstorCoreEngine.java:144) - f (sol): 0.0, [Variant id: 744 (SOL) , #gens: 36, #ops: 1, parent:743]
[DEBUG] fr.inria.astor.core.loop.AstorCoreEngine.showResults(AstorCoreEngine.java:144) - f (sol): 0.0, [Variant id: 764 (SOL) , #gens: 38, #ops: 1, parent:763]
[DEBUG] fr.inria.astor.core.loop.AstorCoreEngine.showResults(AstorCoreEngine.java:144) - f (sol): 0.0, [Variant id: 772 (SOL) , #gens: 38, #ops: 1, parent:771]
[DEBUG] fr.inria.astor.core.loop.AstorCoreEngine.showResults(AstorCoreEngine.java:144) - f (sol): 0.0, [Variant id: 816 (SOL) , #gens: 36, #ops: 1, parent:815]
[DEBUG] fr.inria.astor.core.loop.AstorCoreEngine.showResults(AstorCoreEngine.java:144) - f (sol): 0.0, [Variant id: 848 (SOL) , #gens: 37, #ops: 1, parent:847]
[DEBUG] fr.inria.astor.core.loop.AstorCoreEngine.showResults(AstorCoreEngine.java:144) - f (sol): 12.0, [Variant id: 868 (SOL) , #gens: 36, #ops: 1, parent:867]
[DEBUG] fr.inria.astor.core.loop.AstorCoreEngine.showResults(AstorCoreEngine.java:144) - f (sol): 0.0, [Variant id: 872 (SOL) , #gens: 36, #ops: 1, parent:871]
[DEBUG] fr.inria.astor.core.loop.AstorCoreEngine.showResults(AstorCoreEngine.java:144) - f (sol): 0.0, [Variant id: 924 (SOL) , #gens: 36, #ops: 1, parent:923]
[DEBUG] fr.inria.astor.core.loop.AstorCoreEngine.showResults(AstorCoreEngine.java:144) - f (sol): 12.0, [Variant id: 948 (SOL) , #gens: 36, #ops: 1, parent:947]
[DEBUG] fr.inria.astor.core.loop.AstorCoreEngine.showResults(AstorCoreEngine.java:146) - 
All variants:
[DEBUG] fr.inria.astor.core.loop.AstorCoreEngine.showResults(AstorCoreEngine.java:148) - f 1.0, [Variant id: 1041, #gens: 37, #ops: 0, parent:-]
[INFO ] fr.inria.astor.core.loop.AstorCoreEngine.showResults(AstorCoreEngine.java:152) - 
Solution details
[INFO ] fr.inria.astor.core.loop.AstorCoreEngine.showResults(AstorCoreEngine.java:153) - 
 --SOLUTIONS DESCRIPTION--

 ----
ProgramVariant 36
 
time(sec)= 684
operation: RemoveOp
location= org.apache.commons.math.analysis.solvers.BaseSecantSolver
line= 188
lineSuspiciousness= 0.707
original statement= x0 = 0.5 * ((x0 + x1) - (org.apache.commons.math.util.FastMath.max((rtol * (org.apache.commons.math.util.FastMath.abs(x1))), atol)))
fixed statement= 
generation= 18
ingredientScope= -
validation=
failing: |true|0|9|[]|
manual_regression: |true|0|2897|[]|
evo_regression: |true|0|36|[]|
 ----
ProgramVariant 50
 
time(sec)= 842
operation: RemoveOp
location= org.apache.commons.math.analysis.solvers.BaseSecantSolver
line= 188
lineSuspiciousness= 0.707
original statement= x0 = 0.5 * ((x0 + x1) - (org.apache.commons.math.util.FastMath.max((rtol * (org.apache.commons.math.util.FastMath.abs(x1))), atol)))
fixed statement= 
generation= 25
ingredientScope= -
validation=
failing: |true|0|9|[]|
manual_regression: |true|0|2897|[]|
evo_regression: |true|0|36|[]|
 ----
ProgramVariant 92
 
time(sec)= 1141
operation: RemoveOp
location= org.apache.commons.math.analysis.solvers.BaseSecantSolver
line= 188
lineSuspiciousness= 0.707
original statement= x0 = 0.5 * ((x0 + x1) - (org.apache.commons.math.util.FastMath.max((rtol * (org.apache.commons.math.util.FastMath.abs(x1))), atol)))
fixed statement= 
generation= 46
ingredientScope= -
validation=
failing: |true|0|9|[]|
manual_regression: |true|0|2897|[]|
evo_regression: |true|0|36|[]|
 ----
ProgramVariant 120
 
time(sec)= 1389
operation: ReplaceOp
location= org.apache.commons.math.analysis.solvers.BaseSecantSolver
line= 188
lineSuspiciousness= 0.707
original statement= x0 = 0.5 * ((x0 + x1) - (org.apache.commons.math.util.FastMath.max((rtol * (org.apache.commons.math.util.FastMath.abs(x1))), atol)))
fixed statement= f1 = fx
generation= 60
ingredientScope= LOCAL
validation=
failing: |true|0|9|[]|
manual_regression: |true|0|2897|[]|
evo_regression: |true|0|36|[]|
 ----
ProgramVariant 186
 
time(sec)= 1663
operation: RemoveOp
location= org.apache.commons.math.analysis.solvers.BaseSecantSolver
line= 188
lineSuspiciousness= 0.707
original statement= x0 = 0.5 * ((x0 + x1) - (org.apache.commons.math.util.FastMath.max((rtol * (org.apache.commons.math.util.FastMath.abs(x1))), atol)))
fixed statement= 
generation= 93
ingredientScope= -
validation=
failing: |true|0|9|[]|
manual_regression: |true|0|2897|[]|
evo_regression: |true|0|36|[]|
 ----
ProgramVariant 260
 
time(sec)= 2164
operation: RemoveOp
location= org.apache.commons.math.analysis.solvers.BaseSecantSolver
line= 188
lineSuspiciousness= 0.707
original statement= x0 = 0.5 * ((x0 + x1) - (org.apache.commons.math.util.FastMath.max((rtol * (org.apache.commons.math.util.FastMath.abs(x1))), atol)))
fixed statement= 
generation= 130
ingredientScope= -
validation=
failing: |true|0|9|[]|
manual_regression: |true|0|2897|[]|
evo_regression: |true|0|36|[]|
 ----
ProgramVariant 298
 
time(sec)= 2317
operation: RemoveOp
location= org.apache.commons.math.analysis.solvers.BaseSecantSolver
line= 178
lineSuspiciousness= 0.151
original statement= switch (method) {
	case ILLINOIS :
		f0 *= 0.5;
		break;
	case PEGASUS :
		f0 *= f1 / (f1 + fx);
		break;
	case REGULA_FALSI :
		if (x == x1) {
			x0 = 0.5 * ((x0 + x1) - (org.apache.commons.math.util.FastMath.max((rtol * (org.apache.commons.math.util.FastMath.abs(x1))), atol)));
			f0 = computeObjectiveValue(x0);
		} 
		break;
	default :
		throw new org.apache.commons.math.exception.MathInternalError();
}
fixed statement= 
generation= 149
ingredientScope= -
validation=
failing: |true|0|9|[]|
manual_regression: |false|4|2897|[testQuinticZero(org.apache.commons.math.analysis.solvers.IllinoisSolverTest): null-, testQuinticZero(org.apache.commons.math.analysis.solvers.PegasusSolverTest): null-, testOverlappingEvents1(org.apache.commons.math.ode.events.OverlappingEventsTest): illegal state: maximal count (999) exceeded: evaluations-, testNextDigest(org.apache.commons.math.random.ValueServerTest): mean expected:<5.069831575018909> but was:<5.177069881249519>-]|
evo_regression: |false|9|36|[test19(org.apache.commons.math.analysis.solvers.BaseSecantSolver_ESTest): illegal state: maximal count (988) exceeded: evaluations-, test16(org.apache.commons.math.analysis.solvers.BaseSecantSolver_ESTest): illegal state: maximal count (969) exceeded: evaluations-, test28(org.apache.commons.math.analysis.solvers.BaseSecantSolver_ESTest): illegal state: maximal count (3, 084) exceeded: evaluations-, test29(org.apache.commons.math.analysis.solvers.BaseSecantSolver_ESTest): expected:<1.5707963267948966> but was:<422.54421189928024>-, test26(org.apache.commons.math.analysis.solvers.BaseSecantSolver_ESTest): illegal state: maximal count (969) exceeded: evaluations-, test27(org.apache.commons.math.analysis.solvers.BaseSecantSolver_ESTest): expected:<2202.256450166445> but was:<2221.106006087984>-, test25(org.apache.commons.math.analysis.solvers.BaseSecantSolver_ESTest): illegal state: maximal count (950) exceeded: evaluations-, test23(org.apache.commons.math.analysis.solvers.BaseSecantSolver_ESTest): expected:<-326.7256359733385> but was:<1193.8052083641214>-, test21(org.apache.commons.math.analysis.solvers.BaseSecantSolver_ESTest): expected:<1379.1986291307542> but was:<935.6935694231572>-]|
 ----
ProgramVariant 350
 
time(sec)= 2590
operation: ReplaceOp
location= org.apache.commons.math.analysis.solvers.BaseSecantSolver
line= 189
lineSuspiciousness= 0.707
original statement= f0 = computeObjectiveValue(x0)
fixed statement= f0 = f1
generation= 175
ingredientScope= LOCAL
validation=
failing: |true|0|9|[]|
manual_regression: |true|0|2897|[]|
evo_regression: |true|0|36|[]|
 ----
ProgramVariant 424
 
time(sec)= 3306
operation: RemoveOp
location= org.apache.commons.math.analysis.solvers.BaseSecantSolver
line= 188
lineSuspiciousness= 0.707
original statement= x0 = 0.5 * ((x0 + x1) - (org.apache.commons.math.util.FastMath.max((rtol * (org.apache.commons.math.util.FastMath.abs(x1))), atol)))
fixed statement= 
generation= 212
ingredientScope= -
validation=
failing: |true|0|9|[]|
manual_regression: |true|0|2897|[]|
evo_regression: |true|0|36|[]|
 ----
ProgramVariant 442
 
time(sec)= 3477
operation: InsertBeforeOp
location= org.apache.commons.math.analysis.solvers.BaseSecantSolver
line= 188
lineSuspiciousness= 0.707
original statement= x0 = 0.5 * ((x0 + x1) - (org.apache.commons.math.util.FastMath.max((rtol * (org.apache.commons.math.util.FastMath.abs(x1))), atol)))
fixed statement= f0 = computeObjectiveValue(x0)
generation= 221
ingredientScope= LOCAL
validation=
failing: |true|0|9|[]|
manual_regression: |true|0|2897|[]|
evo_regression: |true|0|36|[]|
 ----
ProgramVariant 452
 
time(sec)= 3597
operation: ReplaceOp
location= org.apache.commons.math.analysis.solvers.BaseSecantSolver
line= 188
lineSuspiciousness= 0.707
original statement= x0 = 0.5 * ((x0 + x1) - (org.apache.commons.math.util.FastMath.max((rtol * (org.apache.commons.math.util.FastMath.abs(x1))), atol)))
fixed statement= f0 = f1
generation= 226
ingredientScope= LOCAL
validation=
failing: |true|0|9|[]|
manual_regression: |true|0|2897|[]|
evo_regression: |true|0|36|[]|
 ----
ProgramVariant 586
 
time(sec)= 4118
operation: ReplaceOp
location= org.apache.commons.math.analysis.solvers.BaseSecantSolver
line= 188
lineSuspiciousness= 0.707
original statement= x0 = 0.5 * ((x0 + x1) - (org.apache.commons.math.util.FastMath.max((rtol * (org.apache.commons.math.util.FastMath.abs(x1))), atol)))
fixed statement= org.apache.commons.math.analysis.solvers.BaseSecantSolver.this.allowed = org.apache.commons.math.analysis.solvers.AllowedSolution.ANY_SIDE
generation= 293
ingredientScope= LOCAL
validation=
failing: |true|0|9|[]|
manual_regression: |true|0|2897|[]|
evo_regression: |true|0|36|[]|
 ----
ProgramVariant 636
 
time(sec)= 4395
operation: RemoveOp
location= org.apache.commons.math.analysis.solvers.BaseSecantSolver
line= 188
lineSuspiciousness= 0.707
original statement= x0 = 0.5 * ((x0 + x1) - (org.apache.commons.math.util.FastMath.max((rtol * (org.apache.commons.math.util.FastMath.abs(x1))), atol)))
fixed statement= 
generation= 318
ingredientScope= -
validation=
failing: |true|0|9|[]|
manual_regression: |true|0|2897|[]|
evo_regression: |true|0|36|[]|
 ----
ProgramVariant 682
 
time(sec)= 4698
operation: RemoveOp
location= org.apache.commons.math.analysis.solvers.BaseSecantSolver
line= 178
lineSuspiciousness= 0.151
original statement= switch (method) {
	case ILLINOIS :
		f0 *= 0.5;
		break;
	case PEGASUS :
		f0 *= f1 / (f1 + fx);
		break;
	case REGULA_FALSI :
		if (x == x1) {
			x0 = 0.5 * ((x0 + x1) - (org.apache.commons.math.util.FastMath.max((rtol * (org.apache.commons.math.util.FastMath.abs(x1))), atol)));
			f0 = computeObjectiveValue(x0);
		} 
		break;
	default :
		throw new org.apache.commons.math.exception.MathInternalError();
}
fixed statement= 
generation= 341
ingredientScope= -
validation=
failing: |true|0|9|[]|
manual_regression: |false|3|2897|[testQuinticZero(org.apache.commons.math.analysis.solvers.IllinoisSolverTest): null-, testQuinticZero(org.apache.commons.math.analysis.solvers.PegasusSolverTest): null-, testOverlappingEvents1(org.apache.commons.math.ode.events.OverlappingEventsTest): illegal state: maximal count (999) exceeded: evaluations-]|
evo_regression: |false|9|36|[test19(org.apache.commons.math.analysis.solvers.BaseSecantSolver_ESTest): illegal state: maximal count (988) exceeded: evaluations-, test16(org.apache.commons.math.analysis.solvers.BaseSecantSolver_ESTest): illegal state: maximal count (969) exceeded: evaluations-, test28(org.apache.commons.math.analysis.solvers.BaseSecantSolver_ESTest): illegal state: maximal count (3, 084) exceeded: evaluations-, test29(org.apache.commons.math.analysis.solvers.BaseSecantSolver_ESTest): expected:<1.5707963267948966> but was:<422.54421189928024>-, test26(org.apache.commons.math.analysis.solvers.BaseSecantSolver_ESTest): illegal state: maximal count (969) exceeded: evaluations-, test27(org.apache.commons.math.analysis.solvers.BaseSecantSolver_ESTest): expected:<2202.256450166445> but was:<2221.106006087984>-, test25(org.apache.commons.math.analysis.solvers.BaseSecantSolver_ESTest): illegal state: maximal count (950) exceeded: evaluations-, test23(org.apache.commons.math.analysis.solvers.BaseSecantSolver_ESTest): expected:<-326.7256359733385> but was:<1193.8052083641214>-, test21(org.apache.commons.math.analysis.solvers.BaseSecantSolver_ESTest): expected:<1379.1986291307542> but was:<935.6935694231572>-]|
 ----
ProgramVariant 702
 
time(sec)= 4906
operation: RemoveOp
location= org.apache.commons.math.analysis.solvers.BaseSecantSolver
line= 188
lineSuspiciousness= 0.707
original statement= x0 = 0.5 * ((x0 + x1) - (org.apache.commons.math.util.FastMath.max((rtol * (org.apache.commons.math.util.FastMath.abs(x1))), atol)))
fixed statement= 
generation= 351
ingredientScope= -
validation=
failing: |true|0|9|[]|
manual_regression: |true|0|2897|[]|
evo_regression: |true|0|36|[]|
 ----
ProgramVariant 704
 
time(sec)= 5025
operation: ReplaceOp
location= org.apache.commons.math.analysis.solvers.BaseSecantSolver
line= 188
lineSuspiciousness= 0.707
original statement= x0 = 0.5 * ((x0 + x1) - (org.apache.commons.math.util.FastMath.max((rtol * (org.apache.commons.math.util.FastMath.abs(x1))), atol)))
fixed statement= x1 = x
generation= 352
ingredientScope= LOCAL
validation=
failing: |true|0|9|[]|
manual_regression: |true|0|2897|[]|
evo_regression: |true|0|36|[]|
 ----
ProgramVariant 720
 
time(sec)= 5171
operation: RemoveOp
location= org.apache.commons.math.analysis.solvers.BaseSecantSolver
line= 178
lineSuspiciousness= 0.151
original statement= switch (method) {
	case ILLINOIS :
		f0 *= 0.5;
		break;
	case PEGASUS :
		f0 *= f1 / (f1 + fx);
		break;
	case REGULA_FALSI :
		if (x == x1) {
			x0 = 0.5 * ((x0 + x1) - (org.apache.commons.math.util.FastMath.max((rtol * (org.apache.commons.math.util.FastMath.abs(x1))), atol)));
			f0 = computeObjectiveValue(x0);
		} 
		break;
	default :
		throw new org.apache.commons.math.exception.MathInternalError();
}
fixed statement= 
generation= 360
ingredientScope= -
validation=
failing: |true|0|9|[]|
manual_regression: |false|3|2897|[testQuinticZero(org.apache.commons.math.analysis.solvers.IllinoisSolverTest): null-, testQuinticZero(org.apache.commons.math.analysis.solvers.PegasusSolverTest): null-, testOverlappingEvents1(org.apache.commons.math.ode.events.OverlappingEventsTest): illegal state: maximal count (999) exceeded: evaluations-]|
evo_regression: |false|9|36|[test19(org.apache.commons.math.analysis.solvers.BaseSecantSolver_ESTest): illegal state: maximal count (988) exceeded: evaluations-, test16(org.apache.commons.math.analysis.solvers.BaseSecantSolver_ESTest): illegal state: maximal count (969) exceeded: evaluations-, test28(org.apache.commons.math.analysis.solvers.BaseSecantSolver_ESTest): illegal state: maximal count (3, 084) exceeded: evaluations-, test29(org.apache.commons.math.analysis.solvers.BaseSecantSolver_ESTest): expected:<1.5707963267948966> but was:<422.54421189928024>-, test26(org.apache.commons.math.analysis.solvers.BaseSecantSolver_ESTest): illegal state: maximal count (969) exceeded: evaluations-, test27(org.apache.commons.math.analysis.solvers.BaseSecantSolver_ESTest): expected:<2202.256450166445> but was:<2221.106006087984>-, test25(org.apache.commons.math.analysis.solvers.BaseSecantSolver_ESTest): illegal state: maximal count (950) exceeded: evaluations-, test23(org.apache.commons.math.analysis.solvers.BaseSecantSolver_ESTest): expected:<-326.7256359733385> but was:<1193.8052083641214>-, test21(org.apache.commons.math.analysis.solvers.BaseSecantSolver_ESTest): expected:<1379.1986291307542> but was:<935.6935694231572>-]|
 ----
ProgramVariant 744
 
time(sec)= 5406
operation: RemoveOp
location= org.apache.commons.math.analysis.solvers.BaseSecantSolver
line= 188
lineSuspiciousness= 0.707
original statement= x0 = 0.5 * ((x0 + x1) - (org.apache.commons.math.util.FastMath.max((rtol * (org.apache.commons.math.util.FastMath.abs(x1))), atol)))
fixed statement= 
generation= 372
ingredientScope= -
validation=
failing: |true|0|9|[]|
manual_regression: |true|0|2897|[]|
evo_regression: |true|0|36|[]|
 ----
ProgramVariant 764
 
time(sec)= 5575
operation: InsertAfterOp
location= org.apache.commons.math.analysis.solvers.BaseSecantSolver
line= 188
lineSuspiciousness= 0.707
original statement= x0 = 0.5 * ((x0 + x1) - (org.apache.commons.math.util.FastMath.max((rtol * (org.apache.commons.math.util.FastMath.abs(x1))), atol)))
fixed statement= f0 = computeObjectiveValue(x0)
generation= 382
ingredientScope= LOCAL
validation=
failing: |true|0|9|[]|
manual_regression: |true|0|2897|[]|
evo_regression: |true|0|36|[]|
 ----
ProgramVariant 772
 
time(sec)= 5741
operation: InsertBeforeOp
location= org.apache.commons.math.analysis.solvers.BaseSecantSolver
line= 188
lineSuspiciousness= 0.707
original statement= x0 = 0.5 * ((x0 + x1) - (org.apache.commons.math.util.FastMath.max((rtol * (org.apache.commons.math.util.FastMath.abs(x1))), atol)))
fixed statement= incrementEvaluationCount()
generation= 386
ingredientScope= PACKAGE
validation=
failing: |true|0|9|[]|
manual_regression: |true|0|2897|[]|
evo_regression: |true|0|36|[]|
 ----
ProgramVariant 816
 
time(sec)= 5975
operation: RemoveOp
location= org.apache.commons.math.analysis.solvers.BaseSecantSolver
line= 188
lineSuspiciousness= 0.707
original statement= x0 = 0.5 * ((x0 + x1) - (org.apache.commons.math.util.FastMath.max((rtol * (org.apache.commons.math.util.FastMath.abs(x1))), atol)))
fixed statement= 
generation= 408
ingredientScope= -
validation=
failing: |true|0|9|[]|
manual_regression: |true|0|2897|[]|
evo_regression: |true|0|36|[]|
 ----
ProgramVariant 848
 
time(sec)= 6269
operation: ReplaceOp
location= org.apache.commons.math.analysis.solvers.BaseSecantSolver
line= 188
lineSuspiciousness= 0.707
original statement= x0 = 0.5 * ((x0 + x1) - (org.apache.commons.math.util.FastMath.max((rtol * (org.apache.commons.math.util.FastMath.abs(x1))), atol)))
fixed statement= inverted = !inverted
generation= 424
ingredientScope= LOCAL
validation=
failing: |true|0|9|[]|
manual_regression: |true|0|2897|[]|
evo_regression: |true|0|36|[]|
 ----
ProgramVariant 868
 
time(sec)= 6433
operation: RemoveOp
location= org.apache.commons.math.analysis.solvers.BaseSecantSolver
line= 178
lineSuspiciousness= 0.151
original statement= switch (method) {
	case ILLINOIS :
		f0 *= 0.5;
		break;
	case PEGASUS :
		f0 *= f1 / (f1 + fx);
		break;
	case REGULA_FALSI :
		if (x == x1) {
			x0 = 0.5 * ((x0 + x1) - (org.apache.commons.math.util.FastMath.max((rtol * (org.apache.commons.math.util.FastMath.abs(x1))), atol)));
			f0 = computeObjectiveValue(x0);
		} 
		break;
	default :
		throw new org.apache.commons.math.exception.MathInternalError();
}
fixed statement= 
generation= 434
ingredientScope= -
validation=
failing: |true|0|9|[]|
manual_regression: |false|3|2897|[testQuinticZero(org.apache.commons.math.analysis.solvers.IllinoisSolverTest): null-, testQuinticZero(org.apache.commons.math.analysis.solvers.PegasusSolverTest): null-, testOverlappingEvents1(org.apache.commons.math.ode.events.OverlappingEventsTest): illegal state: maximal count (999) exceeded: evaluations-]|
evo_regression: |false|9|36|[test19(org.apache.commons.math.analysis.solvers.BaseSecantSolver_ESTest): illegal state: maximal count (988) exceeded: evaluations-, test16(org.apache.commons.math.analysis.solvers.BaseSecantSolver_ESTest): illegal state: maximal count (969) exceeded: evaluations-, test28(org.apache.commons.math.analysis.solvers.BaseSecantSolver_ESTest): illegal state: maximal count (3, 084) exceeded: evaluations-, test29(org.apache.commons.math.analysis.solvers.BaseSecantSolver_ESTest): expected:<1.5707963267948966> but was:<422.54421189928024>-, test26(org.apache.commons.math.analysis.solvers.BaseSecantSolver_ESTest): illegal state: maximal count (969) exceeded: evaluations-, test27(org.apache.commons.math.analysis.solvers.BaseSecantSolver_ESTest): expected:<2202.256450166445> but was:<2221.106006087984>-, test25(org.apache.commons.math.analysis.solvers.BaseSecantSolver_ESTest): illegal state: maximal count (950) exceeded: evaluations-, test23(org.apache.commons.math.analysis.solvers.BaseSecantSolver_ESTest): expected:<-326.7256359733385> but was:<1193.8052083641214>-, test21(org.apache.commons.math.analysis.solvers.BaseSecantSolver_ESTest): expected:<1379.1986291307542> but was:<935.6935694231572>-]|
 ----
ProgramVariant 872
 
time(sec)= 6551
operation: RemoveOp
location= org.apache.commons.math.analysis.solvers.BaseSecantSolver
line= 188
lineSuspiciousness= 0.707
original statement= x0 = 0.5 * ((x0 + x1) - (org.apache.commons.math.util.FastMath.max((rtol * (org.apache.commons.math.util.FastMath.abs(x1))), atol)))
fixed statement= 
generation= 436
ingredientScope= -
validation=
failing: |true|0|9|[]|
manual_regression: |true|0|2897|[]|
evo_regression: |true|0|36|[]|
 ----
ProgramVariant 924
 
time(sec)= 6786
operation: RemoveOp
location= org.apache.commons.math.analysis.solvers.BaseSecantSolver
line= 188
lineSuspiciousness= 0.707
original statement= x0 = 0.5 * ((x0 + x1) - (org.apache.commons.math.util.FastMath.max((rtol * (org.apache.commons.math.util.FastMath.abs(x1))), atol)))
fixed statement= 
generation= 462
ingredientScope= -
validation=
failing: |true|0|9|[]|
manual_regression: |true|0|2897|[]|
evo_regression: |true|0|36|[]|
 ----
ProgramVariant 948
 
time(sec)= 6945
operation: RemoveOp
location= org.apache.commons.math.analysis.solvers.BaseSecantSolver
line= 178
lineSuspiciousness= 0.151
original statement= switch (method) {
	case ILLINOIS :
		f0 *= 0.5;
		break;
	case PEGASUS :
		f0 *= f1 / (f1 + fx);
		break;
	case REGULA_FALSI :
		if (x == x1) {
			x0 = 0.5 * ((x0 + x1) - (org.apache.commons.math.util.FastMath.max((rtol * (org.apache.commons.math.util.FastMath.abs(x1))), atol)));
			f0 = computeObjectiveValue(x0);
		} 
		break;
	default :
		throw new org.apache.commons.math.exception.MathInternalError();
}
fixed statement= 
generation= 474
ingredientScope= -
validation=
failing: |true|0|9|[]|
manual_regression: |false|3|2897|[testQuinticZero(org.apache.commons.math.analysis.solvers.IllinoisSolverTest): null-, testQuinticZero(org.apache.commons.math.analysis.solvers.PegasusSolverTest): null-, testOverlappingEvents1(org.apache.commons.math.ode.events.OverlappingEventsTest): illegal state: maximal count (999) exceeded: evaluations-]|
evo_regression: |false|9|36|[test19(org.apache.commons.math.analysis.solvers.BaseSecantSolver_ESTest): illegal state: maximal count (988) exceeded: evaluations-, test16(org.apache.commons.math.analysis.solvers.BaseSecantSolver_ESTest): illegal state: maximal count (969) exceeded: evaluations-, test28(org.apache.commons.math.analysis.solvers.BaseSecantSolver_ESTest): illegal state: maximal count (3, 084) exceeded: evaluations-, test29(org.apache.commons.math.analysis.solvers.BaseSecantSolver_ESTest): expected:<1.5707963267948966> but was:<422.54421189928024>-, test26(org.apache.commons.math.analysis.solvers.BaseSecantSolver_ESTest): illegal state: maximal count (969) exceeded: evaluations-, test27(org.apache.commons.math.analysis.solvers.BaseSecantSolver_ESTest): expected:<2202.256450166445> but was:<2221.106006087984>-, test25(org.apache.commons.math.analysis.solvers.BaseSecantSolver_ESTest): illegal state: maximal count (950) exceeded: evaluations-, test23(org.apache.commons.math.analysis.solvers.BaseSecantSolver_ESTest): expected:<-326.7256359733385> but was:<1193.8052083641214>-, test21(org.apache.commons.math.analysis.solvers.BaseSecantSolver_ESTest): expected:<1379.1986291307542> but was:<935.6935694231572>-]|
[INFO ] fr.inria.main.evolution.AstorMain.run(AstorMain.java:397) - Time Total(s): 7476.166


Node: griffon-14.nancy.grid5000.fr


Date: Wed Jan 11 23:46:46 CET 2017

removed classes 

zipped 

copied zip 


