seed AstorRun 13 
export PATH="/home/mmartinez/defects4j/framework/bin:$PATH";export JAVA_TOOL_OPTIONS=-Dfile.encoding=UTF8;export PATH="/usr/lib/jvm/java-1.7.0-openjdk-amd64/bin/:$PATH";cd /home/mmartinez/projects/math/math_95;defects4j compile;cp -r /home/mmartinez/projects/math/math_95 /tmp/math_95_Genprog_local_s1;cd /tmp/math_95_Genprog_local_s1;mkdir lib/;cp -r /home/mmartinez/defects4j/framework/projects/lib/* lib/;cp -r /home/mmartinez/defects4j/framework/projects/Math/lib/* lib/;find . -type f -name "package-info.java" -delete;
/home/mmartinez/defects4j-repair/src/python/core/../../../results/2016-june/Math/seed/13/package/95/Genprog/result
cd /tmp/math_95_Genprog_local_s1;export JAVA_TOOL_OPTIONS=-Dfile.encoding=UTF8;TZ="America/New_York"; export TZexport PATH="/usr/lib/jvm/java-1.7.0-openjdk-amd64/bin/:$PATH";time /home/mmartinez/jdk1.8.0_45/bin//java -Xmx4096m -cp /home/mmartinez/defects4j-repair/src/python/core/../../..//libs/astor.jar fr.inria.main.evolution.MainjGenProg -mode statement -location . -id Math -dependencies lib/ -failing org.apache.commons.math.distribution.FDistributionTest: -package org.apache.commons -jvm4testexecution /usr/lib/jvm/java-1.7.0-openjdk-amd64/bin/ -jvm4evosuitetestexecution /home/mmartinez/jdk1.8.0_45/bin/ -javacompliancelevel 6 -maxgen 1000000 -seed 13 -scope package -maxtime 120  -stopfirst false -population 1 -srcjavafolder src/java/ -srctestfolder src/test/ -binjavafolder target/classes/ -bintestfolder target/test-classes/ -flthreshold 0.1  -validation  fr.inria.astor.core.validation.validators.RegressionValidation  -ESParameters -Dassertion_timeout=1800:-Dminimization_timeout=1800:-Djunit_check_timeout=1800:-Dwrite_junit_timeout=300:-Dinitialization_timeout=300:-Dglobal_timeout=18000:-Dsearch_budget=100000:-Dstopping_condition=MaxStatements:-Dno_runtime_dependency=true:-Dsandbox=false:-Dp_reflection_on_private=0.0:-Dreflection_start_percent=1.0:-Dp_functional_mocking=0.0:-Dfunctional_mocking_percent=1.0:-mem=2000 -ignoredtestcases org.apache.commons.lang.LocaleUtilsTest  -excludeRegression  -maxgen 100000000 ;echo "

Node: `hostname`
";echo "
Date: `date`
"; find /tmp/math_95_Genprog_local_s1/outputMutation -name "*.class" -type f -delete;echo "removed classes 
"; find . -name bin  -type d -print0|xargs -0 rm -r --; zip -r -q out.zip /tmp/math_95_Genprog_local_s1/outputMutation; echo "zipped 
";cp out.zip /home/mmartinez/defects4j-repair/src/python/core/../../../results/2016-june/Math/seed/13/package/95/Genprog; echo "copied zip 
";rm -rf /tmp/math_95_Genprog_local_s1;

[DEBUG] fr.inria.astor.core.loop.AstorCoreEngine.showResults(AstorCoreEngine.java:136) - End Repair Loops: Found solution
[DEBUG] fr.inria.astor.core.loop.AstorCoreEngine.showResults(AstorCoreEngine.java:137) - Solution stored at: /tmp/math_95_Genprog_local_s1/./outputMutation/AstorMain-Math//src/
[DEBUG] fr.inria.astor.core.loop.AstorCoreEngine.showResults(AstorCoreEngine.java:142) - 
Number solutions:11
[DEBUG] fr.inria.astor.core.loop.AstorCoreEngine.showResults(AstorCoreEngine.java:144) - f (sol): 1.0, [Variant id: 352 (SOL) , #gens: 30, #ops: 1, parent:351]
[DEBUG] fr.inria.astor.core.loop.AstorCoreEngine.showResults(AstorCoreEngine.java:144) - f (sol): 1.0, [Variant id: 872 (SOL) , #gens: 30, #ops: 1, parent:871]
[DEBUG] fr.inria.astor.core.loop.AstorCoreEngine.showResults(AstorCoreEngine.java:144) - f (sol): 2.0, [Variant id: 1204 (SOL) , #gens: 31, #ops: 1, parent:1203]
[DEBUG] fr.inria.astor.core.loop.AstorCoreEngine.showResults(AstorCoreEngine.java:144) - f (sol): 2.0, [Variant id: 1302 (SOL) , #gens: 30, #ops: 1, parent:1301]
[DEBUG] fr.inria.astor.core.loop.AstorCoreEngine.showResults(AstorCoreEngine.java:144) - f (sol): 1.0, [Variant id: 1902 (SOL) , #gens: 30, #ops: 1, parent:1901]
[DEBUG] fr.inria.astor.core.loop.AstorCoreEngine.showResults(AstorCoreEngine.java:144) - f (sol): 1.0, [Variant id: 2266 (SOL) , #gens: 30, #ops: 1, parent:2265]
[DEBUG] fr.inria.astor.core.loop.AstorCoreEngine.showResults(AstorCoreEngine.java:144) - f (sol): 2.0, [Variant id: 2544 (SOL) , #gens: 30, #ops: 1, parent:2543]
[DEBUG] fr.inria.astor.core.loop.AstorCoreEngine.showResults(AstorCoreEngine.java:144) - f (sol): 2.0, [Variant id: 2614 (SOL) , #gens: 30, #ops: 1, parent:2613]
[DEBUG] fr.inria.astor.core.loop.AstorCoreEngine.showResults(AstorCoreEngine.java:144) - f (sol): 1.0, [Variant id: 2746 (SOL) , #gens: 30, #ops: 1, parent:2745]
[DEBUG] fr.inria.astor.core.loop.AstorCoreEngine.showResults(AstorCoreEngine.java:144) - f (sol): 2.0, [Variant id: 3556 (SOL) , #gens: 31, #ops: 1, parent:3555]
[DEBUG] fr.inria.astor.core.loop.AstorCoreEngine.showResults(AstorCoreEngine.java:144) - f (sol): 2.0, [Variant id: 4380 (SOL) , #gens: 31, #ops: 1, parent:4379]
[DEBUG] fr.inria.astor.core.loop.AstorCoreEngine.showResults(AstorCoreEngine.java:146) - 
All variants:
[DEBUG] fr.inria.astor.core.loop.AstorCoreEngine.showResults(AstorCoreEngine.java:148) - f 1.0, [Variant id: 6015, #gens: 30, #ops: 0, parent:-]
[INFO ] fr.inria.astor.core.loop.AstorCoreEngine.showResults(AstorCoreEngine.java:152) - 
Solution details
[INFO ] fr.inria.astor.core.loop.AstorCoreEngine.showResults(AstorCoreEngine.java:153) - 
 --SOLUTIONS DESCRIPTION--

 ----
ProgramVariant 352
 
time(sec)= 491
operation: ReplaceOp
location= org.apache.commons.math.distribution.FDistributionImpl
line= 148
lineSuspiciousness= 0.258
original statement= return ret
fixed statement= return 0
generation= 176
ingredientScope= PACKAGE
validation=
failing: |true|0|9|[]|
manual_regression: |true|0|1298|[warning(junit.framework.TestSuite$1): Class org.apache.commons.math.ode.nonstiff.StepInterpolatorAbstractTest has no public constructor TestCase(String name) or TestCase()-]|
evo_regression: |false|1|19|[test15(org.apache.commons.math.distribution.FDistributionImpl_ESTest): expected:<Infinity> but was:<0.0>-]|
 ----
ProgramVariant 872
 
time(sec)= 1420
operation: ReplaceOp
location= org.apache.commons.math.distribution.FDistributionImpl
line= 147
lineSuspiciousness= 0.258
original statement= ret = d / (d - 2.0)
fixed statement= ret = 0.0
generation= 436
ingredientScope= PACKAGE
validation=
failing: |true|0|9|[]|
manual_regression: |true|0|1298|[warning(junit.framework.TestSuite$1): Class org.apache.commons.math.ode.nonstiff.StepInterpolatorAbstractTest has no public constructor TestCase(String name) or TestCase()-]|
evo_regression: |false|1|19|[test15(org.apache.commons.math.distribution.FDistributionImpl_ESTest): expected:<Infinity> but was:<0.0>-]|
 ----
ProgramVariant 1204
 
time(sec)= 1832
operation: InsertAfterOp
location= org.apache.commons.math.distribution.FDistributionImpl
line= 147
lineSuspiciousness= 0.258
original statement= ret = d / (d - 2.0)
fixed statement= ret = 1.0
generation= 602
ingredientScope= PACKAGE
validation=
failing: |true|0|9|[]|
manual_regression: |true|0|1298|[warning(junit.framework.TestSuite$1): Class org.apache.commons.math.ode.nonstiff.StepInterpolatorAbstractTest has no public constructor TestCase(String name) or TestCase()-]|
evo_regression: |false|2|19|[test03(org.apache.commons.math.distribution.FDistributionImpl_ESTest): expected:<-5.000000000000003E-16> but was:<1.0>-, test15(org.apache.commons.math.distribution.FDistributionImpl_ESTest): expected:<Infinity> but was:<1.0>-]|
 ----
ProgramVariant 1302
 
time(sec)= 2042
operation: ReplaceOp
location= org.apache.commons.math.distribution.FDistributionImpl
line= 147
lineSuspiciousness= 0.258
original statement= ret = d / (d - 2.0)
fixed statement= ret = 0.5
generation= 651
ingredientScope= PACKAGE
validation=
failing: |true|0|9|[]|
manual_regression: |true|0|1298|[warning(junit.framework.TestSuite$1): Class org.apache.commons.math.ode.nonstiff.StepInterpolatorAbstractTest has no public constructor TestCase(String name) or TestCase()-]|
evo_regression: |false|2|19|[test03(org.apache.commons.math.distribution.FDistributionImpl_ESTest): expected:<-5.000000000000003E-16> but was:<0.5>-, test15(org.apache.commons.math.distribution.FDistributionImpl_ESTest): expected:<Infinity> but was:<0.5>-]|
 ----
ProgramVariant 1902
 
time(sec)= 2994
operation: ReplaceOp
location= org.apache.commons.math.distribution.FDistributionImpl
line= 148
lineSuspiciousness= 0.258
original statement= return ret
fixed statement= return numeratorDegreesOfFreedom
generation= 951
ingredientScope= LOCAL
validation=
failing: |true|0|9|[]|
manual_regression: |true|0|1298|[warning(junit.framework.TestSuite$1): Class org.apache.commons.math.ode.nonstiff.StepInterpolatorAbstractTest has no public constructor TestCase(String name) or TestCase()-]|
evo_regression: |false|1|19|[test15(org.apache.commons.math.distribution.FDistributionImpl_ESTest): expected:<Infinity> but was:<2.0>-]|
 ----
ProgramVariant 2266
 
time(sec)= 3641
operation: ReplaceOp
location= org.apache.commons.math.distribution.FDistributionImpl
line= 148
lineSuspiciousness= 0.258
original statement= return ret
fixed statement= return 0.0
generation= 1133
ingredientScope= PACKAGE
validation=
failing: |true|0|9|[]|
manual_regression: |true|0|1298|[warning(junit.framework.TestSuite$1): Class org.apache.commons.math.ode.nonstiff.StepInterpolatorAbstractTest has no public constructor TestCase(String name) or TestCase()-]|
evo_regression: |false|1|19|[test15(org.apache.commons.math.distribution.FDistributionImpl_ESTest): expected:<Infinity> but was:<0.0>-]|
 ----
ProgramVariant 2544
 
time(sec)= 4239
operation: ReplaceOp
location= org.apache.commons.math.distribution.FDistributionImpl
line= 148
lineSuspiciousness= 0.258
original statement= return ret
fixed statement= return 1.0
generation= 1272
ingredientScope= PACKAGE
validation=
failing: |true|0|9|[]|
manual_regression: |true|0|1298|[warning(junit.framework.TestSuite$1): Class org.apache.commons.math.ode.nonstiff.StepInterpolatorAbstractTest has no public constructor TestCase(String name) or TestCase()-]|
evo_regression: |false|2|19|[test03(org.apache.commons.math.distribution.FDistributionImpl_ESTest): expected:<-5.000000000000003E-16> but was:<1.0>-, test15(org.apache.commons.math.distribution.FDistributionImpl_ESTest): expected:<Infinity> but was:<1.0>-]|
 ----
ProgramVariant 2614
 
time(sec)= 4319
operation: ReplaceOp
location= org.apache.commons.math.distribution.FDistributionImpl
line= 147
lineSuspiciousness= 0.258
original statement= ret = d / (d - 2.0)
fixed statement= ret = 1.0
generation= 1307
ingredientScope= PACKAGE
validation=
failing: |true|0|9|[]|
manual_regression: |true|0|1298|[warning(junit.framework.TestSuite$1): Class org.apache.commons.math.ode.nonstiff.StepInterpolatorAbstractTest has no public constructor TestCase(String name) or TestCase()-]|
evo_regression: |false|2|19|[test03(org.apache.commons.math.distribution.FDistributionImpl_ESTest): expected:<-5.000000000000003E-16> but was:<1.0>-, test15(org.apache.commons.math.distribution.FDistributionImpl_ESTest): expected:<Infinity> but was:<1.0>-]|
 ----
ProgramVariant 2746
 
time(sec)= 4414
operation: ReplaceOp
location= org.apache.commons.math.distribution.FDistributionImpl
line= 148
lineSuspiciousness= 0.258
original statement= return ret
fixed statement= return denominatorDegreesOfFreedom
generation= 1373
ingredientScope= LOCAL
validation=
failing: |true|0|9|[]|
manual_regression: |true|0|1298|[warning(junit.framework.TestSuite$1): Class org.apache.commons.math.ode.nonstiff.StepInterpolatorAbstractTest has no public constructor TestCase(String name) or TestCase()-]|
evo_regression: |false|1|19|[test15(org.apache.commons.math.distribution.FDistributionImpl_ESTest): expected:<Infinity> but was:<2.0>-]|
 ----
ProgramVariant 3556
 
time(sec)= 5381
operation: InsertAfterOp
location= org.apache.commons.math.distribution.FDistributionImpl
line= 147
lineSuspiciousness= 0.258
original statement= ret = d / (d - 2.0)
fixed statement= ret = 0.5
generation= 1778
ingredientScope= PACKAGE
validation=
failing: |true|0|9|[]|
manual_regression: |true|0|1298|[warning(junit.framework.TestSuite$1): Class org.apache.commons.math.ode.nonstiff.StepInterpolatorAbstractTest has no public constructor TestCase(String name) or TestCase()-]|
evo_regression: |false|2|19|[test03(org.apache.commons.math.distribution.FDistributionImpl_ESTest): expected:<-5.000000000000003E-16> but was:<0.5>-, test15(org.apache.commons.math.distribution.FDistributionImpl_ESTest): expected:<Infinity> but was:<0.5>-]|
 ----
ProgramVariant 4380
 
time(sec)= 5882
operation: InsertBeforeOp
location= org.apache.commons.math.distribution.FDistributionImpl
line= 148
lineSuspiciousness= 0.258
original statement= return ret
fixed statement= ret = 1.0
generation= 2190
ingredientScope= PACKAGE
validation=
failing: |true|0|9|[]|
manual_regression: |true|0|1298|[warning(junit.framework.TestSuite$1): Class org.apache.commons.math.ode.nonstiff.StepInterpolatorAbstractTest has no public constructor TestCase(String name) or TestCase()-]|
evo_regression: |false|2|19|[test03(org.apache.commons.math.distribution.FDistributionImpl_ESTest): expected:<-5.000000000000003E-16> but was:<1.0>-, test15(org.apache.commons.math.distribution.FDistributionImpl_ESTest): expected:<Infinity> but was:<1.0>-]|
[INFO ] fr.inria.main.evolution.AstorMain.run(AstorMain.java:397) - Time Total(s): 7361.58


Node: graphene-87.nancy.grid5000.fr


Date: Sun Jan 15 17:17:59 CET 2017

removed classes 

zipped 

copied zip 


