seed AstorRun 4 
export PATH="/home/mmartinez/defects4j/framework/bin:$PATH";export JAVA_TOOL_OPTIONS=-Dfile.encoding=UTF8;export PATH="/usr/lib/jvm/java-1.7.0-openjdk-amd64/bin/:$PATH";cd /home/mmartinez/projects/math/math_73;defects4j compile;cp -r /home/mmartinez/projects/math/math_73 /tmp/math_73_Genprog_local_s1;cd /tmp/math_73_Genprog_local_s1;mkdir lib/;cp -r /home/mmartinez/defects4j/framework/projects/lib/* lib/;cp -r /home/mmartinez/defects4j/framework/projects/Math/lib/* lib/;find . -type f -name "package-info.java" -delete;
/home/mmartinez/defects4j-repair/src/python/core/../../../results/2016-june/Math/seed/4/package/73/Genprog/result
cd /tmp/math_73_Genprog_local_s1;export JAVA_TOOL_OPTIONS=-Dfile.encoding=UTF8;TZ="America/New_York"; export TZexport PATH="/usr/lib/jvm/java-1.7.0-openjdk-amd64/bin/:$PATH";time /home/mmartinez/jdk1.8.0_45/bin//java -Xmx4096m -cp /home/mmartinez/defects4j-repair/src/python/core/../../..//libs/astor.jar fr.inria.main.evolution.MainjGenProg -mode statement -location . -id Math -dependencies lib/ -failing org.apache.commons.math.analysis.solvers.BrentSolverTest: -package org.apache.commons -jvm4testexecution /usr/lib/jvm/java-1.7.0-openjdk-amd64/bin/ -jvm4evosuitetestexecution /home/mmartinez/jdk1.8.0_45/bin/ -javacompliancelevel 5 -maxgen 1000000 -seed 4 -scope package -maxtime 120  -stopfirst false -population 1 -srcjavafolder src/main/java/ -srctestfolder src/test/java/ -binjavafolder target/classes/ -bintestfolder target/test-classes/ -flthreshold 0.1  -validation  fr.inria.astor.core.validation.validators.RegressionValidation  -ESParameters -Dassertion_timeout=1800:-Dminimization_timeout=1800:-Djunit_check_timeout=1800:-Dwrite_junit_timeout=300:-Dinitialization_timeout=300:-Dglobal_timeout=18000:-Dsearch_budget=100000:-Dstopping_condition=MaxStatements:-Dno_runtime_dependency=true:-Dsandbox=false:-Dp_reflection_on_private=0.0:-Dreflection_start_percent=1.0:-Dp_functional_mocking=0.0:-Dfunctional_mocking_percent=1.0:-mem=2000 -ignoredtestcases org.apache.commons.lang.LocaleUtilsTest  -excludeRegression  -maxgen 100000000 ;echo "

Node: `hostname`
";echo "
Date: `date`
"; find /tmp/math_73_Genprog_local_s1/outputMutation -name "*.class" -type f -delete;echo "removed classes 
"; find . -name bin  -type d -print0|xargs -0 rm -r --; zip -r -q out.zip /tmp/math_73_Genprog_local_s1/outputMutation; echo "zipped 
";cp out.zip /home/mmartinez/defects4j-repair/src/python/core/../../../results/2016-june/Math/seed/4/package/73/Genprog; echo "copied zip 
";rm -rf /tmp/math_73_Genprog_local_s1;

[DEBUG] fr.inria.astor.core.loop.AstorCoreEngine.showResults(AstorCoreEngine.java:136) - End Repair Loops: Found solution
[DEBUG] fr.inria.astor.core.loop.AstorCoreEngine.showResults(AstorCoreEngine.java:137) - Solution stored at: /tmp/math_73_Genprog_local_s1/./outputMutation/AstorMain-Math//src/
[DEBUG] fr.inria.astor.core.loop.AstorCoreEngine.showResults(AstorCoreEngine.java:142) - 
Number solutions:17
[DEBUG] fr.inria.astor.core.loop.AstorCoreEngine.showResults(AstorCoreEngine.java:144) - f (sol): 3.0, [Variant id: 394 (SOL) , #gens: 24, #ops: 1, parent:393]
[DEBUG] fr.inria.astor.core.loop.AstorCoreEngine.showResults(AstorCoreEngine.java:144) - f (sol): 3.0, [Variant id: 430 (SOL) , #gens: 24, #ops: 1, parent:429]
[DEBUG] fr.inria.astor.core.loop.AstorCoreEngine.showResults(AstorCoreEngine.java:144) - f (sol): 3.0, [Variant id: 528 (SOL) , #gens: 24, #ops: 1, parent:527]
[DEBUG] fr.inria.astor.core.loop.AstorCoreEngine.showResults(AstorCoreEngine.java:144) - f (sol): 9.0, [Variant id: 1284 (SOL) , #gens: 25, #ops: 1, parent:1283]
[DEBUG] fr.inria.astor.core.loop.AstorCoreEngine.showResults(AstorCoreEngine.java:144) - f (sol): 3.0, [Variant id: 2064 (SOL) , #gens: 25, #ops: 1, parent:2063]
[DEBUG] fr.inria.astor.core.loop.AstorCoreEngine.showResults(AstorCoreEngine.java:144) - f (sol): 7.0, [Variant id: 2502 (SOL) , #gens: 25, #ops: 1, parent:2501]
[DEBUG] fr.inria.astor.core.loop.AstorCoreEngine.showResults(AstorCoreEngine.java:144) - f (sol): 5.0, [Variant id: 3626 (SOL) , #gens: 25, #ops: 1, parent:3625]
[DEBUG] fr.inria.astor.core.loop.AstorCoreEngine.showResults(AstorCoreEngine.java:144) - f (sol): 9.0, [Variant id: 3766 (SOL) , #gens: 25, #ops: 1, parent:3765]
[DEBUG] fr.inria.astor.core.loop.AstorCoreEngine.showResults(AstorCoreEngine.java:144) - f (sol): 7.0, [Variant id: 3864 (SOL) , #gens: 25, #ops: 1, parent:3863]
[DEBUG] fr.inria.astor.core.loop.AstorCoreEngine.showResults(AstorCoreEngine.java:144) - f (sol): 5.0, [Variant id: 4542 (SOL) , #gens: 25, #ops: 1, parent:4541]
[DEBUG] fr.inria.astor.core.loop.AstorCoreEngine.showResults(AstorCoreEngine.java:144) - f (sol): 9.0, [Variant id: 5270 (SOL) , #gens: 25, #ops: 1, parent:5269]
[DEBUG] fr.inria.astor.core.loop.AstorCoreEngine.showResults(AstorCoreEngine.java:144) - f (sol): 5.0, [Variant id: 8020 (SOL) , #gens: 25, #ops: 1, parent:8019]
[DEBUG] fr.inria.astor.core.loop.AstorCoreEngine.showResults(AstorCoreEngine.java:144) - f (sol): 9.0, [Variant id: 8132 (SOL) , #gens: 25, #ops: 1, parent:8131]
[DEBUG] fr.inria.astor.core.loop.AstorCoreEngine.showResults(AstorCoreEngine.java:144) - f (sol): 3.0, [Variant id: 8490 (SOL) , #gens: 25, #ops: 1, parent:8489]
[DEBUG] fr.inria.astor.core.loop.AstorCoreEngine.showResults(AstorCoreEngine.java:144) - f (sol): 5.0, [Variant id: 9948 (SOL) , #gens: 25, #ops: 1, parent:9947]
[DEBUG] fr.inria.astor.core.loop.AstorCoreEngine.showResults(AstorCoreEngine.java:144) - f (sol): 3.0, [Variant id: 10218 (SOL) , #gens: 25, #ops: 1, parent:10217]
[DEBUG] fr.inria.astor.core.loop.AstorCoreEngine.showResults(AstorCoreEngine.java:144) - f (sol): 3.0, [Variant id: 10352 (SOL) , #gens: 25, #ops: 1, parent:10351]
[DEBUG] fr.inria.astor.core.loop.AstorCoreEngine.showResults(AstorCoreEngine.java:146) - 
All variants:
[DEBUG] fr.inria.astor.core.loop.AstorCoreEngine.showResults(AstorCoreEngine.java:148) - f 1.0, [Variant id: 11155, #gens: 24, #ops: 0, parent:-]
[INFO ] fr.inria.astor.core.loop.AstorCoreEngine.showResults(AstorCoreEngine.java:152) - 
Solution details
[INFO ] fr.inria.astor.core.loop.AstorCoreEngine.showResults(AstorCoreEngine.java:153) - 
 --SOLUTIONS DESCRIPTION--

 ----
ProgramVariant 394
 
time(sec)= 491
operation: ReplaceOp
location= org.apache.commons.math.analysis.solvers.BrentSolver
line= 138
lineSuspiciousness= 1
original statement= return solve(f, min, yMin, max, yMax, initial, yInitial)
fixed statement= return solve(f, min, max)
generation= 197
ingredientScope= PACKAGE
validation=
failing: |true|0|6|[]|
manual_regression: |true|0|2140|[]|
evo_regression: |false|3|37|[test30(org.apache.commons.math.analysis.solvers.BrentSolver_ESTest): expected:<29> but was:<0>-, test10(org.apache.commons.math.analysis.solvers.BrentSolver_ESTest): expected:<18> but was:<0>-, test26(org.apache.commons.math.analysis.solvers.BrentSolver_ESTest): Expecting exception: Exception-]|
 ----
ProgramVariant 430
 
time(sec)= 598
operation: ReplaceOp
location= org.apache.commons.math.analysis.solvers.BrentSolver
line= 138
lineSuspiciousness= 1
original statement= return solve(f, min, yMin, max, yMax, initial, yInitial)
fixed statement= return solve(f, initial, max)
generation= 215
ingredientScope= PACKAGE
validation=
failing: |true|0|6|[]|
manual_regression: |true|0|2140|[]|
evo_regression: |false|3|37|[test30(org.apache.commons.math.analysis.solvers.BrentSolver_ESTest): function values at endpoints do not have different signs.  Endpoints: 2, 177.811, 2, 486.34, Values: 48, 989, 291, 895, 355, 472, 95, 017, 232, 792, 974, 144-, test10(org.apache.commons.math.analysis.solvers.BrentSolver_ESTest): expected:<18> but was:<0>-, test26(org.apache.commons.math.analysis.solvers.BrentSolver_ESTest): Exception was not thrown in org.apache.commons.math.analysis.solvers.BrentSolver but in org.apache.commons.math.MathRuntimeException.createIllegalArgumentException(MathRuntimeException.java:305): org.evosuite.runtime.mock.java.lang.MockThrowable-]|
 ----
ProgramVariant 528
 
time(sec)= 720
operation: ReplaceOp
location= org.apache.commons.math.analysis.solvers.BrentSolver
line= 138
lineSuspiciousness= 1
original statement= return solve(f, min, yMin, max, yMax, initial, yInitial)
fixed statement= return solve(f, min, initial)
generation= 264
ingredientScope= PACKAGE
validation=
failing: |true|0|6|[]|
manual_regression: |true|0|2140|[]|
evo_regression: |false|3|37|[test30(org.apache.commons.math.analysis.solvers.BrentSolver_ESTest): expected:<29> but was:<0>-, test10(org.apache.commons.math.analysis.solvers.BrentSolver_ESTest): function values at endpoints do not have different signs.  Endpoints: -1, 843.132, -332.073, Values: -21, 270, 708, 878, 498, 852, -4, 037, 956, 641, 340.611-, test26(org.apache.commons.math.analysis.solvers.BrentSolver_ESTest): Expecting exception: Exception-]|
 ----
ProgramVariant 1284
 
time(sec)= 1286
operation: InsertBeforeOp
location= org.apache.commons.math.analysis.solvers.BrentSolver
line= 113
lineSuspiciousness= 0.707
original statement= double yMin = f.value(min)
fixed statement= verifyBracketing(min, max, f)
generation= 642
ingredientScope= PACKAGE
validation=
failing: |true|0|6|[]|
manual_regression: |true|0|2140|[]|
evo_regression: |false|9|37|[test30(org.apache.commons.math.analysis.solvers.BrentSolver_ESTest): function values at endpoints do not have different signs.  Endpoints: 0, 2, 486.34, Values: 0, 95, 017, 232, 792, 974, 144-, test10(org.apache.commons.math.analysis.solvers.BrentSolver_ESTest): function values at endpoints do not have different signs.  Endpoints: -1, 843.132, 0.5, Values: -21, 270, 708, 878, 498, 852, -0-, test31(org.apache.commons.math.analysis.solvers.BrentSolver_ESTest): function values at endpoints do not have different signs.  Endpoints: -1, 205.8, 0, Values: -1, 0-, test34(org.apache.commons.math.analysis.solvers.BrentSolver_ESTest): function values at endpoints do not have different signs.  Endpoints: 0, 1, 697.326, Values: 0, 0.762-, test16(org.apache.commons.math.analysis.solvers.BrentSolver_ESTest): Exception was not thrown in org.apache.commons.math.analysis.solvers.BrentSolver but in org.apache.commons.math.MathRuntimeException.createIllegalArgumentException(MathRuntimeException.java:305): org.evosuite.runtime.mock.java.lang.MockThrowable-, test06(org.apache.commons.math.analysis.solvers.BrentSolver_ESTest): function values at endpoints do not have different signs.  Endpoints: 0, 2, 486.34, Values: 0, 95, 017, 232, 792, 974, 144-, test08(org.apache.commons.math.analysis.solvers.BrentSolver_ESTest): function values at endpoints do not have different signs.  Endpoints: -1, 843.132, 0.5, Values: -21, 270, 708, 878, 498, 852, -0-, test02(org.apache.commons.math.analysis.solvers.BrentSolver_ESTest): function values at endpoints do not have different signs.  Endpoints: -1, 1, 322.74, Values: -0.841, -0.129-, test26(org.apache.commons.math.analysis.solvers.BrentSolver_ESTest): Exception was not thrown in org.apache.commons.math.analysis.solvers.BrentSolver but in org.apache.commons.math.MathRuntimeException.createIllegalArgumentException(MathRuntimeException.java:305): org.evosuite.runtime.mock.java.lang.MockThrowable-]|
 ----
ProgramVariant 2064
 
time(sec)= 1848
operation: InsertBeforeOp
location= org.apache.commons.math.analysis.solvers.BrentSolver
line= 138
lineSuspiciousness= 1
original statement= return solve(f, min, yMin, max, yMax, initial, yInitial)
fixed statement= verifyBracketing(min, max, f)
generation= 1032
ingredientScope= PACKAGE
validation=
failing: |true|0|6|[]|
manual_regression: |true|0|2140|[]|
evo_regression: |false|3|37|[test30(org.apache.commons.math.analysis.solvers.BrentSolver_ESTest): function values at endpoints do not have different signs.  Endpoints: 0, 2, 486.34, Values: 0, 95, 017, 232, 792, 974, 144-, test10(org.apache.commons.math.analysis.solvers.BrentSolver_ESTest): function values at endpoints do not have different signs.  Endpoints: -1, 843.132, 0.5, Values: -21, 270, 708, 878, 498, 852, -0-, test26(org.apache.commons.math.analysis.solvers.BrentSolver_ESTest): Exception was not thrown in org.apache.commons.math.analysis.solvers.BrentSolver but in org.apache.commons.math.MathRuntimeException.createIllegalArgumentException(MathRuntimeException.java:305): org.evosuite.runtime.mock.java.lang.MockThrowable-]|
 ----
ProgramVariant 2502
 
time(sec)= 2167
operation: InsertBeforeOp
location= org.apache.commons.math.analysis.solvers.BrentSolver
line= 120
lineSuspiciousness= 0.707
original statement= if ((yInitial * yMin) < 0) {
	return solve(f, min, yMin, initial, yInitial, min, yMin);
} 
fixed statement= verifyBracketing(min, max, f)
generation= 1251
ingredientScope= PACKAGE
validation=
failing: |true|0|6|[]|
manual_regression: |true|0|2140|[]|
evo_regression: |false|7|37|[test30(org.apache.commons.math.analysis.solvers.BrentSolver_ESTest): function values at endpoints do not have different signs.  Endpoints: 0, 2, 486.34, Values: 0, 95, 017, 232, 792, 974, 144-, test10(org.apache.commons.math.analysis.solvers.BrentSolver_ESTest): function values at endpoints do not have different signs.  Endpoints: -1, 843.132, 0.5, Values: -21, 270, 708, 878, 498, 852, -0-, test31(org.apache.commons.math.analysis.solvers.BrentSolver_ESTest): function values at endpoints do not have different signs.  Endpoints: -1, 205.8, 0, Values: -1, 0-, test16(org.apache.commons.math.analysis.solvers.BrentSolver_ESTest): Exception was not thrown in org.apache.commons.math.analysis.solvers.BrentSolver but in org.apache.commons.math.MathRuntimeException.createIllegalArgumentException(MathRuntimeException.java:305): org.evosuite.runtime.mock.java.lang.MockThrowable-, test08(org.apache.commons.math.analysis.solvers.BrentSolver_ESTest): function values at endpoints do not have different signs.  Endpoints: -1, 843.132, 0.5, Values: -21, 270, 708, 878, 498, 852, -0-, test02(org.apache.commons.math.analysis.solvers.BrentSolver_ESTest): function values at endpoints do not have different signs.  Endpoints: -1, 1, 322.74, Values: -0.841, -0.129-, test26(org.apache.commons.math.analysis.solvers.BrentSolver_ESTest): Exception was not thrown in org.apache.commons.math.analysis.solvers.BrentSolver but in org.apache.commons.math.MathRuntimeException.createIllegalArgumentException(MathRuntimeException.java:305): org.evosuite.runtime.mock.java.lang.MockThrowable-]|
 ----
ProgramVariant 3626
 
time(sec)= 2860
operation: InsertBeforeOp
location= org.apache.commons.math.analysis.solvers.BrentSolver
line= 125
lineSuspiciousness= 0.707
original statement= double yMax = f.value(max)
fixed statement= verifyBracketing(min, max, f)
generation= 1813
ingredientScope= PACKAGE
validation=
failing: |true|0|6|[]|
manual_regression: |true|0|2140|[]|
evo_regression: |false|5|37|[test30(org.apache.commons.math.analysis.solvers.BrentSolver_ESTest): function values at endpoints do not have different signs.  Endpoints: 0, 2, 486.34, Values: 0, 95, 017, 232, 792, 974, 144-, test10(org.apache.commons.math.analysis.solvers.BrentSolver_ESTest): function values at endpoints do not have different signs.  Endpoints: -1, 843.132, 0.5, Values: -21, 270, 708, 878, 498, 852, -0-, test31(org.apache.commons.math.analysis.solvers.BrentSolver_ESTest): function values at endpoints do not have different signs.  Endpoints: -1, 205.8, 0, Values: -1, 0-, test08(org.apache.commons.math.analysis.solvers.BrentSolver_ESTest): function values at endpoints do not have different signs.  Endpoints: -1, 843.132, 0.5, Values: -21, 270, 708, 878, 498, 852, -0-, test26(org.apache.commons.math.analysis.solvers.BrentSolver_ESTest): Exception was not thrown in org.apache.commons.math.analysis.solvers.BrentSolver but in org.apache.commons.math.MathRuntimeException.createIllegalArgumentException(MathRuntimeException.java:305): org.evosuite.runtime.mock.java.lang.MockThrowable-]|
 ----
ProgramVariant 3766
 
time(sec)= 3019
operation: InsertAfterOp
location= org.apache.commons.math.analysis.solvers.BrentSolver
line= 113
lineSuspiciousness= 0.707
original statement= double yMin = f.value(min)
fixed statement= verifyBracketing(min, max, f)
generation= 1883
ingredientScope= PACKAGE
validation=
failing: |true|0|6|[]|
manual_regression: |true|0|2140|[]|
evo_regression: |false|9|37|[test30(org.apache.commons.math.analysis.solvers.BrentSolver_ESTest): function values at endpoints do not have different signs.  Endpoints: 0, 2, 486.34, Values: 0, 95, 017, 232, 792, 974, 144-, test10(org.apache.commons.math.analysis.solvers.BrentSolver_ESTest): function values at endpoints do not have different signs.  Endpoints: -1, 843.132, 0.5, Values: -21, 270, 708, 878, 498, 852, -0-, test31(org.apache.commons.math.analysis.solvers.BrentSolver_ESTest): function values at endpoints do not have different signs.  Endpoints: -1, 205.8, 0, Values: -1, 0-, test34(org.apache.commons.math.analysis.solvers.BrentSolver_ESTest): function values at endpoints do not have different signs.  Endpoints: 0, 1, 697.326, Values: 0, 0.762-, test16(org.apache.commons.math.analysis.solvers.BrentSolver_ESTest): Exception was not thrown in org.apache.commons.math.analysis.solvers.BrentSolver but in org.apache.commons.math.MathRuntimeException.createIllegalArgumentException(MathRuntimeException.java:305): org.evosuite.runtime.mock.java.lang.MockThrowable-, test06(org.apache.commons.math.analysis.solvers.BrentSolver_ESTest): function values at endpoints do not have different signs.  Endpoints: 0, 2, 486.34, Values: 0, 95, 017, 232, 792, 974, 144-, test08(org.apache.commons.math.analysis.solvers.BrentSolver_ESTest): function values at endpoints do not have different signs.  Endpoints: -1, 843.132, 0.5, Values: -21, 270, 708, 878, 498, 852, -0-, test02(org.apache.commons.math.analysis.solvers.BrentSolver_ESTest): function values at endpoints do not have different signs.  Endpoints: -1, 1, 322.74, Values: -0.841, -0.129-, test26(org.apache.commons.math.analysis.solvers.BrentSolver_ESTest): Exception was not thrown in org.apache.commons.math.analysis.solvers.BrentSolver but in org.apache.commons.math.MathRuntimeException.createIllegalArgumentException(MathRuntimeException.java:305): org.evosuite.runtime.mock.java.lang.MockThrowable-]|
 ----
ProgramVariant 3864
 
time(sec)= 3157
operation: InsertAfterOp
location= org.apache.commons.math.analysis.solvers.BrentSolver
line= 114
lineSuspiciousness= 0.707
original statement= if ((java.lang.Math.abs(yMin)) <= (functionValueAccuracy)) {
	setResult(yMin, 0);
	return result;
} 
fixed statement= verifyBracketing(min, max, f)
generation= 1932
ingredientScope= PACKAGE
validation=
failing: |true|0|6|[]|
manual_regression: |true|0|2140|[]|
evo_regression: |false|7|37|[test30(org.apache.commons.math.analysis.solvers.BrentSolver_ESTest): function values at endpoints do not have different signs.  Endpoints: 0, 2, 486.34, Values: 0, 95, 017, 232, 792, 974, 144-, test10(org.apache.commons.math.analysis.solvers.BrentSolver_ESTest): function values at endpoints do not have different signs.  Endpoints: -1, 843.132, 0.5, Values: -21, 270, 708, 878, 498, 852, -0-, test31(org.apache.commons.math.analysis.solvers.BrentSolver_ESTest): function values at endpoints do not have different signs.  Endpoints: -1, 205.8, 0, Values: -1, 0-, test16(org.apache.commons.math.analysis.solvers.BrentSolver_ESTest): Exception was not thrown in org.apache.commons.math.analysis.solvers.BrentSolver but in org.apache.commons.math.MathRuntimeException.createIllegalArgumentException(MathRuntimeException.java:305): org.evosuite.runtime.mock.java.lang.MockThrowable-, test08(org.apache.commons.math.analysis.solvers.BrentSolver_ESTest): function values at endpoints do not have different signs.  Endpoints: -1, 843.132, 0.5, Values: -21, 270, 708, 878, 498, 852, -0-, test02(org.apache.commons.math.analysis.solvers.BrentSolver_ESTest): function values at endpoints do not have different signs.  Endpoints: -1, 1, 322.74, Values: -0.841, -0.129-, test26(org.apache.commons.math.analysis.solvers.BrentSolver_ESTest): Exception was not thrown in org.apache.commons.math.analysis.solvers.BrentSolver but in org.apache.commons.math.MathRuntimeException.createIllegalArgumentException(MathRuntimeException.java:305): org.evosuite.runtime.mock.java.lang.MockThrowable-]|
 ----
ProgramVariant 4542
 
time(sec)= 3566
operation: InsertAfterOp
location= org.apache.commons.math.analysis.solvers.BrentSolver
line= 120
lineSuspiciousness= 0.707
original statement= if ((yInitial * yMin) < 0) {
	return solve(f, min, yMin, initial, yInitial, min, yMin);
} 
fixed statement= verifyBracketing(min, max, f)
generation= 2271
ingredientScope= PACKAGE
validation=
failing: |true|0|6|[]|
manual_regression: |true|0|2140|[]|
evo_regression: |false|5|37|[test30(org.apache.commons.math.analysis.solvers.BrentSolver_ESTest): function values at endpoints do not have different signs.  Endpoints: 0, 2, 486.34, Values: 0, 95, 017, 232, 792, 974, 144-, test10(org.apache.commons.math.analysis.solvers.BrentSolver_ESTest): function values at endpoints do not have different signs.  Endpoints: -1, 843.132, 0.5, Values: -21, 270, 708, 878, 498, 852, -0-, test31(org.apache.commons.math.analysis.solvers.BrentSolver_ESTest): function values at endpoints do not have different signs.  Endpoints: -1, 205.8, 0, Values: -1, 0-, test08(org.apache.commons.math.analysis.solvers.BrentSolver_ESTest): function values at endpoints do not have different signs.  Endpoints: -1, 843.132, 0.5, Values: -21, 270, 708, 878, 498, 852, -0-, test26(org.apache.commons.math.analysis.solvers.BrentSolver_ESTest): Exception was not thrown in org.apache.commons.math.analysis.solvers.BrentSolver but in org.apache.commons.math.MathRuntimeException.createIllegalArgumentException(MathRuntimeException.java:305): org.evosuite.runtime.mock.java.lang.MockThrowable-]|
 ----
ProgramVariant 5270
 
time(sec)= 4050
operation: InsertAfterOp
location= org.apache.commons.math.analysis.solvers.BrentSolver
line= 107
lineSuspiciousness= 0.707
original statement= if ((java.lang.Math.abs(yInitial)) <= (functionValueAccuracy)) {
	setResult(initial, 0);
	return result;
} 
fixed statement= verifyBracketing(min, max, f)
generation= 2635
ingredientScope= PACKAGE
validation=
failing: |true|0|6|[]|
manual_regression: |true|0|2140|[]|
evo_regression: |false|9|37|[test30(org.apache.commons.math.analysis.solvers.BrentSolver_ESTest): function values at endpoints do not have different signs.  Endpoints: 0, 2, 486.34, Values: 0, 95, 017, 232, 792, 974, 144-, test10(org.apache.commons.math.analysis.solvers.BrentSolver_ESTest): function values at endpoints do not have different signs.  Endpoints: -1, 843.132, 0.5, Values: -21, 270, 708, 878, 498, 852, -0-, test31(org.apache.commons.math.analysis.solvers.BrentSolver_ESTest): function values at endpoints do not have different signs.  Endpoints: -1, 205.8, 0, Values: -1, 0-, test34(org.apache.commons.math.analysis.solvers.BrentSolver_ESTest): function values at endpoints do not have different signs.  Endpoints: 0, 1, 697.326, Values: 0, 0.762-, test16(org.apache.commons.math.analysis.solvers.BrentSolver_ESTest): Exception was not thrown in org.apache.commons.math.analysis.solvers.BrentSolver but in org.apache.commons.math.MathRuntimeException.createIllegalArgumentException(MathRuntimeException.java:305): org.evosuite.runtime.mock.java.lang.MockThrowable-, test06(org.apache.commons.math.analysis.solvers.BrentSolver_ESTest): function values at endpoints do not have different signs.  Endpoints: 0, 2, 486.34, Values: 0, 95, 017, 232, 792, 974, 144-, test08(org.apache.commons.math.analysis.solvers.BrentSolver_ESTest): function values at endpoints do not have different signs.  Endpoints: -1, 843.132, 0.5, Values: -21, 270, 708, 878, 498, 852, -0-, test02(org.apache.commons.math.analysis.solvers.BrentSolver_ESTest): function values at endpoints do not have different signs.  Endpoints: -1, 1, 322.74, Values: -0.841, -0.129-, test26(org.apache.commons.math.analysis.solvers.BrentSolver_ESTest): Exception was not thrown in org.apache.commons.math.analysis.solvers.BrentSolver but in org.apache.commons.math.MathRuntimeException.createIllegalArgumentException(MathRuntimeException.java:305): org.evosuite.runtime.mock.java.lang.MockThrowable-]|
 ----
ProgramVariant 8020
 
time(sec)= 5604
operation: InsertAfterOp
location= org.apache.commons.math.analysis.solvers.BrentSolver
line= 125
lineSuspiciousness= 0.707
original statement= double yMax = f.value(max)
fixed statement= verifyBracketing(min, max, f)
generation= 4010
ingredientScope= PACKAGE
validation=
failing: |true|0|6|[]|
manual_regression: |true|0|2140|[]|
evo_regression: |false|5|37|[test30(org.apache.commons.math.analysis.solvers.BrentSolver_ESTest): function values at endpoints do not have different signs.  Endpoints: 0, 2, 486.34, Values: 0, 95, 017, 232, 792, 974, 144-, test10(org.apache.commons.math.analysis.solvers.BrentSolver_ESTest): function values at endpoints do not have different signs.  Endpoints: -1, 843.132, 0.5, Values: -21, 270, 708, 878, 498, 852, -0-, test31(org.apache.commons.math.analysis.solvers.BrentSolver_ESTest): function values at endpoints do not have different signs.  Endpoints: -1, 205.8, 0, Values: -1, 0-, test08(org.apache.commons.math.analysis.solvers.BrentSolver_ESTest): function values at endpoints do not have different signs.  Endpoints: -1, 843.132, 0.5, Values: -21, 270, 708, 878, 498, 852, -0-, test26(org.apache.commons.math.analysis.solvers.BrentSolver_ESTest): Exception was not thrown in org.apache.commons.math.analysis.solvers.BrentSolver but in org.apache.commons.math.MathRuntimeException.createIllegalArgumentException(MathRuntimeException.java:305): org.evosuite.runtime.mock.java.lang.MockThrowable-]|
 ----
ProgramVariant 8132
 
time(sec)= 5709
operation: InsertBeforeOp
location= org.apache.commons.math.analysis.solvers.BrentSolver
line= 114
lineSuspiciousness= 0.707
original statement= if ((java.lang.Math.abs(yMin)) <= (functionValueAccuracy)) {
	setResult(yMin, 0);
	return result;
} 
fixed statement= verifyBracketing(min, max, f)
generation= 4066
ingredientScope= PACKAGE
validation=
failing: |true|0|6|[]|
manual_regression: |true|0|2140|[]|
evo_regression: |false|9|37|[test30(org.apache.commons.math.analysis.solvers.BrentSolver_ESTest): function values at endpoints do not have different signs.  Endpoints: 0, 2, 486.34, Values: 0, 95, 017, 232, 792, 974, 144-, test10(org.apache.commons.math.analysis.solvers.BrentSolver_ESTest): function values at endpoints do not have different signs.  Endpoints: -1, 843.132, 0.5, Values: -21, 270, 708, 878, 498, 852, -0-, test31(org.apache.commons.math.analysis.solvers.BrentSolver_ESTest): function values at endpoints do not have different signs.  Endpoints: -1, 205.8, 0, Values: -1, 0-, test34(org.apache.commons.math.analysis.solvers.BrentSolver_ESTest): function values at endpoints do not have different signs.  Endpoints: 0, 1, 697.326, Values: 0, 0.762-, test16(org.apache.commons.math.analysis.solvers.BrentSolver_ESTest): Exception was not thrown in org.apache.commons.math.analysis.solvers.BrentSolver but in org.apache.commons.math.MathRuntimeException.createIllegalArgumentException(MathRuntimeException.java:305): org.evosuite.runtime.mock.java.lang.MockThrowable-, test06(org.apache.commons.math.analysis.solvers.BrentSolver_ESTest): function values at endpoints do not have different signs.  Endpoints: 0, 2, 486.34, Values: 0, 95, 017, 232, 792, 974, 144-, test08(org.apache.commons.math.analysis.solvers.BrentSolver_ESTest): function values at endpoints do not have different signs.  Endpoints: -1, 843.132, 0.5, Values: -21, 270, 708, 878, 498, 852, -0-, test02(org.apache.commons.math.analysis.solvers.BrentSolver_ESTest): function values at endpoints do not have different signs.  Endpoints: -1, 1, 322.74, Values: -0.841, -0.129-, test26(org.apache.commons.math.analysis.solvers.BrentSolver_ESTest): Exception was not thrown in org.apache.commons.math.analysis.solvers.BrentSolver but in org.apache.commons.math.MathRuntimeException.createIllegalArgumentException(MathRuntimeException.java:305): org.evosuite.runtime.mock.java.lang.MockThrowable-]|
 ----
ProgramVariant 8490
 
time(sec)= 5957
operation: InsertAfterOp
location= org.apache.commons.math.analysis.solvers.BrentSolver
line= 126
lineSuspiciousness= 0.707
original statement= if ((java.lang.Math.abs(yMax)) <= (functionValueAccuracy)) {
	setResult(yMax, 0);
	return result;
} 
fixed statement= verifyBracketing(min, max, f)
generation= 4245
ingredientScope= PACKAGE
validation=
failing: |true|0|6|[]|
manual_regression: |true|0|2140|[]|
evo_regression: |false|3|37|[test30(org.apache.commons.math.analysis.solvers.BrentSolver_ESTest): function values at endpoints do not have different signs.  Endpoints: 0, 2, 486.34, Values: 0, 95, 017, 232, 792, 974, 144-, test10(org.apache.commons.math.analysis.solvers.BrentSolver_ESTest): function values at endpoints do not have different signs.  Endpoints: -1, 843.132, 0.5, Values: -21, 270, 708, 878, 498, 852, -0-, test26(org.apache.commons.math.analysis.solvers.BrentSolver_ESTest): Exception was not thrown in org.apache.commons.math.analysis.solvers.BrentSolver but in org.apache.commons.math.MathRuntimeException.createIllegalArgumentException(MathRuntimeException.java:305): org.evosuite.runtime.mock.java.lang.MockThrowable-]|
 ----
ProgramVariant 9948
 
time(sec)= 6730
operation: InsertBeforeOp
location= org.apache.commons.math.analysis.solvers.BrentSolver
line= 126
lineSuspiciousness= 0.707
original statement= if ((java.lang.Math.abs(yMax)) <= (functionValueAccuracy)) {
	setResult(yMax, 0);
	return result;
} 
fixed statement= verifyBracketing(min, max, f)
generation= 4974
ingredientScope= PACKAGE
validation=
failing: |true|0|6|[]|
manual_regression: |true|0|2140|[]|
evo_regression: |false|5|37|[test30(org.apache.commons.math.analysis.solvers.BrentSolver_ESTest): function values at endpoints do not have different signs.  Endpoints: 0, 2, 486.34, Values: 0, 95, 017, 232, 792, 974, 144-, test10(org.apache.commons.math.analysis.solvers.BrentSolver_ESTest): function values at endpoints do not have different signs.  Endpoints: -1, 843.132, 0.5, Values: -21, 270, 708, 878, 498, 852, -0-, test31(org.apache.commons.math.analysis.solvers.BrentSolver_ESTest): function values at endpoints do not have different signs.  Endpoints: -1, 205.8, 0, Values: -1, 0-, test08(org.apache.commons.math.analysis.solvers.BrentSolver_ESTest): function values at endpoints do not have different signs.  Endpoints: -1, 843.132, 0.5, Values: -21, 270, 708, 878, 498, 852, -0-, test26(org.apache.commons.math.analysis.solvers.BrentSolver_ESTest): Exception was not thrown in org.apache.commons.math.analysis.solvers.BrentSolver but in org.apache.commons.math.MathRuntimeException.createIllegalArgumentException(MathRuntimeException.java:305): org.evosuite.runtime.mock.java.lang.MockThrowable-]|
 ----
ProgramVariant 10218
 
time(sec)= 6909
operation: InsertAfterOp
location= org.apache.commons.math.analysis.solvers.BrentSolver
line= 132
lineSuspiciousness= 0.707
original statement= if ((yInitial * yMax) < 0) {
	return solve(f, initial, yInitial, max, yMax, initial, yInitial);
} 
fixed statement= verifyBracketing(min, max, f)
generation= 5109
ingredientScope= PACKAGE
validation=
failing: |true|0|6|[]|
manual_regression: |true|0|2140|[]|
evo_regression: |false|3|37|[test30(org.apache.commons.math.analysis.solvers.BrentSolver_ESTest): function values at endpoints do not have different signs.  Endpoints: 0, 2, 486.34, Values: 0, 95, 017, 232, 792, 974, 144-, test10(org.apache.commons.math.analysis.solvers.BrentSolver_ESTest): function values at endpoints do not have different signs.  Endpoints: -1, 843.132, 0.5, Values: -21, 270, 708, 878, 498, 852, -0-, test26(org.apache.commons.math.analysis.solvers.BrentSolver_ESTest): Exception was not thrown in org.apache.commons.math.analysis.solvers.BrentSolver but in org.apache.commons.math.MathRuntimeException.createIllegalArgumentException(MathRuntimeException.java:305): org.evosuite.runtime.mock.java.lang.MockThrowable-]|
 ----
ProgramVariant 10352
 
time(sec)= 7016
operation: InsertBeforeOp
location= org.apache.commons.math.analysis.solvers.BrentSolver
line= 132
lineSuspiciousness= 0.707
original statement= if ((yInitial * yMax) < 0) {
	return solve(f, initial, yInitial, max, yMax, initial, yInitial);
} 
fixed statement= verifyBracketing(min, max, f)
generation= 5176
ingredientScope= PACKAGE
validation=
failing: |true|0|6|[]|
manual_regression: |true|0|2140|[]|
evo_regression: |false|3|37|[test30(org.apache.commons.math.analysis.solvers.BrentSolver_ESTest): function values at endpoints do not have different signs.  Endpoints: 0, 2, 486.34, Values: 0, 95, 017, 232, 792, 974, 144-, test10(org.apache.commons.math.analysis.solvers.BrentSolver_ESTest): function values at endpoints do not have different signs.  Endpoints: -1, 843.132, 0.5, Values: -21, 270, 708, 878, 498, 852, -0-, test26(org.apache.commons.math.analysis.solvers.BrentSolver_ESTest): Exception was not thrown in org.apache.commons.math.analysis.solvers.BrentSolver but in org.apache.commons.math.MathRuntimeException.createIllegalArgumentException(MathRuntimeException.java:305): org.evosuite.runtime.mock.java.lang.MockThrowable-]|
[INFO ] fr.inria.main.evolution.AstorMain.run(AstorMain.java:397) - Time Total(s): 7279.51


Node: grisou-10.nancy.grid5000.fr


Date: Tue Jan 10 21:50:33 CET 2017

removed classes 

zipped 

copied zip 


