seed AstorRun 9 
export PATH="/home/mmartinez/defects4j/framework/bin:$PATH";export JAVA_TOOL_OPTIONS=-Dfile.encoding=UTF8;export PATH="/usr/lib/jvm/java-1.7.0-openjdk-amd64/bin/:$PATH";cd /home/mmartinez/projects/chart/chart_1;defects4j compile;cp -r /home/mmartinez/projects/chart/chart_1 /tmp/chart_1_Genprog_local_s1;cd /tmp/chart_1_Genprog_local_s1;mkdir lib/;cp -r /home/mmartinez/defects4j/framework/projects/lib/* lib/;cp -r /home/mmartinez/defects4j/framework/projects/Chart/lib/* lib/;find . -type f -name "package-info.java" -delete;
/home/mmartinez/defects4j-repair/src/python/core/../../../results/2016-june/Chart/seed/9/package/1/Genprog/result
cd /tmp/chart_1_Genprog_local_s1;export JAVA_TOOL_OPTIONS=-Dfile.encoding=UTF8;TZ="America/New_York"; export TZexport PATH="/usr/lib/jvm/java-1.7.0-openjdk-amd64/bin/:$PATH";time /home/mmartinez/jdk1.8.0_45/bin//java -Xmx4096m -cp /home/mmartinez/defects4j-repair/src/python/core/../../..//libs/astor.jar fr.inria.main.evolution.MainjGenProg -mode statement -location . -id Chart -dependencies lib/ -failing org.jfree.chart.renderer.category.junit.AbstractCategoryItemRendererTests: -package org.jfree -jvm4testexecution /usr/lib/jvm/java-1.7.0-openjdk-amd64/bin/ -jvm4evosuitetestexecution /home/mmartinez/jdk1.8.0_45/bin/ -javacompliancelevel 4 -maxgen 1000000 -seed 9 -scope package -maxtime 120  -stopfirst false -population 1 -srcjavafolder source/ -srctestfolder tests/ -binjavafolder build/ -bintestfolder build-tests/ -flthreshold 0.1  -validation  fr.inria.astor.core.validation.validators.RegressionValidation  -ESParameters -Dassertion_timeout=1800:-Dminimization_timeout=1800:-Djunit_check_timeout=1800:-Dwrite_junit_timeout=300:-Dinitialization_timeout=300:-Dglobal_timeout=18000:-Dsearch_budget=100000:-Dstopping_condition=MaxStatements:-Dno_runtime_dependency=true:-Dsandbox=false:-Dp_reflection_on_private=0.0:-Dreflection_start_percent=1.0:-Dp_functional_mocking=0.0:-Dfunctional_mocking_percent=1.0:-mem=2000 -ignoredtestcases org.apache.commons.lang.LocaleUtilsTest  -excludeRegression  -maxgen 100000000 ;echo "

Node: `hostname`
";echo "
Date: `date`
"; find /tmp/chart_1_Genprog_local_s1/outputMutation -name "*.class" -type f -delete;echo "removed classes 
"; find . -name bin  -type d -print0|xargs -0 rm -r --; zip -r -q out.zip /tmp/chart_1_Genprog_local_s1/outputMutation; echo "zipped 
";cp out.zip /home/mmartinez/defects4j-repair/src/python/core/../../../results/2016-june/Chart/seed/9/package/1/Genprog; echo "copied zip 
";rm -rf /tmp/chart_1_Genprog_local_s1;

[DEBUG] fr.inria.astor.core.loop.AstorCoreEngine.showResults(AstorCoreEngine.java:136) - End Repair Loops: Found solution
[DEBUG] fr.inria.astor.core.loop.AstorCoreEngine.showResults(AstorCoreEngine.java:137) - Solution stored at: /tmp/chart_1_Genprog_local_s1/./outputMutation/AstorMain-Chart//src/
[DEBUG] fr.inria.astor.core.loop.AstorCoreEngine.showResults(AstorCoreEngine.java:142) - 
Number solutions:12
[DEBUG] fr.inria.astor.core.loop.AstorCoreEngine.showResults(AstorCoreEngine.java:144) - f (sol): 0.0, [Variant id: 102 (SOL) , #gens: 30, #ops: 1, parent:101]
[DEBUG] fr.inria.astor.core.loop.AstorCoreEngine.showResults(AstorCoreEngine.java:144) - f (sol): 0.0, [Variant id: 668 (SOL) , #gens: 31, #ops: 1, parent:667]
[DEBUG] fr.inria.astor.core.loop.AstorCoreEngine.showResults(AstorCoreEngine.java:144) - f (sol): 0.0, [Variant id: 680 (SOL) , #gens: 30, #ops: 1, parent:679]
[DEBUG] fr.inria.astor.core.loop.AstorCoreEngine.showResults(AstorCoreEngine.java:144) - f (sol): 0.0, [Variant id: 698 (SOL) , #gens: 30, #ops: 1, parent:697]
[DEBUG] fr.inria.astor.core.loop.AstorCoreEngine.showResults(AstorCoreEngine.java:144) - f (sol): 0.0, [Variant id: 752 (SOL) , #gens: 30, #ops: 1, parent:751]
[DEBUG] fr.inria.astor.core.loop.AstorCoreEngine.showResults(AstorCoreEngine.java:144) - f (sol): 0.0, [Variant id: 1012 (SOL) , #gens: 30, #ops: 1, parent:1011]
[DEBUG] fr.inria.astor.core.loop.AstorCoreEngine.showResults(AstorCoreEngine.java:144) - f (sol): 0.0, [Variant id: 1090 (SOL) , #gens: 30, #ops: 1, parent:1089]
[DEBUG] fr.inria.astor.core.loop.AstorCoreEngine.showResults(AstorCoreEngine.java:144) - f (sol): 0.0, [Variant id: 1182 (SOL) , #gens: 30, #ops: 1, parent:1181]
[DEBUG] fr.inria.astor.core.loop.AstorCoreEngine.showResults(AstorCoreEngine.java:144) - f (sol): 0.0, [Variant id: 1506 (SOL) , #gens: 30, #ops: 1, parent:1505]
[DEBUG] fr.inria.astor.core.loop.AstorCoreEngine.showResults(AstorCoreEngine.java:144) - f (sol): 0.0, [Variant id: 1656 (SOL) , #gens: 30, #ops: 1, parent:1655]
[DEBUG] fr.inria.astor.core.loop.AstorCoreEngine.showResults(AstorCoreEngine.java:144) - f (sol): 0.0, [Variant id: 1750 (SOL) , #gens: 31, #ops: 1, parent:1749]
[DEBUG] fr.inria.astor.core.loop.AstorCoreEngine.showResults(AstorCoreEngine.java:144) - f (sol): 0.0, [Variant id: 1890 (SOL) , #gens: 30, #ops: 1, parent:1889]
[DEBUG] fr.inria.astor.core.loop.AstorCoreEngine.showResults(AstorCoreEngine.java:146) - 
All variants:
[DEBUG] fr.inria.astor.core.loop.AstorCoreEngine.showResults(AstorCoreEngine.java:148) - f 1.0, [Variant id: 1947, #gens: 31, #ops: 0, parent:-]
[INFO ] fr.inria.astor.core.loop.AstorCoreEngine.showResults(AstorCoreEngine.java:152) - 
Solution details
[INFO ] fr.inria.astor.core.loop.AstorCoreEngine.showResults(AstorCoreEngine.java:153) - 
 --SOLUTIONS DESCRIPTION--

 ----
ProgramVariant 102
 
time(sec)= 738
operation: RemoveOp
location= org.jfree.chart.renderer.category.AbstractCategoryItemRenderer
line= 1798
lineSuspiciousness= 0.162
original statement= return result
fixed statement= 
generation= 51
ingredientScope= -
validation=
failing: |true|0|10|[]|
manual_regression: |true|0|4402|[]|
evo_regression: |true|0|111|[]|
 ----
ProgramVariant 668
 
time(sec)= 3090
operation: ReplaceOp
location= org.jfree.chart.renderer.category.AbstractCategoryItemRenderer
line= 1797
lineSuspiciousness= 0.162
original statement= if (dataset != null) {
	return result;
} 
fixed statement= if (dataset != null) {
	org.jfree.chart.renderer.category.AbstractCategoryItemRenderer.this.rowCount = dataset.getRowCount();
	org.jfree.chart.renderer.category.AbstractCategoryItemRenderer.this.columnCount = dataset.getColumnCount();
} else {
	org.jfree.chart.renderer.category.AbstractCategoryItemRenderer.this.rowCount = 0;
	org.jfree.chart.renderer.category.AbstractCategoryItemRenderer.this.columnCount = 0;
}
generation= 334
ingredientScope= LOCAL
validation=
failing: |true|0|10|[]|
manual_regression: |true|0|4402|[]|
evo_regression: |true|0|111|[]|
 ----
ProgramVariant 680
 
time(sec)= 3201
operation: RemoveOp
location= org.jfree.chart.renderer.category.AbstractCategoryItemRenderer
line= 1797
lineSuspiciousness= 0.162
original statement= if (dataset != null) {
	return result;
} 
fixed statement= 
generation= 340
ingredientScope= -
validation=
failing: |true|0|10|[]|
manual_regression: |true|0|4402|[]|
evo_regression: |true|0|111|[]|
 ----
ProgramVariant 698
 
time(sec)= 3349
operation: RemoveOp
location= org.jfree.chart.renderer.category.AbstractCategoryItemRenderer
line= 1798
lineSuspiciousness= 0.162
original statement= return result
fixed statement= 
generation= 349
ingredientScope= -
validation=
failing: |true|0|10|[]|
manual_regression: |true|0|4402|[]|
evo_regression: |true|0|111|[]|
 ----
ProgramVariant 752
 
time(sec)= 3603
operation: RemoveOp
location= org.jfree.chart.renderer.category.AbstractCategoryItemRenderer
line= 1797
lineSuspiciousness= 0.162
original statement= if (dataset != null) {
	return result;
} 
fixed statement= 
generation= 376
ingredientScope= -
validation=
failing: |true|0|10|[]|
manual_regression: |true|0|4402|[]|
evo_regression: |true|0|111|[]|
 ----
ProgramVariant 1012
 
time(sec)= 4250
operation: RemoveOp
location= org.jfree.chart.renderer.category.AbstractCategoryItemRenderer
line= 1798
lineSuspiciousness= 0.162
original statement= return result
fixed statement= 
generation= 506
ingredientScope= -
validation=
failing: |true|0|10|[]|
manual_regression: |true|0|4402|[]|
evo_regression: |true|0|111|[]|
 ----
ProgramVariant 1090
 
time(sec)= 4517
operation: RemoveOp
location= org.jfree.chart.renderer.category.AbstractCategoryItemRenderer
line= 1798
lineSuspiciousness= 0.162
original statement= return result
fixed statement= 
generation= 545
ingredientScope= -
validation=
failing: |true|0|10|[]|
manual_regression: |true|0|4402|[]|
evo_regression: |true|0|111|[]|
 ----
ProgramVariant 1182
 
time(sec)= 4836
operation: RemoveOp
location= org.jfree.chart.renderer.category.AbstractCategoryItemRenderer
line= 1798
lineSuspiciousness= 0.162
original statement= return result
fixed statement= 
generation= 591
ingredientScope= -
validation=
failing: |true|0|10|[]|
manual_regression: |true|0|4402|[]|
evo_regression: |true|0|111|[]|
 ----
ProgramVariant 1506
 
time(sec)= 5665
operation: RemoveOp
location= org.jfree.chart.renderer.category.AbstractCategoryItemRenderer
line= 1797
lineSuspiciousness= 0.162
original statement= if (dataset != null) {
	return result;
} 
fixed statement= 
generation= 753
ingredientScope= -
validation=
failing: |true|0|10|[]|
manual_regression: |true|0|4402|[]|
evo_regression: |true|0|111|[]|
 ----
ProgramVariant 1656
 
time(sec)= 6052
operation: RemoveOp
location= org.jfree.chart.renderer.category.AbstractCategoryItemRenderer
line= 1798
lineSuspiciousness= 0.162
original statement= return result
fixed statement= 
generation= 828
ingredientScope= -
validation=
failing: |true|0|10|[]|
manual_regression: |true|0|4402|[]|
evo_regression: |true|0|111|[]|
 ----
ProgramVariant 1750
 
time(sec)= 6322
operation: ReplaceOp
location= org.jfree.chart.renderer.category.AbstractCategoryItemRenderer
line= 1797
lineSuspiciousness= 0.162
original statement= if (dataset != null) {
	return result;
} 
fixed statement= if (plot == null) {
	throw new java.lang.IllegalArgumentException("Null 'plot' argument.");
} 
generation= 875
ingredientScope= LOCAL
validation=
failing: |true|0|10|[]|
manual_regression: |true|0|4402|[]|
evo_regression: |true|0|111|[]|
 ----
ProgramVariant 1890
 
time(sec)= 7067
operation: RemoveOp
location= org.jfree.chart.renderer.category.AbstractCategoryItemRenderer
line= 1798
lineSuspiciousness= 0.162
original statement= return result
fixed statement= 
generation= 945
ingredientScope= -
validation=
failing: |true|0|10|[]|
manual_regression: |true|0|4402|[]|
evo_regression: |true|0|111|[]|
[INFO ] fr.inria.main.evolution.AstorMain.run(AstorMain.java:397) - Time Total(s): 7842.149


Node: grimoire-5.nancy.grid5000.fr


Date: Sat Jan 14 00:39:44 CET 2017

removed classes 

zipped 

copied zip 


