seed AstorRun 28 
export PATH="/home/mmartinez/defects4j/framework/bin:$PATH";export JAVA_TOOL_OPTIONS=-Dfile.encoding=UTF8;export PATH="/usr/lib/jvm/java-1.7.0-openjdk-amd64/bin/:$PATH";cd /home/mmartinez/projects/math/math_82;defects4j compile;cp -r /home/mmartinez/projects/math/math_82 /tmp/math_82_Genprog_local_s1;cd /tmp/math_82_Genprog_local_s1;mkdir lib/;cp -r /home/mmartinez/defects4j/framework/projects/lib/* lib/;cp -r /home/mmartinez/defects4j/framework/projects/Math/lib/* lib/;find . -type f -name "package-info.java" -delete;
/home/mmartinez/defects4j-repair/src/python/core/../../../results/2016-june/Math/seed/28/package/82/Genprog/result
cd /tmp/math_82_Genprog_local_s1;export JAVA_TOOL_OPTIONS=-Dfile.encoding=UTF8;TZ="America/New_York"; export TZexport PATH="/usr/lib/jvm/java-1.7.0-openjdk-amd64/bin/:$PATH";time /home/mmartinez/jdk1.8.0_45/bin//java -Xmx4096m -cp /home/mmartinez/defects4j-repair/src/python/core/../../..//libs/astor.jar fr.inria.main.evolution.MainjGenProg -mode statement -location . -id Math -dependencies lib/ -failing org.apache.commons.math.optimization.linear.SimplexSolverTest: -package org.apache.commons -jvm4testexecution /usr/lib/jvm/java-1.7.0-openjdk-amd64/bin/ -jvm4evosuitetestexecution /home/mmartinez/jdk1.8.0_45/bin/ -javacompliancelevel 5 -maxgen 1000000 -seed 28 -scope package -maxtime 120  -stopfirst false -population 1 -srcjavafolder src/main/java/ -srctestfolder src/test/java/ -binjavafolder target/classes/ -bintestfolder target/test-classes/ -flthreshold 0.1  -validation  fr.inria.astor.core.validation.validators.RegressionValidation  -ESParameters -Dassertion_timeout=1800:-Dminimization_timeout=1800:-Djunit_check_timeout=1800:-Dwrite_junit_timeout=300:-Dinitialization_timeout=300:-Dglobal_timeout=18000:-Dsearch_budget=100000:-Dstopping_condition=MaxStatements:-Dno_runtime_dependency=true:-Dsandbox=false:-Dp_reflection_on_private=0.0:-Dreflection_start_percent=1.0:-Dp_functional_mocking=0.0:-Dfunctional_mocking_percent=1.0:-mem=2000 -testbystep  -ignoredtestcases org.apache.commons.lang.LocaleUtilsTest  -excludeRegression  -maxgen 100000000 ;echo "

Node: `hostname`
";echo "
Date: `date`
"; find /tmp/math_82_Genprog_local_s1/outputMutation -name "*.class" -type f -delete;echo "removed classes 
"; find . -name bin  -type d -print0|xargs -0 rm -r --; zip -r -q out.zip /tmp/math_82_Genprog_local_s1/outputMutation; echo "zipped 
";cp out.zip /home/mmartinez/defects4j-repair/src/python/core/../../../results/2016-june/Math/seed/28/package/82/Genprog; echo "copied zip 
";rm -rf /tmp/math_82_Genprog_local_s1;

[DEBUG] fr.inria.astor.core.loop.AstorCoreEngine.showResults(AstorCoreEngine.java:136) - End Repair Loops: Found solution
[DEBUG] fr.inria.astor.core.loop.AstorCoreEngine.showResults(AstorCoreEngine.java:137) - Solution stored at: /tmp/math_82_Genprog_local_s1/./outputMutation/AstorMain-Math//src/
[DEBUG] fr.inria.astor.core.loop.AstorCoreEngine.showResults(AstorCoreEngine.java:142) - 
Number solutions:11
[DEBUG] fr.inria.astor.core.loop.AstorCoreEngine.showResults(AstorCoreEngine.java:144) - f (sol): 0.0, [Variant id: 1194 (SOL) , #gens: 143, #ops: 1, parent:1193]
[DEBUG] fr.inria.astor.core.loop.AstorCoreEngine.showResults(AstorCoreEngine.java:144) - f (sol): 0.0, [Variant id: 2156 (SOL) , #gens: 143, #ops: 1, parent:2155]
[DEBUG] fr.inria.astor.core.loop.AstorCoreEngine.showResults(AstorCoreEngine.java:144) - f (sol): 0.0, [Variant id: 2810 (SOL) , #gens: 143, #ops: 1, parent:2809]
[DEBUG] fr.inria.astor.core.loop.AstorCoreEngine.showResults(AstorCoreEngine.java:144) - f (sol): 0.0, [Variant id: 2976 (SOL) , #gens: 143, #ops: 1, parent:2975]
[DEBUG] fr.inria.astor.core.loop.AstorCoreEngine.showResults(AstorCoreEngine.java:144) - f (sol): 0.0, [Variant id: 3274 (SOL) , #gens: 143, #ops: 1, parent:3273]
[DEBUG] fr.inria.astor.core.loop.AstorCoreEngine.showResults(AstorCoreEngine.java:144) - f (sol): 0.0, [Variant id: 3334 (SOL) , #gens: 143, #ops: 1, parent:3333]
[DEBUG] fr.inria.astor.core.loop.AstorCoreEngine.showResults(AstorCoreEngine.java:144) - f (sol): 0.0, [Variant id: 3988 (SOL) , #gens: 143, #ops: 1, parent:3987]
[DEBUG] fr.inria.astor.core.loop.AstorCoreEngine.showResults(AstorCoreEngine.java:144) - f (sol): 0.0, [Variant id: 4404 (SOL) , #gens: 143, #ops: 1, parent:4403]
[DEBUG] fr.inria.astor.core.loop.AstorCoreEngine.showResults(AstorCoreEngine.java:144) - f (sol): 0.0, [Variant id: 5450 (SOL) , #gens: 143, #ops: 1, parent:5449]
[DEBUG] fr.inria.astor.core.loop.AstorCoreEngine.showResults(AstorCoreEngine.java:144) - f (sol): 0.0, [Variant id: 5772 (SOL) , #gens: 143, #ops: 1, parent:5771]
[DEBUG] fr.inria.astor.core.loop.AstorCoreEngine.showResults(AstorCoreEngine.java:144) - f (sol): 0.0, [Variant id: 6914 (SOL) , #gens: 143, #ops: 1, parent:6913]
[DEBUG] fr.inria.astor.core.loop.AstorCoreEngine.showResults(AstorCoreEngine.java:146) - 
All variants:
[DEBUG] fr.inria.astor.core.loop.AstorCoreEngine.showResults(AstorCoreEngine.java:148) - f 1.0, [Variant id: 7091, #gens: 144, #ops: 0, parent:-]
[INFO ] fr.inria.astor.core.loop.AstorCoreEngine.showResults(AstorCoreEngine.java:152) - 
Solution details
[INFO ] fr.inria.astor.core.loop.AstorCoreEngine.showResults(AstorCoreEngine.java:153) - 
 --SOLUTIONS DESCRIPTION--

 ----
ProgramVariant 1194
 
time(sec)= 1395
operation: RemoveOp
location= org.apache.commons.math.optimization.linear.SimplexSolver
line= 63
lineSuspiciousness= 0.267
original statement= minValue = tableau.getEntry(0, i)
fixed statement= 
generation= 597
ingredientScope= -
validation=
failing: |true|0|14|[]|
manual_regression: |true|0|2056|[]|
evo_regression: |true|0|17|[]|
 ----
ProgramVariant 2156
 
time(sec)= 2283
operation: RemoveOp
location= org.apache.commons.math.optimization.linear.SimplexSolver
line= 63
lineSuspiciousness= 0.267
original statement= minValue = tableau.getEntry(0, i)
fixed statement= 
generation= 1078
ingredientScope= -
validation=
failing: |true|0|14|[]|
manual_regression: |true|0|2056|[]|
evo_regression: |true|0|17|[]|
 ----
ProgramVariant 2810
 
time(sec)= 2816
operation: RemoveOp
location= org.apache.commons.math.optimization.linear.SimplexSolver
line= 63
lineSuspiciousness= 0.267
original statement= minValue = tableau.getEntry(0, i)
fixed statement= 
generation= 1405
ingredientScope= -
validation=
failing: |true|0|14|[]|
manual_regression: |true|0|2056|[]|
evo_regression: |true|0|17|[]|
 ----
ProgramVariant 2976
 
time(sec)= 3092
operation: RemoveOp
location= org.apache.commons.math.optimization.linear.SimplexSolver
line= 63
lineSuspiciousness= 0.267
original statement= minValue = tableau.getEntry(0, i)
fixed statement= 
generation= 1488
ingredientScope= -
validation=
failing: |true|0|14|[]|
manual_regression: |true|0|2056|[]|
evo_regression: |true|0|17|[]|
 ----
ProgramVariant 3274
 
time(sec)= 3384
operation: RemoveOp
location= org.apache.commons.math.optimization.linear.SimplexSolver
line= 63
lineSuspiciousness= 0.267
original statement= minValue = tableau.getEntry(0, i)
fixed statement= 
generation= 1637
ingredientScope= -
validation=
failing: |true|0|14|[]|
manual_regression: |true|0|2056|[]|
evo_regression: |true|0|17|[]|
 ----
ProgramVariant 3334
 
time(sec)= 3523
operation: RemoveOp
location= org.apache.commons.math.optimization.linear.SimplexSolver
line= 63
lineSuspiciousness= 0.267
original statement= minValue = tableau.getEntry(0, i)
fixed statement= 
generation= 1667
ingredientScope= -
validation=
failing: |true|0|14|[]|
manual_regression: |true|0|2056|[]|
evo_regression: |true|0|17|[]|
 ----
ProgramVariant 3988
 
time(sec)= 4414
operation: RemoveOp
location= org.apache.commons.math.optimization.linear.SimplexSolver
line= 63
lineSuspiciousness= 0.267
original statement= minValue = tableau.getEntry(0, i)
fixed statement= 
generation= 1994
ingredientScope= -
validation=
failing: |true|0|14|[]|
manual_regression: |true|0|2056|[]|
evo_regression: |true|0|17|[]|
 ----
ProgramVariant 4404
 
time(sec)= 4881
operation: RemoveOp
location= org.apache.commons.math.optimization.linear.SimplexSolver
line= 63
lineSuspiciousness= 0.267
original statement= minValue = tableau.getEntry(0, i)
fixed statement= 
generation= 2202
ingredientScope= -
validation=
failing: |true|0|14|[]|
manual_regression: |true|0|2056|[]|
evo_regression: |true|0|17|[]|
 ----
ProgramVariant 5450
 
time(sec)= 5639
operation: RemoveOp
location= org.apache.commons.math.optimization.linear.SimplexSolver
line= 63
lineSuspiciousness= 0.267
original statement= minValue = tableau.getEntry(0, i)
fixed statement= 
generation= 2725
ingredientScope= -
validation=
failing: |true|0|14|[]|
manual_regression: |true|0|2056|[]|
evo_regression: |true|0|17|[]|
 ----
ProgramVariant 5772
 
time(sec)= 5969
operation: RemoveOp
location= org.apache.commons.math.optimization.linear.SimplexSolver
line= 63
lineSuspiciousness= 0.267
original statement= minValue = tableau.getEntry(0, i)
fixed statement= 
generation= 2886
ingredientScope= -
validation=
failing: |true|0|14|[]|
manual_regression: |true|0|2056|[]|
evo_regression: |true|0|17|[]|
 ----
ProgramVariant 6914
 
time(sec)= 7149
operation: RemoveOp
location= org.apache.commons.math.optimization.linear.SimplexSolver
line= 63
lineSuspiciousness= 0.267
original statement= minValue = tableau.getEntry(0, i)
fixed statement= 
generation= 3457
ingredientScope= -
validation=
failing: |true|0|14|[]|
manual_regression: |true|0|2056|[]|
evo_regression: |true|0|17|[]|
[INFO ] fr.inria.main.evolution.AstorMain.run(AstorMain.java:397) - Time Total(s): 7456.622


Node: grisou-12.nancy.grid5000.fr


Date: Sat Jan 28 11:29:49 CET 2017

removed classes 

zipped 

copied zip 


