seed AstorRun 22 
export PATH="/home/mmartinez/defects4j/framework/bin:$PATH";export JAVA_TOOL_OPTIONS=-Dfile.encoding=UTF8;export PATH="/usr/lib/jvm/java-1.7.0-openjdk-amd64/bin/:$PATH";cd /home/mmartinez/projects/math/math_58;defects4j compile;cp -r /home/mmartinez/projects/math/math_58 /tmp/math_58_Genprog_local_s1;cd /tmp/math_58_Genprog_local_s1;mkdir lib/;cp -r /home/mmartinez/defects4j/framework/projects/lib/* lib/;cp -r /home/mmartinez/defects4j/framework/projects/Math/lib/* lib/;find . -type f -name "package-info.java" -delete;
/home/mmartinez/defects4j-repair/src/python/core/../../../results/2016-june/Math/seed/22/package/58/Genprog/result
cd /tmp/math_58_Genprog_local_s1;export JAVA_TOOL_OPTIONS=-Dfile.encoding=UTF8;TZ="America/New_York"; export TZexport PATH="/usr/lib/jvm/java-1.7.0-openjdk-amd64/bin/:$PATH";time /home/mmartinez/jdk1.8.0_45/bin//java -Xmx4096m -cp /home/mmartinez/defects4j-repair/src/python/core/../../..//libs/astor.jar fr.inria.main.evolution.MainjGenProg -mode statement -location . -id Math -dependencies lib/ -failing org.apache.commons.math.optimization.fitting.GaussianFitterTest: -package org.apache.commons -jvm4testexecution /usr/lib/jvm/java-1.7.0-openjdk-amd64/bin/ -jvm4evosuitetestexecution /home/mmartinez/jdk1.8.0_45/bin/ -javacompliancelevel 5 -maxgen 1000000 -seed 22 -scope package -maxtime 120  -stopfirst false -population 1 -srcjavafolder src/main/java/ -srctestfolder src/test/java/ -binjavafolder target/classes/ -bintestfolder target/test-classes/ -flthreshold 0.1  -validation  fr.inria.astor.core.validation.validators.RegressionValidation  -ESParameters -Dassertion_timeout=1800:-Dminimization_timeout=1800:-Djunit_check_timeout=1800:-Dwrite_junit_timeout=300:-Dinitialization_timeout=300:-Dglobal_timeout=18000:-Dsearch_budget=100000:-Dstopping_condition=MaxStatements:-Dno_runtime_dependency=true:-Dsandbox=false:-Dp_reflection_on_private=0.0:-Dreflection_start_percent=1.0:-Dp_functional_mocking=0.0:-Dfunctional_mocking_percent=1.0:-mem=2000 -ignoredtestcases org.apache.commons.lang.LocaleUtilsTest  -excludeRegression  -maxgen 100000000 ;echo "

Node: `hostname`
";echo "
Date: `date`
"; find /tmp/math_58_Genprog_local_s1/outputMutation -name "*.class" -type f -delete;echo "removed classes 
"; find . -name bin  -type d -print0|xargs -0 rm -r --; zip -r -q out.zip /tmp/math_58_Genprog_local_s1/outputMutation; echo "zipped 
";cp out.zip /home/mmartinez/defects4j-repair/src/python/core/../../../results/2016-june/Math/seed/22/package/58/Genprog; echo "copied zip 
";rm -rf /tmp/math_58_Genprog_local_s1;

[DEBUG] fr.inria.astor.core.loop.AstorCoreEngine.showResults(AstorCoreEngine.java:136) - End Repair Loops: Found solution
[DEBUG] fr.inria.astor.core.loop.AstorCoreEngine.showResults(AstorCoreEngine.java:137) - Solution stored at: /tmp/math_58_Genprog_local_s1/./outputMutation/AstorMain-Math//src/
[DEBUG] fr.inria.astor.core.loop.AstorCoreEngine.showResults(AstorCoreEngine.java:142) - 
Number solutions:14
[DEBUG] fr.inria.astor.core.loop.AstorCoreEngine.showResults(AstorCoreEngine.java:144) - f (sol): 4.0, [Variant id: 72 (SOL) , #gens: 398, #ops: 1, parent:71]
[DEBUG] fr.inria.astor.core.loop.AstorCoreEngine.showResults(AstorCoreEngine.java:144) - f (sol): 15.0, [Variant id: 96 (SOL) , #gens: 400, #ops: 1, parent:95]
[DEBUG] fr.inria.astor.core.loop.AstorCoreEngine.showResults(AstorCoreEngine.java:144) - f (sol): 4.0, [Variant id: 152 (SOL) , #gens: 398, #ops: 1, parent:151]
[DEBUG] fr.inria.astor.core.loop.AstorCoreEngine.showResults(AstorCoreEngine.java:144) - f (sol): 5.0, [Variant id: 192 (SOL) , #gens: 398, #ops: 1, parent:191]
[DEBUG] fr.inria.astor.core.loop.AstorCoreEngine.showResults(AstorCoreEngine.java:144) - f (sol): 6.0, [Variant id: 202 (SOL) , #gens: 398, #ops: 1, parent:201]
[DEBUG] fr.inria.astor.core.loop.AstorCoreEngine.showResults(AstorCoreEngine.java:144) - f (sol): 4.0, [Variant id: 284 (SOL) , #gens: 399, #ops: 1, parent:283]
[DEBUG] fr.inria.astor.core.loop.AstorCoreEngine.showResults(AstorCoreEngine.java:144) - f (sol): 8.0, [Variant id: 294 (SOL) , #gens: 399, #ops: 1, parent:293]
[DEBUG] fr.inria.astor.core.loop.AstorCoreEngine.showResults(AstorCoreEngine.java:144) - f (sol): 7.0, [Variant id: 320 (SOL) , #gens: 400, #ops: 1, parent:319]
[DEBUG] fr.inria.astor.core.loop.AstorCoreEngine.showResults(AstorCoreEngine.java:144) - f (sol): 9.0, [Variant id: 1124 (SOL) , #gens: 399, #ops: 1, parent:1123]
[DEBUG] fr.inria.astor.core.loop.AstorCoreEngine.showResults(AstorCoreEngine.java:144) - f (sol): 6.0, [Variant id: 1242 (SOL) , #gens: 400, #ops: 1, parent:1241]
[DEBUG] fr.inria.astor.core.loop.AstorCoreEngine.showResults(AstorCoreEngine.java:144) - f (sol): 5.0, [Variant id: 1328 (SOL) , #gens: 399, #ops: 1, parent:1327]
[DEBUG] fr.inria.astor.core.loop.AstorCoreEngine.showResults(AstorCoreEngine.java:144) - f (sol): 4.0, [Variant id: 1352 (SOL) , #gens: 398, #ops: 1, parent:1351]
[DEBUG] fr.inria.astor.core.loop.AstorCoreEngine.showResults(AstorCoreEngine.java:144) - f (sol): 6.0, [Variant id: 1434 (SOL) , #gens: 398, #ops: 1, parent:1433]
[DEBUG] fr.inria.astor.core.loop.AstorCoreEngine.showResults(AstorCoreEngine.java:144) - f (sol): 9.0, [Variant id: 1462 (SOL) , #gens: 400, #ops: 1, parent:1461]
[DEBUG] fr.inria.astor.core.loop.AstorCoreEngine.showResults(AstorCoreEngine.java:146) - 
All variants:
[DEBUG] fr.inria.astor.core.loop.AstorCoreEngine.showResults(AstorCoreEngine.java:148) - f 1.0, [Variant id: 1737, #gens: 399, #ops: 0, parent:-]
[INFO ] fr.inria.astor.core.loop.AstorCoreEngine.showResults(AstorCoreEngine.java:152) - 
Solution details
[INFO ] fr.inria.astor.core.loop.AstorCoreEngine.showResults(AstorCoreEngine.java:153) - 
 --SOLUTIONS DESCRIPTION--

 ----
ProgramVariant 72
 
time(sec)= 200
operation: RemoveOp
location= org.apache.commons.math.analysis.function.Gaussian
line= 183
lineSuspiciousness= 0.408
original statement= throw new org.apache.commons.math.exception.NotStrictlyPositiveException(param[2])
fixed statement= 
generation= 36
ingredientScope= -
validation=
failing: |true|0|8|[]|
manual_regression: |false|2|2299|[testParametricUsage3(org.apache.commons.math.analysis.function.GaussianTest): Expected exception: org.apache.commons.math.exception.NotStrictlyPositiveException-, testParametricUsage6(org.apache.commons.math.analysis.function.GaussianTest): Expected exception: org.apache.commons.math.exception.NotStrictlyPositiveException-]|
evo_regression: |false|2|15|[test00(org.apache.commons.math.analysis.function.Gaussian_ESTest): Expecting exception: RuntimeException-, test14(org.apache.commons.math.analysis.function.Gaussian_ESTest): Expecting exception: RuntimeException-]|
 ----
ProgramVariant 96
 
time(sec)= 803
operation: InsertBeforeOp
location= org.apache.commons.math.optimization.general.LevenbergMarquardtOptimizer
line= 418
lineSuspiciousness= 0.151
original statement= for (int j = 0 ; j < (solvedCols) ; ++j) {
	int pj = permutation[j];
	point[pj] = oldX[pj];
}
fixed statement= cost = org.apache.commons.math.util.FastMath.sqrt(cost)
generation= 48
ingredientScope= PACKAGE
validation=
failing: |true|0|8|[]|
manual_regression: |false|15|2299|[testMath372(org.apache.commons.math.optimization.fitting.CurveFitterTest): expected:<2411.0> but was:<17789.490746314925>-, testIllConditioned(org.apache.commons.math.optimization.general.LevenbergMarquardtOptimizerTest): expected:<0.0> but was:<2.5365800065074853E-7>-, testCircleFittingBadInit(org.apache.commons.math.optimization.general.LevenbergMarquardtOptimizerTest): expected:<0.043> but was:<0.10723726527855222>-, testMinpackLinearRank1(org.apache.commons.math.optimization.general.MinpackTest): expected:<1.4638501094228> but was:<1.20989673502444>-, testMinpackBrownDennis(org.apache.commons.math.optimization.general.MinpackTest): expected:<292.954288244866> but was:<1.0315131982845875>-, testMinpackJennrichSampson(org.apache.commons.math.optimization.general.MinpackTest): expected:<11.1517793413499> but was:<1.0164144810091142>-, testMinpackRosenbrok(org.apache.commons.math.optimization.general.MinpackTest): expected:<0.0> but was:<1.007056491417007>-, testMinpackHelicalValley(org.apache.commons.math.optimization.general.MinpackTest): expected:<0.0> but was:<1.003551078539722>-, testMinpackMeyer(org.apache.commons.math.optimization.general.MinpackTest): expected:<9.37794514651874> but was:<1.0423774919618898>-, testMinpackLinearFullRank(org.apache.commons.math.optimization.general.MinpackTest): expected:<6.70820393249937> but was:<2.5900200641113513>-, testMinpackFreudensteinRoth(org.apache.commons.math.optimization.general.MinpackTest): expected:<6.99887517584575> but was:<1.004081773758659>-, ...and 5 failures more, testMinpackWatson(org.apache.commons.math.optimization.general.MinpackTest): expected:<0.00118311459212513> but was:<1.0007735451722102>-, ...and 5 failures more, testMinpackChebyquad(org.apache.commons.math.optimization.general.MinpackTest): expected:<0.0593032355046727> but was:<0.2435225564597098>-, ...and 5 failures more, testMinpackLinearRank1ZeroColsAndRows(org.apache.commons.math.optimization.general.MinpackTest): expected:<1.909727421264462> but was:<1.3819288770643958>-, ...and 5 failures more, testMinpackBrownAlmostLinear(org.apache.commons.math.optimization.general.MinpackTest): expected:<0.0> but was:<1.0158413313340606>-, ...and 5 failures more]|
evo_regression: |true|0|8|[]|
 ----
ProgramVariant 152
 
time(sec)= 954
operation: RemoveOp
location= org.apache.commons.math.analysis.function.Gaussian
line= 128
lineSuspiciousness= 0.224
original statement= validateParameters(param)
fixed statement= 
generation= 76
ingredientScope= -
validation=
failing: |true|0|8|[]|
manual_regression: |false|3|2299|[testParametricUsage1(org.apache.commons.math.analysis.function.GaussianTest): Unexpected exception, expected<org.apache.commons.math.exception.NullArgumentException> but was<java.lang.NullPointerException>-, testParametricUsage2(org.apache.commons.math.analysis.function.GaussianTest): Unexpected exception, expected<org.apache.commons.math.exception.DimensionMismatchException> but was<java.lang.ArrayIndexOutOfBoundsException>-, testParametricUsage3(org.apache.commons.math.analysis.function.GaussianTest): Expected exception: org.apache.commons.math.exception.NotStrictlyPositiveException-]|
evo_regression: |false|1|15|[test14(org.apache.commons.math.analysis.function.Gaussian_ESTest): Expecting exception: RuntimeException-]|
 ----
ProgramVariant 192
 
time(sec)= 1068
operation: RemoveOp
location= org.apache.commons.math.optimization.general.LevenbergMarquardtOptimizer
line= 417
lineSuspiciousness= 0.151
original statement= cost = previousCost
fixed statement= 
generation= 96
ingredientScope= -
validation=
failing: |true|0|8|[]|
manual_regression: |false|5|2299|[testControlParameters(org.apache.commons.math.optimization.general.LevenbergMarquardtOptimizerTest): null-, testMinpackBrownDennis(org.apache.commons.math.optimization.general.MinpackTest): expected:<292.954288244866> but was:<292.9542714768772>-, testMinpackFreudensteinRoth(org.apache.commons.math.optimization.general.MinpackTest): expected:<11.4124844654993> but was:<11.412714378707147>-, testMinpackKowalikOsborne(org.apache.commons.math.optimization.general.MinpackTest): expected:<0.0175364017658228> but was:<0.042362000797352556>-, testMinpackChebyquad(org.apache.commons.math.optimization.general.MinpackTest): expected:<0.166708783805937> but was:<0.3988782883224861>-]|
evo_regression: |true|0|8|[]|
 ----
ProgramVariant 202
 
time(sec)= 1167
operation: RemoveOp
location= org.apache.commons.math.optimization.general.LevenbergMarquardtOptimizer
line= 578
lineSuspiciousness= 0.151
original statement= work3[pj] = s
fixed statement= 
generation= 101
ingredientScope= -
validation=
failing: |true|0|8|[]|
manual_regression: |false|6|2299|[testNoError(org.apache.commons.math.optimization.fitting.PolynomialFitterTest): expected:<0.0> but was:<395.37888349824647>-, testMinpackBrownDennis(org.apache.commons.math.optimization.general.MinpackTest): expected:<292.954288244866> but was:<293.02659228227924>-, testMinpackMeyer(org.apache.commons.math.optimization.general.MinpackTest): expected:<9.37794514651874> but was:<3337.7170716323553>-, testMinpackWatson(org.apache.commons.math.optimization.general.MinpackTest): expected:<0.00118311459212384> but was:<0.07620593608265219>-, testMinpackKowalikOsborne(org.apache.commons.math.optimization.general.MinpackTest): expected:<728675.473768287> but was:<446115.372935024>-, testMinpackBard(org.apache.commons.math.optimization.general.MinpackTest): expected:<-1.58848033259565E8> but was:<-9.059446028114274E7>-]|
evo_regression: |true|0|8|[]|
 ----
ProgramVariant 284
 
time(sec)= 1381
operation: ReplaceOp
location= org.apache.commons.math.analysis.function.Gaussian
line= 182
lineSuspiciousness= 0.224
original statement= if ((param[2]) <= 0) {
	throw new org.apache.commons.math.exception.NotStrictlyPositiveException(param[2]);
} 
fixed statement= if (param == null) {
	throw new org.apache.commons.math.exception.NullArgumentException();
} 
generation= 142
ingredientScope= LOCAL
validation=
failing: |true|0|8|[]|
manual_regression: |false|2|2299|[testParametricUsage3(org.apache.commons.math.analysis.function.GaussianTest): Expected exception: org.apache.commons.math.exception.NotStrictlyPositiveException-, testParametricUsage6(org.apache.commons.math.analysis.function.GaussianTest): Expected exception: org.apache.commons.math.exception.NotStrictlyPositiveException-]|
evo_regression: |false|2|15|[test00(org.apache.commons.math.analysis.function.Gaussian_ESTest): Expecting exception: RuntimeException-, test14(org.apache.commons.math.analysis.function.Gaussian_ESTest): Expecting exception: RuntimeException-]|
 ----
ProgramVariant 294
 
time(sec)= 1474
operation: ReplaceOp
location= org.apache.commons.math.optimization.general.LevenbergMarquardtOptimizer
line= 593
lineSuspiciousness= 0.162
original statement= for (int j = 0 ; j < (solvedCols) ; ++j) {
	int pj = permutation[j];
	work1[pj] = ((work3[pj]) * (diag[pj])) / dxNorm;
}
fixed statement= for (int j = 0 ; j < (solvedCols) ; ++j) {
	double s = work1[permutation[j]];
	sum2 += s * s;
}
generation= 147
ingredientScope= LOCAL
validation=
failing: |true|0|8|[]|
manual_regression: |false|8|2299|[testNoError(org.apache.commons.math.optimization.fitting.PolynomialFitterTest): expected:<0.0> but was:<6.232879170171511>-, testMinpackLinearRank1(org.apache.commons.math.optimization.general.MinpackTest): expected:<3.48263016573496> but was:<3101.6003933453453>-, testMinpackBrownDennis(org.apache.commons.math.optimization.general.MinpackTest): expected:<292.954288244866> but was:<292.9542741568475>-, testMinpackMeyer(org.apache.commons.math.optimization.general.MinpackTest): null-, testMinpackWatson(org.apache.commons.math.optimization.general.MinpackTest): expected:<0.0011831145921242> but was:<0.0368691147305295>-, testMinpackKowalikOsborne(org.apache.commons.math.optimization.general.MinpackTest): expected:<0.191262653354071> but was:<0.19130393017578387>-, testMinpackChebyquad(org.apache.commons.math.optimization.general.MinpackTest): expected:<0.199490672309881> but was:<0.23561910847106002>-, testMinpackBard(org.apache.commons.math.optimization.general.MinpackTest): expected:<4.17476870138539> but was:<4.183148836352632>-]|
evo_regression: |true|0|8|[]|
 ----
ProgramVariant 320
 
time(sec)= 1592
operation: InsertBeforeOp
location= org.apache.commons.math.optimization.general.LevenbergMarquardtOptimizer
line= 547
lineSuspiciousness= 0.151
original statement= double gNorm = org.apache.commons.math.util.FastMath.sqrt(sum2)
fixed statement= parl = org.apache.commons.math.util.FastMath.max(parl, lmPar)
generation= 160
ingredientScope= LOCAL
validation=
failing: |true|0|8|[]|
manual_regression: |false|7|2299|[testMinpackBrownDennis(org.apache.commons.math.optimization.general.MinpackTest): expected:<-11.59125141003> but was:<-11.591643721824406>-, testMinpackMeyer(org.apache.commons.math.optimization.general.MinpackTest): null-, testMinpackFreudensteinRoth(org.apache.commons.math.optimization.general.MinpackTest): expected:<11.4124844654993> but was:<11.412765610756779>-, testMinpackKowalikOsborne(org.apache.commons.math.optimization.general.MinpackTest): expected:<728675.473768287> but was:<383957.51428118994>-, testMinpackChebyquad(org.apache.commons.math.optimization.general.MinpackTest): expected:<0.199490672309881> but was:<0.23561910847106002>-, testMinpackBard(org.apache.commons.math.optimization.general.MinpackTest): expected:<-1.58848033259565E8> but was:<-7.828763466122054E7>-, testMinpackBrownAlmostLinear(org.apache.commons.math.optimization.general.MinpackTest): expected:<0.0> but was:<1.000000003459863>-]|
evo_regression: |true|0|8|[]|
 ----
ProgramVariant 1124
 
time(sec)= 4694
operation: ReplaceOp
location= org.apache.commons.math.optimization.general.LevenbergMarquardtOptimizer
line= 620
lineSuspiciousness= 0.162
original statement= lmPar = org.apache.commons.math.util.FastMath.max(parl, ((lmPar) + correction))
fixed statement= dxNorm = 0
generation= 562
ingredientScope= LOCAL
validation=
failing: |true|0|8|[]|
manual_regression: |false|9|2299|[testMinpackBrownDennis(org.apache.commons.math.optimization.general.MinpackTest): expected:<292.954288244866> but was:<292.95426693599694>-, testMinpackMeyer(org.apache.commons.math.optimization.general.MinpackTest): null-, testMinpackFreudensteinRoth(org.apache.commons.math.optimization.general.MinpackTest): expected:<11.4124844654993> but was:<11.412770703342117>-, testMinpackOsborne2(org.apache.commons.math.optimization.general.MinpackTest): expected:<0.904300082378518> but was:<0.9042807984936891>-, testMinpackWatson(org.apache.commons.math.optimization.general.MinpackTest): expected:<2.17310402539845E-5> but was:<12.222062769464388>-, testMinpackKowalikOsborne(org.apache.commons.math.optimization.general.MinpackTest): expected:<728675.473768287> but was:<368074.07348482724>-, testMinpackChebyquad(org.apache.commons.math.optimization.general.MinpackTest): expected:<0.199490672309881> but was:<0.235619108471061>-, testMinpackBard(org.apache.commons.math.optimization.general.MinpackTest): expected:<-1.58848033259565E8> but was:<-8.513250204578142E7>-, testMinpackBrownAlmostLinear(org.apache.commons.math.optimization.general.MinpackTest): expected:<0.0> but was:<1.0000000045612916>-]|
evo_regression: |true|0|8|[]|
 ----
ProgramVariant 1242
 
time(sec)= 5394
operation: InsertAfterOp
location= org.apache.commons.math.optimization.general.LevenbergMarquardtOptimizer
line= 393
lineSuspiciousness= 0.101
original statement= lmPar *= 0.5
fixed statement= delta = org.apache.commons.math.util.FastMath.min(delta, lmNorm)
generation= 621
ingredientScope= LOCAL
validation=
failing: |true|0|8|[]|
manual_regression: |false|6|2299|[testMinpackBrownDennis(org.apache.commons.math.optimization.general.MinpackTest): expected:<292.954288244866> but was:<292.9542785257512>-, testMinpackFreudensteinRoth(org.apache.commons.math.optimization.general.MinpackTest): expected:<11.4124844654993> but was:<11.412972130301922>-, testMinpackWatson(org.apache.commons.math.optimization.general.MinpackTest): null-, testMinpackKowalikOsborne(org.apache.commons.math.optimization.general.MinpackTest): null-, testMinpackBard(org.apache.commons.math.optimization.general.MinpackTest): expected:<4.17476870138539> but was:<4.174787818313532>-, testMinpackBrownAlmostLinear(org.apache.commons.math.optimization.general.MinpackTest): expected:<0.0> but was:<0.999999999999903>-]|
evo_regression: |true|0|8|[]|
 ----
ProgramVariant 1328
 
time(sec)= 5586
operation: ReplaceOp
location= org.apache.commons.math.optimization.general.LevenbergMarquardtOptimizer
line= 417
lineSuspiciousness= 0.151
original statement= cost = previousCost
fixed statement= tmpVec = weightedResiduals
generation= 664
ingredientScope= LOCAL
validation=
failing: |true|0|8|[]|
manual_regression: |false|5|2299|[testControlParameters(org.apache.commons.math.optimization.general.LevenbergMarquardtOptimizerTest): null-, testMinpackBrownDennis(org.apache.commons.math.optimization.general.MinpackTest): expected:<292.954288244866> but was:<292.9542714768772>-, testMinpackFreudensteinRoth(org.apache.commons.math.optimization.general.MinpackTest): expected:<11.4124844654993> but was:<11.412714378707147>-, testMinpackKowalikOsborne(org.apache.commons.math.optimization.general.MinpackTest): expected:<0.0175364017658228> but was:<0.042362000797352556>-, testMinpackChebyquad(org.apache.commons.math.optimization.general.MinpackTest): expected:<0.166708783805937> but was:<0.3988782883224861>-]|
evo_regression: |true|0|8|[]|
 ----
ProgramVariant 1352
 
time(sec)= 5686
operation: RemoveOp
location= org.apache.commons.math.analysis.function.Gaussian
line= 128
lineSuspiciousness= 0.224
original statement= validateParameters(param)
fixed statement= 
generation= 676
ingredientScope= -
validation=
failing: |true|0|8|[]|
manual_regression: |false|3|2299|[testParametricUsage1(org.apache.commons.math.analysis.function.GaussianTest): Unexpected exception, expected<org.apache.commons.math.exception.NullArgumentException> but was<java.lang.NullPointerException>-, testParametricUsage2(org.apache.commons.math.analysis.function.GaussianTest): Unexpected exception, expected<org.apache.commons.math.exception.DimensionMismatchException> but was<java.lang.ArrayIndexOutOfBoundsException>-, testParametricUsage3(org.apache.commons.math.analysis.function.GaussianTest): Expected exception: org.apache.commons.math.exception.NotStrictlyPositiveException-]|
evo_regression: |false|1|15|[test14(org.apache.commons.math.analysis.function.Gaussian_ESTest): Expecting exception: RuntimeException-]|
 ----
ProgramVariant 1434
 
time(sec)= 6093
operation: RemoveOp
location= org.apache.commons.math.optimization.general.LevenbergMarquardtOptimizer
line= 391
lineSuspiciousness= 0.147
original statement= if (((lmPar) == 0) || (ratio >= 0.75)) {
	delta = 2 * lmNorm;
	lmPar *= 0.5;
} 
fixed statement= 
generation= 717
ingredientScope= -
validation=
failing: |true|0|8|[]|
manual_regression: |false|6|2299|[testMinpackBrownDennis(org.apache.commons.math.optimization.general.MinpackTest): expected:<-11.59125141003> but was:<-11.5916567006682>-, testMinpackFreudensteinRoth(org.apache.commons.math.optimization.general.MinpackTest): expected:<11.4124844654993> but was:<11.412977810416637>-, testMinpackWatson(org.apache.commons.math.optimization.general.MinpackTest): null-, testMinpackKowalikOsborne(org.apache.commons.math.optimization.general.MinpackTest): null-, testMinpackBard(org.apache.commons.math.optimization.general.MinpackTest): expected:<4.17476870138539> but was:<4.174787822367045>-, testMinpackBrownAlmostLinear(org.apache.commons.math.optimization.general.MinpackTest): expected:<1.0> but was:<0.9794303033498643>-]|
evo_regression: |true|0|8|[]|
 ----
ProgramVariant 1462
 
time(sec)= 6194
operation: InsertBeforeOp
location= org.apache.commons.math.optimization.general.LevenbergMarquardtOptimizer
line= 380
lineSuspiciousness= 0.101
original statement= ratio = preRed == 0 ? 0 : actRed / preRed
fixed statement= qTy(qtf)
generation= 731
ingredientScope= LOCAL
validation=
failing: |true|0|8|[]|
manual_regression: |false|9|2299|[testMinpackBrownDennis(org.apache.commons.math.optimization.general.MinpackTest): expected:<292.954288244866> but was:<292.9639321705117>-, testMinpackJennrichSampson(org.apache.commons.math.optimization.general.MinpackTest): expected:<0.2578199266368004> but was:<0.2578380405507458>-, testMinpackMeyer(org.apache.commons.math.optimization.general.MinpackTest): null-, testMinpackFreudensteinRoth(org.apache.commons.math.optimization.general.MinpackTest): expected:<6.9988751744895> but was:<7.003763020067253>-, testMinpackOsborne1(org.apache.commons.math.optimization.general.MinpackTest): expected:<0.00739249260904843> but was:<0.007590198208705202>-, testMinpackWatson(org.apache.commons.math.optimization.general.MinpackTest): expected:<0.00118311459212513> but was:<1.5275547586438816>-, testMinpackKowalikOsborne(org.apache.commons.math.optimization.general.MinpackTest): expected:<0.032052192917937> but was:<0.0331305776280076>-, testMinpackChebyquad(org.apache.commons.math.optimization.general.MinpackTest): expected:<0.0593032355046727> but was:<0.05930369406167352>-, testMinpackBrownAlmostLinear(org.apache.commons.math.optimization.general.MinpackTest): expected:<0.0> but was:<8.163234782749729E8>-]|
evo_regression: |true|0|8|[]|
[INFO ] fr.inria.main.evolution.AstorMain.run(AstorMain.java:397) - Time Total(s): 7415.083


Node: graphene-119.nancy.grid5000.fr


Date: Sat Jan 21 21:02:51 CET 2017

removed classes 

zipped 

copied zip 


