seed AstorRun 16 
export PATH="/home/mmartinez/defects4j/framework/bin:$PATH";export JAVA_TOOL_OPTIONS=-Dfile.encoding=UTF8;export PATH="/usr/lib/jvm/java-1.7.0-openjdk-amd64/bin/:$PATH";cd /home/mmartinez/projects/math/math_28;defects4j compile;cp -r /home/mmartinez/projects/math/math_28 /tmp/math_28_Genprog_local_s1;cd /tmp/math_28_Genprog_local_s1;mkdir lib/;cp -r /home/mmartinez/defects4j/framework/projects/lib/* lib/;cp -r /home/mmartinez/defects4j/framework/projects/Math/lib/* lib/;find . -type f -name "package-info.java" -delete;
/home/mmartinez/defects4j-repair/src/python/core/../../../results/2016-june/Math/seed/16/package/28/Genprog/result
cd /tmp/math_28_Genprog_local_s1;export JAVA_TOOL_OPTIONS=-Dfile.encoding=UTF8;TZ="America/New_York"; export TZexport PATH="/usr/lib/jvm/java-1.7.0-openjdk-amd64/bin/:$PATH";time /home/mmartinez/jdk1.8.0_45/bin//java -Xmx4096m -cp /home/mmartinez/defects4j-repair/src/python/core/../../..//libs/astor.jar fr.inria.main.evolution.MainjGenProg -mode statement -location . -id Math -dependencies lib/ -failing org.apache.commons.math3.optimization.linear.SimplexSolverTest: -package org.apache.commons -jvm4testexecution /usr/lib/jvm/java-1.7.0-openjdk-amd64/bin/ -jvm4evosuitetestexecution /home/mmartinez/jdk1.8.0_45/bin/ -javacompliancelevel 5 -maxgen 1000000 -seed 16 -scope package -maxtime 120  -stopfirst false -population 1 -srcjavafolder src/main/java/ -srctestfolder src/test/java/ -binjavafolder target/classes/ -bintestfolder target/test-classes/ -flthreshold 0.1  -validation  fr.inria.astor.core.validation.validators.RegressionValidation  -ESParameters -Dassertion_timeout=1800:-Dminimization_timeout=1800:-Djunit_check_timeout=1800:-Dwrite_junit_timeout=300:-Dinitialization_timeout=300:-Dglobal_timeout=18000:-Dsearch_budget=100000:-Dstopping_condition=MaxStatements:-Dno_runtime_dependency=true:-Dsandbox=false:-Dp_reflection_on_private=0.0:-Dreflection_start_percent=1.0:-Dp_functional_mocking=0.0:-Dfunctional_mocking_percent=1.0:-mem=2000 -ignoredtestcases org.apache.commons.lang.LocaleUtilsTest  -excludeRegression  -maxgen 100000000 ;echo "

Node: `hostname`
";echo "
Date: `date`
"; find /tmp/math_28_Genprog_local_s1/outputMutation -name "*.class" -type f -delete;echo "removed classes 
"; find . -name bin  -type d -print0|xargs -0 rm -r --; zip -r -q out.zip /tmp/math_28_Genprog_local_s1/outputMutation; echo "zipped 
";cp out.zip /home/mmartinez/defects4j-repair/src/python/core/../../../results/2016-june/Math/seed/16/package/28/Genprog; echo "copied zip 
";rm -rf /tmp/math_28_Genprog_local_s1;

[DEBUG] fr.inria.astor.core.loop.AstorCoreEngine.showResults(AstorCoreEngine.java:136) - End Repair Loops: Found solution
[DEBUG] fr.inria.astor.core.loop.AstorCoreEngine.showResults(AstorCoreEngine.java:137) - Solution stored at: /tmp/math_28_Genprog_local_s1/./outputMutation/AstorMain-Math//src/
[DEBUG] fr.inria.astor.core.loop.AstorCoreEngine.showResults(AstorCoreEngine.java:142) - 
Number solutions:17
[DEBUG] fr.inria.astor.core.loop.AstorCoreEngine.showResults(AstorCoreEngine.java:144) - f (sol): 0.0, [Variant id: 150 (SOL) , #gens: 217, #ops: 1, parent:149]
[DEBUG] fr.inria.astor.core.loop.AstorCoreEngine.showResults(AstorCoreEngine.java:144) - f (sol): 0.0, [Variant id: 246 (SOL) , #gens: 217, #ops: 1, parent:245]
[DEBUG] fr.inria.astor.core.loop.AstorCoreEngine.showResults(AstorCoreEngine.java:144) - f (sol): 0.0, [Variant id: 256 (SOL) , #gens: 218, #ops: 1, parent:255]
[DEBUG] fr.inria.astor.core.loop.AstorCoreEngine.showResults(AstorCoreEngine.java:144) - f (sol): 0.0, [Variant id: 350 (SOL) , #gens: 217, #ops: 1, parent:349]
[DEBUG] fr.inria.astor.core.loop.AstorCoreEngine.showResults(AstorCoreEngine.java:144) - f (sol): 0.0, [Variant id: 484 (SOL) , #gens: 217, #ops: 1, parent:483]
[DEBUG] fr.inria.astor.core.loop.AstorCoreEngine.showResults(AstorCoreEngine.java:144) - f (sol): 0.0, [Variant id: 826 (SOL) , #gens: 217, #ops: 1, parent:825]
[DEBUG] fr.inria.astor.core.loop.AstorCoreEngine.showResults(AstorCoreEngine.java:144) - f (sol): 0.0, [Variant id: 916 (SOL) , #gens: 217, #ops: 1, parent:915]
[DEBUG] fr.inria.astor.core.loop.AstorCoreEngine.showResults(AstorCoreEngine.java:144) - f (sol): 0.0, [Variant id: 976 (SOL) , #gens: 217, #ops: 1, parent:975]
[DEBUG] fr.inria.astor.core.loop.AstorCoreEngine.showResults(AstorCoreEngine.java:144) - f (sol): 0.0, [Variant id: 1038 (SOL) , #gens: 217, #ops: 1, parent:1037]
[DEBUG] fr.inria.astor.core.loop.AstorCoreEngine.showResults(AstorCoreEngine.java:144) - f (sol): 0.0, [Variant id: 1284 (SOL) , #gens: 217, #ops: 1, parent:1283]
[DEBUG] fr.inria.astor.core.loop.AstorCoreEngine.showResults(AstorCoreEngine.java:144) - f (sol): 0.0, [Variant id: 1296 (SOL) , #gens: 217, #ops: 1, parent:1295]
[DEBUG] fr.inria.astor.core.loop.AstorCoreEngine.showResults(AstorCoreEngine.java:144) - f (sol): 0.0, [Variant id: 1338 (SOL) , #gens: 217, #ops: 1, parent:1337]
[DEBUG] fr.inria.astor.core.loop.AstorCoreEngine.showResults(AstorCoreEngine.java:144) - f (sol): 0.0, [Variant id: 1396 (SOL) , #gens: 217, #ops: 1, parent:1395]
[DEBUG] fr.inria.astor.core.loop.AstorCoreEngine.showResults(AstorCoreEngine.java:144) - f (sol): 0.0, [Variant id: 1408 (SOL) , #gens: 217, #ops: 1, parent:1407]
[DEBUG] fr.inria.astor.core.loop.AstorCoreEngine.showResults(AstorCoreEngine.java:144) - f (sol): 0.0, [Variant id: 1414 (SOL) , #gens: 217, #ops: 1, parent:1413]
[DEBUG] fr.inria.astor.core.loop.AstorCoreEngine.showResults(AstorCoreEngine.java:144) - f (sol): 0.0, [Variant id: 1634 (SOL) , #gens: 217, #ops: 1, parent:1633]
[DEBUG] fr.inria.astor.core.loop.AstorCoreEngine.showResults(AstorCoreEngine.java:144) - f (sol): 0.0, [Variant id: 1654 (SOL) , #gens: 217, #ops: 1, parent:1653]
[DEBUG] fr.inria.astor.core.loop.AstorCoreEngine.showResults(AstorCoreEngine.java:146) - 
All variants:
[DEBUG] fr.inria.astor.core.loop.AstorCoreEngine.showResults(AstorCoreEngine.java:148) - f 1.0, [Variant id: 1807, #gens: 218, #ops: 0, parent:-]
[INFO ] fr.inria.astor.core.loop.AstorCoreEngine.showResults(AstorCoreEngine.java:152) - 
Solution details
[INFO ] fr.inria.astor.core.loop.AstorCoreEngine.showResults(AstorCoreEngine.java:153) - 
 --SOLUTIONS DESCRIPTION--

 ----
ProgramVariant 150
 
time(sec)= 540
operation: RemoveOp
location= org.apache.commons.math3.optimization.linear.SimplexSolver
line= 123
lineSuspiciousness= 0.236
original statement= if ((org.apache.commons.math3.util.Precision.equals(entry, 1.0, maxUlps)) && (row.equals(tableau.getBasicRow(column)))) {
	return row;
} 
fixed statement= 
generation= 75
ingredientScope= -
validation=
failing: |true|0|26|[]|
manual_regression: |true|0|3917|[]|
evo_regression: |true|0|8|[]|
 ----
ProgramVariant 246
 
time(sec)= 945
operation: RemoveOp
location= org.apache.commons.math3.optimization.linear.SimplexSolver
line= 119
lineSuspiciousness= 0.224
original statement= for (java.lang.Integer row : minRatioPositions) {
	for (int i = 0 ; i < (tableau.getNumArtificialVariables()) ; i++) {
		int column = i + (tableau.getArtificialVariableOffset());
		final double entry = tableau.getEntry(row, column);
		if ((org.apache.commons.math3.util.Precision.equals(entry, 1.0, maxUlps)) && (row.equals(tableau.getBasicRow(column)))) {
			return row;
		} 
	}
}
fixed statement= 
generation= 123
ingredientScope= -
validation=
failing: |true|0|26|[]|
manual_regression: |true|0|3917|[]|
evo_regression: |true|0|8|[]|
 ----
ProgramVariant 256
 
time(sec)= 1136
operation: ReplaceOp
location= org.apache.commons.math3.optimization.linear.SimplexSolver
line= 151
lineSuspiciousness= 0.354
original statement= return minRow
fixed statement= return minRatioPositions.get(0)
generation= 128
ingredientScope= LOCAL
validation=
failing: |true|0|26|[]|
manual_regression: |true|0|3917|[]|
evo_regression: |true|0|8|[]|
 ----
ProgramVariant 350
 
time(sec)= 1502
operation: RemoveOp
location= org.apache.commons.math3.optimization.linear.SimplexSolver
line= 145
lineSuspiciousness= 0.354
original statement= minIndex = i
fixed statement= 
generation= 175
ingredientScope= -
validation=
failing: |true|0|26|[]|
manual_regression: |true|0|3917|[]|
evo_regression: |true|0|8|[]|
 ----
ProgramVariant 484
 
time(sec)= 1822
operation: RemoveOp
location= org.apache.commons.math3.optimization.linear.SimplexSolver
line= 119
lineSuspiciousness= 0.224
original statement= for (java.lang.Integer row : minRatioPositions) {
	for (int i = 0 ; i < (tableau.getNumArtificialVariables()) ; i++) {
		int column = i + (tableau.getArtificialVariableOffset());
		final double entry = tableau.getEntry(row, column);
		if ((org.apache.commons.math3.util.Precision.equals(entry, 1.0, maxUlps)) && (row.equals(tableau.getBasicRow(column)))) {
			return row;
		} 
	}
}
fixed statement= 
generation= 242
ingredientScope= -
validation=
failing: |true|0|26|[]|
manual_regression: |true|0|3917|[]|
evo_regression: |true|0|8|[]|
 ----
ProgramVariant 826
 
time(sec)= 2534
operation: RemoveOp
location= org.apache.commons.math3.optimization.linear.SimplexSolver
line= 124
lineSuspiciousness= 0.236
original statement= return row
fixed statement= 
generation= 413
ingredientScope= -
validation=
failing: |true|0|26|[]|
manual_regression: |true|0|3917|[]|
evo_regression: |true|0|8|[]|
 ----
ProgramVariant 916
 
time(sec)= 2810
operation: RemoveOp
location= org.apache.commons.math3.optimization.linear.SimplexSolver
line= 124
lineSuspiciousness= 0.236
original statement= return row
fixed statement= 
generation= 458
ingredientScope= -
validation=
failing: |true|0|26|[]|
manual_regression: |true|0|3917|[]|
evo_regression: |true|0|8|[]|
 ----
ProgramVariant 976
 
time(sec)= 3052
operation: RemoveOp
location= org.apache.commons.math3.optimization.linear.SimplexSolver
line= 145
lineSuspiciousness= 0.354
original statement= minIndex = i
fixed statement= 
generation= 488
ingredientScope= -
validation=
failing: |true|0|26|[]|
manual_regression: |true|0|3917|[]|
evo_regression: |true|0|8|[]|
 ----
ProgramVariant 1038
 
time(sec)= 4134
operation: RemoveOp
location= org.apache.commons.math3.optimization.linear.SimplexSolver
line= 77
lineSuspiciousness= 0.144
original statement= minValue = entry
fixed statement= 
generation= 519
ingredientScope= -
validation=
failing: |true|0|26|[]|
manual_regression: |true|0|3917|[]|
evo_regression: |true|0|8|[]|
 ----
ProgramVariant 1284
 
time(sec)= 4871
operation: RemoveOp
location= org.apache.commons.math3.optimization.linear.SimplexSolver
line= 104
lineSuspiciousness= 0.224
original statement= minRatioPositions.add(i)
fixed statement= 
generation= 642
ingredientScope= -
validation=
failing: |true|0|26|[]|
manual_regression: |true|0|3917|[]|
evo_regression: |true|0|8|[]|
 ----
ProgramVariant 1296
 
time(sec)= 5064
operation: RemoveOp
location= org.apache.commons.math3.optimization.linear.SimplexSolver
line= 145
lineSuspiciousness= 0.354
original statement= minIndex = i
fixed statement= 
generation= 648
ingredientScope= -
validation=
failing: |true|0|26|[]|
manual_regression: |true|0|3917|[]|
evo_regression: |true|0|8|[]|
 ----
ProgramVariant 1338
 
time(sec)= 5288
operation: RemoveOp
location= org.apache.commons.math3.optimization.linear.SimplexSolver
line= 115
lineSuspiciousness= 0.144
original statement= if ((minRatioPositions.size()) > 1) {
	for (java.lang.Integer row : minRatioPositions) {
		for (int i = 0 ; i < (tableau.getNumArtificialVariables()) ; i++) {
			int column = i + (tableau.getArtificialVariableOffset());
			final double entry = tableau.getEntry(row, column);
			if ((org.apache.commons.math3.util.Precision.equals(entry, 1.0, maxUlps)) && (row.equals(tableau.getBasicRow(column)))) {
				return row;
			} 
		}
	}
	java.lang.Integer minRow = null;
	int minIndex = tableau.getWidth();
	for (java.lang.Integer row : minRatioPositions) {
		int i = tableau.getNumObjectiveFunctions();
		for ( ; (i < ((tableau.getWidth()) - 1)) && (minRow != row) ; i++) {
			if (row == (tableau.getBasicRow(i))) {
				if (i < minIndex) {
					minIndex = i;
					minRow = row;
				} 
			} 
		}
	}
	return minRow;
} 
fixed statement= 
generation= 669
ingredientScope= -
validation=
failing: |true|0|26|[]|
manual_regression: |true|0|3917|[]|
evo_regression: |true|0|8|[]|
 ----
ProgramVariant 1396
 
time(sec)= 5833
operation: RemoveOp
location= org.apache.commons.math3.optimization.linear.SimplexSolver
line= 77
lineSuspiciousness= 0.144
original statement= minValue = entry
fixed statement= 
generation= 698
ingredientScope= -
validation=
failing: |true|0|26|[]|
manual_regression: |true|0|3917|[]|
evo_regression: |true|0|8|[]|
 ----
ProgramVariant 1408
 
time(sec)= 6025
operation: RemoveOp
location= org.apache.commons.math3.optimization.linear.SimplexSolver
line= 145
lineSuspiciousness= 0.354
original statement= minIndex = i
fixed statement= 
generation= 704
ingredientScope= -
validation=
failing: |true|0|26|[]|
manual_regression: |true|0|3917|[]|
evo_regression: |true|0|8|[]|
 ----
ProgramVariant 1414
 
time(sec)= 6213
operation: RemoveOp
location= org.apache.commons.math3.optimization.linear.SimplexSolver
line= 145
lineSuspiciousness= 0.354
original statement= minIndex = i
fixed statement= 
generation= 707
ingredientScope= -
validation=
failing: |true|0|26|[]|
manual_regression: |true|0|3917|[]|
evo_regression: |true|0|8|[]|
 ----
ProgramVariant 1634
 
time(sec)= 6685
operation: RemoveOp
location= org.apache.commons.math3.optimization.linear.SimplexSolver
line= 77
lineSuspiciousness= 0.144
original statement= minValue = entry
fixed statement= 
generation= 817
ingredientScope= -
validation=
failing: |true|0|26|[]|
manual_regression: |true|0|3917|[]|
evo_regression: |true|0|8|[]|
 ----
ProgramVariant 1654
 
time(sec)= 6880
operation: RemoveOp
location= org.apache.commons.math3.optimization.linear.SimplexSolver
line= 123
lineSuspiciousness= 0.236
original statement= if ((org.apache.commons.math3.util.Precision.equals(entry, 1.0, maxUlps)) && (row.equals(tableau.getBasicRow(column)))) {
	return row;
} 
fixed statement= 
generation= 827
ingredientScope= -
validation=
failing: |true|0|26|[]|
manual_regression: |true|0|3917|[]|
evo_regression: |true|0|8|[]|
[INFO ] fr.inria.main.evolution.AstorMain.run(AstorMain.java:397) - Time Total(s): 8240.352


Node: graphene-76.nancy.grid5000.fr


Date: Sun Jan 15 22:47:25 CET 2017

removed classes 

zipped 

copied zip 


