seed AstorRun 1 
export PATH="/home/mmartinez/defects4j/framework/bin:$PATH";export JAVA_TOOL_OPTIONS=-Dfile.encoding=UTF8;export PATH="/usr/lib/jvm/java-1.7.0-openjdk-amd64/bin/:$PATH";cd /home/mmartinez/projects/math/math_85;defects4j compile;cp -r /home/mmartinez/projects/math/math_85 /tmp/math_85_Genprog_local_s1;cd /tmp/math_85_Genprog_local_s1;mkdir lib/;cp -r /home/mmartinez/defects4j/framework/projects/lib/* lib/;cp -r /home/mmartinez/defects4j/framework/projects/Math/lib/* lib/;find . -type f -name "package-info.java" -delete;
/home/mmartinez/defects4j-repair/src/python/core/../../../results/2016-june/Math/seed/1/package/85/Genprog/result
cd /tmp/math_85_Genprog_local_s1;export JAVA_TOOL_OPTIONS=-Dfile.encoding=UTF8;TZ="America/New_York"; export TZexport PATH="/usr/lib/jvm/java-1.7.0-openjdk-amd64/bin/:$PATH";time /home/mmartinez/jdk1.8.0_45/bin//java -Xmx4096m -cp /home/mmartinez/defects4j-repair/src/python/core/../../..//libs/astor.jar fr.inria.main.evolution.MainjGenProg -mode statement -location . -id Math -dependencies lib/ -failing org.apache.commons.math.distribution.NormalDistributionTest: -package org.apache.commons -jvm4testexecution /usr/lib/jvm/java-1.7.0-openjdk-amd64/bin/ -jvm4evosuitetestexecution /home/mmartinez/jdk1.8.0_45/bin/ -javacompliancelevel 5 -maxgen 1000000 -seed 1 -scope package -maxtime 120  -stopfirst false -population 1 -srcjavafolder src/java/ -srctestfolder src/test/ -binjavafolder target/classes/ -bintestfolder target/test-classes/ -flthreshold 0.1  -validation  fr.inria.astor.core.validation.validators.RegressionValidation  -ESParameters -Dassertion_timeout=1800:-Dminimization_timeout=1800:-Djunit_check_timeout=1800:-Dwrite_junit_timeout=300:-Dinitialization_timeout=300:-Dglobal_timeout=18000:-Dsearch_budget=100000:-Dstopping_condition=MaxStatements:-Dno_runtime_dependency=true:-Dsandbox=false:-Dp_reflection_on_private=0.0:-Dreflection_start_percent=1.0:-Dp_functional_mocking=0.0:-Dfunctional_mocking_percent=1.0:-mem=2000 -ignoredtestcases org.apache.commons.lang.LocaleUtilsTest  -excludeRegression  -maxgen 100000000 ;echo "

Node: `hostname`
";echo "
Date: `date`
"; find /tmp/math_85_Genprog_local_s1/outputMutation -name "*.class" -type f -delete;echo "removed classes 
"; find . -name bin  -type d -print0|xargs -0 rm -r --; zip -r -q out.zip /tmp/math_85_Genprog_local_s1/outputMutation; echo "zipped 
";cp out.zip /home/mmartinez/defects4j-repair/src/python/core/../../../results/2016-june/Math/seed/1/package/85/Genprog; echo "copied zip 
";rm -rf /tmp/math_85_Genprog_local_s1;

[DEBUG] fr.inria.astor.core.loop.AstorCoreEngine.showResults(AstorCoreEngine.java:136) - End Repair Loops: Found solution
[DEBUG] fr.inria.astor.core.loop.AstorCoreEngine.showResults(AstorCoreEngine.java:137) - Solution stored at: /tmp/math_85_Genprog_local_s1/./outputMutation/AstorMain-Math//src/
[DEBUG] fr.inria.astor.core.loop.AstorCoreEngine.showResults(AstorCoreEngine.java:142) - 
Number solutions:15
[DEBUG] fr.inria.astor.core.loop.AstorCoreEngine.showResults(AstorCoreEngine.java:144) - f (sol): 4.0, [Variant id: 262 (SOL) , #gens: 63, #ops: 1, parent:261]
[DEBUG] fr.inria.astor.core.loop.AstorCoreEngine.showResults(AstorCoreEngine.java:144) - f (sol): 4.0, [Variant id: 438 (SOL) , #gens: 63, #ops: 1, parent:437]
[DEBUG] fr.inria.astor.core.loop.AstorCoreEngine.showResults(AstorCoreEngine.java:144) - f (sol): 4.0, [Variant id: 608 (SOL) , #gens: 64, #ops: 1, parent:607]
[DEBUG] fr.inria.astor.core.loop.AstorCoreEngine.showResults(AstorCoreEngine.java:144) - f (sol): 4.0, [Variant id: 892 (SOL) , #gens: 63, #ops: 1, parent:891]
[DEBUG] fr.inria.astor.core.loop.AstorCoreEngine.showResults(AstorCoreEngine.java:144) - f (sol): 4.0, [Variant id: 1104 (SOL) , #gens: 63, #ops: 1, parent:1103]
[DEBUG] fr.inria.astor.core.loop.AstorCoreEngine.showResults(AstorCoreEngine.java:144) - f (sol): 4.0, [Variant id: 1126 (SOL) , #gens: 63, #ops: 1, parent:1125]
[DEBUG] fr.inria.astor.core.loop.AstorCoreEngine.showResults(AstorCoreEngine.java:144) - f (sol): 4.0, [Variant id: 1224 (SOL) , #gens: 64, #ops: 1, parent:1223]
[DEBUG] fr.inria.astor.core.loop.AstorCoreEngine.showResults(AstorCoreEngine.java:144) - f (sol): 4.0, [Variant id: 1300 (SOL) , #gens: 64, #ops: 1, parent:1299]
[DEBUG] fr.inria.astor.core.loop.AstorCoreEngine.showResults(AstorCoreEngine.java:144) - f (sol): 4.0, [Variant id: 1538 (SOL) , #gens: 63, #ops: 1, parent:1537]
[DEBUG] fr.inria.astor.core.loop.AstorCoreEngine.showResults(AstorCoreEngine.java:144) - f (sol): 4.0, [Variant id: 1624 (SOL) , #gens: 63, #ops: 1, parent:1623]
[DEBUG] fr.inria.astor.core.loop.AstorCoreEngine.showResults(AstorCoreEngine.java:144) - f (sol): 4.0, [Variant id: 1662 (SOL) , #gens: 63, #ops: 1, parent:1661]
[DEBUG] fr.inria.astor.core.loop.AstorCoreEngine.showResults(AstorCoreEngine.java:144) - f (sol): 4.0, [Variant id: 1670 (SOL) , #gens: 63, #ops: 1, parent:1669]
[DEBUG] fr.inria.astor.core.loop.AstorCoreEngine.showResults(AstorCoreEngine.java:144) - f (sol): 4.0, [Variant id: 2014 (SOL) , #gens: 63, #ops: 1, parent:2013]
[DEBUG] fr.inria.astor.core.loop.AstorCoreEngine.showResults(AstorCoreEngine.java:144) - f (sol): 4.0, [Variant id: 2306 (SOL) , #gens: 63, #ops: 1, parent:2305]
[DEBUG] fr.inria.astor.core.loop.AstorCoreEngine.showResults(AstorCoreEngine.java:144) - f (sol): 4.0, [Variant id: 2656 (SOL) , #gens: 63, #ops: 1, parent:2655]
[DEBUG] fr.inria.astor.core.loop.AstorCoreEngine.showResults(AstorCoreEngine.java:146) - 
All variants:
[DEBUG] fr.inria.astor.core.loop.AstorCoreEngine.showResults(AstorCoreEngine.java:148) - f 1.0, [Variant id: 2817, #gens: 64, #ops: 0, parent:-]
[INFO ] fr.inria.astor.core.loop.AstorCoreEngine.showResults(AstorCoreEngine.java:152) - 
Solution details
[INFO ] fr.inria.astor.core.loop.AstorCoreEngine.showResults(AstorCoreEngine.java:153) - 
 --SOLUTIONS DESCRIPTION--

 ----
ProgramVariant 262
 
time(sec)= 1579
operation: RemoveOp
location= org.apache.commons.math.analysis.solvers.UnivariateRealSolverUtils
line= 199
lineSuspiciousness= 1
original statement= throw new org.apache.commons.math.ConvergenceException(("number of iterations={0}, maximum iterations={1}, " + ("initial={2}, lower bound={3}, upper bound={4}, final a value={5}, " + "final b value={6}, f(a)={7}, f(b)={8}")) , numIterations , maximumIterations , initial , lowerBound , upperBound , a , b , fa , fb)
fixed statement= 
generation= 131
ingredientScope= -
validation=
failing: |true|0|13|[]|
manual_regression: |true|0|1983|[]|
evo_regression: |false|4|27|[test18(org.apache.commons.math.analysis.solvers.UnivariateRealSolverUtils_ESTest): Expecting exception: Exception-, test19(org.apache.commons.math.analysis.solvers.UnivariateRealSolverUtils_ESTest): Expecting exception: Exception-, test13(org.apache.commons.math.analysis.solvers.UnivariateRealSolverUtils_ESTest): Expecting exception: Exception-, test00(org.apache.commons.math.analysis.solvers.UnivariateRealSolverUtils_ESTest): Expecting exception: Exception-]|
 ----
ProgramVariant 438
 
time(sec)= 1948
operation: RemoveOp
location= org.apache.commons.math.analysis.solvers.UnivariateRealSolverUtils
line= 199
lineSuspiciousness= 1
original statement= throw new org.apache.commons.math.ConvergenceException(("number of iterations={0}, maximum iterations={1}, " + ("initial={2}, lower bound={3}, upper bound={4}, final a value={5}, " + "final b value={6}, f(a)={7}, f(b)={8}")) , numIterations , maximumIterations , initial , lowerBound , upperBound , a , b , fa , fb)
fixed statement= 
generation= 219
ingredientScope= -
validation=
failing: |true|0|13|[]|
manual_regression: |true|0|1983|[]|
evo_regression: |false|4|27|[test18(org.apache.commons.math.analysis.solvers.UnivariateRealSolverUtils_ESTest): Expecting exception: Exception-, test19(org.apache.commons.math.analysis.solvers.UnivariateRealSolverUtils_ESTest): Expecting exception: Exception-, test13(org.apache.commons.math.analysis.solvers.UnivariateRealSolverUtils_ESTest): Expecting exception: Exception-, test00(org.apache.commons.math.analysis.solvers.UnivariateRealSolverUtils_ESTest): Expecting exception: Exception-]|
 ----
ProgramVariant 608
 
time(sec)= 2234
operation: ReplaceOp
location= org.apache.commons.math.analysis.solvers.UnivariateRealSolverUtils
line= 198
lineSuspiciousness= 0.243
original statement= if ((fa * fb) >= 0.0) {
	throw new org.apache.commons.math.ConvergenceException(("number of iterations={0}, maximum iterations={1}, " + ("initial={2}, lower bound={3}, upper bound={4}, final a value={5}, " + "final b value={6}, f(a)={7}, f(b)={8}")) , numIterations , maximumIterations , initial , lowerBound , upperBound , a , b , fa , fb);
} 
fixed statement= if (((initial < lowerBound) || (initial > upperBound)) || (lowerBound >= upperBound)) {
	throw org.apache.commons.math.MathRuntimeException.createIllegalArgumentException("invalid bracketing parameters:  lower bound={0},  initial={1}, upper bound={2}", lowerBound, initial, upperBound);
} 
generation= 304
ingredientScope= LOCAL
validation=
failing: |true|0|13|[]|
manual_regression: |true|0|1983|[]|
evo_regression: |false|4|27|[test18(org.apache.commons.math.analysis.solvers.UnivariateRealSolverUtils_ESTest): Expecting exception: Exception-, test19(org.apache.commons.math.analysis.solvers.UnivariateRealSolverUtils_ESTest): Expecting exception: Exception-, test13(org.apache.commons.math.analysis.solvers.UnivariateRealSolverUtils_ESTest): Expecting exception: Exception-, test00(org.apache.commons.math.analysis.solvers.UnivariateRealSolverUtils_ESTest): Expecting exception: Exception-]|
 ----
ProgramVariant 892
 
time(sec)= 2884
operation: RemoveOp
location= org.apache.commons.math.analysis.solvers.UnivariateRealSolverUtils
line= 199
lineSuspiciousness= 1
original statement= throw new org.apache.commons.math.ConvergenceException(("number of iterations={0}, maximum iterations={1}, " + ("initial={2}, lower bound={3}, upper bound={4}, final a value={5}, " + "final b value={6}, f(a)={7}, f(b)={8}")) , numIterations , maximumIterations , initial , lowerBound , upperBound , a , b , fa , fb)
fixed statement= 
generation= 446
ingredientScope= -
validation=
failing: |true|0|13|[]|
manual_regression: |true|0|1983|[]|
evo_regression: |false|4|27|[test18(org.apache.commons.math.analysis.solvers.UnivariateRealSolverUtils_ESTest): Expecting exception: Exception-, test19(org.apache.commons.math.analysis.solvers.UnivariateRealSolverUtils_ESTest): Expecting exception: Exception-, test13(org.apache.commons.math.analysis.solvers.UnivariateRealSolverUtils_ESTest): Expecting exception: Exception-, test00(org.apache.commons.math.analysis.solvers.UnivariateRealSolverUtils_ESTest): Expecting exception: Exception-]|
 ----
ProgramVariant 1104
 
time(sec)= 3428
operation: RemoveOp
location= org.apache.commons.math.analysis.solvers.UnivariateRealSolverUtils
line= 198
lineSuspiciousness= 0.243
original statement= if ((fa * fb) >= 0.0) {
	throw new org.apache.commons.math.ConvergenceException(("number of iterations={0}, maximum iterations={1}, " + ("initial={2}, lower bound={3}, upper bound={4}, final a value={5}, " + "final b value={6}, f(a)={7}, f(b)={8}")) , numIterations , maximumIterations , initial , lowerBound , upperBound , a , b , fa , fb);
} 
fixed statement= 
generation= 552
ingredientScope= -
validation=
failing: |true|0|13|[]|
manual_regression: |true|0|1983|[]|
evo_regression: |false|4|27|[test18(org.apache.commons.math.analysis.solvers.UnivariateRealSolverUtils_ESTest): Expecting exception: Exception-, test19(org.apache.commons.math.analysis.solvers.UnivariateRealSolverUtils_ESTest): Expecting exception: Exception-, test13(org.apache.commons.math.analysis.solvers.UnivariateRealSolverUtils_ESTest): Expecting exception: Exception-, test00(org.apache.commons.math.analysis.solvers.UnivariateRealSolverUtils_ESTest): Expecting exception: Exception-]|
 ----
ProgramVariant 1126
 
time(sec)= 3506
operation: RemoveOp
location= org.apache.commons.math.analysis.solvers.UnivariateRealSolverUtils
line= 199
lineSuspiciousness= 1
original statement= throw new org.apache.commons.math.ConvergenceException(("number of iterations={0}, maximum iterations={1}, " + ("initial={2}, lower bound={3}, upper bound={4}, final a value={5}, " + "final b value={6}, f(a)={7}, f(b)={8}")) , numIterations , maximumIterations , initial , lowerBound , upperBound , a , b , fa , fb)
fixed statement= 
generation= 563
ingredientScope= -
validation=
failing: |true|0|13|[]|
manual_regression: |true|0|1983|[]|
evo_regression: |false|4|27|[test18(org.apache.commons.math.analysis.solvers.UnivariateRealSolverUtils_ESTest): Expecting exception: Exception-, test19(org.apache.commons.math.analysis.solvers.UnivariateRealSolverUtils_ESTest): Expecting exception: Exception-, test13(org.apache.commons.math.analysis.solvers.UnivariateRealSolverUtils_ESTest): Expecting exception: Exception-, test00(org.apache.commons.math.analysis.solvers.UnivariateRealSolverUtils_ESTest): Expecting exception: Exception-]|
 ----
ProgramVariant 1224
 
time(sec)= 4159
operation: ReplaceOp
location= org.apache.commons.math.analysis.solvers.UnivariateRealSolverUtils
line= 198
lineSuspiciousness= 0.243
original statement= if ((fa * fb) >= 0.0) {
	throw new org.apache.commons.math.ConvergenceException(("number of iterations={0}, maximum iterations={1}, " + ("initial={2}, lower bound={3}, upper bound={4}, final a value={5}, " + "final b value={6}, f(a)={7}, f(b)={8}")) , numIterations , maximumIterations , initial , lowerBound , upperBound , a , b , fa , fb);
} 
fixed statement= if (maximumIterations <= 0) {
	throw org.apache.commons.math.MathRuntimeException.createIllegalArgumentException("bad value for maximum iterations number: {0}", maximumIterations);
} 
generation= 612
ingredientScope= LOCAL
validation=
failing: |true|0|13|[]|
manual_regression: |true|0|1983|[]|
evo_regression: |false|4|27|[test18(org.apache.commons.math.analysis.solvers.UnivariateRealSolverUtils_ESTest): Expecting exception: Exception-, test19(org.apache.commons.math.analysis.solvers.UnivariateRealSolverUtils_ESTest): Expecting exception: Exception-, test13(org.apache.commons.math.analysis.solvers.UnivariateRealSolverUtils_ESTest): Expecting exception: Exception-, test00(org.apache.commons.math.analysis.solvers.UnivariateRealSolverUtils_ESTest): Expecting exception: Exception-]|
 ----
ProgramVariant 1300
 
time(sec)= 4269
operation: ReplaceOp
location= org.apache.commons.math.analysis.solvers.UnivariateRealSolverUtils
line= 198
lineSuspiciousness= 0.243
original statement= if ((fa * fb) >= 0.0) {
	throw new org.apache.commons.math.ConvergenceException(("number of iterations={0}, maximum iterations={1}, " + ("initial={2}, lower bound={3}, upper bound={4}, final a value={5}, " + "final b value={6}, f(a)={7}, f(b)={8}")) , numIterations , maximumIterations , initial , lowerBound , upperBound , a , b , fa , fb);
} 
fixed statement= if (function == null) {
	throw org.apache.commons.math.MathRuntimeException.createIllegalArgumentException("function is null");
} 
generation= 650
ingredientScope= LOCAL
validation=
failing: |true|0|13|[]|
manual_regression: |true|0|1983|[]|
evo_regression: |false|4|27|[test18(org.apache.commons.math.analysis.solvers.UnivariateRealSolverUtils_ESTest): Expecting exception: Exception-, test19(org.apache.commons.math.analysis.solvers.UnivariateRealSolverUtils_ESTest): Expecting exception: Exception-, test13(org.apache.commons.math.analysis.solvers.UnivariateRealSolverUtils_ESTest): Expecting exception: Exception-, test00(org.apache.commons.math.analysis.solvers.UnivariateRealSolverUtils_ESTest): Expecting exception: Exception-]|
 ----
ProgramVariant 1538
 
time(sec)= 4811
operation: RemoveOp
location= org.apache.commons.math.analysis.solvers.UnivariateRealSolverUtils
line= 199
lineSuspiciousness= 1
original statement= throw new org.apache.commons.math.ConvergenceException(("number of iterations={0}, maximum iterations={1}, " + ("initial={2}, lower bound={3}, upper bound={4}, final a value={5}, " + "final b value={6}, f(a)={7}, f(b)={8}")) , numIterations , maximumIterations , initial , lowerBound , upperBound , a , b , fa , fb)
fixed statement= 
generation= 769
ingredientScope= -
validation=
failing: |true|0|13|[]|
manual_regression: |true|0|1983|[]|
evo_regression: |false|4|27|[test18(org.apache.commons.math.analysis.solvers.UnivariateRealSolverUtils_ESTest): Expecting exception: Exception-, test19(org.apache.commons.math.analysis.solvers.UnivariateRealSolverUtils_ESTest): Expecting exception: Exception-, test13(org.apache.commons.math.analysis.solvers.UnivariateRealSolverUtils_ESTest): Expecting exception: Exception-, test00(org.apache.commons.math.analysis.solvers.UnivariateRealSolverUtils_ESTest): Expecting exception: Exception-]|
 ----
ProgramVariant 1624
 
time(sec)= 5057
operation: RemoveOp
location= org.apache.commons.math.analysis.solvers.UnivariateRealSolverUtils
line= 198
lineSuspiciousness= 0.243
original statement= if ((fa * fb) >= 0.0) {
	throw new org.apache.commons.math.ConvergenceException(("number of iterations={0}, maximum iterations={1}, " + ("initial={2}, lower bound={3}, upper bound={4}, final a value={5}, " + "final b value={6}, f(a)={7}, f(b)={8}")) , numIterations , maximumIterations , initial , lowerBound , upperBound , a , b , fa , fb);
} 
fixed statement= 
generation= 812
ingredientScope= -
validation=
failing: |true|0|13|[]|
manual_regression: |true|0|1983|[]|
evo_regression: |false|4|27|[test18(org.apache.commons.math.analysis.solvers.UnivariateRealSolverUtils_ESTest): Expecting exception: Exception-, test19(org.apache.commons.math.analysis.solvers.UnivariateRealSolverUtils_ESTest): Expecting exception: Exception-, test13(org.apache.commons.math.analysis.solvers.UnivariateRealSolverUtils_ESTest): Expecting exception: Exception-, test00(org.apache.commons.math.analysis.solvers.UnivariateRealSolverUtils_ESTest): Expecting exception: Exception-]|
 ----
ProgramVariant 1662
 
time(sec)= 5151
operation: RemoveOp
location= org.apache.commons.math.analysis.solvers.UnivariateRealSolverUtils
line= 199
lineSuspiciousness= 1
original statement= throw new org.apache.commons.math.ConvergenceException(("number of iterations={0}, maximum iterations={1}, " + ("initial={2}, lower bound={3}, upper bound={4}, final a value={5}, " + "final b value={6}, f(a)={7}, f(b)={8}")) , numIterations , maximumIterations , initial , lowerBound , upperBound , a , b , fa , fb)
fixed statement= 
generation= 831
ingredientScope= -
validation=
failing: |true|0|13|[]|
manual_regression: |true|0|1983|[]|
evo_regression: |false|4|27|[test18(org.apache.commons.math.analysis.solvers.UnivariateRealSolverUtils_ESTest): Expecting exception: Exception-, test19(org.apache.commons.math.analysis.solvers.UnivariateRealSolverUtils_ESTest): Expecting exception: Exception-, test13(org.apache.commons.math.analysis.solvers.UnivariateRealSolverUtils_ESTest): Expecting exception: Exception-, test00(org.apache.commons.math.analysis.solvers.UnivariateRealSolverUtils_ESTest): Expecting exception: Exception-]|
 ----
ProgramVariant 1670
 
time(sec)= 5225
operation: RemoveOp
location= org.apache.commons.math.analysis.solvers.UnivariateRealSolverUtils
line= 199
lineSuspiciousness= 1
original statement= throw new org.apache.commons.math.ConvergenceException(("number of iterations={0}, maximum iterations={1}, " + ("initial={2}, lower bound={3}, upper bound={4}, final a value={5}, " + "final b value={6}, f(a)={7}, f(b)={8}")) , numIterations , maximumIterations , initial , lowerBound , upperBound , a , b , fa , fb)
fixed statement= 
generation= 835
ingredientScope= -
validation=
failing: |true|0|13|[]|
manual_regression: |true|0|1983|[]|
evo_regression: |false|4|27|[test18(org.apache.commons.math.analysis.solvers.UnivariateRealSolverUtils_ESTest): Expecting exception: Exception-, test19(org.apache.commons.math.analysis.solvers.UnivariateRealSolverUtils_ESTest): Expecting exception: Exception-, test13(org.apache.commons.math.analysis.solvers.UnivariateRealSolverUtils_ESTest): Expecting exception: Exception-, test00(org.apache.commons.math.analysis.solvers.UnivariateRealSolverUtils_ESTest): Expecting exception: Exception-]|
 ----
ProgramVariant 2014
 
time(sec)= 5935
operation: RemoveOp
location= org.apache.commons.math.analysis.solvers.UnivariateRealSolverUtils
line= 198
lineSuspiciousness= 0.243
original statement= if ((fa * fb) >= 0.0) {
	throw new org.apache.commons.math.ConvergenceException(("number of iterations={0}, maximum iterations={1}, " + ("initial={2}, lower bound={3}, upper bound={4}, final a value={5}, " + "final b value={6}, f(a)={7}, f(b)={8}")) , numIterations , maximumIterations , initial , lowerBound , upperBound , a , b , fa , fb);
} 
fixed statement= 
generation= 1007
ingredientScope= -
validation=
failing: |true|0|13|[]|
manual_regression: |true|0|1983|[]|
evo_regression: |false|4|27|[test18(org.apache.commons.math.analysis.solvers.UnivariateRealSolverUtils_ESTest): Expecting exception: Exception-, test19(org.apache.commons.math.analysis.solvers.UnivariateRealSolverUtils_ESTest): Expecting exception: Exception-, test13(org.apache.commons.math.analysis.solvers.UnivariateRealSolverUtils_ESTest): Expecting exception: Exception-, test00(org.apache.commons.math.analysis.solvers.UnivariateRealSolverUtils_ESTest): Expecting exception: Exception-]|
 ----
ProgramVariant 2306
 
time(sec)= 6525
operation: RemoveOp
location= org.apache.commons.math.analysis.solvers.UnivariateRealSolverUtils
line= 199
lineSuspiciousness= 1
original statement= throw new org.apache.commons.math.ConvergenceException(("number of iterations={0}, maximum iterations={1}, " + ("initial={2}, lower bound={3}, upper bound={4}, final a value={5}, " + "final b value={6}, f(a)={7}, f(b)={8}")) , numIterations , maximumIterations , initial , lowerBound , upperBound , a , b , fa , fb)
fixed statement= 
generation= 1153
ingredientScope= -
validation=
failing: |true|0|13|[]|
manual_regression: |true|0|1983|[]|
evo_regression: |false|4|27|[test18(org.apache.commons.math.analysis.solvers.UnivariateRealSolverUtils_ESTest): Expecting exception: Exception-, test19(org.apache.commons.math.analysis.solvers.UnivariateRealSolverUtils_ESTest): Expecting exception: Exception-, test13(org.apache.commons.math.analysis.solvers.UnivariateRealSolverUtils_ESTest): Expecting exception: Exception-, test00(org.apache.commons.math.analysis.solvers.UnivariateRealSolverUtils_ESTest): Expecting exception: Exception-]|
 ----
ProgramVariant 2656
 
time(sec)= 7104
operation: RemoveOp
location= org.apache.commons.math.analysis.solvers.UnivariateRealSolverUtils
line= 199
lineSuspiciousness= 1
original statement= throw new org.apache.commons.math.ConvergenceException(("number of iterations={0}, maximum iterations={1}, " + ("initial={2}, lower bound={3}, upper bound={4}, final a value={5}, " + "final b value={6}, f(a)={7}, f(b)={8}")) , numIterations , maximumIterations , initial , lowerBound , upperBound , a , b , fa , fb)
fixed statement= 
generation= 1328
ingredientScope= -
validation=
failing: |true|0|13|[]|
manual_regression: |true|0|1983|[]|
evo_regression: |false|4|27|[test18(org.apache.commons.math.analysis.solvers.UnivariateRealSolverUtils_ESTest): Expecting exception: Exception-, test19(org.apache.commons.math.analysis.solvers.UnivariateRealSolverUtils_ESTest): Expecting exception: Exception-, test13(org.apache.commons.math.analysis.solvers.UnivariateRealSolverUtils_ESTest): Expecting exception: Exception-, test00(org.apache.commons.math.analysis.solvers.UnivariateRealSolverUtils_ESTest): Expecting exception: Exception-]|
[INFO ] fr.inria.main.evolution.AstorMain.run(AstorMain.java:397) - Time Total(s): 7293.16


Node: graphene-32.nancy.grid5000.fr


Date: Tue Jan 17 01:07:42 CET 2017

removed classes 

zipped 

copied zip 


