seed AstorRun 17 
export PATH="/home/mmartinez/defects4j/framework/bin:$PATH";export JAVA_TOOL_OPTIONS=-Dfile.encoding=UTF8;export PATH="/usr/lib/jvm/java-1.7.0-openjdk-amd64/bin/:$PATH";cd /home/mmartinez/projects/chart/chart_13;defects4j compile;cp -r /home/mmartinez/projects/chart/chart_13 /tmp/chart_13_Genprog_local_s1;cd /tmp/chart_13_Genprog_local_s1;mkdir lib/;cp -r /home/mmartinez/defects4j/framework/projects/lib/* lib/;cp -r /home/mmartinez/defects4j/framework/projects/Chart/lib/* lib/;find . -type f -name "package-info.java" -delete;
/home/mmartinez/defects4j-repair/src/python/core/../../../results/2016-june/Chart/seed/17/package/13/Genprog/result
cd /tmp/chart_13_Genprog_local_s1;export JAVA_TOOL_OPTIONS=-Dfile.encoding=UTF8;TZ="America/New_York"; export TZexport PATH="/usr/lib/jvm/java-1.7.0-openjdk-amd64/bin/:$PATH";time /home/mmartinez/jdk1.8.0_45/bin//java -Xmx4096m -cp /home/mmartinez/defects4j-repair/src/python/core/../../..//libs/astor.jar fr.inria.main.evolution.MainjGenProg -mode statement -location . -id Chart -dependencies lib/ -failing org.jfree.chart.block.junit.BorderArrangementTests: -package org.jfree -jvm4testexecution /usr/lib/jvm/java-1.7.0-openjdk-amd64/bin/ -jvm4evosuitetestexecution /home/mmartinez/jdk1.8.0_45/bin/ -javacompliancelevel 4 -maxgen 1000000 -seed 17 -scope package -maxtime 120  -stopfirst false -population 1 -srcjavafolder source/ -srctestfolder tests/ -binjavafolder build/ -bintestfolder build-tests/ -flthreshold 0.1  -validation  fr.inria.astor.core.validation.validators.RegressionValidation  -ESParameters -Dassertion_timeout=1800:-Dminimization_timeout=1800:-Djunit_check_timeout=1800:-Dwrite_junit_timeout=300:-Dinitialization_timeout=300:-Dglobal_timeout=18000:-Dsearch_budget=100000:-Dstopping_condition=MaxStatements:-Dno_runtime_dependency=true:-Dsandbox=false:-Dp_reflection_on_private=0.0:-Dreflection_start_percent=1.0:-Dp_functional_mocking=0.0:-Dfunctional_mocking_percent=1.0:-mem=2000 -ignoredtestcases org.apache.commons.lang.LocaleUtilsTest  -excludeRegression  -maxgen 100000000 ;echo "

Node: `hostname`
";echo "
Date: `date`
"; find /tmp/chart_13_Genprog_local_s1/outputMutation -name "*.class" -type f -delete;echo "removed classes 
"; find . -name bin  -type d -print0|xargs -0 rm -r --; zip -r -q out.zip /tmp/chart_13_Genprog_local_s1/outputMutation; echo "zipped 
";cp out.zip /home/mmartinez/defects4j-repair/src/python/core/../../../results/2016-june/Chart/seed/17/package/13/Genprog; echo "copied zip 
";rm -rf /tmp/chart_13_Genprog_local_s1;

[DEBUG] fr.inria.astor.core.loop.AstorCoreEngine.showResults(AstorCoreEngine.java:136) - End Repair Loops: Found solution
[DEBUG] fr.inria.astor.core.loop.AstorCoreEngine.showResults(AstorCoreEngine.java:137) - Solution stored at: /tmp/chart_13_Genprog_local_s1/./outputMutation/AstorMain-Chart//src/
[DEBUG] fr.inria.astor.core.loop.AstorCoreEngine.showResults(AstorCoreEngine.java:142) - 
Number solutions:35
[DEBUG] fr.inria.astor.core.loop.AstorCoreEngine.showResults(AstorCoreEngine.java:144) - f (sol): 0.0, [Variant id: 4 (SOL) , #gens: 175, #ops: 1, parent:3]
[DEBUG] fr.inria.astor.core.loop.AstorCoreEngine.showResults(AstorCoreEngine.java:144) - f (sol): 0.0, [Variant id: 36 (SOL) , #gens: 175, #ops: 1, parent:35]
[DEBUG] fr.inria.astor.core.loop.AstorCoreEngine.showResults(AstorCoreEngine.java:144) - f (sol): 0.0, [Variant id: 46 (SOL) , #gens: 175, #ops: 1, parent:45]
[DEBUG] fr.inria.astor.core.loop.AstorCoreEngine.showResults(AstorCoreEngine.java:144) - f (sol): 0.0, [Variant id: 90 (SOL) , #gens: 175, #ops: 1, parent:89]
[DEBUG] fr.inria.astor.core.loop.AstorCoreEngine.showResults(AstorCoreEngine.java:144) - f (sol): 0.0, [Variant id: 110 (SOL) , #gens: 176, #ops: 1, parent:109]
[DEBUG] fr.inria.astor.core.loop.AstorCoreEngine.showResults(AstorCoreEngine.java:144) - f (sol): 0.0, [Variant id: 140 (SOL) , #gens: 175, #ops: 1, parent:139]
[DEBUG] fr.inria.astor.core.loop.AstorCoreEngine.showResults(AstorCoreEngine.java:144) - f (sol): 0.0, [Variant id: 212 (SOL) , #gens: 176, #ops: 1, parent:211]
[DEBUG] fr.inria.astor.core.loop.AstorCoreEngine.showResults(AstorCoreEngine.java:144) - f (sol): 0.0, [Variant id: 260 (SOL) , #gens: 176, #ops: 1, parent:259]
[DEBUG] fr.inria.astor.core.loop.AstorCoreEngine.showResults(AstorCoreEngine.java:144) - f (sol): 0.0, [Variant id: 526 (SOL) , #gens: 175, #ops: 1, parent:525]
[DEBUG] fr.inria.astor.core.loop.AstorCoreEngine.showResults(AstorCoreEngine.java:144) - f (sol): 0.0, [Variant id: 894 (SOL) , #gens: 176, #ops: 1, parent:893]
[DEBUG] fr.inria.astor.core.loop.AstorCoreEngine.showResults(AstorCoreEngine.java:144) - f (sol): 0.0, [Variant id: 1082 (SOL) , #gens: 177, #ops: 1, parent:1081]
[DEBUG] fr.inria.astor.core.loop.AstorCoreEngine.showResults(AstorCoreEngine.java:144) - f (sol): 0.0, [Variant id: 1088 (SOL) , #gens: 176, #ops: 1, parent:1087]
[DEBUG] fr.inria.astor.core.loop.AstorCoreEngine.showResults(AstorCoreEngine.java:144) - f (sol): 1.0, [Variant id: 1200 (SOL) , #gens: 176, #ops: 1, parent:1199]
[DEBUG] fr.inria.astor.core.loop.AstorCoreEngine.showResults(AstorCoreEngine.java:144) - f (sol): 0.0, [Variant id: 1270 (SOL) , #gens: 175, #ops: 1, parent:1269]
[DEBUG] fr.inria.astor.core.loop.AstorCoreEngine.showResults(AstorCoreEngine.java:144) - f (sol): 0.0, [Variant id: 1280 (SOL) , #gens: 175, #ops: 1, parent:1279]
[DEBUG] fr.inria.astor.core.loop.AstorCoreEngine.showResults(AstorCoreEngine.java:144) - f (sol): 0.0, [Variant id: 1450 (SOL) , #gens: 176, #ops: 1, parent:1449]
[DEBUG] fr.inria.astor.core.loop.AstorCoreEngine.showResults(AstorCoreEngine.java:144) - f (sol): 0.0, [Variant id: 1510 (SOL) , #gens: 175, #ops: 1, parent:1509]
[DEBUG] fr.inria.astor.core.loop.AstorCoreEngine.showResults(AstorCoreEngine.java:144) - f (sol): 0.0, [Variant id: 1658 (SOL) , #gens: 175, #ops: 1, parent:1657]
[DEBUG] fr.inria.astor.core.loop.AstorCoreEngine.showResults(AstorCoreEngine.java:144) - f (sol): 0.0, [Variant id: 1684 (SOL) , #gens: 176, #ops: 1, parent:1683]
[DEBUG] fr.inria.astor.core.loop.AstorCoreEngine.showResults(AstorCoreEngine.java:144) - f (sol): 0.0, [Variant id: 1730 (SOL) , #gens: 176, #ops: 1, parent:1729]
[DEBUG] fr.inria.astor.core.loop.AstorCoreEngine.showResults(AstorCoreEngine.java:144) - f (sol): 0.0, [Variant id: 1808 (SOL) , #gens: 176, #ops: 1, parent:1807]
[DEBUG] fr.inria.astor.core.loop.AstorCoreEngine.showResults(AstorCoreEngine.java:144) - f (sol): 0.0, [Variant id: 1910 (SOL) , #gens: 177, #ops: 1, parent:1909]
[DEBUG] fr.inria.astor.core.loop.AstorCoreEngine.showResults(AstorCoreEngine.java:144) - f (sol): 0.0, [Variant id: 2228 (SOL) , #gens: 175, #ops: 1, parent:2227]
[DEBUG] fr.inria.astor.core.loop.AstorCoreEngine.showResults(AstorCoreEngine.java:144) - f (sol): 0.0, [Variant id: 2330 (SOL) , #gens: 176, #ops: 1, parent:2329]
[DEBUG] fr.inria.astor.core.loop.AstorCoreEngine.showResults(AstorCoreEngine.java:144) - f (sol): 0.0, [Variant id: 2362 (SOL) , #gens: 175, #ops: 1, parent:2361]
[DEBUG] fr.inria.astor.core.loop.AstorCoreEngine.showResults(AstorCoreEngine.java:144) - f (sol): 0.0, [Variant id: 2690 (SOL) , #gens: 176, #ops: 1, parent:2689]
[DEBUG] fr.inria.astor.core.loop.AstorCoreEngine.showResults(AstorCoreEngine.java:144) - f (sol): 0.0, [Variant id: 2744 (SOL) , #gens: 175, #ops: 1, parent:2743]
[DEBUG] fr.inria.astor.core.loop.AstorCoreEngine.showResults(AstorCoreEngine.java:144) - f (sol): 0.0, [Variant id: 2822 (SOL) , #gens: 176, #ops: 1, parent:2821]
[DEBUG] fr.inria.astor.core.loop.AstorCoreEngine.showResults(AstorCoreEngine.java:144) - f (sol): 0.0, [Variant id: 2848 (SOL) , #gens: 175, #ops: 1, parent:2847]
[DEBUG] fr.inria.astor.core.loop.AstorCoreEngine.showResults(AstorCoreEngine.java:144) - f (sol): 0.0, [Variant id: 2938 (SOL) , #gens: 175, #ops: 1, parent:2937]
[DEBUG] fr.inria.astor.core.loop.AstorCoreEngine.showResults(AstorCoreEngine.java:144) - f (sol): 0.0, [Variant id: 2974 (SOL) , #gens: 175, #ops: 1, parent:2973]
[DEBUG] fr.inria.astor.core.loop.AstorCoreEngine.showResults(AstorCoreEngine.java:144) - f (sol): 0.0, [Variant id: 2998 (SOL) , #gens: 176, #ops: 1, parent:2997]
[DEBUG] fr.inria.astor.core.loop.AstorCoreEngine.showResults(AstorCoreEngine.java:144) - f (sol): 0.0, [Variant id: 3030 (SOL) , #gens: 176, #ops: 1, parent:3029]
[DEBUG] fr.inria.astor.core.loop.AstorCoreEngine.showResults(AstorCoreEngine.java:144) - f (sol): 0.0, [Variant id: 3226 (SOL) , #gens: 177, #ops: 1, parent:3225]
[DEBUG] fr.inria.astor.core.loop.AstorCoreEngine.showResults(AstorCoreEngine.java:144) - f (sol): 0.0, [Variant id: 3316 (SOL) , #gens: 175, #ops: 1, parent:3315]
[DEBUG] fr.inria.astor.core.loop.AstorCoreEngine.showResults(AstorCoreEngine.java:146) - 
All variants:
[DEBUG] fr.inria.astor.core.loop.AstorCoreEngine.showResults(AstorCoreEngine.java:148) - f 1.0, [Variant id: 3457, #gens: 176, #ops: 0, parent:-]
[INFO ] fr.inria.astor.core.loop.AstorCoreEngine.showResults(AstorCoreEngine.java:152) - 
Solution details
[INFO ] fr.inria.astor.core.loop.AstorCoreEngine.showResults(AstorCoreEngine.java:153) - 
 --SOLUTIONS DESCRIPTION--

 ----
ProgramVariant 4
 
time(sec)= 189
operation: RemoveOp
location= org.jfree.chart.block.BorderArrangement
line= 450
lineSuspiciousness= 1
original statement= w[2] = size.width
fixed statement= 
generation= 2
ingredientScope= -
validation=
failing: |true|0|5|[]|
manual_regression: |true|0|3597|[]|
evo_regression: |true|0|24|[]|
 ----
ProgramVariant 36
 
time(sec)= 301
operation: RemoveOp
location= org.jfree.chart.block.BorderArrangement
line= 444
lineSuspiciousness= 1
original statement= if ((org.jfree.chart.block.BorderArrangement.this.leftBlock) != null) {
	org.jfree.chart.block.RectangleConstraint c3 = new org.jfree.chart.block.RectangleConstraint(0.0 , new org.jfree.data.Range(0.0 , constraint.getWidth()) , org.jfree.chart.block.LengthConstraintType.RANGE , h[2] , null , org.jfree.chart.block.LengthConstraintType.FIXED);
	org.jfree.chart.util.Size2D size = org.jfree.chart.block.BorderArrangement.this.leftBlock.arrange(g2, c3);
	w[2] = size.width;
} 
fixed statement= 
generation= 18
ingredientScope= -
validation=
failing: |true|0|5|[]|
manual_regression: |true|0|3597|[]|
evo_regression: |true|0|24|[]|
 ----
ProgramVariant 46
 
time(sec)= 387
operation: RemoveOp
location= org.jfree.chart.block.BorderArrangement
line= 444
lineSuspiciousness= 1
original statement= if ((org.jfree.chart.block.BorderArrangement.this.leftBlock) != null) {
	org.jfree.chart.block.RectangleConstraint c3 = new org.jfree.chart.block.RectangleConstraint(0.0 , new org.jfree.data.Range(0.0 , constraint.getWidth()) , org.jfree.chart.block.LengthConstraintType.RANGE , h[2] , null , org.jfree.chart.block.LengthConstraintType.FIXED);
	org.jfree.chart.util.Size2D size = org.jfree.chart.block.BorderArrangement.this.leftBlock.arrange(g2, c3);
	w[2] = size.width;
} 
fixed statement= 
generation= 23
ingredientScope= -
validation=
failing: |true|0|5|[]|
manual_regression: |true|0|3597|[]|
evo_regression: |true|0|24|[]|
 ----
ProgramVariant 90
 
time(sec)= 551
operation: RemoveOp
location= org.jfree.chart.block.BorderArrangement
line= 450
lineSuspiciousness= 1
original statement= w[2] = size.width
fixed statement= 
generation= 45
ingredientScope= -
validation=
failing: |true|0|5|[]|
manual_regression: |true|0|3597|[]|
evo_regression: |true|0|24|[]|
 ----
ProgramVariant 110
 
time(sec)= 654
operation: ReplaceOp
location= org.jfree.chart.block.BorderArrangement
line= 444
lineSuspiciousness= 1
original statement= if ((org.jfree.chart.block.BorderArrangement.this.leftBlock) != null) {
	org.jfree.chart.block.RectangleConstraint c3 = new org.jfree.chart.block.RectangleConstraint(0.0 , new org.jfree.data.Range(0.0 , constraint.getWidth()) , org.jfree.chart.block.LengthConstraintType.RANGE , h[2] , null , org.jfree.chart.block.LengthConstraintType.FIXED);
	org.jfree.chart.util.Size2D size = org.jfree.chart.block.BorderArrangement.this.leftBlock.arrange(g2, c3);
	w[2] = size.width;
} 
fixed statement= if ((org.jfree.chart.block.BorderArrangement.this.centerBlock) != null) {
	org.jfree.chart.block.BorderArrangement.this.centerBlock.setBounds(new java.awt.geom.Rectangle2D.Double(w[2] , h[0] , w[4] , h[4]));
} 
generation= 55
ingredientScope= LOCAL
validation=
failing: |true|0|5|[]|
manual_regression: |true|0|3597|[]|
evo_regression: |true|0|24|[]|
 ----
ProgramVariant 140
 
time(sec)= 756
operation: RemoveOp
location= org.jfree.chart.block.BorderArrangement
line= 453
lineSuspiciousness= 1
original statement= if ((org.jfree.chart.block.BorderArrangement.this.rightBlock) != null) {
	org.jfree.chart.block.RectangleConstraint c4 = new org.jfree.chart.block.RectangleConstraint(0.0 , new org.jfree.data.Range(0.0 , ((constraint.getWidth()) - (w[2]))) , org.jfree.chart.block.LengthConstraintType.RANGE , h[2] , null , org.jfree.chart.block.LengthConstraintType.FIXED);
	org.jfree.chart.util.Size2D size = org.jfree.chart.block.BorderArrangement.this.rightBlock.arrange(g2, c4);
	w[3] = size.width;
} 
fixed statement= 
generation= 70
ingredientScope= -
validation=
failing: |true|0|5|[]|
manual_regression: |true|0|3597|[]|
evo_regression: |true|0|24|[]|
 ----
ProgramVariant 212
 
time(sec)= 927
operation: ReplaceOp
location= org.jfree.chart.block.BorderArrangement
line= 450
lineSuspiciousness= 1
original statement= w[2] = size.width
fixed statement= w[1] = w[0]
generation= 106
ingredientScope= LOCAL
validation=
failing: |true|0|5|[]|
manual_regression: |true|0|3597|[]|
evo_regression: |true|0|24|[]|
 ----
ProgramVariant 260
 
time(sec)= 1044
operation: ReplaceOp
location= org.jfree.chart.block.BorderArrangement
line= 452
lineSuspiciousness= 1
original statement= h[3] = h[2]
fixed statement= org.jfree.chart.block.BorderArrangement.this.rightBlock = null
generation= 130
ingredientScope= LOCAL
validation=
failing: |true|0|5|[]|
manual_regression: |true|0|3597|[]|
evo_regression: |true|0|24|[]|
 ----
ProgramVariant 526
 
time(sec)= 1440
operation: RemoveOp
location= org.jfree.chart.block.BorderArrangement
line= 450
lineSuspiciousness= 1
original statement= w[2] = size.width
fixed statement= 
generation= 263
ingredientScope= -
validation=
failing: |true|0|5|[]|
manual_regression: |true|0|3597|[]|
evo_regression: |true|0|24|[]|
 ----
ProgramVariant 894
 
time(sec)= 2017
operation: ReplaceOp
location= org.jfree.chart.block.BorderArrangement
line= 443
lineSuspiciousness= 1
original statement= h[2] = ((constraint.getHeight()) - (h[1])) - (h[0])
fixed statement= org.jfree.chart.block.BorderArrangement.this.rightBlock = null
generation= 447
ingredientScope= LOCAL
validation=
failing: |true|0|5|[]|
manual_regression: |true|0|3597|[]|
evo_regression: |true|0|24|[]|
 ----
ProgramVariant 1082
 
time(sec)= 2369
operation: InsertAfterOp
location= org.jfree.chart.block.BorderArrangement
line= 436
lineSuspiciousness= 1
original statement= if ((org.jfree.chart.block.BorderArrangement.this.bottomBlock) != null) {
	org.jfree.chart.block.RectangleConstraint c2 = new org.jfree.chart.block.RectangleConstraint(w[0] , null , org.jfree.chart.block.LengthConstraintType.FIXED , 0.0 , new org.jfree.data.Range(0.0 , ((constraint.getHeight()) - (h[0]))) , org.jfree.chart.block.LengthConstraintType.RANGE);
	org.jfree.chart.util.Size2D size = org.jfree.chart.block.BorderArrangement.this.bottomBlock.arrange(g2, c2);
	h[1] = size.height;
} 
fixed statement= org.jfree.chart.block.BorderArrangement.this.rightBlock = null
generation= 541
ingredientScope= LOCAL
validation=
failing: |true|0|5|[]|
manual_regression: |true|0|3597|[]|
evo_regression: |true|0|24|[]|
 ----
ProgramVariant 1088
 
time(sec)= 2447
operation: ReplaceOp
location= org.jfree.chart.block.BorderArrangement
line= 435
lineSuspiciousness= 1
original statement= w[1] = w[0]
fixed statement= org.jfree.chart.block.BorderArrangement.this.rightBlock = null
generation= 544
ingredientScope= LOCAL
validation=
failing: |true|0|5|[]|
manual_regression: |true|0|3597|[]|
evo_regression: |true|0|24|[]|
 ----
ProgramVariant 1200
 
time(sec)= 2796
operation: ReplaceOp
location= org.jfree.chart.block.AbstractBlock
line= 475
lineSuspiciousness= 0.122
original statement= result = org.jfree.chart.block.AbstractBlock.this.padding.extendWidth(result)
fixed statement= org.jfree.chart.block.AbstractBlock.this.width = 0.0
generation= 600
ingredientScope= LOCAL
validation=
failing: |true|0|5|[]|
manual_regression: |true|0|3597|[]|
evo_regression: |false|1|72|[test54(org.jfree.chart.block.AbstractBlock_ESTest): expected:<2.0> but was:<0.0>-]|
 ----
ProgramVariant 1270
 
time(sec)= 2942
operation: RemoveOp
location= org.jfree.chart.block.BorderArrangement
line= 453
lineSuspiciousness= 1
original statement= if ((org.jfree.chart.block.BorderArrangement.this.rightBlock) != null) {
	org.jfree.chart.block.RectangleConstraint c4 = new org.jfree.chart.block.RectangleConstraint(0.0 , new org.jfree.data.Range(0.0 , ((constraint.getWidth()) - (w[2]))) , org.jfree.chart.block.LengthConstraintType.RANGE , h[2] , null , org.jfree.chart.block.LengthConstraintType.FIXED);
	org.jfree.chart.util.Size2D size = org.jfree.chart.block.BorderArrangement.this.rightBlock.arrange(g2, c4);
	w[3] = size.width;
} 
fixed statement= 
generation= 635
ingredientScope= -
validation=
failing: |true|0|5|[]|
manual_regression: |true|0|3597|[]|
evo_regression: |true|0|24|[]|
 ----
ProgramVariant 1280
 
time(sec)= 3033
operation: RemoveOp
location= org.jfree.chart.block.BorderArrangement
line= 450
lineSuspiciousness= 1
original statement= w[2] = size.width
fixed statement= 
generation= 640
ingredientScope= -
validation=
failing: |true|0|5|[]|
manual_regression: |true|0|3597|[]|
evo_regression: |true|0|24|[]|
 ----
ProgramVariant 1450
 
time(sec)= 3273
operation: ReplaceOp
location= org.jfree.chart.block.BorderArrangement
line= 443
lineSuspiciousness= 1
original statement= h[2] = ((constraint.getHeight()) - (h[1])) - (h[0])
fixed statement= org.jfree.chart.block.BorderArrangement.this.leftBlock = null
generation= 725
ingredientScope= LOCAL
validation=
failing: |true|0|5|[]|
manual_regression: |true|0|3597|[]|
evo_regression: |true|0|24|[]|
 ----
ProgramVariant 1510
 
time(sec)= 3398
operation: RemoveOp
location= org.jfree.chart.block.BorderArrangement
line= 453
lineSuspiciousness= 1
original statement= if ((org.jfree.chart.block.BorderArrangement.this.rightBlock) != null) {
	org.jfree.chart.block.RectangleConstraint c4 = new org.jfree.chart.block.RectangleConstraint(0.0 , new org.jfree.data.Range(0.0 , ((constraint.getWidth()) - (w[2]))) , org.jfree.chart.block.LengthConstraintType.RANGE , h[2] , null , org.jfree.chart.block.LengthConstraintType.FIXED);
	org.jfree.chart.util.Size2D size = org.jfree.chart.block.BorderArrangement.this.rightBlock.arrange(g2, c4);
	w[3] = size.width;
} 
fixed statement= 
generation= 755
ingredientScope= -
validation=
failing: |true|0|5|[]|
manual_regression: |true|0|3597|[]|
evo_regression: |true|0|24|[]|
 ----
ProgramVariant 1658
 
time(sec)= 3624
operation: RemoveOp
location= org.jfree.chart.block.BorderArrangement
line= 450
lineSuspiciousness= 1
original statement= w[2] = size.width
fixed statement= 
generation= 829
ingredientScope= -
validation=
failing: |true|0|5|[]|
manual_regression: |true|0|3597|[]|
evo_regression: |true|0|24|[]|
 ----
ProgramVariant 1684
 
time(sec)= 3748
operation: ReplaceOp
location= org.jfree.chart.block.BorderArrangement
line= 444
lineSuspiciousness= 1
original statement= if ((org.jfree.chart.block.BorderArrangement.this.leftBlock) != null) {
	org.jfree.chart.block.RectangleConstraint c3 = new org.jfree.chart.block.RectangleConstraint(0.0 , new org.jfree.data.Range(0.0 , constraint.getWidth()) , org.jfree.chart.block.LengthConstraintType.RANGE , h[2] , null , org.jfree.chart.block.LengthConstraintType.FIXED);
	org.jfree.chart.util.Size2D size = org.jfree.chart.block.BorderArrangement.this.leftBlock.arrange(g2, c3);
	w[2] = size.width;
} 
fixed statement= if ((org.jfree.chart.block.BorderArrangement.this.leftBlock) != null) {
	org.jfree.chart.block.BorderArrangement.this.leftBlock.setBounds(new java.awt.geom.Rectangle2D.Double(0.0 , h[0] , w[2] , h[2]));
} 
generation= 842
ingredientScope= LOCAL
validation=
failing: |true|0|5|[]|
manual_regression: |true|0|3597|[]|
evo_regression: |true|0|24|[]|
 ----
ProgramVariant 1730
 
time(sec)= 3870
operation: ReplaceOp
location= org.jfree.chart.block.BorderArrangement
line= 450
lineSuspiciousness= 1
original statement= w[2] = size.width
fixed statement= h[3] = h[2]
generation= 865
ingredientScope= LOCAL
validation=
failing: |true|0|5|[]|
manual_regression: |true|0|3597|[]|
evo_regression: |true|0|24|[]|
 ----
ProgramVariant 1808
 
time(sec)= 4033
operation: ReplaceOp
location= org.jfree.chart.block.BorderArrangement
line= 426
lineSuspiciousness= 1
original statement= w[0] = constraint.getWidth()
fixed statement= org.jfree.chart.block.BorderArrangement.this.leftBlock = null
generation= 904
ingredientScope= LOCAL
validation=
failing: |true|0|5|[]|
manual_regression: |true|0|3597|[]|
evo_regression: |true|0|24|[]|
 ----
ProgramVariant 1910
 
time(sec)= 4228
operation: InsertBeforeOp
location= org.jfree.chart.block.BorderArrangement
line= 452
lineSuspiciousness= 1
original statement= h[3] = h[2]
fixed statement= org.jfree.chart.block.BorderArrangement.this.rightBlock = null
generation= 955
ingredientScope= LOCAL
validation=
failing: |true|0|5|[]|
manual_regression: |true|0|3597|[]|
evo_regression: |true|0|24|[]|
 ----
ProgramVariant 2228
 
time(sec)= 4776
operation: RemoveOp
location= org.jfree.chart.block.BorderArrangement
line= 444
lineSuspiciousness= 1
original statement= if ((org.jfree.chart.block.BorderArrangement.this.leftBlock) != null) {
	org.jfree.chart.block.RectangleConstraint c3 = new org.jfree.chart.block.RectangleConstraint(0.0 , new org.jfree.data.Range(0.0 , constraint.getWidth()) , org.jfree.chart.block.LengthConstraintType.RANGE , h[2] , null , org.jfree.chart.block.LengthConstraintType.FIXED);
	org.jfree.chart.util.Size2D size = org.jfree.chart.block.BorderArrangement.this.leftBlock.arrange(g2, c3);
	w[2] = size.width;
} 
fixed statement= 
generation= 1114
ingredientScope= -
validation=
failing: |true|0|5|[]|
manual_regression: |true|0|3597|[]|
evo_regression: |true|0|24|[]|
 ----
ProgramVariant 2330
 
time(sec)= 4993
operation: ReplaceOp
location= org.jfree.chart.block.BorderArrangement
line= 450
lineSuspiciousness= 1
original statement= w[2] = size.width
fixed statement= org.jfree.chart.block.BorderArrangement.this.leftBlock = null
generation= 1165
ingredientScope= LOCAL
validation=
failing: |true|0|5|[]|
manual_regression: |true|0|3597|[]|
evo_regression: |true|0|24|[]|
 ----
ProgramVariant 2362
 
time(sec)= 5100
operation: RemoveOp
location= org.jfree.chart.block.BorderArrangement
line= 444
lineSuspiciousness= 1
original statement= if ((org.jfree.chart.block.BorderArrangement.this.leftBlock) != null) {
	org.jfree.chart.block.RectangleConstraint c3 = new org.jfree.chart.block.RectangleConstraint(0.0 , new org.jfree.data.Range(0.0 , constraint.getWidth()) , org.jfree.chart.block.LengthConstraintType.RANGE , h[2] , null , org.jfree.chart.block.LengthConstraintType.FIXED);
	org.jfree.chart.util.Size2D size = org.jfree.chart.block.BorderArrangement.this.leftBlock.arrange(g2, c3);
	w[2] = size.width;
} 
fixed statement= 
generation= 1181
ingredientScope= -
validation=
failing: |true|0|5|[]|
manual_regression: |true|0|3597|[]|
evo_regression: |true|0|24|[]|
 ----
ProgramVariant 2690
 
time(sec)= 5588
operation: ReplaceOp
location= org.jfree.chart.block.BorderArrangement
line= 450
lineSuspiciousness= 1
original statement= w[2] = size.width
fixed statement= org.jfree.chart.block.BorderArrangement.this.rightBlock = null
generation= 1345
ingredientScope= LOCAL
validation=
failing: |true|0|5|[]|
manual_regression: |true|0|3597|[]|
evo_regression: |true|0|24|[]|
 ----
ProgramVariant 2744
 
time(sec)= 5720
operation: RemoveOp
location= org.jfree.chart.block.BorderArrangement
line= 450
lineSuspiciousness= 1
original statement= w[2] = size.width
fixed statement= 
generation= 1372
ingredientScope= -
validation=
failing: |true|0|5|[]|
manual_regression: |true|0|3597|[]|
evo_regression: |true|0|24|[]|
 ----
ProgramVariant 2822
 
time(sec)= 5908
operation: ReplaceOp
location= org.jfree.chart.block.BorderArrangement
line= 453
lineSuspiciousness= 1
original statement= if ((org.jfree.chart.block.BorderArrangement.this.rightBlock) != null) {
	org.jfree.chart.block.RectangleConstraint c4 = new org.jfree.chart.block.RectangleConstraint(0.0 , new org.jfree.data.Range(0.0 , ((constraint.getWidth()) - (w[2]))) , org.jfree.chart.block.LengthConstraintType.RANGE , h[2] , null , org.jfree.chart.block.LengthConstraintType.FIXED);
	org.jfree.chart.util.Size2D size = org.jfree.chart.block.BorderArrangement.this.rightBlock.arrange(g2, c4);
	w[3] = size.width;
} 
fixed statement= if ((org.jfree.chart.block.BorderArrangement.this.centerBlock) != null) {
	org.jfree.chart.block.BorderArrangement.this.centerBlock.setBounds(new java.awt.geom.Rectangle2D.Double(w[2] , h[0] , w[4] , h[4]));
} 
generation= 1411
ingredientScope= LOCAL
validation=
failing: |true|0|5|[]|
manual_regression: |true|0|3597|[]|
evo_regression: |true|0|24|[]|
 ----
ProgramVariant 2848
 
time(sec)= 6020
operation: RemoveOp
location= org.jfree.chart.block.BorderArrangement
line= 450
lineSuspiciousness= 1
original statement= w[2] = size.width
fixed statement= 
generation= 1424
ingredientScope= -
validation=
failing: |true|0|5|[]|
manual_regression: |true|0|3597|[]|
evo_regression: |true|0|24|[]|
 ----
ProgramVariant 2938
 
time(sec)= 6174
operation: RemoveOp
location= org.jfree.chart.block.BorderArrangement
line= 453
lineSuspiciousness= 1
original statement= if ((org.jfree.chart.block.BorderArrangement.this.rightBlock) != null) {
	org.jfree.chart.block.RectangleConstraint c4 = new org.jfree.chart.block.RectangleConstraint(0.0 , new org.jfree.data.Range(0.0 , ((constraint.getWidth()) - (w[2]))) , org.jfree.chart.block.LengthConstraintType.RANGE , h[2] , null , org.jfree.chart.block.LengthConstraintType.FIXED);
	org.jfree.chart.util.Size2D size = org.jfree.chart.block.BorderArrangement.this.rightBlock.arrange(g2, c4);
	w[3] = size.width;
} 
fixed statement= 
generation= 1469
ingredientScope= -
validation=
failing: |true|0|5|[]|
manual_regression: |true|0|3597|[]|
evo_regression: |true|0|24|[]|
 ----
ProgramVariant 2974
 
time(sec)= 6290
operation: RemoveOp
location= org.jfree.chart.block.BorderArrangement
line= 453
lineSuspiciousness= 1
original statement= if ((org.jfree.chart.block.BorderArrangement.this.rightBlock) != null) {
	org.jfree.chart.block.RectangleConstraint c4 = new org.jfree.chart.block.RectangleConstraint(0.0 , new org.jfree.data.Range(0.0 , ((constraint.getWidth()) - (w[2]))) , org.jfree.chart.block.LengthConstraintType.RANGE , h[2] , null , org.jfree.chart.block.LengthConstraintType.FIXED);
	org.jfree.chart.util.Size2D size = org.jfree.chart.block.BorderArrangement.this.rightBlock.arrange(g2, c4);
	w[3] = size.width;
} 
fixed statement= 
generation= 1487
ingredientScope= -
validation=
failing: |true|0|5|[]|
manual_regression: |true|0|3597|[]|
evo_regression: |true|0|24|[]|
 ----
ProgramVariant 2998
 
time(sec)= 6390
operation: ReplaceOp
location= org.jfree.chart.block.BorderArrangement
line= 426
lineSuspiciousness= 1
original statement= w[0] = constraint.getWidth()
fixed statement= org.jfree.chart.block.BorderArrangement.this.rightBlock = null
generation= 1499
ingredientScope= LOCAL
validation=
failing: |true|0|5|[]|
manual_regression: |true|0|3597|[]|
evo_regression: |true|0|24|[]|
 ----
ProgramVariant 3030
 
time(sec)= 6482
operation: ReplaceOp
location= org.jfree.chart.block.BorderArrangement
line= 307
lineSuspiciousness= 1
original statement= w[3] = size.width
fixed statement= org.jfree.chart.block.BorderArrangement.this.leftBlock = null
generation= 1515
ingredientScope= LOCAL
validation=
failing: |true|0|5|[]|
manual_regression: |true|0|3597|[]|
evo_regression: |true|0|24|[]|
 ----
ProgramVariant 3226
 
time(sec)= 6831
operation: InsertAfterOp
location= org.jfree.chart.block.BorderArrangement
line= 444
lineSuspiciousness= 1
original statement= if ((org.jfree.chart.block.BorderArrangement.this.leftBlock) != null) {
	org.jfree.chart.block.RectangleConstraint c3 = new org.jfree.chart.block.RectangleConstraint(0.0 , new org.jfree.data.Range(0.0 , constraint.getWidth()) , org.jfree.chart.block.LengthConstraintType.RANGE , h[2] , null , org.jfree.chart.block.LengthConstraintType.FIXED);
	org.jfree.chart.util.Size2D size = org.jfree.chart.block.BorderArrangement.this.leftBlock.arrange(g2, c3);
	w[2] = size.width;
} 
fixed statement= org.jfree.chart.block.BorderArrangement.this.rightBlock = null
generation= 1613
ingredientScope= LOCAL
validation=
failing: |true|0|5|[]|
manual_regression: |true|0|3597|[]|
evo_regression: |true|0|24|[]|
 ----
ProgramVariant 3316
 
time(sec)= 7074
operation: RemoveOp
location= org.jfree.chart.block.BorderArrangement
line= 444
lineSuspiciousness= 1
original statement= if ((org.jfree.chart.block.BorderArrangement.this.leftBlock) != null) {
	org.jfree.chart.block.RectangleConstraint c3 = new org.jfree.chart.block.RectangleConstraint(0.0 , new org.jfree.data.Range(0.0 , constraint.getWidth()) , org.jfree.chart.block.LengthConstraintType.RANGE , h[2] , null , org.jfree.chart.block.LengthConstraintType.FIXED);
	org.jfree.chart.util.Size2D size = org.jfree.chart.block.BorderArrangement.this.leftBlock.arrange(g2, c3);
	w[2] = size.width;
} 
fixed statement= 
generation= 1658
ingredientScope= -
validation=
failing: |true|0|5|[]|
manual_regression: |true|0|3597|[]|
evo_regression: |true|0|24|[]|
[INFO ] fr.inria.main.evolution.AstorMain.run(AstorMain.java:397) - Time Total(s): 7325.189


Node: graphene-24.nancy.grid5000.fr


Date: Wed Jan 18 23:21:36 CET 2017

removed classes 

zipped 

copied zip 


