seed AstorRun 9 
export PATH="/home/mmartinez/defects4j/framework/bin:$PATH";export JAVA_TOOL_OPTIONS=-Dfile.encoding=UTF8;export PATH="/usr/lib/jvm/java-1.7.0-openjdk-amd64/bin/:$PATH";cd /home/mmartinez/projects/chart/chart_25;defects4j compile;cp -r /home/mmartinez/projects/chart/chart_25 /tmp/chart_25_Genprog_local_s1;cd /tmp/chart_25_Genprog_local_s1;mkdir lib/;cp -r /home/mmartinez/defects4j/framework/projects/lib/* lib/;cp -r /home/mmartinez/defects4j/framework/projects/Chart/lib/* lib/;find . -type f -name "package-info.java" -delete;
/home/mmartinez/defects4j-repair/src/python/core/../../../results/2016-june/Chart/seed/9/package/25/Genprog/result
cd /tmp/chart_25_Genprog_local_s1;export JAVA_TOOL_OPTIONS=-Dfile.encoding=UTF8;TZ="America/New_York"; export TZexport PATH="/usr/lib/jvm/java-1.7.0-openjdk-amd64/bin/:$PATH";time /home/mmartinez/jdk1.8.0_45/bin//java -Xmx4096m -cp /home/mmartinez/defects4j-repair/src/python/core/../../..//libs/astor.jar fr.inria.main.evolution.MainjGenProg -mode statement -location . -id Chart -dependencies lib/ -failing org.jfree.chart.renderer.category.junit.StatisticalBarRendererTests:org.jfree.chart.renderer.category.junit.StatisticalBarRendererTests:org.jfree.chart.renderer.category.junit.StatisticalBarRendererTests:org.jfree.chart.renderer.category.junit.StatisticalBarRendererTests: -package org.jfree -jvm4testexecution /usr/lib/jvm/java-1.7.0-openjdk-amd64/bin/ -jvm4evosuitetestexecution /home/mmartinez/jdk1.8.0_45/bin/ -javacompliancelevel 4 -maxgen 1000000 -seed 9 -scope package -maxtime 120  -stopfirst false -population 1 -srcjavafolder source/ -srctestfolder tests/ -binjavafolder build/ -bintestfolder build-tests/ -flthreshold 0.1  -validation  fr.inria.astor.core.validation.validators.RegressionValidation  -ESParameters -Dassertion_timeout=1800:-Dminimization_timeout=1800:-Djunit_check_timeout=1800:-Dwrite_junit_timeout=300:-Dinitialization_timeout=300:-Dglobal_timeout=18000:-Dsearch_budget=100000:-Dstopping_condition=MaxStatements:-Dno_runtime_dependency=true:-Dsandbox=false:-Dp_reflection_on_private=0.0:-Dreflection_start_percent=1.0:-Dp_functional_mocking=0.0:-Dfunctional_mocking_percent=1.0:-mem=2000 -ignoredtestcases org.apache.commons.lang.LocaleUtilsTest  -excludeRegression  -maxgen 100000000 ;echo "

Node: `hostname`
";echo "
Date: `date`
"; find /tmp/chart_25_Genprog_local_s1/outputMutation -name "*.class" -type f -delete;echo "removed classes 
"; find . -name bin  -type d -print0|xargs -0 rm -r --; zip -r -q out.zip /tmp/chart_25_Genprog_local_s1/outputMutation; echo "zipped 
";cp out.zip /home/mmartinez/defects4j-repair/src/python/core/../../../results/2016-june/Chart/seed/9/package/25/Genprog; echo "copied zip 
";rm -rf /tmp/chart_25_Genprog_local_s1;

[DEBUG] fr.inria.astor.core.loop.AstorCoreEngine.showResults(AstorCoreEngine.java:136) - End Repair Loops: Found solution
[DEBUG] fr.inria.astor.core.loop.AstorCoreEngine.showResults(AstorCoreEngine.java:137) - Solution stored at: /tmp/chart_25_Genprog_local_s1/./outputMutation/AstorMain-Chart//src/
[DEBUG] fr.inria.astor.core.loop.AstorCoreEngine.showResults(AstorCoreEngine.java:142) - 
Number solutions:7
[DEBUG] fr.inria.astor.core.loop.AstorCoreEngine.showResults(AstorCoreEngine.java:144) - f (sol): 4.0, [Variant id: 66 (SOL) , #gens: 955, #ops: 1, parent:65]
[DEBUG] fr.inria.astor.core.loop.AstorCoreEngine.showResults(AstorCoreEngine.java:144) - f (sol): 30.0, [Variant id: 164 (SOL) , #gens: 955, #ops: 1, parent:163]
[DEBUG] fr.inria.astor.core.loop.AstorCoreEngine.showResults(AstorCoreEngine.java:144) - f (sol): 1.0, [Variant id: 314 (SOL) , #gens: 955, #ops: 1, parent:313]
[DEBUG] fr.inria.astor.core.loop.AstorCoreEngine.showResults(AstorCoreEngine.java:144) - f (sol): 13.0, [Variant id: 414 (SOL) , #gens: 955, #ops: 1, parent:413]
[DEBUG] fr.inria.astor.core.loop.AstorCoreEngine.showResults(AstorCoreEngine.java:144) - f (sol): 6.0, [Variant id: 530 (SOL) , #gens: 955, #ops: 1, parent:529]
[DEBUG] fr.inria.astor.core.loop.AstorCoreEngine.showResults(AstorCoreEngine.java:144) - f (sol): 3.0, [Variant id: 564 (SOL) , #gens: 955, #ops: 1, parent:563]
[DEBUG] fr.inria.astor.core.loop.AstorCoreEngine.showResults(AstorCoreEngine.java:144) - f (sol): 2.0, [Variant id: 588 (SOL) , #gens: 955, #ops: 1, parent:587]
[DEBUG] fr.inria.astor.core.loop.AstorCoreEngine.showResults(AstorCoreEngine.java:146) - 
All variants:
[DEBUG] fr.inria.astor.core.loop.AstorCoreEngine.showResults(AstorCoreEngine.java:148) - f 16.0, [Variant id: 909, #gens: 956, #ops: 0, parent:-]
[INFO ] fr.inria.astor.core.loop.AstorCoreEngine.showResults(AstorCoreEngine.java:152) - 
Solution details
[INFO ] fr.inria.astor.core.loop.AstorCoreEngine.showResults(AstorCoreEngine.java:153) - 
 --SOLUTIONS DESCRIPTION--

 ----
ProgramVariant 66
 
time(sec)= 850
operation: RemoveOp
location= org.jfree.data.KeyedObjects2D
line= 113
lineSuspiciousness= 0.516
original statement= result = rowData.getObject(columnKey)
fixed statement= 
generation= 33
ingredientScope= -
validation=
failing: |true|0|36|[]|
manual_regression: |true|0|3243|[]|
evo_regression: |false|4|48|[test34(org.jfree.data.KeyedObjects2D_ESTest): null-, test28(org.jfree.data.KeyedObjects2D_ESTest): expected:<^m4kwf> but was:<null>-, test43(org.jfree.data.KeyedObjects2D_ESTest): null-, test27(org.jfree.data.KeyedObjects2D_ESTest): Expecting exception: NullPointerException-]|
 ----
ProgramVariant 164
 
time(sec)= 1738
operation: RemoveOp
location= org.jfree.data.statistics.DefaultStatisticalCategoryDataset
line= 301
lineSuspiciousness= 0.632
original statement= org.jfree.data.statistics.DefaultStatisticalCategoryDataset.this.data.addObject(item, rowKey, columnKey)
fixed statement= 
generation= 82
ingredientScope= -
validation=
failing: |true|0|36|[]|
manual_regression: |true|0|3243|[]|
evo_regression: |false|30|67|[test52(org.jfree.data.statistics.DefaultStatisticalCategoryDataset_ESTest): Index: 0, Size: 0-, test51(org.jfree.data.statistics.DefaultStatisticalCategoryDataset_ESTest): Index: 0, Size: 0-, test18(org.jfree.data.statistics.DefaultStatisticalCategoryDataset_ESTest): Index: 0, Size: 0-, test17(org.jfree.data.statistics.DefaultStatisticalCategoryDataset_ESTest): null-, test19(org.jfree.data.statistics.DefaultStatisticalCategoryDataset_ESTest): Index: 0, Size: 0-, test53(org.jfree.data.statistics.DefaultStatisticalCategoryDataset_ESTest): Index: 1, Size: 0-, test55(org.jfree.data.statistics.DefaultStatisticalCategoryDataset_ESTest): Index: 0, Size: 0-, test16(org.jfree.data.statistics.DefaultStatisticalCategoryDataset_ESTest): null-, test15(org.jfree.data.statistics.DefaultStatisticalCategoryDataset_ESTest): null-, test40(org.jfree.data.statistics.DefaultStatisticalCategoryDataset_ESTest): null-, test07(org.jfree.data.statistics.DefaultStatisticalCategoryDataset_ESTest): expected:<0> but was:<-1>-, ...and 20 failures more, test06(org.jfree.data.statistics.DefaultStatisticalCategoryDataset_ESTest): Index: 0, Size: 0-, ...and 20 failures more, test09(org.jfree.data.statistics.DefaultStatisticalCategoryDataset_ESTest): expected:<1> but was:<0>-, ...and 20 failures more, test08(org.jfree.data.statistics.DefaultStatisticalCategoryDataset_ESTest): expected:<1> but was:<-1>-, ...and 20 failures more, test01(org.jfree.data.statistics.DefaultStatisticalCategoryDataset_ESTest): Index: 0, Size: 0-, ...and 20 failures more, test00(org.jfree.data.statistics.DefaultStatisticalCategoryDataset_ESTest): null-, ...and 20 failures more, test02(org.jfree.data.statistics.DefaultStatisticalCategoryDataset_ESTest): Index: 0, Size: 0-, ...and 20 failures more, test05(org.jfree.data.statistics.DefaultStatisticalCategoryDataset_ESTest): Index: 0, Size: 0-, ...and 20 failures more, test49(org.jfree.data.statistics.DefaultStatisticalCategoryDataset_ESTest): null-, ...and 20 failures more, test04(org.jfree.data.statistics.DefaultStatisticalCategoryDataset_ESTest): null-, ...and 20 failures more, test39(org.jfree.data.statistics.DefaultStatisticalCategoryDataset_ESTest): Index: 1, Size: 0-, ...and 20 failures more, test31(org.jfree.data.statistics.DefaultStatisticalCategoryDataset_ESTest): Expecting exception: NullPointerException-, ...and 20 failures more, test36(org.jfree.data.statistics.DefaultStatisticalCategoryDataset_ESTest): Expecting exception: NullPointerException-, ...and 20 failures more, test35(org.jfree.data.statistics.DefaultStatisticalCategoryDataset_ESTest): Expecting exception: NullPointerException-, ...and 20 failures more, test21(org.jfree.data.statistics.DefaultStatisticalCategoryDataset_ESTest): expected:<1> but was:<-1>-, ...and 20 failures more, test20(org.jfree.data.statistics.DefaultStatisticalCategoryDataset_ESTest): expected:<0> but was:<-1>-, ...and 20 failures more, test23(org.jfree.data.statistics.DefaultStatisticalCategoryDataset_ESTest): Expecting exception: NullPointerException-, ...and 20 failures more, test22(org.jfree.data.statistics.DefaultStatisticalCategoryDataset_ESTest): expected:<1> but was:<0>-, ...and 20 failures more, test25(org.jfree.data.statistics.DefaultStatisticalCategoryDataset_ESTest): Expecting exception: NullPointerException-, ...and 20 failures more, test26(org.jfree.data.statistics.DefaultStatisticalCategoryDataset_ESTest): Index: 1, Size: 0-, ...and 20 failures more]|
 ----
ProgramVariant 314
 
time(sec)= 3842
operation: RemoveOp
location= org.jfree.chart.plot.CategoryPlot
line= 2867
lineSuspiciousness= 0.426
original statement= for (int row = 0 ; row < rowCount ; row++) {
	renderer.drawItem(g2, state, dataArea, org.jfree.chart.plot.CategoryPlot.this, domainAxis, rangeAxis, currentDataset, row, column, pass);
}
fixed statement= 
generation= 157
ingredientScope= -
validation=
failing: |true|0|36|[]|
manual_regression: |true|0|3243|[]|
evo_regression: |false|1|241|[test116(org.jfree.chart.plot.CategoryPlot_ESTest): test timed out after 4000 milliseconds-]|
 ----
ProgramVariant 414
 
time(sec)= 4553
operation: RemoveOp
location= org.jfree.data.KeyedObjects
line= 131
lineSuspiciousness= 0.436
original statement= if (ko.getKey().equals(key)) {
	result = i;
} 
fixed statement= 
generation= 207
ingredientScope= -
validation=
failing: |true|0|36|[]|
manual_regression: |false|2|3243|[testInsertAndRetrieve(org.jfree.data.junit.KeyedObjectsTests): expected:<null> but was:<1.0>-, testInsertAndRetrieve(org.jfree.data.junit.KeyedObjectsTests): expected:<null> but was:<1.0>-]|
evo_regression: |false|11|38|[test17(org.jfree.data.KeyedObjects_ESTest): Expecting exception: NullPointerException-, test15(org.jfree.data.KeyedObjects_ESTest): expected:<0> but was:<-1>-, test14(org.jfree.data.KeyedObjects_ESTest): Expecting exception: NullPointerException-, test12(org.jfree.data.KeyedObjects_ESTest): Expecting exception: NullPointerException-, test10(org.jfree.data.KeyedObjects_ESTest): -1-, test30(org.jfree.data.KeyedObjects_ESTest): Expecting exception: NullPointerException-, test09(org.jfree.data.KeyedObjects_ESTest): expected:<1> but was:<-1>-, test06(org.jfree.data.KeyedObjects_ESTest): expected same:<null> was not:<org.jfree.data.KeyedObjects@28>-, test28(org.jfree.data.KeyedObjects_ESTest): expected:<1> but was:<2>-, test29(org.jfree.data.KeyedObjects_ESTest): expected:<2> but was:<3>-, test05(org.jfree.data.KeyedObjects_ESTest): -1-, ...and 1 failures more]|
 ----
ProgramVariant 530
 
time(sec)= 5132
operation: RemoveOp
location= org.jfree.data.KeyedObjects
line= 92
lineSuspiciousness= 0.471
original statement= result = kobj.getObject()
fixed statement= 
generation= 265
ingredientScope= -
validation=
failing: |true|0|36|[]|
manual_regression: |false|2|3243|[testInsertAndRetrieve(org.jfree.data.junit.KeyedObjectsTests): expected:<null> but was:<1.0>-, testInsertAndRetrieve(org.jfree.data.junit.KeyedObjectsTests): expected:<null> but was:<1.0>-]|
evo_regression: |false|4|38|[test32(org.jfree.data.KeyedObjects_ESTest): expected:<org.jfree.data.KeyedObjects> but was:<null>-, test06(org.jfree.data.KeyedObjects_ESTest): expected same:<null> was not:<org.jfree.data.KeyedObjects@26>-, test20(org.jfree.data.KeyedObjects_ESTest): null-, test21(org.jfree.data.KeyedObjects_ESTest): null-]|
 ----
ProgramVariant 564
 
time(sec)= 5346
operation: RemoveOp
location= org.jfree.data.statistics.DefaultStatisticalCategoryDataset
line= 111
lineSuspiciousness= 0.816
original statement= result = masd.getMean()
fixed statement= 
generation= 282
ingredientScope= -
validation=
failing: |true|0|36|[]|
manual_regression: |true|0|3243|[]|
evo_regression: |false|3|67|[test55(org.jfree.data.statistics.DefaultStatisticalCategoryDataset_ESTest): null-, test02(org.jfree.data.statistics.DefaultStatisticalCategoryDataset_ESTest): null-, test39(org.jfree.data.statistics.DefaultStatisticalCategoryDataset_ESTest): null-]|
 ----
ProgramVariant 588
 
time(sec)= 5654
operation: RemoveOp
location= org.jfree.chart.plot.CategoryPlot
line= 2672
lineSuspiciousness= 0.378
original statement= for (int i = (org.jfree.chart.plot.CategoryPlot.this.datasets.size()) - 1 ; i >= 0 ; i--) {
	foundData = (render(g2, dataArea, i, state)) || foundData;
}
fixed statement= 
generation= 294
ingredientScope= -
validation=
failing: |true|0|36|[]|
manual_regression: |true|0|3243|[]|
evo_regression: |false|2|241|[test119(org.jfree.chart.plot.CategoryPlot_ESTest): test timed out after 4000 milliseconds-, test116(org.jfree.chart.plot.CategoryPlot_ESTest): test timed out after 4000 milliseconds-]|
[INFO ] fr.inria.main.evolution.AstorMain.run(AstorMain.java:397) - Time Total(s): 9875.986


Node: griffon-2.nancy.grid5000.fr


Date: Sat Jan 14 01:13:28 CET 2017

removed classes 

zipped 

copied zip 


