seed AstorRun 27 
export PATH="/home/mmartinez/defects4j/framework/bin:$PATH";export JAVA_TOOL_OPTIONS=-Dfile.encoding=UTF8;export PATH="/usr/lib/jvm/java-1.7.0-openjdk-amd64/bin/:$PATH";cd /home/mmartinez/projects/math/math_58;defects4j compile;cp -r /home/mmartinez/projects/math/math_58 /tmp/math_58_Genprog_local_s1;cd /tmp/math_58_Genprog_local_s1;mkdir lib/;cp -r /home/mmartinez/defects4j/framework/projects/lib/* lib/;cp -r /home/mmartinez/defects4j/framework/projects/Math/lib/* lib/;find . -type f -name "package-info.java" -delete;
/home/mmartinez/defects4j-repair/src/python/core/../../../results/2016-june/Math/seed/27/package/58/Genprog/result
cd /tmp/math_58_Genprog_local_s1;export JAVA_TOOL_OPTIONS=-Dfile.encoding=UTF8;TZ="America/New_York"; export TZexport PATH="/usr/lib/jvm/java-1.7.0-openjdk-amd64/bin/:$PATH";time /home/mmartinez/jdk1.8.0_45/bin//java -Xmx4096m -cp /home/mmartinez/defects4j-repair/src/python/core/../../..//libs/astor.jar fr.inria.main.evolution.MainjGenProg -mode statement -location . -id Math -dependencies lib/ -failing org.apache.commons.math.optimization.fitting.GaussianFitterTest: -package org.apache.commons -jvm4testexecution /usr/lib/jvm/java-1.7.0-openjdk-amd64/bin/ -jvm4evosuitetestexecution /home/mmartinez/jdk1.8.0_45/bin/ -javacompliancelevel 5 -maxgen 1000000 -seed 27 -scope package -maxtime 120  -stopfirst false -population 1 -srcjavafolder src/main/java/ -srctestfolder src/test/java/ -binjavafolder target/classes/ -bintestfolder target/test-classes/ -flthreshold 0.1  -validation  fr.inria.astor.core.validation.validators.RegressionValidation  -ESParameters -Dassertion_timeout=1800:-Dminimization_timeout=1800:-Djunit_check_timeout=1800:-Dwrite_junit_timeout=300:-Dinitialization_timeout=300:-Dglobal_timeout=18000:-Dsearch_budget=100000:-Dstopping_condition=MaxStatements:-Dno_runtime_dependency=true:-Dsandbox=false:-Dp_reflection_on_private=0.0:-Dreflection_start_percent=1.0:-Dp_functional_mocking=0.0:-Dfunctional_mocking_percent=1.0:-mem=2000 -testbystep  -ignoredtestcases org.apache.commons.lang.LocaleUtilsTest  -excludeRegression  -maxgen 100000000 ;echo "

Node: `hostname`
";echo "
Date: `date`
"; find /tmp/math_58_Genprog_local_s1/outputMutation -name "*.class" -type f -delete;echo "removed classes 
"; find . -name bin  -type d -print0|xargs -0 rm -r --; zip -r -q out.zip /tmp/math_58_Genprog_local_s1/outputMutation; echo "zipped 
";cp out.zip /home/mmartinez/defects4j-repair/src/python/core/../../../results/2016-june/Math/seed/27/package/58/Genprog; echo "copied zip 
";rm -rf /tmp/math_58_Genprog_local_s1;

[DEBUG] fr.inria.astor.core.loop.AstorCoreEngine.showResults(AstorCoreEngine.java:136) - End Repair Loops: Found solution
[DEBUG] fr.inria.astor.core.loop.AstorCoreEngine.showResults(AstorCoreEngine.java:137) - Solution stored at: /tmp/math_58_Genprog_local_s1/./outputMutation/AstorMain-Math//src/
[DEBUG] fr.inria.astor.core.loop.AstorCoreEngine.showResults(AstorCoreEngine.java:142) - 
Number solutions:9
[DEBUG] fr.inria.astor.core.loop.AstorCoreEngine.showResults(AstorCoreEngine.java:144) - f (sol): 4.0, [Variant id: 436 (SOL) , #gens: 398, #ops: 1, parent:435]
[DEBUG] fr.inria.astor.core.loop.AstorCoreEngine.showResults(AstorCoreEngine.java:144) - f (sol): 10.0, [Variant id: 536 (SOL) , #gens: 399, #ops: 1, parent:535]
[DEBUG] fr.inria.astor.core.loop.AstorCoreEngine.showResults(AstorCoreEngine.java:144) - f (sol): 0.0, [Variant id: 708 (SOL) , #gens: 400, #ops: 1, parent:707]
[DEBUG] fr.inria.astor.core.loop.AstorCoreEngine.showResults(AstorCoreEngine.java:144) - f (sol): 9.0, [Variant id: 726 (SOL) , #gens: 399, #ops: 1, parent:725]
[DEBUG] fr.inria.astor.core.loop.AstorCoreEngine.showResults(AstorCoreEngine.java:144) - f (sol): 11.0, [Variant id: 1042 (SOL) , #gens: 398, #ops: 1, parent:1041]
[DEBUG] fr.inria.astor.core.loop.AstorCoreEngine.showResults(AstorCoreEngine.java:144) - f (sol): 6.0, [Variant id: 1086 (SOL) , #gens: 399, #ops: 1, parent:1085]
[DEBUG] fr.inria.astor.core.loop.AstorCoreEngine.showResults(AstorCoreEngine.java:144) - f (sol): 5.0, [Variant id: 1100 (SOL) , #gens: 399, #ops: 1, parent:1099]
[DEBUG] fr.inria.astor.core.loop.AstorCoreEngine.showResults(AstorCoreEngine.java:144) - f (sol): 7.0, [Variant id: 1260 (SOL) , #gens: 399, #ops: 1, parent:1259]
[DEBUG] fr.inria.astor.core.loop.AstorCoreEngine.showResults(AstorCoreEngine.java:144) - f (sol): 8.0, [Variant id: 1286 (SOL) , #gens: 399, #ops: 1, parent:1285]
[DEBUG] fr.inria.astor.core.loop.AstorCoreEngine.showResults(AstorCoreEngine.java:146) - 
All variants:
[DEBUG] fr.inria.astor.core.loop.AstorCoreEngine.showResults(AstorCoreEngine.java:148) - f 1.0, [Variant id: 1325, #gens: 399, #ops: 0, parent:-]
[INFO ] fr.inria.astor.core.loop.AstorCoreEngine.showResults(AstorCoreEngine.java:152) - 
Solution details
[INFO ] fr.inria.astor.core.loop.AstorCoreEngine.showResults(AstorCoreEngine.java:153) - 
 --SOLUTIONS DESCRIPTION--

 ----
ProgramVariant 436
 
time(sec)= 2055
operation: RemoveOp
location= org.apache.commons.math.analysis.function.Gaussian
line= 182
lineSuspiciousness= 0.224
original statement= if ((param[2]) <= 0) {
	throw new org.apache.commons.math.exception.NotStrictlyPositiveException(param[2]);
} 
fixed statement= 
generation= 218
ingredientScope= -
validation=
failing: |true|0|8|[]|
manual_regression: |false|2|2299|[testParametricUsage3(org.apache.commons.math.analysis.function.GaussianTest): Expected exception: org.apache.commons.math.exception.NotStrictlyPositiveException-, testParametricUsage6(org.apache.commons.math.analysis.function.GaussianTest): Expected exception: org.apache.commons.math.exception.NotStrictlyPositiveException-]|
evo_regression: |false|2|16|[test00(org.apache.commons.math.analysis.function.Gaussian_ESTest): Expecting exception: RuntimeException-, test15(org.apache.commons.math.analysis.function.Gaussian_ESTest): Expecting exception: RuntimeException-]|
 ----
ProgramVariant 536
 
time(sec)= 2894
operation: ReplaceOp
location= org.apache.commons.math.optimization.general.LevenbergMarquardtOptimizer
line= 593
lineSuspiciousness= 0.162
original statement= for (int j = 0 ; j < (solvedCols) ; ++j) {
	int pj = permutation[j];
	work1[pj] = ((work3[pj]) * (diag[pj])) / dxNorm;
}
fixed statement= for (int j = 0 ; j < (solvedCols) ; ++j) {
	int pj = permutation[j];
	work1[pj] *= (diag[pj]) / dxNorm;
}
generation= 268
ingredientScope= LOCAL
validation=
failing: |true|0|8|[]|
manual_regression: |false|10|2299|[testNoError(org.apache.commons.math.optimization.fitting.PolynomialFitterTest): expected:<0.0> but was:<3302.890719484506>-, testMinpackBrownDennis(org.apache.commons.math.optimization.general.MinpackTest): expected:<-11.59125141003> but was:<-11.591065536450257>-, testMinpackJennrichSampson(org.apache.commons.math.optimization.general.MinpackTest): expected:<0.2578199266368004> but was:<0.25783327833792963>-, testMinpackMeyer(org.apache.commons.math.optimization.general.MinpackTest): null-, testMinpackFreudensteinRoth(org.apache.commons.math.optimization.general.MinpackTest): expected:<11.4124844654993> but was:<11.412620233195208>-, testMinpackWatson(org.apache.commons.math.optimization.general.MinpackTest): expected:<0.0011831145921242> but was:<0.0184898849297357>-, testMinpackKowalikOsborne(org.apache.commons.math.optimization.general.MinpackTest): expected:<728675.473768287> but was:<619389.5954544083>-, testMinpackChebyquad(org.apache.commons.math.optimization.general.MinpackTest): expected:<0.199490672309881> but was:<0.23561910847106>-, testMinpackBard(org.apache.commons.math.optimization.general.MinpackTest): expected:<4.17476870138539> but was:<5.069766401057821>-, testMinpackBrownAlmostLinear(org.apache.commons.math.optimization.general.MinpackTest): expected:<0.0> but was:<1.0000000000100093>-]|
evo_regression: |true|0|3|[]|
 ----
ProgramVariant 708
 
time(sec)= 4650
operation: InsertBeforeOp
location= org.apache.commons.math.optimization.general.LevenbergMarquardtOptimizer
line= 595
lineSuspiciousness= 0.162
original statement= work1[pj] = ((work3[pj]) * (diag[pj])) / dxNorm
fixed statement= determineLMDirection(qy, work1, work2, work3)
generation= 354
ingredientScope= LOCAL
validation=
failing: |true|0|8|[]|
evo_regression: |true|0|3|[]|
 ----
ProgramVariant 726
 
time(sec)= 4817
operation: ReplaceOp
location= org.apache.commons.math.optimization.general.LevenbergMarquardtOptimizer
line= 593
lineSuspiciousness= 0.162
original statement= for (int j = 0 ; j < (solvedCols) ; ++j) {
	int pj = permutation[j];
	work1[pj] = ((work3[pj]) * (diag[pj])) / dxNorm;
}
fixed statement= for (int j = 0 ; j < (cols) ; ++j) {
	diag[j] = org.apache.commons.math.util.FastMath.max(diag[j], jacNorm[j]);
}
generation= 363
ingredientScope= LOCAL
validation=
failing: |true|0|8|[]|
manual_regression: |false|9|2299|[testSampling(org.apache.commons.math.distribution.CauchyDistributionTest): Chisquare test failed p-value = 9.712365913933096E-4 chisquare statistic = 16.328., testNoError(org.apache.commons.math.optimization.fitting.PolynomialFitterTest): expected:<0.0> but was:<6.232879170171511>-, testMinpackLinearRank1(org.apache.commons.math.optimization.general.MinpackTest): expected:<3.48263016573496> but was:<3101.6003933453453>-, testMinpackBrownDennis(org.apache.commons.math.optimization.general.MinpackTest): expected:<292.954288244866> but was:<292.9542741568475>-, testMinpackMeyer(org.apache.commons.math.optimization.general.MinpackTest): null-, testMinpackWatson(org.apache.commons.math.optimization.general.MinpackTest): expected:<0.0011831145921242> but was:<0.0368691147305295>-, testMinpackKowalikOsborne(org.apache.commons.math.optimization.general.MinpackTest): expected:<0.191262653354071> but was:<0.19130393017578387>-, testMinpackChebyquad(org.apache.commons.math.optimization.general.MinpackTest): expected:<0.199490672309881> but was:<0.23561910847106002>-, testMinpackBard(org.apache.commons.math.optimization.general.MinpackTest): expected:<4.17476870138539> but was:<4.183148836352632>-]|
evo_regression: |true|0|3|[]|
 ----
ProgramVariant 1042
 
time(sec)= 5584
operation: RemoveOp
location= org.apache.commons.math.optimization.general.LevenbergMarquardtOptimizer
line= 581
lineSuspiciousness= 0.151
original statement= dxNorm = org.apache.commons.math.util.FastMath.sqrt(dxNorm)
fixed statement= 
generation= 521
ingredientScope= -
validation=
failing: |true|0|8|[]|
manual_regression: |false|11|2299|[testMath372(org.apache.commons.math.optimization.fitting.CurveFitterTest): expected:<2411.0> but was:<17789.49074631393>-, testNoError(org.apache.commons.math.optimization.fitting.PolynomialFitterTest): expected:<0.0> but was:<0.639706924260931>-, testMinpackBrownDennis(org.apache.commons.math.optimization.general.MinpackTest): expected:<292.954288244866> but was:<2815.438390917735>-, testMinpackRosenbrok(org.apache.commons.math.optimization.general.MinpackTest): null-, testMinpackMeyer(org.apache.commons.math.optimization.general.MinpackTest): expected:<9.37794514651874> but was:<41153.4665537137>-, testMinpackFreudensteinRoth(org.apache.commons.math.optimization.general.MinpackTest): expected:<11.4124844654993> but was:<11.41279913867149>-, testMinpackWatson(org.apache.commons.math.optimization.general.MinpackTest): null-, testMinpackKowalikOsborne(org.apache.commons.math.optimization.general.MinpackTest): null-, testMinpackChebyquad(org.apache.commons.math.optimization.general.MinpackTest): expected:<0.199490672309881> but was:<0.235619108471061>-, testMinpackBard(org.apache.commons.math.optimization.general.MinpackTest): null-, testMinpackBrownAlmostLinear(org.apache.commons.math.optimization.general.MinpackTest): expected:<0.979430303349862> but was:<0.9999999999999973>-]|
evo_regression: |true|0|3|[]|
 ----
ProgramVariant 1086
 
time(sec)= 6269
operation: ReplaceOp
location= org.apache.commons.math.optimization.general.LevenbergMarquardtOptimizer
line= 391
lineSuspiciousness= 0.147
original statement= if (((lmPar) == 0) || (ratio >= 0.75)) {
	delta = 2 * lmNorm;
	lmPar *= 0.5;
} 
fixed statement= if ((cost) != 0) {
	for (int j = 0 ; j < (solvedCols) ; ++j) {
		int pj = permutation[j];
		double s = jacNorm[pj];
		if (s != 0) {
			double sum = 0;
			for (int i = 0 ; i <= j ; ++i) {
				sum += (weightedResidualJacobian[i][pj]) * (qtf[i]);
			}
			maxCosine = org.apache.commons.math.util.FastMath.max(maxCosine, ((org.apache.commons.math.util.FastMath.abs(sum)) / (s * (cost))));
		} 
	}
} 
generation= 543
ingredientScope= LOCAL
validation=
failing: |true|0|8|[]|
manual_regression: |false|6|2299|[testMinpackBrownDennis(org.apache.commons.math.optimization.general.MinpackTest): expected:<-11.59125141003> but was:<-11.5916567006682>-, testMinpackFreudensteinRoth(org.apache.commons.math.optimization.general.MinpackTest): expected:<11.4124844654993> but was:<11.412977810416637>-, testMinpackWatson(org.apache.commons.math.optimization.general.MinpackTest): null-, testMinpackKowalikOsborne(org.apache.commons.math.optimization.general.MinpackTest): null-, testMinpackBard(org.apache.commons.math.optimization.general.MinpackTest): expected:<4.17476870138539> but was:<4.174787822367045>-, testMinpackBrownAlmostLinear(org.apache.commons.math.optimization.general.MinpackTest): expected:<1.0> but was:<0.9794303033498643>-]|
evo_regression: |true|0|3|[]|
 ----
ProgramVariant 1100
 
time(sec)= 6437
operation: ReplaceOp
location= org.apache.commons.math.optimization.general.LevenbergMarquardtOptimizer
line= 417
lineSuspiciousness= 0.151
original statement= cost = previousCost
fixed statement= firstIteration = false
generation= 550
ingredientScope= LOCAL
validation=
failing: |true|0|8|[]|
manual_regression: |false|5|2299|[testControlParameters(org.apache.commons.math.optimization.general.LevenbergMarquardtOptimizerTest): null-, testMinpackBrownDennis(org.apache.commons.math.optimization.general.MinpackTest): expected:<292.954288244866> but was:<292.9542714768772>-, testMinpackFreudensteinRoth(org.apache.commons.math.optimization.general.MinpackTest): expected:<11.4124844654993> but was:<11.412714378707147>-, testMinpackKowalikOsborne(org.apache.commons.math.optimization.general.MinpackTest): expected:<0.0175364017658228> but was:<0.042362000797352556>-, testMinpackChebyquad(org.apache.commons.math.optimization.general.MinpackTest): expected:<0.166708783805937> but was:<0.3988782883224861>-]|
evo_regression: |true|0|3|[]|
 ----
ProgramVariant 1260
 
time(sec)= 7040
operation: ReplaceOp
location= org.apache.commons.math.optimization.general.LevenbergMarquardtOptimizer
line= 707
lineSuspiciousness= 0.151
original statement= weightedResidualJacobian[i][pk] = temp2
fixed statement= cost = java.lang.Double.POSITIVE_INFINITY
generation= 630
ingredientScope= PACKAGE
validation=
failing: |true|0|8|[]|
manual_regression: |false|7|2299|[testNoError(org.apache.commons.math.optimization.fitting.PolynomialFitterTest): expected:<0.0> but was:<1426.9499564589098>-, testMinpackBrownDennis(org.apache.commons.math.optimization.general.MinpackTest): expected:<292.954288244866> but was:<292.9542659020501>-, testMinpackMeyer(org.apache.commons.math.optimization.general.MinpackTest): null-, testMinpackFreudensteinRoth(org.apache.commons.math.optimization.general.MinpackTest): expected:<11.4124844654993> but was:<11.412708909072686>-, testMinpackKowalikOsborne(org.apache.commons.math.optimization.general.MinpackTest): expected:<728675.473768287> but was:<491183.86428908695>-, testMinpackChebyquad(org.apache.commons.math.optimization.general.MinpackTest): expected:<0.199490672309881> but was:<0.23561910847105996>-, testMinpackBard(org.apache.commons.math.optimization.general.MinpackTest): expected:<-1.58848033259565E8> but was:<-1.6354150605804667E8>-]|
evo_regression: |true|0|3|[]|
 ----
ProgramVariant 1286
 
time(sec)= 7222
operation: ReplaceOp
location= org.apache.commons.math.optimization.general.LevenbergMarquardtOptimizer
line= 595
lineSuspiciousness= 0.162
original statement= work1[pj] = ((work3[pj]) * (diag[pj])) / dxNorm
fixed statement= cost = java.lang.Double.POSITIVE_INFINITY
generation= 643
ingredientScope= PACKAGE
validation=
failing: |true|0|8|[]|
manual_regression: |false|8|2299|[testNoError(org.apache.commons.math.optimization.fitting.PolynomialFitterTest): expected:<0.0> but was:<6.232879170171511>-, testMinpackLinearRank1(org.apache.commons.math.optimization.general.MinpackTest): expected:<3.48263016573496> but was:<3101.6003933453453>-, testMinpackBrownDennis(org.apache.commons.math.optimization.general.MinpackTest): expected:<292.954288244866> but was:<292.9542741568475>-, testMinpackMeyer(org.apache.commons.math.optimization.general.MinpackTest): null-, testMinpackWatson(org.apache.commons.math.optimization.general.MinpackTest): expected:<0.0011831145921242> but was:<0.0368691147305295>-, testMinpackKowalikOsborne(org.apache.commons.math.optimization.general.MinpackTest): expected:<0.191262653354071> but was:<0.19130393017578387>-, testMinpackChebyquad(org.apache.commons.math.optimization.general.MinpackTest): expected:<0.199490672309881> but was:<0.23561910847106002>-, testMinpackBard(org.apache.commons.math.optimization.general.MinpackTest): expected:<4.17476870138539> but was:<4.183148836352632>-]|
evo_regression: |true|0|3|[]|
[INFO ] fr.inria.main.evolution.AstorMain.run(AstorMain.java:397) - Time Total(s): 7511.398


Node: graphene-106.nancy.grid5000.fr


Date: Sat Jan 28 17:41:46 CET 2017

removed classes 

zipped 

copied zip 


