seed AstorRun 24 
export PATH="/home/mmartinez/defects4j/framework/bin:$PATH";export JAVA_TOOL_OPTIONS=-Dfile.encoding=UTF8;export PATH="/usr/lib/jvm/java-1.7.0-openjdk-amd64/bin/:$PATH";cd /home/mmartinez/projects/math/math_85;defects4j compile;cp -r /home/mmartinez/projects/math/math_85 /tmp/math_85_Genprog_local_s1;cd /tmp/math_85_Genprog_local_s1;mkdir lib/;cp -r /home/mmartinez/defects4j/framework/projects/lib/* lib/;cp -r /home/mmartinez/defects4j/framework/projects/Math/lib/* lib/;find . -type f -name "package-info.java" -delete;
/home/mmartinez/defects4j-repair/src/python/core/../../../results/2016-june/Math/seed/24/package/85/Genprog/result
cd /tmp/math_85_Genprog_local_s1;export JAVA_TOOL_OPTIONS=-Dfile.encoding=UTF8;TZ="America/New_York"; export TZexport PATH="/usr/lib/jvm/java-1.7.0-openjdk-amd64/bin/:$PATH";time /home/mmartinez/jdk1.8.0_45/bin//java -Xmx4096m -cp /home/mmartinez/defects4j-repair/src/python/core/../../..//libs/astor.jar fr.inria.main.evolution.MainjGenProg -mode statement -location . -id Math -dependencies lib/ -failing org.apache.commons.math.distribution.NormalDistributionTest: -package org.apache.commons -jvm4testexecution /usr/lib/jvm/java-1.7.0-openjdk-amd64/bin/ -jvm4evosuitetestexecution /home/mmartinez/jdk1.8.0_45/bin/ -javacompliancelevel 5 -maxgen 1000000 -seed 24 -scope package -maxtime 120  -stopfirst false -population 1 -srcjavafolder src/java/ -srctestfolder src/test/ -binjavafolder target/classes/ -bintestfolder target/test-classes/ -flthreshold 0.1  -validation  fr.inria.astor.core.validation.validators.RegressionValidation  -ESParameters -Dassertion_timeout=1800:-Dminimization_timeout=1800:-Djunit_check_timeout=1800:-Dwrite_junit_timeout=300:-Dinitialization_timeout=300:-Dglobal_timeout=18000:-Dsearch_budget=100000:-Dstopping_condition=MaxStatements:-Dno_runtime_dependency=true:-Dsandbox=false:-Dp_reflection_on_private=0.0:-Dreflection_start_percent=1.0:-Dp_functional_mocking=0.0:-Dfunctional_mocking_percent=1.0:-mem=2000 -ignoredtestcases org.apache.commons.lang.LocaleUtilsTest  -excludeRegression  -maxgen 100000000 ;echo "

Node: `hostname`
";echo "
Date: `date`
"; find /tmp/math_85_Genprog_local_s1/outputMutation -name "*.class" -type f -delete;echo "removed classes 
"; find . -name bin  -type d -print0|xargs -0 rm -r --; zip -r -q out.zip /tmp/math_85_Genprog_local_s1/outputMutation; echo "zipped 
";cp out.zip /home/mmartinez/defects4j-repair/src/python/core/../../../results/2016-june/Math/seed/24/package/85/Genprog; echo "copied zip 
";rm -rf /tmp/math_85_Genprog_local_s1;

[DEBUG] fr.inria.astor.core.loop.AstorCoreEngine.showResults(AstorCoreEngine.java:136) - End Repair Loops: Found solution
[DEBUG] fr.inria.astor.core.loop.AstorCoreEngine.showResults(AstorCoreEngine.java:137) - Solution stored at: /tmp/math_85_Genprog_local_s1/./outputMutation/AstorMain-Math//src/
[DEBUG] fr.inria.astor.core.loop.AstorCoreEngine.showResults(AstorCoreEngine.java:142) - 
Number solutions:21
[DEBUG] fr.inria.astor.core.loop.AstorCoreEngine.showResults(AstorCoreEngine.java:144) - f (sol): 3.0, [Variant id: 114 (SOL) , #gens: 63, #ops: 1, parent:113]
[DEBUG] fr.inria.astor.core.loop.AstorCoreEngine.showResults(AstorCoreEngine.java:144) - f (sol): 3.0, [Variant id: 130 (SOL) , #gens: 63, #ops: 1, parent:129]
[DEBUG] fr.inria.astor.core.loop.AstorCoreEngine.showResults(AstorCoreEngine.java:144) - f (sol): 3.0, [Variant id: 536 (SOL) , #gens: 63, #ops: 1, parent:535]
[DEBUG] fr.inria.astor.core.loop.AstorCoreEngine.showResults(AstorCoreEngine.java:144) - f (sol): 3.0, [Variant id: 570 (SOL) , #gens: 63, #ops: 1, parent:569]
[DEBUG] fr.inria.astor.core.loop.AstorCoreEngine.showResults(AstorCoreEngine.java:144) - f (sol): 3.0, [Variant id: 726 (SOL) , #gens: 63, #ops: 1, parent:725]
[DEBUG] fr.inria.astor.core.loop.AstorCoreEngine.showResults(AstorCoreEngine.java:144) - f (sol): 3.0, [Variant id: 760 (SOL) , #gens: 63, #ops: 1, parent:759]
[DEBUG] fr.inria.astor.core.loop.AstorCoreEngine.showResults(AstorCoreEngine.java:144) - f (sol): 3.0, [Variant id: 762 (SOL) , #gens: 63, #ops: 1, parent:761]
[DEBUG] fr.inria.astor.core.loop.AstorCoreEngine.showResults(AstorCoreEngine.java:144) - f (sol): 3.0, [Variant id: 966 (SOL) , #gens: 64, #ops: 1, parent:965]
[DEBUG] fr.inria.astor.core.loop.AstorCoreEngine.showResults(AstorCoreEngine.java:144) - f (sol): 3.0, [Variant id: 1060 (SOL) , #gens: 63, #ops: 1, parent:1059]
[DEBUG] fr.inria.astor.core.loop.AstorCoreEngine.showResults(AstorCoreEngine.java:144) - f (sol): 3.0, [Variant id: 1172 (SOL) , #gens: 63, #ops: 1, parent:1171]
[DEBUG] fr.inria.astor.core.loop.AstorCoreEngine.showResults(AstorCoreEngine.java:144) - f (sol): 3.0, [Variant id: 1184 (SOL) , #gens: 63, #ops: 1, parent:1183]
[DEBUG] fr.inria.astor.core.loop.AstorCoreEngine.showResults(AstorCoreEngine.java:144) - f (sol): 3.0, [Variant id: 1402 (SOL) , #gens: 63, #ops: 1, parent:1401]
[DEBUG] fr.inria.astor.core.loop.AstorCoreEngine.showResults(AstorCoreEngine.java:144) - f (sol): 3.0, [Variant id: 1458 (SOL) , #gens: 64, #ops: 1, parent:1457]
[DEBUG] fr.inria.astor.core.loop.AstorCoreEngine.showResults(AstorCoreEngine.java:144) - f (sol): 3.0, [Variant id: 1566 (SOL) , #gens: 63, #ops: 1, parent:1565]
[DEBUG] fr.inria.astor.core.loop.AstorCoreEngine.showResults(AstorCoreEngine.java:144) - f (sol): 3.0, [Variant id: 1698 (SOL) , #gens: 63, #ops: 1, parent:1697]
[DEBUG] fr.inria.astor.core.loop.AstorCoreEngine.showResults(AstorCoreEngine.java:144) - f (sol): 3.0, [Variant id: 1824 (SOL) , #gens: 63, #ops: 1, parent:1823]
[DEBUG] fr.inria.astor.core.loop.AstorCoreEngine.showResults(AstorCoreEngine.java:144) - f (sol): 3.0, [Variant id: 1852 (SOL) , #gens: 63, #ops: 1, parent:1851]
[DEBUG] fr.inria.astor.core.loop.AstorCoreEngine.showResults(AstorCoreEngine.java:144) - f (sol): 3.0, [Variant id: 1856 (SOL) , #gens: 63, #ops: 1, parent:1855]
[DEBUG] fr.inria.astor.core.loop.AstorCoreEngine.showResults(AstorCoreEngine.java:144) - f (sol): 3.0, [Variant id: 1880 (SOL) , #gens: 63, #ops: 1, parent:1879]
[DEBUG] fr.inria.astor.core.loop.AstorCoreEngine.showResults(AstorCoreEngine.java:144) - f (sol): 3.0, [Variant id: 2464 (SOL) , #gens: 63, #ops: 1, parent:2463]
[DEBUG] fr.inria.astor.core.loop.AstorCoreEngine.showResults(AstorCoreEngine.java:144) - f (sol): 3.0, [Variant id: 2674 (SOL) , #gens: 63, #ops: 1, parent:2673]
[DEBUG] fr.inria.astor.core.loop.AstorCoreEngine.showResults(AstorCoreEngine.java:146) - 
All variants:
[DEBUG] fr.inria.astor.core.loop.AstorCoreEngine.showResults(AstorCoreEngine.java:148) - f 1.0, [Variant id: 2865, #gens: 64, #ops: 0, parent:-]
[INFO ] fr.inria.astor.core.loop.AstorCoreEngine.showResults(AstorCoreEngine.java:152) - 
Solution details
[INFO ] fr.inria.astor.core.loop.AstorCoreEngine.showResults(AstorCoreEngine.java:153) - 
 --SOLUTIONS DESCRIPTION--

 ----
ProgramVariant 114
 
time(sec)= 1265
operation: RemoveOp
location= org.apache.commons.math.analysis.solvers.UnivariateRealSolverUtils
line= 199
lineSuspiciousness= 1
original statement= throw new org.apache.commons.math.ConvergenceException(("number of iterations={0}, maximum iterations={1}, " + ("initial={2}, lower bound={3}, upper bound={4}, final a value={5}, " + "final b value={6}, f(a)={7}, f(b)={8}")) , numIterations , maximumIterations , initial , lowerBound , upperBound , a , b , fa , fb)
fixed statement= 
generation= 57
ingredientScope= -
validation=
failing: |true|0|13|[]|
manual_regression: |true|0|1983|[]|
evo_regression: |false|3|27|[test17(org.apache.commons.math.analysis.solvers.UnivariateRealSolverUtils_ESTest): Expecting exception: Exception-, test13(org.apache.commons.math.analysis.solvers.UnivariateRealSolverUtils_ESTest): Expecting exception: Exception-, test14(org.apache.commons.math.analysis.solvers.UnivariateRealSolverUtils_ESTest): Expecting exception: Exception-]|
 ----
ProgramVariant 130
 
time(sec)= 1349
operation: RemoveOp
location= org.apache.commons.math.analysis.solvers.UnivariateRealSolverUtils
line= 199
lineSuspiciousness= 1
original statement= throw new org.apache.commons.math.ConvergenceException(("number of iterations={0}, maximum iterations={1}, " + ("initial={2}, lower bound={3}, upper bound={4}, final a value={5}, " + "final b value={6}, f(a)={7}, f(b)={8}")) , numIterations , maximumIterations , initial , lowerBound , upperBound , a , b , fa , fb)
fixed statement= 
generation= 65
ingredientScope= -
validation=
failing: |true|0|13|[]|
manual_regression: |true|0|1983|[]|
evo_regression: |false|3|27|[test17(org.apache.commons.math.analysis.solvers.UnivariateRealSolverUtils_ESTest): Expecting exception: Exception-, test13(org.apache.commons.math.analysis.solvers.UnivariateRealSolverUtils_ESTest): Expecting exception: Exception-, test14(org.apache.commons.math.analysis.solvers.UnivariateRealSolverUtils_ESTest): Expecting exception: Exception-]|
 ----
ProgramVariant 536
 
time(sec)= 2405
operation: RemoveOp
location= org.apache.commons.math.analysis.solvers.UnivariateRealSolverUtils
line= 199
lineSuspiciousness= 1
original statement= throw new org.apache.commons.math.ConvergenceException(("number of iterations={0}, maximum iterations={1}, " + ("initial={2}, lower bound={3}, upper bound={4}, final a value={5}, " + "final b value={6}, f(a)={7}, f(b)={8}")) , numIterations , maximumIterations , initial , lowerBound , upperBound , a , b , fa , fb)
fixed statement= 
generation= 268
ingredientScope= -
validation=
failing: |true|0|13|[]|
manual_regression: |true|0|1983|[]|
evo_regression: |false|3|27|[test17(org.apache.commons.math.analysis.solvers.UnivariateRealSolverUtils_ESTest): Expecting exception: Exception-, test13(org.apache.commons.math.analysis.solvers.UnivariateRealSolverUtils_ESTest): Expecting exception: Exception-, test14(org.apache.commons.math.analysis.solvers.UnivariateRealSolverUtils_ESTest): Expecting exception: Exception-]|
 ----
ProgramVariant 570
 
time(sec)= 2490
operation: RemoveOp
location= org.apache.commons.math.analysis.solvers.UnivariateRealSolverUtils
line= 199
lineSuspiciousness= 1
original statement= throw new org.apache.commons.math.ConvergenceException(("number of iterations={0}, maximum iterations={1}, " + ("initial={2}, lower bound={3}, upper bound={4}, final a value={5}, " + "final b value={6}, f(a)={7}, f(b)={8}")) , numIterations , maximumIterations , initial , lowerBound , upperBound , a , b , fa , fb)
fixed statement= 
generation= 285
ingredientScope= -
validation=
failing: |true|0|13|[]|
manual_regression: |true|0|1983|[]|
evo_regression: |false|3|27|[test17(org.apache.commons.math.analysis.solvers.UnivariateRealSolverUtils_ESTest): Expecting exception: Exception-, test13(org.apache.commons.math.analysis.solvers.UnivariateRealSolverUtils_ESTest): Expecting exception: Exception-, test14(org.apache.commons.math.analysis.solvers.UnivariateRealSolverUtils_ESTest): Expecting exception: Exception-]|
 ----
ProgramVariant 726
 
time(sec)= 2773
operation: RemoveOp
location= org.apache.commons.math.analysis.solvers.UnivariateRealSolverUtils
line= 198
lineSuspiciousness= 0.243
original statement= if ((fa * fb) >= 0.0) {
	throw new org.apache.commons.math.ConvergenceException(("number of iterations={0}, maximum iterations={1}, " + ("initial={2}, lower bound={3}, upper bound={4}, final a value={5}, " + "final b value={6}, f(a)={7}, f(b)={8}")) , numIterations , maximumIterations , initial , lowerBound , upperBound , a , b , fa , fb);
} 
fixed statement= 
generation= 363
ingredientScope= -
validation=
failing: |true|0|13|[]|
manual_regression: |true|0|1983|[]|
evo_regression: |false|3|27|[test17(org.apache.commons.math.analysis.solvers.UnivariateRealSolverUtils_ESTest): Expecting exception: Exception-, test13(org.apache.commons.math.analysis.solvers.UnivariateRealSolverUtils_ESTest): Expecting exception: Exception-, test14(org.apache.commons.math.analysis.solvers.UnivariateRealSolverUtils_ESTest): Expecting exception: Exception-]|
 ----
ProgramVariant 760
 
time(sec)= 2853
operation: RemoveOp
location= org.apache.commons.math.analysis.solvers.UnivariateRealSolverUtils
line= 199
lineSuspiciousness= 1
original statement= throw new org.apache.commons.math.ConvergenceException(("number of iterations={0}, maximum iterations={1}, " + ("initial={2}, lower bound={3}, upper bound={4}, final a value={5}, " + "final b value={6}, f(a)={7}, f(b)={8}")) , numIterations , maximumIterations , initial , lowerBound , upperBound , a , b , fa , fb)
fixed statement= 
generation= 380
ingredientScope= -
validation=
failing: |true|0|13|[]|
manual_regression: |true|0|1983|[]|
evo_regression: |false|3|27|[test17(org.apache.commons.math.analysis.solvers.UnivariateRealSolverUtils_ESTest): Expecting exception: Exception-, test13(org.apache.commons.math.analysis.solvers.UnivariateRealSolverUtils_ESTest): Expecting exception: Exception-, test14(org.apache.commons.math.analysis.solvers.UnivariateRealSolverUtils_ESTest): Expecting exception: Exception-]|
 ----
ProgramVariant 762
 
time(sec)= 2923
operation: RemoveOp
location= org.apache.commons.math.analysis.solvers.UnivariateRealSolverUtils
line= 199
lineSuspiciousness= 1
original statement= throw new org.apache.commons.math.ConvergenceException(("number of iterations={0}, maximum iterations={1}, " + ("initial={2}, lower bound={3}, upper bound={4}, final a value={5}, " + "final b value={6}, f(a)={7}, f(b)={8}")) , numIterations , maximumIterations , initial , lowerBound , upperBound , a , b , fa , fb)
fixed statement= 
generation= 381
ingredientScope= -
validation=
failing: |true|0|13|[]|
manual_regression: |true|0|1983|[]|
evo_regression: |false|3|27|[test17(org.apache.commons.math.analysis.solvers.UnivariateRealSolverUtils_ESTest): Expecting exception: Exception-, test13(org.apache.commons.math.analysis.solvers.UnivariateRealSolverUtils_ESTest): Expecting exception: Exception-, test14(org.apache.commons.math.analysis.solvers.UnivariateRealSolverUtils_ESTest): Expecting exception: Exception-]|
 ----
ProgramVariant 966
 
time(sec)= 3084
operation: ReplaceOp
location= org.apache.commons.math.analysis.solvers.UnivariateRealSolverUtils
line= 198
lineSuspiciousness= 0.243
original statement= if ((fa * fb) >= 0.0) {
	throw new org.apache.commons.math.ConvergenceException(("number of iterations={0}, maximum iterations={1}, " + ("initial={2}, lower bound={3}, upper bound={4}, final a value={5}, " + "final b value={6}, f(a)={7}, f(b)={8}")) , numIterations , maximumIterations , initial , lowerBound , upperBound , a , b , fa , fb);
} 
fixed statement= if (function == null) {
	throw org.apache.commons.math.MathRuntimeException.createIllegalArgumentException("function is null");
} 
generation= 483
ingredientScope= LOCAL
validation=
failing: |true|0|13|[]|
manual_regression: |true|0|1983|[]|
evo_regression: |false|3|27|[test17(org.apache.commons.math.analysis.solvers.UnivariateRealSolverUtils_ESTest): Expecting exception: Exception-, test13(org.apache.commons.math.analysis.solvers.UnivariateRealSolverUtils_ESTest): Expecting exception: Exception-, test14(org.apache.commons.math.analysis.solvers.UnivariateRealSolverUtils_ESTest): Expecting exception: Exception-]|
 ----
ProgramVariant 1060
 
time(sec)= 3425
operation: RemoveOp
location= org.apache.commons.math.analysis.solvers.UnivariateRealSolverUtils
line= 199
lineSuspiciousness= 1
original statement= throw new org.apache.commons.math.ConvergenceException(("number of iterations={0}, maximum iterations={1}, " + ("initial={2}, lower bound={3}, upper bound={4}, final a value={5}, " + "final b value={6}, f(a)={7}, f(b)={8}")) , numIterations , maximumIterations , initial , lowerBound , upperBound , a , b , fa , fb)
fixed statement= 
generation= 530
ingredientScope= -
validation=
failing: |true|0|13|[]|
manual_regression: |true|0|1983|[]|
evo_regression: |false|3|27|[test17(org.apache.commons.math.analysis.solvers.UnivariateRealSolverUtils_ESTest): Expecting exception: Exception-, test13(org.apache.commons.math.analysis.solvers.UnivariateRealSolverUtils_ESTest): Expecting exception: Exception-, test14(org.apache.commons.math.analysis.solvers.UnivariateRealSolverUtils_ESTest): Expecting exception: Exception-]|
 ----
ProgramVariant 1172
 
time(sec)= 3655
operation: RemoveOp
location= org.apache.commons.math.analysis.solvers.UnivariateRealSolverUtils
line= 199
lineSuspiciousness= 1
original statement= throw new org.apache.commons.math.ConvergenceException(("number of iterations={0}, maximum iterations={1}, " + ("initial={2}, lower bound={3}, upper bound={4}, final a value={5}, " + "final b value={6}, f(a)={7}, f(b)={8}")) , numIterations , maximumIterations , initial , lowerBound , upperBound , a , b , fa , fb)
fixed statement= 
generation= 586
ingredientScope= -
validation=
failing: |true|0|13|[]|
manual_regression: |true|0|1983|[]|
evo_regression: |false|3|27|[test17(org.apache.commons.math.analysis.solvers.UnivariateRealSolverUtils_ESTest): Expecting exception: Exception-, test13(org.apache.commons.math.analysis.solvers.UnivariateRealSolverUtils_ESTest): Expecting exception: Exception-, test14(org.apache.commons.math.analysis.solvers.UnivariateRealSolverUtils_ESTest): Expecting exception: Exception-]|
 ----
ProgramVariant 1184
 
time(sec)= 3729
operation: RemoveOp
location= org.apache.commons.math.analysis.solvers.UnivariateRealSolverUtils
line= 199
lineSuspiciousness= 1
original statement= throw new org.apache.commons.math.ConvergenceException(("number of iterations={0}, maximum iterations={1}, " + ("initial={2}, lower bound={3}, upper bound={4}, final a value={5}, " + "final b value={6}, f(a)={7}, f(b)={8}")) , numIterations , maximumIterations , initial , lowerBound , upperBound , a , b , fa , fb)
fixed statement= 
generation= 592
ingredientScope= -
validation=
failing: |true|0|13|[]|
manual_regression: |true|0|1983|[]|
evo_regression: |false|3|27|[test17(org.apache.commons.math.analysis.solvers.UnivariateRealSolverUtils_ESTest): Expecting exception: Exception-, test13(org.apache.commons.math.analysis.solvers.UnivariateRealSolverUtils_ESTest): Expecting exception: Exception-, test14(org.apache.commons.math.analysis.solvers.UnivariateRealSolverUtils_ESTest): Expecting exception: Exception-]|
 ----
ProgramVariant 1402
 
time(sec)= 4028
operation: RemoveOp
location= org.apache.commons.math.analysis.solvers.UnivariateRealSolverUtils
line= 199
lineSuspiciousness= 1
original statement= throw new org.apache.commons.math.ConvergenceException(("number of iterations={0}, maximum iterations={1}, " + ("initial={2}, lower bound={3}, upper bound={4}, final a value={5}, " + "final b value={6}, f(a)={7}, f(b)={8}")) , numIterations , maximumIterations , initial , lowerBound , upperBound , a , b , fa , fb)
fixed statement= 
generation= 701
ingredientScope= -
validation=
failing: |true|0|13|[]|
manual_regression: |true|0|1983|[]|
evo_regression: |false|3|27|[test17(org.apache.commons.math.analysis.solvers.UnivariateRealSolverUtils_ESTest): Expecting exception: Exception-, test13(org.apache.commons.math.analysis.solvers.UnivariateRealSolverUtils_ESTest): Expecting exception: Exception-, test14(org.apache.commons.math.analysis.solvers.UnivariateRealSolverUtils_ESTest): Expecting exception: Exception-]|
 ----
ProgramVariant 1458
 
time(sec)= 4264
operation: ReplaceOp
location= org.apache.commons.math.analysis.solvers.UnivariateRealSolverUtils
line= 198
lineSuspiciousness= 0.243
original statement= if ((fa * fb) >= 0.0) {
	throw new org.apache.commons.math.ConvergenceException(("number of iterations={0}, maximum iterations={1}, " + ("initial={2}, lower bound={3}, upper bound={4}, final a value={5}, " + "final b value={6}, f(a)={7}, f(b)={8}")) , numIterations , maximumIterations , initial , lowerBound , upperBound , a , b , fa , fb);
} 
fixed statement= if (maximumIterations <= 0) {
	throw org.apache.commons.math.MathRuntimeException.createIllegalArgumentException("bad value for maximum iterations number: {0}", maximumIterations);
} 
generation= 729
ingredientScope= LOCAL
validation=
failing: |true|0|13|[]|
manual_regression: |true|0|1983|[]|
evo_regression: |false|3|27|[test17(org.apache.commons.math.analysis.solvers.UnivariateRealSolverUtils_ESTest): Expecting exception: Exception-, test13(org.apache.commons.math.analysis.solvers.UnivariateRealSolverUtils_ESTest): Expecting exception: Exception-, test14(org.apache.commons.math.analysis.solvers.UnivariateRealSolverUtils_ESTest): Expecting exception: Exception-]|
 ----
ProgramVariant 1566
 
time(sec)= 4394
operation: RemoveOp
location= org.apache.commons.math.analysis.solvers.UnivariateRealSolverUtils
line= 199
lineSuspiciousness= 1
original statement= throw new org.apache.commons.math.ConvergenceException(("number of iterations={0}, maximum iterations={1}, " + ("initial={2}, lower bound={3}, upper bound={4}, final a value={5}, " + "final b value={6}, f(a)={7}, f(b)={8}")) , numIterations , maximumIterations , initial , lowerBound , upperBound , a , b , fa , fb)
fixed statement= 
generation= 783
ingredientScope= -
validation=
failing: |true|0|13|[]|
manual_regression: |true|0|1983|[]|
evo_regression: |false|3|27|[test17(org.apache.commons.math.analysis.solvers.UnivariateRealSolverUtils_ESTest): Expecting exception: Exception-, test13(org.apache.commons.math.analysis.solvers.UnivariateRealSolverUtils_ESTest): Expecting exception: Exception-, test14(org.apache.commons.math.analysis.solvers.UnivariateRealSolverUtils_ESTest): Expecting exception: Exception-]|
 ----
ProgramVariant 1698
 
time(sec)= 4892
operation: RemoveOp
location= org.apache.commons.math.analysis.solvers.UnivariateRealSolverUtils
line= 199
lineSuspiciousness= 1
original statement= throw new org.apache.commons.math.ConvergenceException(("number of iterations={0}, maximum iterations={1}, " + ("initial={2}, lower bound={3}, upper bound={4}, final a value={5}, " + "final b value={6}, f(a)={7}, f(b)={8}")) , numIterations , maximumIterations , initial , lowerBound , upperBound , a , b , fa , fb)
fixed statement= 
generation= 849
ingredientScope= -
validation=
failing: |true|0|13|[]|
manual_regression: |true|0|1983|[]|
evo_regression: |false|3|27|[test17(org.apache.commons.math.analysis.solvers.UnivariateRealSolverUtils_ESTest): Expecting exception: Exception-, test13(org.apache.commons.math.analysis.solvers.UnivariateRealSolverUtils_ESTest): Expecting exception: Exception-, test14(org.apache.commons.math.analysis.solvers.UnivariateRealSolverUtils_ESTest): Expecting exception: Exception-]|
 ----
ProgramVariant 1824
 
time(sec)= 5009
operation: RemoveOp
location= org.apache.commons.math.analysis.solvers.UnivariateRealSolverUtils
line= 198
lineSuspiciousness= 0.243
original statement= if ((fa * fb) >= 0.0) {
	throw new org.apache.commons.math.ConvergenceException(("number of iterations={0}, maximum iterations={1}, " + ("initial={2}, lower bound={3}, upper bound={4}, final a value={5}, " + "final b value={6}, f(a)={7}, f(b)={8}")) , numIterations , maximumIterations , initial , lowerBound , upperBound , a , b , fa , fb);
} 
fixed statement= 
generation= 912
ingredientScope= -
validation=
failing: |true|0|13|[]|
manual_regression: |true|0|1983|[]|
evo_regression: |false|3|27|[test17(org.apache.commons.math.analysis.solvers.UnivariateRealSolverUtils_ESTest): Expecting exception: Exception-, test13(org.apache.commons.math.analysis.solvers.UnivariateRealSolverUtils_ESTest): Expecting exception: Exception-, test14(org.apache.commons.math.analysis.solvers.UnivariateRealSolverUtils_ESTest): Expecting exception: Exception-]|
 ----
ProgramVariant 1852
 
time(sec)= 5101
operation: RemoveOp
location= org.apache.commons.math.analysis.solvers.UnivariateRealSolverUtils
line= 198
lineSuspiciousness= 0.243
original statement= if ((fa * fb) >= 0.0) {
	throw new org.apache.commons.math.ConvergenceException(("number of iterations={0}, maximum iterations={1}, " + ("initial={2}, lower bound={3}, upper bound={4}, final a value={5}, " + "final b value={6}, f(a)={7}, f(b)={8}")) , numIterations , maximumIterations , initial , lowerBound , upperBound , a , b , fa , fb);
} 
fixed statement= 
generation= 926
ingredientScope= -
validation=
failing: |true|0|13|[]|
manual_regression: |true|0|1983|[]|
evo_regression: |false|3|27|[test17(org.apache.commons.math.analysis.solvers.UnivariateRealSolverUtils_ESTest): Expecting exception: Exception-, test13(org.apache.commons.math.analysis.solvers.UnivariateRealSolverUtils_ESTest): Expecting exception: Exception-, test14(org.apache.commons.math.analysis.solvers.UnivariateRealSolverUtils_ESTest): Expecting exception: Exception-]|
 ----
ProgramVariant 1856
 
time(sec)= 5172
operation: RemoveOp
location= org.apache.commons.math.analysis.solvers.UnivariateRealSolverUtils
line= 199
lineSuspiciousness= 1
original statement= throw new org.apache.commons.math.ConvergenceException(("number of iterations={0}, maximum iterations={1}, " + ("initial={2}, lower bound={3}, upper bound={4}, final a value={5}, " + "final b value={6}, f(a)={7}, f(b)={8}")) , numIterations , maximumIterations , initial , lowerBound , upperBound , a , b , fa , fb)
fixed statement= 
generation= 928
ingredientScope= -
validation=
failing: |true|0|13|[]|
manual_regression: |true|0|1983|[]|
evo_regression: |false|3|27|[test17(org.apache.commons.math.analysis.solvers.UnivariateRealSolverUtils_ESTest): Expecting exception: Exception-, test13(org.apache.commons.math.analysis.solvers.UnivariateRealSolverUtils_ESTest): Expecting exception: Exception-, test14(org.apache.commons.math.analysis.solvers.UnivariateRealSolverUtils_ESTest): Expecting exception: Exception-]|
 ----
ProgramVariant 1880
 
time(sec)= 5245
operation: RemoveOp
location= org.apache.commons.math.analysis.solvers.UnivariateRealSolverUtils
line= 199
lineSuspiciousness= 1
original statement= throw new org.apache.commons.math.ConvergenceException(("number of iterations={0}, maximum iterations={1}, " + ("initial={2}, lower bound={3}, upper bound={4}, final a value={5}, " + "final b value={6}, f(a)={7}, f(b)={8}")) , numIterations , maximumIterations , initial , lowerBound , upperBound , a , b , fa , fb)
fixed statement= 
generation= 940
ingredientScope= -
validation=
failing: |true|0|13|[]|
manual_regression: |true|0|1983|[]|
evo_regression: |false|3|27|[test17(org.apache.commons.math.analysis.solvers.UnivariateRealSolverUtils_ESTest): Expecting exception: Exception-, test13(org.apache.commons.math.analysis.solvers.UnivariateRealSolverUtils_ESTest): Expecting exception: Exception-, test14(org.apache.commons.math.analysis.solvers.UnivariateRealSolverUtils_ESTest): Expecting exception: Exception-]|
 ----
ProgramVariant 2464
 
time(sec)= 6300
operation: RemoveOp
location= org.apache.commons.math.analysis.solvers.UnivariateRealSolverUtils
line= 198
lineSuspiciousness= 0.243
original statement= if ((fa * fb) >= 0.0) {
	throw new org.apache.commons.math.ConvergenceException(("number of iterations={0}, maximum iterations={1}, " + ("initial={2}, lower bound={3}, upper bound={4}, final a value={5}, " + "final b value={6}, f(a)={7}, f(b)={8}")) , numIterations , maximumIterations , initial , lowerBound , upperBound , a , b , fa , fb);
} 
fixed statement= 
generation= 1232
ingredientScope= -
validation=
failing: |true|0|13|[]|
manual_regression: |true|0|1983|[]|
evo_regression: |false|3|27|[test17(org.apache.commons.math.analysis.solvers.UnivariateRealSolverUtils_ESTest): Expecting exception: Exception-, test13(org.apache.commons.math.analysis.solvers.UnivariateRealSolverUtils_ESTest): Expecting exception: Exception-, test14(org.apache.commons.math.analysis.solvers.UnivariateRealSolverUtils_ESTest): Expecting exception: Exception-]|
 ----
ProgramVariant 2674
 
time(sec)= 6949
operation: RemoveOp
location= org.apache.commons.math.analysis.solvers.UnivariateRealSolverUtils
line= 199
lineSuspiciousness= 1
original statement= throw new org.apache.commons.math.ConvergenceException(("number of iterations={0}, maximum iterations={1}, " + ("initial={2}, lower bound={3}, upper bound={4}, final a value={5}, " + "final b value={6}, f(a)={7}, f(b)={8}")) , numIterations , maximumIterations , initial , lowerBound , upperBound , a , b , fa , fb)
fixed statement= 
generation= 1337
ingredientScope= -
validation=
failing: |true|0|13|[]|
manual_regression: |true|0|1983|[]|
evo_regression: |false|3|27|[test17(org.apache.commons.math.analysis.solvers.UnivariateRealSolverUtils_ESTest): Expecting exception: Exception-, test13(org.apache.commons.math.analysis.solvers.UnivariateRealSolverUtils_ESTest): Expecting exception: Exception-, test14(org.apache.commons.math.analysis.solvers.UnivariateRealSolverUtils_ESTest): Expecting exception: Exception-]|
[INFO ] fr.inria.main.evolution.AstorMain.run(AstorMain.java:397) - Time Total(s): 7389.948


Node: graphene-105.nancy.grid5000.fr


Date: Wed Jan 25 04:01:46 CET 2017

removed classes 

zipped 

copied zip 


