seed AstorRun 21 
export PATH="/home/mmartinez/defects4j/framework/bin:$PATH";export JAVA_TOOL_OPTIONS=-Dfile.encoding=UTF8;export PATH="/usr/lib/jvm/java-1.7.0-openjdk-amd64/bin/:$PATH";cd /home/mmartinez/projects/math/math_49;defects4j compile;cp -r /home/mmartinez/projects/math/math_49 /tmp/math_49_Genprog_local_s1;cd /tmp/math_49_Genprog_local_s1;mkdir lib/;cp -r /home/mmartinez/defects4j/framework/projects/lib/* lib/;cp -r /home/mmartinez/defects4j/framework/projects/Math/lib/* lib/;find . -type f -name "package-info.java" -delete;
/home/mmartinez/defects4j-repair/src/python/core/../../../results/2016-june/Math/seed/21/package/49/Genprog/result
cd /tmp/math_49_Genprog_local_s1;export JAVA_TOOL_OPTIONS=-Dfile.encoding=UTF8;TZ="America/New_York"; export TZexport PATH="/usr/lib/jvm/java-1.7.0-openjdk-amd64/bin/:$PATH";time /home/mmartinez/jdk1.8.0_45/bin//java -Xmx4096m -cp /home/mmartinez/defects4j-repair/src/python/core/../../..//libs/astor.jar fr.inria.main.evolution.MainjGenProg -mode statement -location . -id Math -dependencies lib/ -failing org.apache.commons.math.linear.SparseRealVectorTest: -package org.apache.commons -jvm4testexecution /usr/lib/jvm/java-1.7.0-openjdk-amd64/bin/ -jvm4evosuitetestexecution /home/mmartinez/jdk1.8.0_45/bin/ -javacompliancelevel 5 -maxgen 1000000 -seed 21 -scope package -maxtime 120  -stopfirst false -population 1 -srcjavafolder src/main/java/ -srctestfolder src/test/java/ -binjavafolder target/classes/ -bintestfolder target/test-classes/ -flthreshold 0.1  -validation  fr.inria.astor.core.validation.validators.RegressionValidation  -ESParameters -Dassertion_timeout=1800:-Dminimization_timeout=1800:-Djunit_check_timeout=1800:-Dwrite_junit_timeout=300:-Dinitialization_timeout=300:-Dglobal_timeout=18000:-Dsearch_budget=100000:-Dstopping_condition=MaxStatements:-Dno_runtime_dependency=true:-Dsandbox=false:-Dp_reflection_on_private=0.0:-Dreflection_start_percent=1.0:-Dp_functional_mocking=0.0:-Dfunctional_mocking_percent=1.0:-mem=2000 -ignoredtestcases org.apache.commons.lang.LocaleUtilsTest  -excludeRegression  -maxgen 100000000 ;echo "

Node: `hostname`
";echo "
Date: `date`
"; find /tmp/math_49_Genprog_local_s1/outputMutation -name "*.class" -type f -delete;echo "removed classes 
"; find . -name bin  -type d -print0|xargs -0 rm -r --; zip -r -q out.zip /tmp/math_49_Genprog_local_s1/outputMutation; echo "zipped 
";cp out.zip /home/mmartinez/defects4j-repair/src/python/core/../../../results/2016-june/Math/seed/21/package/49/Genprog; echo "copied zip 
";rm -rf /tmp/math_49_Genprog_local_s1;

[DEBUG] fr.inria.astor.core.loop.AstorCoreEngine.showResults(AstorCoreEngine.java:136) - End Repair Loops: Found solution
[DEBUG] fr.inria.astor.core.loop.AstorCoreEngine.showResults(AstorCoreEngine.java:137) - Solution stored at: /tmp/math_49_Genprog_local_s1/./outputMutation/AstorMain-Math//src/
[DEBUG] fr.inria.astor.core.loop.AstorCoreEngine.showResults(AstorCoreEngine.java:142) - 
Number solutions:7
[DEBUG] fr.inria.astor.core.loop.AstorCoreEngine.showResults(AstorCoreEngine.java:144) - f (sol): 10.0, [Variant id: 8 (SOL) , #gens: 55, #ops: 1, parent:7]
[DEBUG] fr.inria.astor.core.loop.AstorCoreEngine.showResults(AstorCoreEngine.java:144) - f (sol): 1.0, [Variant id: 362 (SOL) , #gens: 54, #ops: 1, parent:361]
[DEBUG] fr.inria.astor.core.loop.AstorCoreEngine.showResults(AstorCoreEngine.java:144) - f (sol): 1.0, [Variant id: 390 (SOL) , #gens: 54, #ops: 1, parent:389]
[DEBUG] fr.inria.astor.core.loop.AstorCoreEngine.showResults(AstorCoreEngine.java:144) - f (sol): 10.0, [Variant id: 440 (SOL) , #gens: 55, #ops: 1, parent:439]
[DEBUG] fr.inria.astor.core.loop.AstorCoreEngine.showResults(AstorCoreEngine.java:144) - f (sol): 1.0, [Variant id: 502 (SOL) , #gens: 54, #ops: 1, parent:501]
[DEBUG] fr.inria.astor.core.loop.AstorCoreEngine.showResults(AstorCoreEngine.java:144) - f (sol): 11.0, [Variant id: 786 (SOL) , #gens: 55, #ops: 1, parent:785]
[DEBUG] fr.inria.astor.core.loop.AstorCoreEngine.showResults(AstorCoreEngine.java:144) - f (sol): 1.0, [Variant id: 806 (SOL) , #gens: 56, #ops: 1, parent:805]
[DEBUG] fr.inria.astor.core.loop.AstorCoreEngine.showResults(AstorCoreEngine.java:146) - 
All variants:
[DEBUG] fr.inria.astor.core.loop.AstorCoreEngine.showResults(AstorCoreEngine.java:148) - f 1.0, [Variant id: 905, #gens: 55, #ops: 0, parent:-]
[INFO ] fr.inria.astor.core.loop.AstorCoreEngine.showResults(AstorCoreEngine.java:152) - 
Solution details
[INFO ] fr.inria.astor.core.loop.AstorCoreEngine.showResults(AstorCoreEngine.java:153) - 
 --SOLUTIONS DESCRIPTION--

 ----
ProgramVariant 8
 
time(sec)= 713
operation: ReplaceOp
location= org.apache.commons.math.util.OpenIntToDoubleHashMap
line= 399
lineSuspiciousness= 0.183
original statement= ++(count)
fixed statement= ++(size)
generation= 4
ingredientScope= LOCAL
validation=
failing: |true|0|9|[]|
manual_regression: |false|4|2899|[testPutKeysWithCollision2(org.apache.commons.math.util.OpenIntToDoubleHashMapTest): expected:<1> but was:<2>-, testPutKeysWithCollisions(org.apache.commons.math.util.OpenIntToDoubleHashMapTest): expected:<2> but was:<3>-, testRemove2(org.apache.commons.math.util.OpenIntToDoubleHashMapTest): expected:<2011> but was:<2012>-, testRemove(org.apache.commons.math.util.OpenIntToDoubleHashMapTest): expected:<2011> but was:<2012>-]|
evo_regression: |false|6|42|[test30(org.apache.commons.math.util.OpenIntToDoubleHashMap_ESTest): expected:<1> but was:<2>-, test28(org.apache.commons.math.util.OpenIntToDoubleHashMap_ESTest): expected:<1> but was:<2>-, test21(org.apache.commons.math.util.OpenIntToDoubleHashMap_ESTest): iterator exhausted-, test25(org.apache.commons.math.util.OpenIntToDoubleHashMap_ESTest): expected:<0> but was:<1>-, test24(org.apache.commons.math.util.OpenIntToDoubleHashMap_ESTest): expected:<1> but was:<2>-, test27(org.apache.commons.math.util.OpenIntToDoubleHashMap_ESTest): expected:<2> but was:<3>-]|
 ----
ProgramVariant 362
 
time(sec)= 3176
operation: RemoveOp
location= org.apache.commons.math.util.OpenIntToDoubleHashMap
line= 399
lineSuspiciousness= 0.183
original statement= ++(count)
fixed statement= 
generation= 181
ingredientScope= -
validation=
failing: |true|0|9|[]|
manual_regression: |true|0|2899|[]|
evo_regression: |false|1|42|[test21(org.apache.commons.math.util.OpenIntToDoubleHashMap_ESTest): iterator exhausted-]|
 ----
ProgramVariant 390
 
time(sec)= 3392
operation: RemoveOp
location= org.apache.commons.math.util.OpenIntToDoubleHashMap
line= 399
lineSuspiciousness= 0.183
original statement= ++(count)
fixed statement= 
generation= 195
ingredientScope= -
validation=
failing: |true|0|9|[]|
manual_regression: |true|0|2899|[]|
evo_regression: |false|1|42|[test21(org.apache.commons.math.util.OpenIntToDoubleHashMap_ESTest): iterator exhausted-]|
 ----
ProgramVariant 440
 
time(sec)= 3726
operation: ReplaceOp
location= org.apache.commons.math.util.OpenIntToDoubleHashMap
line= 399
lineSuspiciousness= 0.183
original statement= ++(count)
fixed statement= --(size)
generation= 220
ingredientScope= LOCAL
validation=
failing: |true|0|9|[]|
manual_regression: |false|4|2899|[testPutKeysWithCollision2(org.apache.commons.math.util.OpenIntToDoubleHashMapTest): expected:<1> but was:<0>-, testPutKeysWithCollisions(org.apache.commons.math.util.OpenIntToDoubleHashMapTest): expected:<2> but was:<1>-, testRemove2(org.apache.commons.math.util.OpenIntToDoubleHashMapTest): expected:<2011> but was:<2010>-, testRemove(org.apache.commons.math.util.OpenIntToDoubleHashMapTest): expected:<2011> but was:<2010>-]|
evo_regression: |false|6|42|[test30(org.apache.commons.math.util.OpenIntToDoubleHashMap_ESTest): expected:<1> but was:<0>-, test28(org.apache.commons.math.util.OpenIntToDoubleHashMap_ESTest): expected:<1> but was:<0>-, test21(org.apache.commons.math.util.OpenIntToDoubleHashMap_ESTest): iterator exhausted-, test25(org.apache.commons.math.util.OpenIntToDoubleHashMap_ESTest): expected:<0> but was:<-1>-, test24(org.apache.commons.math.util.OpenIntToDoubleHashMap_ESTest): expected:<1> but was:<0>-, test27(org.apache.commons.math.util.OpenIntToDoubleHashMap_ESTest): expected:<2> but was:<1>-]|
 ----
ProgramVariant 502
 
time(sec)= 4194
operation: RemoveOp
location= org.apache.commons.math.util.OpenIntToDoubleHashMap
line= 399
lineSuspiciousness= 0.183
original statement= ++(count)
fixed statement= 
generation= 251
ingredientScope= -
validation=
failing: |true|0|9|[]|
manual_regression: |true|0|2899|[]|
evo_regression: |false|1|42|[test21(org.apache.commons.math.util.OpenIntToDoubleHashMap_ESTest): iterator exhausted-]|
 ----
ProgramVariant 786
 
time(sec)= 6345
operation: ReplaceOp
location= org.apache.commons.math.linear.OpenMapRealVector
line= 667
lineSuspiciousness= 0.408
original statement= entries.remove(index)
fixed statement= entries.put(index, value)
generation= 393
ingredientScope= LOCAL
validation=
failing: |true|0|9|[]|
manual_regression: |true|0|2899|[]|
evo_regression: |false|11|185|[test091(org.apache.commons.math.linear.OpenMapRealVector_ESTest): Expecting exception: ConcurrentModificationException-, test004(org.apache.commons.math.linear.OpenMapRealVector_ESTest): expected:<0.0> but was:<0.125>-, test082(org.apache.commons.math.linear.OpenMapRealVector_ESTest): Expecting exception: ConcurrentModificationException-, test085(org.apache.commons.math.linear.OpenMapRealVector_ESTest): Expecting exception: ConcurrentModificationException-, test088(org.apache.commons.math.linear.OpenMapRealVector_ESTest): Expecting exception: ConcurrentModificationException-, test115(org.apache.commons.math.linear.OpenMapRealVector_ESTest): expected:<0.0> but was:<0.2>-, test150(org.apache.commons.math.linear.OpenMapRealVector_ESTest): expected:<0.0> but was:<0.125>-, test153(org.apache.commons.math.linear.OpenMapRealVector_ESTest): expected:<0.0> but was:<0.125>-, test152(org.apache.commons.math.linear.OpenMapRealVector_ESTest): expected:<0.0> but was:<0.125>-, test167(org.apache.commons.math.linear.OpenMapRealVector_ESTest): expected:<0.0> but was:<0.125>-, test162(org.apache.commons.math.linear.OpenMapRealVector_ESTest): expected:<0.0> but was:<0.2>-, ...and 1 failures more]|
 ----
ProgramVariant 806
 
time(sec)= 6602
operation: InsertBeforeOp
location= org.apache.commons.math.util.OpenIntToDoubleHashMap
line= 394
lineSuspiciousness= 0.183
original statement= keys[index] = 0
fixed statement= int count = 1
generation= 403
ingredientScope= PACKAGE
validation=
failing: |true|0|9|[]|
manual_regression: |true|0|2899|[]|
evo_regression: |false|1|42|[test21(org.apache.commons.math.util.OpenIntToDoubleHashMap_ESTest): iterator exhausted-]|
[INFO ] fr.inria.main.evolution.AstorMain.run(AstorMain.java:397) - Time Total(s): 7924.482


Node: griffon-18.nancy.grid5000.fr


Date: Sun Jan 22 19:59:28 CET 2017

removed classes 

zipped 

copied zip 


