seed AstorRun 4 
export PATH="/home/mmartinez/defects4j/framework/bin:$PATH";export JAVA_TOOL_OPTIONS=-Dfile.encoding=UTF8;export PATH="/usr/lib/jvm/java-1.7.0-openjdk-amd64/bin/:$PATH";cd /home/mmartinez/projects/chart/chart_21;defects4j compile;cp -r /home/mmartinez/projects/chart/chart_21 /tmp/chart_21_Genprog_local_s1;cd /tmp/chart_21_Genprog_local_s1;mkdir lib/;cp -r /home/mmartinez/defects4j/framework/projects/lib/* lib/;cp -r /home/mmartinez/defects4j/framework/projects/Chart/lib/* lib/;find . -type f -name "package-info.java" -delete;
/home/mmartinez/defects4j-repair/src/python/core/../../../results/2016-june/Chart/seed/4/package/21/Genprog/result
cd /tmp/chart_21_Genprog_local_s1;export JAVA_TOOL_OPTIONS=-Dfile.encoding=UTF8;TZ="America/New_York"; export TZexport PATH="/usr/lib/jvm/java-1.7.0-openjdk-amd64/bin/:$PATH";time /home/mmartinez/jdk1.8.0_45/bin//java -Xmx4096m -cp /home/mmartinez/defects4j-repair/src/python/core/../../..//libs/astor.jar fr.inria.main.evolution.MainjGenProg -mode statement -location . -id Chart -dependencies lib/ -failing org.jfree.data.statistics.junit.DefaultBoxAndWhiskerCategoryDatasetTests: -package org.jfree -jvm4testexecution /usr/lib/jvm/java-1.7.0-openjdk-amd64/bin/ -jvm4evosuitetestexecution /home/mmartinez/jdk1.8.0_45/bin/ -javacompliancelevel 4 -maxgen 1000000 -seed 4 -scope package -maxtime 120  -stopfirst false -population 1 -srcjavafolder source/ -srctestfolder tests/ -binjavafolder build/ -bintestfolder build-tests/ -flthreshold 0.1  -validation  fr.inria.astor.core.validation.validators.RegressionValidation  -ESParameters -Dassertion_timeout=1800:-Dminimization_timeout=1800:-Djunit_check_timeout=1800:-Dwrite_junit_timeout=300:-Dinitialization_timeout=300:-Dglobal_timeout=18000:-Dsearch_budget=100000:-Dstopping_condition=MaxStatements:-Dno_runtime_dependency=true:-Dsandbox=false:-Dp_reflection_on_private=0.0:-Dreflection_start_percent=1.0:-Dp_functional_mocking=0.0:-Dfunctional_mocking_percent=1.0:-mem=2000 -ignoredtestcases org.apache.commons.lang.LocaleUtilsTest  -excludeRegression  -maxgen 100000000 ;echo "

Node: `hostname`
";echo "
Date: `date`
"; find /tmp/chart_21_Genprog_local_s1/outputMutation -name "*.class" -type f -delete;echo "removed classes 
"; find . -name bin  -type d -print0|xargs -0 rm -r --; zip -r -q out.zip /tmp/chart_21_Genprog_local_s1/outputMutation; echo "zipped 
";cp out.zip /home/mmartinez/defects4j-repair/src/python/core/../../../results/2016-june/Chart/seed/4/package/21/Genprog; echo "copied zip 
";rm -rf /tmp/chart_21_Genprog_local_s1;

[DEBUG] fr.inria.astor.core.loop.AstorCoreEngine.showResults(AstorCoreEngine.java:136) - End Repair Loops: Found solution
[DEBUG] fr.inria.astor.core.loop.AstorCoreEngine.showResults(AstorCoreEngine.java:137) - Solution stored at: /tmp/chart_21_Genprog_local_s1/./outputMutation/AstorMain-Chart//src/
[DEBUG] fr.inria.astor.core.loop.AstorCoreEngine.showResults(AstorCoreEngine.java:142) - 
Number solutions:28
[DEBUG] fr.inria.astor.core.loop.AstorCoreEngine.showResults(AstorCoreEngine.java:144) - f (sol): 4.0, [Variant id: 106 (SOL) , #gens: 68, #ops: 1, parent:105]
[DEBUG] fr.inria.astor.core.loop.AstorCoreEngine.showResults(AstorCoreEngine.java:144) - f (sol): 4.0, [Variant id: 526 (SOL) , #gens: 68, #ops: 1, parent:525]
[DEBUG] fr.inria.astor.core.loop.AstorCoreEngine.showResults(AstorCoreEngine.java:144) - f (sol): 4.0, [Variant id: 1022 (SOL) , #gens: 68, #ops: 1, parent:1021]
[DEBUG] fr.inria.astor.core.loop.AstorCoreEngine.showResults(AstorCoreEngine.java:144) - f (sol): 4.0, [Variant id: 1608 (SOL) , #gens: 68, #ops: 1, parent:1607]
[DEBUG] fr.inria.astor.core.loop.AstorCoreEngine.showResults(AstorCoreEngine.java:144) - f (sol): 4.0, [Variant id: 1612 (SOL) , #gens: 68, #ops: 1, parent:1611]
[DEBUG] fr.inria.astor.core.loop.AstorCoreEngine.showResults(AstorCoreEngine.java:144) - f (sol): 10.0, [Variant id: 1714 (SOL) , #gens: 69, #ops: 1, parent:1713]
[DEBUG] fr.inria.astor.core.loop.AstorCoreEngine.showResults(AstorCoreEngine.java:144) - f (sol): 4.0, [Variant id: 1844 (SOL) , #gens: 69, #ops: 1, parent:1843]
[DEBUG] fr.inria.astor.core.loop.AstorCoreEngine.showResults(AstorCoreEngine.java:144) - f (sol): 4.0, [Variant id: 2092 (SOL) , #gens: 68, #ops: 1, parent:2091]
[DEBUG] fr.inria.astor.core.loop.AstorCoreEngine.showResults(AstorCoreEngine.java:144) - f (sol): 4.0, [Variant id: 2190 (SOL) , #gens: 68, #ops: 1, parent:2189]
[DEBUG] fr.inria.astor.core.loop.AstorCoreEngine.showResults(AstorCoreEngine.java:144) - f (sol): 4.0, [Variant id: 2482 (SOL) , #gens: 68, #ops: 1, parent:2481]
[DEBUG] fr.inria.astor.core.loop.AstorCoreEngine.showResults(AstorCoreEngine.java:144) - f (sol): 4.0, [Variant id: 2518 (SOL) , #gens: 68, #ops: 1, parent:2517]
[DEBUG] fr.inria.astor.core.loop.AstorCoreEngine.showResults(AstorCoreEngine.java:144) - f (sol): 4.0, [Variant id: 2580 (SOL) , #gens: 68, #ops: 1, parent:2579]
[DEBUG] fr.inria.astor.core.loop.AstorCoreEngine.showResults(AstorCoreEngine.java:144) - f (sol): 4.0, [Variant id: 2784 (SOL) , #gens: 68, #ops: 1, parent:2783]
[DEBUG] fr.inria.astor.core.loop.AstorCoreEngine.showResults(AstorCoreEngine.java:144) - f (sol): 4.0, [Variant id: 3514 (SOL) , #gens: 68, #ops: 1, parent:3513]
[DEBUG] fr.inria.astor.core.loop.AstorCoreEngine.showResults(AstorCoreEngine.java:144) - f (sol): 4.0, [Variant id: 3758 (SOL) , #gens: 68, #ops: 1, parent:3757]
[DEBUG] fr.inria.astor.core.loop.AstorCoreEngine.showResults(AstorCoreEngine.java:144) - f (sol): 4.0, [Variant id: 4376 (SOL) , #gens: 68, #ops: 1, parent:4375]
[DEBUG] fr.inria.astor.core.loop.AstorCoreEngine.showResults(AstorCoreEngine.java:144) - f (sol): 4.0, [Variant id: 4530 (SOL) , #gens: 68, #ops: 1, parent:4529]
[DEBUG] fr.inria.astor.core.loop.AstorCoreEngine.showResults(AstorCoreEngine.java:144) - f (sol): 4.0, [Variant id: 4622 (SOL) , #gens: 68, #ops: 1, parent:4621]
[DEBUG] fr.inria.astor.core.loop.AstorCoreEngine.showResults(AstorCoreEngine.java:144) - f (sol): 4.0, [Variant id: 4882 (SOL) , #gens: 68, #ops: 1, parent:4881]
[DEBUG] fr.inria.astor.core.loop.AstorCoreEngine.showResults(AstorCoreEngine.java:144) - f (sol): 4.0, [Variant id: 5002 (SOL) , #gens: 68, #ops: 1, parent:5001]
[DEBUG] fr.inria.astor.core.loop.AstorCoreEngine.showResults(AstorCoreEngine.java:144) - f (sol): 4.0, [Variant id: 5250 (SOL) , #gens: 68, #ops: 1, parent:5249]
[DEBUG] fr.inria.astor.core.loop.AstorCoreEngine.showResults(AstorCoreEngine.java:144) - f (sol): 4.0, [Variant id: 5806 (SOL) , #gens: 68, #ops: 1, parent:5805]
[DEBUG] fr.inria.astor.core.loop.AstorCoreEngine.showResults(AstorCoreEngine.java:144) - f (sol): 4.0, [Variant id: 5876 (SOL) , #gens: 68, #ops: 1, parent:5875]
[DEBUG] fr.inria.astor.core.loop.AstorCoreEngine.showResults(AstorCoreEngine.java:144) - f (sol): 4.0, [Variant id: 6016 (SOL) , #gens: 69, #ops: 1, parent:6015]
[DEBUG] fr.inria.astor.core.loop.AstorCoreEngine.showResults(AstorCoreEngine.java:144) - f (sol): 4.0, [Variant id: 6070 (SOL) , #gens: 68, #ops: 1, parent:6069]
[DEBUG] fr.inria.astor.core.loop.AstorCoreEngine.showResults(AstorCoreEngine.java:144) - f (sol): 4.0, [Variant id: 6072 (SOL) , #gens: 68, #ops: 1, parent:6071]
[DEBUG] fr.inria.astor.core.loop.AstorCoreEngine.showResults(AstorCoreEngine.java:144) - f (sol): 4.0, [Variant id: 6080 (SOL) , #gens: 68, #ops: 1, parent:6079]
[DEBUG] fr.inria.astor.core.loop.AstorCoreEngine.showResults(AstorCoreEngine.java:144) - f (sol): 4.0, [Variant id: 6574 (SOL) , #gens: 68, #ops: 1, parent:6573]
[DEBUG] fr.inria.astor.core.loop.AstorCoreEngine.showResults(AstorCoreEngine.java:146) - 
All variants:
[DEBUG] fr.inria.astor.core.loop.AstorCoreEngine.showResults(AstorCoreEngine.java:148) - f 1.0, [Variant id: 6783, #gens: 69, #ops: 0, parent:-]
[INFO ] fr.inria.astor.core.loop.AstorCoreEngine.showResults(AstorCoreEngine.java:152) - 
Solution details
[INFO ] fr.inria.astor.core.loop.AstorCoreEngine.showResults(AstorCoreEngine.java:153) - 
 --SOLUTIONS DESCRIPTION--

 ----
ProgramVariant 106
 
time(sec)= 234
operation: RemoveOp
location= org.jfree.data.Range
line= 335
lineSuspiciousness= 0.408
original statement= return false
fixed statement= 
generation= 53
ingredientScope= -
validation=
failing: |true|0|8|[]|
manual_regression: |false|4|3303|[testEquals(org.jfree.data.junit.RangeTests): null-, testEquals(org.jfree.data.junit.RangeTests): null-, testEquals(org.jfree.data.time.junit.DateRangeTests): null-, testEquals(org.jfree.data.time.junit.DateRangeTests): null-]|
evo_regression: |true|0|54|[]|
 ----
ProgramVariant 526
 
time(sec)= 582
operation: RemoveOp
location= org.jfree.data.Range
line= 335
lineSuspiciousness= 0.408
original statement= return false
fixed statement= 
generation= 263
ingredientScope= -
validation=
failing: |true|0|8|[]|
manual_regression: |false|4|3303|[testEquals(org.jfree.data.junit.RangeTests): null-, testEquals(org.jfree.data.junit.RangeTests): null-, testEquals(org.jfree.data.time.junit.DateRangeTests): null-, testEquals(org.jfree.data.time.junit.DateRangeTests): null-]|
evo_regression: |true|0|54|[]|
 ----
ProgramVariant 1022
 
time(sec)= 1147
operation: RemoveOp
location= org.jfree.data.Range
line= 335
lineSuspiciousness= 0.408
original statement= return false
fixed statement= 
generation= 511
ingredientScope= -
validation=
failing: |true|0|8|[]|
manual_regression: |false|4|3303|[testEquals(org.jfree.data.junit.RangeTests): null-, testEquals(org.jfree.data.junit.RangeTests): null-, testEquals(org.jfree.data.time.junit.DateRangeTests): null-, testEquals(org.jfree.data.time.junit.DateRangeTests): null-]|
evo_regression: |true|0|54|[]|
 ----
ProgramVariant 1608
 
time(sec)= 1758
operation: RemoveOp
location= org.jfree.data.Range
line= 334
lineSuspiciousness= 0.109
original statement= if (!((org.jfree.data.Range.this.lower) == (range.lower))) {
	return false;
} 
fixed statement= 
generation= 804
ingredientScope= -
validation=
failing: |true|0|8|[]|
manual_regression: |false|4|3303|[testEquals(org.jfree.data.junit.RangeTests): null-, testEquals(org.jfree.data.junit.RangeTests): null-, testEquals(org.jfree.data.time.junit.DateRangeTests): null-, testEquals(org.jfree.data.time.junit.DateRangeTests): null-]|
evo_regression: |true|0|54|[]|
 ----
ProgramVariant 1612
 
time(sec)= 1831
operation: RemoveOp
location= org.jfree.data.Range
line= 334
lineSuspiciousness= 0.109
original statement= if (!((org.jfree.data.Range.this.lower) == (range.lower))) {
	return false;
} 
fixed statement= 
generation= 806
ingredientScope= -
validation=
failing: |true|0|8|[]|
manual_regression: |false|4|3303|[testEquals(org.jfree.data.junit.RangeTests): null-, testEquals(org.jfree.data.junit.RangeTests): null-, testEquals(org.jfree.data.time.junit.DateRangeTests): null-, testEquals(org.jfree.data.time.junit.DateRangeTests): null-]|
evo_regression: |true|0|54|[]|
 ----
ProgramVariant 1714
 
time(sec)= 1958
operation: ReplaceOp
location= org.jfree.data.Range
line= 335
lineSuspiciousness= 0.408
original statement= return false
fixed statement= return true
generation= 857
ingredientScope= PACKAGE
validation=
failing: |true|0|8|[]|
manual_regression: |false|8|3303|[testEquals(org.jfree.chart.axis.junit.ValueAxisTests): null-, testEquals(org.jfree.chart.axis.junit.ValueAxisTests): null-, testEquals(org.jfree.chart.plot.junit.MeterPlotTests): null-, testEquals(org.jfree.chart.plot.junit.MeterPlotTests): null-, testEquals(org.jfree.data.junit.RangeTests): null-, testEquals(org.jfree.data.junit.RangeTests): null-, testEquals(org.jfree.data.time.junit.DateRangeTests): null-, testEquals(org.jfree.data.time.junit.DateRangeTests): null-]|
evo_regression: |false|2|54|[test02(org.jfree.data.Range_ESTest): null-, test35(org.jfree.data.Range_ESTest): null-]|
 ----
ProgramVariant 1844
 
time(sec)= 2105
operation: ReplaceOp
location= org.jfree.data.Range
line= 334
lineSuspiciousness= 0.109
original statement= if (!((org.jfree.data.Range.this.lower) == (range.lower))) {
	return false;
} 
fixed statement= if (lower > upper) {
	java.lang.String msg = ((("Range(double, double): require lower (" + lower) + ") <= upper (") + upper) + ").";
	throw new java.lang.IllegalArgumentException(msg);
} 
generation= 922
ingredientScope= LOCAL
validation=
failing: |true|0|8|[]|
manual_regression: |false|4|3303|[testEquals(org.jfree.data.junit.RangeTests): null-, testEquals(org.jfree.data.junit.RangeTests): null-, testEquals(org.jfree.data.time.junit.DateRangeTests): null-, testEquals(org.jfree.data.time.junit.DateRangeTests): null-]|
evo_regression: |true|0|54|[]|
 ----
ProgramVariant 2092
 
time(sec)= 2342
operation: RemoveOp
location= org.jfree.data.Range
line= 335
lineSuspiciousness= 0.408
original statement= return false
fixed statement= 
generation= 1046
ingredientScope= -
validation=
failing: |true|0|8|[]|
manual_regression: |false|4|3303|[testEquals(org.jfree.data.junit.RangeTests): null-, testEquals(org.jfree.data.junit.RangeTests): null-, testEquals(org.jfree.data.time.junit.DateRangeTests): null-, testEquals(org.jfree.data.time.junit.DateRangeTests): null-]|
evo_regression: |true|0|54|[]|
 ----
ProgramVariant 2190
 
time(sec)= 2518
operation: RemoveOp
location= org.jfree.data.Range
line= 335
lineSuspiciousness= 0.408
original statement= return false
fixed statement= 
generation= 1095
ingredientScope= -
validation=
failing: |true|0|8|[]|
manual_regression: |false|4|3303|[testEquals(org.jfree.data.junit.RangeTests): null-, testEquals(org.jfree.data.junit.RangeTests): null-, testEquals(org.jfree.data.time.junit.DateRangeTests): null-, testEquals(org.jfree.data.time.junit.DateRangeTests): null-]|
evo_regression: |true|0|54|[]|
 ----
ProgramVariant 2482
 
time(sec)= 2840
operation: RemoveOp
location= org.jfree.data.Range
line= 335
lineSuspiciousness= 0.408
original statement= return false
fixed statement= 
generation= 1241
ingredientScope= -
validation=
failing: |true|0|8|[]|
manual_regression: |false|4|3303|[testEquals(org.jfree.data.junit.RangeTests): null-, testEquals(org.jfree.data.junit.RangeTests): null-, testEquals(org.jfree.data.time.junit.DateRangeTests): null-, testEquals(org.jfree.data.time.junit.DateRangeTests): null-]|
evo_regression: |true|0|54|[]|
 ----
ProgramVariant 2518
 
time(sec)= 2936
operation: RemoveOp
location= org.jfree.data.Range
line= 335
lineSuspiciousness= 0.408
original statement= return false
fixed statement= 
generation= 1259
ingredientScope= -
validation=
failing: |true|0|8|[]|
manual_regression: |false|4|3303|[testEquals(org.jfree.data.junit.RangeTests): null-, testEquals(org.jfree.data.junit.RangeTests): null-, testEquals(org.jfree.data.time.junit.DateRangeTests): null-, testEquals(org.jfree.data.time.junit.DateRangeTests): null-]|
evo_regression: |true|0|54|[]|
 ----
ProgramVariant 2580
 
time(sec)= 3071
operation: RemoveOp
location= org.jfree.data.Range
line= 335
lineSuspiciousness= 0.408
original statement= return false
fixed statement= 
generation= 1290
ingredientScope= -
validation=
failing: |true|0|8|[]|
manual_regression: |false|4|3303|[testEquals(org.jfree.data.junit.RangeTests): null-, testEquals(org.jfree.data.junit.RangeTests): null-, testEquals(org.jfree.data.time.junit.DateRangeTests): null-, testEquals(org.jfree.data.time.junit.DateRangeTests): null-]|
evo_regression: |true|0|54|[]|
 ----
ProgramVariant 2784
 
time(sec)= 3278
operation: RemoveOp
location= org.jfree.data.Range
line= 335
lineSuspiciousness= 0.408
original statement= return false
fixed statement= 
generation= 1392
ingredientScope= -
validation=
failing: |true|0|8|[]|
manual_regression: |false|4|3303|[testEquals(org.jfree.data.junit.RangeTests): null-, testEquals(org.jfree.data.junit.RangeTests): null-, testEquals(org.jfree.data.time.junit.DateRangeTests): null-, testEquals(org.jfree.data.time.junit.DateRangeTests): null-]|
evo_regression: |true|0|54|[]|
 ----
ProgramVariant 3514
 
time(sec)= 3939
operation: RemoveOp
location= org.jfree.data.Range
line= 335
lineSuspiciousness= 0.408
original statement= return false
fixed statement= 
generation= 1757
ingredientScope= -
validation=
failing: |true|0|8|[]|
manual_regression: |false|4|3303|[testEquals(org.jfree.data.junit.RangeTests): null-, testEquals(org.jfree.data.junit.RangeTests): null-, testEquals(org.jfree.data.time.junit.DateRangeTests): null-, testEquals(org.jfree.data.time.junit.DateRangeTests): null-]|
evo_regression: |true|0|54|[]|
 ----
ProgramVariant 3758
 
time(sec)= 4156
operation: RemoveOp
location= org.jfree.data.Range
line= 335
lineSuspiciousness= 0.408
original statement= return false
fixed statement= 
generation= 1879
ingredientScope= -
validation=
failing: |true|0|8|[]|
manual_regression: |false|4|3303|[testEquals(org.jfree.data.junit.RangeTests): null-, testEquals(org.jfree.data.junit.RangeTests): null-, testEquals(org.jfree.data.time.junit.DateRangeTests): null-, testEquals(org.jfree.data.time.junit.DateRangeTests): null-]|
evo_regression: |true|0|54|[]|
 ----
ProgramVariant 4376
 
time(sec)= 4718
operation: RemoveOp
location= org.jfree.data.Range
line= 335
lineSuspiciousness= 0.408
original statement= return false
fixed statement= 
generation= 2188
ingredientScope= -
validation=
failing: |true|0|8|[]|
manual_regression: |false|4|3303|[testEquals(org.jfree.data.junit.RangeTests): null-, testEquals(org.jfree.data.junit.RangeTests): null-, testEquals(org.jfree.data.time.junit.DateRangeTests): null-, testEquals(org.jfree.data.time.junit.DateRangeTests): null-]|
evo_regression: |true|0|54|[]|
 ----
ProgramVariant 4530
 
time(sec)= 4881
operation: RemoveOp
location= org.jfree.data.Range
line= 335
lineSuspiciousness= 0.408
original statement= return false
fixed statement= 
generation= 2265
ingredientScope= -
validation=
failing: |true|0|8|[]|
manual_regression: |false|4|3303|[testEquals(org.jfree.data.junit.RangeTests): null-, testEquals(org.jfree.data.junit.RangeTests): null-, testEquals(org.jfree.data.time.junit.DateRangeTests): null-, testEquals(org.jfree.data.time.junit.DateRangeTests): null-]|
evo_regression: |true|0|54|[]|
 ----
ProgramVariant 4622
 
time(sec)= 5047
operation: RemoveOp
location= org.jfree.data.Range
line= 335
lineSuspiciousness= 0.408
original statement= return false
fixed statement= 
generation= 2311
ingredientScope= -
validation=
failing: |true|0|8|[]|
manual_regression: |false|4|3303|[testEquals(org.jfree.data.junit.RangeTests): null-, testEquals(org.jfree.data.junit.RangeTests): null-, testEquals(org.jfree.data.time.junit.DateRangeTests): null-, testEquals(org.jfree.data.time.junit.DateRangeTests): null-]|
evo_regression: |true|0|54|[]|
 ----
ProgramVariant 4882
 
time(sec)= 5356
operation: RemoveOp
location= org.jfree.data.Range
line= 334
lineSuspiciousness= 0.109
original statement= if (!((org.jfree.data.Range.this.lower) == (range.lower))) {
	return false;
} 
fixed statement= 
generation= 2441
ingredientScope= -
validation=
failing: |true|0|8|[]|
manual_regression: |false|4|3303|[testEquals(org.jfree.data.junit.RangeTests): null-, testEquals(org.jfree.data.junit.RangeTests): null-, testEquals(org.jfree.data.time.junit.DateRangeTests): null-, testEquals(org.jfree.data.time.junit.DateRangeTests): null-]|
evo_regression: |true|0|54|[]|
 ----
ProgramVariant 5002
 
time(sec)= 5536
operation: RemoveOp
location= org.jfree.data.Range
line= 335
lineSuspiciousness= 0.408
original statement= return false
fixed statement= 
generation= 2501
ingredientScope= -
validation=
failing: |true|0|8|[]|
manual_regression: |false|4|3303|[testEquals(org.jfree.data.junit.RangeTests): null-, testEquals(org.jfree.data.junit.RangeTests): null-, testEquals(org.jfree.data.time.junit.DateRangeTests): null-, testEquals(org.jfree.data.time.junit.DateRangeTests): null-]|
evo_regression: |true|0|54|[]|
 ----
ProgramVariant 5250
 
time(sec)= 5752
operation: RemoveOp
location= org.jfree.data.Range
line= 335
lineSuspiciousness= 0.408
original statement= return false
fixed statement= 
generation= 2625
ingredientScope= -
validation=
failing: |true|0|8|[]|
manual_regression: |false|4|3303|[testEquals(org.jfree.data.junit.RangeTests): null-, testEquals(org.jfree.data.junit.RangeTests): null-, testEquals(org.jfree.data.time.junit.DateRangeTests): null-, testEquals(org.jfree.data.time.junit.DateRangeTests): null-]|
evo_regression: |true|0|54|[]|
 ----
ProgramVariant 5806
 
time(sec)= 6168
operation: RemoveOp
location= org.jfree.data.Range
line= 335
lineSuspiciousness= 0.408
original statement= return false
fixed statement= 
generation= 2903
ingredientScope= -
validation=
failing: |true|0|8|[]|
manual_regression: |false|4|3303|[testEquals(org.jfree.data.junit.RangeTests): null-, testEquals(org.jfree.data.junit.RangeTests): null-, testEquals(org.jfree.data.time.junit.DateRangeTests): null-, testEquals(org.jfree.data.time.junit.DateRangeTests): null-]|
evo_regression: |true|0|54|[]|
 ----
ProgramVariant 5876
 
time(sec)= 6293
operation: RemoveOp
location= org.jfree.data.Range
line= 334
lineSuspiciousness= 0.109
original statement= if (!((org.jfree.data.Range.this.lower) == (range.lower))) {
	return false;
} 
fixed statement= 
generation= 2938
ingredientScope= -
validation=
failing: |true|0|8|[]|
manual_regression: |false|4|3303|[testEquals(org.jfree.data.junit.RangeTests): null-, testEquals(org.jfree.data.junit.RangeTests): null-, testEquals(org.jfree.data.time.junit.DateRangeTests): null-, testEquals(org.jfree.data.time.junit.DateRangeTests): null-]|
evo_regression: |true|0|54|[]|
 ----
ProgramVariant 6016
 
time(sec)= 6448
operation: ReplaceOp
location= org.jfree.data.Range
line= 334
lineSuspiciousness= 0.109
original statement= if (!((org.jfree.data.Range.this.lower) == (range.lower))) {
	return false;
} 
fixed statement= if (!(obj instanceof org.jfree.data.Range)) {
	return false;
} 
generation= 3008
ingredientScope= LOCAL
validation=
failing: |true|0|8|[]|
manual_regression: |false|4|3303|[testEquals(org.jfree.data.junit.RangeTests): null-, testEquals(org.jfree.data.junit.RangeTests): null-, testEquals(org.jfree.data.time.junit.DateRangeTests): null-, testEquals(org.jfree.data.time.junit.DateRangeTests): null-]|
evo_regression: |true|0|54|[]|
 ----
ProgramVariant 6070
 
time(sec)= 6553
operation: RemoveOp
location= org.jfree.data.Range
line= 334
lineSuspiciousness= 0.109
original statement= if (!((org.jfree.data.Range.this.lower) == (range.lower))) {
	return false;
} 
fixed statement= 
generation= 3035
ingredientScope= -
validation=
failing: |true|0|8|[]|
manual_regression: |false|4|3303|[testEquals(org.jfree.data.junit.RangeTests): null-, testEquals(org.jfree.data.junit.RangeTests): null-, testEquals(org.jfree.data.time.junit.DateRangeTests): null-, testEquals(org.jfree.data.time.junit.DateRangeTests): null-]|
evo_regression: |true|0|54|[]|
 ----
ProgramVariant 6072
 
time(sec)= 6625
operation: RemoveOp
location= org.jfree.data.Range
line= 335
lineSuspiciousness= 0.408
original statement= return false
fixed statement= 
generation= 3036
ingredientScope= -
validation=
failing: |true|0|8|[]|
manual_regression: |false|4|3303|[testEquals(org.jfree.data.junit.RangeTests): null-, testEquals(org.jfree.data.junit.RangeTests): null-, testEquals(org.jfree.data.time.junit.DateRangeTests): null-, testEquals(org.jfree.data.time.junit.DateRangeTests): null-]|
evo_regression: |true|0|54|[]|
 ----
ProgramVariant 6080
 
time(sec)= 6698
operation: RemoveOp
location= org.jfree.data.Range
line= 335
lineSuspiciousness= 0.408
original statement= return false
fixed statement= 
generation= 3040
ingredientScope= -
validation=
failing: |true|0|8|[]|
manual_regression: |false|4|3303|[testEquals(org.jfree.data.junit.RangeTests): null-, testEquals(org.jfree.data.junit.RangeTests): null-, testEquals(org.jfree.data.time.junit.DateRangeTests): null-, testEquals(org.jfree.data.time.junit.DateRangeTests): null-]|
evo_regression: |true|0|54|[]|
 ----
ProgramVariant 6574
 
time(sec)= 7124
operation: RemoveOp
location= org.jfree.data.Range
line= 334
lineSuspiciousness= 0.109
original statement= if (!((org.jfree.data.Range.this.lower) == (range.lower))) {
	return false;
} 
fixed statement= 
generation= 3287
ingredientScope= -
validation=
failing: |true|0|8|[]|
manual_regression: |false|4|3303|[testEquals(org.jfree.data.junit.RangeTests): null-, testEquals(org.jfree.data.junit.RangeTests): null-, testEquals(org.jfree.data.time.junit.DateRangeTests): null-, testEquals(org.jfree.data.time.junit.DateRangeTests): null-]|
evo_regression: |true|0|54|[]|
[INFO ] fr.inria.main.evolution.AstorMain.run(AstorMain.java:397) - Time Total(s): 7307.944


Node: graphene-108.nancy.grid5000.fr


Date: Thu Jan 12 01:43:48 CET 2017

removed classes 

zipped 

copied zip 


