seed AstorRun 3 
export PATH="/home/mmartinez/defects4j/framework/bin:$PATH";export JAVA_TOOL_OPTIONS=-Dfile.encoding=UTF8;export PATH="/usr/lib/jvm/java-1.7.0-openjdk-amd64/bin/:$PATH";cd /home/mmartinez/projects/math/math_81;defects4j compile;cp -r /home/mmartinez/projects/math/math_81 /tmp/math_81_Genprog_local_s1;cd /tmp/math_81_Genprog_local_s1;mkdir lib/;cp -r /home/mmartinez/defects4j/framework/projects/lib/* lib/;cp -r /home/mmartinez/defects4j/framework/projects/Math/lib/* lib/;find . -type f -name "package-info.java" -delete;
/home/mmartinez/defects4j-repair/src/python/core/../../../results/2016-june/Math/seed/3/package/81/Genprog/result
cd /tmp/math_81_Genprog_local_s1;export JAVA_TOOL_OPTIONS=-Dfile.encoding=UTF8;TZ="America/New_York"; export TZexport PATH="/usr/lib/jvm/java-1.7.0-openjdk-amd64/bin/:$PATH";time /home/mmartinez/jdk1.8.0_45/bin//java -Xmx4096m -cp /home/mmartinez/defects4j-repair/src/python/core/../../..//libs/astor.jar fr.inria.main.evolution.MainjGenProg -mode statement -location . -id Math -dependencies lib/ -failing org.apache.commons.math.linear.EigenDecompositionImplTest: -package org.apache.commons -jvm4testexecution /usr/lib/jvm/java-1.7.0-openjdk-amd64/bin/ -jvm4evosuitetestexecution /home/mmartinez/jdk1.8.0_45/bin/ -javacompliancelevel 5 -maxgen 1000000 -seed 3 -scope package -maxtime 120  -stopfirst false -population 1 -srcjavafolder src/main/java/ -srctestfolder src/test/java/ -binjavafolder target/classes/ -bintestfolder target/test-classes/ -flthreshold 0.1  -validation  fr.inria.astor.core.validation.validators.RegressionValidation  -ESParameters -Dassertion_timeout=1800:-Dminimization_timeout=1800:-Djunit_check_timeout=1800:-Dwrite_junit_timeout=300:-Dinitialization_timeout=300:-Dglobal_timeout=18000:-Dsearch_budget=100000:-Dstopping_condition=MaxStatements:-Dno_runtime_dependency=true:-Dsandbox=false:-Dp_reflection_on_private=0.0:-Dreflection_start_percent=1.0:-Dp_functional_mocking=0.0:-Dfunctional_mocking_percent=1.0:-mem=2000 -ignoredtestcases org.apache.commons.lang.LocaleUtilsTest  -excludeRegression  -maxgen 100000000 ;echo "

Node: `hostname`
";echo "
Date: `date`
"; find /tmp/math_81_Genprog_local_s1/outputMutation -name "*.class" -type f -delete;echo "removed classes 
"; find . -name bin  -type d -print0|xargs -0 rm -r --; zip -r -q out.zip /tmp/math_81_Genprog_local_s1/outputMutation; echo "zipped 
";cp out.zip /home/mmartinez/defects4j-repair/src/python/core/../../../results/2016-june/Math/seed/3/package/81/Genprog; echo "copied zip 
";rm -rf /tmp/math_81_Genprog_local_s1;

[DEBUG] fr.inria.astor.core.loop.AstorCoreEngine.showResults(AstorCoreEngine.java:136) - End Repair Loops: Found solution
[DEBUG] fr.inria.astor.core.loop.AstorCoreEngine.showResults(AstorCoreEngine.java:137) - Solution stored at: /tmp/math_81_Genprog_local_s1/./outputMutation/AstorMain-Math//src/
[DEBUG] fr.inria.astor.core.loop.AstorCoreEngine.showResults(AstorCoreEngine.java:142) - 
Number solutions:8
[DEBUG] fr.inria.astor.core.loop.AstorCoreEngine.showResults(AstorCoreEngine.java:144) - f (sol): 2.0, [Variant id: 172 (SOL) , #gens: 496, #ops: 1, parent:171]
[DEBUG] fr.inria.astor.core.loop.AstorCoreEngine.showResults(AstorCoreEngine.java:144) - f (sol): 2.0, [Variant id: 218 (SOL) , #gens: 496, #ops: 1, parent:217]
[DEBUG] fr.inria.astor.core.loop.AstorCoreEngine.showResults(AstorCoreEngine.java:144) - f (sol): 2.0, [Variant id: 228 (SOL) , #gens: 495, #ops: 1, parent:227]
[DEBUG] fr.inria.astor.core.loop.AstorCoreEngine.showResults(AstorCoreEngine.java:144) - f (sol): 2.0, [Variant id: 368 (SOL) , #gens: 496, #ops: 1, parent:367]
[DEBUG] fr.inria.astor.core.loop.AstorCoreEngine.showResults(AstorCoreEngine.java:144) - f (sol): 1.0, [Variant id: 684 (SOL) , #gens: 497, #ops: 1, parent:683]
[DEBUG] fr.inria.astor.core.loop.AstorCoreEngine.showResults(AstorCoreEngine.java:144) - f (sol): 3.0, [Variant id: 930 (SOL) , #gens: 496, #ops: 1, parent:929]
[DEBUG] fr.inria.astor.core.loop.AstorCoreEngine.showResults(AstorCoreEngine.java:144) - f (sol): 2.0, [Variant id: 958 (SOL) , #gens: 496, #ops: 1, parent:957]
[DEBUG] fr.inria.astor.core.loop.AstorCoreEngine.showResults(AstorCoreEngine.java:144) - f (sol): 2.0, [Variant id: 962 (SOL) , #gens: 496, #ops: 1, parent:961]
[DEBUG] fr.inria.astor.core.loop.AstorCoreEngine.showResults(AstorCoreEngine.java:146) - 
All variants:
[DEBUG] fr.inria.astor.core.loop.AstorCoreEngine.showResults(AstorCoreEngine.java:148) - f 1.0, [Variant id: 1165, #gens: 496, #ops: 0, parent:-]
[INFO ] fr.inria.astor.core.loop.AstorCoreEngine.showResults(AstorCoreEngine.java:152) - 
Solution details
[INFO ] fr.inria.astor.core.loop.AstorCoreEngine.showResults(AstorCoreEngine.java:153) - 
 --SOLUTIONS DESCRIPTION--

 ----
ProgramVariant 172
 
time(sec)= 2415
operation: ReplaceOp
location= org.apache.commons.math.linear.EigenDecompositionImpl
line= 1544
lineSuspiciousness= 0.408
original statement= b2 = (work[(nn - 13)]) / (work[(nn - 15)])
fixed statement= tau = 0.25 * (dMin2)
generation= 86
ingredientScope= LOCAL
validation=
failing: |true|0|17|[]|
manual_regression: |true|0|2084|[]|
evo_regression: |false|2|42|[test14(org.apache.commons.math.linear.EigenDecompositionImpl_ESTest): expected:<15.524343285597764> but was:<7.76217164279889>-, test17(org.apache.commons.math.linear.EigenDecompositionImpl_ESTest): expected:<7.758572653371753> but was:<0.0>-]|
 ----
ProgramVariant 218
 
time(sec)= 2583
operation: ReplaceOp
location= org.apache.commons.math.linear.EigenDecompositionImpl
line= 1521
lineSuspiciousness= 0.224
original statement= s = (gam * (1 - (java.lang.Math.sqrt(a2)))) / (1 + a2)
fixed statement= cachedD = null
generation= 109
ingredientScope= LOCAL
validation=
failing: |true|0|17|[]|
manual_regression: |true|0|2084|[]|
evo_regression: |false|2|42|[test14(org.apache.commons.math.linear.EigenDecompositionImpl_ESTest): expected:<15.524343285597764> but was:<-7.762171642798882>-, test16(org.apache.commons.math.linear.EigenDecompositionImpl_ESTest): expected:<1.6781966123169406E16> but was:<-5.939040231290788>-]|
 ----
ProgramVariant 228
 
time(sec)= 2801
operation: RemoveOp
location= org.apache.commons.math.linear.EigenDecompositionImpl
line= 1521
lineSuspiciousness= 0.224
original statement= s = (gam * (1 - (java.lang.Math.sqrt(a2)))) / (1 + a2)
fixed statement= 
generation= 114
ingredientScope= -
validation=
failing: |true|0|17|[]|
manual_regression: |true|0|2084|[]|
evo_regression: |false|2|42|[test14(org.apache.commons.math.linear.EigenDecompositionImpl_ESTest): expected:<15.524343285597764> but was:<-7.762171642798882>-, test16(org.apache.commons.math.linear.EigenDecompositionImpl_ESTest): expected:<1.6781966123169406E16> but was:<-5.939040231290788>-]|
 ----
ProgramVariant 368
 
time(sec)= 3568
operation: ReplaceOp
location= org.apache.commons.math.linear.EigenDecompositionImpl
line= 1484
lineSuspiciousness= 0.354
original statement= b2 = (work[(nn - 5)]) / (work[(nn - 7)])
fixed statement= imagEigenvalues = new double[main.length]
generation= 184
ingredientScope= LOCAL
validation=
failing: |true|0|17|[]|
manual_regression: |true|0|2084|[]|
evo_regression: |false|2|42|[test14(org.apache.commons.math.linear.EigenDecompositionImpl_ESTest): expected:<15.524343285597764> but was:<-7.762171642798882>-, test16(org.apache.commons.math.linear.EigenDecompositionImpl_ESTest): expected:<1.6781966123169406E16> but was:<-5.939040231290788>-]|
 ----
ProgramVariant 684
 
time(sec)= 4620
operation: InsertBeforeOp
location= org.apache.commons.math.linear.EigenDecompositionImpl
line= 1043
lineSuspiciousness= 0.177
original statement= deflating = false
fixed statement= dMin = dN
generation= 342
ingredientScope= LOCAL
validation=
failing: |true|0|17|[]|
manual_regression: |true|0|2084|[]|
evo_regression: |false|1|42|[test17(org.apache.commons.math.linear.EigenDecompositionImpl_ESTest): expected:<7.758572653371753> but was:<0.0>-]|
 ----
ProgramVariant 930
 
time(sec)= 5790
operation: ReplaceOp
location= org.apache.commons.math.linear.EigenDecompositionImpl
line= 1484
lineSuspiciousness= 0.354
original statement= b2 = (work[(nn - 5)]) / (work[(nn - 7)])
fixed statement= b2 = (work[(nn - 9)]) / (work[(nn - 11)])
generation= 465
ingredientScope= LOCAL
validation=
failing: |true|0|17|[]|
manual_regression: |true|0|2084|[]|
evo_regression: |false|3|42|[test14(org.apache.commons.math.linear.EigenDecompositionImpl_ESTest): expected:<15.524343285597764> but was:<-7.762171642798888>-, test16(org.apache.commons.math.linear.EigenDecompositionImpl_ESTest): expected:<1.6781966123169406E16> but was:<5.939040231290785>-, test17(org.apache.commons.math.linear.EigenDecompositionImpl_ESTest): expected:<7.758572653371753> but was:<0.0>-]|
 ----
ProgramVariant 958
 
time(sec)= 6189
operation: ReplaceOp
location= org.apache.commons.math.linear.EigenDecompositionImpl
line= 1484
lineSuspiciousness= 0.354
original statement= b2 = (work[(nn - 5)]) / (work[(nn - 7)])
fixed statement= dMin = java.lang.Math.min(dMin, dN)
generation= 479
ingredientScope= LOCAL
validation=
failing: |true|0|17|[]|
manual_regression: |true|0|2084|[]|
evo_regression: |false|2|42|[test14(org.apache.commons.math.linear.EigenDecompositionImpl_ESTest): expected:<15.524343285597764> but was:<-7.762171642798882>-, test16(org.apache.commons.math.linear.EigenDecompositionImpl_ESTest): expected:<1.6781966123169406E16> but was:<-5.939040231290788>-]|
 ----
ProgramVariant 962
 
time(sec)= 6267
operation: ReplaceOp
location= org.apache.commons.math.linear.EigenDecompositionImpl
line= 1480
lineSuspiciousness= 0.354
original statement= a2 = 0.0
fixed statement= dMin2 = 0
generation= 481
ingredientScope= LOCAL
validation=
failing: |true|0|17|[]|
manual_regression: |true|0|2084|[]|
evo_regression: |false|2|42|[test14(org.apache.commons.math.linear.EigenDecompositionImpl_ESTest): expected:<15.524343285597764> but was:<-7.762171642798882>-, test16(org.apache.commons.math.linear.EigenDecompositionImpl_ESTest): expected:<1.6781966123169406E16> but was:<-5.939040231290788>-]|
[INFO ] fr.inria.main.evolution.AstorMain.run(AstorMain.java:397) - Time Total(s): 7639.338


Node: graphene-103.nancy.grid5000.fr


Date: Tue Jan 17 23:39:51 CET 2017

removed classes 

zipped 

copied zip 


