seed AstorRun 11 
export PATH="/home/mmartinez/defects4j/framework/bin:$PATH";export JAVA_TOOL_OPTIONS=-Dfile.encoding=UTF8;export PATH="/usr/lib/jvm/java-1.7.0-openjdk-amd64/bin/:$PATH";cd /home/mmartinez/projects/math/math_24;defects4j compile;cp -r /home/mmartinez/projects/math/math_24 /tmp/math_24_Genprog_local_s1;cd /tmp/math_24_Genprog_local_s1;mkdir lib/;cp -r /home/mmartinez/defects4j/framework/projects/lib/* lib/;cp -r /home/mmartinez/defects4j/framework/projects/Math/lib/* lib/;find . -type f -name "package-info.java" -delete;
/home/mmartinez/defects4j-repair/src/python/core/../../../results/2016-june/Math/seed/11/package/24/Genprog/result
cd /tmp/math_24_Genprog_local_s1;export JAVA_TOOL_OPTIONS=-Dfile.encoding=UTF8;TZ="America/New_York"; export TZexport PATH="/usr/lib/jvm/java-1.7.0-openjdk-amd64/bin/:$PATH";time /home/mmartinez/jdk1.8.0_45/bin//java -Xmx4096m -cp /home/mmartinez/defects4j-repair/src/python/core/../../..//libs/astor.jar fr.inria.main.evolution.MainjGenProg -mode statement -location . -id Math -dependencies lib/ -failing org.apache.commons.math3.optimization.univariate.BrentOptimizerTest: -package org.apache.commons -jvm4testexecution /usr/lib/jvm/java-1.7.0-openjdk-amd64/bin/ -jvm4evosuitetestexecution /home/mmartinez/jdk1.8.0_45/bin/ -javacompliancelevel 5 -maxgen 1000000 -seed 11 -scope package -maxtime 120  -stopfirst false -population 1 -srcjavafolder src/main/java/ -srctestfolder src/test/java/ -binjavafolder target/classes/ -bintestfolder target/test-classes/ -flthreshold 0.1  -validation  fr.inria.astor.core.validation.validators.RegressionValidation  -ESParameters -Dassertion_timeout=1800:-Dminimization_timeout=1800:-Djunit_check_timeout=1800:-Dwrite_junit_timeout=300:-Dinitialization_timeout=300:-Dglobal_timeout=18000:-Dsearch_budget=100000:-Dstopping_condition=MaxStatements:-Dno_runtime_dependency=true:-Dsandbox=false:-Dp_reflection_on_private=0.0:-Dreflection_start_percent=1.0:-Dp_functional_mocking=0.0:-Dfunctional_mocking_percent=1.0:-mem=2000 -ignoredtestcases org.apache.commons.lang.LocaleUtilsTest  -excludeRegression  -maxgen 100000000 ;echo "

Node: `hostname`
";echo "
Date: `date`
"; find /tmp/math_24_Genprog_local_s1/outputMutation -name "*.class" -type f -delete;echo "removed classes 
"; find . -name bin  -type d -print0|xargs -0 rm -r --; zip -r -q out.zip /tmp/math_24_Genprog_local_s1/outputMutation; echo "zipped 
";cp out.zip /home/mmartinez/defects4j-repair/src/python/core/../../../results/2016-june/Math/seed/11/package/24/Genprog; echo "copied zip 
";rm -rf /tmp/math_24_Genprog_local_s1;

[DEBUG] fr.inria.astor.core.loop.AstorCoreEngine.showResults(AstorCoreEngine.java:136) - End Repair Loops: Found solution
[DEBUG] fr.inria.astor.core.loop.AstorCoreEngine.showResults(AstorCoreEngine.java:137) - Solution stored at: /tmp/math_24_Genprog_local_s1/./outputMutation/AstorMain-Math//src/
[DEBUG] fr.inria.astor.core.loop.AstorCoreEngine.showResults(AstorCoreEngine.java:142) - 
Number solutions:24
[DEBUG] fr.inria.astor.core.loop.AstorCoreEngine.showResults(AstorCoreEngine.java:144) - f (sol): 4.0, [Variant id: 140 (SOL) , #gens: 119, #ops: 1, parent:139]
[DEBUG] fr.inria.astor.core.loop.AstorCoreEngine.showResults(AstorCoreEngine.java:144) - f (sol): 5.0, [Variant id: 158 (SOL) , #gens: 117, #ops: 1, parent:157]
[DEBUG] fr.inria.astor.core.loop.AstorCoreEngine.showResults(AstorCoreEngine.java:144) - f (sol): 2.0, [Variant id: 192 (SOL) , #gens: 117, #ops: 1, parent:191]
[DEBUG] fr.inria.astor.core.loop.AstorCoreEngine.showResults(AstorCoreEngine.java:144) - f (sol): 2.0, [Variant id: 224 (SOL) , #gens: 117, #ops: 1, parent:223]
[DEBUG] fr.inria.astor.core.loop.AstorCoreEngine.showResults(AstorCoreEngine.java:144) - f (sol): 2.0, [Variant id: 230 (SOL) , #gens: 117, #ops: 1, parent:229]
[DEBUG] fr.inria.astor.core.loop.AstorCoreEngine.showResults(AstorCoreEngine.java:144) - f (sol): 2.0, [Variant id: 318 (SOL) , #gens: 117, #ops: 1, parent:317]
[DEBUG] fr.inria.astor.core.loop.AstorCoreEngine.showResults(AstorCoreEngine.java:144) - f (sol): 5.0, [Variant id: 342 (SOL) , #gens: 117, #ops: 1, parent:341]
[DEBUG] fr.inria.astor.core.loop.AstorCoreEngine.showResults(AstorCoreEngine.java:144) - f (sol): 5.0, [Variant id: 356 (SOL) , #gens: 119, #ops: 1, parent:355]
[DEBUG] fr.inria.astor.core.loop.AstorCoreEngine.showResults(AstorCoreEngine.java:144) - f (sol): 2.0, [Variant id: 372 (SOL) , #gens: 117, #ops: 1, parent:371]
[DEBUG] fr.inria.astor.core.loop.AstorCoreEngine.showResults(AstorCoreEngine.java:144) - f (sol): 2.0, [Variant id: 382 (SOL) , #gens: 117, #ops: 1, parent:381]
[DEBUG] fr.inria.astor.core.loop.AstorCoreEngine.showResults(AstorCoreEngine.java:144) - f (sol): 5.0, [Variant id: 404 (SOL) , #gens: 117, #ops: 1, parent:403]
[DEBUG] fr.inria.astor.core.loop.AstorCoreEngine.showResults(AstorCoreEngine.java:144) - f (sol): 6.0, [Variant id: 532 (SOL) , #gens: 117, #ops: 1, parent:531]
[DEBUG] fr.inria.astor.core.loop.AstorCoreEngine.showResults(AstorCoreEngine.java:144) - f (sol): 2.0, [Variant id: 580 (SOL) , #gens: 117, #ops: 1, parent:579]
[DEBUG] fr.inria.astor.core.loop.AstorCoreEngine.showResults(AstorCoreEngine.java:144) - f (sol): 2.0, [Variant id: 728 (SOL) , #gens: 117, #ops: 1, parent:727]
[DEBUG] fr.inria.astor.core.loop.AstorCoreEngine.showResults(AstorCoreEngine.java:144) - f (sol): 4.0, [Variant id: 952 (SOL) , #gens: 118, #ops: 1, parent:951]
[DEBUG] fr.inria.astor.core.loop.AstorCoreEngine.showResults(AstorCoreEngine.java:144) - f (sol): 2.0, [Variant id: 1156 (SOL) , #gens: 117, #ops: 1, parent:1155]
[DEBUG] fr.inria.astor.core.loop.AstorCoreEngine.showResults(AstorCoreEngine.java:144) - f (sol): 2.0, [Variant id: 1208 (SOL) , #gens: 117, #ops: 1, parent:1207]
[DEBUG] fr.inria.astor.core.loop.AstorCoreEngine.showResults(AstorCoreEngine.java:144) - f (sol): 4.0, [Variant id: 1250 (SOL) , #gens: 118, #ops: 1, parent:1249]
[DEBUG] fr.inria.astor.core.loop.AstorCoreEngine.showResults(AstorCoreEngine.java:144) - f (sol): 8.0, [Variant id: 1286 (SOL) , #gens: 118, #ops: 1, parent:1285]
[DEBUG] fr.inria.astor.core.loop.AstorCoreEngine.showResults(AstorCoreEngine.java:144) - f (sol): 2.0, [Variant id: 1340 (SOL) , #gens: 117, #ops: 1, parent:1339]
[DEBUG] fr.inria.astor.core.loop.AstorCoreEngine.showResults(AstorCoreEngine.java:144) - f (sol): 7.0, [Variant id: 1528 (SOL) , #gens: 118, #ops: 1, parent:1527]
[DEBUG] fr.inria.astor.core.loop.AstorCoreEngine.showResults(AstorCoreEngine.java:144) - f (sol): 5.0, [Variant id: 1568 (SOL) , #gens: 117, #ops: 1, parent:1567]
[DEBUG] fr.inria.astor.core.loop.AstorCoreEngine.showResults(AstorCoreEngine.java:144) - f (sol): 2.0, [Variant id: 1658 (SOL) , #gens: 117, #ops: 1, parent:1657]
[DEBUG] fr.inria.astor.core.loop.AstorCoreEngine.showResults(AstorCoreEngine.java:144) - f (sol): 4.0, [Variant id: 1660 (SOL) , #gens: 119, #ops: 1, parent:1659]
[DEBUG] fr.inria.astor.core.loop.AstorCoreEngine.showResults(AstorCoreEngine.java:146) - 
All variants:
[DEBUG] fr.inria.astor.core.loop.AstorCoreEngine.showResults(AstorCoreEngine.java:148) - f 1.0, [Variant id: 1661, #gens: 118, #ops: 0, parent:-]
[INFO ] fr.inria.astor.core.loop.AstorCoreEngine.showResults(AstorCoreEngine.java:152) - 
Solution details
[INFO ] fr.inria.astor.core.loop.AstorCoreEngine.showResults(AstorCoreEngine.java:153) - 
 --SOLUTIONS DESCRIPTION--

 ----
ProgramVariant 140
 
time(sec)= 379
operation: InsertAfterOp
location= org.apache.commons.math3.analysis.function.StepFunction
line= 96
lineSuspiciousness= 0.354
original statement= fx = ordinate[0]
fixed statement= return org.apache.commons.math3.util.FastMath.tan(x)
generation= 70
ingredientScope= PACKAGE
validation=
failing: |true|0|9|[]|
manual_regression: |false|3|4030|[testSomeValues(org.apache.commons.math3.analysis.function.StepFunctionTest): expected:<4.0> but was:<NaN>-, testEndpointBehavior(org.apache.commons.math3.analysis.function.StepFunctionTest): expected:<6.799711455220379> but was:<1.0>-, testHeaviside(org.apache.commons.math3.analysis.function.StepFunctionTest): expected:<0.0> but was:<NaN>-]|
evo_regression: |false|1|11|[test02(org.apache.commons.math3.analysis.function.StepFunction_ESTest): expected:<0.0> but was:<1.2464624621468634>-]|
 ----
ProgramVariant 158
 
time(sec)= 575
operation: RemoveOp
location= org.apache.commons.math3.analysis.function.StepFunction
line= 89
lineSuspiciousness= 0.354
original statement= fx = ordinate[((-index) - 2)]
fixed statement= 
generation= 79
ingredientScope= -
validation=
failing: |true|0|9|[]|
manual_regression: |false|3|4030|[testSomeValues(org.apache.commons.math3.analysis.function.StepFunctionTest): expected:<-1.0> but was:<0.0>-, testEndpointBehavior(org.apache.commons.math3.analysis.function.StepFunctionTest): expected:<1.0> but was:<0.0>-, testHeaviside(org.apache.commons.math3.analysis.function.StepFunctionTest): expected:<1.0> but was:<0.0>-]|
evo_regression: |false|2|11|[test01(org.apache.commons.math3.analysis.function.StepFunction_ESTest): expected:<-3091.94863> but was:<0.0>-, test03(org.apache.commons.math3.analysis.function.StepFunction_ESTest): expected:<2210.61129576445> but was:<0.0>-]|
 ----
ProgramVariant 192
 
time(sec)= 1046
operation: RemoveOp
location= org.apache.commons.math3.analysis.FunctionUtils
line= 145
lineSuspiciousness= 0.5
original statement= for (int i = 1 ; i < (f.length) ; i++) {
	r += f[i].value(x);
}
fixed statement= 
generation= 96
ingredientScope= -
validation=
failing: |true|0|9|[]|
manual_regression: |false|1|4030|[testAdd(org.apache.commons.math3.analysis.FunctionUtilsTest): expected:<4.5> but was:<0.5>-]|
evo_regression: |false|1|24|[test03(org.apache.commons.math3.analysis.FunctionUtils_ESTest): Expecting exception: NullPointerException-]|
 ----
ProgramVariant 224
 
time(sec)= 1306
operation: RemoveOp
location= org.apache.commons.math3.analysis.FunctionUtils
line= 146
lineSuspiciousness= 0.5
original statement= r += f[i].value(x)
fixed statement= 
generation= 112
ingredientScope= -
validation=
failing: |true|0|9|[]|
manual_regression: |false|1|4030|[testAdd(org.apache.commons.math3.analysis.FunctionUtilsTest): expected:<4.5> but was:<0.5>-]|
evo_regression: |false|1|24|[test03(org.apache.commons.math3.analysis.FunctionUtils_ESTest): Expecting exception: NullPointerException-]|
 ----
ProgramVariant 230
 
time(sec)= 1488
operation: RemoveOp
location= org.apache.commons.math3.analysis.FunctionUtils
line= 146
lineSuspiciousness= 0.5
original statement= r += f[i].value(x)
fixed statement= 
generation= 115
ingredientScope= -
validation=
failing: |true|0|9|[]|
manual_regression: |false|1|4030|[testAdd(org.apache.commons.math3.analysis.FunctionUtilsTest): expected:<4.5> but was:<0.5>-]|
evo_regression: |false|1|24|[test03(org.apache.commons.math3.analysis.FunctionUtils_ESTest): Expecting exception: NullPointerException-]|
 ----
ProgramVariant 318
 
time(sec)= 1821
operation: RemoveOp
location= org.apache.commons.math3.analysis.FunctionUtils
line= 146
lineSuspiciousness= 0.5
original statement= r += f[i].value(x)
fixed statement= 
generation= 159
ingredientScope= -
validation=
failing: |true|0|9|[]|
manual_regression: |false|1|4030|[testAdd(org.apache.commons.math3.analysis.FunctionUtilsTest): expected:<4.5> but was:<0.5>-]|
evo_regression: |false|1|24|[test03(org.apache.commons.math3.analysis.FunctionUtils_ESTest): Expecting exception: NullPointerException-]|
 ----
ProgramVariant 342
 
time(sec)= 2016
operation: RemoveOp
location= org.apache.commons.math3.analysis.function.StepFunction
line= 89
lineSuspiciousness= 0.354
original statement= fx = ordinate[((-index) - 2)]
fixed statement= 
generation= 171
ingredientScope= -
validation=
failing: |true|0|9|[]|
manual_regression: |false|3|4030|[testSomeValues(org.apache.commons.math3.analysis.function.StepFunctionTest): expected:<-1.0> but was:<0.0>-, testEndpointBehavior(org.apache.commons.math3.analysis.function.StepFunctionTest): expected:<1.0> but was:<0.0>-, testHeaviside(org.apache.commons.math3.analysis.function.StepFunctionTest): expected:<1.0> but was:<0.0>-]|
evo_regression: |false|2|11|[test01(org.apache.commons.math3.analysis.function.StepFunction_ESTest): expected:<-3091.94863> but was:<0.0>-, test03(org.apache.commons.math3.analysis.function.StepFunction_ESTest): expected:<2210.61129576445> but was:<0.0>-]|
 ----
ProgramVariant 356
 
time(sec)= 2204
operation: InsertAfterOp
location= org.apache.commons.math3.analysis.function.StepFunction
line= 89
lineSuspiciousness= 0.354
original statement= fx = ordinate[((-index) - 2)]
fixed statement= return org.apache.commons.math3.util.FastMath.sinh(x)
generation= 178
ingredientScope= PACKAGE
validation=
failing: |true|0|9|[]|
manual_regression: |false|3|4030|[testSomeValues(org.apache.commons.math3.analysis.function.StepFunctionTest): expected:<-1.0> but was:<-0.4107523258028155>-, testEndpointBehavior(org.apache.commons.math3.analysis.function.StepFunctionTest): expected:<1.0> but was:<0.0>-, testHeaviside(org.apache.commons.math3.analysis.function.StepFunctionTest): expected:<0.0> but was:<-4.9E-324>-]|
evo_regression: |false|2|11|[test01(org.apache.commons.math3.analysis.function.StepFunction_ESTest): expected:<-3091.94863> but was:<-2.4950871605129833E206>-, test03(org.apache.commons.math3.analysis.function.StepFunction_ESTest): expected:<2210.61129576445> but was:<Infinity>-]|
 ----
ProgramVariant 372
 
time(sec)= 2395
operation: RemoveOp
location= org.apache.commons.math3.analysis.FunctionUtils
line= 145
lineSuspiciousness= 0.5
original statement= for (int i = 1 ; i < (f.length) ; i++) {
	r += f[i].value(x);
}
fixed statement= 
generation= 186
ingredientScope= -
validation=
failing: |true|0|9|[]|
manual_regression: |false|1|4030|[testAdd(org.apache.commons.math3.analysis.FunctionUtilsTest): expected:<4.5> but was:<0.5>-]|
evo_regression: |false|1|24|[test03(org.apache.commons.math3.analysis.FunctionUtils_ESTest): Expecting exception: NullPointerException-]|
 ----
ProgramVariant 382
 
time(sec)= 2578
operation: RemoveOp
location= org.apache.commons.math3.analysis.FunctionUtils
line= 146
lineSuspiciousness= 0.5
original statement= r += f[i].value(x)
fixed statement= 
generation= 191
ingredientScope= -
validation=
failing: |true|0|9|[]|
manual_regression: |false|1|4030|[testAdd(org.apache.commons.math3.analysis.FunctionUtilsTest): expected:<4.5> but was:<0.5>-]|
evo_regression: |false|1|24|[test03(org.apache.commons.math3.analysis.FunctionUtils_ESTest): Expecting exception: NullPointerException-]|
 ----
ProgramVariant 404
 
time(sec)= 2782
operation: RemoveOp
location= org.apache.commons.math3.analysis.function.StepFunction
line= 89
lineSuspiciousness= 0.354
original statement= fx = ordinate[((-index) - 2)]
fixed statement= 
generation= 202
ingredientScope= -
validation=
failing: |true|0|9|[]|
manual_regression: |false|3|4030|[testSomeValues(org.apache.commons.math3.analysis.function.StepFunctionTest): expected:<-1.0> but was:<0.0>-, testEndpointBehavior(org.apache.commons.math3.analysis.function.StepFunctionTest): expected:<1.0> but was:<0.0>-, testHeaviside(org.apache.commons.math3.analysis.function.StepFunctionTest): expected:<1.0> but was:<0.0>-]|
evo_regression: |false|2|11|[test01(org.apache.commons.math3.analysis.function.StepFunction_ESTest): expected:<-3091.94863> but was:<0.0>-, test03(org.apache.commons.math3.analysis.function.StepFunction_ESTest): expected:<2210.61129576445> but was:<0.0>-]|
 ----
ProgramVariant 532
 
time(sec)= 3298
operation: RemoveOp
location= org.apache.commons.math3.analysis.function.StepFunction
line= 87
lineSuspiciousness= 0.354
original statement= if (index < (-1)) {
	fx = ordinate[((-index) - 2)];
} else {
	if (index >= 0) {
		fx = ordinate[index];
	} else {
		fx = ordinate[0];
	}
}
fixed statement= 
generation= 266
ingredientScope= -
validation=
failing: |true|0|9|[]|
manual_regression: |false|3|4030|[testSomeValues(org.apache.commons.math3.analysis.function.StepFunctionTest): expected:<4.0> but was:<0.0>-, testEndpointBehavior(org.apache.commons.math3.analysis.function.StepFunctionTest): expected:<1.0> but was:<0.0>-, testHeaviside(org.apache.commons.math3.analysis.function.StepFunctionTest): expected:<1.0> but was:<0.0>-]|
evo_regression: |false|3|11|[test01(org.apache.commons.math3.analysis.function.StepFunction_ESTest): expected:<-3091.94863> but was:<0.0>-, test00(org.apache.commons.math3.analysis.function.StepFunction_ESTest): expected:<-475.94> but was:<0.0>-, test03(org.apache.commons.math3.analysis.function.StepFunction_ESTest): expected:<2210.61129576445> but was:<0.0>-]|
 ----
ProgramVariant 580
 
time(sec)= 3540
operation: RemoveOp
location= org.apache.commons.math3.analysis.FunctionUtils
line= 146
lineSuspiciousness= 0.5
original statement= r += f[i].value(x)
fixed statement= 
generation= 290
ingredientScope= -
validation=
failing: |true|0|9|[]|
manual_regression: |false|1|4030|[testAdd(org.apache.commons.math3.analysis.FunctionUtilsTest): expected:<4.5> but was:<0.5>-]|
evo_regression: |false|1|24|[test03(org.apache.commons.math3.analysis.FunctionUtils_ESTest): Expecting exception: NullPointerException-]|
 ----
ProgramVariant 728
 
time(sec)= 4131
operation: RemoveOp
location= org.apache.commons.math3.analysis.FunctionUtils
line= 145
lineSuspiciousness= 0.5
original statement= for (int i = 1 ; i < (f.length) ; i++) {
	r += f[i].value(x);
}
fixed statement= 
generation= 364
ingredientScope= -
validation=
failing: |true|0|9|[]|
manual_regression: |false|1|4030|[testAdd(org.apache.commons.math3.analysis.FunctionUtilsTest): expected:<4.5> but was:<0.5>-]|
evo_regression: |false|1|24|[test03(org.apache.commons.math3.analysis.FunctionUtils_ESTest): Expecting exception: NullPointerException-]|
 ----
ProgramVariant 952
 
time(sec)= 4680
operation: ReplaceOp
location= org.apache.commons.math3.analysis.function.StepFunction
line= 89
lineSuspiciousness= 0.354
original statement= fx = ordinate[((-index) - 2)]
fixed statement= fx = ordinate[0]
generation= 476
ingredientScope= LOCAL
validation=
failing: |true|0|9|[]|
manual_regression: |false|3|4030|[testSomeValues(org.apache.commons.math3.analysis.function.StepFunctionTest): expected:<-1.0> but was:<4.0>-, testEndpointBehavior(org.apache.commons.math3.analysis.function.StepFunctionTest): expected:<2.0> but was:<1.0>-, testHeaviside(org.apache.commons.math3.analysis.function.StepFunctionTest): expected:<1.0> but was:<0.0>-]|
evo_regression: |false|1|11|[test03(org.apache.commons.math3.analysis.function.StepFunction_ESTest): expected:<2210.61129576445> but was:<0.0>-]|
 ----
ProgramVariant 1156
 
time(sec)= 5196
operation: RemoveOp
location= org.apache.commons.math3.analysis.FunctionUtils
line= 146
lineSuspiciousness= 0.5
original statement= r += f[i].value(x)
fixed statement= 
generation= 578
ingredientScope= -
validation=
failing: |true|0|9|[]|
manual_regression: |false|1|4030|[testAdd(org.apache.commons.math3.analysis.FunctionUtilsTest): expected:<4.5> but was:<0.5>-]|
evo_regression: |false|1|24|[test03(org.apache.commons.math3.analysis.FunctionUtils_ESTest): Expecting exception: NullPointerException-]|
 ----
ProgramVariant 1208
 
time(sec)= 5442
operation: RemoveOp
location= org.apache.commons.math3.analysis.FunctionUtils
line= 146
lineSuspiciousness= 0.5
original statement= r += f[i].value(x)
fixed statement= 
generation= 604
ingredientScope= -
validation=
failing: |true|0|9|[]|
manual_regression: |false|1|4030|[testAdd(org.apache.commons.math3.analysis.FunctionUtilsTest): expected:<4.5> but was:<0.5>-]|
evo_regression: |false|1|24|[test03(org.apache.commons.math3.analysis.FunctionUtils_ESTest): Expecting exception: NullPointerException-]|
 ----
ProgramVariant 1250
 
time(sec)= 5662
operation: ReplaceOp
location= org.apache.commons.math3.analysis.function.StepFunction
line= 87
lineSuspiciousness= 0.354
original statement= if (index < (-1)) {
	fx = ordinate[((-index) - 2)];
} else {
	if (index >= 0) {
		fx = ordinate[index];
	} else {
		fx = ordinate[0];
	}
}
fixed statement= if (index >= 0) {
	fx = ordinate[index];
} else {
	fx = ordinate[0];
}
generation= 625
ingredientScope= LOCAL
validation=
failing: |true|0|9|[]|
manual_regression: |false|3|4030|[testSomeValues(org.apache.commons.math3.analysis.function.StepFunctionTest): expected:<-1.0> but was:<4.0>-, testEndpointBehavior(org.apache.commons.math3.analysis.function.StepFunctionTest): expected:<2.0> but was:<1.0>-, testHeaviside(org.apache.commons.math3.analysis.function.StepFunctionTest): expected:<1.0> but was:<0.0>-]|
evo_regression: |false|1|11|[test03(org.apache.commons.math3.analysis.function.StepFunction_ESTest): expected:<2210.61129576445> but was:<0.0>-]|
 ----
ProgramVariant 1286
 
time(sec)= 5926
operation: ReplaceOp
location= org.apache.commons.math3.analysis.function.StepFunction
line= 99
lineSuspiciousness= 0.354
original statement= return fx
fixed statement= return org.apache.commons.math3.util.FastMath.acosh(x)
generation= 643
ingredientScope= PACKAGE
validation=
failing: |true|0|9|[]|
manual_regression: |false|3|4030|[testSomeValues(org.apache.commons.math3.analysis.function.StepFunctionTest): expected:<4.0> but was:<NaN>-, testEndpointBehavior(org.apache.commons.math3.analysis.function.StepFunctionTest): expected:<1.0> but was:<NaN>-, testHeaviside(org.apache.commons.math3.analysis.function.StepFunctionTest): expected:<0.0> but was:<NaN>-]|
evo_regression: |false|5|11|[test01(org.apache.commons.math3.analysis.function.StepFunction_ESTest): expected:<-3091.94863> but was:<NaN>-, test00(org.apache.commons.math3.analysis.function.StepFunction_ESTest): expected:<-475.94> but was:<NaN>-, test04(org.apache.commons.math3.analysis.function.StepFunction_ESTest): expected:<0.0> but was:<NaN>-, test03(org.apache.commons.math3.analysis.function.StepFunction_ESTest): expected:<2210.61129576445> but was:<8.777628673321711>-, test02(org.apache.commons.math3.analysis.function.StepFunction_ESTest): expected:<0.0> but was:<NaN>-]|
 ----
ProgramVariant 1340
 
time(sec)= 6202
operation: RemoveOp
location= org.apache.commons.math3.analysis.FunctionUtils
line= 145
lineSuspiciousness= 0.5
original statement= for (int i = 1 ; i < (f.length) ; i++) {
	r += f[i].value(x);
}
fixed statement= 
generation= 670
ingredientScope= -
validation=
failing: |true|0|9|[]|
manual_regression: |false|1|4030|[testAdd(org.apache.commons.math3.analysis.FunctionUtilsTest): expected:<4.5> but was:<0.5>-]|
evo_regression: |false|1|24|[test03(org.apache.commons.math3.analysis.FunctionUtils_ESTest): Expecting exception: NullPointerException-]|
 ----
ProgramVariant 1528
 
time(sec)= 6632
operation: ReplaceOp
location= org.apache.commons.math3.analysis.function.StepFunction
line= 99
lineSuspiciousness= 0.354
original statement= return fx
fixed statement= return org.apache.commons.math3.util.FastMath.sinh(x)
generation= 764
ingredientScope= PACKAGE
validation=
failing: |true|0|9|[]|
manual_regression: |false|3|4030|[testSomeValues(org.apache.commons.math3.analysis.function.StepFunctionTest): expected:<4.0> but was:<-Infinity>-, testEndpointBehavior(org.apache.commons.math3.analysis.function.StepFunctionTest): expected:<1.0> but was:<0.0>-, testHeaviside(org.apache.commons.math3.analysis.function.StepFunctionTest): expected:<0.0> but was:<-Infinity>-]|
evo_regression: |false|4|11|[test01(org.apache.commons.math3.analysis.function.StepFunction_ESTest): expected:<-3091.94863> but was:<-2.4950871605129833E206>-, test00(org.apache.commons.math3.analysis.function.StepFunction_ESTest): expected:<-475.94> but was:<-2.4950871605129833E206>-, test03(org.apache.commons.math3.analysis.function.StepFunction_ESTest): expected:<2210.61129576445> but was:<Infinity>-, test02(org.apache.commons.math3.analysis.function.StepFunction_ESTest): expected:<0.0> but was:<-3.6842202281859925E303>-]|
 ----
ProgramVariant 1568
 
time(sec)= 6849
operation: RemoveOp
location= org.apache.commons.math3.analysis.function.StepFunction
line= 89
lineSuspiciousness= 0.354
original statement= fx = ordinate[((-index) - 2)]
fixed statement= 
generation= 784
ingredientScope= -
validation=
failing: |true|0|9|[]|
manual_regression: |false|3|4030|[testSomeValues(org.apache.commons.math3.analysis.function.StepFunctionTest): expected:<-1.0> but was:<0.0>-, testEndpointBehavior(org.apache.commons.math3.analysis.function.StepFunctionTest): expected:<1.0> but was:<0.0>-, testHeaviside(org.apache.commons.math3.analysis.function.StepFunctionTest): expected:<1.0> but was:<0.0>-]|
evo_regression: |false|2|11|[test01(org.apache.commons.math3.analysis.function.StepFunction_ESTest): expected:<-3091.94863> but was:<0.0>-, test03(org.apache.commons.math3.analysis.function.StepFunction_ESTest): expected:<2210.61129576445> but was:<0.0>-]|
 ----
ProgramVariant 1658
 
time(sec)= 7136
operation: RemoveOp
location= org.apache.commons.math3.analysis.FunctionUtils
line= 145
lineSuspiciousness= 0.5
original statement= for (int i = 1 ; i < (f.length) ; i++) {
	r += f[i].value(x);
}
fixed statement= 
generation= 829
ingredientScope= -
validation=
failing: |true|0|9|[]|
manual_regression: |false|1|4030|[testAdd(org.apache.commons.math3.analysis.FunctionUtilsTest): expected:<4.5> but was:<0.5>-]|
evo_regression: |false|1|24|[test03(org.apache.commons.math3.analysis.FunctionUtils_ESTest): Expecting exception: NullPointerException-]|
 ----
ProgramVariant 1660
 
time(sec)= 7324
operation: InsertAfterOp
location= org.apache.commons.math3.analysis.function.StepFunction
line= 96
lineSuspiciousness= 0.354
original statement= fx = ordinate[0]
fixed statement= return org.apache.commons.math3.util.FastMath.ceil(x)
generation= 830
ingredientScope= PACKAGE
validation=
failing: |true|0|9|[]|
manual_regression: |false|3|4030|[testSomeValues(org.apache.commons.math3.analysis.function.StepFunctionTest): expected:<4.0> but was:<-Infinity>-, testEndpointBehavior(org.apache.commons.math3.analysis.function.StepFunctionTest): expected:<-8.0> but was:<1.0>-, testHeaviside(org.apache.commons.math3.analysis.function.StepFunctionTest): expected:<0.0> but was:<-Infinity>-]|
evo_regression: |false|1|11|[test02(org.apache.commons.math3.analysis.function.StepFunction_ESTest): expected:<0.0> but was:<-699.0>-]|
[INFO ] fr.inria.main.evolution.AstorMain.run(AstorMain.java:397) - Time Total(s): 7904.42


Node: graphene-79.nancy.grid5000.fr


Date: Sat Jan 14 22:29:12 CET 2017

removed classes 

zipped 

copied zip 


