seed AstorRun 19 
export PATH="/home/mmartinez/defects4j/framework/bin:$PATH";export JAVA_TOOL_OPTIONS=-Dfile.encoding=UTF8;export PATH="/usr/lib/jvm/java-1.7.0-openjdk-amd64/bin/:$PATH";cd /home/mmartinez/projects/chart/chart_13;defects4j compile;cp -r /home/mmartinez/projects/chart/chart_13 /tmp/chart_13_Genprog_local_s1;cd /tmp/chart_13_Genprog_local_s1;mkdir lib/;cp -r /home/mmartinez/defects4j/framework/projects/lib/* lib/;cp -r /home/mmartinez/defects4j/framework/projects/Chart/lib/* lib/;find . -type f -name "package-info.java" -delete;
/home/mmartinez/defects4j-repair/src/python/core/../../../results/2016-june/Chart/seed/19/package/13/Genprog/result
cd /tmp/chart_13_Genprog_local_s1;export JAVA_TOOL_OPTIONS=-Dfile.encoding=UTF8;TZ="America/New_York"; export TZexport PATH="/usr/lib/jvm/java-1.7.0-openjdk-amd64/bin/:$PATH";time /home/mmartinez/jdk1.8.0_45/bin//java -Xmx4096m -cp /home/mmartinez/defects4j-repair/src/python/core/../../..//libs/astor.jar fr.inria.main.evolution.MainjGenProg -mode statement -location . -id Chart -dependencies lib/ -failing org.jfree.chart.block.junit.BorderArrangementTests: -package org.jfree -jvm4testexecution /usr/lib/jvm/java-1.7.0-openjdk-amd64/bin/ -jvm4evosuitetestexecution /home/mmartinez/jdk1.8.0_45/bin/ -javacompliancelevel 4 -maxgen 1000000 -seed 19 -scope package -maxtime 120  -stopfirst false -population 1 -srcjavafolder source/ -srctestfolder tests/ -binjavafolder build/ -bintestfolder build-tests/ -flthreshold 0.1  -validation  fr.inria.astor.core.validation.validators.RegressionValidation  -ESParameters -Dassertion_timeout=1800:-Dminimization_timeout=1800:-Djunit_check_timeout=1800:-Dwrite_junit_timeout=300:-Dinitialization_timeout=300:-Dglobal_timeout=18000:-Dsearch_budget=100000:-Dstopping_condition=MaxStatements:-Dno_runtime_dependency=true:-Dsandbox=false:-Dp_reflection_on_private=0.0:-Dreflection_start_percent=1.0:-Dp_functional_mocking=0.0:-Dfunctional_mocking_percent=1.0:-mem=2000 -ignoredtestcases org.apache.commons.lang.LocaleUtilsTest  -excludeRegression  -maxgen 100000000 ;echo "

Node: `hostname`
";echo "
Date: `date`
"; find /tmp/chart_13_Genprog_local_s1/outputMutation -name "*.class" -type f -delete;echo "removed classes 
"; find . -name bin  -type d -print0|xargs -0 rm -r --; zip -r -q out.zip /tmp/chart_13_Genprog_local_s1/outputMutation; echo "zipped 
";cp out.zip /home/mmartinez/defects4j-repair/src/python/core/../../../results/2016-june/Chart/seed/19/package/13/Genprog; echo "copied zip 
";rm -rf /tmp/chart_13_Genprog_local_s1;

[DEBUG] fr.inria.astor.core.loop.AstorCoreEngine.showResults(AstorCoreEngine.java:136) - End Repair Loops: Found solution
[DEBUG] fr.inria.astor.core.loop.AstorCoreEngine.showResults(AstorCoreEngine.java:137) - Solution stored at: /tmp/chart_13_Genprog_local_s1/./outputMutation/AstorMain-Chart//src/
[DEBUG] fr.inria.astor.core.loop.AstorCoreEngine.showResults(AstorCoreEngine.java:142) - 
Number solutions:37
[DEBUG] fr.inria.astor.core.loop.AstorCoreEngine.showResults(AstorCoreEngine.java:144) - f (sol): 1.0, [Variant id: 102 (SOL) , #gens: 177, #ops: 1, parent:101]
[DEBUG] fr.inria.astor.core.loop.AstorCoreEngine.showResults(AstorCoreEngine.java:144) - f (sol): 1.0, [Variant id: 152 (SOL) , #gens: 177, #ops: 1, parent:151]
[DEBUG] fr.inria.astor.core.loop.AstorCoreEngine.showResults(AstorCoreEngine.java:144) - f (sol): 1.0, [Variant id: 198 (SOL) , #gens: 176, #ops: 1, parent:197]
[DEBUG] fr.inria.astor.core.loop.AstorCoreEngine.showResults(AstorCoreEngine.java:144) - f (sol): 1.0, [Variant id: 400 (SOL) , #gens: 176, #ops: 1, parent:399]
[DEBUG] fr.inria.astor.core.loop.AstorCoreEngine.showResults(AstorCoreEngine.java:144) - f (sol): 1.0, [Variant id: 720 (SOL) , #gens: 175, #ops: 1, parent:719]
[DEBUG] fr.inria.astor.core.loop.AstorCoreEngine.showResults(AstorCoreEngine.java:144) - f (sol): 1.0, [Variant id: 830 (SOL) , #gens: 176, #ops: 1, parent:829]
[DEBUG] fr.inria.astor.core.loop.AstorCoreEngine.showResults(AstorCoreEngine.java:144) - f (sol): 1.0, [Variant id: 846 (SOL) , #gens: 177, #ops: 1, parent:845]
[DEBUG] fr.inria.astor.core.loop.AstorCoreEngine.showResults(AstorCoreEngine.java:144) - f (sol): 1.0, [Variant id: 902 (SOL) , #gens: 176, #ops: 1, parent:901]
[DEBUG] fr.inria.astor.core.loop.AstorCoreEngine.showResults(AstorCoreEngine.java:144) - f (sol): 1.0, [Variant id: 918 (SOL) , #gens: 175, #ops: 1, parent:917]
[DEBUG] fr.inria.astor.core.loop.AstorCoreEngine.showResults(AstorCoreEngine.java:144) - f (sol): 1.0, [Variant id: 936 (SOL) , #gens: 176, #ops: 1, parent:935]
[DEBUG] fr.inria.astor.core.loop.AstorCoreEngine.showResults(AstorCoreEngine.java:144) - f (sol): 1.0, [Variant id: 1076 (SOL) , #gens: 176, #ops: 1, parent:1075]
[DEBUG] fr.inria.astor.core.loop.AstorCoreEngine.showResults(AstorCoreEngine.java:144) - f (sol): 1.0, [Variant id: 1096 (SOL) , #gens: 175, #ops: 1, parent:1095]
[DEBUG] fr.inria.astor.core.loop.AstorCoreEngine.showResults(AstorCoreEngine.java:144) - f (sol): 1.0, [Variant id: 1108 (SOL) , #gens: 176, #ops: 1, parent:1107]
[DEBUG] fr.inria.astor.core.loop.AstorCoreEngine.showResults(AstorCoreEngine.java:144) - f (sol): 1.0, [Variant id: 1144 (SOL) , #gens: 176, #ops: 1, parent:1143]
[DEBUG] fr.inria.astor.core.loop.AstorCoreEngine.showResults(AstorCoreEngine.java:144) - f (sol): 1.0, [Variant id: 1150 (SOL) , #gens: 176, #ops: 1, parent:1149]
[DEBUG] fr.inria.astor.core.loop.AstorCoreEngine.showResults(AstorCoreEngine.java:144) - f (sol): 1.0, [Variant id: 1382 (SOL) , #gens: 175, #ops: 1, parent:1381]
[DEBUG] fr.inria.astor.core.loop.AstorCoreEngine.showResults(AstorCoreEngine.java:144) - f (sol): 1.0, [Variant id: 1532 (SOL) , #gens: 176, #ops: 1, parent:1531]
[DEBUG] fr.inria.astor.core.loop.AstorCoreEngine.showResults(AstorCoreEngine.java:144) - f (sol): 1.0, [Variant id: 1582 (SOL) , #gens: 176, #ops: 1, parent:1581]
[DEBUG] fr.inria.astor.core.loop.AstorCoreEngine.showResults(AstorCoreEngine.java:144) - f (sol): 1.0, [Variant id: 1590 (SOL) , #gens: 175, #ops: 1, parent:1589]
[DEBUG] fr.inria.astor.core.loop.AstorCoreEngine.showResults(AstorCoreEngine.java:144) - f (sol): 1.0, [Variant id: 1692 (SOL) , #gens: 175, #ops: 1, parent:1691]
[DEBUG] fr.inria.astor.core.loop.AstorCoreEngine.showResults(AstorCoreEngine.java:144) - f (sol): 1.0, [Variant id: 1804 (SOL) , #gens: 175, #ops: 1, parent:1803]
[DEBUG] fr.inria.astor.core.loop.AstorCoreEngine.showResults(AstorCoreEngine.java:144) - f (sol): 1.0, [Variant id: 1834 (SOL) , #gens: 175, #ops: 1, parent:1833]
[DEBUG] fr.inria.astor.core.loop.AstorCoreEngine.showResults(AstorCoreEngine.java:144) - f (sol): 1.0, [Variant id: 1852 (SOL) , #gens: 177, #ops: 1, parent:1851]
[DEBUG] fr.inria.astor.core.loop.AstorCoreEngine.showResults(AstorCoreEngine.java:144) - f (sol): 1.0, [Variant id: 1912 (SOL) , #gens: 175, #ops: 1, parent:1911]
[DEBUG] fr.inria.astor.core.loop.AstorCoreEngine.showResults(AstorCoreEngine.java:144) - f (sol): 1.0, [Variant id: 1920 (SOL) , #gens: 175, #ops: 1, parent:1919]
[DEBUG] fr.inria.astor.core.loop.AstorCoreEngine.showResults(AstorCoreEngine.java:144) - f (sol): 1.0, [Variant id: 1968 (SOL) , #gens: 176, #ops: 1, parent:1967]
[DEBUG] fr.inria.astor.core.loop.AstorCoreEngine.showResults(AstorCoreEngine.java:144) - f (sol): 1.0, [Variant id: 2304 (SOL) , #gens: 176, #ops: 1, parent:2303]
[DEBUG] fr.inria.astor.core.loop.AstorCoreEngine.showResults(AstorCoreEngine.java:144) - f (sol): 1.0, [Variant id: 2346 (SOL) , #gens: 176, #ops: 1, parent:2345]
[DEBUG] fr.inria.astor.core.loop.AstorCoreEngine.showResults(AstorCoreEngine.java:144) - f (sol): 1.0, [Variant id: 2398 (SOL) , #gens: 175, #ops: 1, parent:2397]
[DEBUG] fr.inria.astor.core.loop.AstorCoreEngine.showResults(AstorCoreEngine.java:144) - f (sol): 1.0, [Variant id: 2452 (SOL) , #gens: 175, #ops: 1, parent:2451]
[DEBUG] fr.inria.astor.core.loop.AstorCoreEngine.showResults(AstorCoreEngine.java:144) - f (sol): 1.0, [Variant id: 2490 (SOL) , #gens: 175, #ops: 1, parent:2489]
[DEBUG] fr.inria.astor.core.loop.AstorCoreEngine.showResults(AstorCoreEngine.java:144) - f (sol): 1.0, [Variant id: 2534 (SOL) , #gens: 175, #ops: 1, parent:2533]
[DEBUG] fr.inria.astor.core.loop.AstorCoreEngine.showResults(AstorCoreEngine.java:144) - f (sol): 1.0, [Variant id: 2670 (SOL) , #gens: 175, #ops: 1, parent:2669]
[DEBUG] fr.inria.astor.core.loop.AstorCoreEngine.showResults(AstorCoreEngine.java:144) - f (sol): 1.0, [Variant id: 2732 (SOL) , #gens: 176, #ops: 1, parent:2731]
[DEBUG] fr.inria.astor.core.loop.AstorCoreEngine.showResults(AstorCoreEngine.java:144) - f (sol): 1.0, [Variant id: 2774 (SOL) , #gens: 176, #ops: 1, parent:2773]
[DEBUG] fr.inria.astor.core.loop.AstorCoreEngine.showResults(AstorCoreEngine.java:144) - f (sol): 1.0, [Variant id: 2808 (SOL) , #gens: 176, #ops: 1, parent:2807]
[DEBUG] fr.inria.astor.core.loop.AstorCoreEngine.showResults(AstorCoreEngine.java:144) - f (sol): 1.0, [Variant id: 2912 (SOL) , #gens: 176, #ops: 1, parent:2911]
[DEBUG] fr.inria.astor.core.loop.AstorCoreEngine.showResults(AstorCoreEngine.java:146) - 
All variants:
[DEBUG] fr.inria.astor.core.loop.AstorCoreEngine.showResults(AstorCoreEngine.java:148) - f 1.0, [Variant id: 2913, #gens: 176, #ops: 0, parent:-]
[INFO ] fr.inria.astor.core.loop.AstorCoreEngine.showResults(AstorCoreEngine.java:152) - 
Solution details
[INFO ] fr.inria.astor.core.loop.AstorCoreEngine.showResults(AstorCoreEngine.java:153) - 
 --SOLUTIONS DESCRIPTION--

 ----
ProgramVariant 102
 
time(sec)= 1278
operation: InsertAfterOp
location= org.jfree.chart.block.BorderArrangement
line= 322
lineSuspiciousness= 1
original statement= double height = ((h[0]) + (h[1])) + (java.lang.Math.max(h[2], java.lang.Math.max(h[3], h[4])))
fixed statement= org.jfree.chart.block.BorderArrangement.this.rightBlock = null
generation= 51
ingredientScope= LOCAL
validation=
failing: |true|0|5|[]|
manual_regression: |true|0|3597|[]|
evo_regression: |false|1|23|[test21(org.jfree.chart.block.BorderArrangement_ESTest): null-]|
 ----
ProgramVariant 152
 
time(sec)= 1425
operation: InsertBeforeOp
location= org.jfree.chart.block.BorderArrangement
line= 308
lineSuspiciousness= 1
original statement= h[3] = size.height
fixed statement= org.jfree.chart.block.BorderArrangement.this.leftBlock = null
generation= 76
ingredientScope= LOCAL
validation=
failing: |true|0|5|[]|
manual_regression: |true|0|3597|[]|
evo_regression: |false|1|23|[test21(org.jfree.chart.block.BorderArrangement_ESTest): null-]|
 ----
ProgramVariant 198
 
time(sec)= 1549
operation: ReplaceOp
location= org.jfree.chart.block.BorderArrangement
line= 312
lineSuspiciousness= 1
original statement= h[3] = h[2]
fixed statement= org.jfree.chart.block.BorderArrangement.this.leftBlock = null
generation= 99
ingredientScope= LOCAL
validation=
failing: |true|0|5|[]|
manual_regression: |true|0|3597|[]|
evo_regression: |false|1|23|[test21(org.jfree.chart.block.BorderArrangement_ESTest): null-]|
 ----
ProgramVariant 400
 
time(sec)= 1831
operation: ReplaceOp
location= org.jfree.chart.block.BorderArrangement
line= 450
lineSuspiciousness= 1
original statement= w[2] = size.width
fixed statement= h[2] = ((constraint.getHeight()) - (h[1])) - (h[0])
generation= 200
ingredientScope= LOCAL
validation=
failing: |true|0|5|[]|
manual_regression: |true|0|3597|[]|
evo_regression: |false|1|23|[test21(org.jfree.chart.block.BorderArrangement_ESTest): null-]|
 ----
ProgramVariant 720
 
time(sec)= 2254
operation: RemoveOp
location= org.jfree.chart.block.BorderArrangement
line= 444
lineSuspiciousness= 1
original statement= if ((org.jfree.chart.block.BorderArrangement.this.leftBlock) != null) {
	org.jfree.chart.block.RectangleConstraint c3 = new org.jfree.chart.block.RectangleConstraint(0.0 , new org.jfree.data.Range(0.0 , constraint.getWidth()) , org.jfree.chart.block.LengthConstraintType.RANGE , h[2] , null , org.jfree.chart.block.LengthConstraintType.FIXED);
	org.jfree.chart.util.Size2D size = org.jfree.chart.block.BorderArrangement.this.leftBlock.arrange(g2, c3);
	w[2] = size.width;
} 
fixed statement= 
generation= 360
ingredientScope= -
validation=
failing: |true|0|5|[]|
manual_regression: |true|0|3597|[]|
evo_regression: |false|1|23|[test21(org.jfree.chart.block.BorderArrangement_ESTest): null-]|
 ----
ProgramVariant 830
 
time(sec)= 2488
operation: ReplaceOp
location= org.jfree.chart.block.BorderArrangement
line= 444
lineSuspiciousness= 1
original statement= if ((org.jfree.chart.block.BorderArrangement.this.leftBlock) != null) {
	org.jfree.chart.block.RectangleConstraint c3 = new org.jfree.chart.block.RectangleConstraint(0.0 , new org.jfree.data.Range(0.0 , constraint.getWidth()) , org.jfree.chart.block.LengthConstraintType.RANGE , h[2] , null , org.jfree.chart.block.LengthConstraintType.FIXED);
	org.jfree.chart.util.Size2D size = org.jfree.chart.block.BorderArrangement.this.leftBlock.arrange(g2, c3);
	w[2] = size.width;
} 
fixed statement= if ((org.jfree.chart.block.BorderArrangement.this.topBlock) != null) {
	org.jfree.chart.block.BorderArrangement.this.topBlock.setBounds(new java.awt.geom.Rectangle2D.Double(0.0 , 0.0 , w[0] , h[0]));
} 
generation= 415
ingredientScope= LOCAL
validation=
failing: |true|0|5|[]|
manual_regression: |true|0|3597|[]|
evo_regression: |false|1|23|[test21(org.jfree.chart.block.BorderArrangement_ESTest): null-]|
 ----
ProgramVariant 846
 
time(sec)= 2595
operation: InsertAfterOp
location= org.jfree.chart.block.BorderArrangement
line= 427
lineSuspiciousness= 1
original statement= if ((org.jfree.chart.block.BorderArrangement.this.topBlock) != null) {
	org.jfree.chart.block.RectangleConstraint c1 = new org.jfree.chart.block.RectangleConstraint(w[0] , null , org.jfree.chart.block.LengthConstraintType.FIXED , 0.0 , new org.jfree.data.Range(0.0 , constraint.getHeight()) , org.jfree.chart.block.LengthConstraintType.RANGE);
	org.jfree.chart.util.Size2D size = org.jfree.chart.block.BorderArrangement.this.topBlock.arrange(g2, c1);
	h[0] = size.height;
} 
fixed statement= org.jfree.chart.block.BorderArrangement.this.leftBlock = null
generation= 423
ingredientScope= LOCAL
validation=
failing: |true|0|5|[]|
manual_regression: |true|0|3597|[]|
evo_regression: |false|1|23|[test21(org.jfree.chart.block.BorderArrangement_ESTest): null-]|
 ----
ProgramVariant 902
 
time(sec)= 2771
operation: ReplaceOp
location= org.jfree.chart.block.BorderArrangement
line= 453
lineSuspiciousness= 1
original statement= if ((org.jfree.chart.block.BorderArrangement.this.rightBlock) != null) {
	org.jfree.chart.block.RectangleConstraint c4 = new org.jfree.chart.block.RectangleConstraint(0.0 , new org.jfree.data.Range(0.0 , ((constraint.getWidth()) - (w[2]))) , org.jfree.chart.block.LengthConstraintType.RANGE , h[2] , null , org.jfree.chart.block.LengthConstraintType.FIXED);
	org.jfree.chart.util.Size2D size = org.jfree.chart.block.BorderArrangement.this.rightBlock.arrange(g2, c4);
	w[3] = size.width;
} 
fixed statement= if ((org.jfree.chart.block.BorderArrangement.this.topBlock) != null) {
	org.jfree.chart.block.BorderArrangement.this.topBlock.setBounds(new java.awt.geom.Rectangle2D.Double(0.0 , 0.0 , w[0] , h[0]));
} 
generation= 451
ingredientScope= LOCAL
validation=
failing: |true|0|5|[]|
manual_regression: |true|0|3597|[]|
evo_regression: |false|1|23|[test21(org.jfree.chart.block.BorderArrangement_ESTest): null-]|
 ----
ProgramVariant 918
 
time(sec)= 2855
operation: RemoveOp
location= org.jfree.chart.block.BorderArrangement
line= 453
lineSuspiciousness= 1
original statement= if ((org.jfree.chart.block.BorderArrangement.this.rightBlock) != null) {
	org.jfree.chart.block.RectangleConstraint c4 = new org.jfree.chart.block.RectangleConstraint(0.0 , new org.jfree.data.Range(0.0 , ((constraint.getWidth()) - (w[2]))) , org.jfree.chart.block.LengthConstraintType.RANGE , h[2] , null , org.jfree.chart.block.LengthConstraintType.FIXED);
	org.jfree.chart.util.Size2D size = org.jfree.chart.block.BorderArrangement.this.rightBlock.arrange(g2, c4);
	w[3] = size.width;
} 
fixed statement= 
generation= 459
ingredientScope= -
validation=
failing: |true|0|5|[]|
manual_regression: |true|0|3597|[]|
evo_regression: |false|1|23|[test21(org.jfree.chart.block.BorderArrangement_ESTest): null-]|
 ----
ProgramVariant 936
 
time(sec)= 2960
operation: ReplaceOp
location= org.jfree.chart.block.BorderArrangement
line= 453
lineSuspiciousness= 1
original statement= if ((org.jfree.chart.block.BorderArrangement.this.rightBlock) != null) {
	org.jfree.chart.block.RectangleConstraint c4 = new org.jfree.chart.block.RectangleConstraint(0.0 , new org.jfree.data.Range(0.0 , ((constraint.getWidth()) - (w[2]))) , org.jfree.chart.block.LengthConstraintType.RANGE , h[2] , null , org.jfree.chart.block.LengthConstraintType.FIXED);
	org.jfree.chart.util.Size2D size = org.jfree.chart.block.BorderArrangement.this.rightBlock.arrange(g2, c4);
	w[3] = size.width;
} 
fixed statement= if ((org.jfree.chart.block.BorderArrangement.this.leftBlock) != null) {
	org.jfree.chart.block.BorderArrangement.this.leftBlock.setBounds(new java.awt.geom.Rectangle2D.Double(0.0 , h[0] , w[2] , h[2]));
} 
generation= 468
ingredientScope= LOCAL
validation=
failing: |true|0|5|[]|
manual_regression: |true|0|3597|[]|
evo_regression: |false|1|23|[test21(org.jfree.chart.block.BorderArrangement_ESTest): null-]|
 ----
ProgramVariant 1076
 
time(sec)= 3236
operation: ReplaceOp
location= org.jfree.chart.block.BorderArrangement
line= 453
lineSuspiciousness= 1
original statement= if ((org.jfree.chart.block.BorderArrangement.this.rightBlock) != null) {
	org.jfree.chart.block.RectangleConstraint c4 = new org.jfree.chart.block.RectangleConstraint(0.0 , new org.jfree.data.Range(0.0 , ((constraint.getWidth()) - (w[2]))) , org.jfree.chart.block.LengthConstraintType.RANGE , h[2] , null , org.jfree.chart.block.LengthConstraintType.FIXED);
	org.jfree.chart.util.Size2D size = org.jfree.chart.block.BorderArrangement.this.rightBlock.arrange(g2, c4);
	w[3] = size.width;
} 
fixed statement= if ((org.jfree.chart.block.BorderArrangement.this.bottomBlock) != null) {
	org.jfree.chart.block.BorderArrangement.this.bottomBlock.setBounds(new java.awt.geom.Rectangle2D.Double(0.0 , ((h[0]) + (h[2])) , w[1] , h[1]));
} 
generation= 538
ingredientScope= LOCAL
validation=
failing: |true|0|5|[]|
manual_regression: |true|0|3597|[]|
evo_regression: |false|1|23|[test21(org.jfree.chart.block.BorderArrangement_ESTest): null-]|
 ----
ProgramVariant 1096
 
time(sec)= 3334
operation: RemoveOp
location= org.jfree.chart.block.BorderArrangement
line= 453
lineSuspiciousness= 1
original statement= if ((org.jfree.chart.block.BorderArrangement.this.rightBlock) != null) {
	org.jfree.chart.block.RectangleConstraint c4 = new org.jfree.chart.block.RectangleConstraint(0.0 , new org.jfree.data.Range(0.0 , ((constraint.getWidth()) - (w[2]))) , org.jfree.chart.block.LengthConstraintType.RANGE , h[2] , null , org.jfree.chart.block.LengthConstraintType.FIXED);
	org.jfree.chart.util.Size2D size = org.jfree.chart.block.BorderArrangement.this.rightBlock.arrange(g2, c4);
	w[3] = size.width;
} 
fixed statement= 
generation= 548
ingredientScope= -
validation=
failing: |true|0|5|[]|
manual_regression: |true|0|3597|[]|
evo_regression: |false|1|23|[test21(org.jfree.chart.block.BorderArrangement_ESTest): null-]|
 ----
ProgramVariant 1108
 
time(sec)= 3429
operation: ReplaceOp
location= org.jfree.chart.block.BorderArrangement
line= 450
lineSuspiciousness= 1
original statement= w[2] = size.width
fixed statement= h[3] = h[2]
generation= 554
ingredientScope= LOCAL
validation=
failing: |true|0|5|[]|
manual_regression: |true|0|3597|[]|
evo_regression: |false|1|23|[test21(org.jfree.chart.block.BorderArrangement_ESTest): null-]|
 ----
ProgramVariant 1144
 
time(sec)= 3538
operation: ReplaceOp
location= org.jfree.chart.block.BorderArrangement
line= 450
lineSuspiciousness= 1
original statement= w[2] = size.width
fixed statement= w[0] = constraint.getWidth()
generation= 572
ingredientScope= LOCAL
validation=
failing: |true|0|5|[]|
manual_regression: |true|0|3597|[]|
evo_regression: |false|1|23|[test21(org.jfree.chart.block.BorderArrangement_ESTest): null-]|
 ----
ProgramVariant 1150
 
time(sec)= 3637
operation: ReplaceOp
location= org.jfree.chart.block.BorderArrangement
line= 444
lineSuspiciousness= 1
original statement= if ((org.jfree.chart.block.BorderArrangement.this.leftBlock) != null) {
	org.jfree.chart.block.RectangleConstraint c3 = new org.jfree.chart.block.RectangleConstraint(0.0 , new org.jfree.data.Range(0.0 , constraint.getWidth()) , org.jfree.chart.block.LengthConstraintType.RANGE , h[2] , null , org.jfree.chart.block.LengthConstraintType.FIXED);
	org.jfree.chart.util.Size2D size = org.jfree.chart.block.BorderArrangement.this.leftBlock.arrange(g2, c3);
	w[2] = size.width;
} 
fixed statement= if ((org.jfree.chart.block.BorderArrangement.this.centerBlock) != null) {
	org.jfree.chart.block.BorderArrangement.this.centerBlock.setBounds(new java.awt.geom.Rectangle2D.Double(w[2] , h[0] , w[4] , h[4]));
} 
generation= 575
ingredientScope= LOCAL
validation=
failing: |true|0|5|[]|
manual_regression: |true|0|3597|[]|
evo_regression: |false|1|23|[test21(org.jfree.chart.block.BorderArrangement_ESTest): null-]|
 ----
ProgramVariant 1382
 
time(sec)= 3970
operation: RemoveOp
location= org.jfree.chart.block.BorderArrangement
line= 444
lineSuspiciousness= 1
original statement= if ((org.jfree.chart.block.BorderArrangement.this.leftBlock) != null) {
	org.jfree.chart.block.RectangleConstraint c3 = new org.jfree.chart.block.RectangleConstraint(0.0 , new org.jfree.data.Range(0.0 , constraint.getWidth()) , org.jfree.chart.block.LengthConstraintType.RANGE , h[2] , null , org.jfree.chart.block.LengthConstraintType.FIXED);
	org.jfree.chart.util.Size2D size = org.jfree.chart.block.BorderArrangement.this.leftBlock.arrange(g2, c3);
	w[2] = size.width;
} 
fixed statement= 
generation= 691
ingredientScope= -
validation=
failing: |true|0|5|[]|
manual_regression: |true|0|3597|[]|
evo_regression: |false|1|23|[test21(org.jfree.chart.block.BorderArrangement_ESTest): null-]|
 ----
ProgramVariant 1532
 
time(sec)= 4194
operation: ReplaceOp
location= org.jfree.chart.block.BorderArrangement
line= 450
lineSuspiciousness= 1
original statement= w[2] = size.width
fixed statement= org.jfree.chart.block.BorderArrangement.this.topBlock = null
generation= 766
ingredientScope= LOCAL
validation=
failing: |true|0|5|[]|
manual_regression: |true|0|3597|[]|
evo_regression: |false|1|23|[test21(org.jfree.chart.block.BorderArrangement_ESTest): null-]|
 ----
ProgramVariant 1582
 
time(sec)= 4328
operation: ReplaceOp
location= org.jfree.chart.block.BorderArrangement
line= 444
lineSuspiciousness= 1
original statement= if ((org.jfree.chart.block.BorderArrangement.this.leftBlock) != null) {
	org.jfree.chart.block.RectangleConstraint c3 = new org.jfree.chart.block.RectangleConstraint(0.0 , new org.jfree.data.Range(0.0 , constraint.getWidth()) , org.jfree.chart.block.LengthConstraintType.RANGE , h[2] , null , org.jfree.chart.block.LengthConstraintType.FIXED);
	org.jfree.chart.util.Size2D size = org.jfree.chart.block.BorderArrangement.this.leftBlock.arrange(g2, c3);
	w[2] = size.width;
} 
fixed statement= if ((org.jfree.chart.block.BorderArrangement.this.bottomBlock) != null) {
	org.jfree.chart.block.BorderArrangement.this.bottomBlock.setBounds(new java.awt.geom.Rectangle2D.Double(0.0 , ((h[0]) + (h[2])) , w[1] , h[1]));
} 
generation= 791
ingredientScope= LOCAL
validation=
failing: |true|0|5|[]|
manual_regression: |true|0|3597|[]|
evo_regression: |false|1|23|[test21(org.jfree.chart.block.BorderArrangement_ESTest): null-]|
 ----
ProgramVariant 1590
 
time(sec)= 4416
operation: RemoveOp
location= org.jfree.chart.block.BorderArrangement
line= 453
lineSuspiciousness= 1
original statement= if ((org.jfree.chart.block.BorderArrangement.this.rightBlock) != null) {
	org.jfree.chart.block.RectangleConstraint c4 = new org.jfree.chart.block.RectangleConstraint(0.0 , new org.jfree.data.Range(0.0 , ((constraint.getWidth()) - (w[2]))) , org.jfree.chart.block.LengthConstraintType.RANGE , h[2] , null , org.jfree.chart.block.LengthConstraintType.FIXED);
	org.jfree.chart.util.Size2D size = org.jfree.chart.block.BorderArrangement.this.rightBlock.arrange(g2, c4);
	w[3] = size.width;
} 
fixed statement= 
generation= 795
ingredientScope= -
validation=
failing: |true|0|5|[]|
manual_regression: |true|0|3597|[]|
evo_regression: |false|1|23|[test21(org.jfree.chart.block.BorderArrangement_ESTest): null-]|
 ----
ProgramVariant 1692
 
time(sec)= 4601
operation: RemoveOp
location= org.jfree.chart.block.BorderArrangement
line= 453
lineSuspiciousness= 1
original statement= if ((org.jfree.chart.block.BorderArrangement.this.rightBlock) != null) {
	org.jfree.chart.block.RectangleConstraint c4 = new org.jfree.chart.block.RectangleConstraint(0.0 , new org.jfree.data.Range(0.0 , ((constraint.getWidth()) - (w[2]))) , org.jfree.chart.block.LengthConstraintType.RANGE , h[2] , null , org.jfree.chart.block.LengthConstraintType.FIXED);
	org.jfree.chart.util.Size2D size = org.jfree.chart.block.BorderArrangement.this.rightBlock.arrange(g2, c4);
	w[3] = size.width;
} 
fixed statement= 
generation= 846
ingredientScope= -
validation=
failing: |true|0|5|[]|
manual_regression: |true|0|3597|[]|
evo_regression: |false|1|23|[test21(org.jfree.chart.block.BorderArrangement_ESTest): null-]|
 ----
ProgramVariant 1804
 
time(sec)= 4823
operation: RemoveOp
location= org.jfree.chart.block.BorderArrangement
line= 444
lineSuspiciousness= 1
original statement= if ((org.jfree.chart.block.BorderArrangement.this.leftBlock) != null) {
	org.jfree.chart.block.RectangleConstraint c3 = new org.jfree.chart.block.RectangleConstraint(0.0 , new org.jfree.data.Range(0.0 , constraint.getWidth()) , org.jfree.chart.block.LengthConstraintType.RANGE , h[2] , null , org.jfree.chart.block.LengthConstraintType.FIXED);
	org.jfree.chart.util.Size2D size = org.jfree.chart.block.BorderArrangement.this.leftBlock.arrange(g2, c3);
	w[2] = size.width;
} 
fixed statement= 
generation= 902
ingredientScope= -
validation=
failing: |true|0|5|[]|
manual_regression: |true|0|3597|[]|
evo_regression: |false|1|23|[test21(org.jfree.chart.block.BorderArrangement_ESTest): null-]|
 ----
ProgramVariant 1834
 
time(sec)= 4929
operation: RemoveOp
location= org.jfree.chart.block.BorderArrangement
line= 453
lineSuspiciousness= 1
original statement= if ((org.jfree.chart.block.BorderArrangement.this.rightBlock) != null) {
	org.jfree.chart.block.RectangleConstraint c4 = new org.jfree.chart.block.RectangleConstraint(0.0 , new org.jfree.data.Range(0.0 , ((constraint.getWidth()) - (w[2]))) , org.jfree.chart.block.LengthConstraintType.RANGE , h[2] , null , org.jfree.chart.block.LengthConstraintType.FIXED);
	org.jfree.chart.util.Size2D size = org.jfree.chart.block.BorderArrangement.this.rightBlock.arrange(g2, c4);
	w[3] = size.width;
} 
fixed statement= 
generation= 917
ingredientScope= -
validation=
failing: |true|0|5|[]|
manual_regression: |true|0|3597|[]|
evo_regression: |false|1|23|[test21(org.jfree.chart.block.BorderArrangement_ESTest): null-]|
 ----
ProgramVariant 1852
 
time(sec)= 5023
operation: InsertBeforeOp
location= org.jfree.chart.block.BorderArrangement
line= 298
lineSuspiciousness= 1
original statement= h[2] = size.height
fixed statement= org.jfree.chart.block.BorderArrangement.this.leftBlock = null
generation= 926
ingredientScope= LOCAL
validation=
failing: |true|0|5|[]|
manual_regression: |true|0|3597|[]|
evo_regression: |false|1|23|[test21(org.jfree.chart.block.BorderArrangement_ESTest): null-]|
 ----
ProgramVariant 1912
 
time(sec)= 5164
operation: RemoveOp
location= org.jfree.chart.block.BorderArrangement
line= 444
lineSuspiciousness= 1
original statement= if ((org.jfree.chart.block.BorderArrangement.this.leftBlock) != null) {
	org.jfree.chart.block.RectangleConstraint c3 = new org.jfree.chart.block.RectangleConstraint(0.0 , new org.jfree.data.Range(0.0 , constraint.getWidth()) , org.jfree.chart.block.LengthConstraintType.RANGE , h[2] , null , org.jfree.chart.block.LengthConstraintType.FIXED);
	org.jfree.chart.util.Size2D size = org.jfree.chart.block.BorderArrangement.this.leftBlock.arrange(g2, c3);
	w[2] = size.width;
} 
fixed statement= 
generation= 956
ingredientScope= -
validation=
failing: |true|0|5|[]|
manual_regression: |true|0|3597|[]|
evo_regression: |false|1|23|[test21(org.jfree.chart.block.BorderArrangement_ESTest): null-]|
 ----
ProgramVariant 1920
 
time(sec)= 5238
operation: RemoveOp
location= org.jfree.chart.block.BorderArrangement
line= 444
lineSuspiciousness= 1
original statement= if ((org.jfree.chart.block.BorderArrangement.this.leftBlock) != null) {
	org.jfree.chart.block.RectangleConstraint c3 = new org.jfree.chart.block.RectangleConstraint(0.0 , new org.jfree.data.Range(0.0 , constraint.getWidth()) , org.jfree.chart.block.LengthConstraintType.RANGE , h[2] , null , org.jfree.chart.block.LengthConstraintType.FIXED);
	org.jfree.chart.util.Size2D size = org.jfree.chart.block.BorderArrangement.this.leftBlock.arrange(g2, c3);
	w[2] = size.width;
} 
fixed statement= 
generation= 960
ingredientScope= -
validation=
failing: |true|0|5|[]|
manual_regression: |true|0|3597|[]|
evo_regression: |false|1|23|[test21(org.jfree.chart.block.BorderArrangement_ESTest): null-]|
 ----
ProgramVariant 1968
 
time(sec)= 5364
operation: ReplaceOp
location= org.jfree.chart.block.BorderArrangement
line= 444
lineSuspiciousness= 1
original statement= if ((org.jfree.chart.block.BorderArrangement.this.leftBlock) != null) {
	org.jfree.chart.block.RectangleConstraint c3 = new org.jfree.chart.block.RectangleConstraint(0.0 , new org.jfree.data.Range(0.0 , constraint.getWidth()) , org.jfree.chart.block.LengthConstraintType.RANGE , h[2] , null , org.jfree.chart.block.LengthConstraintType.FIXED);
	org.jfree.chart.util.Size2D size = org.jfree.chart.block.BorderArrangement.this.leftBlock.arrange(g2, c3);
	w[2] = size.width;
} 
fixed statement= if ((org.jfree.chart.block.BorderArrangement.this.leftBlock) != null) {
	org.jfree.chart.block.BorderArrangement.this.leftBlock.setBounds(new java.awt.geom.Rectangle2D.Double(0.0 , h[0] , w[2] , h[2]));
} 
generation= 984
ingredientScope= LOCAL
validation=
failing: |true|0|5|[]|
manual_regression: |true|0|3597|[]|
evo_regression: |false|1|23|[test21(org.jfree.chart.block.BorderArrangement_ESTest): null-]|
 ----
ProgramVariant 2304
 
time(sec)= 5840
operation: ReplaceOp
location= org.jfree.chart.block.BorderArrangement
line= 453
lineSuspiciousness= 1
original statement= if ((org.jfree.chart.block.BorderArrangement.this.rightBlock) != null) {
	org.jfree.chart.block.RectangleConstraint c4 = new org.jfree.chart.block.RectangleConstraint(0.0 , new org.jfree.data.Range(0.0 , ((constraint.getWidth()) - (w[2]))) , org.jfree.chart.block.LengthConstraintType.RANGE , h[2] , null , org.jfree.chart.block.LengthConstraintType.FIXED);
	org.jfree.chart.util.Size2D size = org.jfree.chart.block.BorderArrangement.this.rightBlock.arrange(g2, c4);
	w[3] = size.width;
} 
fixed statement= if ((org.jfree.chart.block.BorderArrangement.this.rightBlock) != null) {
	org.jfree.chart.block.BorderArrangement.this.rightBlock.setBounds(new java.awt.geom.Rectangle2D.Double(((w[2]) + (w[4])) , h[0] , w[3] , h[3]));
} 
generation= 1152
ingredientScope= LOCAL
validation=
failing: |true|0|5|[]|
manual_regression: |true|0|3597|[]|
evo_regression: |false|1|23|[test21(org.jfree.chart.block.BorderArrangement_ESTest): null-]|
 ----
ProgramVariant 2346
 
time(sec)= 5993
operation: ReplaceOp
location= org.jfree.chart.block.BorderArrangement
line= 450
lineSuspiciousness= 1
original statement= w[2] = size.width
fixed statement= w[1] = w[0]
generation= 1173
ingredientScope= LOCAL
validation=
failing: |true|0|5|[]|
manual_regression: |true|0|3597|[]|
evo_regression: |false|1|23|[test21(org.jfree.chart.block.BorderArrangement_ESTest): null-]|
 ----
ProgramVariant 2398
 
time(sec)= 6138
operation: RemoveOp
location= org.jfree.chart.block.BorderArrangement
line= 450
lineSuspiciousness= 1
original statement= w[2] = size.width
fixed statement= 
generation= 1199
ingredientScope= -
validation=
failing: |true|0|5|[]|
manual_regression: |true|0|3597|[]|
evo_regression: |false|1|23|[test21(org.jfree.chart.block.BorderArrangement_ESTest): null-]|
 ----
ProgramVariant 2452
 
time(sec)= 6266
operation: RemoveOp
location= org.jfree.chart.block.BorderArrangement
line= 444
lineSuspiciousness= 1
original statement= if ((org.jfree.chart.block.BorderArrangement.this.leftBlock) != null) {
	org.jfree.chart.block.RectangleConstraint c3 = new org.jfree.chart.block.RectangleConstraint(0.0 , new org.jfree.data.Range(0.0 , constraint.getWidth()) , org.jfree.chart.block.LengthConstraintType.RANGE , h[2] , null , org.jfree.chart.block.LengthConstraintType.FIXED);
	org.jfree.chart.util.Size2D size = org.jfree.chart.block.BorderArrangement.this.leftBlock.arrange(g2, c3);
	w[2] = size.width;
} 
fixed statement= 
generation= 1226
ingredientScope= -
validation=
failing: |true|0|5|[]|
manual_regression: |true|0|3597|[]|
evo_regression: |false|1|23|[test21(org.jfree.chart.block.BorderArrangement_ESTest): null-]|
 ----
ProgramVariant 2490
 
time(sec)= 6415
operation: RemoveOp
location= org.jfree.chart.block.BorderArrangement
line= 444
lineSuspiciousness= 1
original statement= if ((org.jfree.chart.block.BorderArrangement.this.leftBlock) != null) {
	org.jfree.chart.block.RectangleConstraint c3 = new org.jfree.chart.block.RectangleConstraint(0.0 , new org.jfree.data.Range(0.0 , constraint.getWidth()) , org.jfree.chart.block.LengthConstraintType.RANGE , h[2] , null , org.jfree.chart.block.LengthConstraintType.FIXED);
	org.jfree.chart.util.Size2D size = org.jfree.chart.block.BorderArrangement.this.leftBlock.arrange(g2, c3);
	w[2] = size.width;
} 
fixed statement= 
generation= 1245
ingredientScope= -
validation=
failing: |true|0|5|[]|
manual_regression: |true|0|3597|[]|
evo_regression: |false|1|23|[test21(org.jfree.chart.block.BorderArrangement_ESTest): null-]|
 ----
ProgramVariant 2534
 
time(sec)= 6515
operation: RemoveOp
location= org.jfree.chart.block.BorderArrangement
line= 453
lineSuspiciousness= 1
original statement= if ((org.jfree.chart.block.BorderArrangement.this.rightBlock) != null) {
	org.jfree.chart.block.RectangleConstraint c4 = new org.jfree.chart.block.RectangleConstraint(0.0 , new org.jfree.data.Range(0.0 , ((constraint.getWidth()) - (w[2]))) , org.jfree.chart.block.LengthConstraintType.RANGE , h[2] , null , org.jfree.chart.block.LengthConstraintType.FIXED);
	org.jfree.chart.util.Size2D size = org.jfree.chart.block.BorderArrangement.this.rightBlock.arrange(g2, c4);
	w[3] = size.width;
} 
fixed statement= 
generation= 1267
ingredientScope= -
validation=
failing: |true|0|5|[]|
manual_regression: |true|0|3597|[]|
evo_regression: |false|1|23|[test21(org.jfree.chart.block.BorderArrangement_ESTest): null-]|
 ----
ProgramVariant 2670
 
time(sec)= 6741
operation: RemoveOp
location= org.jfree.chart.block.BorderArrangement
line= 453
lineSuspiciousness= 1
original statement= if ((org.jfree.chart.block.BorderArrangement.this.rightBlock) != null) {
	org.jfree.chart.block.RectangleConstraint c4 = new org.jfree.chart.block.RectangleConstraint(0.0 , new org.jfree.data.Range(0.0 , ((constraint.getWidth()) - (w[2]))) , org.jfree.chart.block.LengthConstraintType.RANGE , h[2] , null , org.jfree.chart.block.LengthConstraintType.FIXED);
	org.jfree.chart.util.Size2D size = org.jfree.chart.block.BorderArrangement.this.rightBlock.arrange(g2, c4);
	w[3] = size.width;
} 
fixed statement= 
generation= 1335
ingredientScope= -
validation=
failing: |true|0|5|[]|
manual_regression: |true|0|3597|[]|
evo_regression: |false|1|23|[test21(org.jfree.chart.block.BorderArrangement_ESTest): null-]|
 ----
ProgramVariant 2732
 
time(sec)= 6880
operation: ReplaceOp
location= org.jfree.chart.block.BorderArrangement
line= 450
lineSuspiciousness= 1
original statement= w[2] = size.width
fixed statement= h[4] = h[2]
generation= 1366
ingredientScope= LOCAL
validation=
failing: |true|0|5|[]|
manual_regression: |true|0|3597|[]|
evo_regression: |false|1|23|[test21(org.jfree.chart.block.BorderArrangement_ESTest): null-]|
 ----
ProgramVariant 2774
 
time(sec)= 7000
operation: ReplaceOp
location= org.jfree.chart.block.BorderArrangement
line= 444
lineSuspiciousness= 1
original statement= if ((org.jfree.chart.block.BorderArrangement.this.leftBlock) != null) {
	org.jfree.chart.block.RectangleConstraint c3 = new org.jfree.chart.block.RectangleConstraint(0.0 , new org.jfree.data.Range(0.0 , constraint.getWidth()) , org.jfree.chart.block.LengthConstraintType.RANGE , h[2] , null , org.jfree.chart.block.LengthConstraintType.FIXED);
	org.jfree.chart.util.Size2D size = org.jfree.chart.block.BorderArrangement.this.leftBlock.arrange(g2, c3);
	w[2] = size.width;
} 
fixed statement= if ((org.jfree.chart.block.BorderArrangement.this.rightBlock) != null) {
	org.jfree.chart.block.BorderArrangement.this.rightBlock.setBounds(new java.awt.geom.Rectangle2D.Double(((w[2]) + (w[4])) , h[0] , w[3] , h[3]));
} 
generation= 1387
ingredientScope= LOCAL
validation=
failing: |true|0|5|[]|
manual_regression: |true|0|3597|[]|
evo_regression: |false|1|23|[test21(org.jfree.chart.block.BorderArrangement_ESTest): null-]|
 ----
ProgramVariant 2808
 
time(sec)= 7106
operation: ReplaceOp
location= org.jfree.chart.block.BorderArrangement
line= 297
lineSuspiciousness= 1
original statement= w[2] = size.width
fixed statement= org.jfree.chart.block.BorderArrangement.this.leftBlock = null
generation= 1404
ingredientScope= LOCAL
validation=
failing: |true|0|5|[]|
manual_regression: |true|0|3597|[]|
evo_regression: |false|1|23|[test21(org.jfree.chart.block.BorderArrangement_ESTest): null-]|
 ----
ProgramVariant 2912
 
time(sec)= 7305
operation: ReplaceOp
location= org.jfree.chart.block.BorderArrangement
line= 443
lineSuspiciousness= 1
original statement= h[2] = ((constraint.getHeight()) - (h[1])) - (h[0])
fixed statement= org.jfree.chart.block.BorderArrangement.this.rightBlock = null
generation= 1456
ingredientScope= LOCAL
validation=
failing: |true|0|5|[]|
manual_regression: |true|0|3597|[]|
evo_regression: |false|1|23|[test21(org.jfree.chart.block.BorderArrangement_ESTest): null-]|
[INFO ] fr.inria.main.evolution.AstorMain.run(AstorMain.java:397) - Time Total(s): 7351.523


Node: grimoire-1.nancy.grid5000.fr


Date: Fri Jan 20 00:19:10 CET 2017

removed classes 

zipped 

copied zip 


