seed AstorRun 23 
export PATH="/home/mmartinez/defects4j/framework/bin:$PATH";export JAVA_TOOL_OPTIONS=-Dfile.encoding=UTF8;export PATH="/usr/lib/jvm/java-1.7.0-openjdk-amd64/bin/:$PATH";cd /home/mmartinez/projects/math/math_81;defects4j compile;cp -r /home/mmartinez/projects/math/math_81 /tmp/math_81_Genprog_local_s1;cd /tmp/math_81_Genprog_local_s1;mkdir lib/;cp -r /home/mmartinez/defects4j/framework/projects/lib/* lib/;cp -r /home/mmartinez/defects4j/framework/projects/Math/lib/* lib/;find . -type f -name "package-info.java" -delete;
/home/mmartinez/defects4j-repair/src/python/core/../../../results/2016-june/Math/seed/23/package/81/Genprog/result
cd /tmp/math_81_Genprog_local_s1;export JAVA_TOOL_OPTIONS=-Dfile.encoding=UTF8;TZ="America/New_York"; export TZexport PATH="/usr/lib/jvm/java-1.7.0-openjdk-amd64/bin/:$PATH";time /home/mmartinez/jdk1.8.0_45/bin//java -Xmx4096m -cp /home/mmartinez/defects4j-repair/src/python/core/../../..//libs/astor.jar fr.inria.main.evolution.MainjGenProg -mode statement -location . -id Math -dependencies lib/ -failing org.apache.commons.math.linear.EigenDecompositionImplTest: -package org.apache.commons -jvm4testexecution /usr/lib/jvm/java-1.7.0-openjdk-amd64/bin/ -jvm4evosuitetestexecution /home/mmartinez/jdk1.8.0_45/bin/ -javacompliancelevel 5 -maxgen 1000000 -seed 23 -scope package -maxtime 120  -stopfirst false -population 1 -srcjavafolder src/main/java/ -srctestfolder src/test/java/ -binjavafolder target/classes/ -bintestfolder target/test-classes/ -flthreshold 0.1  -validation  fr.inria.astor.core.validation.validators.RegressionValidation  -ESParameters -Dassertion_timeout=1800:-Dminimization_timeout=1800:-Djunit_check_timeout=1800:-Dwrite_junit_timeout=300:-Dinitialization_timeout=300:-Dglobal_timeout=18000:-Dsearch_budget=100000:-Dstopping_condition=MaxStatements:-Dno_runtime_dependency=true:-Dsandbox=false:-Dp_reflection_on_private=0.0:-Dreflection_start_percent=1.0:-Dp_functional_mocking=0.0:-Dfunctional_mocking_percent=1.0:-mem=2000 -ignoredtestcases org.apache.commons.lang.LocaleUtilsTest  -excludeRegression  -maxgen 100000000 ;echo "

Node: `hostname`
";echo "
Date: `date`
"; find /tmp/math_81_Genprog_local_s1/outputMutation -name "*.class" -type f -delete;echo "removed classes 
"; find . -name bin  -type d -print0|xargs -0 rm -r --; zip -r -q out.zip /tmp/math_81_Genprog_local_s1/outputMutation; echo "zipped 
";cp out.zip /home/mmartinez/defects4j-repair/src/python/core/../../../results/2016-june/Math/seed/23/package/81/Genprog; echo "copied zip 
";rm -rf /tmp/math_81_Genprog_local_s1;

[DEBUG] fr.inria.astor.core.loop.AstorCoreEngine.showResults(AstorCoreEngine.java:136) - End Repair Loops: Found solution
[DEBUG] fr.inria.astor.core.loop.AstorCoreEngine.showResults(AstorCoreEngine.java:137) - Solution stored at: /tmp/math_81_Genprog_local_s1/./outputMutation/AstorMain-Math//src/
[DEBUG] fr.inria.astor.core.loop.AstorCoreEngine.showResults(AstorCoreEngine.java:142) - 
Number solutions:5
[DEBUG] fr.inria.astor.core.loop.AstorCoreEngine.showResults(AstorCoreEngine.java:144) - f (sol): 2.0, [Variant id: 80 (SOL) , #gens: 350, #ops: 1, parent:79]
[DEBUG] fr.inria.astor.core.loop.AstorCoreEngine.showResults(AstorCoreEngine.java:144) - f (sol): 2.0, [Variant id: 88 (SOL) , #gens: 350, #ops: 1, parent:87]
[DEBUG] fr.inria.astor.core.loop.AstorCoreEngine.showResults(AstorCoreEngine.java:144) - f (sol): 2.0, [Variant id: 346 (SOL) , #gens: 351, #ops: 1, parent:345]
[DEBUG] fr.inria.astor.core.loop.AstorCoreEngine.showResults(AstorCoreEngine.java:144) - f (sol): 2.0, [Variant id: 680 (SOL) , #gens: 350, #ops: 1, parent:679]
[DEBUG] fr.inria.astor.core.loop.AstorCoreEngine.showResults(AstorCoreEngine.java:144) - f (sol): 1.0, [Variant id: 800 (SOL) , #gens: 351, #ops: 1, parent:799]
[DEBUG] fr.inria.astor.core.loop.AstorCoreEngine.showResults(AstorCoreEngine.java:146) - 
All variants:
[DEBUG] fr.inria.astor.core.loop.AstorCoreEngine.showResults(AstorCoreEngine.java:148) - f 1.0, [Variant id: 949, #gens: 351, #ops: 0, parent:-]
[INFO ] fr.inria.astor.core.loop.AstorCoreEngine.showResults(AstorCoreEngine.java:152) - 
Solution details
[INFO ] fr.inria.astor.core.loop.AstorCoreEngine.showResults(AstorCoreEngine.java:153) - 
 --SOLUTIONS DESCRIPTION--

 ----
ProgramVariant 80
 
time(sec)= 2409
operation: RemoveOp
location= org.apache.commons.math.linear.EigenDecompositionImpl
line= 1480
lineSuspiciousness= 0.5
original statement= a2 = 0.0
fixed statement= 
generation= 40
ingredientScope= -
validation=
failing: |true|0|17|[]|
manual_regression: |false|1|2101|[testNextPoissonConsistency(org.apache.commons.math.random.RandomDataTest): Chisquare test failed for mean = 901.3993564089002 p-value = 8.304012612614375E-5 chisquare statistic = 46.44612857442098.]|
evo_regression: |false|1|51|[test19(org.apache.commons.math.linear.EigenDecompositionImpl_ESTest): expected:<-9.617563838852867E10> but was:<-9.617563837567093E10>-]|
 ----
ProgramVariant 88
 
time(sec)= 2504
operation: RemoveOp
location= org.apache.commons.math.linear.EigenDecompositionImpl
line= 1521
lineSuspiciousness= 0.316
original statement= s = (gam * (1 - (java.lang.Math.sqrt(a2)))) / (1 + a2)
fixed statement= 
generation= 44
ingredientScope= -
validation=
failing: |true|0|17|[]|
manual_regression: |true|0|2101|[]|
evo_regression: |false|2|51|[test19(org.apache.commons.math.linear.EigenDecompositionImpl_ESTest): expected:<-9.617563838852867E10> but was:<-9.617563838595724E10>-, test20(org.apache.commons.math.linear.EigenDecompositionImpl_ESTest): expected:<-6.8279602154883336E16> but was:<-6.82796021548834E16>-]|
 ----
ProgramVariant 346
 
time(sec)= 4072
operation: ReplaceOp
location= org.apache.commons.math.linear.EigenDecompositionImpl
line= 1480
lineSuspiciousness= 0.5
original statement= a2 = 0.0
fixed statement= org.apache.commons.math.linear.EigenDecompositionImpl.this.main = main.clone()
generation= 173
ingredientScope= LOCAL
validation=
failing: |true|0|17|[]|
manual_regression: |false|1|2101|[testNextPoissonConsistency(org.apache.commons.math.random.RandomDataTest): Chisquare test failed for mean = 95.0 p-value = 2.7443714356922833E-5 chisquare statistic = 40.67181393787237.]|
evo_regression: |false|1|51|[test19(org.apache.commons.math.linear.EigenDecompositionImpl_ESTest): expected:<-9.617563838852867E10> but was:<-9.617563837567093E10>-]|
 ----
ProgramVariant 680
 
time(sec)= 6163
operation: RemoveOp
location= org.apache.commons.math.linear.EigenDecompositionImpl
line= 1543
lineSuspiciousness= 0.577
original statement= if ((end - start) > 2) {
	b2 = (work[(nn - 13)]) / (work[(nn - 15)]);
	a2 = a2 + b2;
	for (int i4 = nn - 17 ; i4 >= (((4 * start) + 2) + (pingPong)) ; i4 -= 4) {
		if (b2 == 0.0) {
			break;
		} 
		b1 = b2;
		if ((work[i4]) > (work[(i4 - 2)])) {
			return ;
		} 
		b2 = b2 * ((work[i4]) / (work[(i4 - 2)]));
		a2 = a2 + b2;
		if (((100 * (java.lang.Math.max(b2, b1))) < a2) || (cnst1 < a2)) {
			break;
		} 
	}
	a2 = cnst3 * a2;
} 
fixed statement= 
generation= 340
ingredientScope= -
validation=
failing: |true|0|17|[]|
manual_regression: |true|0|2101|[]|
evo_regression: |false|2|51|[test20(org.apache.commons.math.linear.EigenDecompositionImpl_ESTest): expected:<-6.8279602154883336E16> but was:<-6.8279602154883256E16>-, test23(org.apache.commons.math.linear.EigenDecompositionImpl_ESTest): expected:<4.583387684382394E12> but was:<4.583387684382404E12>-]|
 ----
ProgramVariant 800
 
time(sec)= 6599
operation: ReplaceOp
location= org.apache.commons.math.linear.EigenDecompositionImpl
line= 1544
lineSuspiciousness= 0.577
original statement= b2 = (work[(nn - 13)]) / (work[(nn - 15)])
fixed statement= tType = -8
generation= 400
ingredientScope= LOCAL
validation=
failing: |true|0|17|[]|
manual_regression: |true|0|2101|[]|
evo_regression: |false|1|51|[test20(org.apache.commons.math.linear.EigenDecompositionImpl_ESTest): expected:<-6.8279602154883336E16> but was:<-6.8279602154883256E16>-]|
[INFO ] fr.inria.main.evolution.AstorMain.run(AstorMain.java:397) - Time Total(s): 7554.221


Node: graphene-85.nancy.grid5000.fr


Date: Wed Jan 25 08:44:21 CET 2017

removed classes 

zipped 

copied zip 


