seed AstorRun 17 
export PATH="/home/mmartinez/defects4j/framework/bin:$PATH";export JAVA_TOOL_OPTIONS=-Dfile.encoding=UTF8;export PATH="/usr/lib/jvm/java-1.7.0-openjdk-amd64/bin/:$PATH";cd /home/mmartinez/projects/chart/chart_21;defects4j compile;cp -r /home/mmartinez/projects/chart/chart_21 /tmp/chart_21_Genprog_local_s1;cd /tmp/chart_21_Genprog_local_s1;mkdir lib/;cp -r /home/mmartinez/defects4j/framework/projects/lib/* lib/;cp -r /home/mmartinez/defects4j/framework/projects/Chart/lib/* lib/;find . -type f -name "package-info.java" -delete;
/home/mmartinez/defects4j-repair/src/python/core/../../../results/2016-june/Chart/seed/17/package/21/Genprog/result
cd /tmp/chart_21_Genprog_local_s1;export JAVA_TOOL_OPTIONS=-Dfile.encoding=UTF8;TZ="America/New_York"; export TZexport PATH="/usr/lib/jvm/java-1.7.0-openjdk-amd64/bin/:$PATH";time /home/mmartinez/jdk1.8.0_45/bin//java -Xmx4096m -cp /home/mmartinez/defects4j-repair/src/python/core/../../..//libs/astor.jar fr.inria.main.evolution.MainjGenProg -mode statement -location . -id Chart -dependencies lib/ -failing org.jfree.data.statistics.junit.DefaultBoxAndWhiskerCategoryDatasetTests: -package org.jfree -jvm4testexecution /usr/lib/jvm/java-1.7.0-openjdk-amd64/bin/ -jvm4evosuitetestexecution /home/mmartinez/jdk1.8.0_45/bin/ -javacompliancelevel 4 -maxgen 1000000 -seed 17 -scope package -maxtime 120  -stopfirst false -population 1 -srcjavafolder source/ -srctestfolder tests/ -binjavafolder build/ -bintestfolder build-tests/ -flthreshold 0.1  -validation  fr.inria.astor.core.validation.validators.RegressionValidation  -ESParameters -Dassertion_timeout=1800:-Dminimization_timeout=1800:-Djunit_check_timeout=1800:-Dwrite_junit_timeout=300:-Dinitialization_timeout=300:-Dglobal_timeout=18000:-Dsearch_budget=100000:-Dstopping_condition=MaxStatements:-Dno_runtime_dependency=true:-Dsandbox=false:-Dp_reflection_on_private=0.0:-Dreflection_start_percent=1.0:-Dp_functional_mocking=0.0:-Dfunctional_mocking_percent=1.0:-mem=2000 -ignoredtestcases org.apache.commons.lang.LocaleUtilsTest  -excludeRegression  -maxgen 100000000 ;echo "

Node: `hostname`
";echo "
Date: `date`
"; find /tmp/chart_21_Genprog_local_s1/outputMutation -name "*.class" -type f -delete;echo "removed classes 
"; find . -name bin  -type d -print0|xargs -0 rm -r --; zip -r -q out.zip /tmp/chart_21_Genprog_local_s1/outputMutation; echo "zipped 
";cp out.zip /home/mmartinez/defects4j-repair/src/python/core/../../../results/2016-june/Chart/seed/17/package/21/Genprog; echo "copied zip 
";rm -rf /tmp/chart_21_Genprog_local_s1;

[DEBUG] fr.inria.astor.core.loop.AstorCoreEngine.showResults(AstorCoreEngine.java:136) - End Repair Loops: Found solution
[DEBUG] fr.inria.astor.core.loop.AstorCoreEngine.showResults(AstorCoreEngine.java:137) - Solution stored at: /tmp/chart_21_Genprog_local_s1/./outputMutation/AstorMain-Chart//src/
[DEBUG] fr.inria.astor.core.loop.AstorCoreEngine.showResults(AstorCoreEngine.java:142) - 
Number solutions:28
[DEBUG] fr.inria.astor.core.loop.AstorCoreEngine.showResults(AstorCoreEngine.java:144) - f (sol): 10.0, [Variant id: 420 (SOL) , #gens: 69, #ops: 1, parent:419]
[DEBUG] fr.inria.astor.core.loop.AstorCoreEngine.showResults(AstorCoreEngine.java:144) - f (sol): 4.0, [Variant id: 1088 (SOL) , #gens: 68, #ops: 1, parent:1087]
[DEBUG] fr.inria.astor.core.loop.AstorCoreEngine.showResults(AstorCoreEngine.java:144) - f (sol): 4.0, [Variant id: 1502 (SOL) , #gens: 68, #ops: 1, parent:1501]
[DEBUG] fr.inria.astor.core.loop.AstorCoreEngine.showResults(AstorCoreEngine.java:144) - f (sol): 4.0, [Variant id: 1518 (SOL) , #gens: 68, #ops: 1, parent:1517]
[DEBUG] fr.inria.astor.core.loop.AstorCoreEngine.showResults(AstorCoreEngine.java:144) - f (sol): 4.0, [Variant id: 1548 (SOL) , #gens: 68, #ops: 1, parent:1547]
[DEBUG] fr.inria.astor.core.loop.AstorCoreEngine.showResults(AstorCoreEngine.java:144) - f (sol): 4.0, [Variant id: 1554 (SOL) , #gens: 68, #ops: 1, parent:1553]
[DEBUG] fr.inria.astor.core.loop.AstorCoreEngine.showResults(AstorCoreEngine.java:144) - f (sol): 4.0, [Variant id: 1920 (SOL) , #gens: 68, #ops: 1, parent:1919]
[DEBUG] fr.inria.astor.core.loop.AstorCoreEngine.showResults(AstorCoreEngine.java:144) - f (sol): 4.0, [Variant id: 2136 (SOL) , #gens: 68, #ops: 1, parent:2135]
[DEBUG] fr.inria.astor.core.loop.AstorCoreEngine.showResults(AstorCoreEngine.java:144) - f (sol): 4.0, [Variant id: 2432 (SOL) , #gens: 68, #ops: 1, parent:2431]
[DEBUG] fr.inria.astor.core.loop.AstorCoreEngine.showResults(AstorCoreEngine.java:144) - f (sol): 4.0, [Variant id: 2572 (SOL) , #gens: 69, #ops: 1, parent:2571]
[DEBUG] fr.inria.astor.core.loop.AstorCoreEngine.showResults(AstorCoreEngine.java:144) - f (sol): 4.0, [Variant id: 2674 (SOL) , #gens: 68, #ops: 1, parent:2673]
[DEBUG] fr.inria.astor.core.loop.AstorCoreEngine.showResults(AstorCoreEngine.java:144) - f (sol): 4.0, [Variant id: 2864 (SOL) , #gens: 68, #ops: 1, parent:2863]
[DEBUG] fr.inria.astor.core.loop.AstorCoreEngine.showResults(AstorCoreEngine.java:144) - f (sol): 4.0, [Variant id: 3100 (SOL) , #gens: 68, #ops: 1, parent:3099]
[DEBUG] fr.inria.astor.core.loop.AstorCoreEngine.showResults(AstorCoreEngine.java:144) - f (sol): 4.0, [Variant id: 3346 (SOL) , #gens: 68, #ops: 1, parent:3345]
[DEBUG] fr.inria.astor.core.loop.AstorCoreEngine.showResults(AstorCoreEngine.java:144) - f (sol): 4.0, [Variant id: 3546 (SOL) , #gens: 68, #ops: 1, parent:3545]
[DEBUG] fr.inria.astor.core.loop.AstorCoreEngine.showResults(AstorCoreEngine.java:144) - f (sol): 4.0, [Variant id: 3622 (SOL) , #gens: 68, #ops: 1, parent:3621]
[DEBUG] fr.inria.astor.core.loop.AstorCoreEngine.showResults(AstorCoreEngine.java:144) - f (sol): 4.0, [Variant id: 4088 (SOL) , #gens: 68, #ops: 1, parent:4087]
[DEBUG] fr.inria.astor.core.loop.AstorCoreEngine.showResults(AstorCoreEngine.java:144) - f (sol): 4.0, [Variant id: 4516 (SOL) , #gens: 68, #ops: 1, parent:4515]
[DEBUG] fr.inria.astor.core.loop.AstorCoreEngine.showResults(AstorCoreEngine.java:144) - f (sol): 4.0, [Variant id: 4938 (SOL) , #gens: 68, #ops: 1, parent:4937]
[DEBUG] fr.inria.astor.core.loop.AstorCoreEngine.showResults(AstorCoreEngine.java:144) - f (sol): 4.0, [Variant id: 4940 (SOL) , #gens: 68, #ops: 1, parent:4939]
[DEBUG] fr.inria.astor.core.loop.AstorCoreEngine.showResults(AstorCoreEngine.java:144) - f (sol): 4.0, [Variant id: 5546 (SOL) , #gens: 68, #ops: 1, parent:5545]
[DEBUG] fr.inria.astor.core.loop.AstorCoreEngine.showResults(AstorCoreEngine.java:144) - f (sol): 4.0, [Variant id: 5852 (SOL) , #gens: 69, #ops: 1, parent:5851]
[DEBUG] fr.inria.astor.core.loop.AstorCoreEngine.showResults(AstorCoreEngine.java:144) - f (sol): 4.0, [Variant id: 6310 (SOL) , #gens: 68, #ops: 1, parent:6309]
[DEBUG] fr.inria.astor.core.loop.AstorCoreEngine.showResults(AstorCoreEngine.java:144) - f (sol): 4.0, [Variant id: 6730 (SOL) , #gens: 68, #ops: 1, parent:6729]
[DEBUG] fr.inria.astor.core.loop.AstorCoreEngine.showResults(AstorCoreEngine.java:144) - f (sol): 4.0, [Variant id: 6794 (SOL) , #gens: 68, #ops: 1, parent:6793]
[DEBUG] fr.inria.astor.core.loop.AstorCoreEngine.showResults(AstorCoreEngine.java:144) - f (sol): 4.0, [Variant id: 7098 (SOL) , #gens: 68, #ops: 1, parent:7097]
[DEBUG] fr.inria.astor.core.loop.AstorCoreEngine.showResults(AstorCoreEngine.java:144) - f (sol): 4.0, [Variant id: 7730 (SOL) , #gens: 68, #ops: 1, parent:7729]
[DEBUG] fr.inria.astor.core.loop.AstorCoreEngine.showResults(AstorCoreEngine.java:144) - f (sol): 4.0, [Variant id: 7920 (SOL) , #gens: 68, #ops: 1, parent:7919]
[DEBUG] fr.inria.astor.core.loop.AstorCoreEngine.showResults(AstorCoreEngine.java:146) - 
All variants:
[DEBUG] fr.inria.astor.core.loop.AstorCoreEngine.showResults(AstorCoreEngine.java:148) - f 1.0, [Variant id: 8083, #gens: 69, #ops: 0, parent:-]
[INFO ] fr.inria.astor.core.loop.AstorCoreEngine.showResults(AstorCoreEngine.java:152) - 
Solution details
[INFO ] fr.inria.astor.core.loop.AstorCoreEngine.showResults(AstorCoreEngine.java:153) - 
 --SOLUTIONS DESCRIPTION--

 ----
ProgramVariant 420
 
time(sec)= 407
operation: ReplaceOp
location= org.jfree.data.Range
line= 335
lineSuspiciousness= 0.408
original statement= return false
fixed statement= return true
generation= 210
ingredientScope= PACKAGE
validation=
failing: |true|0|8|[]|
manual_regression: |false|8|3303|[testEquals(org.jfree.chart.axis.junit.ValueAxisTests): null-, testEquals(org.jfree.chart.axis.junit.ValueAxisTests): null-, testEquals(org.jfree.chart.plot.junit.MeterPlotTests): null-, testEquals(org.jfree.chart.plot.junit.MeterPlotTests): null-, testEquals(org.jfree.data.junit.RangeTests): null-, testEquals(org.jfree.data.junit.RangeTests): null-, testEquals(org.jfree.data.time.junit.DateRangeTests): null-, testEquals(org.jfree.data.time.junit.DateRangeTests): null-]|
evo_regression: |false|2|51|[test01(org.jfree.data.Range_ESTest): null-, test30(org.jfree.data.Range_ESTest): null-]|
 ----
ProgramVariant 1088
 
time(sec)= 926
operation: RemoveOp
location= org.jfree.data.Range
line= 335
lineSuspiciousness= 0.408
original statement= return false
fixed statement= 
generation= 544
ingredientScope= -
validation=
failing: |true|0|8|[]|
manual_regression: |false|4|3303|[testEquals(org.jfree.data.junit.RangeTests): null-, testEquals(org.jfree.data.junit.RangeTests): null-, testEquals(org.jfree.data.time.junit.DateRangeTests): null-, testEquals(org.jfree.data.time.junit.DateRangeTests): null-]|
evo_regression: |true|0|51|[]|
 ----
ProgramVariant 1502
 
time(sec)= 1245
operation: RemoveOp
location= org.jfree.data.Range
line= 335
lineSuspiciousness= 0.408
original statement= return false
fixed statement= 
generation= 751
ingredientScope= -
validation=
failing: |true|0|8|[]|
manual_regression: |false|4|3303|[testEquals(org.jfree.data.junit.RangeTests): null-, testEquals(org.jfree.data.junit.RangeTests): null-, testEquals(org.jfree.data.time.junit.DateRangeTests): null-, testEquals(org.jfree.data.time.junit.DateRangeTests): null-]|
evo_regression: |true|0|51|[]|
 ----
ProgramVariant 1518
 
time(sec)= 1331
operation: RemoveOp
location= org.jfree.data.Range
line= 335
lineSuspiciousness= 0.408
original statement= return false
fixed statement= 
generation= 759
ingredientScope= -
validation=
failing: |true|0|8|[]|
manual_regression: |false|4|3303|[testEquals(org.jfree.data.junit.RangeTests): null-, testEquals(org.jfree.data.junit.RangeTests): null-, testEquals(org.jfree.data.time.junit.DateRangeTests): null-, testEquals(org.jfree.data.time.junit.DateRangeTests): null-]|
evo_regression: |true|0|51|[]|
 ----
ProgramVariant 1548
 
time(sec)= 1422
operation: RemoveOp
location= org.jfree.data.Range
line= 334
lineSuspiciousness= 0.109
original statement= if (!((org.jfree.data.Range.this.lower) == (range.lower))) {
	return false;
} 
fixed statement= 
generation= 774
ingredientScope= -
validation=
failing: |true|0|8|[]|
manual_regression: |false|4|3303|[testEquals(org.jfree.data.junit.RangeTests): null-, testEquals(org.jfree.data.junit.RangeTests): null-, testEquals(org.jfree.data.time.junit.DateRangeTests): null-, testEquals(org.jfree.data.time.junit.DateRangeTests): null-]|
evo_regression: |true|0|51|[]|
 ----
ProgramVariant 1554
 
time(sec)= 1492
operation: RemoveOp
location= org.jfree.data.Range
line= 335
lineSuspiciousness= 0.408
original statement= return false
fixed statement= 
generation= 777
ingredientScope= -
validation=
failing: |true|0|8|[]|
manual_regression: |false|4|3303|[testEquals(org.jfree.data.junit.RangeTests): null-, testEquals(org.jfree.data.junit.RangeTests): null-, testEquals(org.jfree.data.time.junit.DateRangeTests): null-, testEquals(org.jfree.data.time.junit.DateRangeTests): null-]|
evo_regression: |true|0|51|[]|
 ----
ProgramVariant 1920
 
time(sec)= 1856
operation: RemoveOp
location= org.jfree.data.Range
line= 335
lineSuspiciousness= 0.408
original statement= return false
fixed statement= 
generation= 960
ingredientScope= -
validation=
failing: |true|0|8|[]|
manual_regression: |false|4|3303|[testEquals(org.jfree.data.junit.RangeTests): null-, testEquals(org.jfree.data.junit.RangeTests): null-, testEquals(org.jfree.data.time.junit.DateRangeTests): null-, testEquals(org.jfree.data.time.junit.DateRangeTests): null-]|
evo_regression: |true|0|51|[]|
 ----
ProgramVariant 2136
 
time(sec)= 2073
operation: RemoveOp
location= org.jfree.data.Range
line= 335
lineSuspiciousness= 0.408
original statement= return false
fixed statement= 
generation= 1068
ingredientScope= -
validation=
failing: |true|0|8|[]|
manual_regression: |false|4|3303|[testEquals(org.jfree.data.junit.RangeTests): null-, testEquals(org.jfree.data.junit.RangeTests): null-, testEquals(org.jfree.data.time.junit.DateRangeTests): null-, testEquals(org.jfree.data.time.junit.DateRangeTests): null-]|
evo_regression: |true|0|51|[]|
 ----
ProgramVariant 2432
 
time(sec)= 2358
operation: RemoveOp
location= org.jfree.data.Range
line= 335
lineSuspiciousness= 0.408
original statement= return false
fixed statement= 
generation= 1216
ingredientScope= -
validation=
failing: |true|0|8|[]|
manual_regression: |false|4|3303|[testEquals(org.jfree.data.junit.RangeTests): null-, testEquals(org.jfree.data.junit.RangeTests): null-, testEquals(org.jfree.data.time.junit.DateRangeTests): null-, testEquals(org.jfree.data.time.junit.DateRangeTests): null-]|
evo_regression: |true|0|51|[]|
 ----
ProgramVariant 2572
 
time(sec)= 2550
operation: ReplaceOp
location= org.jfree.data.Range
line= 334
lineSuspiciousness= 0.109
original statement= if (!((org.jfree.data.Range.this.lower) == (range.lower))) {
	return false;
} 
fixed statement= if (!((org.jfree.data.Range.this.upper) == (range.upper))) {
	return false;
} 
generation= 1286
ingredientScope= LOCAL
validation=
failing: |true|0|8|[]|
manual_regression: |false|4|3303|[testEquals(org.jfree.data.junit.RangeTests): null-, testEquals(org.jfree.data.junit.RangeTests): null-, testEquals(org.jfree.data.time.junit.DateRangeTests): null-, testEquals(org.jfree.data.time.junit.DateRangeTests): null-]|
evo_regression: |true|0|51|[]|
 ----
ProgramVariant 2674
 
time(sec)= 2671
operation: RemoveOp
location= org.jfree.data.Range
line= 335
lineSuspiciousness= 0.408
original statement= return false
fixed statement= 
generation= 1337
ingredientScope= -
validation=
failing: |true|0|8|[]|
manual_regression: |false|4|3303|[testEquals(org.jfree.data.junit.RangeTests): null-, testEquals(org.jfree.data.junit.RangeTests): null-, testEquals(org.jfree.data.time.junit.DateRangeTests): null-, testEquals(org.jfree.data.time.junit.DateRangeTests): null-]|
evo_regression: |true|0|51|[]|
 ----
ProgramVariant 2864
 
time(sec)= 2873
operation: RemoveOp
location= org.jfree.data.Range
line= 335
lineSuspiciousness= 0.408
original statement= return false
fixed statement= 
generation= 1432
ingredientScope= -
validation=
failing: |true|0|8|[]|
manual_regression: |false|4|3303|[testEquals(org.jfree.data.junit.RangeTests): null-, testEquals(org.jfree.data.junit.RangeTests): null-, testEquals(org.jfree.data.time.junit.DateRangeTests): null-, testEquals(org.jfree.data.time.junit.DateRangeTests): null-]|
evo_regression: |true|0|51|[]|
 ----
ProgramVariant 3100
 
time(sec)= 3120
operation: RemoveOp
location= org.jfree.data.Range
line= 335
lineSuspiciousness= 0.408
original statement= return false
fixed statement= 
generation= 1550
ingredientScope= -
validation=
failing: |true|0|8|[]|
manual_regression: |false|4|3303|[testEquals(org.jfree.data.junit.RangeTests): null-, testEquals(org.jfree.data.junit.RangeTests): null-, testEquals(org.jfree.data.time.junit.DateRangeTests): null-, testEquals(org.jfree.data.time.junit.DateRangeTests): null-]|
evo_regression: |true|0|51|[]|
 ----
ProgramVariant 3346
 
time(sec)= 3338
operation: RemoveOp
location= org.jfree.data.Range
line= 335
lineSuspiciousness= 0.408
original statement= return false
fixed statement= 
generation= 1673
ingredientScope= -
validation=
failing: |true|0|8|[]|
manual_regression: |false|4|3303|[testEquals(org.jfree.data.junit.RangeTests): null-, testEquals(org.jfree.data.junit.RangeTests): null-, testEquals(org.jfree.data.time.junit.DateRangeTests): null-, testEquals(org.jfree.data.time.junit.DateRangeTests): null-]|
evo_regression: |true|0|51|[]|
 ----
ProgramVariant 3546
 
time(sec)= 3523
operation: RemoveOp
location= org.jfree.data.Range
line= 335
lineSuspiciousness= 0.408
original statement= return false
fixed statement= 
generation= 1773
ingredientScope= -
validation=
failing: |true|0|8|[]|
manual_regression: |false|4|3303|[testEquals(org.jfree.data.junit.RangeTests): null-, testEquals(org.jfree.data.junit.RangeTests): null-, testEquals(org.jfree.data.time.junit.DateRangeTests): null-, testEquals(org.jfree.data.time.junit.DateRangeTests): null-]|
evo_regression: |true|0|51|[]|
 ----
ProgramVariant 3622
 
time(sec)= 3631
operation: RemoveOp
location= org.jfree.data.Range
line= 335
lineSuspiciousness= 0.408
original statement= return false
fixed statement= 
generation= 1811
ingredientScope= -
validation=
failing: |true|0|8|[]|
manual_regression: |false|4|3303|[testEquals(org.jfree.data.junit.RangeTests): null-, testEquals(org.jfree.data.junit.RangeTests): null-, testEquals(org.jfree.data.time.junit.DateRangeTests): null-, testEquals(org.jfree.data.time.junit.DateRangeTests): null-]|
evo_regression: |true|0|51|[]|
 ----
ProgramVariant 4088
 
time(sec)= 3999
operation: RemoveOp
location= org.jfree.data.Range
line= 335
lineSuspiciousness= 0.408
original statement= return false
fixed statement= 
generation= 2044
ingredientScope= -
validation=
failing: |true|0|8|[]|
manual_regression: |false|4|3303|[testEquals(org.jfree.data.junit.RangeTests): null-, testEquals(org.jfree.data.junit.RangeTests): null-, testEquals(org.jfree.data.time.junit.DateRangeTests): null-, testEquals(org.jfree.data.time.junit.DateRangeTests): null-]|
evo_regression: |true|0|51|[]|
 ----
ProgramVariant 4516
 
time(sec)= 4323
operation: RemoveOp
location= org.jfree.data.Range
line= 335
lineSuspiciousness= 0.408
original statement= return false
fixed statement= 
generation= 2258
ingredientScope= -
validation=
failing: |true|0|8|[]|
manual_regression: |false|4|3303|[testEquals(org.jfree.data.junit.RangeTests): null-, testEquals(org.jfree.data.junit.RangeTests): null-, testEquals(org.jfree.data.time.junit.DateRangeTests): null-, testEquals(org.jfree.data.time.junit.DateRangeTests): null-]|
evo_regression: |true|0|51|[]|
 ----
ProgramVariant 4938
 
time(sec)= 4669
operation: RemoveOp
location= org.jfree.data.Range
line= 335
lineSuspiciousness= 0.408
original statement= return false
fixed statement= 
generation= 2469
ingredientScope= -
validation=
failing: |true|0|8|[]|
manual_regression: |false|4|3303|[testEquals(org.jfree.data.junit.RangeTests): null-, testEquals(org.jfree.data.junit.RangeTests): null-, testEquals(org.jfree.data.time.junit.DateRangeTests): null-, testEquals(org.jfree.data.time.junit.DateRangeTests): null-]|
evo_regression: |true|0|51|[]|
 ----
ProgramVariant 4940
 
time(sec)= 4739
operation: RemoveOp
location= org.jfree.data.Range
line= 335
lineSuspiciousness= 0.408
original statement= return false
fixed statement= 
generation= 2470
ingredientScope= -
validation=
failing: |true|0|8|[]|
manual_regression: |false|4|3303|[testEquals(org.jfree.data.junit.RangeTests): null-, testEquals(org.jfree.data.junit.RangeTests): null-, testEquals(org.jfree.data.time.junit.DateRangeTests): null-, testEquals(org.jfree.data.time.junit.DateRangeTests): null-]|
evo_regression: |true|0|51|[]|
 ----
ProgramVariant 5546
 
time(sec)= 5209
operation: RemoveOp
location= org.jfree.data.Range
line= 335
lineSuspiciousness= 0.408
original statement= return false
fixed statement= 
generation= 2773
ingredientScope= -
validation=
failing: |true|0|8|[]|
manual_regression: |false|4|3303|[testEquals(org.jfree.data.junit.RangeTests): null-, testEquals(org.jfree.data.junit.RangeTests): null-, testEquals(org.jfree.data.time.junit.DateRangeTests): null-, testEquals(org.jfree.data.time.junit.DateRangeTests): null-]|
evo_regression: |true|0|51|[]|
 ----
ProgramVariant 5852
 
time(sec)= 5502
operation: ReplaceOp
location= org.jfree.data.Range
line= 334
lineSuspiciousness= 0.109
original statement= if (!((org.jfree.data.Range.this.lower) == (range.lower))) {
	return false;
} 
fixed statement= if (range == null) {
	throw new java.lang.IllegalArgumentException("Null 'range' argument.");
} 
generation= 2926
ingredientScope= LOCAL
validation=
failing: |true|0|8|[]|
manual_regression: |false|4|3303|[testEquals(org.jfree.data.junit.RangeTests): null-, testEquals(org.jfree.data.junit.RangeTests): null-, testEquals(org.jfree.data.time.junit.DateRangeTests): null-, testEquals(org.jfree.data.time.junit.DateRangeTests): null-]|
evo_regression: |true|0|51|[]|
 ----
ProgramVariant 6310
 
time(sec)= 5838
operation: RemoveOp
location= org.jfree.data.Range
line= 335
lineSuspiciousness= 0.408
original statement= return false
fixed statement= 
generation= 3155
ingredientScope= -
validation=
failing: |true|0|8|[]|
manual_regression: |false|4|3303|[testEquals(org.jfree.data.junit.RangeTests): null-, testEquals(org.jfree.data.junit.RangeTests): null-, testEquals(org.jfree.data.time.junit.DateRangeTests): null-, testEquals(org.jfree.data.time.junit.DateRangeTests): null-]|
evo_regression: |true|0|51|[]|
 ----
ProgramVariant 6730
 
time(sec)= 6143
operation: RemoveOp
location= org.jfree.data.Range
line= 335
lineSuspiciousness= 0.408
original statement= return false
fixed statement= 
generation= 3365
ingredientScope= -
validation=
failing: |true|0|8|[]|
manual_regression: |false|4|3303|[testEquals(org.jfree.data.junit.RangeTests): null-, testEquals(org.jfree.data.junit.RangeTests): null-, testEquals(org.jfree.data.time.junit.DateRangeTests): null-, testEquals(org.jfree.data.time.junit.DateRangeTests): null-]|
evo_regression: |true|0|51|[]|
 ----
ProgramVariant 6794
 
time(sec)= 6245
operation: RemoveOp
location= org.jfree.data.Range
line= 335
lineSuspiciousness= 0.408
original statement= return false
fixed statement= 
generation= 3397
ingredientScope= -
validation=
failing: |true|0|8|[]|
manual_regression: |false|4|3303|[testEquals(org.jfree.data.junit.RangeTests): null-, testEquals(org.jfree.data.junit.RangeTests): null-, testEquals(org.jfree.data.time.junit.DateRangeTests): null-, testEquals(org.jfree.data.time.junit.DateRangeTests): null-]|
evo_regression: |true|0|51|[]|
 ----
ProgramVariant 7098
 
time(sec)= 6535
operation: RemoveOp
location= org.jfree.data.Range
line= 335
lineSuspiciousness= 0.408
original statement= return false
fixed statement= 
generation= 3549
ingredientScope= -
validation=
failing: |true|0|8|[]|
manual_regression: |false|4|3303|[testEquals(org.jfree.data.junit.RangeTests): null-, testEquals(org.jfree.data.junit.RangeTests): null-, testEquals(org.jfree.data.time.junit.DateRangeTests): null-, testEquals(org.jfree.data.time.junit.DateRangeTests): null-]|
evo_regression: |true|0|51|[]|
 ----
ProgramVariant 7730
 
time(sec)= 6987
operation: RemoveOp
location= org.jfree.data.Range
line= 334
lineSuspiciousness= 0.109
original statement= if (!((org.jfree.data.Range.this.lower) == (range.lower))) {
	return false;
} 
fixed statement= 
generation= 3865
ingredientScope= -
validation=
failing: |true|0|8|[]|
manual_regression: |false|4|3303|[testEquals(org.jfree.data.junit.RangeTests): null-, testEquals(org.jfree.data.junit.RangeTests): null-, testEquals(org.jfree.data.time.junit.DateRangeTests): null-, testEquals(org.jfree.data.time.junit.DateRangeTests): null-]|
evo_regression: |true|0|51|[]|
 ----
ProgramVariant 7920
 
time(sec)= 7138
operation: RemoveOp
location= org.jfree.data.Range
line= 335
lineSuspiciousness= 0.408
original statement= return false
fixed statement= 
generation= 3960
ingredientScope= -
validation=
failing: |true|0|8|[]|
manual_regression: |false|4|3303|[testEquals(org.jfree.data.junit.RangeTests): null-, testEquals(org.jfree.data.junit.RangeTests): null-, testEquals(org.jfree.data.time.junit.DateRangeTests): null-, testEquals(org.jfree.data.time.junit.DateRangeTests): null-]|
evo_regression: |true|0|51|[]|
[INFO ] fr.inria.main.evolution.AstorMain.run(AstorMain.java:397) - Time Total(s): 7296.354


Node: grimoire-3.nancy.grid5000.fr


Date: Wed Jan 18 23:19:57 CET 2017

removed classes 

zipped 

copied zip 


