seed AstorRun 28 
export PATH="/home/mmartinez/defects4j/framework/bin:$PATH";export JAVA_TOOL_OPTIONS=-Dfile.encoding=UTF8;export PATH="/usr/lib/jvm/java-1.7.0-openjdk-amd64/bin/:$PATH";cd /home/mmartinez/projects/math/math_8;defects4j compile;cp -r /home/mmartinez/projects/math/math_8 /tmp/math_8_Genprog_local_s1;cd /tmp/math_8_Genprog_local_s1;mkdir lib/;cp -r /home/mmartinez/defects4j/framework/projects/lib/* lib/;cp -r /home/mmartinez/defects4j/framework/projects/Math/lib/* lib/;find . -type f -name "package-info.java" -delete;
/home/mmartinez/defects4j-repair/src/python/core/../../../results/2016-june/Math/seed/28/package/8/Genprog/result
cd /tmp/math_8_Genprog_local_s1;export JAVA_TOOL_OPTIONS=-Dfile.encoding=UTF8;TZ="America/New_York"; export TZexport PATH="/usr/lib/jvm/java-1.7.0-openjdk-amd64/bin/:$PATH";time /home/mmartinez/jdk1.8.0_45/bin//java -Xmx4096m -cp /home/mmartinez/defects4j-repair/src/python/core/../../..//libs/astor.jar fr.inria.main.evolution.MainjGenProg -mode statement -location . -id Math -dependencies lib/ -failing org.apache.commons.math3.distribution.DiscreteRealDistributionTest: -package org.apache.commons -jvm4testexecution /usr/lib/jvm/java-1.7.0-openjdk-amd64/bin/ -jvm4evosuitetestexecution /home/mmartinez/jdk1.8.0_45/bin/ -javacompliancelevel 5 -maxgen 1000000 -seed 28 -scope package -maxtime 120  -stopfirst false -population 1 -srcjavafolder src/main/java/ -srctestfolder src/test/java/ -binjavafolder target/classes/ -bintestfolder target/test-classes/ -flthreshold 0.1  -validation  fr.inria.astor.core.validation.validators.RegressionValidation  -ESParameters -Dassertion_timeout=1800:-Dminimization_timeout=1800:-Djunit_check_timeout=1800:-Dwrite_junit_timeout=300:-Dinitialization_timeout=300:-Dglobal_timeout=18000:-Dsearch_budget=100000:-Dstopping_condition=MaxStatements:-Dno_runtime_dependency=true:-Dsandbox=false:-Dp_reflection_on_private=0.0:-Dreflection_start_percent=1.0:-Dp_functional_mocking=0.0:-Dfunctional_mocking_percent=1.0:-mem=2000 -testbystep  -ignoredtestcases org.apache.commons.lang.LocaleUtilsTest  -excludeRegression  -maxgen 100000000 ;echo "

Node: `hostname`
";echo "
Date: `date`
"; find /tmp/math_8_Genprog_local_s1/outputMutation -name "*.class" -type f -delete;echo "removed classes 
"; find . -name bin  -type d -print0|xargs -0 rm -r --; zip -r -q out.zip /tmp/math_8_Genprog_local_s1/outputMutation; echo "zipped 
";cp out.zip /home/mmartinez/defects4j-repair/src/python/core/../../../results/2016-june/Math/seed/28/package/8/Genprog; echo "copied zip 
";rm -rf /tmp/math_8_Genprog_local_s1;

[DEBUG] fr.inria.astor.core.loop.AstorCoreEngine.showResults(AstorCoreEngine.java:136) - End Repair Loops: Found solution
[DEBUG] fr.inria.astor.core.loop.AstorCoreEngine.showResults(AstorCoreEngine.java:137) - Solution stored at: /tmp/math_8_Genprog_local_s1/./outputMutation/AstorMain-Math//src/
[DEBUG] fr.inria.astor.core.loop.AstorCoreEngine.showResults(AstorCoreEngine.java:142) - 
Number solutions:14
[DEBUG] fr.inria.astor.core.loop.AstorCoreEngine.showResults(AstorCoreEngine.java:144) - f (sol): 1.0, [Variant id: 84 (SOL) , #gens: 23, #ops: 1, parent:83]
[DEBUG] fr.inria.astor.core.loop.AstorCoreEngine.showResults(AstorCoreEngine.java:144) - f (sol): 1.0, [Variant id: 90 (SOL) , #gens: 23, #ops: 1, parent:89]
[DEBUG] fr.inria.astor.core.loop.AstorCoreEngine.showResults(AstorCoreEngine.java:144) - f (sol): 1.0, [Variant id: 180 (SOL) , #gens: 23, #ops: 1, parent:179]
[DEBUG] fr.inria.astor.core.loop.AstorCoreEngine.showResults(AstorCoreEngine.java:144) - f (sol): 1.0, [Variant id: 196 (SOL) , #gens: 23, #ops: 1, parent:195]
[DEBUG] fr.inria.astor.core.loop.AstorCoreEngine.showResults(AstorCoreEngine.java:144) - f (sol): 1.0, [Variant id: 274 (SOL) , #gens: 23, #ops: 1, parent:273]
[DEBUG] fr.inria.astor.core.loop.AstorCoreEngine.showResults(AstorCoreEngine.java:144) - f (sol): 1.0, [Variant id: 286 (SOL) , #gens: 23, #ops: 1, parent:285]
[DEBUG] fr.inria.astor.core.loop.AstorCoreEngine.showResults(AstorCoreEngine.java:144) - f (sol): 1.0, [Variant id: 312 (SOL) , #gens: 23, #ops: 1, parent:311]
[DEBUG] fr.inria.astor.core.loop.AstorCoreEngine.showResults(AstorCoreEngine.java:144) - f (sol): 1.0, [Variant id: 318 (SOL) , #gens: 23, #ops: 1, parent:317]
[DEBUG] fr.inria.astor.core.loop.AstorCoreEngine.showResults(AstorCoreEngine.java:144) - f (sol): 1.0, [Variant id: 322 (SOL) , #gens: 23, #ops: 1, parent:321]
[DEBUG] fr.inria.astor.core.loop.AstorCoreEngine.showResults(AstorCoreEngine.java:144) - f (sol): 1.0, [Variant id: 340 (SOL) , #gens: 23, #ops: 1, parent:339]
[DEBUG] fr.inria.astor.core.loop.AstorCoreEngine.showResults(AstorCoreEngine.java:144) - f (sol): 1.0, [Variant id: 402 (SOL) , #gens: 23, #ops: 1, parent:401]
[DEBUG] fr.inria.astor.core.loop.AstorCoreEngine.showResults(AstorCoreEngine.java:144) - f (sol): 1.0, [Variant id: 434 (SOL) , #gens: 23, #ops: 1, parent:433]
[DEBUG] fr.inria.astor.core.loop.AstorCoreEngine.showResults(AstorCoreEngine.java:144) - f (sol): 1.0, [Variant id: 480 (SOL) , #gens: 23, #ops: 1, parent:479]
[DEBUG] fr.inria.astor.core.loop.AstorCoreEngine.showResults(AstorCoreEngine.java:144) - f (sol): 1.0, [Variant id: 502 (SOL) , #gens: 23, #ops: 1, parent:501]
[DEBUG] fr.inria.astor.core.loop.AstorCoreEngine.showResults(AstorCoreEngine.java:146) - 
All variants:
[DEBUG] fr.inria.astor.core.loop.AstorCoreEngine.showResults(AstorCoreEngine.java:148) - f 1.0, [Variant id: 503, #gens: 24, #ops: 0, parent:-]
[INFO ] fr.inria.astor.core.loop.AstorCoreEngine.showResults(AstorCoreEngine.java:152) - 
Solution details
[INFO ] fr.inria.astor.core.loop.AstorCoreEngine.showResults(AstorCoreEngine.java:153) - 
 --SOLUTIONS DESCRIPTION--

 ----
ProgramVariant 84
 
time(sec)= 1816
operation: RemoveOp
location= org.apache.commons.math3.distribution.DiscreteDistribution
line= 190
lineSuspiciousness= 0.707
original statement= out[i] = sample()
fixed statement= 
generation= 42
ingredientScope= -
validation=
failing: |true|0|13|[]|
manual_regression: |true|0|4782|[]|
evo_regression: |false|1|22|[test05(org.apache.commons.math3.distribution.DiscreteDistribution_ESTest): Expecting exception: ArrayStoreException-]|
 ----
ProgramVariant 90
 
time(sec)= 2146
operation: RemoveOp
location= org.apache.commons.math3.distribution.DiscreteDistribution
line= 190
lineSuspiciousness= 0.707
original statement= out[i] = sample()
fixed statement= 
generation= 45
ingredientScope= -
validation=
failing: |true|0|13|[]|
manual_regression: |true|0|4782|[]|
evo_regression: |false|1|22|[test05(org.apache.commons.math3.distribution.DiscreteDistribution_ESTest): Expecting exception: ArrayStoreException-]|
 ----
ProgramVariant 180
 
time(sec)= 2755
operation: RemoveOp
location= org.apache.commons.math3.distribution.DiscreteDistribution
line= 189
lineSuspiciousness= 0.707
original statement= for (int i = 0 ; i < sampleSize ; i++) {
	out[i] = sample();
}
fixed statement= 
generation= 90
ingredientScope= -
validation=
failing: |true|0|13|[]|
manual_regression: |true|0|4782|[]|
evo_regression: |false|1|22|[test05(org.apache.commons.math3.distribution.DiscreteDistribution_ESTest): Expecting exception: ArrayStoreException-]|
 ----
ProgramVariant 196
 
time(sec)= 3168
operation: RemoveOp
location= org.apache.commons.math3.distribution.DiscreteDistribution
line= 189
lineSuspiciousness= 0.707
original statement= for (int i = 0 ; i < sampleSize ; i++) {
	out[i] = sample();
}
fixed statement= 
generation= 98
ingredientScope= -
validation=
failing: |true|0|13|[]|
manual_regression: |true|0|4782|[]|
evo_regression: |false|1|22|[test05(org.apache.commons.math3.distribution.DiscreteDistribution_ESTest): Expecting exception: ArrayStoreException-]|
 ----
ProgramVariant 274
 
time(sec)= 3707
operation: RemoveOp
location= org.apache.commons.math3.distribution.DiscreteDistribution
line= 190
lineSuspiciousness= 0.707
original statement= out[i] = sample()
fixed statement= 
generation= 137
ingredientScope= -
validation=
failing: |true|0|13|[]|
manual_regression: |true|0|4782|[]|
evo_regression: |false|1|22|[test05(org.apache.commons.math3.distribution.DiscreteDistribution_ESTest): Expecting exception: ArrayStoreException-]|
 ----
ProgramVariant 286
 
time(sec)= 4123
operation: RemoveOp
location= org.apache.commons.math3.distribution.DiscreteDistribution
line= 190
lineSuspiciousness= 0.707
original statement= out[i] = sample()
fixed statement= 
generation= 143
ingredientScope= -
validation=
failing: |true|0|13|[]|
manual_regression: |true|0|4782|[]|
evo_regression: |false|1|22|[test05(org.apache.commons.math3.distribution.DiscreteDistribution_ESTest): Expecting exception: ArrayStoreException-]|
 ----
ProgramVariant 312
 
time(sec)= 4522
operation: RemoveOp
location= org.apache.commons.math3.distribution.DiscreteDistribution
line= 189
lineSuspiciousness= 0.707
original statement= for (int i = 0 ; i < sampleSize ; i++) {
	out[i] = sample();
}
fixed statement= 
generation= 156
ingredientScope= -
validation=
failing: |true|0|13|[]|
manual_regression: |true|0|4782|[]|
evo_regression: |false|1|22|[test05(org.apache.commons.math3.distribution.DiscreteDistribution_ESTest): Expecting exception: ArrayStoreException-]|
 ----
ProgramVariant 318
 
time(sec)= 4863
operation: RemoveOp
location= org.apache.commons.math3.distribution.DiscreteDistribution
line= 189
lineSuspiciousness= 0.707
original statement= for (int i = 0 ; i < sampleSize ; i++) {
	out[i] = sample();
}
fixed statement= 
generation= 159
ingredientScope= -
validation=
failing: |true|0|13|[]|
manual_regression: |true|0|4782|[]|
evo_regression: |false|1|22|[test05(org.apache.commons.math3.distribution.DiscreteDistribution_ESTest): Expecting exception: ArrayStoreException-]|
 ----
ProgramVariant 322
 
time(sec)= 5190
operation: RemoveOp
location= org.apache.commons.math3.distribution.DiscreteDistribution
line= 190
lineSuspiciousness= 0.707
original statement= out[i] = sample()
fixed statement= 
generation= 161
ingredientScope= -
validation=
failing: |true|0|13|[]|
manual_regression: |true|0|4782|[]|
evo_regression: |false|1|22|[test05(org.apache.commons.math3.distribution.DiscreteDistribution_ESTest): Expecting exception: ArrayStoreException-]|
 ----
ProgramVariant 340
 
time(sec)= 5597
operation: RemoveOp
location= org.apache.commons.math3.distribution.DiscreteDistribution
line= 190
lineSuspiciousness= 0.707
original statement= out[i] = sample()
fixed statement= 
generation= 170
ingredientScope= -
validation=
failing: |true|0|13|[]|
manual_regression: |true|0|4782|[]|
evo_regression: |false|1|22|[test05(org.apache.commons.math3.distribution.DiscreteDistribution_ESTest): Expecting exception: ArrayStoreException-]|
 ----
ProgramVariant 402
 
time(sec)= 6127
operation: RemoveOp
location= org.apache.commons.math3.distribution.DiscreteDistribution
line= 189
lineSuspiciousness= 0.707
original statement= for (int i = 0 ; i < sampleSize ; i++) {
	out[i] = sample();
}
fixed statement= 
generation= 201
ingredientScope= -
validation=
failing: |true|0|13|[]|
manual_regression: |true|0|4782|[]|
evo_regression: |false|1|22|[test05(org.apache.commons.math3.distribution.DiscreteDistribution_ESTest): Expecting exception: ArrayStoreException-]|
 ----
ProgramVariant 434
 
time(sec)= 6603
operation: RemoveOp
location= org.apache.commons.math3.distribution.DiscreteDistribution
line= 190
lineSuspiciousness= 0.707
original statement= out[i] = sample()
fixed statement= 
generation= 217
ingredientScope= -
validation=
failing: |true|0|13|[]|
manual_regression: |true|0|4782|[]|
evo_regression: |false|1|22|[test05(org.apache.commons.math3.distribution.DiscreteDistribution_ESTest): Expecting exception: ArrayStoreException-]|
 ----
ProgramVariant 480
 
time(sec)= 7055
operation: RemoveOp
location= org.apache.commons.math3.distribution.DiscreteDistribution
line= 189
lineSuspiciousness= 0.707
original statement= for (int i = 0 ; i < sampleSize ; i++) {
	out[i] = sample();
}
fixed statement= 
generation= 240
ingredientScope= -
validation=
failing: |true|0|13|[]|
manual_regression: |true|0|4782|[]|
evo_regression: |false|1|22|[test05(org.apache.commons.math3.distribution.DiscreteDistribution_ESTest): Expecting exception: ArrayStoreException-]|
 ----
ProgramVariant 502
 
time(sec)= 7416
operation: RemoveOp
location= org.apache.commons.math3.distribution.DiscreteDistribution
line= 190
lineSuspiciousness= 0.707
original statement= out[i] = sample()
fixed statement= 
generation= 251
ingredientScope= -
validation=
failing: |true|0|13|[]|
manual_regression: |true|0|4782|[]|
evo_regression: |false|1|22|[test05(org.apache.commons.math3.distribution.DiscreteDistribution_ESTest): Expecting exception: ArrayStoreException-]|
[INFO ] fr.inria.main.evolution.AstorMain.run(AstorMain.java:397) - Time Total(s): 8356.143


Node: graphene-104.nancy.grid5000.fr


Date: Sat Jan 28 13:49:36 CET 2017

removed classes 

zipped 

copied zip 


