seed AstorRun 13 
export PATH="/home/mmartinez/defects4j/framework/bin:$PATH";export JAVA_TOOL_OPTIONS=-Dfile.encoding=UTF8;export PATH="/usr/lib/jvm/java-1.7.0-openjdk-amd64/bin/:$PATH";cd /home/mmartinez/projects/chart/chart_13;defects4j compile;cp -r /home/mmartinez/projects/chart/chart_13 /tmp/chart_13_Genprog_local_s1;cd /tmp/chart_13_Genprog_local_s1;mkdir lib/;cp -r /home/mmartinez/defects4j/framework/projects/lib/* lib/;cp -r /home/mmartinez/defects4j/framework/projects/Chart/lib/* lib/;find . -type f -name "package-info.java" -delete;
/home/mmartinez/defects4j-repair/src/python/core/../../../results/2016-june/Chart/seed/13/package/13/Genprog/result
cd /tmp/chart_13_Genprog_local_s1;export JAVA_TOOL_OPTIONS=-Dfile.encoding=UTF8;TZ="America/New_York"; export TZexport PATH="/usr/lib/jvm/java-1.7.0-openjdk-amd64/bin/:$PATH";time /home/mmartinez/jdk1.8.0_45/bin//java -Xmx4096m -cp /home/mmartinez/defects4j-repair/src/python/core/../../..//libs/astor.jar fr.inria.main.evolution.MainjGenProg -mode statement -location . -id Chart -dependencies lib/ -failing org.jfree.chart.block.junit.BorderArrangementTests: -package org.jfree -jvm4testexecution /usr/lib/jvm/java-1.7.0-openjdk-amd64/bin/ -jvm4evosuitetestexecution /home/mmartinez/jdk1.8.0_45/bin/ -javacompliancelevel 4 -maxgen 1000000 -seed 13 -scope package -maxtime 120  -stopfirst false -population 1 -srcjavafolder source/ -srctestfolder tests/ -binjavafolder build/ -bintestfolder build-tests/ -flthreshold 0.1  -validation  fr.inria.astor.core.validation.validators.RegressionValidation  -ESParameters -Dassertion_timeout=1800:-Dminimization_timeout=1800:-Djunit_check_timeout=1800:-Dwrite_junit_timeout=300:-Dinitialization_timeout=300:-Dglobal_timeout=18000:-Dsearch_budget=100000:-Dstopping_condition=MaxStatements:-Dno_runtime_dependency=true:-Dsandbox=false:-Dp_reflection_on_private=0.0:-Dreflection_start_percent=1.0:-Dp_functional_mocking=0.0:-Dfunctional_mocking_percent=1.0:-mem=2000 -ignoredtestcases org.apache.commons.lang.LocaleUtilsTest  -excludeRegression  -maxgen 100000000 ;echo "

Node: `hostname`
";echo "
Date: `date`
"; find /tmp/chart_13_Genprog_local_s1/outputMutation -name "*.class" -type f -delete;echo "removed classes 
"; find . -name bin  -type d -print0|xargs -0 rm -r --; zip -r -q out.zip /tmp/chart_13_Genprog_local_s1/outputMutation; echo "zipped 
";cp out.zip /home/mmartinez/defects4j-repair/src/python/core/../../../results/2016-june/Chart/seed/13/package/13/Genprog; echo "copied zip 
";rm -rf /tmp/chart_13_Genprog_local_s1;

[DEBUG] fr.inria.astor.core.loop.AstorCoreEngine.showResults(AstorCoreEngine.java:136) - End Repair Loops: Found solution
[DEBUG] fr.inria.astor.core.loop.AstorCoreEngine.showResults(AstorCoreEngine.java:137) - Solution stored at: /tmp/chart_13_Genprog_local_s1/./outputMutation/AstorMain-Chart//src/
[DEBUG] fr.inria.astor.core.loop.AstorCoreEngine.showResults(AstorCoreEngine.java:142) - 
Number solutions:33
[DEBUG] fr.inria.astor.core.loop.AstorCoreEngine.showResults(AstorCoreEngine.java:144) - f (sol): 0.0, [Variant id: 138 (SOL) , #gens: 176, #ops: 1, parent:137]
[DEBUG] fr.inria.astor.core.loop.AstorCoreEngine.showResults(AstorCoreEngine.java:144) - f (sol): 0.0, [Variant id: 310 (SOL) , #gens: 176, #ops: 1, parent:309]
[DEBUG] fr.inria.astor.core.loop.AstorCoreEngine.showResults(AstorCoreEngine.java:144) - f (sol): 0.0, [Variant id: 760 (SOL) , #gens: 176, #ops: 1, parent:759]
[DEBUG] fr.inria.astor.core.loop.AstorCoreEngine.showResults(AstorCoreEngine.java:144) - f (sol): 0.0, [Variant id: 832 (SOL) , #gens: 175, #ops: 1, parent:831]
[DEBUG] fr.inria.astor.core.loop.AstorCoreEngine.showResults(AstorCoreEngine.java:144) - f (sol): 0.0, [Variant id: 860 (SOL) , #gens: 177, #ops: 1, parent:859]
[DEBUG] fr.inria.astor.core.loop.AstorCoreEngine.showResults(AstorCoreEngine.java:144) - f (sol): 0.0, [Variant id: 862 (SOL) , #gens: 176, #ops: 1, parent:861]
[DEBUG] fr.inria.astor.core.loop.AstorCoreEngine.showResults(AstorCoreEngine.java:144) - f (sol): 0.0, [Variant id: 876 (SOL) , #gens: 176, #ops: 1, parent:875]
[DEBUG] fr.inria.astor.core.loop.AstorCoreEngine.showResults(AstorCoreEngine.java:144) - f (sol): 0.0, [Variant id: 1040 (SOL) , #gens: 177, #ops: 1, parent:1039]
[DEBUG] fr.inria.astor.core.loop.AstorCoreEngine.showResults(AstorCoreEngine.java:144) - f (sol): 0.0, [Variant id: 1124 (SOL) , #gens: 177, #ops: 1, parent:1123]
[DEBUG] fr.inria.astor.core.loop.AstorCoreEngine.showResults(AstorCoreEngine.java:144) - f (sol): 0.0, [Variant id: 1170 (SOL) , #gens: 175, #ops: 1, parent:1169]
[DEBUG] fr.inria.astor.core.loop.AstorCoreEngine.showResults(AstorCoreEngine.java:144) - f (sol): 0.0, [Variant id: 1176 (SOL) , #gens: 176, #ops: 1, parent:1175]
[DEBUG] fr.inria.astor.core.loop.AstorCoreEngine.showResults(AstorCoreEngine.java:144) - f (sol): 0.0, [Variant id: 1192 (SOL) , #gens: 176, #ops: 1, parent:1191]
[DEBUG] fr.inria.astor.core.loop.AstorCoreEngine.showResults(AstorCoreEngine.java:144) - f (sol): 0.0, [Variant id: 1240 (SOL) , #gens: 176, #ops: 1, parent:1239]
[DEBUG] fr.inria.astor.core.loop.AstorCoreEngine.showResults(AstorCoreEngine.java:144) - f (sol): 0.0, [Variant id: 1672 (SOL) , #gens: 177, #ops: 1, parent:1671]
[DEBUG] fr.inria.astor.core.loop.AstorCoreEngine.showResults(AstorCoreEngine.java:144) - f (sol): 0.0, [Variant id: 1756 (SOL) , #gens: 176, #ops: 1, parent:1755]
[DEBUG] fr.inria.astor.core.loop.AstorCoreEngine.showResults(AstorCoreEngine.java:144) - f (sol): 0.0, [Variant id: 1890 (SOL) , #gens: 175, #ops: 1, parent:1889]
[DEBUG] fr.inria.astor.core.loop.AstorCoreEngine.showResults(AstorCoreEngine.java:144) - f (sol): 0.0, [Variant id: 1920 (SOL) , #gens: 177, #ops: 1, parent:1919]
[DEBUG] fr.inria.astor.core.loop.AstorCoreEngine.showResults(AstorCoreEngine.java:144) - f (sol): 0.0, [Variant id: 2108 (SOL) , #gens: 176, #ops: 1, parent:2107]
[DEBUG] fr.inria.astor.core.loop.AstorCoreEngine.showResults(AstorCoreEngine.java:144) - f (sol): 1.0, [Variant id: 2128 (SOL) , #gens: 177, #ops: 1, parent:2127]
[DEBUG] fr.inria.astor.core.loop.AstorCoreEngine.showResults(AstorCoreEngine.java:144) - f (sol): 0.0, [Variant id: 2138 (SOL) , #gens: 176, #ops: 1, parent:2137]
[DEBUG] fr.inria.astor.core.loop.AstorCoreEngine.showResults(AstorCoreEngine.java:144) - f (sol): 0.0, [Variant id: 2218 (SOL) , #gens: 177, #ops: 1, parent:2217]
[DEBUG] fr.inria.astor.core.loop.AstorCoreEngine.showResults(AstorCoreEngine.java:144) - f (sol): 0.0, [Variant id: 2442 (SOL) , #gens: 176, #ops: 1, parent:2441]
[DEBUG] fr.inria.astor.core.loop.AstorCoreEngine.showResults(AstorCoreEngine.java:144) - f (sol): 0.0, [Variant id: 2558 (SOL) , #gens: 176, #ops: 1, parent:2557]
[DEBUG] fr.inria.astor.core.loop.AstorCoreEngine.showResults(AstorCoreEngine.java:144) - f (sol): 0.0, [Variant id: 2614 (SOL) , #gens: 175, #ops: 1, parent:2613]
[DEBUG] fr.inria.astor.core.loop.AstorCoreEngine.showResults(AstorCoreEngine.java:144) - f (sol): 0.0, [Variant id: 2660 (SOL) , #gens: 176, #ops: 1, parent:2659]
[DEBUG] fr.inria.astor.core.loop.AstorCoreEngine.showResults(AstorCoreEngine.java:144) - f (sol): 0.0, [Variant id: 2720 (SOL) , #gens: 176, #ops: 1, parent:2719]
[DEBUG] fr.inria.astor.core.loop.AstorCoreEngine.showResults(AstorCoreEngine.java:144) - f (sol): 0.0, [Variant id: 2752 (SOL) , #gens: 175, #ops: 1, parent:2751]
[DEBUG] fr.inria.astor.core.loop.AstorCoreEngine.showResults(AstorCoreEngine.java:144) - f (sol): 0.0, [Variant id: 2780 (SOL) , #gens: 177, #ops: 1, parent:2779]
[DEBUG] fr.inria.astor.core.loop.AstorCoreEngine.showResults(AstorCoreEngine.java:144) - f (sol): 0.0, [Variant id: 2828 (SOL) , #gens: 176, #ops: 1, parent:2827]
[DEBUG] fr.inria.astor.core.loop.AstorCoreEngine.showResults(AstorCoreEngine.java:144) - f (sol): 0.0, [Variant id: 2882 (SOL) , #gens: 177, #ops: 1, parent:2881]
[DEBUG] fr.inria.astor.core.loop.AstorCoreEngine.showResults(AstorCoreEngine.java:144) - f (sol): 0.0, [Variant id: 3252 (SOL) , #gens: 175, #ops: 1, parent:3251]
[DEBUG] fr.inria.astor.core.loop.AstorCoreEngine.showResults(AstorCoreEngine.java:144) - f (sol): 0.0, [Variant id: 3416 (SOL) , #gens: 175, #ops: 1, parent:3415]
[DEBUG] fr.inria.astor.core.loop.AstorCoreEngine.showResults(AstorCoreEngine.java:144) - f (sol): 0.0, [Variant id: 3456 (SOL) , #gens: 177, #ops: 1, parent:3455]
[DEBUG] fr.inria.astor.core.loop.AstorCoreEngine.showResults(AstorCoreEngine.java:146) - 
All variants:
[DEBUG] fr.inria.astor.core.loop.AstorCoreEngine.showResults(AstorCoreEngine.java:148) - f 1.0, [Variant id: 3457, #gens: 176, #ops: 0, parent:-]
[INFO ] fr.inria.astor.core.loop.AstorCoreEngine.showResults(AstorCoreEngine.java:152) - 
Solution details
[INFO ] fr.inria.astor.core.loop.AstorCoreEngine.showResults(AstorCoreEngine.java:153) - 
 --SOLUTIONS DESCRIPTION--

 ----
ProgramVariant 138
 
time(sec)= 470
operation: ReplaceOp
location= org.jfree.chart.block.BorderArrangement
line= 450
lineSuspiciousness= 1
original statement= w[2] = size.width
fixed statement= org.jfree.chart.block.BorderArrangement.this.topBlock = null
generation= 69
ingredientScope= LOCAL
validation=
failing: |true|0|5|[]|
manual_regression: |true|0|3597|[]|
evo_regression: |true|0|27|[]|
 ----
ProgramVariant 310
 
time(sec)= 724
operation: ReplaceOp
location= org.jfree.chart.block.BorderArrangement
line= 453
lineSuspiciousness= 1
original statement= if ((org.jfree.chart.block.BorderArrangement.this.rightBlock) != null) {
	org.jfree.chart.block.RectangleConstraint c4 = new org.jfree.chart.block.RectangleConstraint(0.0 , new org.jfree.data.Range(0.0 , ((constraint.getWidth()) - (w[2]))) , org.jfree.chart.block.LengthConstraintType.RANGE , h[2] , null , org.jfree.chart.block.LengthConstraintType.FIXED);
	org.jfree.chart.util.Size2D size = org.jfree.chart.block.BorderArrangement.this.rightBlock.arrange(g2, c4);
	w[3] = size.width;
} 
fixed statement= if ((org.jfree.chart.block.BorderArrangement.this.centerBlock) != null) {
	org.jfree.chart.block.BorderArrangement.this.centerBlock.setBounds(new java.awt.geom.Rectangle2D.Double(w[2] , h[0] , w[4] , h[4]));
} 
generation= 155
ingredientScope= LOCAL
validation=
failing: |true|0|5|[]|
manual_regression: |true|0|3597|[]|
evo_regression: |true|0|27|[]|
 ----
ProgramVariant 760
 
time(sec)= 1309
operation: ReplaceOp
location= org.jfree.chart.block.BorderArrangement
line= 450
lineSuspiciousness= 1
original statement= w[2] = size.width
fixed statement= h[3] = h[2]
generation= 380
ingredientScope= LOCAL
validation=
failing: |true|0|5|[]|
manual_regression: |true|0|3597|[]|
evo_regression: |true|0|27|[]|
 ----
ProgramVariant 832
 
time(sec)= 1488
operation: RemoveOp
location= org.jfree.chart.block.BorderArrangement
line= 450
lineSuspiciousness= 1
original statement= w[2] = size.width
fixed statement= 
generation= 416
ingredientScope= -
validation=
failing: |true|0|5|[]|
manual_regression: |true|0|3597|[]|
evo_regression: |true|0|27|[]|
 ----
ProgramVariant 860
 
time(sec)= 1583
operation: InsertBeforeOp
location= org.jfree.chart.block.BorderArrangement
line= 426
lineSuspiciousness= 1
original statement= w[0] = constraint.getWidth()
fixed statement= org.jfree.chart.block.BorderArrangement.this.leftBlock = null
generation= 430
ingredientScope= LOCAL
validation=
failing: |true|0|5|[]|
manual_regression: |true|0|3597|[]|
evo_regression: |true|0|27|[]|
 ----
ProgramVariant 862
 
time(sec)= 1663
operation: ReplaceOp
location= org.jfree.chart.block.BorderArrangement
line= 453
lineSuspiciousness= 1
original statement= if ((org.jfree.chart.block.BorderArrangement.this.rightBlock) != null) {
	org.jfree.chart.block.RectangleConstraint c4 = new org.jfree.chart.block.RectangleConstraint(0.0 , new org.jfree.data.Range(0.0 , ((constraint.getWidth()) - (w[2]))) , org.jfree.chart.block.LengthConstraintType.RANGE , h[2] , null , org.jfree.chart.block.LengthConstraintType.FIXED);
	org.jfree.chart.util.Size2D size = org.jfree.chart.block.BorderArrangement.this.rightBlock.arrange(g2, c4);
	w[3] = size.width;
} 
fixed statement= if ((org.jfree.chart.block.BorderArrangement.this.bottomBlock) != null) {
	org.jfree.chart.block.BorderArrangement.this.bottomBlock.setBounds(new java.awt.geom.Rectangle2D.Double(0.0 , ((h[0]) + (h[2])) , w[1] , h[1]));
} 
generation= 431
ingredientScope= LOCAL
validation=
failing: |true|0|5|[]|
manual_regression: |true|0|3597|[]|
evo_regression: |true|0|27|[]|
 ----
ProgramVariant 876
 
time(sec)= 1745
operation: ReplaceOp
location= org.jfree.chart.block.BorderArrangement
line= 443
lineSuspiciousness= 1
original statement= h[2] = ((constraint.getHeight()) - (h[1])) - (h[0])
fixed statement= org.jfree.chart.block.BorderArrangement.this.leftBlock = null
generation= 438
ingredientScope= LOCAL
validation=
failing: |true|0|5|[]|
manual_regression: |true|0|3597|[]|
evo_regression: |true|0|27|[]|
 ----
ProgramVariant 1040
 
time(sec)= 2048
operation: InsertAfterOp
location= org.jfree.chart.block.BorderArrangement
line= 427
lineSuspiciousness= 1
original statement= if ((org.jfree.chart.block.BorderArrangement.this.topBlock) != null) {
	org.jfree.chart.block.RectangleConstraint c1 = new org.jfree.chart.block.RectangleConstraint(w[0] , null , org.jfree.chart.block.LengthConstraintType.FIXED , 0.0 , new org.jfree.data.Range(0.0 , constraint.getHeight()) , org.jfree.chart.block.LengthConstraintType.RANGE);
	org.jfree.chart.util.Size2D size = org.jfree.chart.block.BorderArrangement.this.topBlock.arrange(g2, c1);
	h[0] = size.height;
} 
fixed statement= org.jfree.chart.block.BorderArrangement.this.rightBlock = null
generation= 520
ingredientScope= LOCAL
validation=
failing: |true|0|5|[]|
manual_regression: |true|0|3597|[]|
evo_regression: |true|0|27|[]|
 ----
ProgramVariant 1124
 
time(sec)= 2206
operation: InsertBeforeOp
location= org.jfree.chart.block.BorderArrangement
line= 322
lineSuspiciousness= 1
original statement= double height = ((h[0]) + (h[1])) + (java.lang.Math.max(h[2], java.lang.Math.max(h[3], h[4])))
fixed statement= org.jfree.chart.block.BorderArrangement.this.rightBlock = null
generation= 562
ingredientScope= LOCAL
validation=
failing: |true|0|5|[]|
manual_regression: |true|0|3597|[]|
evo_regression: |true|0|27|[]|
 ----
ProgramVariant 1170
 
time(sec)= 2367
operation: RemoveOp
location= org.jfree.chart.block.BorderArrangement
line= 444
lineSuspiciousness= 1
original statement= if ((org.jfree.chart.block.BorderArrangement.this.leftBlock) != null) {
	org.jfree.chart.block.RectangleConstraint c3 = new org.jfree.chart.block.RectangleConstraint(0.0 , new org.jfree.data.Range(0.0 , constraint.getWidth()) , org.jfree.chart.block.LengthConstraintType.RANGE , h[2] , null , org.jfree.chart.block.LengthConstraintType.FIXED);
	org.jfree.chart.util.Size2D size = org.jfree.chart.block.BorderArrangement.this.leftBlock.arrange(g2, c3);
	w[2] = size.width;
} 
fixed statement= 
generation= 585
ingredientScope= -
validation=
failing: |true|0|5|[]|
manual_regression: |true|0|3597|[]|
evo_regression: |true|0|27|[]|
 ----
ProgramVariant 1176
 
time(sec)= 2444
operation: ReplaceOp
location= org.jfree.chart.block.BorderArrangement
line= 453
lineSuspiciousness= 1
original statement= if ((org.jfree.chart.block.BorderArrangement.this.rightBlock) != null) {
	org.jfree.chart.block.RectangleConstraint c4 = new org.jfree.chart.block.RectangleConstraint(0.0 , new org.jfree.data.Range(0.0 , ((constraint.getWidth()) - (w[2]))) , org.jfree.chart.block.LengthConstraintType.RANGE , h[2] , null , org.jfree.chart.block.LengthConstraintType.FIXED);
	org.jfree.chart.util.Size2D size = org.jfree.chart.block.BorderArrangement.this.rightBlock.arrange(g2, c4);
	w[3] = size.width;
} 
fixed statement= if ((org.jfree.chart.block.BorderArrangement.this.topBlock) != null) {
	org.jfree.chart.block.BorderArrangement.this.topBlock.setBounds(new java.awt.geom.Rectangle2D.Double(0.0 , 0.0 , w[0] , h[0]));
} 
generation= 588
ingredientScope= LOCAL
validation=
failing: |true|0|5|[]|
manual_regression: |true|0|3597|[]|
evo_regression: |true|0|27|[]|
 ----
ProgramVariant 1192
 
time(sec)= 2549
operation: ReplaceOp
location= org.jfree.chart.block.BorderArrangement
line= 435
lineSuspiciousness= 1
original statement= w[1] = w[0]
fixed statement= org.jfree.chart.block.BorderArrangement.this.leftBlock = null
generation= 596
ingredientScope= LOCAL
validation=
failing: |true|0|5|[]|
manual_regression: |true|0|3597|[]|
evo_regression: |true|0|27|[]|
 ----
ProgramVariant 1240
 
time(sec)= 2702
operation: ReplaceOp
location= org.jfree.chart.block.BorderArrangement
line= 453
lineSuspiciousness= 1
original statement= if ((org.jfree.chart.block.BorderArrangement.this.rightBlock) != null) {
	org.jfree.chart.block.RectangleConstraint c4 = new org.jfree.chart.block.RectangleConstraint(0.0 , new org.jfree.data.Range(0.0 , ((constraint.getWidth()) - (w[2]))) , org.jfree.chart.block.LengthConstraintType.RANGE , h[2] , null , org.jfree.chart.block.LengthConstraintType.FIXED);
	org.jfree.chart.util.Size2D size = org.jfree.chart.block.BorderArrangement.this.rightBlock.arrange(g2, c4);
	w[3] = size.width;
} 
fixed statement= if ((org.jfree.chart.block.BorderArrangement.this.leftBlock) != null) {
	org.jfree.chart.block.BorderArrangement.this.leftBlock.setBounds(new java.awt.geom.Rectangle2D.Double(0.0 , h[0] , w[2] , h[2]));
} 
generation= 620
ingredientScope= LOCAL
validation=
failing: |true|0|5|[]|
manual_regression: |true|0|3597|[]|
evo_regression: |true|0|27|[]|
 ----
ProgramVariant 1672
 
time(sec)= 3275
operation: InsertBeforeOp
location= org.jfree.chart.block.BorderArrangement
line= 311
lineSuspiciousness= 1
original statement= h[2] = java.lang.Math.max(h[2], h[3])
fixed statement= org.jfree.chart.block.BorderArrangement.this.leftBlock = null
generation= 836
ingredientScope= LOCAL
validation=
failing: |true|0|5|[]|
manual_regression: |true|0|3597|[]|
evo_regression: |true|0|27|[]|
 ----
ProgramVariant 1756
 
time(sec)= 3445
operation: ReplaceOp
location= org.jfree.chart.block.BorderArrangement
line= 307
lineSuspiciousness= 1
original statement= w[3] = size.width
fixed statement= org.jfree.chart.block.BorderArrangement.this.leftBlock = null
generation= 878
ingredientScope= LOCAL
validation=
failing: |true|0|5|[]|
manual_regression: |true|0|3597|[]|
evo_regression: |true|0|27|[]|
 ----
ProgramVariant 1890
 
time(sec)= 3743
operation: RemoveOp
location= org.jfree.chart.block.BorderArrangement
line= 450
lineSuspiciousness= 1
original statement= w[2] = size.width
fixed statement= 
generation= 945
ingredientScope= -
validation=
failing: |true|0|5|[]|
manual_regression: |true|0|3597|[]|
evo_regression: |true|0|27|[]|
 ----
ProgramVariant 1920
 
time(sec)= 3854
operation: InsertBeforeOp
location= org.jfree.chart.block.BorderArrangement
line= 314
lineSuspiciousness= 1
original statement= if ((org.jfree.chart.block.BorderArrangement.this.centerBlock) != null) {
	org.jfree.chart.block.RectangleConstraint c4 = new org.jfree.chart.block.RectangleConstraint(((width - (w[2])) - (w[3])) , null , org.jfree.chart.block.LengthConstraintType.FIXED , 0.0 , null , org.jfree.chart.block.LengthConstraintType.NONE);
	org.jfree.chart.util.Size2D size = org.jfree.chart.block.BorderArrangement.this.centerBlock.arrange(g2, c4);
	w[4] = size.width;
	h[4] = size.height;
} 
fixed statement= org.jfree.chart.block.BorderArrangement.this.leftBlock = null
generation= 960
ingredientScope= LOCAL
validation=
failing: |true|0|5|[]|
manual_regression: |true|0|3597|[]|
evo_regression: |true|0|27|[]|
 ----
ProgramVariant 2108
 
time(sec)= 4260
operation: ReplaceOp
location= org.jfree.chart.block.BorderArrangement
line= 444
lineSuspiciousness= 1
original statement= if ((org.jfree.chart.block.BorderArrangement.this.leftBlock) != null) {
	org.jfree.chart.block.RectangleConstraint c3 = new org.jfree.chart.block.RectangleConstraint(0.0 , new org.jfree.data.Range(0.0 , constraint.getWidth()) , org.jfree.chart.block.LengthConstraintType.RANGE , h[2] , null , org.jfree.chart.block.LengthConstraintType.FIXED);
	org.jfree.chart.util.Size2D size = org.jfree.chart.block.BorderArrangement.this.leftBlock.arrange(g2, c3);
	w[2] = size.width;
} 
fixed statement= if ((org.jfree.chart.block.BorderArrangement.this.bottomBlock) != null) {
	org.jfree.chart.block.BorderArrangement.this.bottomBlock.setBounds(new java.awt.geom.Rectangle2D.Double(0.0 , ((h[0]) + (h[2])) , w[1] , h[1]));
} 
generation= 1054
ingredientScope= LOCAL
validation=
failing: |true|0|5|[]|
manual_regression: |true|0|3597|[]|
evo_regression: |true|0|27|[]|
 ----
ProgramVariant 2128
 
time(sec)= 4528
operation: InsertBeforeOp
location= org.jfree.chart.block.AbstractBlock
line= 489
lineSuspiciousness= 0.122
original statement= double result = contentHeight
fixed statement= org.jfree.chart.block.AbstractBlock.this.width = 0.0
generation= 1064
ingredientScope= LOCAL
validation=
failing: |true|0|5|[]|
manual_regression: |true|0|3597|[]|
evo_regression: |false|1|62|[test26(org.jfree.chart.block.AbstractBlock_ESTest): expected:<-1083.8241733387256> but was:<0.0>-]|
 ----
ProgramVariant 2138
 
time(sec)= 4611
operation: ReplaceOp
location= org.jfree.chart.block.BorderArrangement
line= 312
lineSuspiciousness= 1
original statement= h[3] = h[2]
fixed statement= org.jfree.chart.block.BorderArrangement.this.leftBlock = null
generation= 1069
ingredientScope= LOCAL
validation=
failing: |true|0|5|[]|
manual_regression: |true|0|3597|[]|
evo_regression: |true|0|27|[]|
 ----
ProgramVariant 2218
 
time(sec)= 4781
operation: InsertBeforeOp
location= org.jfree.chart.block.BorderArrangement
line= 302
lineSuspiciousness= 1
original statement= org.jfree.chart.block.RectangleConstraint c3 = new org.jfree.chart.block.RectangleConstraint(0.0 , new org.jfree.data.Range(java.lang.Math.min(w[2], maxW) , maxW) , org.jfree.chart.block.LengthConstraintType.RANGE , 0.0 , null , org.jfree.chart.block.LengthConstraintType.NONE)
fixed statement= org.jfree.chart.block.BorderArrangement.this.leftBlock = null
generation= 1109
ingredientScope= LOCAL
validation=
failing: |true|0|5|[]|
manual_regression: |true|0|3597|[]|
evo_regression: |true|0|27|[]|
 ----
ProgramVariant 2442
 
time(sec)= 5248
operation: ReplaceOp
location= org.jfree.chart.block.BorderArrangement
line= 426
lineSuspiciousness= 1
original statement= w[0] = constraint.getWidth()
fixed statement= org.jfree.chart.block.BorderArrangement.this.rightBlock = null
generation= 1221
ingredientScope= LOCAL
validation=
failing: |true|0|5|[]|
manual_regression: |true|0|3597|[]|
evo_regression: |true|0|27|[]|
 ----
ProgramVariant 2558
 
time(sec)= 5490
operation: ReplaceOp
location= org.jfree.chart.block.BorderArrangement
line= 452
lineSuspiciousness= 1
original statement= h[3] = h[2]
fixed statement= org.jfree.chart.block.BorderArrangement.this.rightBlock = null
generation= 1279
ingredientScope= LOCAL
validation=
failing: |true|0|5|[]|
manual_regression: |true|0|3597|[]|
evo_regression: |true|0|27|[]|
 ----
ProgramVariant 2614
 
time(sec)= 5622
operation: RemoveOp
location= org.jfree.chart.block.BorderArrangement
line= 453
lineSuspiciousness= 1
original statement= if ((org.jfree.chart.block.BorderArrangement.this.rightBlock) != null) {
	org.jfree.chart.block.RectangleConstraint c4 = new org.jfree.chart.block.RectangleConstraint(0.0 , new org.jfree.data.Range(0.0 , ((constraint.getWidth()) - (w[2]))) , org.jfree.chart.block.LengthConstraintType.RANGE , h[2] , null , org.jfree.chart.block.LengthConstraintType.FIXED);
	org.jfree.chart.util.Size2D size = org.jfree.chart.block.BorderArrangement.this.rightBlock.arrange(g2, c4);
	w[3] = size.width;
} 
fixed statement= 
generation= 1307
ingredientScope= -
validation=
failing: |true|0|5|[]|
manual_regression: |true|0|3597|[]|
evo_regression: |true|0|27|[]|
 ----
ProgramVariant 2660
 
time(sec)= 5735
operation: ReplaceOp
location= org.jfree.chart.block.BorderArrangement
line= 444
lineSuspiciousness= 1
original statement= if ((org.jfree.chart.block.BorderArrangement.this.leftBlock) != null) {
	org.jfree.chart.block.RectangleConstraint c3 = new org.jfree.chart.block.RectangleConstraint(0.0 , new org.jfree.data.Range(0.0 , constraint.getWidth()) , org.jfree.chart.block.LengthConstraintType.RANGE , h[2] , null , org.jfree.chart.block.LengthConstraintType.FIXED);
	org.jfree.chart.util.Size2D size = org.jfree.chart.block.BorderArrangement.this.leftBlock.arrange(g2, c3);
	w[2] = size.width;
} 
fixed statement= if ((org.jfree.chart.block.BorderArrangement.this.topBlock) != null) {
	org.jfree.chart.block.BorderArrangement.this.topBlock.setBounds(new java.awt.geom.Rectangle2D.Double(0.0 , 0.0 , w[0] , h[0]));
} 
generation= 1330
ingredientScope= LOCAL
validation=
failing: |true|0|5|[]|
manual_regression: |true|0|3597|[]|
evo_regression: |true|0|27|[]|
 ----
ProgramVariant 2720
 
time(sec)= 5876
operation: ReplaceOp
location= org.jfree.chart.block.BorderArrangement
line= 450
lineSuspiciousness= 1
original statement= w[2] = size.width
fixed statement= org.jfree.chart.block.BorderArrangement.this.bottomBlock = null
generation= 1360
ingredientScope= LOCAL
validation=
failing: |true|0|5|[]|
manual_regression: |true|0|3597|[]|
evo_regression: |true|0|27|[]|
 ----
ProgramVariant 2752
 
time(sec)= 5971
operation: RemoveOp
location= org.jfree.chart.block.BorderArrangement
line= 444
lineSuspiciousness= 1
original statement= if ((org.jfree.chart.block.BorderArrangement.this.leftBlock) != null) {
	org.jfree.chart.block.RectangleConstraint c3 = new org.jfree.chart.block.RectangleConstraint(0.0 , new org.jfree.data.Range(0.0 , constraint.getWidth()) , org.jfree.chart.block.LengthConstraintType.RANGE , h[2] , null , org.jfree.chart.block.LengthConstraintType.FIXED);
	org.jfree.chart.util.Size2D size = org.jfree.chart.block.BorderArrangement.this.leftBlock.arrange(g2, c3);
	w[2] = size.width;
} 
fixed statement= 
generation= 1376
ingredientScope= -
validation=
failing: |true|0|5|[]|
manual_regression: |true|0|3597|[]|
evo_regression: |true|0|27|[]|
 ----
ProgramVariant 2780
 
time(sec)= 6066
operation: InsertAfterOp
location= org.jfree.chart.block.BorderArrangement
line= 436
lineSuspiciousness= 1
original statement= if ((org.jfree.chart.block.BorderArrangement.this.bottomBlock) != null) {
	org.jfree.chart.block.RectangleConstraint c2 = new org.jfree.chart.block.RectangleConstraint(w[0] , null , org.jfree.chart.block.LengthConstraintType.FIXED , 0.0 , new org.jfree.data.Range(0.0 , ((constraint.getHeight()) - (h[0]))) , org.jfree.chart.block.LengthConstraintType.RANGE);
	org.jfree.chart.util.Size2D size = org.jfree.chart.block.BorderArrangement.this.bottomBlock.arrange(g2, c2);
	h[1] = size.height;
} 
fixed statement= org.jfree.chart.block.BorderArrangement.this.rightBlock = null
generation= 1390
ingredientScope= LOCAL
validation=
failing: |true|0|5|[]|
manual_regression: |true|0|3597|[]|
evo_regression: |true|0|27|[]|
 ----
ProgramVariant 2828
 
time(sec)= 6202
operation: ReplaceOp
location= org.jfree.chart.block.BorderArrangement
line= 444
lineSuspiciousness= 1
original statement= if ((org.jfree.chart.block.BorderArrangement.this.leftBlock) != null) {
	org.jfree.chart.block.RectangleConstraint c3 = new org.jfree.chart.block.RectangleConstraint(0.0 , new org.jfree.data.Range(0.0 , constraint.getWidth()) , org.jfree.chart.block.LengthConstraintType.RANGE , h[2] , null , org.jfree.chart.block.LengthConstraintType.FIXED);
	org.jfree.chart.util.Size2D size = org.jfree.chart.block.BorderArrangement.this.leftBlock.arrange(g2, c3);
	w[2] = size.width;
} 
fixed statement= if ((org.jfree.chart.block.BorderArrangement.this.centerBlock) != null) {
	org.jfree.chart.block.BorderArrangement.this.centerBlock.setBounds(new java.awt.geom.Rectangle2D.Double(w[2] , h[0] , w[4] , h[4]));
} 
generation= 1414
ingredientScope= LOCAL
validation=
failing: |true|0|5|[]|
manual_regression: |true|0|3597|[]|
evo_regression: |true|0|27|[]|
 ----
ProgramVariant 2882
 
time(sec)= 6377
operation: InsertBeforeOp
location= org.jfree.chart.block.BorderArrangement
line= 151
lineSuspiciousness= 1
original statement= if (h == (org.jfree.chart.block.LengthConstraintType.FIXED)) {
	contentSize = arrangeFF(container, g2, constraint);
} else {
	if (h == (org.jfree.chart.block.LengthConstraintType.RANGE)) {
		contentSize = arrangeFR(container, g2, constraint);
	} 
}
fixed statement= org.jfree.chart.block.BorderArrangement.this.rightBlock = null
generation= 1441
ingredientScope= LOCAL
validation=
failing: |true|0|5|[]|
manual_regression: |true|0|3597|[]|
evo_regression: |true|0|27|[]|
 ----
ProgramVariant 3252
 
time(sec)= 6889
operation: RemoveOp
location= org.jfree.chart.block.BorderArrangement
line= 450
lineSuspiciousness= 1
original statement= w[2] = size.width
fixed statement= 
generation= 1626
ingredientScope= -
validation=
failing: |true|0|5|[]|
manual_regression: |true|0|3597|[]|
evo_regression: |true|0|27|[]|
 ----
ProgramVariant 3416
 
time(sec)= 7149
operation: RemoveOp
location= org.jfree.chart.block.BorderArrangement
line= 453
lineSuspiciousness= 1
original statement= if ((org.jfree.chart.block.BorderArrangement.this.rightBlock) != null) {
	org.jfree.chart.block.RectangleConstraint c4 = new org.jfree.chart.block.RectangleConstraint(0.0 , new org.jfree.data.Range(0.0 , ((constraint.getWidth()) - (w[2]))) , org.jfree.chart.block.LengthConstraintType.RANGE , h[2] , null , org.jfree.chart.block.LengthConstraintType.FIXED);
	org.jfree.chart.util.Size2D size = org.jfree.chart.block.BorderArrangement.this.rightBlock.arrange(g2, c4);
	w[3] = size.width;
} 
fixed statement= 
generation= 1708
ingredientScope= -
validation=
failing: |true|0|5|[]|
manual_regression: |true|0|3597|[]|
evo_regression: |true|0|27|[]|
 ----
ProgramVariant 3456
 
time(sec)= 7280
operation: InsertBeforeOp
location= org.jfree.chart.block.BorderArrangement
line= 322
lineSuspiciousness= 1
original statement= double height = ((h[0]) + (h[1])) + (java.lang.Math.max(h[2], java.lang.Math.max(h[3], h[4])))
fixed statement= org.jfree.chart.block.BorderArrangement.this.leftBlock = null
generation= 1728
ingredientScope= LOCAL
validation=
failing: |true|0|5|[]|
manual_regression: |true|0|3597|[]|
evo_regression: |true|0|27|[]|
[INFO ] fr.inria.main.evolution.AstorMain.run(AstorMain.java:397) - Time Total(s): 7344.969


Node: graphene-92.nancy.grid5000.fr


Date: Sun Jan 15 13:07:27 CET 2017

removed classes 

zipped 

copied zip 


