seed AstorRun 25 
export PATH="/home/mmartinez/defects4j/framework/bin:$PATH";export JAVA_TOOL_OPTIONS=-Dfile.encoding=UTF8;export PATH="/usr/lib/jvm/java-1.7.0-openjdk-amd64/bin/:$PATH";cd /home/mmartinez/projects/math/math_44;defects4j compile;cp -r /home/mmartinez/projects/math/math_44 /tmp/math_44_Genprog_local_s1;cd /tmp/math_44_Genprog_local_s1;mkdir lib/;cp -r /home/mmartinez/defects4j/framework/projects/lib/* lib/;cp -r /home/mmartinez/defects4j/framework/projects/Math/lib/* lib/;find . -type f -name "package-info.java" -delete;
/home/mmartinez/defects4j-repair/src/python/core/../../../results/2016-june/Math/seed/25/package/44/Genprog/result
cd /tmp/math_44_Genprog_local_s1;export JAVA_TOOL_OPTIONS=-Dfile.encoding=UTF8;TZ="America/New_York"; export TZexport PATH="/usr/lib/jvm/java-1.7.0-openjdk-amd64/bin/:$PATH";time /home/mmartinez/jdk1.8.0_45/bin//java -Xmx4096m -cp /home/mmartinez/defects4j-repair/src/python/core/../../..//libs/astor.jar fr.inria.main.evolution.MainjGenProg -mode statement -location . -id Math -dependencies lib/ -failing org.apache.commons.math.ode.events.EventStateTest: -package org.apache.commons -jvm4testexecution /usr/lib/jvm/java-1.7.0-openjdk-amd64/bin/ -jvm4evosuitetestexecution /home/mmartinez/jdk1.8.0_45/bin/ -javacompliancelevel 5 -maxgen 1000000 -seed 25 -scope package -maxtime 120  -stopfirst false -population 1 -srcjavafolder src/main/java/ -srctestfolder src/test/java/ -binjavafolder target/classes/ -bintestfolder target/test-classes/ -flthreshold 0.1  -validation  fr.inria.astor.core.validation.validators.RegressionValidation  -ESParameters -Dassertion_timeout=1800:-Dminimization_timeout=1800:-Djunit_check_timeout=1800:-Dwrite_junit_timeout=300:-Dinitialization_timeout=300:-Dglobal_timeout=18000:-Dsearch_budget=100000:-Dstopping_condition=MaxStatements:-Dno_runtime_dependency=true:-Dsandbox=false:-Dp_reflection_on_private=0.0:-Dreflection_start_percent=1.0:-Dp_functional_mocking=0.0:-Dfunctional_mocking_percent=1.0:-mem=2000 -testbystep  -ignoredtestcases org.apache.commons.lang.LocaleUtilsTest  -excludeRegression  -maxgen 100000000 ;echo "

Node: `hostname`
";echo "
Date: `date`
"; find /tmp/math_44_Genprog_local_s1/outputMutation -name "*.class" -type f -delete;echo "removed classes 
"; find . -name bin  -type d -print0|xargs -0 rm -r --; zip -r -q out.zip /tmp/math_44_Genprog_local_s1/outputMutation; echo "zipped 
";cp out.zip /home/mmartinez/defects4j-repair/src/python/core/../../../results/2016-june/Math/seed/25/package/44/Genprog; echo "copied zip 
";rm -rf /tmp/math_44_Genprog_local_s1;

[DEBUG] fr.inria.astor.core.loop.AstorCoreEngine.showResults(AstorCoreEngine.java:136) - End Repair Loops: Found solution
[DEBUG] fr.inria.astor.core.loop.AstorCoreEngine.showResults(AstorCoreEngine.java:137) - Solution stored at: /tmp/math_44_Genprog_local_s1/./outputMutation/AstorMain-Math//src/
[DEBUG] fr.inria.astor.core.loop.AstorCoreEngine.showResults(AstorCoreEngine.java:142) - 
Number solutions:6
[DEBUG] fr.inria.astor.core.loop.AstorCoreEngine.showResults(AstorCoreEngine.java:144) - f (sol): 15.0, [Variant id: 274 (SOL) , #gens: 221, #ops: 1, parent:273]
[DEBUG] fr.inria.astor.core.loop.AstorCoreEngine.showResults(AstorCoreEngine.java:144) - f (sol): 0.0, [Variant id: 420 (SOL) , #gens: 221, #ops: 1, parent:419]
[DEBUG] fr.inria.astor.core.loop.AstorCoreEngine.showResults(AstorCoreEngine.java:144) - f (sol): 15.0, [Variant id: 442 (SOL) , #gens: 221, #ops: 1, parent:441]
[DEBUG] fr.inria.astor.core.loop.AstorCoreEngine.showResults(AstorCoreEngine.java:144) - f (sol): 15.0, [Variant id: 444 (SOL) , #gens: 221, #ops: 1, parent:443]
[DEBUG] fr.inria.astor.core.loop.AstorCoreEngine.showResults(AstorCoreEngine.java:144) - f (sol): 15.0, [Variant id: 1184 (SOL) , #gens: 221, #ops: 1, parent:1183]
[DEBUG] fr.inria.astor.core.loop.AstorCoreEngine.showResults(AstorCoreEngine.java:144) - f (sol): 15.0, [Variant id: 1272 (SOL) , #gens: 220, #ops: 1, parent:1271]
[DEBUG] fr.inria.astor.core.loop.AstorCoreEngine.showResults(AstorCoreEngine.java:146) - 
All variants:
[DEBUG] fr.inria.astor.core.loop.AstorCoreEngine.showResults(AstorCoreEngine.java:148) - f 1.0, [Variant id: 1819, #gens: 220, #ops: 0, parent:-]
[INFO ] fr.inria.astor.core.loop.AstorCoreEngine.showResults(AstorCoreEngine.java:152) - 
Solution details
[INFO ] fr.inria.astor.core.loop.AstorCoreEngine.showResults(AstorCoreEngine.java:153) - 
 --SOLUTIONS DESCRIPTION--

 ----
ProgramVariant 274
 
time(sec)= 1819
operation: InsertAfterOp
location= org.apache.commons.math.ode.AbstractIntegrator
line= 316
lineSuspiciousness= 0.171
original statement= final double eventT = currentEvent.getEventTime()
fixed statement= statesInitialized = false
generation= 137
ingredientScope= LOCAL
validation=
failing: |true|0|2|[]|
manual_regression: |false|15|3057|[testEvents(org.apache.commons.math.ode.nonstiff.DormandPrince54IntegratorTest): function values at endpoints do not have different signs, endpoints: 5.083, 5.184, values: 0, 0.1-, testEvents(org.apache.commons.math.ode.nonstiff.DormandPrince853IntegratorTest): function values at endpoints do not have different signs, endpoints: 5.083, 5.523, values: 0, 0.426-, testDecreasingSteps(org.apache.commons.math.ode.nonstiff.MidpointIntegratorTest): function values at endpoints do not have different signs, endpoints: 1.937, 2.054, values: -0, -0.117-]|
evo_regression: |true|0|30|[]|
 ----
ProgramVariant 420
 
time(sec)= 2885
operation: InsertBeforeOp
location= org.apache.commons.math.ode.events.EventState
line= 190
lineSuspiciousness= 0.158
original statement= forward = interpolator.isForward()
fixed statement= t0 = interpolator.getPreviousTime()
generation= 210
ingredientScope= LOCAL
validation=
failing: |true|0|2|[]|
manual_regression: |true|0|3057|[]|
evo_regression: |true|0|19|[]|
 ----
ProgramVariant 442
 
time(sec)= 3086
operation: InsertAfterOp
location= org.apache.commons.math.ode.AbstractIntegrator
line= 312
lineSuspiciousness= 0.171
original statement= final org.apache.commons.math.ode.events.EventState currentEvent = iterator.next()
fixed statement= statesInitialized = false
generation= 221
ingredientScope= LOCAL
validation=
failing: |true|0|2|[]|
manual_regression: |false|15|3057|[testEvents(org.apache.commons.math.ode.nonstiff.DormandPrince54IntegratorTest): function values at endpoints do not have different signs, endpoints: 5.083, 5.184, values: 0, 0.1-, testEvents(org.apache.commons.math.ode.nonstiff.DormandPrince853IntegratorTest): function values at endpoints do not have different signs, endpoints: 5.083, 5.523, values: 0, 0.426-, testDecreasingSteps(org.apache.commons.math.ode.nonstiff.MidpointIntegratorTest): function values at endpoints do not have different signs, endpoints: 1.937, 2.054, values: -0, -0.117-]|
evo_regression: |true|0|30|[]|
 ----
ProgramVariant 444
 
time(sec)= 3254
operation: InsertBeforeOp
location= org.apache.commons.math.ode.AbstractIntegrator
line= 292
lineSuspiciousness= 0.171
original statement= java.util.SortedSet<org.apache.commons.math.ode.events.EventState> occuringEvents = new java.util.TreeSet<org.apache.commons.math.ode.events.EventState>(new java.util.Comparator<org.apache.commons.math.ode.events.EventState>() {
	public int compare(org.apache.commons.math.ode.events.EventState es0, org.apache.commons.math.ode.events.EventState es1) {
		return orderingSign * (java.lang.Double.compare(es0.getEventTime(), es1.getEventTime()));
	}
})
fixed statement= for (org.apache.commons.math.ode.events.EventState state : eventsStates) {
	state.reinitializeBegin(interpolator);
}
generation= 222
ingredientScope= LOCAL
validation=
failing: |true|0|2|[]|
manual_regression: |false|15|3057|[testEvents(org.apache.commons.math.ode.nonstiff.DormandPrince54IntegratorTest): function values at endpoints do not have different signs, endpoints: 5.083, 5.184, values: 0, 0.1-, testEvents(org.apache.commons.math.ode.nonstiff.DormandPrince853IntegratorTest): function values at endpoints do not have different signs, endpoints: 5.083, 5.523, values: 0, 0.426-, testDecreasingSteps(org.apache.commons.math.ode.nonstiff.MidpointIntegratorTest): function values at endpoints do not have different signs, endpoints: 1.937, 2.054, values: -0, -0.117-]|
evo_regression: |true|0|30|[]|
 ----
ProgramVariant 1184
 
time(sec)= 5348
operation: InsertBeforeOp
location= org.apache.commons.math.ode.AbstractIntegrator
line= 317
lineSuspiciousness= 0.171
original statement= interpolator.setSoftPreviousTime(previousT)
fixed statement= statesInitialized = false
generation= 592
ingredientScope= LOCAL
validation=
failing: |true|0|2|[]|
manual_regression: |false|15|3057|[testEvents(org.apache.commons.math.ode.nonstiff.DormandPrince54IntegratorTest): function values at endpoints do not have different signs, endpoints: 5.083, 5.184, values: 0, 0.1-, testEvents(org.apache.commons.math.ode.nonstiff.DormandPrince853IntegratorTest): function values at endpoints do not have different signs, endpoints: 5.083, 5.523, values: 0, 0.426-, testDecreasingSteps(org.apache.commons.math.ode.nonstiff.MidpointIntegratorTest): function values at endpoints do not have different signs, endpoints: 1.937, 2.054, values: -0, -0.117-]|
evo_regression: |true|0|30|[]|
 ----
ProgramVariant 1272
 
time(sec)= 5801
operation: ReplaceOp
location= org.apache.commons.math.ode.AbstractIntegrator
line= 342
lineSuspiciousness= 0.196
original statement= resetOccurred = true
fixed statement= statesInitialized = false
generation= 636
ingredientScope= LOCAL
validation=
failing: |true|0|2|[]|
manual_regression: |false|15|3057|[testEvents(org.apache.commons.math.ode.nonstiff.DormandPrince54IntegratorTest): function values at endpoints do not have different signs, endpoints: 5.083, 5.184, values: 0, 0.1-, testEvents(org.apache.commons.math.ode.nonstiff.DormandPrince853IntegratorTest): function values at endpoints do not have different signs, endpoints: 5.083, 5.523, values: 0, 0.426-, testDecreasingSteps(org.apache.commons.math.ode.nonstiff.MidpointIntegratorTest): function values at endpoints do not have different signs, endpoints: 1.937, 2.054, values: -0, -0.117-]|
evo_regression: |true|0|30|[]|
[INFO ] fr.inria.main.evolution.AstorMain.run(AstorMain.java:397) - Time Total(s): 7618.01


Node: grisou-21.nancy.grid5000.fr


Date: Sat Jan 28 04:12:00 CET 2017

removed classes 

zipped 

copied zip 


