seed AstorRun 30 
export PATH="/home/mmartinez/defects4j/framework/bin:$PATH";export JAVA_TOOL_OPTIONS=-Dfile.encoding=UTF8;export PATH="/usr/lib/jvm/java-1.7.0-openjdk-amd64/bin/:$PATH";cd /home/mmartinez/projects/math/math_74;defects4j compile;cp -r /home/mmartinez/projects/math/math_74 /tmp/math_74_Genprog_local_s1;cd /tmp/math_74_Genprog_local_s1;mkdir lib/;cp -r /home/mmartinez/defects4j/framework/projects/lib/* lib/;cp -r /home/mmartinez/defects4j/framework/projects/Math/lib/* lib/;find . -type f -name "package-info.java" -delete;
/home/mmartinez/defects4j-repair/src/python/core/../../../results/2016-june/Math/seed/30/package/74/Genprog/result
cd /tmp/math_74_Genprog_local_s1;export JAVA_TOOL_OPTIONS=-Dfile.encoding=UTF8;TZ="America/New_York"; export TZexport PATH="/usr/lib/jvm/java-1.7.0-openjdk-amd64/bin/:$PATH";time /home/mmartinez/jdk1.8.0_45/bin//java -Xmx4096m -cp /home/mmartinez/defects4j-repair/src/python/core/../../..//libs/astor.jar fr.inria.main.evolution.MainjGenProg -mode statement -location . -id Math -dependencies lib/ -failing org.apache.commons.math.ode.nonstiff.AdamsMoultonIntegratorTest: -package org.apache.commons -jvm4testexecution /usr/lib/jvm/java-1.7.0-openjdk-amd64/bin/ -jvm4evosuitetestexecution /home/mmartinez/jdk1.8.0_45/bin/ -javacompliancelevel 5 -maxgen 1000000 -seed 30 -scope package -maxtime 120  -stopfirst false -population 1 -srcjavafolder src/main/java/ -srctestfolder src/test/java/ -binjavafolder target/classes/ -bintestfolder target/test-classes/ -flthreshold 0.1  -validation  fr.inria.astor.core.validation.validators.RegressionValidation  -ESParameters -Dassertion_timeout=1800:-Dminimization_timeout=1800:-Djunit_check_timeout=1800:-Dwrite_junit_timeout=300:-Dinitialization_timeout=300:-Dglobal_timeout=18000:-Dsearch_budget=100000:-Dstopping_condition=MaxStatements:-Dno_runtime_dependency=true:-Dsandbox=false:-Dp_reflection_on_private=0.0:-Dreflection_start_percent=1.0:-Dp_functional_mocking=0.0:-Dfunctional_mocking_percent=1.0:-mem=2000 -testbystep  -ignoredtestcases org.apache.commons.lang.LocaleUtilsTest  -excludeRegression  -maxgen 100000000 ;echo "

Node: `hostname`
";echo "
Date: `date`
"; find /tmp/math_74_Genprog_local_s1/outputMutation -name "*.class" -type f -delete;echo "removed classes 
"; find . -name bin  -type d -print0|xargs -0 rm -r --; zip -r -q out.zip /tmp/math_74_Genprog_local_s1/outputMutation; echo "zipped 
";cp out.zip /home/mmartinez/defects4j-repair/src/python/core/../../../results/2016-june/Math/seed/30/package/74/Genprog; echo "copied zip 
";rm -rf /tmp/math_74_Genprog_local_s1;

[DEBUG] fr.inria.astor.core.loop.AstorCoreEngine.showResults(AstorCoreEngine.java:136) - End Repair Loops: Found solution
[DEBUG] fr.inria.astor.core.loop.AstorCoreEngine.showResults(AstorCoreEngine.java:137) - Solution stored at: /tmp/math_74_Genprog_local_s1/./outputMutation/AstorMain-Math//src/
[DEBUG] fr.inria.astor.core.loop.AstorCoreEngine.showResults(AstorCoreEngine.java:142) - 
Number solutions:2
[DEBUG] fr.inria.astor.core.loop.AstorCoreEngine.showResults(AstorCoreEngine.java:144) - f (sol): 3.0, [Variant id: 162 (SOL) , #gens: 500, #ops: 1, parent:161]
[DEBUG] fr.inria.astor.core.loop.AstorCoreEngine.showResults(AstorCoreEngine.java:144) - f (sol): 3.0, [Variant id: 310 (SOL) , #gens: 500, #ops: 1, parent:309]
[DEBUG] fr.inria.astor.core.loop.AstorCoreEngine.showResults(AstorCoreEngine.java:146) - 
All variants:
[DEBUG] fr.inria.astor.core.loop.AstorCoreEngine.showResults(AstorCoreEngine.java:148) - f 1.0, [Variant id: 605, #gens: 499, #ops: 0, parent:-]
[INFO ] fr.inria.astor.core.loop.AstorCoreEngine.showResults(AstorCoreEngine.java:152) - 
Solution details
[INFO ] fr.inria.astor.core.loop.AstorCoreEngine.showResults(AstorCoreEngine.java:153) - 
 --SOLUTIONS DESCRIPTION--

 ----
ProgramVariant 162
 
time(sec)= 2919
operation: InsertAfterOp
location= org.apache.commons.math.ode.nonstiff.AdamsMoultonIntegrator
line= 223
lineSuspiciousness= 0.447
original statement= interpolator.reinitialize(y, forward)
fixed statement= setMaxGrowth(10.0)
generation= 81
ingredientScope= PACKAGE
validation=
failing: |true|0|6|[]|
manual_regression: |true|0|2131|[]|
evo_regression: |false|3|12|[test06(org.apache.commons.math.ode.nonstiff.AdamsMoultonIntegrator_ESTest): expected:<64> but was:<32>-, test08(org.apache.commons.math.ode.nonstiff.AdamsMoultonIntegrator_ESTest): expected:<51> but was:<28>-, test01(org.apache.commons.math.ode.nonstiff.AdamsMoultonIntegrator_ESTest): Expecting exception: Exception-]|
 ----
ProgramVariant 310
 
time(sec)= 4331
operation: InsertBeforeOp
location= org.apache.commons.math.ode.nonstiff.AdamsMoultonIntegrator
line= 251
lineSuspiciousness= 0.5
original statement= stepSize = hNew
fixed statement= setMaxGrowth(10.0)
generation= 155
ingredientScope= PACKAGE
validation=
failing: |true|0|6|[]|
manual_regression: |true|0|2131|[]|
evo_regression: |false|3|12|[test06(org.apache.commons.math.ode.nonstiff.AdamsMoultonIntegrator_ESTest): expected:<64> but was:<32>-, test08(org.apache.commons.math.ode.nonstiff.AdamsMoultonIntegrator_ESTest): expected:<51> but was:<28>-, test01(org.apache.commons.math.ode.nonstiff.AdamsMoultonIntegrator_ESTest): Expecting exception: Exception-]|
[INFO ] fr.inria.main.evolution.AstorMain.run(AstorMain.java:397) - Time Total(s): 7636.837


Node: grisou-1.nancy.grid5000.fr


Date: Sun Jan 29 12:14:40 CET 2017

removed classes 

zipped 

copied zip 


