seed AstorRun 3 
export PATH="/home/mmartinez/defects4j/framework/bin:$PATH";export JAVA_TOOL_OPTIONS=-Dfile.encoding=UTF8;export PATH="/usr/lib/jvm/java-1.7.0-openjdk-amd64/bin/:$PATH";cd /home/mmartinez/projects/chart/chart_15;defects4j compile;cp -r /home/mmartinez/projects/chart/chart_15 /tmp/chart_15_Genprog_local_s1;cd /tmp/chart_15_Genprog_local_s1;mkdir lib/;cp -r /home/mmartinez/defects4j/framework/projects/lib/* lib/;cp -r /home/mmartinez/defects4j/framework/projects/Chart/lib/* lib/;find . -type f -name "package-info.java" -delete;
/home/mmartinez/defects4j-repair/src/python/core/../../../results/2016-june/Chart/seed/3/package/15/Genprog/result
cd /tmp/chart_15_Genprog_local_s1;export JAVA_TOOL_OPTIONS=-Dfile.encoding=UTF8;TZ="America/New_York"; export TZexport PATH="/usr/lib/jvm/java-1.7.0-openjdk-amd64/bin/:$PATH";time /home/mmartinez/jdk1.8.0_45/bin//java -Xmx4096m -cp /home/mmartinez/defects4j-repair/src/python/core/../../..//libs/astor.jar fr.inria.main.evolution.MainjGenProg -mode statement -location . -id Chart -dependencies lib/ -failing org.jfree.chart.plot.junit.PiePlot3DTests: -package org.jfree -jvm4testexecution /usr/lib/jvm/java-1.7.0-openjdk-amd64/bin/ -jvm4evosuitetestexecution /home/mmartinez/jdk1.8.0_45/bin/ -javacompliancelevel 4 -maxgen 1000000 -seed 3 -scope package -maxtime 120  -stopfirst false -population 1 -srcjavafolder source/ -srctestfolder tests/ -binjavafolder build/ -bintestfolder build-tests/ -flthreshold 0.1  -validation  fr.inria.astor.core.validation.validators.RegressionValidation  -ESParameters -Dassertion_timeout=1800:-Dminimization_timeout=1800:-Djunit_check_timeout=1800:-Dwrite_junit_timeout=300:-Dinitialization_timeout=300:-Dglobal_timeout=18000:-Dsearch_budget=100000:-Dstopping_condition=MaxStatements:-Dno_runtime_dependency=true:-Dsandbox=false:-Dp_reflection_on_private=0.0:-Dreflection_start_percent=1.0:-Dp_functional_mocking=0.0:-Dfunctional_mocking_percent=1.0:-mem=2000 -ignoredtestcases org.apache.commons.lang.LocaleUtilsTest  -excludeRegression  -maxgen 100000000 ;echo "

Node: `hostname`
";echo "
Date: `date`
"; find /tmp/chart_15_Genprog_local_s1/outputMutation -name "*.class" -type f -delete;echo "removed classes 
"; find . -name bin  -type d -print0|xargs -0 rm -r --; zip -r -q out.zip /tmp/chart_15_Genprog_local_s1/outputMutation; echo "zipped 
";cp out.zip /home/mmartinez/defects4j-repair/src/python/core/../../../results/2016-june/Chart/seed/3/package/15/Genprog; echo "copied zip 
";rm -rf /tmp/chart_15_Genprog_local_s1;

[DEBUG] fr.inria.astor.core.loop.AstorCoreEngine.showResults(AstorCoreEngine.java:136) - End Repair Loops: Found solution
[DEBUG] fr.inria.astor.core.loop.AstorCoreEngine.showResults(AstorCoreEngine.java:137) - Solution stored at: /tmp/chart_15_Genprog_local_s1/./outputMutation/AstorMain-Chart//src/
[DEBUG] fr.inria.astor.core.loop.AstorCoreEngine.showResults(AstorCoreEngine.java:142) - 
Number solutions:3
[DEBUG] fr.inria.astor.core.loop.AstorCoreEngine.showResults(AstorCoreEngine.java:144) - f (sol): 2.0, [Variant id: 234 (SOL) , #gens: 486, #ops: 1, parent:233]
[DEBUG] fr.inria.astor.core.loop.AstorCoreEngine.showResults(AstorCoreEngine.java:144) - f (sol): 2.0, [Variant id: 1596 (SOL) , #gens: 485, #ops: 1, parent:1595]
[DEBUG] fr.inria.astor.core.loop.AstorCoreEngine.showResults(AstorCoreEngine.java:144) - f (sol): 2.0, [Variant id: 3012 (SOL) , #gens: 486, #ops: 1, parent:3011]
[DEBUG] fr.inria.astor.core.loop.AstorCoreEngine.showResults(AstorCoreEngine.java:146) - 
All variants:
[DEBUG] fr.inria.astor.core.loop.AstorCoreEngine.showResults(AstorCoreEngine.java:148) - f 1.0, [Variant id: 3013, #gens: 486, #ops: 0, parent:-]
[INFO ] fr.inria.astor.core.loop.AstorCoreEngine.showResults(AstorCoreEngine.java:152) - 
Solution details
[INFO ] fr.inria.astor.core.loop.AstorCoreEngine.showResults(AstorCoreEngine.java:153) - 
 --SOLUTIONS DESCRIPTION--

 ----
ProgramVariant 234
 
time(sec)= 1034
operation: ReplaceOp
location= org.jfree.chart.JFreeChart
line= 1219
lineSuspiciousness= 0.125
original statement= org.jfree.chart.JFreeChart.this.plot.draw(g2, plotArea, anchor, null, plotInfo)
fixed statement= removeSubtitle(getLegend())
generation= 117
ingredientScope= LOCAL
validation=
failing: |true|0|3|[]|
manual_regression: |true|0|3579|[]|
evo_regression: |false|2|116|[test024(org.jfree.chart.JFreeChart_ESTest): Expecting exception: NullPointerException-, test030(org.jfree.chart.JFreeChart_ESTest): Expecting exception: IllegalArgumentException-]|
 ----
ProgramVariant 1596
 
time(sec)= 4114
operation: RemoveOp
location= org.jfree.chart.JFreeChart
line= 1219
lineSuspiciousness= 0.125
original statement= org.jfree.chart.JFreeChart.this.plot.draw(g2, plotArea, anchor, null, plotInfo)
fixed statement= 
generation= 798
ingredientScope= -
validation=
failing: |true|0|3|[]|
manual_regression: |true|0|3579|[]|
evo_regression: |false|2|116|[test024(org.jfree.chart.JFreeChart_ESTest): Expecting exception: NullPointerException-, test030(org.jfree.chart.JFreeChart_ESTest): Expecting exception: IllegalArgumentException-]|
 ----
ProgramVariant 3012
 
time(sec)= 7424
operation: ReplaceOp
location= org.jfree.chart.plot.PiePlot3D
line= 247
lineSuspiciousness= 0.707
original statement= if ((getLabelGenerator()) != null) {
	labelPercent = (getLabelGap()) + (getMaximumLabelWidth());
} 
fixed statement= if (org.jfree.data.general.DatasetUtilities.isEmptyOrNull(getDataset())) {
	drawNoDataMessage(g2, plotArea);
	g2.setClip(savedClip);
	drawOutline(g2, plotArea);
	return ;
} 
generation= 1506
ingredientScope= LOCAL
validation=
failing: |true|0|3|[]|
manual_regression: |true|0|3579|[]|
evo_regression: |false|2|15|[test08(org.jfree.chart.plot.PiePlot3D_ESTest): Expecting exception: IllegalArgumentException-, test09(org.jfree.chart.plot.PiePlot3D_ESTest): Expecting exception: IllegalArgumentException-]|
[INFO ] fr.inria.main.evolution.AstorMain.run(AstorMain.java:397) - Time Total(s): 8034.649


Node: graphene-122.nancy.grid5000.fr


Date: Tue Jan 17 23:44:59 CET 2017

removed classes 

zipped 

copied zip 


