seed AstorRun 27 
export PATH="/home/mmartinez/defects4j/framework/bin:$PATH";export JAVA_TOOL_OPTIONS=-Dfile.encoding=UTF8;export PATH="/usr/lib/jvm/java-1.7.0-openjdk-amd64/bin/:$PATH";cd /home/mmartinez/projects/chart/chart_21;defects4j compile;cp -r /home/mmartinez/projects/chart/chart_21 /tmp/chart_21_Genprog_local_s1;cd /tmp/chart_21_Genprog_local_s1;mkdir lib/;cp -r /home/mmartinez/defects4j/framework/projects/lib/* lib/;cp -r /home/mmartinez/defects4j/framework/projects/Chart/lib/* lib/;find . -type f -name "package-info.java" -delete;
/home/mmartinez/defects4j-repair/src/python/core/../../../results/2016-june/Chart/seed/27/package/21/Genprog/result
cd /tmp/chart_21_Genprog_local_s1;export JAVA_TOOL_OPTIONS=-Dfile.encoding=UTF8;TZ="America/New_York"; export TZexport PATH="/usr/lib/jvm/java-1.7.0-openjdk-amd64/bin/:$PATH";time /home/mmartinez/jdk1.8.0_45/bin//java -Xmx4096m -cp /home/mmartinez/defects4j-repair/src/python/core/../../..//libs/astor.jar fr.inria.main.evolution.MainjGenProg -mode statement -location . -id Chart -dependencies lib/ -failing org.jfree.data.statistics.junit.DefaultBoxAndWhiskerCategoryDatasetTests: -package org.jfree -jvm4testexecution /usr/lib/jvm/java-1.7.0-openjdk-amd64/bin/ -jvm4evosuitetestexecution /home/mmartinez/jdk1.8.0_45/bin/ -javacompliancelevel 4 -maxgen 1000000 -seed 27 -scope package -maxtime 120  -stopfirst false -population 1 -srcjavafolder source/ -srctestfolder tests/ -binjavafolder build/ -bintestfolder build-tests/ -flthreshold 0.1  -validation  fr.inria.astor.core.validation.validators.RegressionValidation  -ESParameters -Dassertion_timeout=1800:-Dminimization_timeout=1800:-Djunit_check_timeout=1800:-Dwrite_junit_timeout=300:-Dinitialization_timeout=300:-Dglobal_timeout=18000:-Dsearch_budget=100000:-Dstopping_condition=MaxStatements:-Dno_runtime_dependency=true:-Dsandbox=false:-Dp_reflection_on_private=0.0:-Dreflection_start_percent=1.0:-Dp_functional_mocking=0.0:-Dfunctional_mocking_percent=1.0:-mem=2000 -testbystep  -ignoredtestcases org.apache.commons.lang.LocaleUtilsTest  -excludeRegression  -maxgen 100000000 ;echo "

Node: `hostname`
";echo "
Date: `date`
"; find /tmp/chart_21_Genprog_local_s1/outputMutation -name "*.class" -type f -delete;echo "removed classes 
"; find . -name bin  -type d -print0|xargs -0 rm -r --; zip -r -q out.zip /tmp/chart_21_Genprog_local_s1/outputMutation; echo "zipped 
";cp out.zip /home/mmartinez/defects4j-repair/src/python/core/../../../results/2016-june/Chart/seed/27/package/21/Genprog; echo "copied zip 
";rm -rf /tmp/chart_21_Genprog_local_s1;

[DEBUG] fr.inria.astor.core.loop.AstorCoreEngine.showResults(AstorCoreEngine.java:136) - End Repair Loops: Found solution
[DEBUG] fr.inria.astor.core.loop.AstorCoreEngine.showResults(AstorCoreEngine.java:137) - Solution stored at: /tmp/chart_21_Genprog_local_s1/./outputMutation/AstorMain-Chart//src/
[DEBUG] fr.inria.astor.core.loop.AstorCoreEngine.showResults(AstorCoreEngine.java:142) - 
Number solutions:17
[DEBUG] fr.inria.astor.core.loop.AstorCoreEngine.showResults(AstorCoreEngine.java:144) - f (sol): 5.0, [Variant id: 858 (SOL) , #gens: 68, #ops: 1, parent:857]
[DEBUG] fr.inria.astor.core.loop.AstorCoreEngine.showResults(AstorCoreEngine.java:144) - f (sol): 10.0, [Variant id: 884 (SOL) , #gens: 69, #ops: 1, parent:883]
[DEBUG] fr.inria.astor.core.loop.AstorCoreEngine.showResults(AstorCoreEngine.java:144) - f (sol): 5.0, [Variant id: 1422 (SOL) , #gens: 68, #ops: 1, parent:1421]
[DEBUG] fr.inria.astor.core.loop.AstorCoreEngine.showResults(AstorCoreEngine.java:144) - f (sol): 5.0, [Variant id: 1486 (SOL) , #gens: 68, #ops: 1, parent:1485]
[DEBUG] fr.inria.astor.core.loop.AstorCoreEngine.showResults(AstorCoreEngine.java:144) - f (sol): 5.0, [Variant id: 2248 (SOL) , #gens: 68, #ops: 1, parent:2247]
[DEBUG] fr.inria.astor.core.loop.AstorCoreEngine.showResults(AstorCoreEngine.java:144) - f (sol): 5.0, [Variant id: 2306 (SOL) , #gens: 69, #ops: 1, parent:2305]
[DEBUG] fr.inria.astor.core.loop.AstorCoreEngine.showResults(AstorCoreEngine.java:144) - f (sol): 5.0, [Variant id: 2568 (SOL) , #gens: 68, #ops: 1, parent:2567]
[DEBUG] fr.inria.astor.core.loop.AstorCoreEngine.showResults(AstorCoreEngine.java:144) - f (sol): 5.0, [Variant id: 2864 (SOL) , #gens: 68, #ops: 1, parent:2863]
[DEBUG] fr.inria.astor.core.loop.AstorCoreEngine.showResults(AstorCoreEngine.java:144) - f (sol): 5.0, [Variant id: 3088 (SOL) , #gens: 68, #ops: 1, parent:3087]
[DEBUG] fr.inria.astor.core.loop.AstorCoreEngine.showResults(AstorCoreEngine.java:144) - f (sol): 5.0, [Variant id: 3534 (SOL) , #gens: 68, #ops: 1, parent:3533]
[DEBUG] fr.inria.astor.core.loop.AstorCoreEngine.showResults(AstorCoreEngine.java:144) - f (sol): 5.0, [Variant id: 3876 (SOL) , #gens: 68, #ops: 1, parent:3875]
[DEBUG] fr.inria.astor.core.loop.AstorCoreEngine.showResults(AstorCoreEngine.java:144) - f (sol): 5.0, [Variant id: 3932 (SOL) , #gens: 68, #ops: 1, parent:3931]
[DEBUG] fr.inria.astor.core.loop.AstorCoreEngine.showResults(AstorCoreEngine.java:144) - f (sol): 5.0, [Variant id: 4922 (SOL) , #gens: 68, #ops: 1, parent:4921]
[DEBUG] fr.inria.astor.core.loop.AstorCoreEngine.showResults(AstorCoreEngine.java:144) - f (sol): 5.0, [Variant id: 5056 (SOL) , #gens: 68, #ops: 1, parent:5055]
[DEBUG] fr.inria.astor.core.loop.AstorCoreEngine.showResults(AstorCoreEngine.java:144) - f (sol): 5.0, [Variant id: 5354 (SOL) , #gens: 68, #ops: 1, parent:5353]
[DEBUG] fr.inria.astor.core.loop.AstorCoreEngine.showResults(AstorCoreEngine.java:144) - f (sol): 5.0, [Variant id: 5436 (SOL) , #gens: 68, #ops: 1, parent:5435]
[DEBUG] fr.inria.astor.core.loop.AstorCoreEngine.showResults(AstorCoreEngine.java:144) - f (sol): 5.0, [Variant id: 5794 (SOL) , #gens: 68, #ops: 1, parent:5793]
[DEBUG] fr.inria.astor.core.loop.AstorCoreEngine.showResults(AstorCoreEngine.java:146) - 
All variants:
[DEBUG] fr.inria.astor.core.loop.AstorCoreEngine.showResults(AstorCoreEngine.java:148) - f 1.0, [Variant id: 5799, #gens: 69, #ops: 0, parent:-]
[INFO ] fr.inria.astor.core.loop.AstorCoreEngine.showResults(AstorCoreEngine.java:152) - 
Solution details
[INFO ] fr.inria.astor.core.loop.AstorCoreEngine.showResults(AstorCoreEngine.java:153) - 
 --SOLUTIONS DESCRIPTION--

 ----
ProgramVariant 858
 
time(sec)= 936
operation: RemoveOp
location= org.jfree.data.Range
line= 334
lineSuspiciousness= 0.109
original statement= if (!((org.jfree.data.Range.this.lower) == (range.lower))) {
	return false;
} 
fixed statement= 
generation= 429
ingredientScope= -
validation=
failing: |true|0|8|[]|
manual_regression: |false|4|3303|[testEquals(org.jfree.data.junit.RangeTests): null-, testEquals(org.jfree.data.junit.RangeTests): null-, testEquals(org.jfree.data.time.junit.DateRangeTests): null-, testEquals(org.jfree.data.time.junit.DateRangeTests): null-]|
evo_regression: |false|1|55|[test36(org.jfree.data.Range_ESTest): null-]|
 ----
ProgramVariant 884
 
time(sec)= 1124
operation: ReplaceOp
location= org.jfree.data.Range
line= 335
lineSuspiciousness= 0.408
original statement= return false
fixed statement= return true
generation= 442
ingredientScope= PACKAGE
validation=
failing: |true|0|8|[]|
manual_regression: |false|8|3303|[testEquals(org.jfree.chart.axis.junit.ValueAxisTests): null-, testEquals(org.jfree.chart.axis.junit.ValueAxisTests): null-, testEquals(org.jfree.chart.plot.junit.MeterPlotTests): null-, testEquals(org.jfree.chart.plot.junit.MeterPlotTests): null-, testEquals(org.jfree.data.junit.RangeTests): null-, testEquals(org.jfree.data.junit.RangeTests): null-, testEquals(org.jfree.data.time.junit.DateRangeTests): null-, testEquals(org.jfree.data.time.junit.DateRangeTests): null-]|
evo_regression: |false|2|55|[test02(org.jfree.data.Range_ESTest): null-, test36(org.jfree.data.Range_ESTest): null-]|
 ----
ProgramVariant 1422
 
time(sec)= 1730
operation: RemoveOp
location= org.jfree.data.Range
line= 335
lineSuspiciousness= 0.408
original statement= return false
fixed statement= 
generation= 711
ingredientScope= -
validation=
failing: |true|0|8|[]|
manual_regression: |false|4|3303|[testEquals(org.jfree.data.junit.RangeTests): null-, testEquals(org.jfree.data.junit.RangeTests): null-, testEquals(org.jfree.data.time.junit.DateRangeTests): null-, testEquals(org.jfree.data.time.junit.DateRangeTests): null-]|
evo_regression: |false|1|55|[test36(org.jfree.data.Range_ESTest): null-]|
 ----
ProgramVariant 1486
 
time(sec)= 1949
operation: RemoveOp
location= org.jfree.data.Range
line= 335
lineSuspiciousness= 0.408
original statement= return false
fixed statement= 
generation= 743
ingredientScope= -
validation=
failing: |true|0|8|[]|
manual_regression: |false|4|3303|[testEquals(org.jfree.data.junit.RangeTests): null-, testEquals(org.jfree.data.junit.RangeTests): null-, testEquals(org.jfree.data.time.junit.DateRangeTests): null-, testEquals(org.jfree.data.time.junit.DateRangeTests): null-]|
evo_regression: |false|1|55|[test36(org.jfree.data.Range_ESTest): null-]|
 ----
ProgramVariant 2248
 
time(sec)= 2786
operation: RemoveOp
location= org.jfree.data.Range
line= 335
lineSuspiciousness= 0.408
original statement= return false
fixed statement= 
generation= 1124
ingredientScope= -
validation=
failing: |true|0|8|[]|
manual_regression: |false|4|3303|[testEquals(org.jfree.data.junit.RangeTests): null-, testEquals(org.jfree.data.junit.RangeTests): null-, testEquals(org.jfree.data.time.junit.DateRangeTests): null-, testEquals(org.jfree.data.time.junit.DateRangeTests): null-]|
evo_regression: |false|1|55|[test36(org.jfree.data.Range_ESTest): null-]|
 ----
ProgramVariant 2306
 
time(sec)= 2985
operation: ReplaceOp
location= org.jfree.data.Range
line= 334
lineSuspiciousness= 0.109
original statement= if (!((org.jfree.data.Range.this.lower) == (range.lower))) {
	return false;
} 
fixed statement= if (range == null) {
	throw new java.lang.IllegalArgumentException("Null 'range' argument.");
} 
generation= 1153
ingredientScope= LOCAL
validation=
failing: |true|0|8|[]|
manual_regression: |false|4|3303|[testEquals(org.jfree.data.junit.RangeTests): null-, testEquals(org.jfree.data.junit.RangeTests): null-, testEquals(org.jfree.data.time.junit.DateRangeTests): null-, testEquals(org.jfree.data.time.junit.DateRangeTests): null-]|
evo_regression: |false|1|55|[test36(org.jfree.data.Range_ESTest): null-]|
 ----
ProgramVariant 2568
 
time(sec)= 3375
operation: RemoveOp
location= org.jfree.data.Range
line= 334
lineSuspiciousness= 0.109
original statement= if (!((org.jfree.data.Range.this.lower) == (range.lower))) {
	return false;
} 
fixed statement= 
generation= 1284
ingredientScope= -
validation=
failing: |true|0|8|[]|
manual_regression: |false|4|3303|[testEquals(org.jfree.data.junit.RangeTests): null-, testEquals(org.jfree.data.junit.RangeTests): null-, testEquals(org.jfree.data.time.junit.DateRangeTests): null-, testEquals(org.jfree.data.time.junit.DateRangeTests): null-]|
evo_regression: |false|1|55|[test36(org.jfree.data.Range_ESTest): null-]|
 ----
ProgramVariant 2864
 
time(sec)= 3780
operation: RemoveOp
location= org.jfree.data.Range
line= 335
lineSuspiciousness= 0.408
original statement= return false
fixed statement= 
generation= 1432
ingredientScope= -
validation=
failing: |true|0|8|[]|
manual_regression: |false|4|3303|[testEquals(org.jfree.data.junit.RangeTests): null-, testEquals(org.jfree.data.junit.RangeTests): null-, testEquals(org.jfree.data.time.junit.DateRangeTests): null-, testEquals(org.jfree.data.time.junit.DateRangeTests): null-]|
evo_regression: |false|1|55|[test36(org.jfree.data.Range_ESTest): null-]|
 ----
ProgramVariant 3088
 
time(sec)= 4127
operation: RemoveOp
location= org.jfree.data.Range
line= 335
lineSuspiciousness= 0.408
original statement= return false
fixed statement= 
generation= 1544
ingredientScope= -
validation=
failing: |true|0|8|[]|
manual_regression: |false|4|3303|[testEquals(org.jfree.data.junit.RangeTests): null-, testEquals(org.jfree.data.junit.RangeTests): null-, testEquals(org.jfree.data.time.junit.DateRangeTests): null-, testEquals(org.jfree.data.time.junit.DateRangeTests): null-]|
evo_regression: |false|1|55|[test36(org.jfree.data.Range_ESTest): null-]|
 ----
ProgramVariant 3534
 
time(sec)= 4570
operation: RemoveOp
location= org.jfree.data.Range
line= 335
lineSuspiciousness= 0.408
original statement= return false
fixed statement= 
generation= 1767
ingredientScope= -
validation=
failing: |true|0|8|[]|
manual_regression: |false|4|3303|[testEquals(org.jfree.data.junit.RangeTests): null-, testEquals(org.jfree.data.junit.RangeTests): null-, testEquals(org.jfree.data.time.junit.DateRangeTests): null-, testEquals(org.jfree.data.time.junit.DateRangeTests): null-]|
evo_regression: |false|1|55|[test36(org.jfree.data.Range_ESTest): null-]|
 ----
ProgramVariant 3876
 
time(sec)= 4958
operation: RemoveOp
location= org.jfree.data.Range
line= 335
lineSuspiciousness= 0.408
original statement= return false
fixed statement= 
generation= 1938
ingredientScope= -
validation=
failing: |true|0|8|[]|
manual_regression: |false|4|3303|[testEquals(org.jfree.data.junit.RangeTests): null-, testEquals(org.jfree.data.junit.RangeTests): null-, testEquals(org.jfree.data.time.junit.DateRangeTests): null-, testEquals(org.jfree.data.time.junit.DateRangeTests): null-]|
evo_regression: |false|1|55|[test36(org.jfree.data.Range_ESTest): null-]|
 ----
ProgramVariant 3932
 
time(sec)= 5170
operation: RemoveOp
location= org.jfree.data.Range
line= 334
lineSuspiciousness= 0.109
original statement= if (!((org.jfree.data.Range.this.lower) == (range.lower))) {
	return false;
} 
fixed statement= 
generation= 1966
ingredientScope= -
validation=
failing: |true|0|8|[]|
manual_regression: |false|4|3303|[testEquals(org.jfree.data.junit.RangeTests): null-, testEquals(org.jfree.data.junit.RangeTests): null-, testEquals(org.jfree.data.time.junit.DateRangeTests): null-, testEquals(org.jfree.data.time.junit.DateRangeTests): null-]|
evo_regression: |false|1|55|[test36(org.jfree.data.Range_ESTest): null-]|
 ----
ProgramVariant 4922
 
time(sec)= 6014
operation: RemoveOp
location= org.jfree.data.Range
line= 335
lineSuspiciousness= 0.408
original statement= return false
fixed statement= 
generation= 2461
ingredientScope= -
validation=
failing: |true|0|8|[]|
manual_regression: |false|4|3303|[testEquals(org.jfree.data.junit.RangeTests): null-, testEquals(org.jfree.data.junit.RangeTests): null-, testEquals(org.jfree.data.time.junit.DateRangeTests): null-, testEquals(org.jfree.data.time.junit.DateRangeTests): null-]|
evo_regression: |false|1|55|[test36(org.jfree.data.Range_ESTest): null-]|
 ----
ProgramVariant 5056
 
time(sec)= 6265
operation: RemoveOp
location= org.jfree.data.Range
line= 335
lineSuspiciousness= 0.408
original statement= return false
fixed statement= 
generation= 2528
ingredientScope= -
validation=
failing: |true|0|8|[]|
manual_regression: |false|4|3303|[testEquals(org.jfree.data.junit.RangeTests): null-, testEquals(org.jfree.data.junit.RangeTests): null-, testEquals(org.jfree.data.time.junit.DateRangeTests): null-, testEquals(org.jfree.data.time.junit.DateRangeTests): null-]|
evo_regression: |false|1|55|[test36(org.jfree.data.Range_ESTest): null-]|
 ----
ProgramVariant 5354
 
time(sec)= 6635
operation: RemoveOp
location= org.jfree.data.Range
line= 335
lineSuspiciousness= 0.408
original statement= return false
fixed statement= 
generation= 2677
ingredientScope= -
validation=
failing: |true|0|8|[]|
manual_regression: |false|4|3303|[testEquals(org.jfree.data.junit.RangeTests): null-, testEquals(org.jfree.data.junit.RangeTests): null-, testEquals(org.jfree.data.time.junit.DateRangeTests): null-, testEquals(org.jfree.data.time.junit.DateRangeTests): null-]|
evo_regression: |false|1|55|[test36(org.jfree.data.Range_ESTest): null-]|
 ----
ProgramVariant 5436
 
time(sec)= 6858
operation: RemoveOp
location= org.jfree.data.Range
line= 335
lineSuspiciousness= 0.408
original statement= return false
fixed statement= 
generation= 2718
ingredientScope= -
validation=
failing: |true|0|8|[]|
manual_regression: |false|4|3303|[testEquals(org.jfree.data.junit.RangeTests): null-, testEquals(org.jfree.data.junit.RangeTests): null-, testEquals(org.jfree.data.time.junit.DateRangeTests): null-, testEquals(org.jfree.data.time.junit.DateRangeTests): null-]|
evo_regression: |false|1|55|[test36(org.jfree.data.Range_ESTest): null-]|
 ----
ProgramVariant 5794
 
time(sec)= 7258
operation: RemoveOp
location= org.jfree.data.Range
line= 334
lineSuspiciousness= 0.109
original statement= if (!((org.jfree.data.Range.this.lower) == (range.lower))) {
	return false;
} 
fixed statement= 
generation= 2897
ingredientScope= -
validation=
failing: |true|0|8|[]|
manual_regression: |false|4|3303|[testEquals(org.jfree.data.junit.RangeTests): null-, testEquals(org.jfree.data.junit.RangeTests): null-, testEquals(org.jfree.data.time.junit.DateRangeTests): null-, testEquals(org.jfree.data.time.junit.DateRangeTests): null-]|
evo_regression: |false|1|55|[test36(org.jfree.data.Range_ESTest): null-]|
[INFO ] fr.inria.main.evolution.AstorMain.run(AstorMain.java:397) - Time Total(s): 7307.556


Node: graphene-103.nancy.grid5000.fr


Date: Sat Jan 28 17:34:49 CET 2017

removed classes 

zipped 

copied zip 


