seed AstorRun 14 
export PATH="/home/mmartinez/defects4j/framework/bin:$PATH";export JAVA_TOOL_OPTIONS=-Dfile.encoding=UTF8;export PATH="/usr/lib/jvm/java-1.7.0-openjdk-amd64/bin/:$PATH";cd /home/mmartinez/projects/math/math_28;defects4j compile;cp -r /home/mmartinez/projects/math/math_28 /tmp/math_28_Genprog_local_s1;cd /tmp/math_28_Genprog_local_s1;mkdir lib/;cp -r /home/mmartinez/defects4j/framework/projects/lib/* lib/;cp -r /home/mmartinez/defects4j/framework/projects/Math/lib/* lib/;find . -type f -name "package-info.java" -delete;
/home/mmartinez/defects4j-repair/src/python/core/../../../results/2016-june/Math/seed/14/package/28/Genprog/result
cd /tmp/math_28_Genprog_local_s1;export JAVA_TOOL_OPTIONS=-Dfile.encoding=UTF8;TZ="America/New_York"; export TZexport PATH="/usr/lib/jvm/java-1.7.0-openjdk-amd64/bin/:$PATH";time /home/mmartinez/jdk1.8.0_45/bin//java -Xmx4096m -cp /home/mmartinez/defects4j-repair/src/python/core/../../..//libs/astor.jar fr.inria.main.evolution.MainjGenProg -mode statement -location . -id Math -dependencies lib/ -failing org.apache.commons.math3.optimization.linear.SimplexSolverTest: -package org.apache.commons -jvm4testexecution /usr/lib/jvm/java-1.7.0-openjdk-amd64/bin/ -jvm4evosuitetestexecution /home/mmartinez/jdk1.8.0_45/bin/ -javacompliancelevel 5 -maxgen 1000000 -seed 14 -scope package -maxtime 120  -stopfirst false -population 1 -srcjavafolder src/main/java/ -srctestfolder src/test/java/ -binjavafolder target/classes/ -bintestfolder target/test-classes/ -flthreshold 0.1  -validation  fr.inria.astor.core.validation.validators.RegressionValidation  -ESParameters -Dassertion_timeout=1800:-Dminimization_timeout=1800:-Djunit_check_timeout=1800:-Dwrite_junit_timeout=300:-Dinitialization_timeout=300:-Dglobal_timeout=18000:-Dsearch_budget=100000:-Dstopping_condition=MaxStatements:-Dno_runtime_dependency=true:-Dsandbox=false:-Dp_reflection_on_private=0.0:-Dreflection_start_percent=1.0:-Dp_functional_mocking=0.0:-Dfunctional_mocking_percent=1.0:-mem=2000 -ignoredtestcases org.apache.commons.lang.LocaleUtilsTest  -excludeRegression  -maxgen 100000000 ;echo "

Node: `hostname`
";echo "
Date: `date`
"; find /tmp/math_28_Genprog_local_s1/outputMutation -name "*.class" -type f -delete;echo "removed classes 
"; find . -name bin  -type d -print0|xargs -0 rm -r --; zip -r -q out.zip /tmp/math_28_Genprog_local_s1/outputMutation; echo "zipped 
";cp out.zip /home/mmartinez/defects4j-repair/src/python/core/../../../results/2016-june/Math/seed/14/package/28/Genprog; echo "copied zip 
";rm -rf /tmp/math_28_Genprog_local_s1;

[DEBUG] fr.inria.astor.core.loop.AstorCoreEngine.showResults(AstorCoreEngine.java:136) - End Repair Loops: Found solution
[DEBUG] fr.inria.astor.core.loop.AstorCoreEngine.showResults(AstorCoreEngine.java:137) - Solution stored at: /tmp/math_28_Genprog_local_s1/./outputMutation/AstorMain-Math//src/
[DEBUG] fr.inria.astor.core.loop.AstorCoreEngine.showResults(AstorCoreEngine.java:142) - 
Number solutions:15
[DEBUG] fr.inria.astor.core.loop.AstorCoreEngine.showResults(AstorCoreEngine.java:144) - f (sol): 0.0, [Variant id: 186 (SOL) , #gens: 217, #ops: 1, parent:185]
[DEBUG] fr.inria.astor.core.loop.AstorCoreEngine.showResults(AstorCoreEngine.java:144) - f (sol): 0.0, [Variant id: 208 (SOL) , #gens: 218, #ops: 1, parent:207]
[DEBUG] fr.inria.astor.core.loop.AstorCoreEngine.showResults(AstorCoreEngine.java:144) - f (sol): 0.0, [Variant id: 396 (SOL) , #gens: 217, #ops: 1, parent:395]
[DEBUG] fr.inria.astor.core.loop.AstorCoreEngine.showResults(AstorCoreEngine.java:144) - f (sol): 0.0, [Variant id: 400 (SOL) , #gens: 217, #ops: 1, parent:399]
[DEBUG] fr.inria.astor.core.loop.AstorCoreEngine.showResults(AstorCoreEngine.java:144) - f (sol): 0.0, [Variant id: 444 (SOL) , #gens: 217, #ops: 1, parent:443]
[DEBUG] fr.inria.astor.core.loop.AstorCoreEngine.showResults(AstorCoreEngine.java:144) - f (sol): 0.0, [Variant id: 520 (SOL) , #gens: 217, #ops: 1, parent:519]
[DEBUG] fr.inria.astor.core.loop.AstorCoreEngine.showResults(AstorCoreEngine.java:144) - f (sol): 0.0, [Variant id: 534 (SOL) , #gens: 217, #ops: 1, parent:533]
[DEBUG] fr.inria.astor.core.loop.AstorCoreEngine.showResults(AstorCoreEngine.java:144) - f (sol): 0.0, [Variant id: 584 (SOL) , #gens: 217, #ops: 1, parent:583]
[DEBUG] fr.inria.astor.core.loop.AstorCoreEngine.showResults(AstorCoreEngine.java:144) - f (sol): 0.0, [Variant id: 652 (SOL) , #gens: 217, #ops: 1, parent:651]
[DEBUG] fr.inria.astor.core.loop.AstorCoreEngine.showResults(AstorCoreEngine.java:144) - f (sol): 0.0, [Variant id: 778 (SOL) , #gens: 217, #ops: 1, parent:777]
[DEBUG] fr.inria.astor.core.loop.AstorCoreEngine.showResults(AstorCoreEngine.java:144) - f (sol): 0.0, [Variant id: 904 (SOL) , #gens: 217, #ops: 1, parent:903]
[DEBUG] fr.inria.astor.core.loop.AstorCoreEngine.showResults(AstorCoreEngine.java:144) - f (sol): 0.0, [Variant id: 926 (SOL) , #gens: 217, #ops: 1, parent:925]
[DEBUG] fr.inria.astor.core.loop.AstorCoreEngine.showResults(AstorCoreEngine.java:144) - f (sol): 0.0, [Variant id: 1252 (SOL) , #gens: 217, #ops: 1, parent:1251]
[DEBUG] fr.inria.astor.core.loop.AstorCoreEngine.showResults(AstorCoreEngine.java:144) - f (sol): 0.0, [Variant id: 1552 (SOL) , #gens: 217, #ops: 1, parent:1551]
[DEBUG] fr.inria.astor.core.loop.AstorCoreEngine.showResults(AstorCoreEngine.java:144) - f (sol): 0.0, [Variant id: 1574 (SOL) , #gens: 217, #ops: 1, parent:1573]
[DEBUG] fr.inria.astor.core.loop.AstorCoreEngine.showResults(AstorCoreEngine.java:146) - 
All variants:
[DEBUG] fr.inria.astor.core.loop.AstorCoreEngine.showResults(AstorCoreEngine.java:148) - f 1.0, [Variant id: 1815, #gens: 218, #ops: 0, parent:-]
[INFO ] fr.inria.astor.core.loop.AstorCoreEngine.showResults(AstorCoreEngine.java:152) - 
Solution details
[INFO ] fr.inria.astor.core.loop.AstorCoreEngine.showResults(AstorCoreEngine.java:153) - 
 --SOLUTIONS DESCRIPTION--

 ----
ProgramVariant 186
 
time(sec)= 819
operation: RemoveOp
location= org.apache.commons.math3.optimization.linear.SimplexSolver
line= 123
lineSuspiciousness= 0.236
original statement= if ((org.apache.commons.math3.util.Precision.equals(entry, 1.0, maxUlps)) && (row.equals(tableau.getBasicRow(column)))) {
	return row;
} 
fixed statement= 
generation= 93
ingredientScope= -
validation=
failing: |true|0|26|[]|
manual_regression: |true|0|3917|[]|
evo_regression: |true|0|7|[]|
 ----
ProgramVariant 208
 
time(sec)= 1015
operation: ReplaceOp
location= org.apache.commons.math3.optimization.linear.SimplexSolver
line= 145
lineSuspiciousness= 0.354
original statement= minIndex = i
fixed statement= minRatioPositions = new java.util.ArrayList<java.lang.Integer>()
generation= 104
ingredientScope= LOCAL
validation=
failing: |true|0|26|[]|
manual_regression: |true|0|3917|[]|
evo_regression: |true|0|7|[]|
 ----
ProgramVariant 396
 
time(sec)= 1600
operation: RemoveOp
location= org.apache.commons.math3.optimization.linear.SimplexSolver
line= 115
lineSuspiciousness= 0.144
original statement= if ((minRatioPositions.size()) > 1) {
	for (java.lang.Integer row : minRatioPositions) {
		for (int i = 0 ; i < (tableau.getNumArtificialVariables()) ; i++) {
			int column = i + (tableau.getArtificialVariableOffset());
			final double entry = tableau.getEntry(row, column);
			if ((org.apache.commons.math3.util.Precision.equals(entry, 1.0, maxUlps)) && (row.equals(tableau.getBasicRow(column)))) {
				return row;
			} 
		}
	}
	java.lang.Integer minRow = null;
	int minIndex = tableau.getWidth();
	for (java.lang.Integer row : minRatioPositions) {
		int i = tableau.getNumObjectiveFunctions();
		for ( ; (i < ((tableau.getWidth()) - 1)) && (minRow != row) ; i++) {
			if (row == (tableau.getBasicRow(i))) {
				if (i < minIndex) {
					minIndex = i;
					minRow = row;
				} 
			} 
		}
	}
	return minRow;
} 
fixed statement= 
generation= 198
ingredientScope= -
validation=
failing: |true|0|26|[]|
manual_regression: |true|0|3917|[]|
evo_regression: |true|0|7|[]|
 ----
ProgramVariant 400
 
time(sec)= 1786
operation: RemoveOp
location= org.apache.commons.math3.optimization.linear.SimplexSolver
line= 119
lineSuspiciousness= 0.224
original statement= for (java.lang.Integer row : minRatioPositions) {
	for (int i = 0 ; i < (tableau.getNumArtificialVariables()) ; i++) {
		int column = i + (tableau.getArtificialVariableOffset());
		final double entry = tableau.getEntry(row, column);
		if ((org.apache.commons.math3.util.Precision.equals(entry, 1.0, maxUlps)) && (row.equals(tableau.getBasicRow(column)))) {
			return row;
		} 
	}
}
fixed statement= 
generation= 200
ingredientScope= -
validation=
failing: |true|0|26|[]|
manual_regression: |true|0|3917|[]|
evo_regression: |true|0|7|[]|
 ----
ProgramVariant 444
 
time(sec)= 2014
operation: RemoveOp
location= org.apache.commons.math3.optimization.linear.SimplexSolver
line= 115
lineSuspiciousness= 0.144
original statement= if ((minRatioPositions.size()) > 1) {
	for (java.lang.Integer row : minRatioPositions) {
		for (int i = 0 ; i < (tableau.getNumArtificialVariables()) ; i++) {
			int column = i + (tableau.getArtificialVariableOffset());
			final double entry = tableau.getEntry(row, column);
			if ((org.apache.commons.math3.util.Precision.equals(entry, 1.0, maxUlps)) && (row.equals(tableau.getBasicRow(column)))) {
				return row;
			} 
		}
	}
	java.lang.Integer minRow = null;
	int minIndex = tableau.getWidth();
	for (java.lang.Integer row : minRatioPositions) {
		int i = tableau.getNumObjectiveFunctions();
		for ( ; (i < ((tableau.getWidth()) - 1)) && (minRow != row) ; i++) {
			if (row == (tableau.getBasicRow(i))) {
				if (i < minIndex) {
					minIndex = i;
					minRow = row;
				} 
			} 
		}
	}
	return minRow;
} 
fixed statement= 
generation= 222
ingredientScope= -
validation=
failing: |true|0|26|[]|
manual_regression: |true|0|3917|[]|
evo_regression: |true|0|7|[]|
 ----
ProgramVariant 520
 
time(sec)= 2398
operation: RemoveOp
location= org.apache.commons.math3.optimization.linear.SimplexSolver
line= 120
lineSuspiciousness= 0.224
original statement= for (int i = 0 ; i < (tableau.getNumArtificialVariables()) ; i++) {
	int column = i + (tableau.getArtificialVariableOffset());
	final double entry = tableau.getEntry(row, column);
	if ((org.apache.commons.math3.util.Precision.equals(entry, 1.0, maxUlps)) && (row.equals(tableau.getBasicRow(column)))) {
		return row;
	} 
}
fixed statement= 
generation= 260
ingredientScope= -
validation=
failing: |true|0|26|[]|
manual_regression: |true|0|3917|[]|
evo_regression: |true|0|7|[]|
 ----
ProgramVariant 534
 
time(sec)= 2605
operation: RemoveOp
location= org.apache.commons.math3.optimization.linear.SimplexSolver
line= 120
lineSuspiciousness= 0.224
original statement= for (int i = 0 ; i < (tableau.getNumArtificialVariables()) ; i++) {
	int column = i + (tableau.getArtificialVariableOffset());
	final double entry = tableau.getEntry(row, column);
	if ((org.apache.commons.math3.util.Precision.equals(entry, 1.0, maxUlps)) && (row.equals(tableau.getBasicRow(column)))) {
		return row;
	} 
}
fixed statement= 
generation= 267
ingredientScope= -
validation=
failing: |true|0|26|[]|
manual_regression: |true|0|3917|[]|
evo_regression: |true|0|7|[]|
 ----
ProgramVariant 584
 
time(sec)= 2866
operation: RemoveOp
location= org.apache.commons.math3.optimization.linear.SimplexSolver
line= 77
lineSuspiciousness= 0.144
original statement= minValue = entry
fixed statement= 
generation= 292
ingredientScope= -
validation=
failing: |true|0|26|[]|
manual_regression: |true|0|3917|[]|
evo_regression: |true|0|7|[]|
 ----
ProgramVariant 652
 
time(sec)= 3240
operation: RemoveOp
location= org.apache.commons.math3.optimization.linear.SimplexSolver
line= 145
lineSuspiciousness= 0.354
original statement= minIndex = i
fixed statement= 
generation= 326
ingredientScope= -
validation=
failing: |true|0|26|[]|
manual_regression: |true|0|3917|[]|
evo_regression: |true|0|7|[]|
 ----
ProgramVariant 778
 
time(sec)= 3707
operation: RemoveOp
location= org.apache.commons.math3.optimization.linear.SimplexSolver
line= 145
lineSuspiciousness= 0.354
original statement= minIndex = i
fixed statement= 
generation= 389
ingredientScope= -
validation=
failing: |true|0|26|[]|
manual_regression: |true|0|3917|[]|
evo_regression: |true|0|7|[]|
 ----
ProgramVariant 904
 
time(sec)= 4342
operation: RemoveOp
location= org.apache.commons.math3.optimization.linear.SimplexSolver
line= 104
lineSuspiciousness= 0.224
original statement= minRatioPositions.add(i)
fixed statement= 
generation= 452
ingredientScope= -
validation=
failing: |true|0|26|[]|
manual_regression: |true|0|3917|[]|
evo_regression: |true|0|7|[]|
 ----
ProgramVariant 926
 
time(sec)= 4550
operation: RemoveOp
location= org.apache.commons.math3.optimization.linear.SimplexSolver
line= 119
lineSuspiciousness= 0.224
original statement= for (java.lang.Integer row : minRatioPositions) {
	for (int i = 0 ; i < (tableau.getNumArtificialVariables()) ; i++) {
		int column = i + (tableau.getArtificialVariableOffset());
		final double entry = tableau.getEntry(row, column);
		if ((org.apache.commons.math3.util.Precision.equals(entry, 1.0, maxUlps)) && (row.equals(tableau.getBasicRow(column)))) {
			return row;
		} 
	}
}
fixed statement= 
generation= 463
ingredientScope= -
validation=
failing: |true|0|26|[]|
manual_regression: |true|0|3917|[]|
evo_regression: |true|0|7|[]|
 ----
ProgramVariant 1252
 
time(sec)= 5567
operation: RemoveOp
location= org.apache.commons.math3.optimization.linear.SimplexSolver
line= 119
lineSuspiciousness= 0.224
original statement= for (java.lang.Integer row : minRatioPositions) {
	for (int i = 0 ; i < (tableau.getNumArtificialVariables()) ; i++) {
		int column = i + (tableau.getArtificialVariableOffset());
		final double entry = tableau.getEntry(row, column);
		if ((org.apache.commons.math3.util.Precision.equals(entry, 1.0, maxUlps)) && (row.equals(tableau.getBasicRow(column)))) {
			return row;
		} 
	}
}
fixed statement= 
generation= 626
ingredientScope= -
validation=
failing: |true|0|26|[]|
manual_regression: |true|0|3917|[]|
evo_regression: |true|0|7|[]|
 ----
ProgramVariant 1552
 
time(sec)= 6548
operation: RemoveOp
location= org.apache.commons.math3.optimization.linear.SimplexSolver
line= 123
lineSuspiciousness= 0.236
original statement= if ((org.apache.commons.math3.util.Precision.equals(entry, 1.0, maxUlps)) && (row.equals(tableau.getBasicRow(column)))) {
	return row;
} 
fixed statement= 
generation= 776
ingredientScope= -
validation=
failing: |true|0|26|[]|
manual_regression: |true|0|3917|[]|
evo_regression: |true|0|7|[]|
 ----
ProgramVariant 1574
 
time(sec)= 6761
operation: RemoveOp
location= org.apache.commons.math3.optimization.linear.SimplexSolver
line= 104
lineSuspiciousness= 0.224
original statement= minRatioPositions.add(i)
fixed statement= 
generation= 787
ingredientScope= -
validation=
failing: |true|0|26|[]|
manual_regression: |true|0|3917|[]|
evo_regression: |true|0|7|[]|
[INFO ] fr.inria.main.evolution.AstorMain.run(AstorMain.java:397) - Time Total(s): 8252.506


Node: graphene-73.nancy.grid5000.fr


Date: Sun Jan 15 17:28:08 CET 2017

removed classes 

zipped 

copied zip 


